[1.021s] Invoking command in '/home/hunajpu/dev_tt_ws/build/ur5_ros2_gazebo': CMAKE_PREFIX_PATH=${CMAKE_PREFIX_PATH}:/opt/ros/foxy /usr/bin/cmake --build /home/hunajpu/dev_tt_ws/build/ur5_ros2_gazebo -- -j8 -l8
[1.173s] Invoked command in '/home/hunajpu/dev_tt_ws/build/ur5_ros2_gazebo' returned '0': CMAKE_PREFIX_PATH=${CMAKE_PREFIX_PATH}:/opt/ros/foxy /usr/bin/cmake --build /home/hunajpu/dev_tt_ws/build/ur5_ros2_gazebo -- -j8 -l8
[1.280s] Invoking command in '/home/hunajpu/dev_tt_ws/build/ur5_ros2_gazebo': CMAKE_PREFIX_PATH=${CMAKE_PREFIX_PATH}:/opt/ros/foxy /usr/bin/cmake --install /home/hunajpu/dev_tt_ws/build/ur5_ros2_gazebo
[1.304s] -- Install configuration: "Debug"
[1.307s] -- Execute custom install script
[1.311s] -- Up-to-date symlink: /home/hunajpu/dev_tt_ws/install/ur5_ros2_gazebo/share/ur5_ros2_gazebo/config/default_kinematics.yaml
[1.312s] -- Up-to-date symlink: /home/hunajpu/dev_tt_ws/install/ur5_ros2_gazebo/share/ur5_ros2_gazebo/config/initial_positions.yaml
[1.313s] -- Up-to-date symlink: /home/hunajpu/dev_tt_ws/install/ur5_ros2_gazebo/share/ur5_ros2_gazebo/config/joint_limits.yaml
[1.314s] -- Up-to-date symlink: /home/hunajpu/dev_tt_ws/install/ur5_ros2_gazebo/share/ur5_ros2_gazebo/config/physical_parameters.yaml
[1.316s] -- Up-to-date symlink: /home/hunajpu/dev_tt_ws/install/ur5_ros2_gazebo/share/ur5_ros2_gazebo/config/ur5_controller.yaml
[1.316s] -- Up-to-date symlink: /home/hunajpu/dev_tt_ws/install/ur5_ros2_gazebo/share/ur5_ros2_gazebo/config/visual_parameters.yaml
[1.318s] -- Up-to-date symlink: /home/hunajpu/dev_tt_ws/install/ur5_ros2_gazebo/share/ur5_ros2_gazebo/launch/ur5_simulation.launch.py
[1.319s] -- Up-to-date symlink: /home/hunajpu/dev_tt_ws/install/ur5_ros2_gazebo/share/ur5_ros2_gazebo/urdf/ur5.urdf.xacro
[1.319s] -- Up-to-date symlink: /home/hunajpu/dev_tt_ws/install/ur5_ros2_gazebo/share/ur5_ros2_gazebo/urdf/ur5_common.xacro
[1.319s] -- Up-to-date symlink: /home/hunajpu/dev_tt_ws/install/ur5_ros2_gazebo/share/ur5_ros2_gazebo/urdf/ur5_gazebo.xacro
[1.321s] -- Up-to-date symlink: /home/hunajpu/dev_tt_ws/install/ur5_ros2_gazebo/share/ur5_ros2_gazebo/urdf/ur5_macro.urdf.xacro
[1.321s] -- Up-to-date symlink: /home/hunajpu/dev_tt_ws/install/ur5_ros2_gazebo/share/ur5_ros2_gazebo/urdf/ur5_transmission.xacro
[1.322s] -- Up-to-date symlink: /home/hunajpu/dev_tt_ws/install/ur5_ros2_gazebo/share/ur5_ros2_gazebo/worlds/ur5.world
[1.323s] -- Up-to-date symlink: /home/hunajpu/dev_tt_ws/install/ur5_ros2_gazebo/share/ur5_ros2_gazebo/meshes/collision/base.stl
[1.323s] -- Up-to-date symlink: /home/hunajpu/dev_tt_ws/install/ur5_ros2_gazebo/share/ur5_ros2_gazebo/meshes/collision/forearm.stl
[1.323s] -- Up-to-date symlink: /home/hunajpu/dev_tt_ws/install/ur5_ros2_gazebo/share/ur5_ros2_gazebo/meshes/collision/shoulder.stl
[1.324s] -- Up-to-date symlink: /home/hunajpu/dev_tt_ws/install/ur5_ros2_gazebo/share/ur5_ros2_gazebo/meshes/collision/upperarm.stl
[1.325s] -- Up-to-date symlink: /home/hunajpu/dev_tt_ws/install/ur5_ros2_gazebo/share/ur5_ros2_gazebo/meshes/collision/wrist1.stl
[1.325s] -- Up-to-date symlink: /home/hunajpu/dev_tt_ws/install/ur5_ros2_gazebo/share/ur5_ros2_gazebo/meshes/collision/wrist2.stl
[1.326s] -- Up-to-date symlink: /home/hunajpu/dev_tt_ws/install/ur5_ros2_gazebo/share/ur5_ros2_gazebo/meshes/collision/wrist3.stl
[1.328s] -- Up-to-date symlink: /home/hunajpu/dev_tt_ws/install/ur5_ros2_gazebo/share/ur5_ros2_gazebo/meshes/visual/base.dae
[1.329s] -- Up-to-date symlink: /home/hunajpu/dev_tt_ws/install/ur5_ros2_gazebo/share/ur5_ros2_gazebo/meshes/visual/forearm.dae
[1.329s] -- Up-to-date symlink: /home/hunajpu/dev_tt_ws/install/ur5_ros2_gazebo/share/ur5_ros2_gazebo/meshes/visual/shoulder.dae
[1.329s] -- Up-to-date symlink: /home/hunajpu/dev_tt_ws/install/ur5_ros2_gazebo/share/ur5_ros2_gazebo/meshes/visual/upperarm.dae
[1.329s] -- Up-to-date symlink: /home/hunajpu/dev_tt_ws/install/ur5_ros2_gazebo/share/ur5_ros2_gazebo/meshes/visual/wrist1.dae
[1.329s] -- Up-to-date symlink: /home/hunajpu/dev_tt_ws/install/ur5_ros2_gazebo/share/ur5_ros2_gazebo/meshes/visual/wrist2.dae
[1.330s] -- Up-to-date symlink: /home/hunajpu/dev_tt_ws/install/ur5_ros2_gazebo/share/ur5_ros2_gazebo/meshes/visual/wrist3.dae
[1.330s] -- Up-to-date symlink: /home/hunajpu/dev_tt_ws/install/ur5_ros2_gazebo/share/ament_index/resource_index/package_run_dependencies/ur5_ros2_gazebo
[1.330s] -- Up-to-date symlink: /home/hunajpu/dev_tt_ws/install/ur5_ros2_gazebo/share/ament_index/resource_index/parent_prefix_path/ur5_ros2_gazebo
[1.331s] -- Up-to-date symlink: /home/hunajpu/dev_tt_ws/install/ur5_ros2_gazebo/share/ur5_ros2_gazebo/environment/ament_prefix_path.sh
[1.331s] -- Up-to-date symlink: /home/hunajpu/dev_tt_ws/install/ur5_ros2_gazebo/share/ur5_ros2_gazebo/environment/ament_prefix_path.dsv
[1.334s] -- Up-to-date symlink: /home/hunajpu/dev_tt_ws/install/ur5_ros2_gazebo/share/ur5_ros2_gazebo/environment/path.sh
[1.334s] -- Up-to-date symlink: /home/hunajpu/dev_tt_ws/install/ur5_ros2_gazebo/share/ur5_ros2_gazebo/environment/path.dsv
[1.335s] -- Up-to-date symlink: /home/hunajpu/dev_tt_ws/install/ur5_ros2_gazebo/share/ur5_ros2_gazebo/local_setup.bash
[1.335s] -- Up-to-date symlink: /home/hunajpu/dev_tt_ws/install/ur5_ros2_gazebo/share/ur5_ros2_gazebo/local_setup.sh
[1.336s] -- Up-to-date symlink: /home/hunajpu/dev_tt_ws/install/ur5_ros2_gazebo/share/ur5_ros2_gazebo/local_setup.zsh
[1.339s] -- Up-to-date symlink: /home/hunajpu/dev_tt_ws/install/ur5_ros2_gazebo/share/ur5_ros2_gazebo/local_setup.dsv
[1.339s] -- Symlinking: /home/hunajpu/dev_tt_ws/install/ur5_ros2_gazebo/share/ur5_ros2_gazebo/package.dsv
[1.458s] -- Up-to-date symlink: /home/hunajpu/dev_tt_ws/install/ur5_ros2_gazebo/share/ament_index/resource_index/packages/ur5_ros2_gazebo
[1.459s] -- Up-to-date symlink: /home/hunajpu/dev_tt_ws/install/ur5_ros2_gazebo/share/ur5_ros2_gazebo/cmake/ur5_ros2_gazeboConfig.cmake
[1.459s] -- Up-to-date symlink: /home/hunajpu/dev_tt_ws/install/ur5_ros2_gazebo/share/ur5_ros2_gazebo/cmake/ur5_ros2_gazeboConfig-version.cmake
[1.459s] -- Up-to-date symlink: /home/hunajpu/dev_tt_ws/install/ur5_ros2_gazebo/share/ur5_ros2_gazebo/package.xml
[1.459s] Invoked command in '/home/hunajpu/dev_tt_ws/build/ur5_ros2_gazebo' returned '0': CMAKE_PREFIX_PATH=${CMAKE_PREFIX_PATH}:/opt/ros/foxy /usr/bin/cmake --install /home/hunajpu/dev_tt_ws/build/ur5_ros2_gazebo
