[0.124s] Invoking command in '/home/hunajpu/dev_tt_ws/build/ur3_ros2_gazebo': CMAKE_PREFIX_PATH=${CMAKE_PREFIX_PATH}:/opt/ros/foxy /usr/bin/cmake --build /home/hunajpu/dev_tt_ws/build/ur3_ros2_gazebo -- -j8 -l8
[1.204s] Invoked command in '/home/hunajpu/dev_tt_ws/build/ur3_ros2_gazebo' returned '0': CMAKE_PREFIX_PATH=${CMAKE_PREFIX_PATH}:/opt/ros/foxy /usr/bin/cmake --build /home/hunajpu/dev_tt_ws/build/ur3_ros2_gazebo -- -j8 -l8
[3.325s] Invoking command in '/home/hunajpu/dev_tt_ws/build/ur3_ros2_gazebo': CMAKE_PREFIX_PATH=${CMAKE_PREFIX_PATH}:/opt/ros/foxy /usr/bin/cmake --install /home/hunajpu/dev_tt_ws/build/ur3_ros2_gazebo
[3.745s] -- Install configuration: "Debug"
[3.749s] -- Execute custom install script
[3.750s] -- Up-to-date symlink: /home/hunajpu/dev_tt_ws/install/ur3_ros2_gazebo/share/ur3_ros2_gazebo/config/default_kinematics.yaml
[3.761s] -- Up-to-date symlink: /home/hunajpu/dev_tt_ws/install/ur3_ros2_gazebo/share/ur3_ros2_gazebo/config/initial_positions.yaml
[3.762s] -- Up-to-date symlink: /home/hunajpu/dev_tt_ws/install/ur3_ros2_gazebo/share/ur3_ros2_gazebo/config/joint_limits.yaml
[3.763s] -- Up-to-date symlink: /home/hunajpu/dev_tt_ws/install/ur3_ros2_gazebo/share/ur3_ros2_gazebo/config/physical_parameters.yaml
[3.765s] -- Up-to-date symlink: /home/hunajpu/dev_tt_ws/install/ur3_ros2_gazebo/share/ur3_ros2_gazebo/config/ur3_controller.yaml
[3.772s] -- Up-to-date symlink: /home/hunajpu/dev_tt_ws/install/ur3_ros2_gazebo/share/ur3_ros2_gazebo/config/visual_parameters.yaml
[3.781s] -- Up-to-date symlink: /home/hunajpu/dev_tt_ws/install/ur3_ros2_gazebo/share/ur3_ros2_gazebo/launch/ur3_simulation.launch.py
[3.787s] -- Up-to-date symlink: /home/hunajpu/dev_tt_ws/install/ur3_ros2_gazebo/share/ur3_ros2_gazebo/urdf/ur3.urdf.xacro
[3.789s] -- Up-to-date symlink: /home/hunajpu/dev_tt_ws/install/ur3_ros2_gazebo/share/ur3_ros2_gazebo/urdf/ur3_common.xacro
[3.790s] -- Up-to-date symlink: /home/hunajpu/dev_tt_ws/install/ur3_ros2_gazebo/share/ur3_ros2_gazebo/urdf/ur3_gazebo.xacro
[3.801s] -- Up-to-date symlink: /home/hunajpu/dev_tt_ws/install/ur3_ros2_gazebo/share/ur3_ros2_gazebo/urdf/ur3_macro.urdf.xacro
[3.806s] -- Up-to-date symlink: /home/hunajpu/dev_tt_ws/install/ur3_ros2_gazebo/share/ur3_ros2_gazebo/urdf/ur3_transmission.xacro
[3.821s] -- Up-to-date symlink: /home/hunajpu/dev_tt_ws/install/ur3_ros2_gazebo/share/ur3_ros2_gazebo/worlds/ur3.world
[3.824s] -- Up-to-date symlink: /home/hunajpu/dev_tt_ws/install/ur3_ros2_gazebo/share/ur3_ros2_gazebo/meshes/collision/base.stl
[3.830s] -- Up-to-date symlink: /home/hunajpu/dev_tt_ws/install/ur3_ros2_gazebo/share/ur3_ros2_gazebo/meshes/collision/forearm.stl
[3.832s] -- Up-to-date symlink: /home/hunajpu/dev_tt_ws/install/ur3_ros2_gazebo/share/ur3_ros2_gazebo/meshes/collision/shoulder.stl
[3.846s] -- Up-to-date symlink: /home/hunajpu/dev_tt_ws/install/ur3_ros2_gazebo/share/ur3_ros2_gazebo/meshes/collision/upperarm.stl
[3.848s] -- Up-to-date symlink: /home/hunajpu/dev_tt_ws/install/ur3_ros2_gazebo/share/ur3_ros2_gazebo/meshes/collision/wrist1.stl
[3.851s] -- Up-to-date symlink: /home/hunajpu/dev_tt_ws/install/ur3_ros2_gazebo/share/ur3_ros2_gazebo/meshes/collision/wrist2.stl
[3.863s] -- Up-to-date symlink: /home/hunajpu/dev_tt_ws/install/ur3_ros2_gazebo/share/ur3_ros2_gazebo/meshes/collision/wrist3.stl
[3.865s] -- Up-to-date symlink: /home/hunajpu/dev_tt_ws/install/ur3_ros2_gazebo/share/ur3_ros2_gazebo/meshes/visual/base.dae
[3.866s] -- Up-to-date symlink: /home/hunajpu/dev_tt_ws/install/ur3_ros2_gazebo/share/ur3_ros2_gazebo/meshes/visual/forearm.dae
[3.868s] -- Up-to-date symlink: /home/hunajpu/dev_tt_ws/install/ur3_ros2_gazebo/share/ur3_ros2_gazebo/meshes/visual/linear_axis/simplified_dynamic_parts.stl
[3.869s] -- Up-to-date symlink: /home/hunajpu/dev_tt_ws/install/ur3_ros2_gazebo/share/ur3_ros2_gazebo/meshes/visual/linear_axis/simplified_static_parts.stl
[3.870s] -- Up-to-date symlink: /home/hunajpu/dev_tt_ws/install/ur3_ros2_gazebo/share/ur3_ros2_gazebo/meshes/visual/shoulder.dae
[3.879s] -- Up-to-date symlink: /home/hunajpu/dev_tt_ws/install/ur3_ros2_gazebo/share/ur3_ros2_gazebo/meshes/visual/upperarm.dae
[3.896s] -- Up-to-date symlink: /home/hunajpu/dev_tt_ws/install/ur3_ros2_gazebo/share/ur3_ros2_gazebo/meshes/visual/wrist1.dae
[3.899s] -- Up-to-date symlink: /home/hunajpu/dev_tt_ws/install/ur3_ros2_gazebo/share/ur3_ros2_gazebo/meshes/visual/wrist2.dae
[3.900s] -- Up-to-date symlink: /home/hunajpu/dev_tt_ws/install/ur3_ros2_gazebo/share/ur3_ros2_gazebo/meshes/visual/wrist3.dae
[3.905s] -- Up-to-date symlink: /home/hunajpu/dev_tt_ws/install/ur3_ros2_gazebo/share/ament_index/resource_index/package_run_dependencies/ur3_ros2_gazebo
[3.907s] -- Up-to-date symlink: /home/hunajpu/dev_tt_ws/install/ur3_ros2_gazebo/share/ament_index/resource_index/parent_prefix_path/ur3_ros2_gazebo
[3.910s] -- Up-to-date symlink: /home/hunajpu/dev_tt_ws/install/ur3_ros2_gazebo/share/ur3_ros2_gazebo/environment/ament_prefix_path.sh
[3.918s] -- Up-to-date symlink: /home/hunajpu/dev_tt_ws/install/ur3_ros2_gazebo/share/ur3_ros2_gazebo/environment/ament_prefix_path.dsv
[3.920s] -- Up-to-date symlink: /home/hunajpu/dev_tt_ws/install/ur3_ros2_gazebo/share/ur3_ros2_gazebo/environment/path.sh
[3.922s] -- Up-to-date symlink: /home/hunajpu/dev_tt_ws/install/ur3_ros2_gazebo/share/ur3_ros2_gazebo/environment/path.dsv
[3.926s] -- Up-to-date symlink: /home/hunajpu/dev_tt_ws/install/ur3_ros2_gazebo/share/ur3_ros2_gazebo/local_setup.bash
[3.933s] -- Up-to-date symlink: /home/hunajpu/dev_tt_ws/install/ur3_ros2_gazebo/share/ur3_ros2_gazebo/local_setup.sh
[3.936s] -- Up-to-date symlink: /home/hunajpu/dev_tt_ws/install/ur3_ros2_gazebo/share/ur3_ros2_gazebo/local_setup.zsh
[3.940s] -- Up-to-date symlink: /home/hunajpu/dev_tt_ws/install/ur3_ros2_gazebo/share/ur3_ros2_gazebo/local_setup.dsv
[3.964s] -- Symlinking: /home/hunajpu/dev_tt_ws/install/ur3_ros2_gazebo/share/ur3_ros2_gazebo/package.dsv
[3.994s] -- Up-to-date symlink: /home/hunajpu/dev_tt_ws/install/ur3_ros2_gazebo/share/ament_index/resource_index/packages/ur3_ros2_gazebo
[3.996s] -- Up-to-date symlink: /home/hunajpu/dev_tt_ws/install/ur3_ros2_gazebo/share/ur3_ros2_gazebo/cmake/ur3_ros2_gazeboConfig.cmake
[4.013s] -- Up-to-date symlink: /home/hunajpu/dev_tt_ws/install/ur3_ros2_gazebo/share/ur3_ros2_gazebo/cmake/ur3_ros2_gazeboConfig-version.cmake
[4.030s] -- Up-to-date symlink: /home/hunajpu/dev_tt_ws/install/ur3_ros2_gazebo/share/ur3_ros2_gazebo/package.xml
[4.104s] Invoked command in '/home/hunajpu/dev_tt_ws/build/ur3_ros2_gazebo' returned '0': CMAKE_PREFIX_PATH=${CMAKE_PREFIX_PATH}:/opt/ros/foxy /usr/bin/cmake --install /home/hunajpu/dev_tt_ws/build/ur3_ros2_gazebo
