-- The C compiler identification is GNU 9.4.0
-- The CXX compiler identification is GNU 9.4.0
-- Check for working C compiler: /usr/bin/cc
-- Check for working C compiler: /usr/bin/cc -- works
-- Detecting C compiler ABI info
-- Detecting C compiler ABI info - done
-- Detecting C compile features
-- Detecting C compile features - done
-- Check for working CXX compiler: /usr/bin/c++
-- Check for working CXX compiler: /usr/bin/c++ -- works
-- Detecting CXX compiler ABI info
-- Detecting CXX compiler ABI info - done
-- Detecting CXX compile features
-- Detecting CXX compile features - done
-- Found ament_cmake: 0.9.9 (/opt/ros/foxy/share/ament_cmake/cmake)
-- Found PythonInterp: /usr/bin/python3 (found suitable version "3.8.10", minimum required is "3") 
-- Using PYTHON_EXECUTABLE: /usr/bin/python3
-- Override CMake install command with custom implementation using symlinks instead of copying resources
-- Found ament_lint_auto: 0.9.6 (/opt/ros/foxy/share/ament_lint_auto/cmake)
-- Added test 'copyright' to check source files copyright and LICENSE
-- Added test 'flake8' to check Python code syntax and style conventions
-- Added test 'lint_cmake' to check CMake code style
-- Added test 'pep257' to check Python code against some of the style conventions in PEP 257
-- Added test 'xmllint' to check XML markup files
-- Configuring done
-- Generating done
-- Build files have been written to: /home/hunajpu/dev_tt_ws/build/panda_ros2_gazebo
-- Install configuration: ""
-- Execute custom install script
-- Symlinking: /home/hunajpu/dev_tt_ws/install/panda_ros2_gazebo/share/panda_ros2_gazebo/config/panda_controller.yaml
-- Symlinking: /home/hunajpu/dev_tt_ws/install/panda_ros2_gazebo/share/panda_ros2_gazebo/launch/panda_simulation.launch.py
-- Symlinking: /home/hunajpu/dev_tt_ws/install/panda_ros2_gazebo/share/panda_ros2_gazebo/urdf/panda.urdf.xacro
-- Symlinking: /home/hunajpu/dev_tt_ws/install/panda_ros2_gazebo/share/panda_ros2_gazebo/urdf/panda_gazebo.xacro
-- Symlinking: /home/hunajpu/dev_tt_ws/install/panda_ros2_gazebo/share/panda_ros2_gazebo/urdf/panda_macro.urdf.xacro
-- Symlinking: /home/hunajpu/dev_tt_ws/install/panda_ros2_gazebo/share/panda_ros2_gazebo/urdf/panda_transmission.xacro
-- Symlinking: /home/hunajpu/dev_tt_ws/install/panda_ros2_gazebo/share/panda_ros2_gazebo/worlds/panda.world
-- Symlinking: /home/hunajpu/dev_tt_ws/install/panda_ros2_gazebo/share/panda_ros2_gazebo/meshes/collision/finger.stl
-- Symlinking: /home/hunajpu/dev_tt_ws/install/panda_ros2_gazebo/share/panda_ros2_gazebo/meshes/collision/hand.stl
-- Symlinking: /home/hunajpu/dev_tt_ws/install/panda_ros2_gazebo/share/panda_ros2_gazebo/meshes/collision/link0.stl
-- Symlinking: /home/hunajpu/dev_tt_ws/install/panda_ros2_gazebo/share/panda_ros2_gazebo/meshes/collision/link1.stl
-- Symlinking: /home/hunajpu/dev_tt_ws/install/panda_ros2_gazebo/share/panda_ros2_gazebo/meshes/collision/link2.stl
-- Symlinking: /home/hunajpu/dev_tt_ws/install/panda_ros2_gazebo/share/panda_ros2_gazebo/meshes/collision/link3.stl
-- Symlinking: /home/hunajpu/dev_tt_ws/install/panda_ros2_gazebo/share/panda_ros2_gazebo/meshes/collision/link4.stl
-- Symlinking: /home/hunajpu/dev_tt_ws/install/panda_ros2_gazebo/share/panda_ros2_gazebo/meshes/collision/link5.stl
-- Symlinking: /home/hunajpu/dev_tt_ws/install/panda_ros2_gazebo/share/panda_ros2_gazebo/meshes/collision/link6.stl
-- Symlinking: /home/hunajpu/dev_tt_ws/install/panda_ros2_gazebo/share/panda_ros2_gazebo/meshes/collision/link7.stl
-- Symlinking: /home/hunajpu/dev_tt_ws/install/panda_ros2_gazebo/share/panda_ros2_gazebo/meshes/visual/finger.dae
-- Symlinking: /home/hunajpu/dev_tt_ws/install/panda_ros2_gazebo/share/panda_ros2_gazebo/meshes/visual/hand.dae
-- Symlinking: /home/hunajpu/dev_tt_ws/install/panda_ros2_gazebo/share/panda_ros2_gazebo/meshes/visual/link0.dae
-- Symlinking: /home/hunajpu/dev_tt_ws/install/panda_ros2_gazebo/share/panda_ros2_gazebo/meshes/visual/link1.dae
-- Symlinking: /home/hunajpu/dev_tt_ws/install/panda_ros2_gazebo/share/panda_ros2_gazebo/meshes/visual/link2.dae
-- Symlinking: /home/hunajpu/dev_tt_ws/install/panda_ros2_gazebo/share/panda_ros2_gazebo/meshes/visual/link3.dae
-- Symlinking: /home/hunajpu/dev_tt_ws/install/panda_ros2_gazebo/share/panda_ros2_gazebo/meshes/visual/link4.dae
-- Symlinking: /home/hunajpu/dev_tt_ws/install/panda_ros2_gazebo/share/panda_ros2_gazebo/meshes/visual/link5.dae
-- Symlinking: /home/hunajpu/dev_tt_ws/install/panda_ros2_gazebo/share/panda_ros2_gazebo/meshes/visual/link6.dae
-- Symlinking: /home/hunajpu/dev_tt_ws/install/panda_ros2_gazebo/share/panda_ros2_gazebo/meshes/visual/link7.dae
-- Symlinking: /home/hunajpu/dev_tt_ws/install/panda_ros2_gazebo/share/ament_index/resource_index/package_run_dependencies/panda_ros2_gazebo
-- Symlinking: /home/hunajpu/dev_tt_ws/install/panda_ros2_gazebo/share/ament_index/resource_index/parent_prefix_path/panda_ros2_gazebo
-- Symlinking: /home/hunajpu/dev_tt_ws/install/panda_ros2_gazebo/share/panda_ros2_gazebo/environment/ament_prefix_path.sh
-- Symlinking: /home/hunajpu/dev_tt_ws/install/panda_ros2_gazebo/share/panda_ros2_gazebo/environment/ament_prefix_path.dsv
-- Symlinking: /home/hunajpu/dev_tt_ws/install/panda_ros2_gazebo/share/panda_ros2_gazebo/environment/path.sh
-- Symlinking: /home/hunajpu/dev_tt_ws/install/panda_ros2_gazebo/share/panda_ros2_gazebo/environment/path.dsv
-- Symlinking: /home/hunajpu/dev_tt_ws/install/panda_ros2_gazebo/share/panda_ros2_gazebo/local_setup.bash
-- Symlinking: /home/hunajpu/dev_tt_ws/install/panda_ros2_gazebo/share/panda_ros2_gazebo/local_setup.sh
-- Symlinking: /home/hunajpu/dev_tt_ws/install/panda_ros2_gazebo/share/panda_ros2_gazebo/local_setup.zsh
-- Symlinking: /home/hunajpu/dev_tt_ws/install/panda_ros2_gazebo/share/panda_ros2_gazebo/local_setup.dsv
-- Symlinking: /home/hunajpu/dev_tt_ws/install/panda_ros2_gazebo/share/panda_ros2_gazebo/package.dsv
-- Symlinking: /home/hunajpu/dev_tt_ws/install/panda_ros2_gazebo/share/ament_index/resource_index/packages/panda_ros2_gazebo
-- Symlinking: /home/hunajpu/dev_tt_ws/install/panda_ros2_gazebo/share/panda_ros2_gazebo/cmake/panda_ros2_gazeboConfig.cmake
-- Symlinking: /home/hunajpu/dev_tt_ws/install/panda_ros2_gazebo/share/panda_ros2_gazebo/cmake/panda_ros2_gazeboConfig-version.cmake
-- Symlinking: /home/hunajpu/dev_tt_ws/install/panda_ros2_gazebo/share/panda_ros2_gazebo/package.xml
