[0.034s] Invoking command in '/home/hunajpu/dev_tt_ws/build/panda_ros2_gazebo': CMAKE_PREFIX_PATH=${CMAKE_PREFIX_PATH}:/opt/ros/foxy /usr/bin/cmake /home/hunajpu/dev_tt_ws/src/ros2_RobotSimulation/PandaRobot/panda_ros2_gazebo -DAMENT_CMAKE_SYMLINK_INSTALL=1 -DCMAKE_INSTALL_PREFIX=/home/hunajpu/dev_tt_ws/install/panda_ros2_gazebo
[0.207s] -- The C compiler identification is GNU 9.4.0
[0.354s] -- The CXX compiler identification is GNU 9.4.0
[0.364s] -- Check for working C compiler: /usr/bin/cc
[0.574s] -- Check for working C compiler: /usr/bin/cc -- works
[0.575s] -- Detecting C compiler ABI info
[0.717s] -- Detecting C compiler ABI info - done
[0.761s] -- Detecting C compile features
[0.768s] -- Detecting C compile features - done
[0.788s] -- Check for working CXX compiler: /usr/bin/c++
[0.992s] -- Check for working CXX compiler: /usr/bin/c++ -- works
[0.992s] -- Detecting CXX compiler ABI info
[1.179s] -- Detecting CXX compiler ABI info - done
[1.227s] -- Detecting CXX compile features
[1.229s] -- Detecting CXX compile features - done
[1.234s] -- Found ament_cmake: 0.9.9 (/opt/ros/foxy/share/ament_cmake/cmake)
[1.312s] -- Found PythonInterp: /usr/bin/python3 (found suitable version "3.8.10", minimum required is "3") 
[1.313s] -- Using PYTHON_EXECUTABLE: /usr/bin/python3
[1.785s] -- Override CMake install command with custom implementation using symlinks instead of copying resources
[1.847s] -- Found ament_lint_auto: 0.9.6 (/opt/ros/foxy/share/ament_lint_auto/cmake)
[2.026s] -- Added test 'copyright' to check source files copyright and LICENSE
[2.032s] -- Added test 'flake8' to check Python code syntax and style conventions
[2.033s] -- Added test 'lint_cmake' to check CMake code style
[2.036s] -- Added test 'pep257' to check Python code against some of the style conventions in PEP 257
[2.043s] -- Added test 'xmllint' to check XML markup files
[2.044s] -- Configuring done
[2.046s] -- Generating done
[2.048s] -- Build files have been written to: /home/hunajpu/dev_tt_ws/build/panda_ros2_gazebo
[2.056s] Invoked command in '/home/hunajpu/dev_tt_ws/build/panda_ros2_gazebo' returned '0': CMAKE_PREFIX_PATH=${CMAKE_PREFIX_PATH}:/opt/ros/foxy /usr/bin/cmake /home/hunajpu/dev_tt_ws/src/ros2_RobotSimulation/PandaRobot/panda_ros2_gazebo -DAMENT_CMAKE_SYMLINK_INSTALL=1 -DCMAKE_INSTALL_PREFIX=/home/hunajpu/dev_tt_ws/install/panda_ros2_gazebo
[2.064s] Invoking command in '/home/hunajpu/dev_tt_ws/build/panda_ros2_gazebo': CMAKE_PREFIX_PATH=${CMAKE_PREFIX_PATH}:/opt/ros/foxy /usr/bin/cmake --build /home/hunajpu/dev_tt_ws/build/panda_ros2_gazebo -- -j8 -l8
[2.162s] Invoked command in '/home/hunajpu/dev_tt_ws/build/panda_ros2_gazebo' returned '0': CMAKE_PREFIX_PATH=${CMAKE_PREFIX_PATH}:/opt/ros/foxy /usr/bin/cmake --build /home/hunajpu/dev_tt_ws/build/panda_ros2_gazebo -- -j8 -l8
[2.240s] Invoking command in '/home/hunajpu/dev_tt_ws/build/panda_ros2_gazebo': CMAKE_PREFIX_PATH=${CMAKE_PREFIX_PATH}:/opt/ros/foxy /usr/bin/cmake --install /home/hunajpu/dev_tt_ws/build/panda_ros2_gazebo
[2.256s] -- Install configuration: ""
[2.257s] -- Execute custom install script
[2.258s] -- Symlinking: /home/hunajpu/dev_tt_ws/install/panda_ros2_gazebo/share/panda_ros2_gazebo/config/panda_controller.yaml
[2.282s] -- Symlinking: /home/hunajpu/dev_tt_ws/install/panda_ros2_gazebo/share/panda_ros2_gazebo/launch/panda_simulation.launch.py
[2.303s] -- Symlinking: /home/hunajpu/dev_tt_ws/install/panda_ros2_gazebo/share/panda_ros2_gazebo/urdf/panda.urdf.xacro
[2.320s] -- Symlinking: /home/hunajpu/dev_tt_ws/install/panda_ros2_gazebo/share/panda_ros2_gazebo/urdf/panda_gazebo.xacro
[2.340s] -- Symlinking: /home/hunajpu/dev_tt_ws/install/panda_ros2_gazebo/share/panda_ros2_gazebo/urdf/panda_macro.urdf.xacro
[2.357s] -- Symlinking: /home/hunajpu/dev_tt_ws/install/panda_ros2_gazebo/share/panda_ros2_gazebo/urdf/panda_transmission.xacro
[2.377s] -- Symlinking: /home/hunajpu/dev_tt_ws/install/panda_ros2_gazebo/share/panda_ros2_gazebo/worlds/panda.world
[2.400s] -- Symlinking: /home/hunajpu/dev_tt_ws/install/panda_ros2_gazebo/share/panda_ros2_gazebo/meshes/collision/finger.stl
[2.418s] -- Symlinking: /home/hunajpu/dev_tt_ws/install/panda_ros2_gazebo/share/panda_ros2_gazebo/meshes/collision/hand.stl
[2.435s] -- Symlinking: /home/hunajpu/dev_tt_ws/install/panda_ros2_gazebo/share/panda_ros2_gazebo/meshes/collision/link0.stl
[2.452s] -- Symlinking: /home/hunajpu/dev_tt_ws/install/panda_ros2_gazebo/share/panda_ros2_gazebo/meshes/collision/link1.stl
[2.472s] -- Symlinking: /home/hunajpu/dev_tt_ws/install/panda_ros2_gazebo/share/panda_ros2_gazebo/meshes/collision/link2.stl
[2.488s] -- Symlinking: /home/hunajpu/dev_tt_ws/install/panda_ros2_gazebo/share/panda_ros2_gazebo/meshes/collision/link3.stl
[2.507s] -- Symlinking: /home/hunajpu/dev_tt_ws/install/panda_ros2_gazebo/share/panda_ros2_gazebo/meshes/collision/link4.stl
[2.530s] -- Symlinking: /home/hunajpu/dev_tt_ws/install/panda_ros2_gazebo/share/panda_ros2_gazebo/meshes/collision/link5.stl
[2.546s] -- Symlinking: /home/hunajpu/dev_tt_ws/install/panda_ros2_gazebo/share/panda_ros2_gazebo/meshes/collision/link6.stl
[2.566s] -- Symlinking: /home/hunajpu/dev_tt_ws/install/panda_ros2_gazebo/share/panda_ros2_gazebo/meshes/collision/link7.stl
[2.582s] -- Symlinking: /home/hunajpu/dev_tt_ws/install/panda_ros2_gazebo/share/panda_ros2_gazebo/meshes/visual/finger.dae
[2.609s] -- Symlinking: /home/hunajpu/dev_tt_ws/install/panda_ros2_gazebo/share/panda_ros2_gazebo/meshes/visual/hand.dae
[2.629s] -- Symlinking: /home/hunajpu/dev_tt_ws/install/panda_ros2_gazebo/share/panda_ros2_gazebo/meshes/visual/link0.dae
[2.646s] -- Symlinking: /home/hunajpu/dev_tt_ws/install/panda_ros2_gazebo/share/panda_ros2_gazebo/meshes/visual/link1.dae
[2.664s] -- Symlinking: /home/hunajpu/dev_tt_ws/install/panda_ros2_gazebo/share/panda_ros2_gazebo/meshes/visual/link2.dae
[2.682s] -- Symlinking: /home/hunajpu/dev_tt_ws/install/panda_ros2_gazebo/share/panda_ros2_gazebo/meshes/visual/link3.dae
[2.719s] -- Symlinking: /home/hunajpu/dev_tt_ws/install/panda_ros2_gazebo/share/panda_ros2_gazebo/meshes/visual/link4.dae
[2.732s] -- Symlinking: /home/hunajpu/dev_tt_ws/install/panda_ros2_gazebo/share/panda_ros2_gazebo/meshes/visual/link5.dae
[2.747s] -- Symlinking: /home/hunajpu/dev_tt_ws/install/panda_ros2_gazebo/share/panda_ros2_gazebo/meshes/visual/link6.dae
[2.769s] -- Symlinking: /home/hunajpu/dev_tt_ws/install/panda_ros2_gazebo/share/panda_ros2_gazebo/meshes/visual/link7.dae
[2.791s] -- Symlinking: /home/hunajpu/dev_tt_ws/install/panda_ros2_gazebo/share/ament_index/resource_index/package_run_dependencies/panda_ros2_gazebo
[2.808s] -- Symlinking: /home/hunajpu/dev_tt_ws/install/panda_ros2_gazebo/share/ament_index/resource_index/parent_prefix_path/panda_ros2_gazebo
[2.841s] -- Symlinking: /home/hunajpu/dev_tt_ws/install/panda_ros2_gazebo/share/panda_ros2_gazebo/environment/ament_prefix_path.sh
[2.868s] -- Symlinking: /home/hunajpu/dev_tt_ws/install/panda_ros2_gazebo/share/panda_ros2_gazebo/environment/ament_prefix_path.dsv
[2.878s] -- Symlinking: /home/hunajpu/dev_tt_ws/install/panda_ros2_gazebo/share/panda_ros2_gazebo/environment/path.sh
[2.896s] -- Symlinking: /home/hunajpu/dev_tt_ws/install/panda_ros2_gazebo/share/panda_ros2_gazebo/environment/path.dsv
[2.926s] -- Symlinking: /home/hunajpu/dev_tt_ws/install/panda_ros2_gazebo/share/panda_ros2_gazebo/local_setup.bash
[2.947s] -- Symlinking: /home/hunajpu/dev_tt_ws/install/panda_ros2_gazebo/share/panda_ros2_gazebo/local_setup.sh
[2.976s] -- Symlinking: /home/hunajpu/dev_tt_ws/install/panda_ros2_gazebo/share/panda_ros2_gazebo/local_setup.zsh
[3.001s] -- Symlinking: /home/hunajpu/dev_tt_ws/install/panda_ros2_gazebo/share/panda_ros2_gazebo/local_setup.dsv
[3.031s] -- Symlinking: /home/hunajpu/dev_tt_ws/install/panda_ros2_gazebo/share/panda_ros2_gazebo/package.dsv
[3.070s] -- Symlinking: /home/hunajpu/dev_tt_ws/install/panda_ros2_gazebo/share/ament_index/resource_index/packages/panda_ros2_gazebo
[3.105s] -- Symlinking: /home/hunajpu/dev_tt_ws/install/panda_ros2_gazebo/share/panda_ros2_gazebo/cmake/panda_ros2_gazeboConfig.cmake
[3.143s] -- Symlinking: /home/hunajpu/dev_tt_ws/install/panda_ros2_gazebo/share/panda_ros2_gazebo/cmake/panda_ros2_gazeboConfig-version.cmake
[3.169s] -- Symlinking: /home/hunajpu/dev_tt_ws/install/panda_ros2_gazebo/share/panda_ros2_gazebo/package.xml
[3.297s] Invoked command in '/home/hunajpu/dev_tt_ws/build/panda_ros2_gazebo' returned '0': CMAKE_PREFIX_PATH=${CMAKE_PREFIX_PATH}:/opt/ros/foxy /usr/bin/cmake --install /home/hunajpu/dev_tt_ws/build/panda_ros2_gazebo
