[0.117s] Invoking command in '/home/hunajpu/dev_tt_ws/build/irb120_ros2_gazebo': CMAKE_PREFIX_PATH=${CMAKE_PREFIX_PATH}:/opt/ros/foxy /usr/bin/cmake /home/hunajpu/dev_tt_ws/src/ros2_RobotSimulation/ABBRobots/IRB120/irb120_ros2_gazebo -DAMENT_CMAKE_SYMLINK_INSTALL=1 -DCMAKE_INSTALL_PREFIX=/home/hunajpu/dev_tt_ws/install/irb120_ros2_gazebo
[0.287s] -- The C compiler identification is GNU 9.4.0
[0.491s] -- The CXX compiler identification is GNU 9.4.0
[0.501s] -- Check for working C compiler: /usr/bin/cc
[0.670s] -- Check for working C compiler: /usr/bin/cc -- works
[0.672s] -- Detecting C compiler ABI info
[1.245s] -- Detecting C compiler ABI info - done
[1.291s] -- Detecting C compile features
[1.291s] -- Detecting C compile features - done
[1.297s] -- Check for working CXX compiler: /usr/bin/c++
[1.637s] -- Check for working CXX compiler: /usr/bin/c++ -- works
[1.637s] -- Detecting CXX compiler ABI info
[1.842s] -- Detecting CXX compiler ABI info - done
[1.871s] -- Detecting CXX compile features
[1.873s] -- Detecting CXX compile features - done
[1.882s] -- Found ament_cmake: 0.9.9 (/opt/ros/foxy/share/ament_cmake/cmake)
[1.938s] -- Found PythonInterp: /usr/bin/python3 (found suitable version "3.8.10", minimum required is "3") 
[1.939s] -- Using PYTHON_EXECUTABLE: /usr/bin/python3
[2.408s] -- Override CMake install command with custom implementation using symlinks instead of copying resources
[2.496s] -- Found ament_lint_auto: 0.9.6 (/opt/ros/foxy/share/ament_lint_auto/cmake)
[2.732s] -- Added test 'copyright' to check source files copyright and LICENSE
[2.741s] -- Added test 'flake8' to check Python code syntax and style conventions
[2.744s] -- Added test 'lint_cmake' to check CMake code style
[2.746s] -- Added test 'pep257' to check Python code against some of the style conventions in PEP 257
[2.753s] -- Added test 'xmllint' to check XML markup files
[2.756s] -- Configuring done
[2.760s] -- Generating done
[2.762s] -- Build files have been written to: /home/hunajpu/dev_tt_ws/build/irb120_ros2_gazebo
[2.767s] Invoked command in '/home/hunajpu/dev_tt_ws/build/irb120_ros2_gazebo' returned '0': CMAKE_PREFIX_PATH=${CMAKE_PREFIX_PATH}:/opt/ros/foxy /usr/bin/cmake /home/hunajpu/dev_tt_ws/src/ros2_RobotSimulation/ABBRobots/IRB120/irb120_ros2_gazebo -DAMENT_CMAKE_SYMLINK_INSTALL=1 -DCMAKE_INSTALL_PREFIX=/home/hunajpu/dev_tt_ws/install/irb120_ros2_gazebo
[2.775s] Invoking command in '/home/hunajpu/dev_tt_ws/build/irb120_ros2_gazebo': CMAKE_PREFIX_PATH=${CMAKE_PREFIX_PATH}:/opt/ros/foxy /usr/bin/cmake --build /home/hunajpu/dev_tt_ws/build/irb120_ros2_gazebo -- -j8 -l8
[2.855s] Invoked command in '/home/hunajpu/dev_tt_ws/build/irb120_ros2_gazebo' returned '0': CMAKE_PREFIX_PATH=${CMAKE_PREFIX_PATH}:/opt/ros/foxy /usr/bin/cmake --build /home/hunajpu/dev_tt_ws/build/irb120_ros2_gazebo -- -j8 -l8
[2.931s] Invoking command in '/home/hunajpu/dev_tt_ws/build/irb120_ros2_gazebo': CMAKE_PREFIX_PATH=${CMAKE_PREFIX_PATH}:/opt/ros/foxy /usr/bin/cmake --install /home/hunajpu/dev_tt_ws/build/irb120_ros2_gazebo
[2.954s] -- Install configuration: ""
[2.954s] -- Execute custom install script
[2.955s] -- Symlinking: /home/hunajpu/dev_tt_ws/install/irb120_ros2_gazebo/share/irb120_ros2_gazebo/config/irb120_controller.yaml
[2.977s] -- Symlinking: /home/hunajpu/dev_tt_ws/install/irb120_ros2_gazebo/share/irb120_ros2_gazebo/launch/irb120_simulation.launch.py
[2.998s] -- Symlinking: /home/hunajpu/dev_tt_ws/install/irb120_ros2_gazebo/share/irb120_ros2_gazebo/urdf/abb_resources/common_colours.xacro
[3.018s] -- Symlinking: /home/hunajpu/dev_tt_ws/install/irb120_ros2_gazebo/share/irb120_ros2_gazebo/urdf/abb_resources/common_materials.xacro
[3.036s] -- Symlinking: /home/hunajpu/dev_tt_ws/install/irb120_ros2_gazebo/share/irb120_ros2_gazebo/urdf/irb120.urdf.xacro
[3.062s] -- Symlinking: /home/hunajpu/dev_tt_ws/install/irb120_ros2_gazebo/share/irb120_ros2_gazebo/urdf/irb120_gazebo.xacro
[3.080s] -- Symlinking: /home/hunajpu/dev_tt_ws/install/irb120_ros2_gazebo/share/irb120_ros2_gazebo/urdf/irb120_macro.urdf.xacro
[3.097s] -- Symlinking: /home/hunajpu/dev_tt_ws/install/irb120_ros2_gazebo/share/irb120_ros2_gazebo/urdf/irb120_transmission.xacro
[3.118s] -- Symlinking: /home/hunajpu/dev_tt_ws/install/irb120_ros2_gazebo/share/irb120_ros2_gazebo/worlds/irb120.world
[3.143s] -- Symlinking: /home/hunajpu/dev_tt_ws/install/irb120_ros2_gazebo/share/irb120_ros2_gazebo/meshes/collision/base_link.stl
[3.158s] -- Symlinking: /home/hunajpu/dev_tt_ws/install/irb120_ros2_gazebo/share/irb120_ros2_gazebo/meshes/collision/link_1.stl
[3.178s] -- Symlinking: /home/hunajpu/dev_tt_ws/install/irb120_ros2_gazebo/share/irb120_ros2_gazebo/meshes/collision/link_2.stl
[3.195s] -- Symlinking: /home/hunajpu/dev_tt_ws/install/irb120_ros2_gazebo/share/irb120_ros2_gazebo/meshes/collision/link_3.stl
[3.224s] -- Symlinking: /home/hunajpu/dev_tt_ws/install/irb120_ros2_gazebo/share/irb120_ros2_gazebo/meshes/collision/link_4.stl
[3.257s] -- Symlinking: /home/hunajpu/dev_tt_ws/install/irb120_ros2_gazebo/share/irb120_ros2_gazebo/meshes/collision/link_5.stl
[3.278s] -- Symlinking: /home/hunajpu/dev_tt_ws/install/irb120_ros2_gazebo/share/irb120_ros2_gazebo/meshes/collision/link_6.stl
[3.296s] -- Symlinking: /home/hunajpu/dev_tt_ws/install/irb120_ros2_gazebo/share/irb120_ros2_gazebo/meshes/irb120_cell.dae
[3.315s] -- Symlinking: /home/hunajpu/dev_tt_ws/install/irb120_ros2_gazebo/share/irb120_ros2_gazebo/meshes/visual/base_link.stl
[3.333s] -- Symlinking: /home/hunajpu/dev_tt_ws/install/irb120_ros2_gazebo/share/irb120_ros2_gazebo/meshes/visual/link_1.stl
[3.363s] -- Symlinking: /home/hunajpu/dev_tt_ws/install/irb120_ros2_gazebo/share/irb120_ros2_gazebo/meshes/visual/link_2.stl
[3.383s] -- Symlinking: /home/hunajpu/dev_tt_ws/install/irb120_ros2_gazebo/share/irb120_ros2_gazebo/meshes/visual/link_3.stl
[3.408s] -- Symlinking: /home/hunajpu/dev_tt_ws/install/irb120_ros2_gazebo/share/irb120_ros2_gazebo/meshes/visual/link_4.stl
[3.425s] -- Symlinking: /home/hunajpu/dev_tt_ws/install/irb120_ros2_gazebo/share/irb120_ros2_gazebo/meshes/visual/link_5.stl
[3.443s] -- Symlinking: /home/hunajpu/dev_tt_ws/install/irb120_ros2_gazebo/share/irb120_ros2_gazebo/meshes/visual/link_6.stl
[3.471s] -- Symlinking: /home/hunajpu/dev_tt_ws/install/irb120_ros2_gazebo/share/ament_index/resource_index/package_run_dependencies/irb120_ros2_gazebo
[3.571s] -- Symlinking: /home/hunajpu/dev_tt_ws/install/irb120_ros2_gazebo/share/ament_index/resource_index/parent_prefix_path/irb120_ros2_gazebo
[3.603s] -- Symlinking: /home/hunajpu/dev_tt_ws/install/irb120_ros2_gazebo/share/irb120_ros2_gazebo/environment/ament_prefix_path.sh
[3.613s] -- Symlinking: /home/hunajpu/dev_tt_ws/install/irb120_ros2_gazebo/share/irb120_ros2_gazebo/environment/ament_prefix_path.dsv
[3.625s] -- Symlinking: /home/hunajpu/dev_tt_ws/install/irb120_ros2_gazebo/share/irb120_ros2_gazebo/environment/path.sh
[3.676s] -- Symlinking: /home/hunajpu/dev_tt_ws/install/irb120_ros2_gazebo/share/irb120_ros2_gazebo/environment/path.dsv
[3.684s] -- Symlinking: /home/hunajpu/dev_tt_ws/install/irb120_ros2_gazebo/share/irb120_ros2_gazebo/local_setup.bash
[3.690s] -- Symlinking: /home/hunajpu/dev_tt_ws/install/irb120_ros2_gazebo/share/irb120_ros2_gazebo/local_setup.sh
[3.697s] -- Symlinking: /home/hunajpu/dev_tt_ws/install/irb120_ros2_gazebo/share/irb120_ros2_gazebo/local_setup.zsh
[3.697s] -- Symlinking: /home/hunajpu/dev_tt_ws/install/irb120_ros2_gazebo/share/irb120_ros2_gazebo/local_setup.dsv
[3.710s] -- Symlinking: /home/hunajpu/dev_tt_ws/install/irb120_ros2_gazebo/share/irb120_ros2_gazebo/package.dsv
[3.723s] -- Symlinking: /home/hunajpu/dev_tt_ws/install/irb120_ros2_gazebo/share/ament_index/resource_index/packages/irb120_ros2_gazebo
[3.739s] -- Symlinking: /home/hunajpu/dev_tt_ws/install/irb120_ros2_gazebo/share/irb120_ros2_gazebo/cmake/irb120_ros2_gazeboConfig.cmake
[3.752s] -- Symlinking: /home/hunajpu/dev_tt_ws/install/irb120_ros2_gazebo/share/irb120_ros2_gazebo/cmake/irb120_ros2_gazeboConfig-version.cmake
[3.765s] -- Symlinking: /home/hunajpu/dev_tt_ws/install/irb120_ros2_gazebo/share/irb120_ros2_gazebo/package.xml
[3.818s] Invoked command in '/home/hunajpu/dev_tt_ws/build/irb120_ros2_gazebo' returned '0': CMAKE_PREFIX_PATH=${CMAKE_PREFIX_PATH}:/opt/ros/foxy /usr/bin/cmake --install /home/hunajpu/dev_tt_ws/build/irb120_ros2_gazebo
