[0.218s] Invoking command in '/home/hunajpu/dev_tt_ws/build/ur5_ros2_gazebo': CMAKE_PREFIX_PATH=${CMAKE_PREFIX_PATH}:/opt/ros/foxy /usr/bin/cmake --build /home/hunajpu/dev_tt_ws/build/ur5_ros2_gazebo -- -j8 -l8
[0.295s] Invoked command in '/home/hunajpu/dev_tt_ws/build/ur5_ros2_gazebo' returned '0': CMAKE_PREFIX_PATH=${CMAKE_PREFIX_PATH}:/opt/ros/foxy /usr/bin/cmake --build /home/hunajpu/dev_tt_ws/build/ur5_ros2_gazebo -- -j8 -l8
[0.347s] Invoking command in '/home/hunajpu/dev_tt_ws/build/ur5_ros2_gazebo': CMAKE_PREFIX_PATH=${CMAKE_PREFIX_PATH}:/opt/ros/foxy /usr/bin/cmake --install /home/hunajpu/dev_tt_ws/build/ur5_ros2_gazebo
[0.374s] -- Install configuration: ""
[0.399s] -- Execute custom install script
[0.399s] -- Up-to-date symlink: /home/hunajpu/dev_tt_ws/install/ur5_ros2_gazebo/share/ur5_ros2_gazebo/config/default_kinematics.yaml
[0.399s] -- Up-to-date symlink: /home/hunajpu/dev_tt_ws/install/ur5_ros2_gazebo/share/ur5_ros2_gazebo/config/initial_positions.yaml
[0.403s] -- Up-to-date symlink: /home/hunajpu/dev_tt_ws/install/ur5_ros2_gazebo/share/ur5_ros2_gazebo/config/joint_limits.yaml
[0.404s] -- Up-to-date symlink: /home/hunajpu/dev_tt_ws/install/ur5_ros2_gazebo/share/ur5_ros2_gazebo/config/physical_parameters.yaml
[0.404s] -- Up-to-date symlink: /home/hunajpu/dev_tt_ws/install/ur5_ros2_gazebo/share/ur5_ros2_gazebo/config/ur5_controller.yaml
[0.404s] -- Up-to-date symlink: /home/hunajpu/dev_tt_ws/install/ur5_ros2_gazebo/share/ur5_ros2_gazebo/config/visual_parameters.yaml
[0.404s] -- Up-to-date symlink: /home/hunajpu/dev_tt_ws/install/ur5_ros2_gazebo/share/ur5_ros2_gazebo/launch/ur5_simulation.launch.py
[0.405s] -- Up-to-date symlink: /home/hunajpu/dev_tt_ws/install/ur5_ros2_gazebo/share/ur5_ros2_gazebo/urdf/ur5.urdf.xacro
[0.406s] -- Up-to-date symlink: /home/hunajpu/dev_tt_ws/install/ur5_ros2_gazebo/share/ur5_ros2_gazebo/urdf/ur5_common.xacro
[0.416s] -- Up-to-date symlink: /home/hunajpu/dev_tt_ws/install/ur5_ros2_gazebo/share/ur5_ros2_gazebo/urdf/ur5_gazebo.xacro
[0.419s] -- Up-to-date symlink: /home/hunajpu/dev_tt_ws/install/ur5_ros2_gazebo/share/ur5_ros2_gazebo/urdf/ur5_macro.urdf.xacro
[0.420s] -- Up-to-date symlink: /home/hunajpu/dev_tt_ws/install/ur5_ros2_gazebo/share/ur5_ros2_gazebo/urdf/ur5_transmission.xacro
[0.420s] -- Up-to-date symlink: /home/hunajpu/dev_tt_ws/install/ur5_ros2_gazebo/share/ur5_ros2_gazebo/worlds/ur5.world
[0.420s] -- Up-to-date symlink: /home/hunajpu/dev_tt_ws/install/ur5_ros2_gazebo/share/ur5_ros2_gazebo/meshes/collision/base.stl
[0.434s] -- Up-to-date symlink: /home/hunajpu/dev_tt_ws/install/ur5_ros2_gazebo/share/ur5_ros2_gazebo/meshes/collision/forearm.stl
[0.434s] -- Up-to-date symlink: /home/hunajpu/dev_tt_ws/install/ur5_ros2_gazebo/share/ur5_ros2_gazebo/meshes/collision/shoulder.stl
[0.436s] -- Up-to-date symlink: /home/hunajpu/dev_tt_ws/install/ur5_ros2_gazebo/share/ur5_ros2_gazebo/meshes/collision/upperarm.stl
[0.438s] -- Up-to-date symlink: /home/hunajpu/dev_tt_ws/install/ur5_ros2_gazebo/share/ur5_ros2_gazebo/meshes/collision/wrist1.stl
[0.442s] -- Up-to-date symlink: /home/hunajpu/dev_tt_ws/install/ur5_ros2_gazebo/share/ur5_ros2_gazebo/meshes/collision/wrist2.stl
[0.445s] -- Up-to-date symlink: /home/hunajpu/dev_tt_ws/install/ur5_ros2_gazebo/share/ur5_ros2_gazebo/meshes/collision/wrist3.stl
[0.445s] -- Up-to-date symlink: /home/hunajpu/dev_tt_ws/install/ur5_ros2_gazebo/share/ur5_ros2_gazebo/meshes/visual/base.dae
[0.446s] -- Up-to-date symlink: /home/hunajpu/dev_tt_ws/install/ur5_ros2_gazebo/share/ur5_ros2_gazebo/meshes/visual/forearm.dae
[0.446s] -- Up-to-date symlink: /home/hunajpu/dev_tt_ws/install/ur5_ros2_gazebo/share/ur5_ros2_gazebo/meshes/visual/shoulder.dae
[0.446s] -- Up-to-date symlink: /home/hunajpu/dev_tt_ws/install/ur5_ros2_gazebo/share/ur5_ros2_gazebo/meshes/visual/upperarm.dae
[0.447s] -- Up-to-date symlink: /home/hunajpu/dev_tt_ws/install/ur5_ros2_gazebo/share/ur5_ros2_gazebo/meshes/visual/wrist1.dae
[0.447s] -- Up-to-date symlink: /home/hunajpu/dev_tt_ws/install/ur5_ros2_gazebo/share/ur5_ros2_gazebo/meshes/visual/wrist2.dae
[0.448s] -- Up-to-date symlink: /home/hunajpu/dev_tt_ws/install/ur5_ros2_gazebo/share/ur5_ros2_gazebo/meshes/visual/wrist3.dae
[0.448s] -- Up-to-date symlink: /home/hunajpu/dev_tt_ws/install/ur5_ros2_gazebo/share/ament_index/resource_index/package_run_dependencies/ur5_ros2_gazebo
[0.457s] -- Up-to-date symlink: /home/hunajpu/dev_tt_ws/install/ur5_ros2_gazebo/share/ament_index/resource_index/parent_prefix_path/ur5_ros2_gazebo
[0.458s] -- Up-to-date symlink: /home/hunajpu/dev_tt_ws/install/ur5_ros2_gazebo/share/ur5_ros2_gazebo/environment/ament_prefix_path.sh
[0.464s] -- Up-to-date symlink: /home/hunajpu/dev_tt_ws/install/ur5_ros2_gazebo/share/ur5_ros2_gazebo/environment/ament_prefix_path.dsv
[0.464s] -- Up-to-date symlink: /home/hunajpu/dev_tt_ws/install/ur5_ros2_gazebo/share/ur5_ros2_gazebo/environment/path.sh
[0.464s] -- Up-to-date symlink: /home/hunajpu/dev_tt_ws/install/ur5_ros2_gazebo/share/ur5_ros2_gazebo/environment/path.dsv
[0.465s] -- Up-to-date symlink: /home/hunajpu/dev_tt_ws/install/ur5_ros2_gazebo/share/ur5_ros2_gazebo/local_setup.bash
[0.466s] -- Up-to-date symlink: /home/hunajpu/dev_tt_ws/install/ur5_ros2_gazebo/share/ur5_ros2_gazebo/local_setup.sh
[0.467s] -- Up-to-date symlink: /home/hunajpu/dev_tt_ws/install/ur5_ros2_gazebo/share/ur5_ros2_gazebo/local_setup.zsh
[0.471s] -- Up-to-date symlink: /home/hunajpu/dev_tt_ws/install/ur5_ros2_gazebo/share/ur5_ros2_gazebo/local_setup.dsv
[0.471s] -- Symlinking: /home/hunajpu/dev_tt_ws/install/ur5_ros2_gazebo/share/ur5_ros2_gazebo/package.dsv
[0.508s] -- Up-to-date symlink: /home/hunajpu/dev_tt_ws/install/ur5_ros2_gazebo/share/ament_index/resource_index/packages/ur5_ros2_gazebo
[0.509s] -- Up-to-date symlink: /home/hunajpu/dev_tt_ws/install/ur5_ros2_gazebo/share/ur5_ros2_gazebo/cmake/ur5_ros2_gazeboConfig.cmake
[0.510s] -- Up-to-date symlink: /home/hunajpu/dev_tt_ws/install/ur5_ros2_gazebo/share/ur5_ros2_gazebo/cmake/ur5_ros2_gazeboConfig-version.cmake
[0.510s] -- Up-to-date symlink: /home/hunajpu/dev_tt_ws/install/ur5_ros2_gazebo/share/ur5_ros2_gazebo/package.xml
[0.561s] Invoked command in '/home/hunajpu/dev_tt_ws/build/ur5_ros2_gazebo' returned '0': CMAKE_PREFIX_PATH=${CMAKE_PREFIX_PATH}:/opt/ros/foxy /usr/bin/cmake --install /home/hunajpu/dev_tt_ws/build/ur5_ros2_gazebo
