[0.435s] Invoking command in '/home/hunajpu/dev_tt_ws/build/ur5_ros2_gazebo': CMAKE_PREFIX_PATH=${CMAKE_PREFIX_PATH}:/opt/ros/foxy /usr/bin/cmake --build /home/hunajpu/dev_tt_ws/build/ur5_ros2_gazebo -- -j8 -l8
[1.471s] Invoked command in '/home/hunajpu/dev_tt_ws/build/ur5_ros2_gazebo' returned '0': CMAKE_PREFIX_PATH=${CMAKE_PREFIX_PATH}:/opt/ros/foxy /usr/bin/cmake --build /home/hunajpu/dev_tt_ws/build/ur5_ros2_gazebo -- -j8 -l8
[1.997s] Invoking command in '/home/hunajpu/dev_tt_ws/build/ur5_ros2_gazebo': CMAKE_PREFIX_PATH=${CMAKE_PREFIX_PATH}:/opt/ros/foxy /usr/bin/cmake --install /home/hunajpu/dev_tt_ws/build/ur5_ros2_gazebo
[2.441s] -- Install configuration: "Debug"
[2.446s] -- Execute custom install script
[2.453s] -- Up-to-date symlink: /home/hunajpu/dev_tt_ws/install/ur5_ros2_gazebo/share/ur5_ros2_gazebo/config/default_kinematics.yaml
[2.455s] -- Up-to-date symlink: /home/hunajpu/dev_tt_ws/install/ur5_ros2_gazebo/share/ur5_ros2_gazebo/config/initial_positions.yaml
[2.457s] -- Up-to-date symlink: /home/hunajpu/dev_tt_ws/install/ur5_ros2_gazebo/share/ur5_ros2_gazebo/config/joint_limits.yaml
[2.464s] -- Up-to-date symlink: /home/hunajpu/dev_tt_ws/install/ur5_ros2_gazebo/share/ur5_ros2_gazebo/config/physical_parameters.yaml
[2.465s] -- Up-to-date symlink: /home/hunajpu/dev_tt_ws/install/ur5_ros2_gazebo/share/ur5_ros2_gazebo/config/ur5_controller.yaml
[2.466s] -- Up-to-date symlink: /home/hunajpu/dev_tt_ws/install/ur5_ros2_gazebo/share/ur5_ros2_gazebo/config/visual_parameters.yaml
[2.478s] -- Up-to-date symlink: /home/hunajpu/dev_tt_ws/install/ur5_ros2_gazebo/share/ur5_ros2_gazebo/launch/ur5_simulation.launch.py
[2.498s] -- Up-to-date symlink: /home/hunajpu/dev_tt_ws/install/ur5_ros2_gazebo/share/ur5_ros2_gazebo/urdf/ur5.urdf.xacro
[2.499s] -- Up-to-date symlink: /home/hunajpu/dev_tt_ws/install/ur5_ros2_gazebo/share/ur5_ros2_gazebo/urdf/ur5_common.xacro
[2.500s] -- Up-to-date symlink: /home/hunajpu/dev_tt_ws/install/ur5_ros2_gazebo/share/ur5_ros2_gazebo/urdf/ur5_gazebo.xacro
[2.501s] -- Up-to-date symlink: /home/hunajpu/dev_tt_ws/install/ur5_ros2_gazebo/share/ur5_ros2_gazebo/urdf/ur5_macro.urdf.xacro
[2.527s] -- Up-to-date symlink: /home/hunajpu/dev_tt_ws/install/ur5_ros2_gazebo/share/ur5_ros2_gazebo/urdf/ur5_transmission.xacro
[2.562s] -- Up-to-date symlink: /home/hunajpu/dev_tt_ws/install/ur5_ros2_gazebo/share/ur5_ros2_gazebo/worlds/ur5.world
[2.565s] -- Up-to-date symlink: /home/hunajpu/dev_tt_ws/install/ur5_ros2_gazebo/share/ur5_ros2_gazebo/meshes/collision/base.stl
[2.566s] -- Up-to-date symlink: /home/hunajpu/dev_tt_ws/install/ur5_ros2_gazebo/share/ur5_ros2_gazebo/meshes/collision/forearm.stl
[2.579s] -- Up-to-date symlink: /home/hunajpu/dev_tt_ws/install/ur5_ros2_gazebo/share/ur5_ros2_gazebo/meshes/collision/shoulder.stl
[2.580s] -- Up-to-date symlink: /home/hunajpu/dev_tt_ws/install/ur5_ros2_gazebo/share/ur5_ros2_gazebo/meshes/collision/upperarm.stl
[2.582s] -- Up-to-date symlink: /home/hunajpu/dev_tt_ws/install/ur5_ros2_gazebo/share/ur5_ros2_gazebo/meshes/collision/wrist1.stl
[2.594s] -- Up-to-date symlink: /home/hunajpu/dev_tt_ws/install/ur5_ros2_gazebo/share/ur5_ros2_gazebo/meshes/collision/wrist2.stl
[2.598s] -- Up-to-date symlink: /home/hunajpu/dev_tt_ws/install/ur5_ros2_gazebo/share/ur5_ros2_gazebo/meshes/collision/wrist3.stl
[2.599s] -- Up-to-date symlink: /home/hunajpu/dev_tt_ws/install/ur5_ros2_gazebo/share/ur5_ros2_gazebo/meshes/visual/base.dae
[2.601s] -- Up-to-date symlink: /home/hunajpu/dev_tt_ws/install/ur5_ros2_gazebo/share/ur5_ros2_gazebo/meshes/visual/forearm.dae
[2.602s] -- Up-to-date symlink: /home/hunajpu/dev_tt_ws/install/ur5_ros2_gazebo/share/ur5_ros2_gazebo/meshes/visual/shoulder.dae
[2.608s] -- Up-to-date symlink: /home/hunajpu/dev_tt_ws/install/ur5_ros2_gazebo/share/ur5_ros2_gazebo/meshes/visual/upperarm.dae
[2.632s] -- Up-to-date symlink: /home/hunajpu/dev_tt_ws/install/ur5_ros2_gazebo/share/ur5_ros2_gazebo/meshes/visual/wrist1.dae
[2.637s] -- Up-to-date symlink: /home/hunajpu/dev_tt_ws/install/ur5_ros2_gazebo/share/ur5_ros2_gazebo/meshes/visual/wrist2.dae
[2.639s] -- Up-to-date symlink: /home/hunajpu/dev_tt_ws/install/ur5_ros2_gazebo/share/ur5_ros2_gazebo/meshes/visual/wrist3.dae
[2.640s] -- Up-to-date symlink: /home/hunajpu/dev_tt_ws/install/ur5_ros2_gazebo/share/ament_index/resource_index/package_run_dependencies/ur5_ros2_gazebo
[2.650s] -- Up-to-date symlink: /home/hunajpu/dev_tt_ws/install/ur5_ros2_gazebo/share/ament_index/resource_index/parent_prefix_path/ur5_ros2_gazebo
[2.654s] -- Up-to-date symlink: /home/hunajpu/dev_tt_ws/install/ur5_ros2_gazebo/share/ur5_ros2_gazebo/environment/ament_prefix_path.sh
[2.655s] -- Up-to-date symlink: /home/hunajpu/dev_tt_ws/install/ur5_ros2_gazebo/share/ur5_ros2_gazebo/environment/ament_prefix_path.dsv
[2.665s] -- Up-to-date symlink: /home/hunajpu/dev_tt_ws/install/ur5_ros2_gazebo/share/ur5_ros2_gazebo/environment/path.sh
[2.671s] -- Up-to-date symlink: /home/hunajpu/dev_tt_ws/install/ur5_ros2_gazebo/share/ur5_ros2_gazebo/environment/path.dsv
[2.672s] -- Up-to-date symlink: /home/hunajpu/dev_tt_ws/install/ur5_ros2_gazebo/share/ur5_ros2_gazebo/local_setup.bash
[2.681s] -- Up-to-date symlink: /home/hunajpu/dev_tt_ws/install/ur5_ros2_gazebo/share/ur5_ros2_gazebo/local_setup.sh
[2.682s] -- Up-to-date symlink: /home/hunajpu/dev_tt_ws/install/ur5_ros2_gazebo/share/ur5_ros2_gazebo/local_setup.zsh
[2.683s] -- Up-to-date symlink: /home/hunajpu/dev_tt_ws/install/ur5_ros2_gazebo/share/ur5_ros2_gazebo/local_setup.dsv
[2.698s] -- Symlinking: /home/hunajpu/dev_tt_ws/install/ur5_ros2_gazebo/share/ur5_ros2_gazebo/package.dsv
[3.142s] -- Up-to-date symlink: /home/hunajpu/dev_tt_ws/install/ur5_ros2_gazebo/share/ament_index/resource_index/packages/ur5_ros2_gazebo
[3.146s] -- Up-to-date symlink: /home/hunajpu/dev_tt_ws/install/ur5_ros2_gazebo/share/ur5_ros2_gazebo/cmake/ur5_ros2_gazeboConfig.cmake
[3.154s] -- Up-to-date symlink: /home/hunajpu/dev_tt_ws/install/ur5_ros2_gazebo/share/ur5_ros2_gazebo/cmake/ur5_ros2_gazeboConfig-version.cmake
[3.175s] -- Up-to-date symlink: /home/hunajpu/dev_tt_ws/install/ur5_ros2_gazebo/share/ur5_ros2_gazebo/package.xml
[3.249s] Invoked command in '/home/hunajpu/dev_tt_ws/build/ur5_ros2_gazebo' returned '0': CMAKE_PREFIX_PATH=${CMAKE_PREFIX_PATH}:/opt/ros/foxy /usr/bin/cmake --install /home/hunajpu/dev_tt_ws/build/ur5_ros2_gazebo
