[0.104s] Invoking command in '/home/hunajpu/dev_tt_ws/build/rrbot_description': /usr/bin/cmake /home/hunajpu/dev_tt_ws/src/gazebo_ros_demos/rrbot_description -DCMAKE_INSTALL_PREFIX=/home/hunajpu/dev_tt_ws/install/rrbot_description
[0.214s] -- Found ament_cmake: 0.9.9 (/opt/ros/foxy/share/ament_cmake/cmake)
[0.247s] -- Using PYTHON_EXECUTABLE: /usr/bin/python3
[0.653s] Traceback (most recent call last):
[0.654s]   File "/opt/ros/foxy/share/ament_cmake_core/cmake/package_templates/templates_2_cmake.py", line 21, in <module>
[0.654s]     from ament_package.templates import get_environment_hook_template_path
[0.654s] ModuleNotFoundError: No module named 'ament_package'
[0.723s] CMake Error at /opt/ros/foxy/share/ament_cmake_core/cmake/ament_cmake_package_templates-extras.cmake:41 (message):
[0.724s]   execute_process(/usr/bin/python3
[0.725s]   /opt/ros/foxy/share/ament_cmake_core/cmake/package_templates/templates_2_cmake.py
[0.725s]   /home/hunajpu/dev_tt_ws/build/rrbot_description/ament_cmake_package_templates/templates.cmake)
[0.725s]   returned error code 1
[0.725s] Call Stack (most recent call first):
[0.726s]   /opt/ros/foxy/share/ament_cmake_core/cmake/ament_cmake_coreConfig.cmake:41 (include)
[0.726s]   /opt/ros/foxy/share/ament_cmake/cmake/ament_cmake_export_dependencies-extras.cmake:15 (find_package)
[0.726s]   /opt/ros/foxy/share/ament_cmake/cmake/ament_cmakeConfig.cmake:41 (include)
[0.726s]   CMakeLists.txt:3 (find_package)
[0.726s] 
[0.727s] 
[0.727s] -- Configuring incomplete, errors occurred!
[0.728s] See also "/home/hunajpu/dev_tt_ws/build/rrbot_description/CMakeFiles/CMakeOutput.log".
