[0.188s] Invoking command in '/home/hunajpu/dev_tt_ws/build/gazebo_ros2_control': CMAKE_PREFIX_PATH=/opt/ros/foxy /usr/bin/cmake /home/hunajpu/dev_tt_ws/src/gazebo_ros2_control/gazebo_ros2_control -DAMENT_CMAKE_SYMLINK_INSTALL=1 -DCMAKE_INSTALL_PREFIX=/home/hunajpu/dev_tt_ws/install/gazebo_ros2_control
[0.293s] -- The C compiler identification is GNU 9.4.0
[0.363s] -- The CXX compiler identification is GNU 9.4.0
[0.369s] -- Check for working C compiler: /usr/bin/cc
[0.505s] -- Check for working C compiler: /usr/bin/cc -- works
[0.506s] -- Detecting C compiler ABI info
[0.737s] -- Detecting C compiler ABI info - done
[0.769s] -- Detecting C compile features
[0.769s] -- Detecting C compile features - done
[0.772s] -- Check for working CXX compiler: /usr/bin/c++
[0.926s] -- Check for working CXX compiler: /usr/bin/c++ -- works
[0.927s] -- Detecting CXX compiler ABI info
[1.061s] -- Detecting CXX compiler ABI info - done
[1.100s] -- Detecting CXX compile features
[1.101s] -- Detecting CXX compile features - done
[1.107s] -- Found ament_cmake: 0.9.9 (/opt/ros/foxy/share/ament_cmake/cmake)
[1.175s] -- Found PythonInterp: /usr/bin/python3 (found suitable version "3.8.10", minimum required is "3") 
[1.175s] -- Using PYTHON_EXECUTABLE: /usr/bin/python3
[1.704s] -- Override CMake install command with custom implementation using symlinks instead of copying resources
[1.763s] -- Found angles: 1.12.3 (/opt/ros/foxy/share/angles/cmake)
[1.768s] -- Found controller_manager: 0.10.1 (/opt/ros/foxy/share/controller_manager/cmake)
[1.882s] -- Using all available rosidl_typesupport_c: rosidl_typesupport_fastrtps_c;rosidl_typesupport_introspection_c
[1.903s] -- Found rosidl_adapter: 1.2.1 (/opt/ros/foxy/share/rosidl_adapter/cmake)
[2.073s] -- Found OpenSSL: /usr/lib/x86_64-linux-gnu/libcrypto.so (found version "1.1.1f")  
[2.163s] -- Found FastRTPS: /opt/ros/foxy/include  
[2.363s] -- Using all available rosidl_typesupport_cpp: rosidl_typesupport_fastrtps_cpp;rosidl_typesupport_introspection_cpp
[3.773s] -- Found rmw_implementation_cmake: 1.0.3 (/opt/ros/foxy/share/rmw_implementation_cmake/cmake)
[3.775s] -- Using RMW implementation 'rmw_fastrtps_cpp' as default
[3.777s] -- Looking for pthread.h
[3.892s] -- Looking for pthread.h - found
[3.892s] -- Performing Test CMAKE_HAVE_LIBC_PTHREAD
[4.076s] -- Performing Test CMAKE_HAVE_LIBC_PTHREAD - Failed
[4.076s] -- Looking for pthread_create in pthreads
[4.187s] -- Looking for pthread_create in pthreads - not found
[4.187s] -- Looking for pthread_create in pthread
[4.356s] -- Looking for pthread_create in pthread - found
[4.359s] -- Found Threads: TRUE  
[7.971s] -- Found gazebo_dev: 3.5.3 (/opt/ros/foxy/share/gazebo_dev/cmake)
[8.033s] -- Found PkgConfig: /usr/bin/pkg-config (found version "0.29.1") 
[8.051s] -- Checking for module 'bullet>=2.82'
[8.205s] --   Found bullet, version 2.88
[9.693s] -- Found ccd: /usr/include (found suitable version "2.0", minimum required is "2.0") 
[9.808s] -- Found fcl: /usr/include (found suitable version "0.5.0", minimum required is "0.3.2") 
[9.893s] -- Found assimp: /usr/include (found version "5.0.0") 
[9.944s] -- Found DART: /usr/include (Required is at least version "6.6") found components: dart 
[9.991s] -- Found Boost: /usr/lib/x86_64-linux-gnu/cmake/Boost-1.71.0/BoostConfig.cmake (found suitable version "1.71.0", minimum required is "1.40.0") found components: thread system filesystem program_options regex iostreams date_time 
[10.032s] -- Found Protobuf: /usr/lib/x86_64-linux-gnu/libprotobuf.so;-lpthread (found version "3.6.1") 
[10.040s] -- Looking for ignition-math6 -- found version 6.10.0
[10.063s] -- Searching for dependencies of ignition-math6
[10.071s] -- Looking for OGRE...
[10.072s] -- OGRE_PREFIX_WATCH changed.
[10.081s] -- Checking for module 'OGRE'
[10.106s] --   Found OGRE, version 1.9.0
[10.167s] -- Found Ogre Ghadamon (1.9.0)
[10.182s] -- Found OGRE: optimized;/usr/lib/x86_64-linux-gnu/libOgreMain.so;debug;/usr/lib/x86_64-linux-gnu/libOgreMain.so
[10.202s] -- Looking for OGRE_Paging...
[10.211s] -- Found OGRE_Paging: optimized;/usr/lib/x86_64-linux-gnu/libOgrePaging.so;debug;/usr/lib/x86_64-linux-gnu/libOgrePaging.so
[10.211s] -- Looking for OGRE_Terrain...
[10.223s] -- Found OGRE_Terrain: optimized;/usr/lib/x86_64-linux-gnu/libOgreTerrain.so;debug;/usr/lib/x86_64-linux-gnu/libOgreTerrain.so
[10.224s] -- Looking for OGRE_Property...
[10.251s] -- Found OGRE_Property: optimized;/usr/lib/x86_64-linux-gnu/libOgreProperty.so;debug;/usr/lib/x86_64-linux-gnu/libOgreProperty.so
[10.251s] -- Looking for OGRE_RTShaderSystem...
[10.269s] -- Found OGRE_RTShaderSystem: optimized;/usr/lib/x86_64-linux-gnu/libOgreRTShaderSystem.so;debug;/usr/lib/x86_64-linux-gnu/libOgreRTShaderSystem.so
[10.269s] -- Looking for OGRE_Volume...
[10.291s] -- Found OGRE_Volume: optimized;/usr/lib/x86_64-linux-gnu/libOgreVolume.so;debug;/usr/lib/x86_64-linux-gnu/libOgreVolume.so
[10.291s] -- Looking for OGRE_Overlay...
[10.310s] -- Found OGRE_Overlay: optimized;/usr/lib/x86_64-linux-gnu/libOgreOverlay.so;debug;/usr/lib/x86_64-linux-gnu/libOgreOverlay.so
[10.575s] -- Looking for ignition-math6 -- found version 6.10.0
[10.580s] -- Looking for ignition-transport8 -- found version 8.2.1
[10.581s] -- Searching for dependencies of ignition-transport8
[10.607s] -- Found Protobuf: /usr/lib/x86_64-linux-gnu/libprotobuf.so;-lpthread (found suitable version "3.6.1", minimum required is "3") 
[10.624s] -- Config-file not installed for ZeroMQ -- checking for pkg-config
[10.629s] -- Checking for module 'libzmq >= 4'
[10.659s] --   Found libzmq , version 4.3.2
[10.712s] -- Found ZeroMQ: TRUE (Required is at least version "4") 
[10.719s] -- Checking for module 'uuid'
[10.735s] --   Found uuid, version 2.34.0
[10.855s] -- Found UUID: TRUE  
[10.861s] -- Looking for ignition-msgs5 -- found version 5.9.0
[10.862s] -- Searching for dependencies of ignition-msgs5
[10.894s] -- Looking for ignition-math6 -- found version 6.10.0
[10.900s] -- Checking for module 'tinyxml2'
[10.918s] --   Found tinyxml2, version 6.2.0
[11.000s] -- Looking for ignition-msgs5 -- found version 5.9.0
[11.004s] -- Looking for ignition-common3 -- found version 3.14.0
[11.005s] -- Searching for dependencies of ignition-common3
[11.006s] -- Looking for dlfcn.h - found
[11.008s] -- Looking for libdl - found
[11.010s] -- Found DL: TRUE  
[11.021s] -- Searching for <ignition-common3> component [graphics]
[11.024s] -- Looking for ignition-common3-graphics -- found version 3.14.0
[11.025s] -- Searching for dependencies of ignition-common3-graphics
[11.025s] -- Looking for ignition-math6 -- found version 6.10.0
[11.030s] -- Looking for ignition-fuel_tools4 -- found version 4.4.0
[11.031s] -- Searching for dependencies of ignition-fuel_tools4
[11.264s] -- Found CURL: /usr/lib/x86_64-linux-gnu/libcurl.so (found version "7.68.0")  
[11.286s] -- Checking for module 'jsoncpp'
[11.313s] --   Found jsoncpp, version 1.7.4
[11.360s] -- Found JSONCPP: TRUE  
[11.367s] -- Checking for module 'libzip'
[11.386s] --   Found libzip, version 1.5.1
[11.433s] -- Found ZIP: TRUE  
[11.433s] -- Looking for ignition-common3 -- found version 3.14.0
[11.434s] -- Looking for ignition-math6 -- found version 6.10.0
[11.434s] -- Looking for ignition-msgs5 -- found version 5.9.0
[11.437s] -- Gazebo version: 11.10
[11.439s] -- Found gazebo_ros: 3.5.3 (/opt/ros/foxy/share/gazebo_ros/cmake)
[11.459s] -- Found yaml_cpp_vendor: 7.0.2 (/opt/ros/foxy/share/yaml_cpp_vendor/cmake)
[11.459s] -- Setting yaml-cpp_DIR to: '/opt/ros/foxy/share/yaml_cpp_vendor/cmake/../../../opt/yaml_cpp_vendor/lib/cmake/yaml-cpp'
[13.344s] -- Found ament_cmake_gtest: 0.9.9 (/opt/ros/foxy/share/ament_cmake_gtest/cmake)
[13.366s] -- Found ament_lint_auto: 0.9.6 (/opt/ros/foxy/share/ament_lint_auto/cmake)
[14.796s] -- Added test 'copyright' to check source files copyright and LICENSE
[14.815s] -- Added test 'cppcheck' to perform static code analysis on C / C++ code
[14.835s] -- Configured cppcheck include dirs: /home/hunajpu/dev_tt_ws/src/gazebo_ros2_control/gazebo_ros2_control/include
[14.838s] -- Configured cppcheck exclude dirs and/or files: 
[14.847s] -- Added test 'cpplint' to check C / C++ code against the Google style
[14.848s] -- Configured cpplint exclude dirs and/or files: 
[14.857s] -- Added test 'lint_cmake' to check CMake code style
[14.874s] -- Added test 'uncrustify' to check C / C++ code style
[14.875s] -- Configured uncrustify additional arguments: 
[14.885s] -- Added test 'xmllint' to check XML markup files
[14.979s] -- Configuring done
[16.272s] -- Generating done
[16.545s] -- Build files have been written to: /home/hunajpu/dev_tt_ws/build/gazebo_ros2_control
[17.050s] Invoked command in '/home/hunajpu/dev_tt_ws/build/gazebo_ros2_control' returned '0': CMAKE_PREFIX_PATH=/opt/ros/foxy /usr/bin/cmake /home/hunajpu/dev_tt_ws/src/gazebo_ros2_control/gazebo_ros2_control -DAMENT_CMAKE_SYMLINK_INSTALL=1 -DCMAKE_INSTALL_PREFIX=/home/hunajpu/dev_tt_ws/install/gazebo_ros2_control
[17.052s] Invoking command in '/home/hunajpu/dev_tt_ws/build/gazebo_ros2_control': CMAKE_PREFIX_PATH=/opt/ros/foxy /usr/bin/cmake --build /home/hunajpu/dev_tt_ws/build/gazebo_ros2_control -- -j8 -l8
[17.052s] [35m[1mScanning dependencies of target gazebo_hardware_plugins[0m
[17.253s] [ 25%] [32mBuilding CXX object CMakeFiles/gazebo_hardware_plugins.dir/src/gazebo_system.cpp.o[0m
[53.433s] [ 50%] [32m[1mLinking CXX shared library libgazebo_hardware_plugins.so[0m
[55.632s] [ 50%] Built target gazebo_hardware_plugins
[55.750s] [35m[1mScanning dependencies of target gazebo_ros2_control[0m
[57.565s] [ 75%] [32mBuilding CXX object CMakeFiles/gazebo_ros2_control.dir/src/gazebo_ros2_control_plugin.cpp.o[0m
[91.822s] [100%] [32m[1mLinking CXX shared library libgazebo_ros2_control.so[0m
[92.811s] [100%] Built target gazebo_ros2_control
[92.954s] Invoked command in '/home/hunajpu/dev_tt_ws/build/gazebo_ros2_control' returned '0': CMAKE_PREFIX_PATH=/opt/ros/foxy /usr/bin/cmake --build /home/hunajpu/dev_tt_ws/build/gazebo_ros2_control -- -j8 -l8
[93.001s] Invoking command in '/home/hunajpu/dev_tt_ws/build/gazebo_ros2_control': CMAKE_PREFIX_PATH=/opt/ros/foxy /usr/bin/cmake --install /home/hunajpu/dev_tt_ws/build/gazebo_ros2_control
[93.011s] -- Install configuration: ""
[93.011s] -- Execute custom install script
[93.012s] -- Symlinking: /home/hunajpu/dev_tt_ws/install/gazebo_ros2_control/lib/libgazebo_ros2_control.so
[93.024s] -- Symlinking: /home/hunajpu/dev_tt_ws/install/gazebo_ros2_control/lib/libgazebo_hardware_plugins.so
[93.038s] -- Symlinking: /home/hunajpu/dev_tt_ws/install/gazebo_ros2_control/share/gazebo_ros2_control/environment/library_path.sh
[93.049s] -- Symlinking: /home/hunajpu/dev_tt_ws/install/gazebo_ros2_control/share/gazebo_ros2_control/environment/library_path.dsv
[93.060s] -- Symlinking: /home/hunajpu/dev_tt_ws/install/gazebo_ros2_control/include/gazebo_ros2_control/gazebo_ros2_control_plugin.hpp
[93.071s] -- Symlinking: /home/hunajpu/dev_tt_ws/install/gazebo_ros2_control/include/gazebo_ros2_control/gazebo_system.hpp
[93.082s] -- Symlinking: /home/hunajpu/dev_tt_ws/install/gazebo_ros2_control/include/gazebo_ros2_control/gazebo_system_interface.hpp
[93.094s] -- Symlinking: /home/hunajpu/dev_tt_ws/install/gazebo_ros2_control/share/gazebo_ros2_control//gazebo_hardware_plugins.xml
[93.103s] -- Symlinking: /home/hunajpu/dev_tt_ws/install/gazebo_ros2_control/share/ament_index/resource_index/package_run_dependencies/gazebo_ros2_control
[93.112s] -- Symlinking: /home/hunajpu/dev_tt_ws/install/gazebo_ros2_control/share/ament_index/resource_index/parent_prefix_path/gazebo_ros2_control
[93.123s] -- Symlinking: /home/hunajpu/dev_tt_ws/install/gazebo_ros2_control/share/gazebo_ros2_control/environment/ament_prefix_path.sh
[93.132s] -- Symlinking: /home/hunajpu/dev_tt_ws/install/gazebo_ros2_control/share/gazebo_ros2_control/environment/ament_prefix_path.dsv
[93.148s] -- Symlinking: /home/hunajpu/dev_tt_ws/install/gazebo_ros2_control/share/gazebo_ros2_control/environment/path.sh
[93.172s] -- Symlinking: /home/hunajpu/dev_tt_ws/install/gazebo_ros2_control/share/gazebo_ros2_control/environment/path.dsv
[93.194s] -- Symlinking: /home/hunajpu/dev_tt_ws/install/gazebo_ros2_control/share/gazebo_ros2_control/local_setup.bash
[93.220s] -- Symlinking: /home/hunajpu/dev_tt_ws/install/gazebo_ros2_control/share/gazebo_ros2_control/local_setup.sh
[93.240s] -- Symlinking: /home/hunajpu/dev_tt_ws/install/gazebo_ros2_control/share/gazebo_ros2_control/local_setup.zsh
[93.254s] -- Symlinking: /home/hunajpu/dev_tt_ws/install/gazebo_ros2_control/share/gazebo_ros2_control/local_setup.dsv
[93.266s] -- Symlinking: /home/hunajpu/dev_tt_ws/install/gazebo_ros2_control/share/gazebo_ros2_control/package.dsv
[93.291s] -- Symlinking: /home/hunajpu/dev_tt_ws/install/gazebo_ros2_control/share/ament_index/resource_index/packages/gazebo_ros2_control
[93.566s] -- Symlinking: /home/hunajpu/dev_tt_ws/install/gazebo_ros2_control/share/ament_index/resource_index/gazebo_ros2_control__pluginlib__plugin/gazebo_ros2_control
[93.587s] -- Symlinking: /home/hunajpu/dev_tt_ws/install/gazebo_ros2_control/share/gazebo_ros2_control/cmake/ament_cmake_export_include_directories-extras.cmake
[93.598s] -- Symlinking: /home/hunajpu/dev_tt_ws/install/gazebo_ros2_control/share/gazebo_ros2_control/cmake/ament_cmake_export_dependencies-extras.cmake
[93.607s] -- Symlinking: /home/hunajpu/dev_tt_ws/install/gazebo_ros2_control/share/gazebo_ros2_control/cmake/ament_cmake_export_libraries-extras.cmake
[93.615s] -- Symlinking: /home/hunajpu/dev_tt_ws/install/gazebo_ros2_control/share/gazebo_ros2_control/cmake/gazebo_ros2_controlConfig.cmake
[93.625s] -- Symlinking: /home/hunajpu/dev_tt_ws/install/gazebo_ros2_control/share/gazebo_ros2_control/cmake/gazebo_ros2_controlConfig-version.cmake
[93.634s] -- Symlinking: /home/hunajpu/dev_tt_ws/install/gazebo_ros2_control/share/gazebo_ros2_control/package.xml
[93.646s] Invoked command in '/home/hunajpu/dev_tt_ws/build/gazebo_ros2_control' returned '0': CMAKE_PREFIX_PATH=/opt/ros/foxy /usr/bin/cmake --install /home/hunajpu/dev_tt_ws/build/gazebo_ros2_control
