[0.191s] Invoking command in '/home/hunajpu/dev_tt_ws/build/cobots_axis_gui': CMAKE_PREFIX_PATH=${CMAKE_PREFIX_PATH}:/opt/ros/foxy /usr/bin/cmake --build /home/hunajpu/dev_tt_ws/build/cobots_axis_gui -- -j8 -l8
[0.282s] [35m[1mScanning dependencies of target cobot_7thaxis[0m
[0.357s] [  9%] [32mBuilding CXX object CMakeFiles/cobot_7thaxis.dir/src/cobot_7thaxis.cpp.o[0m
[8.050s] [01m[K/home/hunajpu/dev_tt_ws/src/cobots_7thaxis/cobots_axis_gui/src/cobot_7thaxis.cpp:[m[K In member function ‘[01m[Kvoid rqt_plugin::Cobot7thAxis::clickRunButton()[m[K’:
[8.051s] [01m[K/home/hunajpu/dev_tt_ws/src/cobots_7thaxis/cobots_axis_gui/src/cobot_7thaxis.cpp:63:30:[m[K [01;35m[Kwarning: [m[KISO C++ forbids converting a string constant to ‘[01m[Kchar*[m[K’ [[01;35m[K-Wwrite-strings[m[K]
[8.051s]    63 |     char *argument_list[] = {[01;35m[K"ros2"[m[K, "launch", "ur3_ros2_moveit2", "ur3.launch.py", NULL};
[8.051s]       |                              [01;35m[K^~~~~~[m[K
[8.051s] [01m[K/home/hunajpu/dev_tt_ws/src/cobots_7thaxis/cobots_axis_gui/src/cobot_7thaxis.cpp:63:38:[m[K [01;35m[Kwarning: [m[KISO C++ forbids converting a string constant to ‘[01m[Kchar*[m[K’ [[01;35m[K-Wwrite-strings[m[K]
[8.051s]    63 |     char *argument_list[] = {"ros2", [01;35m[K"launch"[m[K, "ur3_ros2_moveit2", "ur3.launch.py", NULL};
[8.052s]       |                                      [01;35m[K^~~~~~~~[m[K
[8.052s] [01m[K/home/hunajpu/dev_tt_ws/src/cobots_7thaxis/cobots_axis_gui/src/cobot_7thaxis.cpp:63:48:[m[K [01;35m[Kwarning: [m[KISO C++ forbids converting a string constant to ‘[01m[Kchar*[m[K’ [[01;35m[K-Wwrite-strings[m[K]
[8.052s]    63 |     char *argument_list[] = {"ros2", "launch", [01;35m[K"ur3_ros2_moveit2"[m[K, "ur3.launch.py", NULL};
[8.052s]       |                                                [01;35m[K^~~~~~~~~~~~~~~~~~[m[K
[8.052s] [01m[K/home/hunajpu/dev_tt_ws/src/cobots_7thaxis/cobots_axis_gui/src/cobot_7thaxis.cpp:63:68:[m[K [01;35m[Kwarning: [m[KISO C++ forbids converting a string constant to ‘[01m[Kchar*[m[K’ [[01;35m[K-Wwrite-strings[m[K]
[8.052s]    63 |     char *argument_list[] = {"ros2", "launch", "ur3_ros2_moveit2", [01;35m[K"ur3.launch.py"[m[K, NULL};
[8.052s]       |                                                                    [01;35m[K^~~~~~~~~~~~~~~[m[K
[8.052s] [01m[K/home/hunajpu/dev_tt_ws/src/cobots_7thaxis/cobots_axis_gui/src/cobot_7thaxis.cpp:70:26:[m[K [01;35m[Kwarning: [m[KISO C++ forbids converting a string constant to ‘[01m[Kchar*[m[K’ [[01;35m[K-Wwrite-strings[m[K]
[8.052s]    70 |       argument_list[2] = [01;35m[K"ur3_ros2_moveit2"[m[K;
[8.052s]       |                          [01;35m[K^~~~~~~~~~~~~~~~~~[m[K
[8.052s] [01m[K/home/hunajpu/dev_tt_ws/src/cobots_7thaxis/cobots_axis_gui/src/cobot_7thaxis.cpp:73:26:[m[K [01;35m[Kwarning: [m[KISO C++ forbids converting a string constant to ‘[01m[Kchar*[m[K’ [[01;35m[K-Wwrite-strings[m[K]
[8.052s]    73 |       argument_list[2] = [01;35m[K"panda_ros2_moveit2"[m[K;
[8.053s]       |                          [01;35m[K^~~~~~~~~~~~~~~~~~~~[m[K
[8.053s] [01m[K/home/hunajpu/dev_tt_ws/src/cobots_7thaxis/cobots_axis_gui/src/cobot_7thaxis.cpp:84:26:[m[K [01;35m[Kwarning: [m[KISO C++ forbids converting a string constant to ‘[01m[Kchar*[m[K’ [[01;35m[K-Wwrite-strings[m[K]
[8.053s]    84 |       argument_list[3] = [01;35m[K"sim.launch.py"[m[K;
[8.053s]       |                          [01;35m[K^~~~~~~~~~~~~~~[m[K
[8.053s] [01m[K/home/hunajpu/dev_tt_ws/src/cobots_7thaxis/cobots_axis_gui/src/cobot_7thaxis.cpp:[m[K In member function ‘[01m[Kvirtual void rqt_plugin::Cobot7thAxis::saveSettings(qt_gui_cpp::Settings&, qt_gui_cpp::Settings&) const[m[K’:
[8.054s] [01m[K/home/hunajpu/dev_tt_ws/src/cobots_7thaxis/cobots_axis_gui/src/cobot_7thaxis.cpp:130:57:[m[K [01;35m[Kwarning: [m[Kunused parameter ‘[01m[Kplugin_settings[m[K’ [[01;35m[K-Wunused-parameter[m[K]
[8.054s]   130 |   void Cobot7thAxis::saveSettings([01;35m[Kqt_gui_cpp::Settings& plugin_settings[m[K, qt_gui_cpp::Settings& instance_settings) const
[8.054s]       |                                   [01;35m[K~~~~~~~~~~~~~~~~~~~~~~^~~~~~~~~~~~~~~[m[K
[8.054s] [01m[K/home/hunajpu/dev_tt_ws/src/cobots_7thaxis/cobots_axis_gui/src/cobot_7thaxis.cpp:130:96:[m[K [01;35m[Kwarning: [m[Kunused parameter ‘[01m[Kinstance_settings[m[K’ [[01;35m[K-Wunused-parameter[m[K]
[8.054s]   130 |   void Cobot7thAxis::saveSettings(qt_gui_cpp::Settings& plugin_settings, [01;35m[Kqt_gui_cpp::Settings& instance_settings[m[K) const
[8.054s]       |                                                                          [01;35m[K~~~~~~~~~~~~~~~~~~~~~~^~~~~~~~~~~~~~~~~[m[K
[8.054s] [01m[K/home/hunajpu/dev_tt_ws/src/cobots_7thaxis/cobots_axis_gui/src/cobot_7thaxis.cpp:[m[K In member function ‘[01m[Kvirtual void rqt_plugin::Cobot7thAxis::restoreSettings(const qt_gui_cpp::Settings&, const qt_gui_cpp::Settings&)[m[K’:
[8.054s] [01m[K/home/hunajpu/dev_tt_ws/src/cobots_7thaxis/cobots_axis_gui/src/cobot_7thaxis.cpp:135:66:[m[K [01;35m[Kwarning: [m[Kunused parameter ‘[01m[Kplugin_settings[m[K’ [[01;35m[K-Wunused-parameter[m[K]
[8.054s]   135 |   void Cobot7thAxis::restoreSettings([01;35m[Kconst qt_gui_cpp::Settings& plugin_settings[m[K, const qt_gui_cpp::Settings& instance_settings)
[8.055s]       |                                      [01;35m[K~~~~~~~~~~~~~~~~~~~~~~~~~~~~^~~~~~~~~~~~~~~[m[K
[8.055s] [01m[K/home/hunajpu/dev_tt_ws/src/cobots_7thaxis/cobots_axis_gui/src/cobot_7thaxis.cpp:135:111:[m[K [01;35m[Kwarning: [m[Kunused parameter ‘[01m[Kinstance_settings[m[K’ [[01;35m[K-Wunused-parameter[m[K]
[8.055s]   135 |   void Cobot7thAxis::restoreSettings(const qt_gui_cpp::Settings& plugin_settings, [01;35m[Kconst qt_gui_cpp::Settings& instance_settings[m[K)
[8.055s]       |                                                                                   [01;35m[K~~~~~~~~~~~~~~~~~~~~~~~~~~~~^~~~~~~~~~~~~~~~~[m[K
[12.789s] [ 18%] [32m[1mLinking CXX shared library libcobot_7thaxis.so[0m
[13.918s] [100%] Built target cobot_7thaxis
[13.930s] Invoked command in '/home/hunajpu/dev_tt_ws/build/cobots_axis_gui' returned '0': CMAKE_PREFIX_PATH=${CMAKE_PREFIX_PATH}:/opt/ros/foxy /usr/bin/cmake --build /home/hunajpu/dev_tt_ws/build/cobots_axis_gui -- -j8 -l8
[13.968s] Invoking command in '/home/hunajpu/dev_tt_ws/build/cobots_axis_gui': CMAKE_PREFIX_PATH=${CMAKE_PREFIX_PATH}:/opt/ros/foxy /usr/bin/cmake --install /home/hunajpu/dev_tt_ws/build/cobots_axis_gui
[13.977s] -- Install configuration: "Debug"
[13.977s] -- Installing: /home/hunajpu/dev_tt_ws/install/cobots_axis_gui/lib/cobots_axis_gui/libcobot_7thaxis.so
[13.981s] -- Set runtime path of "/home/hunajpu/dev_tt_ws/install/cobots_axis_gui/lib/cobots_axis_gui/libcobot_7thaxis.so" to ""
[13.982s] -- Up-to-date: /home/hunajpu/dev_tt_ws/install/cobots_axis_gui/lib/cobots_axis_gui/cobot_7thaxis
[13.982s] -- Up-to-date: /home/hunajpu/dev_tt_ws/install/cobots_axis_gui/include
[13.982s] -- Up-to-date: /home/hunajpu/dev_tt_ws/install/cobots_axis_gui/include/cobots_axis_gui
[13.982s] -- Up-to-date: /home/hunajpu/dev_tt_ws/install/cobots_axis_gui/include/cobots_axis_gui/mytoolbutton.h
[13.982s] -- Up-to-date: /home/hunajpu/dev_tt_ws/install/cobots_axis_gui/include/cobots_axis_gui/ros_launch_manager.hpp
[13.983s] -- Up-to-date: /home/hunajpu/dev_tt_ws/install/cobots_axis_gui/include/cobots_axis_gui/.git
[13.983s] -- Up-to-date: /home/hunajpu/dev_tt_ws/install/cobots_axis_gui/include/cobots_axis_gui/.git/refs
[13.983s] -- Up-to-date: /home/hunajpu/dev_tt_ws/install/cobots_axis_gui/include/cobots_axis_gui/.git/refs/tags
[13.983s] -- Up-to-date: /home/hunajpu/dev_tt_ws/install/cobots_axis_gui/include/cobots_axis_gui/.git/refs/heads
[13.983s] -- Up-to-date: /home/hunajpu/dev_tt_ws/install/cobots_axis_gui/include/cobots_axis_gui/.git/info
[13.983s] -- Up-to-date: /home/hunajpu/dev_tt_ws/install/cobots_axis_gui/include/cobots_axis_gui/.git/info/exclude
[13.983s] -- Up-to-date: /home/hunajpu/dev_tt_ws/install/cobots_axis_gui/include/cobots_axis_gui/.git/HEAD
[13.983s] -- Up-to-date: /home/hunajpu/dev_tt_ws/install/cobots_axis_gui/include/cobots_axis_gui/.git/description
[13.983s] -- Up-to-date: /home/hunajpu/dev_tt_ws/install/cobots_axis_gui/include/cobots_axis_gui/.git/objects
[13.983s] -- Up-to-date: /home/hunajpu/dev_tt_ws/install/cobots_axis_gui/include/cobots_axis_gui/.git/objects/info
[13.984s] -- Up-to-date: /home/hunajpu/dev_tt_ws/install/cobots_axis_gui/include/cobots_axis_gui/.git/objects/32
[13.984s] -- Up-to-date: /home/hunajpu/dev_tt_ws/install/cobots_axis_gui/include/cobots_axis_gui/.git/objects/32/5b31b591e3b438cbfdc92726aaae05353d0342
[13.984s] -- Up-to-date: /home/hunajpu/dev_tt_ws/install/cobots_axis_gui/include/cobots_axis_gui/.git/objects/pack
[13.984s] -- Up-to-date: /home/hunajpu/dev_tt_ws/install/cobots_axis_gui/include/cobots_axis_gui/.git/objects/06
[13.984s] -- Up-to-date: /home/hunajpu/dev_tt_ws/install/cobots_axis_gui/include/cobots_axis_gui/.git/objects/06/4abb06ea0e84d51ecbbd3bb9595c729300c13b
[13.984s] -- Up-to-date: /home/hunajpu/dev_tt_ws/install/cobots_axis_gui/include/cobots_axis_gui/.git/objects/1c
[13.984s] -- Up-to-date: /home/hunajpu/dev_tt_ws/install/cobots_axis_gui/include/cobots_axis_gui/.git/objects/1c/54dc6324c8e1c7e302b32ce67fcbec485f0a83
[13.984s] -- Up-to-date: /home/hunajpu/dev_tt_ws/install/cobots_axis_gui/include/cobots_axis_gui/.git/objects/be
[13.984s] -- Up-to-date: /home/hunajpu/dev_tt_ws/install/cobots_axis_gui/include/cobots_axis_gui/.git/objects/be/5d563b20cb66ad39c95a2d62cbf294a8aaccd7
[13.984s] -- Up-to-date: /home/hunajpu/dev_tt_ws/install/cobots_axis_gui/include/cobots_axis_gui/.git/objects/86
[13.984s] -- Up-to-date: /home/hunajpu/dev_tt_ws/install/cobots_axis_gui/include/cobots_axis_gui/.git/objects/86/e5761b4716c26905eb3cb6d747f70f7c78f89b
[13.984s] -- Up-to-date: /home/hunajpu/dev_tt_ws/install/cobots_axis_gui/include/cobots_axis_gui/.git/objects/14
[13.985s] -- Up-to-date: /home/hunajpu/dev_tt_ws/install/cobots_axis_gui/include/cobots_axis_gui/.git/objects/14/6d235a8472c7c09c8908a0da4353cef453ad19
[13.985s] -- Up-to-date: /home/hunajpu/dev_tt_ws/install/cobots_axis_gui/include/cobots_axis_gui/.git/objects/6b
[13.985s] -- Up-to-date: /home/hunajpu/dev_tt_ws/install/cobots_axis_gui/include/cobots_axis_gui/.git/objects/6b/7575fc8f3f86136b8ef409181d7cce60f63de6
[13.985s] -- Up-to-date: /home/hunajpu/dev_tt_ws/install/cobots_axis_gui/include/cobots_axis_gui/.git/config
[13.988s] -- Up-to-date: /home/hunajpu/dev_tt_ws/install/cobots_axis_gui/include/cobots_axis_gui/.git/hooks
[13.988s] -- Up-to-date: /home/hunajpu/dev_tt_ws/install/cobots_axis_gui/include/cobots_axis_gui/.git/hooks/pre-applypatch.sample
[13.989s] -- Up-to-date: /home/hunajpu/dev_tt_ws/install/cobots_axis_gui/include/cobots_axis_gui/.git/hooks/pre-merge-commit.sample
[13.989s] -- Up-to-date: /home/hunajpu/dev_tt_ws/install/cobots_axis_gui/include/cobots_axis_gui/.git/hooks/applypatch-msg.sample
[13.989s] -- Up-to-date: /home/hunajpu/dev_tt_ws/install/cobots_axis_gui/include/cobots_axis_gui/.git/hooks/pre-commit.sample
[13.989s] -- Up-to-date: /home/hunajpu/dev_tt_ws/install/cobots_axis_gui/include/cobots_axis_gui/.git/hooks/pre-push.sample
[13.989s] -- Up-to-date: /home/hunajpu/dev_tt_ws/install/cobots_axis_gui/include/cobots_axis_gui/.git/hooks/post-update.sample
[13.989s] -- Up-to-date: /home/hunajpu/dev_tt_ws/install/cobots_axis_gui/include/cobots_axis_gui/.git/hooks/pre-rebase.sample
[13.989s] -- Up-to-date: /home/hunajpu/dev_tt_ws/install/cobots_axis_gui/include/cobots_axis_gui/.git/hooks/commit-msg.sample
[13.989s] -- Up-to-date: /home/hunajpu/dev_tt_ws/install/cobots_axis_gui/include/cobots_axis_gui/.git/hooks/pre-receive.sample
[13.990s] -- Up-to-date: /home/hunajpu/dev_tt_ws/install/cobots_axis_gui/include/cobots_axis_gui/.git/hooks/fsmonitor-watchman.sample
[13.991s] -- Up-to-date: /home/hunajpu/dev_tt_ws/install/cobots_axis_gui/include/cobots_axis_gui/.git/hooks/update.sample
[13.991s] -- Up-to-date: /home/hunajpu/dev_tt_ws/install/cobots_axis_gui/include/cobots_axis_gui/.git/hooks/prepare-commit-msg.sample
[13.991s] -- Up-to-date: /home/hunajpu/dev_tt_ws/install/cobots_axis_gui/include/cobots_axis_gui/.git/branches
[13.992s] -- Up-to-date: /home/hunajpu/dev_tt_ws/install/cobots_axis_gui/include/cobots_axis_gui/.git/index
[13.992s] -- Up-to-date: /home/hunajpu/dev_tt_ws/install/cobots_axis_gui/include/cobots_axis_gui/cobot_7thaxis.h
[13.992s] -- Up-to-date: /home/hunajpu/dev_tt_ws/install/cobots_axis_gui/share/cobots_axis_gui/plugin.xml
[13.992s] -- Up-to-date: /home/hunajpu/dev_tt_ws/install/cobots_axis_gui/share/cobots_axis_gui/resource
[13.992s] -- Up-to-date: /home/hunajpu/dev_tt_ws/install/cobots_axis_gui/share/cobots_axis_gui/resource/home.jpeg
[13.993s] -- Up-to-date: /home/hunajpu/dev_tt_ws/install/cobots_axis_gui/share/cobots_axis_gui/resource/reload.png
[13.993s] -- Up-to-date: /home/hunajpu/dev_tt_ws/install/cobots_axis_gui/share/cobots_axis_gui/resource/cobot_7thaxis.ui
[13.993s] -- Up-to-date: /home/hunajpu/dev_tt_ws/install/cobots_axis_gui/share/cobots_axis_gui/resource/cobot_7thaxis.ui.autosave
[13.993s] -- Up-to-date: /home/hunajpu/dev_tt_ws/install/cobots_axis_gui/share/cobots_axis_gui/resource/stop.png
[13.995s] -- Up-to-date: /home/hunajpu/dev_tt_ws/install/cobots_axis_gui/share/cobots_axis_gui/launch
[13.996s] -- Up-to-date: /home/hunajpu/dev_tt_ws/install/cobots_axis_gui/share/cobots_axis_gui/launch/start.py
[13.996s] -- Up-to-date: /home/hunajpu/dev_tt_ws/install/cobots_axis_gui/share/cobots_axis_gui/plugin.xml
[13.996s] -- Up-to-date: /home/hunajpu/dev_tt_ws/install/cobots_axis_gui/share/cobots_axis_gui/environment/library_path.sh
[13.996s] -- Up-to-date: /home/hunajpu/dev_tt_ws/install/cobots_axis_gui/share/cobots_axis_gui/environment/library_path.dsv
[13.996s] -- Up-to-date: /home/hunajpu/dev_tt_ws/install/cobots_axis_gui/share/ament_index/resource_index/package_run_dependencies/cobots_axis_gui
[13.997s] -- Up-to-date: /home/hunajpu/dev_tt_ws/install/cobots_axis_gui/share/ament_index/resource_index/parent_prefix_path/cobots_axis_gui
[13.997s] -- Up-to-date: /home/hunajpu/dev_tt_ws/install/cobots_axis_gui/share/cobots_axis_gui/environment/ament_prefix_path.sh
[13.997s] -- Up-to-date: /home/hunajpu/dev_tt_ws/install/cobots_axis_gui/share/cobots_axis_gui/environment/ament_prefix_path.dsv
[13.997s] -- Up-to-date: /home/hunajpu/dev_tt_ws/install/cobots_axis_gui/share/cobots_axis_gui/environment/path.sh
[13.997s] -- Up-to-date: /home/hunajpu/dev_tt_ws/install/cobots_axis_gui/share/cobots_axis_gui/environment/path.dsv
[13.998s] -- Up-to-date: /home/hunajpu/dev_tt_ws/install/cobots_axis_gui/share/cobots_axis_gui/local_setup.bash
[13.998s] -- Up-to-date: /home/hunajpu/dev_tt_ws/install/cobots_axis_gui/share/cobots_axis_gui/local_setup.sh
[13.998s] -- Up-to-date: /home/hunajpu/dev_tt_ws/install/cobots_axis_gui/share/cobots_axis_gui/local_setup.zsh
[14.000s] -- Up-to-date: /home/hunajpu/dev_tt_ws/install/cobots_axis_gui/share/cobots_axis_gui/local_setup.dsv
[14.000s] -- Installing: /home/hunajpu/dev_tt_ws/install/cobots_axis_gui/share/cobots_axis_gui/package.dsv
[14.000s] -- Up-to-date: /home/hunajpu/dev_tt_ws/install/cobots_axis_gui/share/ament_index/resource_index/packages/cobots_axis_gui
[14.000s] -- Up-to-date: /home/hunajpu/dev_tt_ws/install/cobots_axis_gui/share/ament_index/resource_index/rqt_gui__pluginlib__plugin/cobots_axis_gui
[14.000s] -- Up-to-date: /home/hunajpu/dev_tt_ws/install/cobots_axis_gui/share/cobots_axis_gui/cmake/ament_cmake_export_include_directories-extras.cmake
[14.000s] -- Up-to-date: /home/hunajpu/dev_tt_ws/install/cobots_axis_gui/share/cobots_axis_gui/cmake/ament_cmake_export_libraries-extras.cmake
[14.000s] -- Up-to-date: /home/hunajpu/dev_tt_ws/install/cobots_axis_gui/share/cobots_axis_gui/cmake/cobots_axis_guiConfig.cmake
[14.000s] -- Up-to-date: /home/hunajpu/dev_tt_ws/install/cobots_axis_gui/share/cobots_axis_gui/cmake/cobots_axis_guiConfig-version.cmake
[14.001s] -- Up-to-date: /home/hunajpu/dev_tt_ws/install/cobots_axis_gui/share/cobots_axis_gui/package.xml
[14.001s] Invoked command in '/home/hunajpu/dev_tt_ws/build/cobots_axis_gui' returned '0': CMAKE_PREFIX_PATH=${CMAKE_PREFIX_PATH}:/opt/ros/foxy /usr/bin/cmake --install /home/hunajpu/dev_tt_ws/build/cobots_axis_gui
