[0.313s] Invoking command in '/home/hunajpu/dev_tt_ws/build/irb120egp64_ros2_gazebo': CMAKE_PREFIX_PATH=${CMAKE_PREFIX_PATH}:/opt/ros/foxy /usr/bin/cmake --build /home/hunajpu/dev_tt_ws/build/irb120egp64_ros2_gazebo -- -j8 -l8
[0.474s] Invoked command in '/home/hunajpu/dev_tt_ws/build/irb120egp64_ros2_gazebo' returned '0': CMAKE_PREFIX_PATH=${CMAKE_PREFIX_PATH}:/opt/ros/foxy /usr/bin/cmake --build /home/hunajpu/dev_tt_ws/build/irb120egp64_ros2_gazebo -- -j8 -l8
[0.556s] Invoking command in '/home/hunajpu/dev_tt_ws/build/irb120egp64_ros2_gazebo': CMAKE_PREFIX_PATH=${CMAKE_PREFIX_PATH}:/opt/ros/foxy /usr/bin/cmake --install /home/hunajpu/dev_tt_ws/build/irb120egp64_ros2_gazebo
[0.581s] -- Install configuration: ""
[0.582s] -- Execute custom install script
[0.583s] -- Up-to-date symlink: /home/hunajpu/dev_tt_ws/install/irb120egp64_ros2_gazebo/share/irb120egp64_ros2_gazebo/config/irb120egp64_controller.yaml
[0.584s] -- Up-to-date symlink: /home/hunajpu/dev_tt_ws/install/irb120egp64_ros2_gazebo/share/irb120egp64_ros2_gazebo/launch/irb120egp64_simulation.launch.py
[0.588s] -- Up-to-date symlink: /home/hunajpu/dev_tt_ws/install/irb120egp64_ros2_gazebo/share/irb120egp64_ros2_gazebo/urdf/abb_resources/common_colours.xacro
[0.588s] -- Up-to-date symlink: /home/hunajpu/dev_tt_ws/install/irb120egp64_ros2_gazebo/share/irb120egp64_ros2_gazebo/urdf/abb_resources/common_materials.xacro
[0.589s] -- Up-to-date symlink: /home/hunajpu/dev_tt_ws/install/irb120egp64_ros2_gazebo/share/irb120egp64_ros2_gazebo/urdf/irb120egp64.urdf.xacro
[0.589s] -- Up-to-date symlink: /home/hunajpu/dev_tt_ws/install/irb120egp64_ros2_gazebo/share/irb120egp64_ros2_gazebo/urdf/irb120egp64_gazebo.xacro
[0.589s] -- Up-to-date symlink: /home/hunajpu/dev_tt_ws/install/irb120egp64_ros2_gazebo/share/irb120egp64_ros2_gazebo/urdf/irb120egp64_macro.urdf.xacro
[0.591s] -- Up-to-date symlink: /home/hunajpu/dev_tt_ws/install/irb120egp64_ros2_gazebo/share/irb120egp64_ros2_gazebo/urdf/irb120egp64_transmission.xacro
[0.607s] -- Up-to-date symlink: /home/hunajpu/dev_tt_ws/install/irb120egp64_ros2_gazebo/share/irb120egp64_ros2_gazebo/meshes/collision/base_link.stl
[0.607s] -- Up-to-date symlink: /home/hunajpu/dev_tt_ws/install/irb120egp64_ros2_gazebo/share/irb120egp64_ros2_gazebo/meshes/collision/link_1.stl
[0.608s] -- Up-to-date symlink: /home/hunajpu/dev_tt_ws/install/irb120egp64_ros2_gazebo/share/irb120egp64_ros2_gazebo/meshes/collision/link_2.stl
[0.609s] -- Up-to-date symlink: /home/hunajpu/dev_tt_ws/install/irb120egp64_ros2_gazebo/share/irb120egp64_ros2_gazebo/meshes/collision/link_3.stl
[0.611s] -- Up-to-date symlink: /home/hunajpu/dev_tt_ws/install/irb120egp64_ros2_gazebo/share/irb120egp64_ros2_gazebo/meshes/collision/link_4.stl
[0.612s] -- Up-to-date symlink: /home/hunajpu/dev_tt_ws/install/irb120egp64_ros2_gazebo/share/irb120egp64_ros2_gazebo/meshes/collision/link_5.stl
[0.612s] -- Up-to-date symlink: /home/hunajpu/dev_tt_ws/install/irb120egp64_ros2_gazebo/share/irb120egp64_ros2_gazebo/meshes/collision/link_6.stl
[0.612s] -- Up-to-date symlink: /home/hunajpu/dev_tt_ws/install/irb120egp64_ros2_gazebo/share/irb120egp64_ros2_gazebo/meshes/egp64/00. Schunk Gripper - Component POSES
[0.613s] -- Up-to-date symlink: /home/hunajpu/dev_tt_ws/install/irb120egp64_ros2_gazebo/share/irb120egp64_ros2_gazebo/meshes/egp64/Schunk Gripper - ADAPTER.STL
[0.613s] -- Up-to-date symlink: /home/hunajpu/dev_tt_ws/install/irb120egp64_ros2_gazebo/share/irb120egp64_ros2_gazebo/meshes/egp64/Schunk Gripper - ADAPTER.dae
[0.617s] -- Up-to-date symlink: /home/hunajpu/dev_tt_ws/install/irb120egp64_ros2_gazebo/share/irb120egp64_ros2_gazebo/meshes/egp64/Schunk Gripper - BASE noAdapter.STL
[0.617s] -- Up-to-date symlink: /home/hunajpu/dev_tt_ws/install/irb120egp64_ros2_gazebo/share/irb120egp64_ros2_gazebo/meshes/egp64/Schunk Gripper - BASE noAdapter.dae
[0.618s] -- Up-to-date symlink: /home/hunajpu/dev_tt_ws/install/irb120egp64_ros2_gazebo/share/irb120egp64_ros2_gazebo/meshes/egp64/Schunk Gripper - BASE.STL
[0.619s] -- Up-to-date symlink: /home/hunajpu/dev_tt_ws/install/irb120egp64_ros2_gazebo/share/irb120egp64_ros2_gazebo/meshes/egp64/Schunk Gripper - BASE.dae
[0.632s] -- Up-to-date symlink: /home/hunajpu/dev_tt_ws/install/irb120egp64_ros2_gazebo/share/irb120egp64_ros2_gazebo/meshes/egp64/Schunk Gripper - Cranfield Robotics.STL
[0.633s] -- Up-to-date symlink: /home/hunajpu/dev_tt_ws/install/irb120egp64_ros2_gazebo/share/irb120egp64_ros2_gazebo/meshes/egp64/Schunk Gripper - Cranfield Robotics.dae
[0.633s] -- Up-to-date symlink: /home/hunajpu/dev_tt_ws/install/irb120egp64_ros2_gazebo/share/irb120egp64_ros2_gazebo/meshes/egp64/Schunk Gripper - LEFT FINGER BASE.STL
[0.633s] -- Up-to-date symlink: /home/hunajpu/dev_tt_ws/install/irb120egp64_ros2_gazebo/share/irb120egp64_ros2_gazebo/meshes/egp64/Schunk Gripper - LEFT FINGER BASE.dae
[0.633s] -- Up-to-date symlink: /home/hunajpu/dev_tt_ws/install/irb120egp64_ros2_gazebo/share/irb120egp64_ros2_gazebo/meshes/egp64/Schunk Gripper - LEFT FINGER.STL
[0.634s] -- Up-to-date symlink: /home/hunajpu/dev_tt_ws/install/irb120egp64_ros2_gazebo/share/irb120egp64_ros2_gazebo/meshes/egp64/Schunk Gripper - LEFT FINGER.dae
[0.634s] -- Up-to-date symlink: /home/hunajpu/dev_tt_ws/install/irb120egp64_ros2_gazebo/share/irb120egp64_ros2_gazebo/meshes/egp64/Schunk Gripper - RIGHT FINGER BASE.STL
[0.634s] -- Up-to-date symlink: /home/hunajpu/dev_tt_ws/install/irb120egp64_ros2_gazebo/share/irb120egp64_ros2_gazebo/meshes/egp64/Schunk Gripper - RIGHT FINGER BASE.dae
[0.635s] -- Up-to-date symlink: /home/hunajpu/dev_tt_ws/install/irb120egp64_ros2_gazebo/share/irb120egp64_ros2_gazebo/meshes/egp64/Schunk Gripper - RIGHT FINGER.STL
[0.635s] -- Up-to-date symlink: /home/hunajpu/dev_tt_ws/install/irb120egp64_ros2_gazebo/share/irb120egp64_ros2_gazebo/meshes/egp64/Schunk Gripper - RIGHT FINGER.dae
[0.635s] -- Up-to-date symlink: /home/hunajpu/dev_tt_ws/install/irb120egp64_ros2_gazebo/share/irb120egp64_ros2_gazebo/meshes/irb120_cell.dae
[0.635s] -- Up-to-date symlink: /home/hunajpu/dev_tt_ws/install/irb120egp64_ros2_gazebo/share/irb120egp64_ros2_gazebo/meshes/visual/base_link.stl
[0.636s] -- Up-to-date symlink: /home/hunajpu/dev_tt_ws/install/irb120egp64_ros2_gazebo/share/irb120egp64_ros2_gazebo/meshes/visual/link_1.stl
[0.636s] -- Up-to-date symlink: /home/hunajpu/dev_tt_ws/install/irb120egp64_ros2_gazebo/share/irb120egp64_ros2_gazebo/meshes/visual/link_2.stl
[0.636s] -- Up-to-date symlink: /home/hunajpu/dev_tt_ws/install/irb120egp64_ros2_gazebo/share/irb120egp64_ros2_gazebo/meshes/visual/link_3.stl
[0.636s] -- Up-to-date symlink: /home/hunajpu/dev_tt_ws/install/irb120egp64_ros2_gazebo/share/irb120egp64_ros2_gazebo/meshes/visual/link_4.stl
[0.637s] -- Up-to-date symlink: /home/hunajpu/dev_tt_ws/install/irb120egp64_ros2_gazebo/share/irb120egp64_ros2_gazebo/meshes/visual/link_5.stl
[0.639s] -- Up-to-date symlink: /home/hunajpu/dev_tt_ws/install/irb120egp64_ros2_gazebo/share/irb120egp64_ros2_gazebo/meshes/visual/link_6.stl
[0.640s] -- Up-to-date symlink: /home/hunajpu/dev_tt_ws/install/irb120egp64_ros2_gazebo/share/irb120egp64_ros2_gazebo/worlds/irb120egp64.world
[0.641s] -- Up-to-date symlink: /home/hunajpu/dev_tt_ws/install/irb120egp64_ros2_gazebo/share/ament_index/resource_index/package_run_dependencies/irb120egp64_ros2_gazebo
[0.642s] -- Up-to-date symlink: /home/hunajpu/dev_tt_ws/install/irb120egp64_ros2_gazebo/share/ament_index/resource_index/parent_prefix_path/irb120egp64_ros2_gazebo
[0.642s] -- Up-to-date symlink: /home/hunajpu/dev_tt_ws/install/irb120egp64_ros2_gazebo/share/irb120egp64_ros2_gazebo/environment/ament_prefix_path.sh
[0.644s] -- Up-to-date symlink: /home/hunajpu/dev_tt_ws/install/irb120egp64_ros2_gazebo/share/irb120egp64_ros2_gazebo/environment/ament_prefix_path.dsv
[0.644s] -- Up-to-date symlink: /home/hunajpu/dev_tt_ws/install/irb120egp64_ros2_gazebo/share/irb120egp64_ros2_gazebo/environment/path.sh
[0.645s] -- Up-to-date symlink: /home/hunajpu/dev_tt_ws/install/irb120egp64_ros2_gazebo/share/irb120egp64_ros2_gazebo/environment/path.dsv
[0.646s] -- Up-to-date symlink: /home/hunajpu/dev_tt_ws/install/irb120egp64_ros2_gazebo/share/irb120egp64_ros2_gazebo/local_setup.bash
[0.646s] -- Up-to-date symlink: /home/hunajpu/dev_tt_ws/install/irb120egp64_ros2_gazebo/share/irb120egp64_ros2_gazebo/local_setup.sh
[0.647s] -- Up-to-date symlink: /home/hunajpu/dev_tt_ws/install/irb120egp64_ros2_gazebo/share/irb120egp64_ros2_gazebo/local_setup.zsh
[0.648s] -- Up-to-date symlink: /home/hunajpu/dev_tt_ws/install/irb120egp64_ros2_gazebo/share/irb120egp64_ros2_gazebo/local_setup.dsv
[0.648s] -- Symlinking: /home/hunajpu/dev_tt_ws/install/irb120egp64_ros2_gazebo/share/irb120egp64_ros2_gazebo/package.dsv
[0.669s] -- Up-to-date symlink: /home/hunajpu/dev_tt_ws/install/irb120egp64_ros2_gazebo/share/ament_index/resource_index/packages/irb120egp64_ros2_gazebo
[0.670s] -- Up-to-date symlink: /home/hunajpu/dev_tt_ws/install/irb120egp64_ros2_gazebo/share/irb120egp64_ros2_gazebo/cmake/irb120egp64_ros2_gazeboConfig.cmake
[0.677s] -- Up-to-date symlink: /home/hunajpu/dev_tt_ws/install/irb120egp64_ros2_gazebo/share/irb120egp64_ros2_gazebo/cmake/irb120egp64_ros2_gazeboConfig-version.cmake
[0.678s] -- Up-to-date symlink: /home/hunajpu/dev_tt_ws/install/irb120egp64_ros2_gazebo/share/irb120egp64_ros2_gazebo/package.xml
[0.725s] Invoked command in '/home/hunajpu/dev_tt_ws/build/irb120egp64_ros2_gazebo' returned '0': CMAKE_PREFIX_PATH=${CMAKE_PREFIX_PATH}:/opt/ros/foxy /usr/bin/cmake --install /home/hunajpu/dev_tt_ws/build/irb120egp64_ros2_gazebo
