[0.234s] Invoking command in '/home/hunajpu/dev_tt_ws/build/ur3_ros2_moveit2': AMENT_PREFIX_PATH=/home/hunajpu/dev_tt_ws/install/ros2_data CMAKE_PREFIX_PATH=/home/hunajpu/dev_tt_ws/install/ros2_data LD_LIBRARY_PATH=/home/hunajpu/dev_tt_ws/install/ros2_data/lib PYTHONPATH=/home/hunajpu/dev_tt_ws/install/ros2_data/lib/python3.8/site-packages /usr/bin/cmake --build /home/hunajpu/dev_tt_ws/build/ur3_ros2_moveit2 -- -j8 -l8
[0.539s] [ 16%] Built target moveXYZ_action
[0.601s] [ 33%] Built target moveYPR_action
[0.601s] [ 50%] Built target moveJ_action
[0.632s] [ 66%] Built target moveL_action
[0.661s] [ 83%] Built target moveXYZW_action
[0.715s] [100%] Built target moveR_action
[0.889s] Invoked command in '/home/hunajpu/dev_tt_ws/build/ur3_ros2_moveit2' returned '0': AMENT_PREFIX_PATH=/home/hunajpu/dev_tt_ws/install/ros2_data CMAKE_PREFIX_PATH=/home/hunajpu/dev_tt_ws/install/ros2_data LD_LIBRARY_PATH=/home/hunajpu/dev_tt_ws/install/ros2_data/lib PYTHONPATH=/home/hunajpu/dev_tt_ws/install/ros2_data/lib/python3.8/site-packages /usr/bin/cmake --build /home/hunajpu/dev_tt_ws/build/ur3_ros2_moveit2 -- -j8 -l8
[1.124s] Invoking command in '/home/hunajpu/dev_tt_ws/build/ur3_ros2_moveit2': AMENT_PREFIX_PATH=/home/hunajpu/dev_tt_ws/install/ros2_data CMAKE_PREFIX_PATH=/home/hunajpu/dev_tt_ws/install/ros2_data LD_LIBRARY_PATH=/home/hunajpu/dev_tt_ws/install/ros2_data/lib PYTHONPATH=/home/hunajpu/dev_tt_ws/install/ros2_data/lib/python3.8/site-packages /usr/bin/cmake --install /home/hunajpu/dev_tt_ws/build/ur3_ros2_moveit2
[1.158s] -- Install configuration: "Debug"
[1.160s] -- Execute custom install script
[1.160s] -- Up-to-date symlink: /home/hunajpu/dev_tt_ws/install/ur3_ros2_moveit2/share/ur3_ros2_moveit2/config/chomp_planning.yaml
[1.161s] -- Up-to-date symlink: /home/hunajpu/dev_tt_ws/install/ur3_ros2_moveit2/share/ur3_ros2_moveit2/config/kinematics.yaml
[1.161s] -- Up-to-date symlink: /home/hunajpu/dev_tt_ws/install/ur3_ros2_moveit2/share/ur3_ros2_moveit2/config/ompl_planning.yaml
[1.161s] -- Up-to-date symlink: /home/hunajpu/dev_tt_ws/install/ur3_ros2_moveit2/share/ur3_ros2_moveit2/config/ur3.srdf
[1.161s] -- Up-to-date symlink: /home/hunajpu/dev_tt_ws/install/ur3_ros2_moveit2/share/ur3_ros2_moveit2/config/ur3_controllers.yaml
[1.162s] -- Up-to-date symlink: /home/hunajpu/dev_tt_ws/install/ur3_ros2_moveit2/share/ur3_ros2_moveit2/launch/ur3.launch.py
[1.162s] -- Up-to-date symlink: /home/hunajpu/dev_tt_ws/install/ur3_ros2_moveit2/share/ur3_ros2_moveit2/launch/ur3_interface.launch.py
[1.162s] -- Up-to-date symlink: /home/hunajpu/dev_tt_ws/install/ur3_ros2_moveit2/share/ur3_ros2_moveit2/launch/ur3_moveit2.rviz
[1.164s] -- Up-to-date symlink: /home/hunajpu/dev_tt_ws/install/ur3_ros2_moveit2/share/ur3_ros2_moveit2/launch/ur3_moveit2_empty.rviz
[1.176s] -- Up-to-date symlink: /home/hunajpu/dev_tt_ws/install/ur3_ros2_moveit2/lib/ur3_ros2_moveit2/moveJ_action
[1.178s] -- Up-to-date symlink: /home/hunajpu/dev_tt_ws/install/ur3_ros2_moveit2/lib/ur3_ros2_moveit2/moveXYZW_action
[1.178s] -- Up-to-date symlink: /home/hunajpu/dev_tt_ws/install/ur3_ros2_moveit2/lib/ur3_ros2_moveit2/moveL_action
[1.178s] -- Up-to-date symlink: /home/hunajpu/dev_tt_ws/install/ur3_ros2_moveit2/lib/ur3_ros2_moveit2/moveR_action
[1.192s] -- Up-to-date symlink: /home/hunajpu/dev_tt_ws/install/ur3_ros2_moveit2/lib/ur3_ros2_moveit2/moveXYZ_action
[1.234s] -- Up-to-date symlink: /home/hunajpu/dev_tt_ws/install/ur3_ros2_moveit2/lib/ur3_ros2_moveit2/moveYPR_action
[1.235s] -- Up-to-date symlink: /home/hunajpu/dev_tt_ws/install/ur3_ros2_moveit2/share/ament_index/resource_index/package_run_dependencies/ur3_ros2_moveit2
[1.235s] -- Up-to-date symlink: /home/hunajpu/dev_tt_ws/install/ur3_ros2_moveit2/share/ament_index/resource_index/parent_prefix_path/ur3_ros2_moveit2
[1.236s] -- Up-to-date symlink: /home/hunajpu/dev_tt_ws/install/ur3_ros2_moveit2/share/ur3_ros2_moveit2/environment/ament_prefix_path.sh
[1.237s] -- Up-to-date symlink: /home/hunajpu/dev_tt_ws/install/ur3_ros2_moveit2/share/ur3_ros2_moveit2/environment/ament_prefix_path.dsv
[1.237s] -- Up-to-date symlink: /home/hunajpu/dev_tt_ws/install/ur3_ros2_moveit2/share/ur3_ros2_moveit2/environment/path.sh
[1.244s] -- Up-to-date symlink: /home/hunajpu/dev_tt_ws/install/ur3_ros2_moveit2/share/ur3_ros2_moveit2/environment/path.dsv
[1.245s] -- Up-to-date symlink: /home/hunajpu/dev_tt_ws/install/ur3_ros2_moveit2/share/ur3_ros2_moveit2/local_setup.bash
[1.245s] -- Up-to-date symlink: /home/hunajpu/dev_tt_ws/install/ur3_ros2_moveit2/share/ur3_ros2_moveit2/local_setup.sh
[1.246s] -- Up-to-date symlink: /home/hunajpu/dev_tt_ws/install/ur3_ros2_moveit2/share/ur3_ros2_moveit2/local_setup.zsh
[1.246s] -- Up-to-date symlink: /home/hunajpu/dev_tt_ws/install/ur3_ros2_moveit2/share/ur3_ros2_moveit2/local_setup.dsv
[1.247s] -- Symlinking: /home/hunajpu/dev_tt_ws/install/ur3_ros2_moveit2/share/ur3_ros2_moveit2/package.dsv
[1.280s] -- Up-to-date symlink: /home/hunajpu/dev_tt_ws/install/ur3_ros2_moveit2/share/ament_index/resource_index/packages/ur3_ros2_moveit2
[1.280s] -- Up-to-date symlink: /home/hunajpu/dev_tt_ws/install/ur3_ros2_moveit2/share/ur3_ros2_moveit2/cmake/ur3_ros2_moveit2Config.cmake
[1.280s] -- Up-to-date symlink: /home/hunajpu/dev_tt_ws/install/ur3_ros2_moveit2/share/ur3_ros2_moveit2/cmake/ur3_ros2_moveit2Config-version.cmake
[1.280s] -- Up-to-date symlink: /home/hunajpu/dev_tt_ws/install/ur3_ros2_moveit2/share/ur3_ros2_moveit2/package.xml
[1.287s] Invoked command in '/home/hunajpu/dev_tt_ws/build/ur3_ros2_moveit2' returned '0': AMENT_PREFIX_PATH=/home/hunajpu/dev_tt_ws/install/ros2_data CMAKE_PREFIX_PATH=/home/hunajpu/dev_tt_ws/install/ros2_data LD_LIBRARY_PATH=/home/hunajpu/dev_tt_ws/install/ros2_data/lib PYTHONPATH=/home/hunajpu/dev_tt_ws/install/ros2_data/lib/python3.8/site-packages /usr/bin/cmake --install /home/hunajpu/dev_tt_ws/build/ur3_ros2_moveit2
