[0.142s] Invoking command in '/home/hunajpu/dev_tt_ws/build/irb120_ros2_moveit2': CMAKE_PREFIX_PATH=/home/hunajpu/dev_tt_ws/install/ros2_data:/home/hunajpu/dev_tt_ws/install/ur5_ros2_moveit2:/home/hunajpu/dev_tt_ws/install/ur5_ros2_gazebo:/home/hunajpu/dev_tt_ws/install/ur3_ros2_moveit2:/home/hunajpu/dev_tt_ws/install/ur3_ros2_gazebo:/home/hunajpu/dev_tt_ws/install/ur10_ros2_moveit2:/home/hunajpu/dev_tt_ws/install/ur10_ros2_gazebo:/home/hunajpu/dev_tt_ws/install/rrbot_moveit_config:/home/hunajpu/dev_tt_ws/install/rrbot_gazebo:/home/hunajpu/dev_tt_ws/install/rrbot_description:/home/hunajpu/dev_tt_ws/install/rosbridge_test_msgs:/home/hunajpu/dev_tt_ws/install/rosbridge_suite:/home/hunajpu/dev_tt_ws/install/rosbridge_server:/home/hunajpu/dev_tt_ws/install/rosbridge_msgs:/home/hunajpu/dev_tt_ws/install/rosapi:/home/hunajpu/dev_tt_ws/install/rosbridge_library:/home/hunajpu/dev_tt_ws/install/rosapi_msgs:/home/hunajpu/dev_tt_ws/install/panda_ros2_moveit2:/home/hunajpu/dev_tt_ws/install/irb6640_ros2_moveit2:/home/hunajpu/dev_tt_ws/install/irb120egp64_ros2_moveit2:/home/hunajpu/dev_tt_ws/install/irb120_ros2_moveit2:/home/hunajpu/dev_tt_ws/install/panda_ros2_gazebo:/home/hunajpu/dev_tt_ws/install/irb6640_ros2_gazebo:/home/hunajpu/dev_tt_ws/install/irb120egp64_ros2_gazebo:/home/hunajpu/dev_tt_ws/install/irb120_ros2_gazebo:/home/hunajpu/dev_tt_ws/install/gazebo_ros2_control:/home/hunajpu/dev_tt_ws/install/cobots_axis_driver:/home/hunajpu/dev_tt_ws/install/rrbot_moveit_demo_nodes:/home/hunajpu/dev_tt_ws/install/gazebo_ros2_control_demos:/opt/ros/foxy LD_LIBRARY_PATH=/home/hunajpu/dev_tt_ws/install/ros2_data/lib:/home/hunajpu/dev_tt_ws/install/rosbridge_test_msgs/lib:/home/hunajpu/dev_tt_ws/install/rosbridge_msgs/lib:/home/hunajpu/dev_tt_ws/install/rosapi_msgs/lib:/home/hunajpu/dev_tt_ws/install/gazebo_ros2_control/lib:/usr/lib/x86_64-linux-gnu/gazebo-11/plugins:/opt/ros/foxy/opt/yaml_cpp_vendor/lib:/opt/ros/foxy/opt/rviz_ogre_vendor/lib:/opt/ros/foxy/lib/x86_64-linux-gnu:/opt/ros/foxy/lib PYTHONPATH=/home/hunajpu/dev_tt_ws/install/ros2_data/lib/python3.8/site-packages:/home/hunajpu/dev_tt_ws/install/rosbridge_test_msgs/lib/python3.8/site-packages:/home/hunajpu/dev_tt_ws/install/rosbridge_server/lib/python3.8/site-packages:/home/hunajpu/dev_tt_ws/install/rosbridge_msgs/lib/python3.8/site-packages:/home/hunajpu/dev_tt_ws/install/rosapi/lib/python3.8/site-packages:/home/hunajpu/dev_tt_ws/install/rosbridge_library/lib/python3.8/site-packages:/home/hunajpu/dev_tt_ws/install/rosapi_msgs/lib/python3.8/site-packages:/opt/ros/foxy/lib/python3.8/site-packages /usr/bin/cmake /home/hunajpu/dev_tt_ws/src/ros2_RobotSimulation/ABBRobots/IRB120/irb120_ros2_moveit2 -G CodeBlocks - Unix Makefiles -DCMAKE_BUILD_TYPE=Debug -DCMAKE_INSTALL_PREFIX=/home/hunajpu/dev_tt_ws/install/irb120_ros2_moveit2
[0.274s] -- Found ament_cmake: 0.9.9 (/opt/ros/foxy/share/ament_cmake/cmake)
[0.275s] -- Using PYTHON_EXECUTABLE: /usr/bin/python3
[0.650s] -- Override CMake install command with custom implementation using symlinks instead of copying resources
[0.665s] -- Found ament_lint_auto: 0.9.6 (/opt/ros/foxy/share/ament_lint_auto/cmake)
[0.815s] -- Found moveit_ros_planning_interface: 2.2.3 (/opt/ros/foxy/share/moveit_ros_planning_interface/cmake)
[0.823s] -- Found Boost: /usr/lib/x86_64-linux-gnu/cmake/Boost-1.71.0/BoostConfig.cmake (found version "1.71.0")  
[0.854s] -- Found Boost: /usr/lib/x86_64-linux-gnu/cmake/Boost-1.71.0/BoostConfig.cmake (found version "1.71.0") found components: date_time filesystem program_options system thread 
[0.927s] -- Using all available rosidl_typesupport_c: rosidl_typesupport_fastrtps_c;rosidl_typesupport_introspection_c
[0.936s] -- Found rosidl_adapter: 1.2.1 (/opt/ros/foxy/share/rosidl_adapter/cmake)
[1.245s] -- Using all available rosidl_typesupport_cpp: rosidl_typesupport_fastrtps_cpp;rosidl_typesupport_introspection_cpp
[4.530s] -- Found Boost: /usr/lib/x86_64-linux-gnu/cmake/Boost-1.71.0/BoostConfig.cmake (found version "1.71.0") found components: chrono date_time filesystem iostreams program_options regex serialization system thread 
[4.565s] -- Found Boost: /usr/lib/x86_64-linux-gnu/cmake/Boost-1.71.0/BoostConfig.cmake (found version "1.71.0") found components: filesystem 
[4.685s] -- Found rmw_implementation_cmake: 1.0.3 (/opt/ros/foxy/share/rmw_implementation_cmake/cmake)
[4.688s] -- Using RMW implementation 'rmw_fastrtps_cpp' as default
[4.910s] -- library: /usr/lib/x86_64-linux-gnu/libcurl.so
[6.216s] -- Found Boost: /usr/lib/x86_64-linux-gnu/cmake/Boost-1.71.0/BoostConfig.cmake (found version "1.71.0") found components: system filesystem date_time program_options thread chrono 
[6.626s] -- Found Boost: /usr/lib/x86_64-linux-gnu/cmake/Boost-1.71.0/BoostConfig.cmake (found version "1.71.0") found components: thread 
[7.711s] -- Found Boost: /usr/lib/x86_64-linux-gnu/cmake/Boost-1.71.0/BoostConfig.cmake (found version "1.71.0") found components: thread system filesystem regex date_time program_options 
[8.312s] -- Found Boost: /usr/lib/x86_64-linux-gnu/cmake/Boost-1.71.0/BoostConfig.cmake (found version "1.71.0") found components: system filesystem date_time program_options thread 
[9.927s] -- Found ros2_data: 0.0.0 (/home/hunajpu/dev_tt_ws/install/ros2_data/share/ros2_data/cmake)
[10.129s] -- Added test 'copyright' to check source files copyright and LICENSE
[10.131s] -- Added test 'cppcheck' to perform static code analysis on C / C++ code
[10.131s] -- Configured cppcheck include dirs: 
[10.132s] -- Configured cppcheck exclude dirs and/or files: 
[10.133s] -- Added test 'cpplint' to check C / C++ code against the Google style
[10.133s] -- Configured cpplint exclude dirs and/or files: 
[10.134s] -- Added test 'flake8' to check Python code syntax and style conventions
[10.135s] -- Added test 'lint_cmake' to check CMake code style
[10.136s] -- Added test 'pep257' to check Python code against some of the style conventions in PEP 257
[10.137s] -- Added test 'uncrustify' to check C / C++ code style
[10.137s] -- Configured uncrustify additional arguments: 
[10.138s] -- Added test 'xmllint' to check XML markup files
[10.180s] -- Configuring done
[10.533s] -- Generating done
[10.538s] -- Build files have been written to: /home/hunajpu/dev_tt_ws/build/irb120_ros2_moveit2
