-- The C compiler identification is GNU 9.4.0
-- The CXX compiler identification is GNU 9.4.0
-- Check for working C compiler: /usr/bin/cc
-- Check for working C compiler: /usr/bin/cc -- works
-- Detecting C compiler ABI info
-- Detecting C compiler ABI info - done
-- Detecting C compile features
-- Detecting C compile features - done
-- Check for working CXX compiler: /usr/bin/c++
-- Check for working CXX compiler: /usr/bin/c++ -- works
-- Detecting CXX compiler ABI info
-- Detecting CXX compiler ABI info - done
-- Detecting CXX compile features
-- Detecting CXX compile features - done
-- Found ament_cmake: 0.9.9 (/opt/ros/foxy/share/ament_cmake/cmake)
-- Found PythonInterp: /usr/bin/python3 (found suitable version "3.8.10", minimum required is "3") 
-- Using PYTHON_EXECUTABLE: /usr/bin/python3
-- Override CMake install command with custom implementation using symlinks instead of copying resources
-- Found ament_lint_auto: 0.9.6 (/opt/ros/foxy/share/ament_lint_auto/cmake)
-- Found moveit_ros_planning_interface: 2.2.3 (/opt/ros/foxy/share/moveit_ros_planning_interface/cmake)
-- Found Boost: /usr/lib/x86_64-linux-gnu/cmake/Boost-1.71.0/BoostConfig.cmake (found version "1.71.0")  
-- Found Boost: /usr/lib/x86_64-linux-gnu/cmake/Boost-1.71.0/BoostConfig.cmake (found version "1.71.0") found components: date_time filesystem program_options system thread 
-- Using all available rosidl_typesupport_c: rosidl_typesupport_fastrtps_c;rosidl_typesupport_introspection_c
-- Found rosidl_adapter: 1.2.1 (/opt/ros/foxy/share/rosidl_adapter/cmake)
-- Found OpenSSL: /usr/lib/x86_64-linux-gnu/libcrypto.so (found version "1.1.1f")  
-- Found FastRTPS: /opt/ros/foxy/include  
-- Using all available rosidl_typesupport_cpp: rosidl_typesupport_fastrtps_cpp;rosidl_typesupport_introspection_cpp
-- Found Boost: /usr/lib/x86_64-linux-gnu/cmake/Boost-1.71.0/BoostConfig.cmake (found version "1.71.0") found components: chrono date_time filesystem iostreams program_options regex serialization system thread 
-- Found Boost: /usr/lib/x86_64-linux-gnu/cmake/Boost-1.71.0/BoostConfig.cmake (found version "1.71.0") found components: filesystem 
-- Found rmw_implementation_cmake: 1.0.3 (/opt/ros/foxy/share/rmw_implementation_cmake/cmake)
-- Using RMW implementation 'rmw_fastrtps_cpp' as default
-- Found Threads: TRUE  
-- library: /usr/lib/x86_64-linux-gnu/libcurl.so
-- Found Eigen3: TRUE (found version "3.3.7") 
-- Found Boost: /usr/lib/x86_64-linux-gnu/cmake/Boost-1.71.0/BoostConfig.cmake (found version "1.71.0") found components: system filesystem date_time program_options thread chrono 
-- Found Boost: /usr/lib/x86_64-linux-gnu/cmake/Boost-1.71.0/BoostConfig.cmake (found version "1.71.0") found components: thread 
-- Found Boost: /usr/lib/x86_64-linux-gnu/cmake/Boost-1.71.0/BoostConfig.cmake (found version "1.71.0") found components: thread system filesystem regex date_time program_options 
-- Found Boost: /usr/lib/x86_64-linux-gnu/cmake/Boost-1.71.0/BoostConfig.cmake (found version "1.71.0") found components: system filesystem date_time program_options thread 
-- Found ros2_data: 0.0.0 (/home/hunajpu/dev_tt_ws/install/ros2_data/share/ros2_data/cmake)
-- Added test 'copyright' to check source files copyright and LICENSE
-- Added test 'cppcheck' to perform static code analysis on C / C++ code
-- Configured cppcheck include dirs: 
-- Configured cppcheck exclude dirs and/or files: 
-- Added test 'cpplint' to check C / C++ code against the Google style
-- Configured cpplint exclude dirs and/or files: 
-- Added test 'flake8' to check Python code syntax and style conventions
-- Added test 'lint_cmake' to check CMake code style
-- Added test 'pep257' to check Python code against some of the style conventions in PEP 257
-- Added test 'uncrustify' to check C / C++ code style
-- Configured uncrustify additional arguments: 
-- Added test 'xmllint' to check XML markup files
-- Configuring done
-- Generating done
-- Build files have been written to: /home/hunajpu/dev_tt_ws/build/irb120_ros2_moveit2
[35m[1mScanning dependencies of target moveJ_action[0m
[  8%] [32mBuilding CXX object CMakeFiles/moveJ_action.dir/scripts/moveJ_action.cpp.o[0m
[01m[K/home/hunajpu/dev_tt_ws/src/ros2_RobotSimulation/ABBRobots/IRB120/irb120_ros2_moveit2/scripts/moveJ_action.cpp:[m[K In member function ‘[01m[Krclcpp_action::GoalResponse ActionServer::handle_goal(const GoalUUID&, std::shared_ptr<const ros2_data::action::MoveJ_Goal_<std::allocator<void> > >)[m[K’:
[01m[K/home/hunajpu/dev_tt_ws/src/ros2_RobotSimulation/ABBRobots/IRB120/irb120_ros2_moveit2/scripts/moveJ_action.cpp:80:41:[m[K [01;35m[Kwarning: [m[Kunused parameter ‘[01m[Kuuid[m[K’ [[01;35m[K-Wunused-parameter[m[K]
   80 |         [01;35m[Kconst rclcpp_action::GoalUUID & uuid[m[K,
      |         [01;35m[K~~~~~~~~~~~~~~~~~~~~~~~~~~~~~~~~^~~~[m[K
[ 16%] [32m[1mLinking CXX executable moveJ_action[0m
[ 16%] Built target moveJ_action
[35m[1mScanning dependencies of target moveYPR_action[0m
[ 25%] [32mBuilding CXX object CMakeFiles/moveYPR_action.dir/scripts/moveYPR_action.cpp.o[0m
[01m[K/home/hunajpu/dev_tt_ws/src/ros2_RobotSimulation/ABBRobots/IRB120/irb120_ros2_moveit2/scripts/moveYPR_action.cpp:[m[K In member function ‘[01m[Krclcpp_action::GoalResponse ActionServer::handle_goal(const GoalUUID&, std::shared_ptr<const ros2_data::action::MoveYPR_Goal_<std::allocator<void> > >)[m[K’:
[01m[K/home/hunajpu/dev_tt_ws/src/ros2_RobotSimulation/ABBRobots/IRB120/irb120_ros2_moveit2/scripts/moveYPR_action.cpp:79:41:[m[K [01;35m[Kwarning: [m[Kunused parameter ‘[01m[Kuuid[m[K’ [[01;35m[K-Wunused-parameter[m[K]
   79 |         [01;35m[Kconst rclcpp_action::GoalUUID & uuid[m[K,
      |         [01;35m[K~~~~~~~~~~~~~~~~~~~~~~~~~~~~~~~~^~~~[m[K
[01m[K/home/hunajpu/dev_tt_ws/src/ros2_RobotSimulation/ABBRobots/IRB120/irb120_ros2_moveit2/scripts/moveYPR_action.cpp:[m[K In member function ‘[01m[Kvoid ActionServer::execute(std::shared_ptr<rclcpp_action::ServerGoalHandle<ros2_data::action::MoveYPR> >)[m[K’:
[01m[K/home/hunajpu/dev_tt_ws/src/ros2_RobotSimulation/ABBRobots/IRB120/irb120_ros2_moveit2/scripts/moveYPR_action.cpp:135:46:[m[K [01;35m[Kwarning: [m[Kunused variable ‘[01m[Kjoint_model_group[m[K’ [[01;35m[K-Wunused-variable[m[K]
  135 |         const moveit::core::JointModelGroup* [01;35m[Kjoint_model_group[m[K = move_group_interface.getCurrentState()->getJointModelGroup("irb120_arm");
      |                                              [01;35m[K^~~~~~~~~~~~~~~~~[m[K
[ 33%] [32m[1mLinking CXX executable moveYPR_action[0m
[ 33%] Built target moveYPR_action
[35m[1mScanning dependencies of target moveXYZ_action[0m
[ 41%] [32mBuilding CXX object CMakeFiles/moveXYZ_action.dir/scripts/moveXYZ_action.cpp.o[0m
[01m[K/home/hunajpu/dev_tt_ws/src/ros2_RobotSimulation/ABBRobots/IRB120/irb120_ros2_moveit2/scripts/moveXYZ_action.cpp:[m[K In member function ‘[01m[Krclcpp_action::GoalResponse ActionServer::handle_goal(const GoalUUID&, std::shared_ptr<const ros2_data::action::MoveXYZ_Goal_<std::allocator<void> > >)[m[K’:
[01m[K/home/hunajpu/dev_tt_ws/src/ros2_RobotSimulation/ABBRobots/IRB120/irb120_ros2_moveit2/scripts/moveXYZ_action.cpp:79:41:[m[K [01;35m[Kwarning: [m[Kunused parameter ‘[01m[Kuuid[m[K’ [[01;35m[K-Wunused-parameter[m[K]
   79 |         [01;35m[Kconst rclcpp_action::GoalUUID & uuid[m[K,
      |         [01;35m[K~~~~~~~~~~~~~~~~~~~~~~~~~~~~~~~~^~~~[m[K
[01m[K/home/hunajpu/dev_tt_ws/src/ros2_RobotSimulation/ABBRobots/IRB120/irb120_ros2_moveit2/scripts/moveXYZ_action.cpp:[m[K In member function ‘[01m[Kvoid ActionServer::execute(std::shared_ptr<rclcpp_action::ServerGoalHandle<ros2_data::action::MoveXYZ> >)[m[K’:
[01m[K/home/hunajpu/dev_tt_ws/src/ros2_RobotSimulation/ABBRobots/IRB120/irb120_ros2_moveit2/scripts/moveXYZ_action.cpp:135:46:[m[K [01;35m[Kwarning: [m[Kunused variable ‘[01m[Kjoint_model_group[m[K’ [[01;35m[K-Wunused-variable[m[K]
  135 |         const moveit::core::JointModelGroup* [01;35m[Kjoint_model_group[m[K = move_group_interface.getCurrentState()->getJointModelGroup("irb120_arm");
      |                                              [01;35m[K^~~~~~~~~~~~~~~~~[m[K
[ 50%] [32m[1mLinking CXX executable moveXYZ_action[0m
[ 50%] Built target moveXYZ_action
[35m[1mScanning dependencies of target moveR_action[0m
[ 58%] [32mBuilding CXX object CMakeFiles/moveR_action.dir/scripts/moveR_action.cpp.o[0m
[01m[K/home/hunajpu/dev_tt_ws/src/ros2_RobotSimulation/ABBRobots/IRB120/irb120_ros2_moveit2/scripts/moveR_action.cpp:[m[K In member function ‘[01m[Krclcpp_action::GoalResponse ActionServer::handle_goal(const GoalUUID&, std::shared_ptr<const ros2_data::action::MoveR_Goal_<std::allocator<void> > >)[m[K’:
[01m[K/home/hunajpu/dev_tt_ws/src/ros2_RobotSimulation/ABBRobots/IRB120/irb120_ros2_moveit2/scripts/moveR_action.cpp:80:41:[m[K [01;35m[Kwarning: [m[Kunused parameter ‘[01m[Kuuid[m[K’ [[01;35m[K-Wunused-parameter[m[K]
   80 |         [01;35m[Kconst rclcpp_action::GoalUUID & uuid[m[K,
      |         [01;35m[K~~~~~~~~~~~~~~~~~~~~~~~~~~~~~~~~^~~~[m[K
[01m[K/home/hunajpu/dev_tt_ws/src/ros2_RobotSimulation/ABBRobots/IRB120/irb120_ros2_moveit2/scripts/moveR_action.cpp:[m[K In member function ‘[01m[Kvoid ActionServer::execute(std::shared_ptr<rclcpp_action::ServerGoalHandle<ros2_data::action::MoveR> >)[m[K’:
[01m[K/home/hunajpu/dev_tt_ws/src/ros2_RobotSimulation/ABBRobots/IRB120/irb120_ros2_moveit2/scripts/moveR_action.cpp:258:56:[m[K [01;35m[Kwarning: [m[Kcomparison with string literal results in unspecified behavior [[01;35m[K-Waddress[m[K]
  258 |         } else if (LimitCheck == true && InputJoint == [01;35m[K"Valid"[m[K) {
      |                                                        [01;35m[K^~~~~~~[m[K
[ 66%] [32m[1mLinking CXX executable moveR_action[0m
[ 66%] Built target moveR_action
[35m[1mScanning dependencies of target moveL_action[0m
[ 75%] [32mBuilding CXX object CMakeFiles/moveL_action.dir/scripts/moveL_action.cpp.o[0m
[01m[K/home/hunajpu/dev_tt_ws/src/ros2_RobotSimulation/ABBRobots/IRB120/irb120_ros2_moveit2/scripts/moveL_action.cpp:[m[K In member function ‘[01m[Krclcpp_action::GoalResponse ActionServer::handle_goal(const GoalUUID&, std::shared_ptr<const ros2_data::action::MoveL_Goal_<std::allocator<void> > >)[m[K’:
[01m[K/home/hunajpu/dev_tt_ws/src/ros2_RobotSimulation/ABBRobots/IRB120/irb120_ros2_moveit2/scripts/moveL_action.cpp:79:41:[m[K [01;35m[Kwarning: [m[Kunused parameter ‘[01m[Kuuid[m[K’ [[01;35m[K-Wunused-parameter[m[K]
   79 |         [01;35m[Kconst rclcpp_action::GoalUUID & uuid[m[K,
      |         [01;35m[K~~~~~~~~~~~~~~~~~~~~~~~~~~~~~~~~^~~~[m[K
[01m[K/home/hunajpu/dev_tt_ws/src/ros2_RobotSimulation/ABBRobots/IRB120/irb120_ros2_moveit2/scripts/moveL_action.cpp:[m[K In member function ‘[01m[Kvoid ActionServer::execute(std::shared_ptr<rclcpp_action::ServerGoalHandle<ros2_data::action::MoveL> >)[m[K’:
[01m[K/home/hunajpu/dev_tt_ws/src/ros2_RobotSimulation/ABBRobots/IRB120/irb120_ros2_moveit2/scripts/moveL_action.cpp:184:20:[m[K [01;35m[Kwarning: [m[Kunused variable ‘[01m[Kfraction[m[K’ [[01;35m[K-Wunused-variable[m[K]
  184 |             double [01;35m[Kfraction[m[K = move_group_interface.computeCartesianPath(waypoints, eef_step, jump_threshold, trajectory);
      |                    [01;35m[K^~~~~~~~[m[K
[01m[K/home/hunajpu/dev_tt_ws/src/ros2_RobotSimulation/ABBRobots/IRB120/irb120_ros2_moveit2/scripts/moveL_action.cpp:134:46:[m[K [01;35m[Kwarning: [m[Kunused variable ‘[01m[Kjoint_model_group[m[K’ [[01;35m[K-Wunused-variable[m[K]
  134 |         const moveit::core::JointModelGroup* [01;35m[Kjoint_model_group[m[K = move_group_interface.getCurrentState()->getJointModelGroup("irb120_arm");
      |                                              [01;35m[K^~~~~~~~~~~~~~~~~[m[K
[ 83%] [32m[1mLinking CXX executable moveL_action[0m
[ 83%] Built target moveL_action
[35m[1mScanning dependencies of target moveXYZW_action[0m
[ 91%] [32mBuilding CXX object CMakeFiles/moveXYZW_action.dir/scripts/moveXYZW_action.cpp.o[0m
[01m[K/home/hunajpu/dev_tt_ws/src/ros2_RobotSimulation/ABBRobots/IRB120/irb120_ros2_moveit2/scripts/moveXYZW_action.cpp:[m[K In member function ‘[01m[Krclcpp_action::GoalResponse ActionServer::handle_goal(const GoalUUID&, std::shared_ptr<const ros2_data::action::MoveXYZW_Goal_<std::allocator<void> > >)[m[K’:
[01m[K/home/hunajpu/dev_tt_ws/src/ros2_RobotSimulation/ABBRobots/IRB120/irb120_ros2_moveit2/scripts/moveXYZW_action.cpp:79:41:[m[K [01;35m[Kwarning: [m[Kunused parameter ‘[01m[Kuuid[m[K’ [[01;35m[K-Wunused-parameter[m[K]
   79 |         [01;35m[Kconst rclcpp_action::GoalUUID & uuid[m[K,
      |         [01;35m[K~~~~~~~~~~~~~~~~~~~~~~~~~~~~~~~~^~~~[m[K
[01m[K/home/hunajpu/dev_tt_ws/src/ros2_RobotSimulation/ABBRobots/IRB120/irb120_ros2_moveit2/scripts/moveXYZW_action.cpp:[m[K In member function ‘[01m[Kvoid ActionServer::execute(std::shared_ptr<rclcpp_action::ServerGoalHandle<ros2_data::action::MoveXYZW> >)[m[K’:
[01m[K/home/hunajpu/dev_tt_ws/src/ros2_RobotSimulation/ABBRobots/IRB120/irb120_ros2_moveit2/scripts/moveXYZW_action.cpp:142:46:[m[K [01;35m[Kwarning: [m[Kunused variable ‘[01m[Kjoint_model_group[m[K’ [[01;35m[K-Wunused-variable[m[K]
  142 |         const moveit::core::JointModelGroup* [01;35m[Kjoint_model_group[m[K = move_group_interface.getCurrentState()->getJointModelGroup("irb120_arm");
      |                                              [01;35m[K^~~~~~~~~~~~~~~~~[m[K
[100%] [32m[1mLinking CXX executable moveXYZW_action[0m
[100%] Built target moveXYZW_action
-- Install configuration: ""
-- Execute custom install script
-- Symlinking: /home/hunajpu/dev_tt_ws/install/irb120_ros2_moveit2/share/irb120_ros2_moveit2/config/irb120.srdf
-- Symlinking: /home/hunajpu/dev_tt_ws/install/irb120_ros2_moveit2/share/irb120_ros2_moveit2/config/irb120_controllers.yaml
-- Symlinking: /home/hunajpu/dev_tt_ws/install/irb120_ros2_moveit2/share/irb120_ros2_moveit2/config/kinematics.yaml
-- Symlinking: /home/hunajpu/dev_tt_ws/install/irb120_ros2_moveit2/share/irb120_ros2_moveit2/config/ompl_planning.yaml
-- Symlinking: /home/hunajpu/dev_tt_ws/install/irb120_ros2_moveit2/share/irb120_ros2_moveit2/launch/irb120.launch.py
-- Symlinking: /home/hunajpu/dev_tt_ws/install/irb120_ros2_moveit2/share/irb120_ros2_moveit2/launch/irb120_interface.launch.py
-- Symlinking: /home/hunajpu/dev_tt_ws/install/irb120_ros2_moveit2/share/irb120_ros2_moveit2/launch/irb120_moveit2.rviz
-- Symlinking: /home/hunajpu/dev_tt_ws/install/irb120_ros2_moveit2/lib/irb120_ros2_moveit2/moveJ_action
-- Symlinking: /home/hunajpu/dev_tt_ws/install/irb120_ros2_moveit2/lib/irb120_ros2_moveit2/moveXYZW_action
-- Symlinking: /home/hunajpu/dev_tt_ws/install/irb120_ros2_moveit2/lib/irb120_ros2_moveit2/moveL_action
-- Symlinking: /home/hunajpu/dev_tt_ws/install/irb120_ros2_moveit2/lib/irb120_ros2_moveit2/moveR_action
-- Symlinking: /home/hunajpu/dev_tt_ws/install/irb120_ros2_moveit2/lib/irb120_ros2_moveit2/moveXYZ_action
-- Symlinking: /home/hunajpu/dev_tt_ws/install/irb120_ros2_moveit2/lib/irb120_ros2_moveit2/moveYPR_action
-- Symlinking: /home/hunajpu/dev_tt_ws/install/irb120_ros2_moveit2/share/ament_index/resource_index/package_run_dependencies/irb120_ros2_moveit2
-- Symlinking: /home/hunajpu/dev_tt_ws/install/irb120_ros2_moveit2/share/ament_index/resource_index/parent_prefix_path/irb120_ros2_moveit2
-- Symlinking: /home/hunajpu/dev_tt_ws/install/irb120_ros2_moveit2/share/irb120_ros2_moveit2/environment/ament_prefix_path.sh
-- Symlinking: /home/hunajpu/dev_tt_ws/install/irb120_ros2_moveit2/share/irb120_ros2_moveit2/environment/ament_prefix_path.dsv
-- Symlinking: /home/hunajpu/dev_tt_ws/install/irb120_ros2_moveit2/share/irb120_ros2_moveit2/environment/path.sh
-- Symlinking: /home/hunajpu/dev_tt_ws/install/irb120_ros2_moveit2/share/irb120_ros2_moveit2/environment/path.dsv
-- Symlinking: /home/hunajpu/dev_tt_ws/install/irb120_ros2_moveit2/share/irb120_ros2_moveit2/local_setup.bash
-- Symlinking: /home/hunajpu/dev_tt_ws/install/irb120_ros2_moveit2/share/irb120_ros2_moveit2/local_setup.sh
-- Symlinking: /home/hunajpu/dev_tt_ws/install/irb120_ros2_moveit2/share/irb120_ros2_moveit2/local_setup.zsh
-- Symlinking: /home/hunajpu/dev_tt_ws/install/irb120_ros2_moveit2/share/irb120_ros2_moveit2/local_setup.dsv
-- Symlinking: /home/hunajpu/dev_tt_ws/install/irb120_ros2_moveit2/share/irb120_ros2_moveit2/package.dsv
-- Symlinking: /home/hunajpu/dev_tt_ws/install/irb120_ros2_moveit2/share/ament_index/resource_index/packages/irb120_ros2_moveit2
-- Symlinking: /home/hunajpu/dev_tt_ws/install/irb120_ros2_moveit2/share/irb120_ros2_moveit2/cmake/irb120_ros2_moveit2Config.cmake
-- Symlinking: /home/hunajpu/dev_tt_ws/install/irb120_ros2_moveit2/share/irb120_ros2_moveit2/cmake/irb120_ros2_moveit2Config-version.cmake
-- Symlinking: /home/hunajpu/dev_tt_ws/install/irb120_ros2_moveit2/share/irb120_ros2_moveit2/package.xml
