[0.043s] Invoking command in '/home/hunajpu/dev_tt_ws/build/irb120egp64_ros2_gazebo': CMAKE_PREFIX_PATH=${CMAKE_PREFIX_PATH}:/opt/ros/foxy /usr/bin/cmake /home/hunajpu/dev_tt_ws/src/ros2_RobotSimulation/ABBRobots/IRB120/irb120egp64_ros2_gazebo -DCMAKE_INSTALL_PREFIX=/home/hunajpu/dev_tt_ws/install/irb120egp64_ros2_gazebo
[0.819s] -- Found ament_cmake: 0.9.9 (/opt/ros/foxy/share/ament_cmake/cmake)
[0.819s] -- Using PYTHON_EXECUTABLE: /usr/bin/python3
[0.873s] -- Override CMake install command with custom implementation using symlinks instead of copying resources
[0.891s] -- Found ament_lint_auto: 0.9.6 (/opt/ros/foxy/share/ament_lint_auto/cmake)
[1.084s] -- Added test 'copyright' to check source files copyright and LICENSE
[1.094s] -- Added test 'flake8' to check Python code syntax and style conventions
[1.095s] -- Added test 'lint_cmake' to check CMake code style
[1.096s] -- Added test 'pep257' to check Python code against some of the style conventions in PEP 257
[1.101s] -- Added test 'xmllint' to check XML markup files
[1.104s] -- Configuring done
[1.161s] -- Generating done
[1.165s] -- Build files have been written to: /home/hunajpu/dev_tt_ws/build/irb120egp64_ros2_gazebo
[1.178s] Invoked command in '/home/hunajpu/dev_tt_ws/build/irb120egp64_ros2_gazebo' returned '0': CMAKE_PREFIX_PATH=${CMAKE_PREFIX_PATH}:/opt/ros/foxy /usr/bin/cmake /home/hunajpu/dev_tt_ws/src/ros2_RobotSimulation/ABBRobots/IRB120/irb120egp64_ros2_gazebo -DCMAKE_INSTALL_PREFIX=/home/hunajpu/dev_tt_ws/install/irb120egp64_ros2_gazebo
[1.181s] Invoking command in '/home/hunajpu/dev_tt_ws/build/irb120egp64_ros2_gazebo': CMAKE_PREFIX_PATH=${CMAKE_PREFIX_PATH}:/opt/ros/foxy /usr/bin/cmake --build /home/hunajpu/dev_tt_ws/build/irb120egp64_ros2_gazebo -- -j8 -l8
[1.402s] Invoked command in '/home/hunajpu/dev_tt_ws/build/irb120egp64_ros2_gazebo' returned '0': CMAKE_PREFIX_PATH=${CMAKE_PREFIX_PATH}:/opt/ros/foxy /usr/bin/cmake --build /home/hunajpu/dev_tt_ws/build/irb120egp64_ros2_gazebo -- -j8 -l8
[1.571s] Invoking command in '/home/hunajpu/dev_tt_ws/build/irb120egp64_ros2_gazebo': CMAKE_PREFIX_PATH=${CMAKE_PREFIX_PATH}:/opt/ros/foxy /usr/bin/cmake --install /home/hunajpu/dev_tt_ws/build/irb120egp64_ros2_gazebo
[1.618s] -- Install configuration: "Debug"
[1.618s] -- Execute custom install script
[1.618s] -- Up-to-date symlink: /home/hunajpu/dev_tt_ws/install/irb120egp64_ros2_gazebo/share/irb120egp64_ros2_gazebo/config/irb120egp64_controller.yaml
[1.618s] -- Up-to-date symlink: /home/hunajpu/dev_tt_ws/install/irb120egp64_ros2_gazebo/share/irb120egp64_ros2_gazebo/launch/irb120egp64_simulation.launch.py
[1.619s] -- Up-to-date symlink: /home/hunajpu/dev_tt_ws/install/irb120egp64_ros2_gazebo/share/irb120egp64_ros2_gazebo/urdf/abb_resources/common_colours.xacro
[1.619s] -- Up-to-date symlink: /home/hunajpu/dev_tt_ws/install/irb120egp64_ros2_gazebo/share/irb120egp64_ros2_gazebo/urdf/abb_resources/common_materials.xacro
[1.619s] -- Up-to-date symlink: /home/hunajpu/dev_tt_ws/install/irb120egp64_ros2_gazebo/share/irb120egp64_ros2_gazebo/urdf/irb120egp64.urdf.xacro
[1.619s] -- Up-to-date symlink: /home/hunajpu/dev_tt_ws/install/irb120egp64_ros2_gazebo/share/irb120egp64_ros2_gazebo/urdf/irb120egp64_gazebo.xacro
[1.619s] -- Up-to-date symlink: /home/hunajpu/dev_tt_ws/install/irb120egp64_ros2_gazebo/share/irb120egp64_ros2_gazebo/urdf/irb120egp64_macro.urdf.xacro
[1.619s] -- Up-to-date symlink: /home/hunajpu/dev_tt_ws/install/irb120egp64_ros2_gazebo/share/irb120egp64_ros2_gazebo/urdf/irb120egp64_transmission.xacro
[1.619s] -- Up-to-date symlink: /home/hunajpu/dev_tt_ws/install/irb120egp64_ros2_gazebo/share/irb120egp64_ros2_gazebo/meshes/collision/base_link.stl
[1.620s] -- Up-to-date symlink: /home/hunajpu/dev_tt_ws/install/irb120egp64_ros2_gazebo/share/irb120egp64_ros2_gazebo/meshes/collision/link_1.stl
[1.620s] -- Up-to-date symlink: /home/hunajpu/dev_tt_ws/install/irb120egp64_ros2_gazebo/share/irb120egp64_ros2_gazebo/meshes/collision/link_2.stl
[1.620s] -- Up-to-date symlink: /home/hunajpu/dev_tt_ws/install/irb120egp64_ros2_gazebo/share/irb120egp64_ros2_gazebo/meshes/collision/link_3.stl
[1.620s] -- Up-to-date symlink: /home/hunajpu/dev_tt_ws/install/irb120egp64_ros2_gazebo/share/irb120egp64_ros2_gazebo/meshes/collision/link_4.stl
[1.620s] -- Up-to-date symlink: /home/hunajpu/dev_tt_ws/install/irb120egp64_ros2_gazebo/share/irb120egp64_ros2_gazebo/meshes/collision/link_5.stl
[1.620s] -- Up-to-date symlink: /home/hunajpu/dev_tt_ws/install/irb120egp64_ros2_gazebo/share/irb120egp64_ros2_gazebo/meshes/collision/link_6.stl
[1.620s] -- Up-to-date symlink: /home/hunajpu/dev_tt_ws/install/irb120egp64_ros2_gazebo/share/irb120egp64_ros2_gazebo/meshes/egp64/00. Schunk Gripper - Component POSES
[1.628s] -- Up-to-date symlink: /home/hunajpu/dev_tt_ws/install/irb120egp64_ros2_gazebo/share/irb120egp64_ros2_gazebo/meshes/egp64/Schunk Gripper - ADAPTER.STL
[1.628s] -- Up-to-date symlink: /home/hunajpu/dev_tt_ws/install/irb120egp64_ros2_gazebo/share/irb120egp64_ros2_gazebo/meshes/egp64/Schunk Gripper - ADAPTER.dae
[1.628s] -- Up-to-date symlink: /home/hunajpu/dev_tt_ws/install/irb120egp64_ros2_gazebo/share/irb120egp64_ros2_gazebo/meshes/egp64/Schunk Gripper - BASE noAdapter.STL
[1.628s] -- Up-to-date symlink: /home/hunajpu/dev_tt_ws/install/irb120egp64_ros2_gazebo/share/irb120egp64_ros2_gazebo/meshes/egp64/Schunk Gripper - BASE noAdapter.dae
[1.629s] -- Up-to-date symlink: /home/hunajpu/dev_tt_ws/install/irb120egp64_ros2_gazebo/share/irb120egp64_ros2_gazebo/meshes/egp64/Schunk Gripper - BASE.STL
[1.629s] -- Up-to-date symlink: /home/hunajpu/dev_tt_ws/install/irb120egp64_ros2_gazebo/share/irb120egp64_ros2_gazebo/meshes/egp64/Schunk Gripper - BASE.dae
[1.629s] -- Up-to-date symlink: /home/hunajpu/dev_tt_ws/install/irb120egp64_ros2_gazebo/share/irb120egp64_ros2_gazebo/meshes/egp64/Schunk Gripper - Cranfield Robotics.STL
[1.629s] -- Up-to-date symlink: /home/hunajpu/dev_tt_ws/install/irb120egp64_ros2_gazebo/share/irb120egp64_ros2_gazebo/meshes/egp64/Schunk Gripper - Cranfield Robotics.dae
[1.629s] -- Up-to-date symlink: /home/hunajpu/dev_tt_ws/install/irb120egp64_ros2_gazebo/share/irb120egp64_ros2_gazebo/meshes/egp64/Schunk Gripper - LEFT FINGER BASE.STL
[1.629s] -- Up-to-date symlink: /home/hunajpu/dev_tt_ws/install/irb120egp64_ros2_gazebo/share/irb120egp64_ros2_gazebo/meshes/egp64/Schunk Gripper - LEFT FINGER BASE.dae
[1.629s] -- Up-to-date symlink: /home/hunajpu/dev_tt_ws/install/irb120egp64_ros2_gazebo/share/irb120egp64_ros2_gazebo/meshes/egp64/Schunk Gripper - LEFT FINGER.STL
[1.630s] -- Up-to-date symlink: /home/hunajpu/dev_tt_ws/install/irb120egp64_ros2_gazebo/share/irb120egp64_ros2_gazebo/meshes/egp64/Schunk Gripper - LEFT FINGER.dae
[1.630s] -- Up-to-date symlink: /home/hunajpu/dev_tt_ws/install/irb120egp64_ros2_gazebo/share/irb120egp64_ros2_gazebo/meshes/egp64/Schunk Gripper - RIGHT FINGER BASE.STL
[1.630s] -- Up-to-date symlink: /home/hunajpu/dev_tt_ws/install/irb120egp64_ros2_gazebo/share/irb120egp64_ros2_gazebo/meshes/egp64/Schunk Gripper - RIGHT FINGER BASE.dae
[1.630s] -- Up-to-date symlink: /home/hunajpu/dev_tt_ws/install/irb120egp64_ros2_gazebo/share/irb120egp64_ros2_gazebo/meshes/egp64/Schunk Gripper - RIGHT FINGER.STL
[1.630s] -- Up-to-date symlink: /home/hunajpu/dev_tt_ws/install/irb120egp64_ros2_gazebo/share/irb120egp64_ros2_gazebo/meshes/egp64/Schunk Gripper - RIGHT FINGER.dae
[1.630s] -- Up-to-date symlink: /home/hunajpu/dev_tt_ws/install/irb120egp64_ros2_gazebo/share/irb120egp64_ros2_gazebo/meshes/irb120_cell.dae
[1.631s] -- Up-to-date symlink: /home/hunajpu/dev_tt_ws/install/irb120egp64_ros2_gazebo/share/irb120egp64_ros2_gazebo/meshes/visual/base_link.stl
[1.631s] -- Up-to-date symlink: /home/hunajpu/dev_tt_ws/install/irb120egp64_ros2_gazebo/share/irb120egp64_ros2_gazebo/meshes/visual/link_1.stl
[1.631s] -- Up-to-date symlink: /home/hunajpu/dev_tt_ws/install/irb120egp64_ros2_gazebo/share/irb120egp64_ros2_gazebo/meshes/visual/link_2.stl
[1.631s] -- Up-to-date symlink: /home/hunajpu/dev_tt_ws/install/irb120egp64_ros2_gazebo/share/irb120egp64_ros2_gazebo/meshes/visual/link_3.stl
[1.631s] -- Up-to-date symlink: /home/hunajpu/dev_tt_ws/install/irb120egp64_ros2_gazebo/share/irb120egp64_ros2_gazebo/meshes/visual/link_4.stl
[1.631s] -- Up-to-date symlink: /home/hunajpu/dev_tt_ws/install/irb120egp64_ros2_gazebo/share/irb120egp64_ros2_gazebo/meshes/visual/link_5.stl
[1.631s] -- Up-to-date symlink: /home/hunajpu/dev_tt_ws/install/irb120egp64_ros2_gazebo/share/irb120egp64_ros2_gazebo/meshes/visual/link_6.stl
[1.632s] -- Up-to-date symlink: /home/hunajpu/dev_tt_ws/install/irb120egp64_ros2_gazebo/share/irb120egp64_ros2_gazebo/worlds/irb120egp64.world
[1.636s] -- Up-to-date symlink: /home/hunajpu/dev_tt_ws/install/irb120egp64_ros2_gazebo/share/ament_index/resource_index/package_run_dependencies/irb120egp64_ros2_gazebo
[1.637s] -- Up-to-date symlink: /home/hunajpu/dev_tt_ws/install/irb120egp64_ros2_gazebo/share/ament_index/resource_index/parent_prefix_path/irb120egp64_ros2_gazebo
[1.637s] -- Up-to-date symlink: /home/hunajpu/dev_tt_ws/install/irb120egp64_ros2_gazebo/share/irb120egp64_ros2_gazebo/environment/ament_prefix_path.sh
[1.637s] -- Up-to-date symlink: /home/hunajpu/dev_tt_ws/install/irb120egp64_ros2_gazebo/share/irb120egp64_ros2_gazebo/environment/ament_prefix_path.dsv
[1.637s] -- Up-to-date symlink: /home/hunajpu/dev_tt_ws/install/irb120egp64_ros2_gazebo/share/irb120egp64_ros2_gazebo/environment/path.sh
[1.637s] -- Up-to-date symlink: /home/hunajpu/dev_tt_ws/install/irb120egp64_ros2_gazebo/share/irb120egp64_ros2_gazebo/environment/path.dsv
[1.637s] -- Up-to-date symlink: /home/hunajpu/dev_tt_ws/install/irb120egp64_ros2_gazebo/share/irb120egp64_ros2_gazebo/local_setup.bash
[1.638s] -- Up-to-date symlink: /home/hunajpu/dev_tt_ws/install/irb120egp64_ros2_gazebo/share/irb120egp64_ros2_gazebo/local_setup.sh
[1.638s] -- Up-to-date symlink: /home/hunajpu/dev_tt_ws/install/irb120egp64_ros2_gazebo/share/irb120egp64_ros2_gazebo/local_setup.zsh
[1.638s] -- Up-to-date symlink: /home/hunajpu/dev_tt_ws/install/irb120egp64_ros2_gazebo/share/irb120egp64_ros2_gazebo/local_setup.dsv
[1.638s] -- Symlinking: /home/hunajpu/dev_tt_ws/install/irb120egp64_ros2_gazebo/share/irb120egp64_ros2_gazebo/package.dsv
[1.740s] -- Up-to-date symlink: /home/hunajpu/dev_tt_ws/install/irb120egp64_ros2_gazebo/share/ament_index/resource_index/packages/irb120egp64_ros2_gazebo
[1.749s] -- Up-to-date symlink: /home/hunajpu/dev_tt_ws/install/irb120egp64_ros2_gazebo/share/irb120egp64_ros2_gazebo/cmake/irb120egp64_ros2_gazeboConfig.cmake
[1.749s] -- Up-to-date symlink: /home/hunajpu/dev_tt_ws/install/irb120egp64_ros2_gazebo/share/irb120egp64_ros2_gazebo/cmake/irb120egp64_ros2_gazeboConfig-version.cmake
[1.749s] -- Up-to-date symlink: /home/hunajpu/dev_tt_ws/install/irb120egp64_ros2_gazebo/share/irb120egp64_ros2_gazebo/package.xml
[1.756s] Invoked command in '/home/hunajpu/dev_tt_ws/build/irb120egp64_ros2_gazebo' returned '0': CMAKE_PREFIX_PATH=${CMAKE_PREFIX_PATH}:/opt/ros/foxy /usr/bin/cmake --install /home/hunajpu/dev_tt_ws/build/irb120egp64_ros2_gazebo
