[0.109s] Invoking command in '/home/hunajpu/dev_tt_ws/build/gazebo_ros2_control': CMAKE_PREFIX_PATH=${CMAKE_PREFIX_PATH}:/home/hunajpu/dev_tt_ws/install/rrbot_moveit_demo_nodes:/home/hunajpu/dev_tt_ws/install/gazebo_ros2_control_demos:/opt/ros/foxy /usr/bin/cmake --build /home/hunajpu/dev_tt_ws/build/gazebo_ros2_control -- -j8 -l8
[0.746s] [ 50%] Built target gazebo_ros2_control
[0.746s] [100%] Built target gazebo_hardware_plugins
[0.751s] Invoked command in '/home/hunajpu/dev_tt_ws/build/gazebo_ros2_control' returned '0': CMAKE_PREFIX_PATH=${CMAKE_PREFIX_PATH}:/home/hunajpu/dev_tt_ws/install/rrbot_moveit_demo_nodes:/home/hunajpu/dev_tt_ws/install/gazebo_ros2_control_demos:/opt/ros/foxy /usr/bin/cmake --build /home/hunajpu/dev_tt_ws/build/gazebo_ros2_control -- -j8 -l8
[0.781s] Invoking command in '/home/hunajpu/dev_tt_ws/build/gazebo_ros2_control': CMAKE_PREFIX_PATH=${CMAKE_PREFIX_PATH}:/home/hunajpu/dev_tt_ws/install/rrbot_moveit_demo_nodes:/home/hunajpu/dev_tt_ws/install/gazebo_ros2_control_demos:/opt/ros/foxy /usr/bin/cmake --install /home/hunajpu/dev_tt_ws/build/gazebo_ros2_control
[0.792s] -- Install configuration: "Debug"
[0.817s] -- Execute custom install script
[0.855s] -- Up-to-date symlink: /home/hunajpu/dev_tt_ws/install/gazebo_ros2_control/lib/libgazebo_ros2_control.so
[0.861s] -- Up-to-date symlink: /home/hunajpu/dev_tt_ws/install/gazebo_ros2_control/lib/libgazebo_hardware_plugins.so
[0.868s] -- Up-to-date symlink: /home/hunajpu/dev_tt_ws/install/gazebo_ros2_control/share/gazebo_ros2_control/environment/library_path.sh
[0.869s] -- Up-to-date symlink: /home/hunajpu/dev_tt_ws/install/gazebo_ros2_control/share/gazebo_ros2_control/environment/library_path.dsv
[0.904s] -- Up-to-date symlink: /home/hunajpu/dev_tt_ws/install/gazebo_ros2_control/include/gazebo_ros2_control/gazebo_ros2_control_plugin.hpp
[0.906s] -- Up-to-date symlink: /home/hunajpu/dev_tt_ws/install/gazebo_ros2_control/include/gazebo_ros2_control/gazebo_system.hpp
[0.907s] -- Up-to-date symlink: /home/hunajpu/dev_tt_ws/install/gazebo_ros2_control/include/gazebo_ros2_control/gazebo_system_interface.hpp
[0.908s] -- Up-to-date symlink: /home/hunajpu/dev_tt_ws/install/gazebo_ros2_control/share/gazebo_ros2_control//gazebo_hardware_plugins.xml
[0.910s] -- Up-to-date symlink: /home/hunajpu/dev_tt_ws/install/gazebo_ros2_control/share/ament_index/resource_index/package_run_dependencies/gazebo_ros2_control
[0.912s] -- Up-to-date symlink: /home/hunajpu/dev_tt_ws/install/gazebo_ros2_control/share/ament_index/resource_index/parent_prefix_path/gazebo_ros2_control
[0.918s] -- Up-to-date symlink: /home/hunajpu/dev_tt_ws/install/gazebo_ros2_control/share/gazebo_ros2_control/environment/ament_prefix_path.sh
[0.920s] -- Up-to-date symlink: /home/hunajpu/dev_tt_ws/install/gazebo_ros2_control/share/gazebo_ros2_control/environment/ament_prefix_path.dsv
[0.922s] -- Up-to-date symlink: /home/hunajpu/dev_tt_ws/install/gazebo_ros2_control/share/gazebo_ros2_control/environment/path.sh
[0.924s] -- Up-to-date symlink: /home/hunajpu/dev_tt_ws/install/gazebo_ros2_control/share/gazebo_ros2_control/environment/path.dsv
[0.938s] -- Up-to-date symlink: /home/hunajpu/dev_tt_ws/install/gazebo_ros2_control/share/gazebo_ros2_control/local_setup.bash
[0.954s] -- Up-to-date symlink: /home/hunajpu/dev_tt_ws/install/gazebo_ros2_control/share/gazebo_ros2_control/local_setup.sh
[0.961s] -- Up-to-date symlink: /home/hunajpu/dev_tt_ws/install/gazebo_ros2_control/share/gazebo_ros2_control/local_setup.zsh
[0.965s] -- Up-to-date symlink: /home/hunajpu/dev_tt_ws/install/gazebo_ros2_control/share/gazebo_ros2_control/local_setup.dsv
[0.966s] -- Symlinking: /home/hunajpu/dev_tt_ws/install/gazebo_ros2_control/share/gazebo_ros2_control/package.dsv
[1.068s] -- Up-to-date symlink: /home/hunajpu/dev_tt_ws/install/gazebo_ros2_control/share/ament_index/resource_index/packages/gazebo_ros2_control
[1.068s] -- Up-to-date symlink: /home/hunajpu/dev_tt_ws/install/gazebo_ros2_control/share/ament_index/resource_index/gazebo_ros2_control__pluginlib__plugin/gazebo_ros2_control
[1.068s] -- Up-to-date symlink: /home/hunajpu/dev_tt_ws/install/gazebo_ros2_control/share/gazebo_ros2_control/cmake/ament_cmake_export_include_directories-extras.cmake
[1.068s] -- Up-to-date symlink: /home/hunajpu/dev_tt_ws/install/gazebo_ros2_control/share/gazebo_ros2_control/cmake/ament_cmake_export_dependencies-extras.cmake
[1.069s] -- Up-to-date symlink: /home/hunajpu/dev_tt_ws/install/gazebo_ros2_control/share/gazebo_ros2_control/cmake/ament_cmake_export_libraries-extras.cmake
[1.069s] -- Up-to-date symlink: /home/hunajpu/dev_tt_ws/install/gazebo_ros2_control/share/gazebo_ros2_control/cmake/gazebo_ros2_controlConfig.cmake
[1.069s] -- Up-to-date symlink: /home/hunajpu/dev_tt_ws/install/gazebo_ros2_control/share/gazebo_ros2_control/cmake/gazebo_ros2_controlConfig-version.cmake
[1.069s] -- Up-to-date symlink: /home/hunajpu/dev_tt_ws/install/gazebo_ros2_control/share/gazebo_ros2_control/package.xml
[1.096s] Invoked command in '/home/hunajpu/dev_tt_ws/build/gazebo_ros2_control' returned '0': CMAKE_PREFIX_PATH=${CMAKE_PREFIX_PATH}:/home/hunajpu/dev_tt_ws/install/rrbot_moveit_demo_nodes:/home/hunajpu/dev_tt_ws/install/gazebo_ros2_control_demos:/opt/ros/foxy /usr/bin/cmake --install /home/hunajpu/dev_tt_ws/build/gazebo_ros2_control
