[0.226s] Invoking command in '/home/hunajpu/dev_tt_ws/build/cobots_axis_gui': CMAKE_PREFIX_PATH=${CMAKE_PREFIX_PATH}:/opt/ros/foxy /usr/bin/cmake --build /home/hunajpu/dev_tt_ws/build/cobots_axis_gui -- -j8 -l8
[0.290s] -- Found ament_cmake: 0.9.9 (/opt/ros/foxy/share/ament_cmake/cmake)
[0.353s] -- Using PYTHON_EXECUTABLE: /usr/bin/python3
[0.814s] -- Found rclcpp: 2.4.1 (/opt/ros/foxy/share/rclcpp/cmake)
[0.903s] -- Using all available rosidl_typesupport_c: rosidl_typesupport_fastrtps_c;rosidl_typesupport_introspection_c
[0.908s] -- Found rosidl_adapter: 1.2.1 (/opt/ros/foxy/share/rosidl_adapter/cmake)
[1.270s] -- Using all available rosidl_typesupport_cpp: rosidl_typesupport_fastrtps_cpp;rosidl_typesupport_introspection_cpp
[1.391s] -- Found rmw_implementation_cmake: 1.0.3 (/opt/ros/foxy/share/rmw_implementation_cmake/cmake)
[1.394s] -- Using RMW implementation 'rmw_fastrtps_cpp' as default
[1.773s] -- Found ament_cmake_ros: 0.9.2 (/opt/ros/foxy/share/ament_cmake_ros/cmake)
[1.777s] -- Found sensor_msgs: 2.0.5 (/opt/ros/foxy/share/sensor_msgs/cmake)
[2.126s] -- Found rqt_gui_cpp: 1.1.2 (/opt/ros/foxy/share/rqt_gui_cpp/cmake)
[2.173s] -- Found control_msgs: 2.5.1 (/opt/ros/foxy/share/control_msgs/cmake)
[3.066s] CMake Error at /opt/ros/foxy/share/ament_cmake_target_dependencies/cmake/ament_target_dependencies.cmake:77 (message):
[3.066s]   ament_target_dependencies() the passed package name 'rclcpp_action' was not
[3.066s]   found before
[3.067s] Call Stack (most recent call first):
[3.067s]   CMakeLists.txt:82 (ament_target_dependencies)
[3.067s] 
[3.067s] 
[3.068s] -- Configuring incomplete, errors occurred!
[3.068s] See also "/home/hunajpu/dev_tt_ws/build/cobots_axis_gui/CMakeFiles/CMakeOutput.log".
[3.069s] See also "/home/hunajpu/dev_tt_ws/build/cobots_axis_gui/CMakeFiles/CMakeError.log".
[3.083s] make: *** [Makefile:416: cmake_check_build_system] Error 1
[3.085s] Invoked command in '/home/hunajpu/dev_tt_ws/build/cobots_axis_gui' returned '2': CMAKE_PREFIX_PATH=${CMAKE_PREFIX_PATH}:/opt/ros/foxy /usr/bin/cmake --build /home/hunajpu/dev_tt_ws/build/cobots_axis_gui -- -j8 -l8
