[0.213s] Invoking command in '/home/hunajpu/dev_tt_ws/build/ur5_ros2_gazebo': CMAKE_PREFIX_PATH=${CMAKE_PREFIX_PATH}:/opt/ros/foxy /usr/bin/cmake --build /home/hunajpu/dev_tt_ws/build/ur5_ros2_gazebo -- -j8 -l8
[0.336s] Invoked command in '/home/hunajpu/dev_tt_ws/build/ur5_ros2_gazebo' returned '0': CMAKE_PREFIX_PATH=${CMAKE_PREFIX_PATH}:/opt/ros/foxy /usr/bin/cmake --build /home/hunajpu/dev_tt_ws/build/ur5_ros2_gazebo -- -j8 -l8
[0.410s] Invoking command in '/home/hunajpu/dev_tt_ws/build/ur5_ros2_gazebo': CMAKE_PREFIX_PATH=${CMAKE_PREFIX_PATH}:/opt/ros/foxy /usr/bin/cmake --install /home/hunajpu/dev_tt_ws/build/ur5_ros2_gazebo
[0.450s] -- Install configuration: ""
[0.451s] -- Execute custom install script
[0.475s] -- Up-to-date symlink: /home/hunajpu/dev_tt_ws/install/ur5_ros2_gazebo/share/ur5_ros2_gazebo/config/default_kinematics.yaml
[0.477s] -- Up-to-date symlink: /home/hunajpu/dev_tt_ws/install/ur5_ros2_gazebo/share/ur5_ros2_gazebo/config/initial_positions.yaml
[0.477s] -- Up-to-date symlink: /home/hunajpu/dev_tt_ws/install/ur5_ros2_gazebo/share/ur5_ros2_gazebo/config/joint_limits.yaml
[0.478s] -- Up-to-date symlink: /home/hunajpu/dev_tt_ws/install/ur5_ros2_gazebo/share/ur5_ros2_gazebo/config/physical_parameters.yaml
[0.478s] -- Up-to-date symlink: /home/hunajpu/dev_tt_ws/install/ur5_ros2_gazebo/share/ur5_ros2_gazebo/config/ur5_controller.yaml
[0.479s] -- Up-to-date symlink: /home/hunajpu/dev_tt_ws/install/ur5_ros2_gazebo/share/ur5_ros2_gazebo/config/visual_parameters.yaml
[0.546s] -- Up-to-date symlink: /home/hunajpu/dev_tt_ws/install/ur5_ros2_gazebo/share/ur5_ros2_gazebo/launch/ur5_simulation.launch.py
[0.571s] -- Up-to-date symlink: /home/hunajpu/dev_tt_ws/install/ur5_ros2_gazebo/share/ur5_ros2_gazebo/urdf/ur5.urdf.xacro
[0.571s] -- Up-to-date symlink: /home/hunajpu/dev_tt_ws/install/ur5_ros2_gazebo/share/ur5_ros2_gazebo/urdf/ur5_common.xacro
[0.571s] -- Up-to-date symlink: /home/hunajpu/dev_tt_ws/install/ur5_ros2_gazebo/share/ur5_ros2_gazebo/urdf/ur5_gazebo.xacro
[0.571s] -- Up-to-date symlink: /home/hunajpu/dev_tt_ws/install/ur5_ros2_gazebo/share/ur5_ros2_gazebo/urdf/ur5_macro.urdf.xacro
[0.571s] -- Up-to-date symlink: /home/hunajpu/dev_tt_ws/install/ur5_ros2_gazebo/share/ur5_ros2_gazebo/urdf/ur5_transmission.xacro
[0.571s] -- Up-to-date symlink: /home/hunajpu/dev_tt_ws/install/ur5_ros2_gazebo/share/ur5_ros2_gazebo/worlds/ur5.world
[0.571s] -- Up-to-date symlink: /home/hunajpu/dev_tt_ws/install/ur5_ros2_gazebo/share/ur5_ros2_gazebo/meshes/collision/base.stl
[0.571s] -- Up-to-date symlink: /home/hunajpu/dev_tt_ws/install/ur5_ros2_gazebo/share/ur5_ros2_gazebo/meshes/collision/forearm.stl
[0.572s] -- Up-to-date symlink: /home/hunajpu/dev_tt_ws/install/ur5_ros2_gazebo/share/ur5_ros2_gazebo/meshes/collision/shoulder.stl
[0.572s] -- Up-to-date symlink: /home/hunajpu/dev_tt_ws/install/ur5_ros2_gazebo/share/ur5_ros2_gazebo/meshes/collision/upperarm.stl
[0.572s] -- Up-to-date symlink: /home/hunajpu/dev_tt_ws/install/ur5_ros2_gazebo/share/ur5_ros2_gazebo/meshes/collision/wrist1.stl
[0.573s] -- Up-to-date symlink: /home/hunajpu/dev_tt_ws/install/ur5_ros2_gazebo/share/ur5_ros2_gazebo/meshes/collision/wrist2.stl
[0.573s] -- Up-to-date symlink: /home/hunajpu/dev_tt_ws/install/ur5_ros2_gazebo/share/ur5_ros2_gazebo/meshes/collision/wrist3.stl
[0.574s] -- Up-to-date symlink: /home/hunajpu/dev_tt_ws/install/ur5_ros2_gazebo/share/ur5_ros2_gazebo/meshes/visual/base.dae
[0.575s] -- Up-to-date symlink: /home/hunajpu/dev_tt_ws/install/ur5_ros2_gazebo/share/ur5_ros2_gazebo/meshes/visual/forearm.dae
[0.575s] -- Up-to-date symlink: /home/hunajpu/dev_tt_ws/install/ur5_ros2_gazebo/share/ur5_ros2_gazebo/meshes/visual/shoulder.dae
[0.576s] -- Up-to-date symlink: /home/hunajpu/dev_tt_ws/install/ur5_ros2_gazebo/share/ur5_ros2_gazebo/meshes/visual/upperarm.dae
[0.577s] -- Up-to-date symlink: /home/hunajpu/dev_tt_ws/install/ur5_ros2_gazebo/share/ur5_ros2_gazebo/meshes/visual/wrist1.dae
[0.584s] -- Up-to-date symlink: /home/hunajpu/dev_tt_ws/install/ur5_ros2_gazebo/share/ur5_ros2_gazebo/meshes/visual/wrist2.dae
[0.585s] -- Up-to-date symlink: /home/hunajpu/dev_tt_ws/install/ur5_ros2_gazebo/share/ur5_ros2_gazebo/meshes/visual/wrist3.dae
[0.586s] -- Up-to-date symlink: /home/hunajpu/dev_tt_ws/install/ur5_ros2_gazebo/share/ament_index/resource_index/package_run_dependencies/ur5_ros2_gazebo
[0.596s] -- Up-to-date symlink: /home/hunajpu/dev_tt_ws/install/ur5_ros2_gazebo/share/ament_index/resource_index/parent_prefix_path/ur5_ros2_gazebo
[0.597s] -- Up-to-date symlink: /home/hunajpu/dev_tt_ws/install/ur5_ros2_gazebo/share/ur5_ros2_gazebo/environment/ament_prefix_path.sh
[0.599s] -- Up-to-date symlink: /home/hunajpu/dev_tt_ws/install/ur5_ros2_gazebo/share/ur5_ros2_gazebo/environment/ament_prefix_path.dsv
[0.607s] -- Up-to-date symlink: /home/hunajpu/dev_tt_ws/install/ur5_ros2_gazebo/share/ur5_ros2_gazebo/environment/path.sh
[0.608s] -- Up-to-date symlink: /home/hunajpu/dev_tt_ws/install/ur5_ros2_gazebo/share/ur5_ros2_gazebo/environment/path.dsv
[0.608s] -- Up-to-date symlink: /home/hunajpu/dev_tt_ws/install/ur5_ros2_gazebo/share/ur5_ros2_gazebo/local_setup.bash
[0.608s] -- Up-to-date symlink: /home/hunajpu/dev_tt_ws/install/ur5_ros2_gazebo/share/ur5_ros2_gazebo/local_setup.sh
[0.608s] -- Up-to-date symlink: /home/hunajpu/dev_tt_ws/install/ur5_ros2_gazebo/share/ur5_ros2_gazebo/local_setup.zsh
[0.609s] -- Up-to-date symlink: /home/hunajpu/dev_tt_ws/install/ur5_ros2_gazebo/share/ur5_ros2_gazebo/local_setup.dsv
[0.609s] -- Symlinking: /home/hunajpu/dev_tt_ws/install/ur5_ros2_gazebo/share/ur5_ros2_gazebo/package.dsv
[0.647s] -- Up-to-date symlink: /home/hunajpu/dev_tt_ws/install/ur5_ros2_gazebo/share/ament_index/resource_index/packages/ur5_ros2_gazebo
[0.647s] -- Up-to-date symlink: /home/hunajpu/dev_tt_ws/install/ur5_ros2_gazebo/share/ur5_ros2_gazebo/cmake/ur5_ros2_gazeboConfig.cmake
[0.647s] -- Up-to-date symlink: /home/hunajpu/dev_tt_ws/install/ur5_ros2_gazebo/share/ur5_ros2_gazebo/cmake/ur5_ros2_gazeboConfig-version.cmake
[0.648s] -- Up-to-date symlink: /home/hunajpu/dev_tt_ws/install/ur5_ros2_gazebo/share/ur5_ros2_gazebo/package.xml
[0.673s] Invoked command in '/home/hunajpu/dev_tt_ws/build/ur5_ros2_gazebo' returned '0': CMAKE_PREFIX_PATH=${CMAKE_PREFIX_PATH}:/opt/ros/foxy /usr/bin/cmake --install /home/hunajpu/dev_tt_ws/build/ur5_ros2_gazebo
