[0.245s] Invoking command in '/home/hunajpu/dev_tt_ws/build/irb120egp64_ros2_moveit2': CMAKE_PREFIX_PATH=/home/hunajpu/dev_tt_ws/install/ros2_data:/home/hunajpu/dev_tt_ws/install/ur5_ros2_moveit2:/home/hunajpu/dev_tt_ws/install/ur5_ros2_gazebo:/home/hunajpu/dev_tt_ws/install/ur3_ros2_moveit2:/home/hunajpu/dev_tt_ws/install/ur3_ros2_gazebo:/home/hunajpu/dev_tt_ws/install/ur10_ros2_moveit2:/home/hunajpu/dev_tt_ws/install/ur10_ros2_gazebo:/home/hunajpu/dev_tt_ws/install/rrbot_moveit_config:/home/hunajpu/dev_tt_ws/install/rrbot_gazebo:/home/hunajpu/dev_tt_ws/install/rrbot_description:/home/hunajpu/dev_tt_ws/install/rosbridge_test_msgs:/home/hunajpu/dev_tt_ws/install/rosbridge_suite:/home/hunajpu/dev_tt_ws/install/rosbridge_server:/home/hunajpu/dev_tt_ws/install/rosbridge_msgs:/home/hunajpu/dev_tt_ws/install/rosapi:/home/hunajpu/dev_tt_ws/install/rosbridge_library:/home/hunajpu/dev_tt_ws/install/rosapi_msgs:/home/hunajpu/dev_tt_ws/install/panda_ros2_moveit2:/home/hunajpu/dev_tt_ws/install/irb6640_ros2_moveit2:/home/hunajpu/dev_tt_ws/install/irb120egp64_ros2_moveit2:/home/hunajpu/dev_tt_ws/install/irb120_ros2_moveit2:/home/hunajpu/dev_tt_ws/install/panda_ros2_gazebo:/home/hunajpu/dev_tt_ws/install/irb6640_ros2_gazebo:/home/hunajpu/dev_tt_ws/install/irb120egp64_ros2_gazebo:/home/hunajpu/dev_tt_ws/install/irb120_ros2_gazebo:/home/hunajpu/dev_tt_ws/install/gazebo_ros2_control:/home/hunajpu/dev_tt_ws/install/cobots_axis_driver:/home/hunajpu/dev_tt_ws/install/rrbot_moveit_demo_nodes:/home/hunajpu/dev_tt_ws/install/gazebo_ros2_control_demos:/opt/ros/foxy LD_LIBRARY_PATH=/home/hunajpu/dev_tt_ws/install/ros2_data/lib:/home/hunajpu/dev_tt_ws/install/rosbridge_test_msgs/lib:/home/hunajpu/dev_tt_ws/install/rosbridge_msgs/lib:/home/hunajpu/dev_tt_ws/install/rosapi_msgs/lib:/home/hunajpu/dev_tt_ws/install/gazebo_ros2_control/lib:/usr/lib/x86_64-linux-gnu/gazebo-11/plugins:/opt/ros/foxy/opt/yaml_cpp_vendor/lib:/opt/ros/foxy/opt/rviz_ogre_vendor/lib:/opt/ros/foxy/lib/x86_64-linux-gnu:/opt/ros/foxy/lib PYTHONPATH=/home/hunajpu/dev_tt_ws/install/ros2_data/lib/python3.8/site-packages:/home/hunajpu/dev_tt_ws/install/rosbridge_test_msgs/lib/python3.8/site-packages:/home/hunajpu/dev_tt_ws/install/rosbridge_server/lib/python3.8/site-packages:/home/hunajpu/dev_tt_ws/install/rosbridge_msgs/lib/python3.8/site-packages:/home/hunajpu/dev_tt_ws/install/rosapi/lib/python3.8/site-packages:/home/hunajpu/dev_tt_ws/install/rosbridge_library/lib/python3.8/site-packages:/home/hunajpu/dev_tt_ws/install/rosapi_msgs/lib/python3.8/site-packages:/opt/ros/foxy/lib/python3.8/site-packages /usr/bin/cmake --build /home/hunajpu/dev_tt_ws/build/irb120egp64_ros2_moveit2 -- -j8 -l8
[1.218s] [  5%] Building CXX object CMakeFiles/moveG_action.dir/scripts/moveG_action.cpp.o
[1.339s] [ 11%] Building CXX object CMakeFiles/moveJ_service.dir/scripts/moveJ_service.cpp.o
[1.428s] [ 16%] Building CXX object CMakeFiles/moveG_service.dir/scripts/moveG_service.cpp.o
[1.429s] [ 22%] Building CXX object CMakeFiles/moveXYZ_action.dir/scripts/moveXYZ_action.cpp.o
[1.480s] [ 27%] Building CXX object CMakeFiles/moveJ_action.dir/scripts/moveJ_action.cpp.o
[1.560s] [ 33%] Building CXX object CMakeFiles/moveXYZW_action.dir/scripts/moveXYZW_action.cpp.o
[1.598s] [ 38%] Building CXX object CMakeFiles/moveL_action.dir/scripts/moveL_action.cpp.o
[1.652s] [ 44%] Building CXX object CMakeFiles/moveR_action.dir/scripts/moveR_action.cpp.o
[22.292s] /home/hunajpu/dev_tt_ws/src/ros2_RobotSimulation/ABBRobots/IRB120/irb120egp64_ros2_moveit2/scripts/moveG_action.cpp: In member function 'rclcpp_action::GoalResponse ActionServer::handle_goal(const GoalUUID&, std::shared_ptr<const ros2_data::action::MoveG_Goal_<std::allocator<void> > >)':
[22.292s] /home/hunajpu/dev_tt_ws/src/ros2_RobotSimulation/ABBRobots/IRB120/irb120egp64_ros2_moveit2/scripts/moveG_action.cpp:79:41: warning: unused parameter 'uuid' [-Wunused-parameter]
[22.293s]    79 |         const rclcpp_action::GoalUUID & uuid,
[22.293s]       |         ~~~~~~~~~~~~~~~~~~~~~~~~~~~~~~~~^~~~
[22.897s] /home/hunajpu/dev_tt_ws/src/ros2_RobotSimulation/ABBRobots/IRB120/irb120egp64_ros2_moveit2/scripts/moveJ_action.cpp: In member function 'rclcpp_action::GoalResponse ActionServer::handle_goal(const GoalUUID&, std::shared_ptr<const ros2_data::action::MoveJ_Goal_<std::allocator<void> > >)':
[22.897s] /home/hunajpu/dev_tt_ws/src/ros2_RobotSimulation/ABBRobots/IRB120/irb120egp64_ros2_moveit2/scripts/moveJ_action.cpp:80:41: warning: unused parameter 'uuid' [-Wunused-parameter]
[22.898s]    80 |         const rclcpp_action::GoalUUID & uuid,
[22.898s]       |         ~~~~~~~~~~~~~~~~~~~~~~~~~~~~~~~~^~~~
[23.245s] /home/hunajpu/dev_tt_ws/src/ros2_RobotSimulation/ABBRobots/IRB120/irb120egp64_ros2_moveit2/scripts/moveR_action.cpp: In member function 'rclcpp_action::GoalResponse ActionServer::handle_goal(const GoalUUID&, std::shared_ptr<const ros2_data::action::MoveR_Goal_<std::allocator<void> > >)':
[23.245s] /home/hunajpu/dev_tt_ws/src/ros2_RobotSimulation/ABBRobots/IRB120/irb120egp64_ros2_moveit2/scripts/moveR_action.cpp:80:41: warning: unused parameter 'uuid' [-Wunused-parameter]
[23.245s]    80 |         const rclcpp_action::GoalUUID & uuid,
[23.245s]       |         ~~~~~~~~~~~~~~~~~~~~~~~~~~~~~~~~^~~~
[23.312s] /home/hunajpu/dev_tt_ws/src/ros2_RobotSimulation/ABBRobots/IRB120/irb120egp64_ros2_moveit2/scripts/moveR_action.cpp: In member function 'void ActionServer::execute(std::shared_ptr<rclcpp_action::ServerGoalHandle<ros2_data::action::MoveR> >)':
[23.312s] /home/hunajpu/dev_tt_ws/src/ros2_RobotSimulation/ABBRobots/IRB120/irb120egp64_ros2_moveit2/scripts/moveR_action.cpp:258:56: warning: comparison with string literal results in unspecified behavior [-Waddress]
[23.312s]   258 |         } else if (LimitCheck == true && InputJoint == "Valid") {
[23.312s]       |                                                        ^~~~~~~
[23.669s] /home/hunajpu/dev_tt_ws/src/ros2_RobotSimulation/ABBRobots/IRB120/irb120egp64_ros2_moveit2/scripts/moveL_action.cpp: In member function 'rclcpp_action::GoalResponse ActionServer::handle_goal(const GoalUUID&, std::shared_ptr<const ros2_data::action::MoveL_Goal_<std::allocator<void> > >)':
[23.669s] /home/hunajpu/dev_tt_ws/src/ros2_RobotSimulation/ABBRobots/IRB120/irb120egp64_ros2_moveit2/scripts/moveL_action.cpp:79:41: warning: unused parameter 'uuid' [-Wunused-parameter]
[23.669s]    79 |         const rclcpp_action::GoalUUID & uuid,
[23.669s]       |         ~~~~~~~~~~~~~~~~~~~~~~~~~~~~~~~~^~~~
[23.702s] /home/hunajpu/dev_tt_ws/src/ros2_RobotSimulation/ABBRobots/IRB120/irb120egp64_ros2_moveit2/scripts/moveL_action.cpp: In member function 'void ActionServer::execute(std::shared_ptr<rclcpp_action::ServerGoalHandle<ros2_data::action::MoveL> >)':
[23.702s] /home/hunajpu/dev_tt_ws/src/ros2_RobotSimulation/ABBRobots/IRB120/irb120egp64_ros2_moveit2/scripts/moveL_action.cpp:184:20: warning: unused variable 'fraction' [-Wunused-variable]
[23.702s]   184 |             double fraction = move_group_interface.computeCartesianPath(waypoints, eef_step, jump_threshold, trajectory);
[23.702s]       |                    ^~~~~~~~
[23.704s] /home/hunajpu/dev_tt_ws/src/ros2_RobotSimulation/ABBRobots/IRB120/irb120egp64_ros2_moveit2/scripts/moveL_action.cpp:134:46: warning: unused variable 'joint_model_group' [-Wunused-variable]
[23.704s]   134 |         const moveit::core::JointModelGroup* joint_model_group = move_group_interface.getCurrentState()->getJointModelGroup("irb120_arm");
[23.705s]       |                                              ^~~~~~~~~~~~~~~~~
[23.856s] /home/hunajpu/dev_tt_ws/src/ros2_RobotSimulation/ABBRobots/IRB120/irb120egp64_ros2_moveit2/scripts/moveXYZ_action.cpp: In member function 'rclcpp_action::GoalResponse ActionServer::handle_goal(const GoalUUID&, std::shared_ptr<const ros2_data::action::MoveXYZ_Goal_<std::allocator<void> > >)':
[23.856s] /home/hunajpu/dev_tt_ws/src/ros2_RobotSimulation/ABBRobots/IRB120/irb120egp64_ros2_moveit2/scripts/moveXYZ_action.cpp:79:41: warning: unused parameter 'uuid' [-Wunused-parameter]
[23.856s]    79 |         const rclcpp_action::GoalUUID & uuid,
[23.856s]       |         ~~~~~~~~~~~~~~~~~~~~~~~~~~~~~~~~^~~~
[23.920s] /home/hunajpu/dev_tt_ws/src/ros2_RobotSimulation/ABBRobots/IRB120/irb120egp64_ros2_moveit2/scripts/moveXYZ_action.cpp: In member function 'void ActionServer::execute(std::shared_ptr<rclcpp_action::ServerGoalHandle<ros2_data::action::MoveXYZ> >)':
[23.920s] /home/hunajpu/dev_tt_ws/src/ros2_RobotSimulation/ABBRobots/IRB120/irb120egp64_ros2_moveit2/scripts/moveXYZ_action.cpp:135:46: warning: unused variable 'joint_model_group' [-Wunused-variable]
[23.920s]   135 |         const moveit::core::JointModelGroup* joint_model_group = move_group_interface.getCurrentState()->getJointModelGroup("irb120_arm");
[23.921s]       |                                              ^~~~~~~~~~~~~~~~~
[24.032s] /home/hunajpu/dev_tt_ws/src/ros2_RobotSimulation/ABBRobots/IRB120/irb120egp64_ros2_moveit2/scripts/moveXYZW_action.cpp: In member function 'rclcpp_action::GoalResponse ActionServer::handle_goal(const GoalUUID&, std::shared_ptr<const ros2_data::action::MoveXYZW_Goal_<std::allocator<void> > >)':
[24.032s] /home/hunajpu/dev_tt_ws/src/ros2_RobotSimulation/ABBRobots/IRB120/irb120egp64_ros2_moveit2/scripts/moveXYZW_action.cpp:79:41: warning: unused parameter 'uuid' [-Wunused-parameter]
[24.033s]    79 |         const rclcpp_action::GoalUUID & uuid,
[24.033s]       |         ~~~~~~~~~~~~~~~~~~~~~~~~~~~~~~~~^~~~
[24.067s] /home/hunajpu/dev_tt_ws/src/ros2_RobotSimulation/ABBRobots/IRB120/irb120egp64_ros2_moveit2/scripts/moveXYZW_action.cpp: In member function 'void ActionServer::execute(std::shared_ptr<rclcpp_action::ServerGoalHandle<ros2_data::action::MoveXYZW> >)':
[24.067s] /home/hunajpu/dev_tt_ws/src/ros2_RobotSimulation/ABBRobots/IRB120/irb120egp64_ros2_moveit2/scripts/moveXYZW_action.cpp:142:46: warning: unused variable 'joint_model_group' [-Wunused-variable]
[24.067s]   142 |         const moveit::core::JointModelGroup* joint_model_group = move_group_interface.getCurrentState()->getJointModelGroup("irb120_arm");
[24.067s]       |                                              ^~~~~~~~~~~~~~~~~
[46.095s] [ 55%] Linking CXX executable moveJ_service
[46.096s] [ 55%] Linking CXX executable moveG_action
[46.096s] [ 61%] Linking CXX executable moveG_service
[46.108s] [ 66%] Linking CXX executable moveXYZ_action
[46.200s] [ 72%] Linking CXX executable moveL_action
[46.308s] [ 77%] Linking CXX executable moveJ_action
[46.342s] [ 83%] Linking CXX executable moveXYZW_action
[46.395s] [ 88%] Linking CXX executable moveR_action
[53.564s] [ 88%] Built target moveG_service
[53.577s] [ 88%] Built target moveXYZW_action
[53.587s] [ 88%] Built target moveG_action
[53.593s] [ 88%] Built target moveJ_action
[53.593s] [ 88%] Built target moveJ_service
[53.594s] [ 88%] Built target moveR_action
[53.635s] [ 88%] Built target moveXYZ_action
[53.637s] [ 88%] Built target moveL_action
[54.719s] [ 94%] Building CXX object CMakeFiles/moveYPR_action.dir/scripts/moveYPR_action.cpp.o
[59.742s] /home/hunajpu/dev_tt_ws/src/ros2_RobotSimulation/ABBRobots/IRB120/irb120egp64_ros2_moveit2/scripts/moveYPR_action.cpp: In member function 'rclcpp_action::GoalResponse ActionServer::handle_goal(const GoalUUID&, std::shared_ptr<const ros2_data::action::MoveYPR_Goal_<std::allocator<void> > >)':
[59.743s] /home/hunajpu/dev_tt_ws/src/ros2_RobotSimulation/ABBRobots/IRB120/irb120egp64_ros2_moveit2/scripts/moveYPR_action.cpp:79:41: warning: unused parameter 'uuid' [-Wunused-parameter]
[59.743s]    79 |         const rclcpp_action::GoalUUID & uuid,
[59.743s]       |         ~~~~~~~~~~~~~~~~~~~~~~~~~~~~~~~~^~~~
[59.744s] /home/hunajpu/dev_tt_ws/src/ros2_RobotSimulation/ABBRobots/IRB120/irb120egp64_ros2_moveit2/scripts/moveYPR_action.cpp: In member function 'void ActionServer::execute(std::shared_ptr<rclcpp_action::ServerGoalHandle<ros2_data::action::MoveYPR> >)':
[59.744s] /home/hunajpu/dev_tt_ws/src/ros2_RobotSimulation/ABBRobots/IRB120/irb120egp64_ros2_moveit2/scripts/moveYPR_action.cpp:135:46: warning: unused variable 'joint_model_group' [-Wunused-variable]
[59.744s]   135 |         const moveit::core::JointModelGroup* joint_model_group = move_group_interface.getCurrentState()->getJointModelGroup("irb120_arm");
[59.744s]       |                                              ^~~~~~~~~~~~~~~~~
[64.731s] [100%] Linking CXX executable moveYPR_action
[65.456s] [100%] Built target moveYPR_action
