[1.264s] Invoking command in '/home/hunajpu/dev_tt_ws/build/ur5_ros2_gazebo': CMAKE_PREFIX_PATH=${CMAKE_PREFIX_PATH}:/opt/ros/foxy /usr/bin/cmake --build /home/hunajpu/dev_tt_ws/build/ur5_ros2_gazebo -- -j8 -l8
[2.845s] Invoked command in '/home/hunajpu/dev_tt_ws/build/ur5_ros2_gazebo' returned '0': CMAKE_PREFIX_PATH=${CMAKE_PREFIX_PATH}:/opt/ros/foxy /usr/bin/cmake --build /home/hunajpu/dev_tt_ws/build/ur5_ros2_gazebo -- -j8 -l8
[3.080s] Invoking command in '/home/hunajpu/dev_tt_ws/build/ur5_ros2_gazebo': CMAKE_PREFIX_PATH=${CMAKE_PREFIX_PATH}:/opt/ros/foxy /usr/bin/cmake --install /home/hunajpu/dev_tt_ws/build/ur5_ros2_gazebo
[3.112s] -- Install configuration: "Debug"
[3.112s] -- Execute custom install script
[3.113s] -- Up-to-date symlink: /home/hunajpu/dev_tt_ws/install/ur5_ros2_gazebo/share/ur5_ros2_gazebo/config/default_kinematics.yaml
[3.114s] -- Up-to-date symlink: /home/hunajpu/dev_tt_ws/install/ur5_ros2_gazebo/share/ur5_ros2_gazebo/config/initial_positions.yaml
[3.114s] -- Up-to-date symlink: /home/hunajpu/dev_tt_ws/install/ur5_ros2_gazebo/share/ur5_ros2_gazebo/config/joint_limits.yaml
[3.115s] -- Up-to-date symlink: /home/hunajpu/dev_tt_ws/install/ur5_ros2_gazebo/share/ur5_ros2_gazebo/config/physical_parameters.yaml
[3.115s] -- Up-to-date symlink: /home/hunajpu/dev_tt_ws/install/ur5_ros2_gazebo/share/ur5_ros2_gazebo/config/ur5_controller.yaml
[3.115s] -- Up-to-date symlink: /home/hunajpu/dev_tt_ws/install/ur5_ros2_gazebo/share/ur5_ros2_gazebo/config/visual_parameters.yaml
[3.115s] -- Up-to-date symlink: /home/hunajpu/dev_tt_ws/install/ur5_ros2_gazebo/share/ur5_ros2_gazebo/launch/ur5_simulation.launch.py
[3.116s] -- Up-to-date symlink: /home/hunajpu/dev_tt_ws/install/ur5_ros2_gazebo/share/ur5_ros2_gazebo/urdf/ur5.urdf.xacro
[3.116s] -- Up-to-date symlink: /home/hunajpu/dev_tt_ws/install/ur5_ros2_gazebo/share/ur5_ros2_gazebo/urdf/ur5_common.xacro
[3.116s] -- Up-to-date symlink: /home/hunajpu/dev_tt_ws/install/ur5_ros2_gazebo/share/ur5_ros2_gazebo/urdf/ur5_gazebo.xacro
[3.116s] -- Up-to-date symlink: /home/hunajpu/dev_tt_ws/install/ur5_ros2_gazebo/share/ur5_ros2_gazebo/urdf/ur5_macro.urdf.xacro
[3.117s] -- Up-to-date symlink: /home/hunajpu/dev_tt_ws/install/ur5_ros2_gazebo/share/ur5_ros2_gazebo/urdf/ur5_transmission.xacro
[3.125s] -- Up-to-date symlink: /home/hunajpu/dev_tt_ws/install/ur5_ros2_gazebo/share/ur5_ros2_gazebo/worlds/ur5.world
[3.130s] -- Up-to-date symlink: /home/hunajpu/dev_tt_ws/install/ur5_ros2_gazebo/share/ur5_ros2_gazebo/meshes/collision/base.stl
[3.131s] -- Up-to-date symlink: /home/hunajpu/dev_tt_ws/install/ur5_ros2_gazebo/share/ur5_ros2_gazebo/meshes/collision/forearm.stl
[3.132s] -- Up-to-date symlink: /home/hunajpu/dev_tt_ws/install/ur5_ros2_gazebo/share/ur5_ros2_gazebo/meshes/collision/shoulder.stl
[3.132s] -- Up-to-date symlink: /home/hunajpu/dev_tt_ws/install/ur5_ros2_gazebo/share/ur5_ros2_gazebo/meshes/collision/upperarm.stl
[3.133s] -- Up-to-date symlink: /home/hunajpu/dev_tt_ws/install/ur5_ros2_gazebo/share/ur5_ros2_gazebo/meshes/collision/wrist1.stl
[3.134s] -- Up-to-date symlink: /home/hunajpu/dev_tt_ws/install/ur5_ros2_gazebo/share/ur5_ros2_gazebo/meshes/collision/wrist2.stl
[3.134s] -- Up-to-date symlink: /home/hunajpu/dev_tt_ws/install/ur5_ros2_gazebo/share/ur5_ros2_gazebo/meshes/collision/wrist3.stl
[3.144s] -- Up-to-date symlink: /home/hunajpu/dev_tt_ws/install/ur5_ros2_gazebo/share/ur5_ros2_gazebo/meshes/visual/base.dae
[3.145s] -- Up-to-date symlink: /home/hunajpu/dev_tt_ws/install/ur5_ros2_gazebo/share/ur5_ros2_gazebo/meshes/visual/forearm.dae
[3.145s] -- Up-to-date symlink: /home/hunajpu/dev_tt_ws/install/ur5_ros2_gazebo/share/ur5_ros2_gazebo/meshes/visual/shoulder.dae
[3.145s] -- Up-to-date symlink: /home/hunajpu/dev_tt_ws/install/ur5_ros2_gazebo/share/ur5_ros2_gazebo/meshes/visual/upperarm.dae
[3.146s] -- Up-to-date symlink: /home/hunajpu/dev_tt_ws/install/ur5_ros2_gazebo/share/ur5_ros2_gazebo/meshes/visual/wrist1.dae
[3.146s] -- Up-to-date symlink: /home/hunajpu/dev_tt_ws/install/ur5_ros2_gazebo/share/ur5_ros2_gazebo/meshes/visual/wrist2.dae
[3.146s] -- Up-to-date symlink: /home/hunajpu/dev_tt_ws/install/ur5_ros2_gazebo/share/ur5_ros2_gazebo/meshes/visual/wrist3.dae
[3.146s] -- Up-to-date symlink: /home/hunajpu/dev_tt_ws/install/ur5_ros2_gazebo/share/ament_index/resource_index/package_run_dependencies/ur5_ros2_gazebo
[3.146s] -- Up-to-date symlink: /home/hunajpu/dev_tt_ws/install/ur5_ros2_gazebo/share/ament_index/resource_index/parent_prefix_path/ur5_ros2_gazebo
[3.146s] -- Up-to-date symlink: /home/hunajpu/dev_tt_ws/install/ur5_ros2_gazebo/share/ur5_ros2_gazebo/environment/ament_prefix_path.sh
[3.147s] -- Up-to-date symlink: /home/hunajpu/dev_tt_ws/install/ur5_ros2_gazebo/share/ur5_ros2_gazebo/environment/ament_prefix_path.dsv
[3.147s] -- Up-to-date symlink: /home/hunajpu/dev_tt_ws/install/ur5_ros2_gazebo/share/ur5_ros2_gazebo/environment/path.sh
[3.147s] -- Up-to-date symlink: /home/hunajpu/dev_tt_ws/install/ur5_ros2_gazebo/share/ur5_ros2_gazebo/environment/path.dsv
[3.147s] -- Up-to-date symlink: /home/hunajpu/dev_tt_ws/install/ur5_ros2_gazebo/share/ur5_ros2_gazebo/local_setup.bash
[3.148s] -- Up-to-date symlink: /home/hunajpu/dev_tt_ws/install/ur5_ros2_gazebo/share/ur5_ros2_gazebo/local_setup.sh
[3.148s] -- Up-to-date symlink: /home/hunajpu/dev_tt_ws/install/ur5_ros2_gazebo/share/ur5_ros2_gazebo/local_setup.zsh
[3.148s] -- Up-to-date symlink: /home/hunajpu/dev_tt_ws/install/ur5_ros2_gazebo/share/ur5_ros2_gazebo/local_setup.dsv
[3.148s] -- Symlinking: /home/hunajpu/dev_tt_ws/install/ur5_ros2_gazebo/share/ur5_ros2_gazebo/package.dsv
[3.148s] -- Up-to-date symlink: /home/hunajpu/dev_tt_ws/install/ur5_ros2_gazebo/share/ament_index/resource_index/packages/ur5_ros2_gazebo
[3.148s] -- Up-to-date symlink: /home/hunajpu/dev_tt_ws/install/ur5_ros2_gazebo/share/ur5_ros2_gazebo/cmake/ur5_ros2_gazeboConfig.cmake
[3.148s] -- Up-to-date symlink: /home/hunajpu/dev_tt_ws/install/ur5_ros2_gazebo/share/ur5_ros2_gazebo/cmake/ur5_ros2_gazeboConfig-version.cmake
[3.149s] -- Up-to-date symlink: /home/hunajpu/dev_tt_ws/install/ur5_ros2_gazebo/share/ur5_ros2_gazebo/package.xml
[3.188s] Invoked command in '/home/hunajpu/dev_tt_ws/build/ur5_ros2_gazebo' returned '0': CMAKE_PREFIX_PATH=${CMAKE_PREFIX_PATH}:/opt/ros/foxy /usr/bin/cmake --install /home/hunajpu/dev_tt_ws/build/ur5_ros2_gazebo
