[0.115s] Invoking command in '/home/hunajpu/dev_tt_ws/build/ur10_ros2_moveit2': AMENT_PREFIX_PATH=/home/hunajpu/dev_tt_ws/install/ros2_data:${AMENT_PREFIX_PATH} CMAKE_PREFIX_PATH=/home/hunajpu/dev_tt_ws/install/ros2_data:/home/hunajpu/dev_tt_ws/install/rrbot_moveit_demo_nodes:/home/hunajpu/dev_tt_ws/install/rrbot_moveit_config:/home/hunajpu/dev_tt_ws/install/rrbot_gazebo:/home/hunajpu/dev_tt_ws/install/rrbot_description:/home/hunajpu/dev_tt_ws/install/rosbridge_test_msgs:/home/hunajpu/dev_tt_ws/install/rosbridge_suite:/home/hunajpu/dev_tt_ws/install/rosbridge_server:/home/hunajpu/dev_tt_ws/install/rosbridge_msgs:/home/hunajpu/dev_tt_ws/install/rosapi:/home/hunajpu/dev_tt_ws/install/rosbridge_library:/home/hunajpu/dev_tt_ws/install/rosapi_msgs:/home/hunajpu/dev_tt_ws/install/gazebo_ros2_control_demos:/home/hunajpu/dev_tt_ws/install/gazebo_ros2_control:/opt/ros/foxy LD_LIBRARY_PATH=/home/hunajpu/dev_tt_ws/install/ros2_data/lib:${LD_LIBRARY_PATH} PYTHONPATH=/home/hunajpu/dev_tt_ws/install/ros2_data/lib/python3.8/site-packages:${PYTHONPATH} /usr/bin/cmake /home/hunajpu/dev_tt_ws/src/ros2_RobotSimulation/UniversalRobots/UR10/ur10_ros2_moveit2 -DAMENT_CMAKE_SYMLINK_INSTALL=1 -DCMAKE_INSTALL_PREFIX=/home/hunajpu/dev_tt_ws/install/ur10_ros2_moveit2
[0.230s] -- The C compiler identification is GNU 9.4.0
[0.348s] -- The CXX compiler identification is GNU 9.4.0
[0.361s] -- Check for working C compiler: /usr/bin/cc
[0.525s] -- Check for working C compiler: /usr/bin/cc -- works
[0.525s] -- Detecting C compiler ABI info
[0.702s] -- Detecting C compiler ABI info - done
[0.724s] -- Detecting C compile features
[0.725s] -- Detecting C compile features - done
[0.729s] -- Check for working CXX compiler: /usr/bin/c++
[0.914s] -- Check for working CXX compiler: /usr/bin/c++ -- works
[0.917s] -- Detecting CXX compiler ABI info
[1.099s] -- Detecting CXX compiler ABI info - done
[1.129s] -- Detecting CXX compile features
[1.130s] -- Detecting CXX compile features - done
[1.136s] -- Found ament_cmake: 0.9.9 (/opt/ros/foxy/share/ament_cmake/cmake)
[1.202s] -- Found PythonInterp: /usr/bin/python3 (found suitable version "3.8.10", minimum required is "3") 
[1.202s] -- Using PYTHON_EXECUTABLE: /usr/bin/python3
[1.635s] -- Override CMake install command with custom implementation using symlinks instead of copying resources
[1.705s] -- Found ament_lint_auto: 0.9.6 (/opt/ros/foxy/share/ament_lint_auto/cmake)
[1.904s] -- Found moveit_ros_planning_interface: 2.2.3 (/opt/ros/foxy/share/moveit_ros_planning_interface/cmake)
[1.922s] -- Found Boost: /usr/lib/x86_64-linux-gnu/cmake/Boost-1.71.0/BoostConfig.cmake (found version "1.71.0")  
[2.574s] -- Found Boost: /usr/lib/x86_64-linux-gnu/cmake/Boost-1.71.0/BoostConfig.cmake (found version "1.71.0") found components: date_time filesystem program_options system thread 
[2.656s] -- Using all available rosidl_typesupport_c: rosidl_typesupport_fastrtps_c;rosidl_typesupport_introspection_c
[2.676s] -- Found rosidl_adapter: 1.2.1 (/opt/ros/foxy/share/rosidl_adapter/cmake)
[2.896s] -- Found OpenSSL: /usr/lib/x86_64-linux-gnu/libcrypto.so (found version "1.1.1f")  
[2.971s] -- Found FastRTPS: /opt/ros/foxy/include  
[3.155s] -- Using all available rosidl_typesupport_cpp: rosidl_typesupport_fastrtps_cpp;rosidl_typesupport_introspection_cpp
[7.370s] -- Found Boost: /usr/lib/x86_64-linux-gnu/cmake/Boost-1.71.0/BoostConfig.cmake (found version "1.71.0") found components: chrono date_time filesystem iostreams program_options regex serialization system thread 
[7.422s] -- Found Boost: /usr/lib/x86_64-linux-gnu/cmake/Boost-1.71.0/BoostConfig.cmake (found version "1.71.0") found components: filesystem 
[7.635s] -- Found rmw_implementation_cmake: 1.0.3 (/opt/ros/foxy/share/rmw_implementation_cmake/cmake)
[7.640s] -- Using RMW implementation 'rmw_fastrtps_cpp' as default
[7.644s] -- Found Threads: TRUE  
[8.255s] -- library: /usr/lib/x86_64-linux-gnu/libcurl.so
[8.537s] -- Found Eigen3: TRUE (found version "3.3.7") 
[10.468s] -- Found Boost: /usr/lib/x86_64-linux-gnu/cmake/Boost-1.71.0/BoostConfig.cmake (found version "1.71.0") found components: system filesystem date_time program_options thread chrono 
[11.171s] -- Found Boost: /usr/lib/x86_64-linux-gnu/cmake/Boost-1.71.0/BoostConfig.cmake (found version "1.71.0") found components: thread 
[13.153s] -- Found Boost: /usr/lib/x86_64-linux-gnu/cmake/Boost-1.71.0/BoostConfig.cmake (found version "1.71.0") found components: thread system filesystem regex date_time program_options 
[14.262s] -- Found Boost: /usr/lib/x86_64-linux-gnu/cmake/Boost-1.71.0/BoostConfig.cmake (found version "1.71.0") found components: system filesystem date_time program_options thread 
[15.981s] -- Found ros2_data: 0.0.0 (/home/hunajpu/dev_tt_ws/install/ros2_data/share/ros2_data/cmake)
[16.137s] -- Added test 'copyright' to check source files copyright and LICENSE
[16.140s] -- Added test 'cppcheck' to perform static code analysis on C / C++ code
[16.140s] -- Configured cppcheck include dirs: 
[16.141s] -- Configured cppcheck exclude dirs and/or files: 
[16.145s] -- Added test 'cpplint' to check C / C++ code against the Google style
[16.145s] -- Configured cpplint exclude dirs and/or files: 
[16.145s] -- Added test 'flake8' to check Python code syntax and style conventions
[16.146s] -- Added test 'lint_cmake' to check CMake code style
[16.148s] -- Added test 'pep257' to check Python code against some of the style conventions in PEP 257
[16.151s] -- Added test 'uncrustify' to check C / C++ code style
[16.151s] -- Configured uncrustify additional arguments: 
[16.153s] -- Added test 'xmllint' to check XML markup files
[16.162s] -- Configuring done
[16.438s] -- Generating done
[16.444s] -- Build files have been written to: /home/hunajpu/dev_tt_ws/build/ur10_ros2_moveit2
[16.478s] Invoked command in '/home/hunajpu/dev_tt_ws/build/ur10_ros2_moveit2' returned '0': AMENT_PREFIX_PATH=/home/hunajpu/dev_tt_ws/install/ros2_data:${AMENT_PREFIX_PATH} CMAKE_PREFIX_PATH=/home/hunajpu/dev_tt_ws/install/ros2_data:/home/hunajpu/dev_tt_ws/install/rrbot_moveit_demo_nodes:/home/hunajpu/dev_tt_ws/install/rrbot_moveit_config:/home/hunajpu/dev_tt_ws/install/rrbot_gazebo:/home/hunajpu/dev_tt_ws/install/rrbot_description:/home/hunajpu/dev_tt_ws/install/rosbridge_test_msgs:/home/hunajpu/dev_tt_ws/install/rosbridge_suite:/home/hunajpu/dev_tt_ws/install/rosbridge_server:/home/hunajpu/dev_tt_ws/install/rosbridge_msgs:/home/hunajpu/dev_tt_ws/install/rosapi:/home/hunajpu/dev_tt_ws/install/rosbridge_library:/home/hunajpu/dev_tt_ws/install/rosapi_msgs:/home/hunajpu/dev_tt_ws/install/gazebo_ros2_control_demos:/home/hunajpu/dev_tt_ws/install/gazebo_ros2_control:/opt/ros/foxy LD_LIBRARY_PATH=/home/hunajpu/dev_tt_ws/install/ros2_data/lib:${LD_LIBRARY_PATH} PYTHONPATH=/home/hunajpu/dev_tt_ws/install/ros2_data/lib/python3.8/site-packages:${PYTHONPATH} /usr/bin/cmake /home/hunajpu/dev_tt_ws/src/ros2_RobotSimulation/UniversalRobots/UR10/ur10_ros2_moveit2 -DAMENT_CMAKE_SYMLINK_INSTALL=1 -DCMAKE_INSTALL_PREFIX=/home/hunajpu/dev_tt_ws/install/ur10_ros2_moveit2
[16.480s] Invoking command in '/home/hunajpu/dev_tt_ws/build/ur10_ros2_moveit2': AMENT_PREFIX_PATH=/home/hunajpu/dev_tt_ws/install/ros2_data:${AMENT_PREFIX_PATH} CMAKE_PREFIX_PATH=/home/hunajpu/dev_tt_ws/install/ros2_data:/home/hunajpu/dev_tt_ws/install/rrbot_moveit_demo_nodes:/home/hunajpu/dev_tt_ws/install/rrbot_moveit_config:/home/hunajpu/dev_tt_ws/install/rrbot_gazebo:/home/hunajpu/dev_tt_ws/install/rrbot_description:/home/hunajpu/dev_tt_ws/install/rosbridge_test_msgs:/home/hunajpu/dev_tt_ws/install/rosbridge_suite:/home/hunajpu/dev_tt_ws/install/rosbridge_server:/home/hunajpu/dev_tt_ws/install/rosbridge_msgs:/home/hunajpu/dev_tt_ws/install/rosapi:/home/hunajpu/dev_tt_ws/install/rosbridge_library:/home/hunajpu/dev_tt_ws/install/rosapi_msgs:/home/hunajpu/dev_tt_ws/install/gazebo_ros2_control_demos:/home/hunajpu/dev_tt_ws/install/gazebo_ros2_control:/opt/ros/foxy LD_LIBRARY_PATH=/home/hunajpu/dev_tt_ws/install/ros2_data/lib:${LD_LIBRARY_PATH} PYTHONPATH=/home/hunajpu/dev_tt_ws/install/ros2_data/lib/python3.8/site-packages:${PYTHONPATH} /usr/bin/cmake --build /home/hunajpu/dev_tt_ws/build/ur10_ros2_moveit2 -- -j8 -l8
[16.586s] [35m[1mScanning dependencies of target moveJ_action[0m
[16.807s] [  8%] [32mBuilding CXX object CMakeFiles/moveJ_action.dir/scripts/moveJ_action.cpp.o[0m
[24.676s] [01m[K/home/hunajpu/dev_tt_ws/src/ros2_RobotSimulation/UniversalRobots/UR10/ur10_ros2_moveit2/scripts/moveJ_action.cpp:[m[K In member function ‘[01m[Krclcpp_action::GoalResponse ActionServer::handle_goal(const GoalUUID&, std::shared_ptr<const ros2_data::action::MoveJ_Goal_<std::allocator<void> > >)[m[K’:
[24.676s] [01m[K/home/hunajpu/dev_tt_ws/src/ros2_RobotSimulation/UniversalRobots/UR10/ur10_ros2_moveit2/scripts/moveJ_action.cpp:80:41:[m[K [01;35m[Kwarning: [m[Kunused parameter ‘[01m[Kuuid[m[K’ [[01;35m[K-Wunused-parameter[m[K]
[24.676s]    80 |         [01;35m[Kconst rclcpp_action::GoalUUID & uuid[m[K,
[24.676s]       |         [01;35m[K~~~~~~~~~~~~~~~~~~~~~~~~~~~~~~~~^~~~[m[K
[32.970s] [ 16%] [32m[1mLinking CXX executable moveJ_action[0m
[36.513s] [ 16%] Built target moveJ_action
[36.959s] [35m[1mScanning dependencies of target moveYPR_action[0m
[37.583s] [ 25%] [32mBuilding CXX object CMakeFiles/moveYPR_action.dir/scripts/moveYPR_action.cpp.o[0m
[45.176s] [01m[K/home/hunajpu/dev_tt_ws/src/ros2_RobotSimulation/UniversalRobots/UR10/ur10_ros2_moveit2/scripts/moveYPR_action.cpp:[m[K In member function ‘[01m[Krclcpp_action::GoalResponse ActionServer::handle_goal(const GoalUUID&, std::shared_ptr<const ros2_data::action::MoveYPR_Goal_<std::allocator<void> > >)[m[K’:
[45.177s] [01m[K/home/hunajpu/dev_tt_ws/src/ros2_RobotSimulation/UniversalRobots/UR10/ur10_ros2_moveit2/scripts/moveYPR_action.cpp:79:41:[m[K [01;35m[Kwarning: [m[Kunused parameter ‘[01m[Kuuid[m[K’ [[01;35m[K-Wunused-parameter[m[K]
[45.177s]    79 |         [01;35m[Kconst rclcpp_action::GoalUUID & uuid[m[K,
[45.177s]       |         [01;35m[K~~~~~~~~~~~~~~~~~~~~~~~~~~~~~~~~^~~~[m[K
[45.201s] [01m[K/home/hunajpu/dev_tt_ws/src/ros2_RobotSimulation/UniversalRobots/UR10/ur10_ros2_moveit2/scripts/moveYPR_action.cpp:[m[K In member function ‘[01m[Kvoid ActionServer::execute(std::shared_ptr<rclcpp_action::ServerGoalHandle<ros2_data::action::MoveYPR> >)[m[K’:
[45.201s] [01m[K/home/hunajpu/dev_tt_ws/src/ros2_RobotSimulation/UniversalRobots/UR10/ur10_ros2_moveit2/scripts/moveYPR_action.cpp:135:46:[m[K [01;35m[Kwarning: [m[Kunused variable ‘[01m[Kjoint_model_group[m[K’ [[01;35m[K-Wunused-variable[m[K]
[45.202s]   135 |         const moveit::core::JointModelGroup* [01;35m[Kjoint_model_group[m[K = move_group_interface.getCurrentState()->getJointModelGroup("ur10_robot");
[45.202s]       |                                              [01;35m[K^~~~~~~~~~~~~~~~~[m[K
[52.833s] [ 33%] [32m[1mLinking CXX executable moveYPR_action[0m
[55.822s] [ 33%] Built target moveYPR_action
[55.952s] [35m[1mScanning dependencies of target moveXYZ_action[0m
[56.192s] [ 41%] [32mBuilding CXX object CMakeFiles/moveXYZ_action.dir/scripts/moveXYZ_action.cpp.o[0m
[63.688s] [01m[K/home/hunajpu/dev_tt_ws/src/ros2_RobotSimulation/UniversalRobots/UR10/ur10_ros2_moveit2/scripts/moveXYZ_action.cpp:[m[K In member function ‘[01m[Krclcpp_action::GoalResponse ActionServer::handle_goal(const GoalUUID&, std::shared_ptr<const ros2_data::action::MoveXYZ_Goal_<std::allocator<void> > >)[m[K’:
[63.690s] [01m[K/home/hunajpu/dev_tt_ws/src/ros2_RobotSimulation/UniversalRobots/UR10/ur10_ros2_moveit2/scripts/moveXYZ_action.cpp:79:41:[m[K [01;35m[Kwarning: [m[Kunused parameter ‘[01m[Kuuid[m[K’ [[01;35m[K-Wunused-parameter[m[K]
[63.690s]    79 |         [01;35m[Kconst rclcpp_action::GoalUUID & uuid[m[K,
[63.690s]       |         [01;35m[K~~~~~~~~~~~~~~~~~~~~~~~~~~~~~~~~^~~~[m[K
[63.723s] [01m[K/home/hunajpu/dev_tt_ws/src/ros2_RobotSimulation/UniversalRobots/UR10/ur10_ros2_moveit2/scripts/moveXYZ_action.cpp:[m[K In member function ‘[01m[Kvoid ActionServer::execute(std::shared_ptr<rclcpp_action::ServerGoalHandle<ros2_data::action::MoveXYZ> >)[m[K’:
[63.723s] [01m[K/home/hunajpu/dev_tt_ws/src/ros2_RobotSimulation/UniversalRobots/UR10/ur10_ros2_moveit2/scripts/moveXYZ_action.cpp:135:46:[m[K [01;35m[Kwarning: [m[Kunused variable ‘[01m[Kjoint_model_group[m[K’ [[01;35m[K-Wunused-variable[m[K]
[63.724s]   135 |         const moveit::core::JointModelGroup* [01;35m[Kjoint_model_group[m[K = move_group_interface.getCurrentState()->getJointModelGroup("ur10_robot");
[63.724s]       |                                              [01;35m[K^~~~~~~~~~~~~~~~~[m[K
[71.447s] [ 50%] [32m[1mLinking CXX executable moveXYZ_action[0m
[73.167s] [ 50%] Built target moveXYZ_action
[73.606s] [35m[1mScanning dependencies of target moveR_action[0m
[74.130s] [ 58%] [32mBuilding CXX object CMakeFiles/moveR_action.dir/scripts/moveR_action.cpp.o[0m
[81.470s] [01m[K/home/hunajpu/dev_tt_ws/src/ros2_RobotSimulation/UniversalRobots/UR10/ur10_ros2_moveit2/scripts/moveR_action.cpp:[m[K In member function ‘[01m[Krclcpp_action::GoalResponse ActionServer::handle_goal(const GoalUUID&, std::shared_ptr<const ros2_data::action::MoveR_Goal_<std::allocator<void> > >)[m[K’:
[81.470s] [01m[K/home/hunajpu/dev_tt_ws/src/ros2_RobotSimulation/UniversalRobots/UR10/ur10_ros2_moveit2/scripts/moveR_action.cpp:80:41:[m[K [01;35m[Kwarning: [m[Kunused parameter ‘[01m[Kuuid[m[K’ [[01;35m[K-Wunused-parameter[m[K]
[81.471s]    80 |         [01;35m[Kconst rclcpp_action::GoalUUID & uuid[m[K,
[81.471s]       |         [01;35m[K~~~~~~~~~~~~~~~~~~~~~~~~~~~~~~~~^~~~[m[K
[81.499s] [01m[K/home/hunajpu/dev_tt_ws/src/ros2_RobotSimulation/UniversalRobots/UR10/ur10_ros2_moveit2/scripts/moveR_action.cpp:[m[K In member function ‘[01m[Kvoid ActionServer::execute(std::shared_ptr<rclcpp_action::ServerGoalHandle<ros2_data::action::MoveR> >)[m[K’:
[81.499s] [01m[K/home/hunajpu/dev_tt_ws/src/ros2_RobotSimulation/UniversalRobots/UR10/ur10_ros2_moveit2/scripts/moveR_action.cpp:258:56:[m[K [01;35m[Kwarning: [m[Kcomparison with string literal results in unspecified behavior [[01;35m[K-Waddress[m[K]
[81.499s]   258 |         } else if (LimitCheck == true && InputJoint == [01;35m[K"Valid"[m[K) {
[81.499s]       |                                                        [01;35m[K^~~~~~~[m[K
[89.018s] [ 66%] [32m[1mLinking CXX executable moveR_action[0m
[91.007s] [ 66%] Built target moveR_action
[91.101s] [35m[1mScanning dependencies of target moveL_action[0m
[91.412s] [ 75%] [32mBuilding CXX object CMakeFiles/moveL_action.dir/scripts/moveL_action.cpp.o[0m
[99.143s] [01m[K/home/hunajpu/dev_tt_ws/src/ros2_RobotSimulation/UniversalRobots/UR10/ur10_ros2_moveit2/scripts/moveL_action.cpp:[m[K In member function ‘[01m[Krclcpp_action::GoalResponse ActionServer::handle_goal(const GoalUUID&, std::shared_ptr<const ros2_data::action::MoveL_Goal_<std::allocator<void> > >)[m[K’:
[99.144s] [01m[K/home/hunajpu/dev_tt_ws/src/ros2_RobotSimulation/UniversalRobots/UR10/ur10_ros2_moveit2/scripts/moveL_action.cpp:79:41:[m[K [01;35m[Kwarning: [m[Kunused parameter ‘[01m[Kuuid[m[K’ [[01;35m[K-Wunused-parameter[m[K]
[99.144s]    79 |         [01;35m[Kconst rclcpp_action::GoalUUID & uuid[m[K,
[99.144s]       |         [01;35m[K~~~~~~~~~~~~~~~~~~~~~~~~~~~~~~~~^~~~[m[K
[99.169s] [01m[K/home/hunajpu/dev_tt_ws/src/ros2_RobotSimulation/UniversalRobots/UR10/ur10_ros2_moveit2/scripts/moveL_action.cpp:[m[K In member function ‘[01m[Kvoid ActionServer::execute(std::shared_ptr<rclcpp_action::ServerGoalHandle<ros2_data::action::MoveL> >)[m[K’:
[99.169s] [01m[K/home/hunajpu/dev_tt_ws/src/ros2_RobotSimulation/UniversalRobots/UR10/ur10_ros2_moveit2/scripts/moveL_action.cpp:184:20:[m[K [01;35m[Kwarning: [m[Kunused variable ‘[01m[Kfraction[m[K’ [[01;35m[K-Wunused-variable[m[K]
[99.169s]   184 |             double [01;35m[Kfraction[m[K = move_group_interface.computeCartesianPath(waypoints, eef_step, jump_threshold, trajectory);
[99.170s]       |                    [01;35m[K^~~~~~~~[m[K
[99.171s] [01m[K/home/hunajpu/dev_tt_ws/src/ros2_RobotSimulation/UniversalRobots/UR10/ur10_ros2_moveit2/scripts/moveL_action.cpp:134:46:[m[K [01;35m[Kwarning: [m[Kunused variable ‘[01m[Kjoint_model_group[m[K’ [[01;35m[K-Wunused-variable[m[K]
[99.172s]   134 |         const moveit::core::JointModelGroup* [01;35m[Kjoint_model_group[m[K = move_group_interface.getCurrentState()->getJointModelGroup("ur10_robot");
[99.173s]       |                                              [01;35m[K^~~~~~~~~~~~~~~~~[m[K
[106.599s] [ 83%] [32m[1mLinking CXX executable moveL_action[0m
[108.407s] [ 83%] Built target moveL_action
[109.565s] [35m[1mScanning dependencies of target moveXYZW_action[0m
[109.820s] [ 91%] [32mBuilding CXX object CMakeFiles/moveXYZW_action.dir/scripts/moveXYZW_action.cpp.o[0m
[117.194s] [01m[K/home/hunajpu/dev_tt_ws/src/ros2_RobotSimulation/UniversalRobots/UR10/ur10_ros2_moveit2/scripts/moveXYZW_action.cpp:[m[K In member function ‘[01m[Krclcpp_action::GoalResponse ActionServer::handle_goal(const GoalUUID&, std::shared_ptr<const ros2_data::action::MoveXYZW_Goal_<std::allocator<void> > >)[m[K’:
[117.195s] [01m[K/home/hunajpu/dev_tt_ws/src/ros2_RobotSimulation/UniversalRobots/UR10/ur10_ros2_moveit2/scripts/moveXYZW_action.cpp:79:41:[m[K [01;35m[Kwarning: [m[Kunused parameter ‘[01m[Kuuid[m[K’ [[01;35m[K-Wunused-parameter[m[K]
[117.195s]    79 |         [01;35m[Kconst rclcpp_action::GoalUUID & uuid[m[K,
[117.195s]       |         [01;35m[K~~~~~~~~~~~~~~~~~~~~~~~~~~~~~~~~^~~~[m[K
[117.222s] [01m[K/home/hunajpu/dev_tt_ws/src/ros2_RobotSimulation/UniversalRobots/UR10/ur10_ros2_moveit2/scripts/moveXYZW_action.cpp:[m[K In member function ‘[01m[Kvoid ActionServer::execute(std::shared_ptr<rclcpp_action::ServerGoalHandle<ros2_data::action::MoveXYZW> >)[m[K’:
[117.222s] [01m[K/home/hunajpu/dev_tt_ws/src/ros2_RobotSimulation/UniversalRobots/UR10/ur10_ros2_moveit2/scripts/moveXYZW_action.cpp:142:46:[m[K [01;35m[Kwarning: [m[Kunused variable ‘[01m[Kjoint_model_group[m[K’ [[01;35m[K-Wunused-variable[m[K]
[117.223s]   142 |         const moveit::core::JointModelGroup* [01;35m[Kjoint_model_group[m[K = move_group_interface.getCurrentState()->getJointModelGroup("ur10_robot");
[117.223s]       |                                              [01;35m[K^~~~~~~~~~~~~~~~~[m[K
[124.594s] [100%] [32m[1mLinking CXX executable moveXYZW_action[0m
[126.302s] [100%] Built target moveXYZW_action
[126.390s] Invoked command in '/home/hunajpu/dev_tt_ws/build/ur10_ros2_moveit2' returned '0': AMENT_PREFIX_PATH=/home/hunajpu/dev_tt_ws/install/ros2_data:${AMENT_PREFIX_PATH} CMAKE_PREFIX_PATH=/home/hunajpu/dev_tt_ws/install/ros2_data:/home/hunajpu/dev_tt_ws/install/rrbot_moveit_demo_nodes:/home/hunajpu/dev_tt_ws/install/rrbot_moveit_config:/home/hunajpu/dev_tt_ws/install/rrbot_gazebo:/home/hunajpu/dev_tt_ws/install/rrbot_description:/home/hunajpu/dev_tt_ws/install/rosbridge_test_msgs:/home/hunajpu/dev_tt_ws/install/rosbridge_suite:/home/hunajpu/dev_tt_ws/install/rosbridge_server:/home/hunajpu/dev_tt_ws/install/rosbridge_msgs:/home/hunajpu/dev_tt_ws/install/rosapi:/home/hunajpu/dev_tt_ws/install/rosbridge_library:/home/hunajpu/dev_tt_ws/install/rosapi_msgs:/home/hunajpu/dev_tt_ws/install/gazebo_ros2_control_demos:/home/hunajpu/dev_tt_ws/install/gazebo_ros2_control:/opt/ros/foxy LD_LIBRARY_PATH=/home/hunajpu/dev_tt_ws/install/ros2_data/lib:${LD_LIBRARY_PATH} PYTHONPATH=/home/hunajpu/dev_tt_ws/install/ros2_data/lib/python3.8/site-packages:${PYTHONPATH} /usr/bin/cmake --build /home/hunajpu/dev_tt_ws/build/ur10_ros2_moveit2 -- -j8 -l8
[126.548s] Invoking command in '/home/hunajpu/dev_tt_ws/build/ur10_ros2_moveit2': AMENT_PREFIX_PATH=/home/hunajpu/dev_tt_ws/install/ros2_data:${AMENT_PREFIX_PATH} CMAKE_PREFIX_PATH=/home/hunajpu/dev_tt_ws/install/ros2_data:/home/hunajpu/dev_tt_ws/install/rrbot_moveit_demo_nodes:/home/hunajpu/dev_tt_ws/install/rrbot_moveit_config:/home/hunajpu/dev_tt_ws/install/rrbot_gazebo:/home/hunajpu/dev_tt_ws/install/rrbot_description:/home/hunajpu/dev_tt_ws/install/rosbridge_test_msgs:/home/hunajpu/dev_tt_ws/install/rosbridge_suite:/home/hunajpu/dev_tt_ws/install/rosbridge_server:/home/hunajpu/dev_tt_ws/install/rosbridge_msgs:/home/hunajpu/dev_tt_ws/install/rosapi:/home/hunajpu/dev_tt_ws/install/rosbridge_library:/home/hunajpu/dev_tt_ws/install/rosapi_msgs:/home/hunajpu/dev_tt_ws/install/gazebo_ros2_control_demos:/home/hunajpu/dev_tt_ws/install/gazebo_ros2_control:/opt/ros/foxy LD_LIBRARY_PATH=/home/hunajpu/dev_tt_ws/install/ros2_data/lib:${LD_LIBRARY_PATH} PYTHONPATH=/home/hunajpu/dev_tt_ws/install/ros2_data/lib/python3.8/site-packages:${PYTHONPATH} /usr/bin/cmake --install /home/hunajpu/dev_tt_ws/build/ur10_ros2_moveit2
[126.960s] -- Install configuration: ""
[126.960s] -- Execute custom install script
[126.961s] -- Symlinking: /home/hunajpu/dev_tt_ws/install/ur10_ros2_moveit2/share/ur10_ros2_moveit2/config/chomp_planning.yaml
[126.961s] -- Symlinking: /home/hunajpu/dev_tt_ws/install/ur10_ros2_moveit2/share/ur10_ros2_moveit2/config/kinematics.yaml
[126.961s] -- Symlinking: /home/hunajpu/dev_tt_ws/install/ur10_ros2_moveit2/share/ur10_ros2_moveit2/config/ompl_planning.yaml
[126.961s] -- Symlinking: /home/hunajpu/dev_tt_ws/install/ur10_ros2_moveit2/share/ur10_ros2_moveit2/config/ur10.srdf
[126.961s] -- Symlinking: /home/hunajpu/dev_tt_ws/install/ur10_ros2_moveit2/share/ur10_ros2_moveit2/config/ur10_controllers.yaml
[126.962s] -- Symlinking: /home/hunajpu/dev_tt_ws/install/ur10_ros2_moveit2/share/ur10_ros2_moveit2/launch/ur10.launch.py
[126.962s] -- Symlinking: /home/hunajpu/dev_tt_ws/install/ur10_ros2_moveit2/share/ur10_ros2_moveit2/launch/ur10_interface.launch.py
[126.962s] -- Symlinking: /home/hunajpu/dev_tt_ws/install/ur10_ros2_moveit2/share/ur10_ros2_moveit2/launch/ur10_moveit2.rviz
[126.962s] -- Symlinking: /home/hunajpu/dev_tt_ws/install/ur10_ros2_moveit2/share/ur10_ros2_moveit2/launch/ur10_moveit2_empty.rviz
[126.978s] -- Symlinking: /home/hunajpu/dev_tt_ws/install/ur10_ros2_moveit2/lib/ur10_ros2_moveit2/moveJ_action
[127.014s] -- Symlinking: /home/hunajpu/dev_tt_ws/install/ur10_ros2_moveit2/lib/ur10_ros2_moveit2/moveXYZW_action
[127.049s] -- Symlinking: /home/hunajpu/dev_tt_ws/install/ur10_ros2_moveit2/lib/ur10_ros2_moveit2/moveL_action
[127.112s] -- Symlinking: /home/hunajpu/dev_tt_ws/install/ur10_ros2_moveit2/lib/ur10_ros2_moveit2/moveR_action
[127.163s] -- Symlinking: /home/hunajpu/dev_tt_ws/install/ur10_ros2_moveit2/lib/ur10_ros2_moveit2/moveXYZ_action
[127.198s] -- Symlinking: /home/hunajpu/dev_tt_ws/install/ur10_ros2_moveit2/lib/ur10_ros2_moveit2/moveYPR_action
[127.234s] -- Symlinking: /home/hunajpu/dev_tt_ws/install/ur10_ros2_moveit2/share/ament_index/resource_index/package_run_dependencies/ur10_ros2_moveit2
[127.286s] -- Symlinking: /home/hunajpu/dev_tt_ws/install/ur10_ros2_moveit2/share/ament_index/resource_index/parent_prefix_path/ur10_ros2_moveit2
[127.351s] -- Symlinking: /home/hunajpu/dev_tt_ws/install/ur10_ros2_moveit2/share/ur10_ros2_moveit2/environment/ament_prefix_path.sh
[127.393s] -- Symlinking: /home/hunajpu/dev_tt_ws/install/ur10_ros2_moveit2/share/ur10_ros2_moveit2/environment/ament_prefix_path.dsv
[127.440s] -- Symlinking: /home/hunajpu/dev_tt_ws/install/ur10_ros2_moveit2/share/ur10_ros2_moveit2/environment/path.sh
[127.468s] -- Symlinking: /home/hunajpu/dev_tt_ws/install/ur10_ros2_moveit2/share/ur10_ros2_moveit2/environment/path.dsv
[127.509s] -- Symlinking: /home/hunajpu/dev_tt_ws/install/ur10_ros2_moveit2/share/ur10_ros2_moveit2/local_setup.bash
[127.555s] -- Symlinking: /home/hunajpu/dev_tt_ws/install/ur10_ros2_moveit2/share/ur10_ros2_moveit2/local_setup.sh
[127.581s] -- Symlinking: /home/hunajpu/dev_tt_ws/install/ur10_ros2_moveit2/share/ur10_ros2_moveit2/local_setup.zsh
[127.620s] -- Symlinking: /home/hunajpu/dev_tt_ws/install/ur10_ros2_moveit2/share/ur10_ros2_moveit2/local_setup.dsv
[127.650s] -- Symlinking: /home/hunajpu/dev_tt_ws/install/ur10_ros2_moveit2/share/ur10_ros2_moveit2/package.dsv
[127.682s] -- Symlinking: /home/hunajpu/dev_tt_ws/install/ur10_ros2_moveit2/share/ament_index/resource_index/packages/ur10_ros2_moveit2
[127.714s] -- Symlinking: /home/hunajpu/dev_tt_ws/install/ur10_ros2_moveit2/share/ur10_ros2_moveit2/cmake/ur10_ros2_moveit2Config.cmake
[127.743s] -- Symlinking: /home/hunajpu/dev_tt_ws/install/ur10_ros2_moveit2/share/ur10_ros2_moveit2/cmake/ur10_ros2_moveit2Config-version.cmake
[127.770s] -- Symlinking: /home/hunajpu/dev_tt_ws/install/ur10_ros2_moveit2/share/ur10_ros2_moveit2/package.xml
[127.834s] Invoked command in '/home/hunajpu/dev_tt_ws/build/ur10_ros2_moveit2' returned '0': AMENT_PREFIX_PATH=/home/hunajpu/dev_tt_ws/install/ros2_data:${AMENT_PREFIX_PATH} CMAKE_PREFIX_PATH=/home/hunajpu/dev_tt_ws/install/ros2_data:/home/hunajpu/dev_tt_ws/install/rrbot_moveit_demo_nodes:/home/hunajpu/dev_tt_ws/install/rrbot_moveit_config:/home/hunajpu/dev_tt_ws/install/rrbot_gazebo:/home/hunajpu/dev_tt_ws/install/rrbot_description:/home/hunajpu/dev_tt_ws/install/rosbridge_test_msgs:/home/hunajpu/dev_tt_ws/install/rosbridge_suite:/home/hunajpu/dev_tt_ws/install/rosbridge_server:/home/hunajpu/dev_tt_ws/install/rosbridge_msgs:/home/hunajpu/dev_tt_ws/install/rosapi:/home/hunajpu/dev_tt_ws/install/rosbridge_library:/home/hunajpu/dev_tt_ws/install/rosapi_msgs:/home/hunajpu/dev_tt_ws/install/gazebo_ros2_control_demos:/home/hunajpu/dev_tt_ws/install/gazebo_ros2_control:/opt/ros/foxy LD_LIBRARY_PATH=/home/hunajpu/dev_tt_ws/install/ros2_data/lib:${LD_LIBRARY_PATH} PYTHONPATH=/home/hunajpu/dev_tt_ws/install/ros2_data/lib/python3.8/site-packages:${PYTHONPATH} /usr/bin/cmake --install /home/hunajpu/dev_tt_ws/build/ur10_ros2_moveit2
