[0.225s] Invoking command in '/home/hunajpu/dev_tt_ws/build/ur10_ros2_gazebo': CMAKE_PREFIX_PATH=${CMAKE_PREFIX_PATH}:/opt/ros/foxy /usr/bin/cmake --build /home/hunajpu/dev_tt_ws/build/ur10_ros2_gazebo -- -j8 -l8
[0.316s] Invoked command in '/home/hunajpu/dev_tt_ws/build/ur10_ros2_gazebo' returned '0': CMAKE_PREFIX_PATH=${CMAKE_PREFIX_PATH}:/opt/ros/foxy /usr/bin/cmake --build /home/hunajpu/dev_tt_ws/build/ur10_ros2_gazebo -- -j8 -l8
[0.586s] Invoking command in '/home/hunajpu/dev_tt_ws/build/ur10_ros2_gazebo': CMAKE_PREFIX_PATH=${CMAKE_PREFIX_PATH}:/opt/ros/foxy /usr/bin/cmake --install /home/hunajpu/dev_tt_ws/build/ur10_ros2_gazebo
[0.626s] -- Install configuration: ""
[0.626s] -- Execute custom install script
[0.627s] -- Up-to-date symlink: /home/hunajpu/dev_tt_ws/install/ur10_ros2_gazebo/share/ur10_ros2_gazebo/config/default_kinematics.yaml
[0.627s] -- Up-to-date symlink: /home/hunajpu/dev_tt_ws/install/ur10_ros2_gazebo/share/ur10_ros2_gazebo/config/initial_positions.yaml
[0.627s] -- Up-to-date symlink: /home/hunajpu/dev_tt_ws/install/ur10_ros2_gazebo/share/ur10_ros2_gazebo/config/joint_limits.yaml
[0.627s] -- Up-to-date symlink: /home/hunajpu/dev_tt_ws/install/ur10_ros2_gazebo/share/ur10_ros2_gazebo/config/physical_parameters.yaml
[0.628s] -- Up-to-date symlink: /home/hunajpu/dev_tt_ws/install/ur10_ros2_gazebo/share/ur10_ros2_gazebo/config/ur10_controller.yaml
[0.628s] -- Up-to-date symlink: /home/hunajpu/dev_tt_ws/install/ur10_ros2_gazebo/share/ur10_ros2_gazebo/config/visual_parameters.yaml
[0.628s] -- Up-to-date symlink: /home/hunajpu/dev_tt_ws/install/ur10_ros2_gazebo/share/ur10_ros2_gazebo/launch/ur10_simulation.launch.py
[0.629s] -- Up-to-date symlink: /home/hunajpu/dev_tt_ws/install/ur10_ros2_gazebo/share/ur10_ros2_gazebo/urdf/ur10.urdf.xacro
[0.629s] -- Up-to-date symlink: /home/hunajpu/dev_tt_ws/install/ur10_ros2_gazebo/share/ur10_ros2_gazebo/urdf/ur10_common.xacro
[0.629s] -- Up-to-date symlink: /home/hunajpu/dev_tt_ws/install/ur10_ros2_gazebo/share/ur10_ros2_gazebo/urdf/ur10_gazebo.xacro
[0.629s] -- Up-to-date symlink: /home/hunajpu/dev_tt_ws/install/ur10_ros2_gazebo/share/ur10_ros2_gazebo/urdf/ur10_macro.urdf.xacro
[0.629s] -- Up-to-date symlink: /home/hunajpu/dev_tt_ws/install/ur10_ros2_gazebo/share/ur10_ros2_gazebo/urdf/ur10_transmission.xacro
[0.629s] -- Up-to-date symlink: /home/hunajpu/dev_tt_ws/install/ur10_ros2_gazebo/share/ur10_ros2_gazebo/worlds/ur10.world
[0.630s] -- Up-to-date symlink: /home/hunajpu/dev_tt_ws/install/ur10_ros2_gazebo/share/ur10_ros2_gazebo/meshes/collision/base.stl
[0.630s] -- Up-to-date symlink: /home/hunajpu/dev_tt_ws/install/ur10_ros2_gazebo/share/ur10_ros2_gazebo/meshes/collision/forearm.stl
[0.630s] -- Up-to-date symlink: /home/hunajpu/dev_tt_ws/install/ur10_ros2_gazebo/share/ur10_ros2_gazebo/meshes/collision/shoulder.stl
[0.630s] -- Up-to-date symlink: /home/hunajpu/dev_tt_ws/install/ur10_ros2_gazebo/share/ur10_ros2_gazebo/meshes/collision/upperarm.stl
[0.630s] -- Up-to-date symlink: /home/hunajpu/dev_tt_ws/install/ur10_ros2_gazebo/share/ur10_ros2_gazebo/meshes/collision/wrist1.stl
[0.630s] -- Up-to-date symlink: /home/hunajpu/dev_tt_ws/install/ur10_ros2_gazebo/share/ur10_ros2_gazebo/meshes/collision/wrist2.stl
[0.631s] -- Up-to-date symlink: /home/hunajpu/dev_tt_ws/install/ur10_ros2_gazebo/share/ur10_ros2_gazebo/meshes/collision/wrist3.stl
[0.631s] -- Up-to-date symlink: /home/hunajpu/dev_tt_ws/install/ur10_ros2_gazebo/share/ur10_ros2_gazebo/meshes/visual/base.dae
[0.631s] -- Up-to-date symlink: /home/hunajpu/dev_tt_ws/install/ur10_ros2_gazebo/share/ur10_ros2_gazebo/meshes/visual/forearm.dae
[0.631s] -- Up-to-date symlink: /home/hunajpu/dev_tt_ws/install/ur10_ros2_gazebo/share/ur10_ros2_gazebo/meshes/visual/shoulder.dae
[0.631s] -- Up-to-date symlink: /home/hunajpu/dev_tt_ws/install/ur10_ros2_gazebo/share/ur10_ros2_gazebo/meshes/visual/upperarm.dae
[0.631s] -- Up-to-date symlink: /home/hunajpu/dev_tt_ws/install/ur10_ros2_gazebo/share/ur10_ros2_gazebo/meshes/visual/wrist1.dae
[0.631s] -- Up-to-date symlink: /home/hunajpu/dev_tt_ws/install/ur10_ros2_gazebo/share/ur10_ros2_gazebo/meshes/visual/wrist2.dae
[0.631s] -- Up-to-date symlink: /home/hunajpu/dev_tt_ws/install/ur10_ros2_gazebo/share/ur10_ros2_gazebo/meshes/visual/wrist3.dae
[0.632s] -- Up-to-date symlink: /home/hunajpu/dev_tt_ws/install/ur10_ros2_gazebo/share/ament_index/resource_index/package_run_dependencies/ur10_ros2_gazebo
[0.632s] -- Up-to-date symlink: /home/hunajpu/dev_tt_ws/install/ur10_ros2_gazebo/share/ament_index/resource_index/parent_prefix_path/ur10_ros2_gazebo
[0.632s] -- Up-to-date symlink: /home/hunajpu/dev_tt_ws/install/ur10_ros2_gazebo/share/ur10_ros2_gazebo/environment/ament_prefix_path.sh
[0.632s] -- Up-to-date symlink: /home/hunajpu/dev_tt_ws/install/ur10_ros2_gazebo/share/ur10_ros2_gazebo/environment/ament_prefix_path.dsv
[0.632s] -- Up-to-date symlink: /home/hunajpu/dev_tt_ws/install/ur10_ros2_gazebo/share/ur10_ros2_gazebo/environment/path.sh
[0.632s] -- Up-to-date symlink: /home/hunajpu/dev_tt_ws/install/ur10_ros2_gazebo/share/ur10_ros2_gazebo/environment/path.dsv
[0.632s] -- Up-to-date symlink: /home/hunajpu/dev_tt_ws/install/ur10_ros2_gazebo/share/ur10_ros2_gazebo/local_setup.bash
[0.632s] -- Up-to-date symlink: /home/hunajpu/dev_tt_ws/install/ur10_ros2_gazebo/share/ur10_ros2_gazebo/local_setup.sh
[0.633s] -- Up-to-date symlink: /home/hunajpu/dev_tt_ws/install/ur10_ros2_gazebo/share/ur10_ros2_gazebo/local_setup.zsh
[0.633s] -- Up-to-date symlink: /home/hunajpu/dev_tt_ws/install/ur10_ros2_gazebo/share/ur10_ros2_gazebo/local_setup.dsv
[0.633s] -- Symlinking: /home/hunajpu/dev_tt_ws/install/ur10_ros2_gazebo/share/ur10_ros2_gazebo/package.dsv
[0.678s] -- Up-to-date symlink: /home/hunajpu/dev_tt_ws/install/ur10_ros2_gazebo/share/ament_index/resource_index/packages/ur10_ros2_gazebo
[0.679s] -- Up-to-date symlink: /home/hunajpu/dev_tt_ws/install/ur10_ros2_gazebo/share/ur10_ros2_gazebo/cmake/ur10_ros2_gazeboConfig.cmake
[0.681s] -- Up-to-date symlink: /home/hunajpu/dev_tt_ws/install/ur10_ros2_gazebo/share/ur10_ros2_gazebo/cmake/ur10_ros2_gazeboConfig-version.cmake
[0.683s] -- Up-to-date symlink: /home/hunajpu/dev_tt_ws/install/ur10_ros2_gazebo/share/ur10_ros2_gazebo/package.xml
[0.694s] Invoked command in '/home/hunajpu/dev_tt_ws/build/ur10_ros2_gazebo' returned '0': CMAKE_PREFIX_PATH=${CMAKE_PREFIX_PATH}:/opt/ros/foxy /usr/bin/cmake --install /home/hunajpu/dev_tt_ws/build/ur10_ros2_gazebo
