[0.157s] Invoking command in '/home/hunajpu/dev_tt_ws/build/rrbot_description': CMAKE_PREFIX_PATH=${CMAKE_PREFIX_PATH}:/home/hunajpu/dev_tt_ws/install/rrbot_moveit_demo_nodes:/home/hunajpu/dev_tt_ws/install/gazebo_ros2_control_demos:/opt/ros/foxy /usr/bin/cmake --build /home/hunajpu/dev_tt_ws/build/rrbot_description -- -j8 -l8
[0.724s] Invoked command in '/home/hunajpu/dev_tt_ws/build/rrbot_description' returned '0': CMAKE_PREFIX_PATH=${CMAKE_PREFIX_PATH}:/home/hunajpu/dev_tt_ws/install/rrbot_moveit_demo_nodes:/home/hunajpu/dev_tt_ws/install/gazebo_ros2_control_demos:/opt/ros/foxy /usr/bin/cmake --build /home/hunajpu/dev_tt_ws/build/rrbot_description -- -j8 -l8
[0.749s] Invoking command in '/home/hunajpu/dev_tt_ws/build/rrbot_description': CMAKE_PREFIX_PATH=${CMAKE_PREFIX_PATH}:/home/hunajpu/dev_tt_ws/install/rrbot_moveit_demo_nodes:/home/hunajpu/dev_tt_ws/install/gazebo_ros2_control_demos:/opt/ros/foxy /usr/bin/cmake --install /home/hunajpu/dev_tt_ws/build/rrbot_description
[0.762s] -- Install configuration: "Debug"
[0.891s] -- Execute custom install script
[0.893s] -- Up-to-date symlink: /home/hunajpu/dev_tt_ws/install/rrbot_description/share/ament_index/resource_index/package_run_dependencies/rrbot_description
[0.896s] -- Up-to-date symlink: /home/hunajpu/dev_tt_ws/install/rrbot_description/share/ament_index/resource_index/parent_prefix_path/rrbot_description
[0.898s] -- Up-to-date symlink: /home/hunajpu/dev_tt_ws/install/rrbot_description/share/rrbot_description/environment/ament_prefix_path.sh
[0.901s] -- Up-to-date symlink: /home/hunajpu/dev_tt_ws/install/rrbot_description/share/rrbot_description/environment/ament_prefix_path.dsv
[0.916s] -- Up-to-date symlink: /home/hunajpu/dev_tt_ws/install/rrbot_description/share/rrbot_description/environment/path.sh
[0.920s] -- Up-to-date symlink: /home/hunajpu/dev_tt_ws/install/rrbot_description/share/rrbot_description/environment/path.dsv
[0.928s] -- Up-to-date symlink: /home/hunajpu/dev_tt_ws/install/rrbot_description/share/rrbot_description/local_setup.bash
[0.937s] -- Up-to-date symlink: /home/hunajpu/dev_tt_ws/install/rrbot_description/share/rrbot_description/local_setup.sh
[0.945s] -- Up-to-date symlink: /home/hunajpu/dev_tt_ws/install/rrbot_description/share/rrbot_description/local_setup.zsh
[0.948s] -- Up-to-date symlink: /home/hunajpu/dev_tt_ws/install/rrbot_description/share/rrbot_description/local_setup.dsv
[0.951s] -- Symlinking: /home/hunajpu/dev_tt_ws/install/rrbot_description/share/rrbot_description/package.dsv
[0.990s] -- Up-to-date symlink: /home/hunajpu/dev_tt_ws/install/rrbot_description/share/ament_index/resource_index/packages/rrbot_description
[1.040s] -- Up-to-date symlink: /home/hunajpu/dev_tt_ws/install/rrbot_description/share/rrbot_description/cmake/rrbot_descriptionConfig.cmake
[1.040s] -- Up-to-date symlink: /home/hunajpu/dev_tt_ws/install/rrbot_description/share/rrbot_description/cmake/rrbot_descriptionConfig-version.cmake
[1.040s] -- Up-to-date symlink: /home/hunajpu/dev_tt_ws/install/rrbot_description/share/rrbot_description/package.xml
[1.040s] -- Up-to-date symlink: /home/hunajpu/dev_tt_ws/install/rrbot_description/share/rrbot_description/urdf/materials.xacro
[1.040s] -- Up-to-date symlink: /home/hunajpu/dev_tt_ws/install/rrbot_description/share/rrbot_description/urdf/rrbot.gazebo
[1.040s] -- Up-to-date symlink: /home/hunajpu/dev_tt_ws/install/rrbot_description/share/rrbot_description/urdf/rrbot.xacro
[1.040s] -- Up-to-date symlink: /home/hunajpu/dev_tt_ws/install/rrbot_description/share/rrbot_description/urdf/rrbot.xml
[1.041s] -- Up-to-date symlink: /home/hunajpu/dev_tt_ws/install/rrbot_description/share/rrbot_description/meshes/hokuyo.dae
[1.044s] Invoked command in '/home/hunajpu/dev_tt_ws/build/rrbot_description' returned '0': CMAKE_PREFIX_PATH=${CMAKE_PREFIX_PATH}:/home/hunajpu/dev_tt_ws/install/rrbot_moveit_demo_nodes:/home/hunajpu/dev_tt_ws/install/gazebo_ros2_control_demos:/opt/ros/foxy /usr/bin/cmake --install /home/hunajpu/dev_tt_ws/build/rrbot_description
