[0.274s] Invoking command in '/home/hunajpu/dev_tt_ws/build/irb6640_ros2_gazebo': CMAKE_PREFIX_PATH=${CMAKE_PREFIX_PATH}:/opt/ros/foxy /usr/bin/cmake --build /home/hunajpu/dev_tt_ws/build/irb6640_ros2_gazebo -- -j8 -l8
[0.491s] Invoked command in '/home/hunajpu/dev_tt_ws/build/irb6640_ros2_gazebo' returned '0': CMAKE_PREFIX_PATH=${CMAKE_PREFIX_PATH}:/opt/ros/foxy /usr/bin/cmake --build /home/hunajpu/dev_tt_ws/build/irb6640_ros2_gazebo -- -j8 -l8
[0.745s] Invoking command in '/home/hunajpu/dev_tt_ws/build/irb6640_ros2_gazebo': CMAKE_PREFIX_PATH=${CMAKE_PREFIX_PATH}:/opt/ros/foxy /usr/bin/cmake --install /home/hunajpu/dev_tt_ws/build/irb6640_ros2_gazebo
[0.837s] -- Install configuration: "Debug"
[0.838s] -- Execute custom install script
[0.838s] -- Up-to-date symlink: /home/hunajpu/dev_tt_ws/install/irb6640_ros2_gazebo/share/irb6640_ros2_gazebo/config/irb6640_controller.yaml
[0.839s] -- Up-to-date symlink: /home/hunajpu/dev_tt_ws/install/irb6640_ros2_gazebo/share/irb6640_ros2_gazebo/launch/irb6640_simulation.launch.py
[0.839s] -- Up-to-date symlink: /home/hunajpu/dev_tt_ws/install/irb6640_ros2_gazebo/share/irb6640_ros2_gazebo/urdf/abb_resources/common_colours.xacro
[0.840s] -- Up-to-date symlink: /home/hunajpu/dev_tt_ws/install/irb6640_ros2_gazebo/share/irb6640_ros2_gazebo/urdf/abb_resources/common_materials.xacro
[0.844s] -- Up-to-date symlink: /home/hunajpu/dev_tt_ws/install/irb6640_ros2_gazebo/share/irb6640_ros2_gazebo/urdf/irb6640.urdf.xacro
[0.846s] -- Up-to-date symlink: /home/hunajpu/dev_tt_ws/install/irb6640_ros2_gazebo/share/irb6640_ros2_gazebo/urdf/irb6640_gazebo.xacro
[0.846s] -- Up-to-date symlink: /home/hunajpu/dev_tt_ws/install/irb6640_ros2_gazebo/share/irb6640_ros2_gazebo/urdf/irb6640_macro.urdf.xacro
[0.847s] -- Up-to-date symlink: /home/hunajpu/dev_tt_ws/install/irb6640_ros2_gazebo/share/irb6640_ros2_gazebo/urdf/irb6640_transmission.xacro
[0.847s] -- Up-to-date symlink: /home/hunajpu/dev_tt_ws/install/irb6640_ros2_gazebo/share/irb6640_ros2_gazebo/worlds/irb6640.world
[0.848s] -- Up-to-date symlink: /home/hunajpu/dev_tt_ws/install/irb6640_ros2_gazebo/share/irb6640_ros2_gazebo/meshes/collision/base_link.stl
[0.848s] -- Up-to-date symlink: /home/hunajpu/dev_tt_ws/install/irb6640_ros2_gazebo/share/irb6640_ros2_gazebo/meshes/collision/cylinder_link.stl
[0.848s] -- Up-to-date symlink: /home/hunajpu/dev_tt_ws/install/irb6640_ros2_gazebo/share/irb6640_ros2_gazebo/meshes/collision/link_1.stl
[0.848s] -- Up-to-date symlink: /home/hunajpu/dev_tt_ws/install/irb6640_ros2_gazebo/share/irb6640_ros2_gazebo/meshes/collision/link_2.stl
[0.848s] -- Up-to-date symlink: /home/hunajpu/dev_tt_ws/install/irb6640_ros2_gazebo/share/irb6640_ros2_gazebo/meshes/collision/link_3.stl
[0.848s] -- Up-to-date symlink: /home/hunajpu/dev_tt_ws/install/irb6640_ros2_gazebo/share/irb6640_ros2_gazebo/meshes/collision/link_4.stl
[0.848s] -- Up-to-date symlink: /home/hunajpu/dev_tt_ws/install/irb6640_ros2_gazebo/share/irb6640_ros2_gazebo/meshes/collision/link_5.stl
[0.849s] -- Up-to-date symlink: /home/hunajpu/dev_tt_ws/install/irb6640_ros2_gazebo/share/irb6640_ros2_gazebo/meshes/collision/link_6.stl
[0.849s] -- Up-to-date symlink: /home/hunajpu/dev_tt_ws/install/irb6640_ros2_gazebo/share/irb6640_ros2_gazebo/meshes/collision/piston_link.stl
[0.849s] -- Up-to-date symlink: /home/hunajpu/dev_tt_ws/install/irb6640_ros2_gazebo/share/irb6640_ros2_gazebo/meshes/visual/base_link.dae
[0.849s] -- Up-to-date symlink: /home/hunajpu/dev_tt_ws/install/irb6640_ros2_gazebo/share/irb6640_ros2_gazebo/meshes/visual/cylinder_link.dae
[0.849s] -- Up-to-date symlink: /home/hunajpu/dev_tt_ws/install/irb6640_ros2_gazebo/share/irb6640_ros2_gazebo/meshes/visual/link_1.dae
[0.849s] -- Up-to-date symlink: /home/hunajpu/dev_tt_ws/install/irb6640_ros2_gazebo/share/irb6640_ros2_gazebo/meshes/visual/link_2.dae
[0.849s] -- Up-to-date symlink: /home/hunajpu/dev_tt_ws/install/irb6640_ros2_gazebo/share/irb6640_ros2_gazebo/meshes/visual/link_3.dae
[0.850s] -- Up-to-date symlink: /home/hunajpu/dev_tt_ws/install/irb6640_ros2_gazebo/share/irb6640_ros2_gazebo/meshes/visual/link_4.dae
[0.850s] -- Up-to-date symlink: /home/hunajpu/dev_tt_ws/install/irb6640_ros2_gazebo/share/irb6640_ros2_gazebo/meshes/visual/link_5.dae
[0.850s] -- Up-to-date symlink: /home/hunajpu/dev_tt_ws/install/irb6640_ros2_gazebo/share/irb6640_ros2_gazebo/meshes/visual/link_6.dae
[0.850s] -- Up-to-date symlink: /home/hunajpu/dev_tt_ws/install/irb6640_ros2_gazebo/share/irb6640_ros2_gazebo/meshes/visual/piston_link.dae
[0.850s] -- Up-to-date symlink: /home/hunajpu/dev_tt_ws/install/irb6640_ros2_gazebo/share/ament_index/resource_index/package_run_dependencies/irb6640_ros2_gazebo
[0.850s] -- Up-to-date symlink: /home/hunajpu/dev_tt_ws/install/irb6640_ros2_gazebo/share/ament_index/resource_index/parent_prefix_path/irb6640_ros2_gazebo
[0.851s] -- Up-to-date symlink: /home/hunajpu/dev_tt_ws/install/irb6640_ros2_gazebo/share/irb6640_ros2_gazebo/environment/ament_prefix_path.sh
[0.855s] -- Up-to-date symlink: /home/hunajpu/dev_tt_ws/install/irb6640_ros2_gazebo/share/irb6640_ros2_gazebo/environment/ament_prefix_path.dsv
[0.856s] -- Up-to-date symlink: /home/hunajpu/dev_tt_ws/install/irb6640_ros2_gazebo/share/irb6640_ros2_gazebo/environment/path.sh
[0.856s] -- Up-to-date symlink: /home/hunajpu/dev_tt_ws/install/irb6640_ros2_gazebo/share/irb6640_ros2_gazebo/environment/path.dsv
[0.857s] -- Up-to-date symlink: /home/hunajpu/dev_tt_ws/install/irb6640_ros2_gazebo/share/irb6640_ros2_gazebo/local_setup.bash
[0.857s] -- Up-to-date symlink: /home/hunajpu/dev_tt_ws/install/irb6640_ros2_gazebo/share/irb6640_ros2_gazebo/local_setup.sh
[0.858s] -- Up-to-date symlink: /home/hunajpu/dev_tt_ws/install/irb6640_ros2_gazebo/share/irb6640_ros2_gazebo/local_setup.zsh
[0.858s] -- Up-to-date symlink: /home/hunajpu/dev_tt_ws/install/irb6640_ros2_gazebo/share/irb6640_ros2_gazebo/local_setup.dsv
[0.859s] -- Symlinking: /home/hunajpu/dev_tt_ws/install/irb6640_ros2_gazebo/share/irb6640_ros2_gazebo/package.dsv
[0.859s] -- Up-to-date symlink: /home/hunajpu/dev_tt_ws/install/irb6640_ros2_gazebo/share/ament_index/resource_index/packages/irb6640_ros2_gazebo
[0.860s] -- Up-to-date symlink: /home/hunajpu/dev_tt_ws/install/irb6640_ros2_gazebo/share/irb6640_ros2_gazebo/cmake/irb6640_ros2_gazeboConfig.cmake
[0.860s] -- Up-to-date symlink: /home/hunajpu/dev_tt_ws/install/irb6640_ros2_gazebo/share/irb6640_ros2_gazebo/cmake/irb6640_ros2_gazeboConfig-version.cmake
[0.865s] -- Up-to-date symlink: /home/hunajpu/dev_tt_ws/install/irb6640_ros2_gazebo/share/irb6640_ros2_gazebo/package.xml
[0.884s] Invoked command in '/home/hunajpu/dev_tt_ws/build/irb6640_ros2_gazebo' returned '0': CMAKE_PREFIX_PATH=${CMAKE_PREFIX_PATH}:/opt/ros/foxy /usr/bin/cmake --install /home/hunajpu/dev_tt_ws/build/irb6640_ros2_gazebo
