[0.178s] Invoking command in '/home/hunajpu/dev_tt_ws/build/cobots_axis_driver': CMAKE_PREFIX_PATH=${CMAKE_PREFIX_PATH}:/opt/ros/foxy /usr/bin/cmake --build /home/hunajpu/dev_tt_ws/build/cobots_axis_driver -- -j8 -l8
[0.404s] Invoked command in '/home/hunajpu/dev_tt_ws/build/cobots_axis_driver' returned '0': CMAKE_PREFIX_PATH=${CMAKE_PREFIX_PATH}:/opt/ros/foxy /usr/bin/cmake --build /home/hunajpu/dev_tt_ws/build/cobots_axis_driver -- -j8 -l8
[0.664s] Invoking command in '/home/hunajpu/dev_tt_ws/build/cobots_axis_driver': CMAKE_PREFIX_PATH=${CMAKE_PREFIX_PATH}:/opt/ros/foxy /usr/bin/cmake --install /home/hunajpu/dev_tt_ws/build/cobots_axis_driver
[0.715s] -- Install configuration: "Debug"
[0.719s] -- Up-to-date: /home/hunajpu/dev_tt_ws/install/cobots_axis_driver/share/ament_index/resource_index/package_run_dependencies/cobots_axis_driver
[0.721s] -- Up-to-date: /home/hunajpu/dev_tt_ws/install/cobots_axis_driver/share/ament_index/resource_index/parent_prefix_path/cobots_axis_driver
[0.721s] -- Up-to-date: /home/hunajpu/dev_tt_ws/install/cobots_axis_driver/share/cobots_axis_driver/environment/ament_prefix_path.sh
[0.722s] -- Up-to-date: /home/hunajpu/dev_tt_ws/install/cobots_axis_driver/share/cobots_axis_driver/environment/ament_prefix_path.dsv
[0.722s] -- Up-to-date: /home/hunajpu/dev_tt_ws/install/cobots_axis_driver/share/cobots_axis_driver/environment/path.sh
[0.722s] -- Up-to-date: /home/hunajpu/dev_tt_ws/install/cobots_axis_driver/share/cobots_axis_driver/environment/path.dsv
[0.722s] -- Up-to-date: /home/hunajpu/dev_tt_ws/install/cobots_axis_driver/share/cobots_axis_driver/local_setup.bash
[0.723s] -- Up-to-date: /home/hunajpu/dev_tt_ws/install/cobots_axis_driver/share/cobots_axis_driver/local_setup.sh
[0.723s] -- Up-to-date: /home/hunajpu/dev_tt_ws/install/cobots_axis_driver/share/cobots_axis_driver/local_setup.zsh
[0.723s] -- Up-to-date: /home/hunajpu/dev_tt_ws/install/cobots_axis_driver/share/cobots_axis_driver/local_setup.dsv
[0.723s] -- Installing: /home/hunajpu/dev_tt_ws/install/cobots_axis_driver/share/cobots_axis_driver/package.dsv
[0.723s] -- Up-to-date: /home/hunajpu/dev_tt_ws/install/cobots_axis_driver/share/ament_index/resource_index/packages/cobots_axis_driver
[0.724s] -- Up-to-date: /home/hunajpu/dev_tt_ws/install/cobots_axis_driver/share/cobots_axis_driver/cmake/cobots_axis_driverConfig.cmake
[0.724s] -- Up-to-date: /home/hunajpu/dev_tt_ws/install/cobots_axis_driver/share/cobots_axis_driver/cmake/cobots_axis_driverConfig-version.cmake
[0.724s] -- Up-to-date: /home/hunajpu/dev_tt_ws/install/cobots_axis_driver/share/cobots_axis_driver/package.xml
[0.732s] Invoked command in '/home/hunajpu/dev_tt_ws/build/cobots_axis_driver' returned '0': CMAKE_PREFIX_PATH=${CMAKE_PREFIX_PATH}:/opt/ros/foxy /usr/bin/cmake --install /home/hunajpu/dev_tt_ws/build/cobots_axis_driver
