[0.247s] Invoking command in '/home/hunajpu/dev_tt_ws/build/ur3_ros2_gazebo': CMAKE_PREFIX_PATH=${CMAKE_PREFIX_PATH}:/opt/ros/foxy /usr/bin/cmake /home/hunajpu/dev_tt_ws/src/ros2_RobotSimulation/UniversalRobots/UR3/ur3_ros2_gazebo -DCMAKE_INSTALL_PREFIX=/home/hunajpu/dev_tt_ws/install/ur3_ros2_gazebo
[0.453s] -- Found ament_cmake: 0.9.9 (/opt/ros/foxy/share/ament_cmake/cmake)
[0.512s] -- Using PYTHON_EXECUTABLE: /usr/bin/python3
[1.448s] -- Override CMake install command with custom implementation using symlinks instead of copying resources
[1.489s] -- Found ament_lint_auto: 0.9.6 (/opt/ros/foxy/share/ament_lint_auto/cmake)
[1.767s] -- Added test 'copyright' to check source files copyright and LICENSE
[1.784s] -- Added test 'flake8' to check Python code syntax and style conventions
[1.786s] -- Added test 'lint_cmake' to check CMake code style
[1.802s] -- Added test 'pep257' to check Python code against some of the style conventions in PEP 257
[1.802s] -- Added test 'xmllint' to check XML markup files
[1.820s] -- Configuring done
[1.844s] -- Generating done
[1.845s] -- Build files have been written to: /home/hunajpu/dev_tt_ws/build/ur3_ros2_gazebo
[1.909s] Invoked command in '/home/hunajpu/dev_tt_ws/build/ur3_ros2_gazebo' returned '0': CMAKE_PREFIX_PATH=${CMAKE_PREFIX_PATH}:/opt/ros/foxy /usr/bin/cmake /home/hunajpu/dev_tt_ws/src/ros2_RobotSimulation/UniversalRobots/UR3/ur3_ros2_gazebo -DCMAKE_INSTALL_PREFIX=/home/hunajpu/dev_tt_ws/install/ur3_ros2_gazebo
[1.911s] Invoking command in '/home/hunajpu/dev_tt_ws/build/ur3_ros2_gazebo': CMAKE_PREFIX_PATH=${CMAKE_PREFIX_PATH}:/opt/ros/foxy /usr/bin/cmake --build /home/hunajpu/dev_tt_ws/build/ur3_ros2_gazebo -- -j8 -l8
[2.132s] Invoked command in '/home/hunajpu/dev_tt_ws/build/ur3_ros2_gazebo' returned '0': CMAKE_PREFIX_PATH=${CMAKE_PREFIX_PATH}:/opt/ros/foxy /usr/bin/cmake --build /home/hunajpu/dev_tt_ws/build/ur3_ros2_gazebo -- -j8 -l8
[2.241s] Invoking command in '/home/hunajpu/dev_tt_ws/build/ur3_ros2_gazebo': CMAKE_PREFIX_PATH=${CMAKE_PREFIX_PATH}:/opt/ros/foxy /usr/bin/cmake --install /home/hunajpu/dev_tt_ws/build/ur3_ros2_gazebo
[2.279s] -- Install configuration: ""
[2.280s] -- Execute custom install script
[2.280s] -- Up-to-date symlink: /home/hunajpu/dev_tt_ws/install/ur3_ros2_gazebo/share/ur3_ros2_gazebo/config/default_kinematics.yaml
[2.280s] -- Up-to-date symlink: /home/hunajpu/dev_tt_ws/install/ur3_ros2_gazebo/share/ur3_ros2_gazebo/config/initial_positions.yaml
[2.286s] -- Up-to-date symlink: /home/hunajpu/dev_tt_ws/install/ur3_ros2_gazebo/share/ur3_ros2_gazebo/config/joint_limits.yaml
[2.286s] -- Up-to-date symlink: /home/hunajpu/dev_tt_ws/install/ur3_ros2_gazebo/share/ur3_ros2_gazebo/config/physical_parameters.yaml
[2.287s] -- Up-to-date symlink: /home/hunajpu/dev_tt_ws/install/ur3_ros2_gazebo/share/ur3_ros2_gazebo/config/ur3_controller.yaml
[2.287s] -- Up-to-date symlink: /home/hunajpu/dev_tt_ws/install/ur3_ros2_gazebo/share/ur3_ros2_gazebo/config/visual_parameters.yaml
[2.287s] -- Up-to-date symlink: /home/hunajpu/dev_tt_ws/install/ur3_ros2_gazebo/share/ur3_ros2_gazebo/launch/ur3_simulation.launch.py
[2.288s] -- Up-to-date symlink: /home/hunajpu/dev_tt_ws/install/ur3_ros2_gazebo/share/ur3_ros2_gazebo/urdf/ur3.urdf.xacro
[2.288s] -- Up-to-date symlink: /home/hunajpu/dev_tt_ws/install/ur3_ros2_gazebo/share/ur3_ros2_gazebo/urdf/ur3_common.xacro
[2.288s] -- Up-to-date symlink: /home/hunajpu/dev_tt_ws/install/ur3_ros2_gazebo/share/ur3_ros2_gazebo/urdf/ur3_gazebo.xacro
[2.288s] -- Up-to-date symlink: /home/hunajpu/dev_tt_ws/install/ur3_ros2_gazebo/share/ur3_ros2_gazebo/urdf/ur3_macro.urdf.xacro
[2.289s] -- Up-to-date symlink: /home/hunajpu/dev_tt_ws/install/ur3_ros2_gazebo/share/ur3_ros2_gazebo/urdf/ur3_transmission.xacro
[2.289s] -- Up-to-date symlink: /home/hunajpu/dev_tt_ws/install/ur3_ros2_gazebo/share/ur3_ros2_gazebo/worlds/ur3.world
[2.291s] -- Up-to-date symlink: /home/hunajpu/dev_tt_ws/install/ur3_ros2_gazebo/share/ur3_ros2_gazebo/meshes/collision/base.stl
[2.291s] -- Up-to-date symlink: /home/hunajpu/dev_tt_ws/install/ur3_ros2_gazebo/share/ur3_ros2_gazebo/meshes/collision/forearm.stl
[2.291s] -- Up-to-date symlink: /home/hunajpu/dev_tt_ws/install/ur3_ros2_gazebo/share/ur3_ros2_gazebo/meshes/collision/shoulder.stl
[2.294s] -- Up-to-date symlink: /home/hunajpu/dev_tt_ws/install/ur3_ros2_gazebo/share/ur3_ros2_gazebo/meshes/collision/upperarm.stl
[2.295s] -- Up-to-date symlink: /home/hunajpu/dev_tt_ws/install/ur3_ros2_gazebo/share/ur3_ros2_gazebo/meshes/collision/wrist1.stl
[2.296s] -- Up-to-date symlink: /home/hunajpu/dev_tt_ws/install/ur3_ros2_gazebo/share/ur3_ros2_gazebo/meshes/collision/wrist2.stl
[2.296s] -- Up-to-date symlink: /home/hunajpu/dev_tt_ws/install/ur3_ros2_gazebo/share/ur3_ros2_gazebo/meshes/collision/wrist3.stl
[2.298s] -- Up-to-date symlink: /home/hunajpu/dev_tt_ws/install/ur3_ros2_gazebo/share/ur3_ros2_gazebo/meshes/visual/base.dae
[2.299s] -- Up-to-date symlink: /home/hunajpu/dev_tt_ws/install/ur3_ros2_gazebo/share/ur3_ros2_gazebo/meshes/visual/forearm.dae
[2.299s] -- Up-to-date symlink: /home/hunajpu/dev_tt_ws/install/ur3_ros2_gazebo/share/ur3_ros2_gazebo/meshes/visual/linear_axis/simplified_dynamic_parts.stl
[2.299s] -- Up-to-date symlink: /home/hunajpu/dev_tt_ws/install/ur3_ros2_gazebo/share/ur3_ros2_gazebo/meshes/visual/linear_axis/simplified_static_parts.stl
[2.299s] -- Up-to-date symlink: /home/hunajpu/dev_tt_ws/install/ur3_ros2_gazebo/share/ur3_ros2_gazebo/meshes/visual/shoulder.dae
[2.300s] -- Up-to-date symlink: /home/hunajpu/dev_tt_ws/install/ur3_ros2_gazebo/share/ur3_ros2_gazebo/meshes/visual/upperarm.dae
[2.300s] -- Up-to-date symlink: /home/hunajpu/dev_tt_ws/install/ur3_ros2_gazebo/share/ur3_ros2_gazebo/meshes/visual/wrist1.dae
[2.300s] -- Up-to-date symlink: /home/hunajpu/dev_tt_ws/install/ur3_ros2_gazebo/share/ur3_ros2_gazebo/meshes/visual/wrist2.dae
[2.300s] -- Up-to-date symlink: /home/hunajpu/dev_tt_ws/install/ur3_ros2_gazebo/share/ur3_ros2_gazebo/meshes/visual/wrist3.dae
[2.301s] -- Up-to-date symlink: /home/hunajpu/dev_tt_ws/install/ur3_ros2_gazebo/share/ament_index/resource_index/package_run_dependencies/ur3_ros2_gazebo
[2.316s] -- Up-to-date symlink: /home/hunajpu/dev_tt_ws/install/ur3_ros2_gazebo/share/ament_index/resource_index/parent_prefix_path/ur3_ros2_gazebo
[2.316s] -- Up-to-date symlink: /home/hunajpu/dev_tt_ws/install/ur3_ros2_gazebo/share/ur3_ros2_gazebo/environment/ament_prefix_path.sh
[2.317s] -- Up-to-date symlink: /home/hunajpu/dev_tt_ws/install/ur3_ros2_gazebo/share/ur3_ros2_gazebo/environment/ament_prefix_path.dsv
[2.317s] -- Up-to-date symlink: /home/hunajpu/dev_tt_ws/install/ur3_ros2_gazebo/share/ur3_ros2_gazebo/environment/path.sh
[2.320s] -- Up-to-date symlink: /home/hunajpu/dev_tt_ws/install/ur3_ros2_gazebo/share/ur3_ros2_gazebo/environment/path.dsv
[2.321s] -- Up-to-date symlink: /home/hunajpu/dev_tt_ws/install/ur3_ros2_gazebo/share/ur3_ros2_gazebo/local_setup.bash
[2.321s] -- Up-to-date symlink: /home/hunajpu/dev_tt_ws/install/ur3_ros2_gazebo/share/ur3_ros2_gazebo/local_setup.sh
[2.322s] -- Up-to-date symlink: /home/hunajpu/dev_tt_ws/install/ur3_ros2_gazebo/share/ur3_ros2_gazebo/local_setup.zsh
[2.322s] -- Up-to-date symlink: /home/hunajpu/dev_tt_ws/install/ur3_ros2_gazebo/share/ur3_ros2_gazebo/local_setup.dsv
[2.325s] -- Symlinking: /home/hunajpu/dev_tt_ws/install/ur3_ros2_gazebo/share/ur3_ros2_gazebo/package.dsv
[2.405s] -- Up-to-date symlink: /home/hunajpu/dev_tt_ws/install/ur3_ros2_gazebo/share/ament_index/resource_index/packages/ur3_ros2_gazebo
[2.405s] -- Up-to-date symlink: /home/hunajpu/dev_tt_ws/install/ur3_ros2_gazebo/share/ur3_ros2_gazebo/cmake/ur3_ros2_gazeboConfig.cmake
[2.406s] -- Up-to-date symlink: /home/hunajpu/dev_tt_ws/install/ur3_ros2_gazebo/share/ur3_ros2_gazebo/cmake/ur3_ros2_gazeboConfig-version.cmake
[2.406s] -- Up-to-date symlink: /home/hunajpu/dev_tt_ws/install/ur3_ros2_gazebo/share/ur3_ros2_gazebo/package.xml
[2.477s] Invoked command in '/home/hunajpu/dev_tt_ws/build/ur3_ros2_gazebo' returned '0': CMAKE_PREFIX_PATH=${CMAKE_PREFIX_PATH}:/opt/ros/foxy /usr/bin/cmake --install /home/hunajpu/dev_tt_ws/build/ur3_ros2_gazebo
