[0.157s] Invoking command in '/home/hunajpu/dev_tt_ws/build/irb6640_ros2_gazebo': CMAKE_PREFIX_PATH=${CMAKE_PREFIX_PATH}:/opt/ros/foxy /usr/bin/cmake --build /home/hunajpu/dev_tt_ws/build/irb6640_ros2_gazebo -- -j8 -l8
[0.346s] Invoked command in '/home/hunajpu/dev_tt_ws/build/irb6640_ros2_gazebo' returned '0': CMAKE_PREFIX_PATH=${CMAKE_PREFIX_PATH}:/opt/ros/foxy /usr/bin/cmake --build /home/hunajpu/dev_tt_ws/build/irb6640_ros2_gazebo -- -j8 -l8
[0.477s] Invoking command in '/home/hunajpu/dev_tt_ws/build/irb6640_ros2_gazebo': CMAKE_PREFIX_PATH=${CMAKE_PREFIX_PATH}:/opt/ros/foxy /usr/bin/cmake --install /home/hunajpu/dev_tt_ws/build/irb6640_ros2_gazebo
[0.512s] -- Install configuration: "Debug"
[0.520s] -- Execute custom install script
[0.521s] -- Up-to-date symlink: /home/hunajpu/dev_tt_ws/install/irb6640_ros2_gazebo/share/irb6640_ros2_gazebo/config/irb6640_controller.yaml
[0.521s] -- Up-to-date symlink: /home/hunajpu/dev_tt_ws/install/irb6640_ros2_gazebo/share/irb6640_ros2_gazebo/launch/irb6640_simulation.launch.py
[0.522s] -- Up-to-date symlink: /home/hunajpu/dev_tt_ws/install/irb6640_ros2_gazebo/share/irb6640_ros2_gazebo/urdf/abb_resources/common_colours.xacro
[0.522s] -- Up-to-date symlink: /home/hunajpu/dev_tt_ws/install/irb6640_ros2_gazebo/share/irb6640_ros2_gazebo/urdf/abb_resources/common_materials.xacro
[0.523s] -- Up-to-date symlink: /home/hunajpu/dev_tt_ws/install/irb6640_ros2_gazebo/share/irb6640_ros2_gazebo/urdf/irb6640.urdf.xacro
[0.526s] -- Up-to-date symlink: /home/hunajpu/dev_tt_ws/install/irb6640_ros2_gazebo/share/irb6640_ros2_gazebo/urdf/irb6640_gazebo.xacro
[0.527s] -- Up-to-date symlink: /home/hunajpu/dev_tt_ws/install/irb6640_ros2_gazebo/share/irb6640_ros2_gazebo/urdf/irb6640_macro.urdf.xacro
[0.529s] -- Up-to-date symlink: /home/hunajpu/dev_tt_ws/install/irb6640_ros2_gazebo/share/irb6640_ros2_gazebo/urdf/irb6640_transmission.xacro
[0.530s] -- Up-to-date symlink: /home/hunajpu/dev_tt_ws/install/irb6640_ros2_gazebo/share/irb6640_ros2_gazebo/worlds/irb6640.world
[0.538s] -- Up-to-date symlink: /home/hunajpu/dev_tt_ws/install/irb6640_ros2_gazebo/share/irb6640_ros2_gazebo/meshes/collision/base_link.stl
[0.539s] -- Up-to-date symlink: /home/hunajpu/dev_tt_ws/install/irb6640_ros2_gazebo/share/irb6640_ros2_gazebo/meshes/collision/cylinder_link.stl
[0.559s] -- Up-to-date symlink: /home/hunajpu/dev_tt_ws/install/irb6640_ros2_gazebo/share/irb6640_ros2_gazebo/meshes/collision/link_1.stl
[0.563s] -- Up-to-date symlink: /home/hunajpu/dev_tt_ws/install/irb6640_ros2_gazebo/share/irb6640_ros2_gazebo/meshes/collision/link_2.stl
[0.565s] -- Up-to-date symlink: /home/hunajpu/dev_tt_ws/install/irb6640_ros2_gazebo/share/irb6640_ros2_gazebo/meshes/collision/link_3.stl
[0.577s] -- Up-to-date symlink: /home/hunajpu/dev_tt_ws/install/irb6640_ros2_gazebo/share/irb6640_ros2_gazebo/meshes/collision/link_4.stl
[0.583s] -- Up-to-date symlink: /home/hunajpu/dev_tt_ws/install/irb6640_ros2_gazebo/share/irb6640_ros2_gazebo/meshes/collision/link_5.stl
[0.596s] -- Up-to-date symlink: /home/hunajpu/dev_tt_ws/install/irb6640_ros2_gazebo/share/irb6640_ros2_gazebo/meshes/collision/link_6.stl
[0.606s] -- Up-to-date symlink: /home/hunajpu/dev_tt_ws/install/irb6640_ros2_gazebo/share/irb6640_ros2_gazebo/meshes/collision/piston_link.stl
[0.632s] -- Up-to-date symlink: /home/hunajpu/dev_tt_ws/install/irb6640_ros2_gazebo/share/irb6640_ros2_gazebo/meshes/visual/base_link.dae
[0.658s] -- Up-to-date symlink: /home/hunajpu/dev_tt_ws/install/irb6640_ros2_gazebo/share/irb6640_ros2_gazebo/meshes/visual/cylinder_link.dae
[0.687s] -- Up-to-date symlink: /home/hunajpu/dev_tt_ws/install/irb6640_ros2_gazebo/share/irb6640_ros2_gazebo/meshes/visual/link_1.dae
[0.694s] -- Up-to-date symlink: /home/hunajpu/dev_tt_ws/install/irb6640_ros2_gazebo/share/irb6640_ros2_gazebo/meshes/visual/link_2.dae
[0.754s] -- Up-to-date symlink: /home/hunajpu/dev_tt_ws/install/irb6640_ros2_gazebo/share/irb6640_ros2_gazebo/meshes/visual/link_3.dae
[0.760s] -- Up-to-date symlink: /home/hunajpu/dev_tt_ws/install/irb6640_ros2_gazebo/share/irb6640_ros2_gazebo/meshes/visual/link_4.dae
[0.764s] -- Up-to-date symlink: /home/hunajpu/dev_tt_ws/install/irb6640_ros2_gazebo/share/irb6640_ros2_gazebo/meshes/visual/link_5.dae
[0.766s] -- Up-to-date symlink: /home/hunajpu/dev_tt_ws/install/irb6640_ros2_gazebo/share/irb6640_ros2_gazebo/meshes/visual/link_6.dae
[0.789s] -- Up-to-date symlink: /home/hunajpu/dev_tt_ws/install/irb6640_ros2_gazebo/share/irb6640_ros2_gazebo/meshes/visual/piston_link.dae
[0.796s] -- Up-to-date symlink: /home/hunajpu/dev_tt_ws/install/irb6640_ros2_gazebo/share/ament_index/resource_index/package_run_dependencies/irb6640_ros2_gazebo
[0.816s] -- Up-to-date symlink: /home/hunajpu/dev_tt_ws/install/irb6640_ros2_gazebo/share/ament_index/resource_index/parent_prefix_path/irb6640_ros2_gazebo
[0.925s] -- Up-to-date symlink: /home/hunajpu/dev_tt_ws/install/irb6640_ros2_gazebo/share/irb6640_ros2_gazebo/environment/ament_prefix_path.sh
[0.933s] -- Up-to-date symlink: /home/hunajpu/dev_tt_ws/install/irb6640_ros2_gazebo/share/irb6640_ros2_gazebo/environment/ament_prefix_path.dsv
[0.976s] -- Up-to-date symlink: /home/hunajpu/dev_tt_ws/install/irb6640_ros2_gazebo/share/irb6640_ros2_gazebo/environment/path.sh
[1.068s] -- Up-to-date symlink: /home/hunajpu/dev_tt_ws/install/irb6640_ros2_gazebo/share/irb6640_ros2_gazebo/environment/path.dsv
[1.069s] -- Up-to-date symlink: /home/hunajpu/dev_tt_ws/install/irb6640_ros2_gazebo/share/irb6640_ros2_gazebo/local_setup.bash
[1.071s] -- Up-to-date symlink: /home/hunajpu/dev_tt_ws/install/irb6640_ros2_gazebo/share/irb6640_ros2_gazebo/local_setup.sh
[1.072s] -- Up-to-date symlink: /home/hunajpu/dev_tt_ws/install/irb6640_ros2_gazebo/share/irb6640_ros2_gazebo/local_setup.zsh
[1.073s] -- Up-to-date symlink: /home/hunajpu/dev_tt_ws/install/irb6640_ros2_gazebo/share/irb6640_ros2_gazebo/local_setup.dsv
[1.074s] -- Symlinking: /home/hunajpu/dev_tt_ws/install/irb6640_ros2_gazebo/share/irb6640_ros2_gazebo/package.dsv
[1.588s] -- Up-to-date symlink: /home/hunajpu/dev_tt_ws/install/irb6640_ros2_gazebo/share/ament_index/resource_index/packages/irb6640_ros2_gazebo
[1.589s] -- Up-to-date symlink: /home/hunajpu/dev_tt_ws/install/irb6640_ros2_gazebo/share/irb6640_ros2_gazebo/cmake/irb6640_ros2_gazeboConfig.cmake
[1.590s] -- Up-to-date symlink: /home/hunajpu/dev_tt_ws/install/irb6640_ros2_gazebo/share/irb6640_ros2_gazebo/cmake/irb6640_ros2_gazeboConfig-version.cmake
[1.597s] -- Up-to-date symlink: /home/hunajpu/dev_tt_ws/install/irb6640_ros2_gazebo/share/irb6640_ros2_gazebo/package.xml
[1.739s] Invoked command in '/home/hunajpu/dev_tt_ws/build/irb6640_ros2_gazebo' returned '0': CMAKE_PREFIX_PATH=${CMAKE_PREFIX_PATH}:/opt/ros/foxy /usr/bin/cmake --install /home/hunajpu/dev_tt_ws/build/irb6640_ros2_gazebo
