[0.089s] Invoking command in '/home/hunajpu/dev_tt_ws/build/gazebo_ros2_control': /usr/bin/cmake /home/hunajpu/dev_tt_ws/src/gazebo_ros2_control/gazebo_ros2_control -DCMAKE_INSTALL_PREFIX=/home/hunajpu/dev_tt_ws/install/gazebo_ros2_control
[0.219s] -- Found ament_cmake: 0.9.9 (/opt/ros/foxy/share/ament_cmake/cmake)
[0.225s] -- Using PYTHON_EXECUTABLE: /usr/bin/python3
[0.658s] Traceback (most recent call last):
[0.659s]   File "/opt/ros/foxy/share/ament_cmake_core/cmake/package_templates/templates_2_cmake.py", line 21, in <module>
[0.659s]     from ament_package.templates import get_environment_hook_template_path
[0.659s] ModuleNotFoundError: No module named 'ament_package'
[0.830s] CMake Error at /opt/ros/foxy/share/ament_cmake_core/cmake/ament_cmake_package_templates-extras.cmake:41 (message):
[0.831s]   execute_process(/usr/bin/python3
[0.831s]   /opt/ros/foxy/share/ament_cmake_core/cmake/package_templates/templates_2_cmake.py
[0.831s]   /home/hunajpu/dev_tt_ws/build/gazebo_ros2_control/ament_cmake_package_templates/templates.cmake)
[0.833s]   returned error code 1
[0.834s] Call Stack (most recent call first):
[0.834s]   /opt/ros/foxy/share/ament_cmake_core/cmake/ament_cmake_coreConfig.cmake:41 (include)
[0.836s]   /opt/ros/foxy/share/ament_cmake/cmake/ament_cmake_export_dependencies-extras.cmake:15 (find_package)
[0.837s]   /opt/ros/foxy/share/ament_cmake/cmake/ament_cmakeConfig.cmake:41 (include)
[0.838s]   CMakeLists.txt:4 (find_package)
[0.838s] 
[0.838s] 
[0.845s] -- Configuring incomplete, errors occurred!
[0.845s] See also "/home/hunajpu/dev_tt_ws/build/gazebo_ros2_control/CMakeFiles/CMakeOutput.log".
[0.845s] See also "/home/hunajpu/dev_tt_ws/build/gazebo_ros2_control/CMakeFiles/CMakeError.log".
[0.856s] Invoked command in '/home/hunajpu/dev_tt_ws/build/gazebo_ros2_control' returned '1': /usr/bin/cmake /home/hunajpu/dev_tt_ws/src/gazebo_ros2_control/gazebo_ros2_control -DCMAKE_INSTALL_PREFIX=/home/hunajpu/dev_tt_ws/install/gazebo_ros2_control
