[0.125s] Invoking command in '/home/hunajpu/dev_tt_ws/build/rrbot_moveit_config': CMAKE_PREFIX_PATH=${CMAKE_PREFIX_PATH}:/opt/ros/foxy /usr/bin/cmake --build /home/hunajpu/dev_tt_ws/build/rrbot_moveit_config -- -j8 -l8
[0.244s] Invoked command in '/home/hunajpu/dev_tt_ws/build/rrbot_moveit_config' returned '0': CMAKE_PREFIX_PATH=${CMAKE_PREFIX_PATH}:/opt/ros/foxy /usr/bin/cmake --build /home/hunajpu/dev_tt_ws/build/rrbot_moveit_config -- -j8 -l8
[0.459s] Invoking command in '/home/hunajpu/dev_tt_ws/build/rrbot_moveit_config': CMAKE_PREFIX_PATH=${CMAKE_PREFIX_PATH}:/opt/ros/foxy /usr/bin/cmake --install /home/hunajpu/dev_tt_ws/build/rrbot_moveit_config
[0.474s] -- Install configuration: "Debug"
[0.475s] -- Execute custom install script
[0.475s] -- Up-to-date symlink: /home/hunajpu/dev_tt_ws/install/rrbot_moveit_config/share/ament_index/resource_index/package_run_dependencies/rrbot_moveit_config
[0.476s] -- Up-to-date symlink: /home/hunajpu/dev_tt_ws/install/rrbot_moveit_config/share/ament_index/resource_index/parent_prefix_path/rrbot_moveit_config
[0.477s] -- Up-to-date symlink: /home/hunajpu/dev_tt_ws/install/rrbot_moveit_config/share/rrbot_moveit_config/environment/ament_prefix_path.sh
[0.477s] -- Up-to-date symlink: /home/hunajpu/dev_tt_ws/install/rrbot_moveit_config/share/rrbot_moveit_config/environment/ament_prefix_path.dsv
[0.478s] -- Up-to-date symlink: /home/hunajpu/dev_tt_ws/install/rrbot_moveit_config/share/rrbot_moveit_config/environment/path.sh
[0.478s] -- Up-to-date symlink: /home/hunajpu/dev_tt_ws/install/rrbot_moveit_config/share/rrbot_moveit_config/environment/path.dsv
[0.479s] -- Up-to-date symlink: /home/hunajpu/dev_tt_ws/install/rrbot_moveit_config/share/rrbot_moveit_config/local_setup.bash
[0.479s] -- Up-to-date symlink: /home/hunajpu/dev_tt_ws/install/rrbot_moveit_config/share/rrbot_moveit_config/local_setup.sh
[0.480s] -- Up-to-date symlink: /home/hunajpu/dev_tt_ws/install/rrbot_moveit_config/share/rrbot_moveit_config/local_setup.zsh
[0.480s] -- Up-to-date symlink: /home/hunajpu/dev_tt_ws/install/rrbot_moveit_config/share/rrbot_moveit_config/local_setup.dsv
[0.481s] -- Symlinking: /home/hunajpu/dev_tt_ws/install/rrbot_moveit_config/share/rrbot_moveit_config/package.dsv
[0.506s] -- Up-to-date symlink: /home/hunajpu/dev_tt_ws/install/rrbot_moveit_config/share/ament_index/resource_index/packages/rrbot_moveit_config
[0.506s] -- Up-to-date symlink: /home/hunajpu/dev_tt_ws/install/rrbot_moveit_config/share/rrbot_moveit_config/cmake/rrbot_moveit_configConfig.cmake
[0.507s] -- Up-to-date symlink: /home/hunajpu/dev_tt_ws/install/rrbot_moveit_config/share/rrbot_moveit_config/cmake/rrbot_moveit_configConfig-version.cmake
[0.507s] -- Up-to-date symlink: /home/hunajpu/dev_tt_ws/install/rrbot_moveit_config/share/rrbot_moveit_config/package.xml
[0.507s] -- Up-to-date symlink: /home/hunajpu/dev_tt_ws/install/rrbot_moveit_config/share/rrbot_moveit_config/config/kinematics.yaml
[0.507s] -- Up-to-date symlink: /home/hunajpu/dev_tt_ws/install/rrbot_moveit_config/share/rrbot_moveit_config/config/ompl_planning.yaml
[0.507s] -- Up-to-date symlink: /home/hunajpu/dev_tt_ws/install/rrbot_moveit_config/share/rrbot_moveit_config/config/rrbot.srdf
[0.507s] -- Up-to-date symlink: /home/hunajpu/dev_tt_ws/install/rrbot_moveit_config/share/rrbot_moveit_config/config/rviz_rrbot.rviz
[0.545s] Invoked command in '/home/hunajpu/dev_tt_ws/build/rrbot_moveit_config' returned '0': CMAKE_PREFIX_PATH=${CMAKE_PREFIX_PATH}:/opt/ros/foxy /usr/bin/cmake --install /home/hunajpu/dev_tt_ws/build/rrbot_moveit_config
