[0.799s] Invoking command in '/home/hunajpu/dev_tt_ws/build/rosbridge_library': CMAKE_PREFIX_PATH=/home/hunajpu/dev_tt_ws/install/rosbridge_test_msgs:/home/hunajpu/dev_tt_ws/install/ur5_ros2_moveit2:/home/hunajpu/dev_tt_ws/install/ur5_ros2_gazebo:/home/hunajpu/dev_tt_ws/install/ur3_ros2_moveit2:/home/hunajpu/dev_tt_ws/install/ur3_ros2_gazebo:/home/hunajpu/dev_tt_ws/install/ur10_ros2_moveit2:/home/hunajpu/dev_tt_ws/install/ur10_ros2_gazebo:/home/hunajpu/dev_tt_ws/install/rrbot_moveit_demo_nodes:/home/hunajpu/dev_tt_ws/install/rrbot_moveit_config:/home/hunajpu/dev_tt_ws/install/rrbot_gazebo:/home/hunajpu/dev_tt_ws/install/rrbot_description:/home/hunajpu/dev_tt_ws/install/rosbridge_suite:/home/hunajpu/dev_tt_ws/install/rosbridge_server:/home/hunajpu/dev_tt_ws/install/rosbridge_msgs:/home/hunajpu/dev_tt_ws/install/rosapi:/home/hunajpu/dev_tt_ws/install/rosbridge_library:/home/hunajpu/dev_tt_ws/install/rosapi_msgs:/home/hunajpu/dev_tt_ws/install/panda_ros2_moveit2:/home/hunajpu/dev_tt_ws/install/irb6640_ros2_moveit2:/home/hunajpu/dev_tt_ws/install/irb120egp64_ros2_moveit2:/home/hunajpu/dev_tt_ws/install/irb120_ros2_moveit2:/home/hunajpu/dev_tt_ws/install/ros2_data:/home/hunajpu/dev_tt_ws/install/panda_ros2_gazebo:/home/hunajpu/dev_tt_ws/install/irb6640_ros2_gazebo:/home/hunajpu/dev_tt_ws/install/irb120egp64_ros2_gazebo:/home/hunajpu/dev_tt_ws/install/irb120_ros2_gazebo:/home/hunajpu/dev_tt_ws/install/gazebo_ros2_control_demos:/home/hunajpu/dev_tt_ws/install/gazebo_ros2_control:/opt/ros/foxy /usr/bin/cmake --build /home/hunajpu/dev_tt_ws/build/rosbridge_library -- -j8 -l8
[1.861s] Invoked command in '/home/hunajpu/dev_tt_ws/build/rosbridge_library' returned '0': CMAKE_PREFIX_PATH=/home/hunajpu/dev_tt_ws/install/rosbridge_test_msgs:/home/hunajpu/dev_tt_ws/install/ur5_ros2_moveit2:/home/hunajpu/dev_tt_ws/install/ur5_ros2_gazebo:/home/hunajpu/dev_tt_ws/install/ur3_ros2_moveit2:/home/hunajpu/dev_tt_ws/install/ur3_ros2_gazebo:/home/hunajpu/dev_tt_ws/install/ur10_ros2_moveit2:/home/hunajpu/dev_tt_ws/install/ur10_ros2_gazebo:/home/hunajpu/dev_tt_ws/install/rrbot_moveit_demo_nodes:/home/hunajpu/dev_tt_ws/install/rrbot_moveit_config:/home/hunajpu/dev_tt_ws/install/rrbot_gazebo:/home/hunajpu/dev_tt_ws/install/rrbot_description:/home/hunajpu/dev_tt_ws/install/rosbridge_suite:/home/hunajpu/dev_tt_ws/install/rosbridge_server:/home/hunajpu/dev_tt_ws/install/rosbridge_msgs:/home/hunajpu/dev_tt_ws/install/rosapi:/home/hunajpu/dev_tt_ws/install/rosbridge_library:/home/hunajpu/dev_tt_ws/install/rosapi_msgs:/home/hunajpu/dev_tt_ws/install/panda_ros2_moveit2:/home/hunajpu/dev_tt_ws/install/irb6640_ros2_moveit2:/home/hunajpu/dev_tt_ws/install/irb120egp64_ros2_moveit2:/home/hunajpu/dev_tt_ws/install/irb120_ros2_moveit2:/home/hunajpu/dev_tt_ws/install/ros2_data:/home/hunajpu/dev_tt_ws/install/panda_ros2_gazebo:/home/hunajpu/dev_tt_ws/install/irb6640_ros2_gazebo:/home/hunajpu/dev_tt_ws/install/irb120egp64_ros2_gazebo:/home/hunajpu/dev_tt_ws/install/irb120_ros2_gazebo:/home/hunajpu/dev_tt_ws/install/gazebo_ros2_control_demos:/home/hunajpu/dev_tt_ws/install/gazebo_ros2_control:/opt/ros/foxy /usr/bin/cmake --build /home/hunajpu/dev_tt_ws/build/rosbridge_library -- -j8 -l8
[2.030s] Invoking command in '/home/hunajpu/dev_tt_ws/build/rosbridge_library': CMAKE_PREFIX_PATH=/home/hunajpu/dev_tt_ws/install/rosbridge_test_msgs:/home/hunajpu/dev_tt_ws/install/ur5_ros2_moveit2:/home/hunajpu/dev_tt_ws/install/ur5_ros2_gazebo:/home/hunajpu/dev_tt_ws/install/ur3_ros2_moveit2:/home/hunajpu/dev_tt_ws/install/ur3_ros2_gazebo:/home/hunajpu/dev_tt_ws/install/ur10_ros2_moveit2:/home/hunajpu/dev_tt_ws/install/ur10_ros2_gazebo:/home/hunajpu/dev_tt_ws/install/rrbot_moveit_demo_nodes:/home/hunajpu/dev_tt_ws/install/rrbot_moveit_config:/home/hunajpu/dev_tt_ws/install/rrbot_gazebo:/home/hunajpu/dev_tt_ws/install/rrbot_description:/home/hunajpu/dev_tt_ws/install/rosbridge_suite:/home/hunajpu/dev_tt_ws/install/rosbridge_server:/home/hunajpu/dev_tt_ws/install/rosbridge_msgs:/home/hunajpu/dev_tt_ws/install/rosapi:/home/hunajpu/dev_tt_ws/install/rosbridge_library:/home/hunajpu/dev_tt_ws/install/rosapi_msgs:/home/hunajpu/dev_tt_ws/install/panda_ros2_moveit2:/home/hunajpu/dev_tt_ws/install/irb6640_ros2_moveit2:/home/hunajpu/dev_tt_ws/install/irb120egp64_ros2_moveit2:/home/hunajpu/dev_tt_ws/install/irb120_ros2_moveit2:/home/hunajpu/dev_tt_ws/install/ros2_data:/home/hunajpu/dev_tt_ws/install/panda_ros2_gazebo:/home/hunajpu/dev_tt_ws/install/irb6640_ros2_gazebo:/home/hunajpu/dev_tt_ws/install/irb120egp64_ros2_gazebo:/home/hunajpu/dev_tt_ws/install/irb120_ros2_gazebo:/home/hunajpu/dev_tt_ws/install/gazebo_ros2_control_demos:/home/hunajpu/dev_tt_ws/install/gazebo_ros2_control:/opt/ros/foxy /usr/bin/cmake --install /home/hunajpu/dev_tt_ws/build/rosbridge_library
[2.045s] -- Install configuration: ""
[2.045s] -- Execute custom install script
[2.045s] -- Up-to-date symlink: /home/hunajpu/dev_tt_ws/install/rosbridge_library/share/rosbridge_library/environment/pythonpath.sh
[2.047s] -- Up-to-date symlink: /home/hunajpu/dev_tt_ws/install/rosbridge_library/share/rosbridge_library/environment/pythonpath.dsv
[2.049s] -- Up-to-date symlink: /home/hunajpu/dev_tt_ws/install/rosbridge_library/lib/python3.8/site-packages/rosbridge_library/__init__.py
[2.049s] -- Up-to-date symlink: /home/hunajpu/dev_tt_ws/install/rosbridge_library/lib/python3.8/site-packages/rosbridge_library/capabilities/__init__.py
[2.050s] -- Up-to-date symlink: /home/hunajpu/dev_tt_ws/install/rosbridge_library/lib/python3.8/site-packages/rosbridge_library/capabilities/advertise.py
[2.050s] -- Up-to-date symlink: /home/hunajpu/dev_tt_ws/install/rosbridge_library/lib/python3.8/site-packages/rosbridge_library/capabilities/advertise_service.py
[2.050s] -- Up-to-date symlink: /home/hunajpu/dev_tt_ws/install/rosbridge_library/lib/python3.8/site-packages/rosbridge_library/capabilities/call_service.py
[2.050s] -- Up-to-date symlink: /home/hunajpu/dev_tt_ws/install/rosbridge_library/lib/python3.8/site-packages/rosbridge_library/capabilities/defragmentation.py
[2.051s] -- Up-to-date symlink: /home/hunajpu/dev_tt_ws/install/rosbridge_library/lib/python3.8/site-packages/rosbridge_library/capabilities/fragmentation.py
[2.051s] -- Up-to-date symlink: /home/hunajpu/dev_tt_ws/install/rosbridge_library/lib/python3.8/site-packages/rosbridge_library/capabilities/publish.py
[2.051s] -- Up-to-date symlink: /home/hunajpu/dev_tt_ws/install/rosbridge_library/lib/python3.8/site-packages/rosbridge_library/capabilities/service_response.py
[2.051s] -- Up-to-date symlink: /home/hunajpu/dev_tt_ws/install/rosbridge_library/lib/python3.8/site-packages/rosbridge_library/capabilities/subscribe.py
[2.052s] -- Up-to-date symlink: /home/hunajpu/dev_tt_ws/install/rosbridge_library/lib/python3.8/site-packages/rosbridge_library/capabilities/unadvertise_service.py
[2.052s] -- Up-to-date symlink: /home/hunajpu/dev_tt_ws/install/rosbridge_library/lib/python3.8/site-packages/rosbridge_library/capability.py
[2.052s] -- Up-to-date symlink: /home/hunajpu/dev_tt_ws/install/rosbridge_library/lib/python3.8/site-packages/rosbridge_library/internal/__init__.py
[2.052s] -- Up-to-date symlink: /home/hunajpu/dev_tt_ws/install/rosbridge_library/lib/python3.8/site-packages/rosbridge_library/internal/cbor_conversion.py
[2.052s] -- Up-to-date symlink: /home/hunajpu/dev_tt_ws/install/rosbridge_library/lib/python3.8/site-packages/rosbridge_library/internal/exceptions.py
[2.052s] -- Up-to-date symlink: /home/hunajpu/dev_tt_ws/install/rosbridge_library/lib/python3.8/site-packages/rosbridge_library/internal/message_conversion.py
[2.053s] -- Up-to-date symlink: /home/hunajpu/dev_tt_ws/install/rosbridge_library/lib/python3.8/site-packages/rosbridge_library/internal/outgoing_message.py
[2.053s] -- Up-to-date symlink: /home/hunajpu/dev_tt_ws/install/rosbridge_library/lib/python3.8/site-packages/rosbridge_library/internal/pngcompression.py
[2.053s] -- Up-to-date symlink: /home/hunajpu/dev_tt_ws/install/rosbridge_library/lib/python3.8/site-packages/rosbridge_library/internal/publishers.py
[2.053s] -- Up-to-date symlink: /home/hunajpu/dev_tt_ws/install/rosbridge_library/lib/python3.8/site-packages/rosbridge_library/internal/ros_loader.py
[2.053s] -- Up-to-date symlink: /home/hunajpu/dev_tt_ws/install/rosbridge_library/lib/python3.8/site-packages/rosbridge_library/internal/services.py
[2.053s] -- Up-to-date symlink: /home/hunajpu/dev_tt_ws/install/rosbridge_library/lib/python3.8/site-packages/rosbridge_library/internal/subscribers.py
[2.054s] -- Up-to-date symlink: /home/hunajpu/dev_tt_ws/install/rosbridge_library/lib/python3.8/site-packages/rosbridge_library/internal/subscription_modifiers.py
[2.054s] -- Up-to-date symlink: /home/hunajpu/dev_tt_ws/install/rosbridge_library/lib/python3.8/site-packages/rosbridge_library/internal/topics.py
[2.054s] -- Up-to-date symlink: /home/hunajpu/dev_tt_ws/install/rosbridge_library/lib/python3.8/site-packages/rosbridge_library/protocol.py
[2.054s] -- Up-to-date symlink: /home/hunajpu/dev_tt_ws/install/rosbridge_library/lib/python3.8/site-packages/rosbridge_library/rosbridge_protocol.py
[2.054s] -- Up-to-date symlink: /home/hunajpu/dev_tt_ws/install/rosbridge_library/lib/python3.8/site-packages/rosbridge_library/util/__init__.py
[2.054s] -- Up-to-date symlink: /home/hunajpu/dev_tt_ws/install/rosbridge_library/lib/python3.8/site-packages/rosbridge_library/util/cbor.py
[2.055s] -- Up-to-date symlink: /home/hunajpu/dev_tt_ws/install/rosbridge_library/share/ament_index/resource_index/package_run_dependencies/rosbridge_library
[2.055s] -- Up-to-date symlink: /home/hunajpu/dev_tt_ws/install/rosbridge_library/share/ament_index/resource_index/parent_prefix_path/rosbridge_library
[2.055s] -- Up-to-date symlink: /home/hunajpu/dev_tt_ws/install/rosbridge_library/share/rosbridge_library/environment/ament_prefix_path.sh
[2.056s] -- Up-to-date symlink: /home/hunajpu/dev_tt_ws/install/rosbridge_library/share/rosbridge_library/environment/ament_prefix_path.dsv
[2.056s] -- Up-to-date symlink: /home/hunajpu/dev_tt_ws/install/rosbridge_library/share/rosbridge_library/environment/path.sh
[2.056s] -- Up-to-date symlink: /home/hunajpu/dev_tt_ws/install/rosbridge_library/share/rosbridge_library/environment/path.dsv
[2.057s] -- Up-to-date symlink: /home/hunajpu/dev_tt_ws/install/rosbridge_library/share/rosbridge_library/local_setup.bash
[2.057s] -- Up-to-date symlink: /home/hunajpu/dev_tt_ws/install/rosbridge_library/share/rosbridge_library/local_setup.sh
[2.057s] -- Up-to-date symlink: /home/hunajpu/dev_tt_ws/install/rosbridge_library/share/rosbridge_library/local_setup.zsh
[2.058s] -- Up-to-date symlink: /home/hunajpu/dev_tt_ws/install/rosbridge_library/share/rosbridge_library/local_setup.dsv
[2.058s] -- Symlinking: /home/hunajpu/dev_tt_ws/install/rosbridge_library/share/rosbridge_library/package.dsv
[2.072s] -- Up-to-date symlink: /home/hunajpu/dev_tt_ws/install/rosbridge_library/share/ament_index/resource_index/packages/rosbridge_library
[2.072s] -- Up-to-date symlink: /home/hunajpu/dev_tt_ws/install/rosbridge_library/share/rosbridge_library/cmake/rosbridge_libraryConfig.cmake
[2.073s] -- Up-to-date symlink: /home/hunajpu/dev_tt_ws/install/rosbridge_library/share/rosbridge_library/cmake/rosbridge_libraryConfig-version.cmake
[2.073s] -- Up-to-date symlink: /home/hunajpu/dev_tt_ws/install/rosbridge_library/share/rosbridge_library/package.xml
[2.130s] Listing '/home/hunajpu/dev_tt_ws/install/rosbridge_library/lib/python3.8/site-packages/rosbridge_library'...
[2.130s] Listing '/home/hunajpu/dev_tt_ws/install/rosbridge_library/lib/python3.8/site-packages/rosbridge_library/capabilities'...
[2.131s] Listing '/home/hunajpu/dev_tt_ws/install/rosbridge_library/lib/python3.8/site-packages/rosbridge_library/internal'...
[2.131s] Listing '/home/hunajpu/dev_tt_ws/install/rosbridge_library/lib/python3.8/site-packages/rosbridge_library/util'...
[2.144s] Invoked command in '/home/hunajpu/dev_tt_ws/build/rosbridge_library' returned '0': CMAKE_PREFIX_PATH=/home/hunajpu/dev_tt_ws/install/rosbridge_test_msgs:/home/hunajpu/dev_tt_ws/install/ur5_ros2_moveit2:/home/hunajpu/dev_tt_ws/install/ur5_ros2_gazebo:/home/hunajpu/dev_tt_ws/install/ur3_ros2_moveit2:/home/hunajpu/dev_tt_ws/install/ur3_ros2_gazebo:/home/hunajpu/dev_tt_ws/install/ur10_ros2_moveit2:/home/hunajpu/dev_tt_ws/install/ur10_ros2_gazebo:/home/hunajpu/dev_tt_ws/install/rrbot_moveit_demo_nodes:/home/hunajpu/dev_tt_ws/install/rrbot_moveit_config:/home/hunajpu/dev_tt_ws/install/rrbot_gazebo:/home/hunajpu/dev_tt_ws/install/rrbot_description:/home/hunajpu/dev_tt_ws/install/rosbridge_suite:/home/hunajpu/dev_tt_ws/install/rosbridge_server:/home/hunajpu/dev_tt_ws/install/rosbridge_msgs:/home/hunajpu/dev_tt_ws/install/rosapi:/home/hunajpu/dev_tt_ws/install/rosbridge_library:/home/hunajpu/dev_tt_ws/install/rosapi_msgs:/home/hunajpu/dev_tt_ws/install/panda_ros2_moveit2:/home/hunajpu/dev_tt_ws/install/irb6640_ros2_moveit2:/home/hunajpu/dev_tt_ws/install/irb120egp64_ros2_moveit2:/home/hunajpu/dev_tt_ws/install/irb120_ros2_moveit2:/home/hunajpu/dev_tt_ws/install/ros2_data:/home/hunajpu/dev_tt_ws/install/panda_ros2_gazebo:/home/hunajpu/dev_tt_ws/install/irb6640_ros2_gazebo:/home/hunajpu/dev_tt_ws/install/irb120egp64_ros2_gazebo:/home/hunajpu/dev_tt_ws/install/irb120_ros2_gazebo:/home/hunajpu/dev_tt_ws/install/gazebo_ros2_control_demos:/home/hunajpu/dev_tt_ws/install/gazebo_ros2_control:/opt/ros/foxy /usr/bin/cmake --install /home/hunajpu/dev_tt_ws/build/rosbridge_library
