[0.175s] Invoking command in '/home/hunajpu/dev_tt_ws/build/cobots_axis_gui': CMAKE_PREFIX_PATH=${CMAKE_PREFIX_PATH}:/opt/ros/foxy /usr/bin/cmake --build /home/hunajpu/dev_tt_ws/build/cobots_axis_gui -- -j8 -l8
[0.311s] [35m[1mScanning dependencies of target cobot_7thaxis[0m
[0.415s] [  9%] [32mBuilding CXX object CMakeFiles/cobot_7thaxis.dir/src/cobot_7thaxis.cpp.o[0m
[4.325s] [01m[K/home/hunajpu/dev_tt_ws/src/cobots_7thaxis/cobots_axis_gui/src/cobot_7thaxis.cpp:[m[K In member function ‘[01m[Kvoid rqt_plugin::Cobot7thAxis::clickRunButton()[m[K’:
[4.325s] [01m[K/home/hunajpu/dev_tt_ws/src/cobots_7thaxis/cobots_axis_gui/src/cobot_7thaxis.cpp:63:30:[m[K [01;35m[Kwarning: [m[KISO C++ forbids converting a string constant to ‘[01m[Kchar*[m[K’ [[01;35m[K-Wwrite-strings[m[K]
[4.326s]    63 |     char *argument_list[] = {[01;35m[K"ros2"[m[K, "launch", "ur3_ros2_moveit2", "ur3.launch.py", NULL};
[4.326s]       |                              [01;35m[K^~~~~~[m[K
[4.326s] [01m[K/home/hunajpu/dev_tt_ws/src/cobots_7thaxis/cobots_axis_gui/src/cobot_7thaxis.cpp:63:38:[m[K [01;35m[Kwarning: [m[KISO C++ forbids converting a string constant to ‘[01m[Kchar*[m[K’ [[01;35m[K-Wwrite-strings[m[K]
[4.326s]    63 |     char *argument_list[] = {"ros2", [01;35m[K"launch"[m[K, "ur3_ros2_moveit2", "ur3.launch.py", NULL};
[4.326s]       |                                      [01;35m[K^~~~~~~~[m[K
[4.326s] [01m[K/home/hunajpu/dev_tt_ws/src/cobots_7thaxis/cobots_axis_gui/src/cobot_7thaxis.cpp:63:48:[m[K [01;35m[Kwarning: [m[KISO C++ forbids converting a string constant to ‘[01m[Kchar*[m[K’ [[01;35m[K-Wwrite-strings[m[K]
[4.326s]    63 |     char *argument_list[] = {"ros2", "launch", [01;35m[K"ur3_ros2_moveit2"[m[K, "ur3.launch.py", NULL};
[4.326s]       |                                                [01;35m[K^~~~~~~~~~~~~~~~~~[m[K
[4.326s] [01m[K/home/hunajpu/dev_tt_ws/src/cobots_7thaxis/cobots_axis_gui/src/cobot_7thaxis.cpp:63:68:[m[K [01;35m[Kwarning: [m[KISO C++ forbids converting a string constant to ‘[01m[Kchar*[m[K’ [[01;35m[K-Wwrite-strings[m[K]
[4.326s]    63 |     char *argument_list[] = {"ros2", "launch", "ur3_ros2_moveit2", [01;35m[K"ur3.launch.py"[m[K, NULL};
[4.326s]       |                                                                    [01;35m[K^~~~~~~~~~~~~~~[m[K
[4.326s] [01m[K/home/hunajpu/dev_tt_ws/src/cobots_7thaxis/cobots_axis_gui/src/cobot_7thaxis.cpp:70:26:[m[K [01;35m[Kwarning: [m[KISO C++ forbids converting a string constant to ‘[01m[Kchar*[m[K’ [[01;35m[K-Wwrite-strings[m[K]
[4.327s]    70 |       argument_list[2] = [01;35m[K"ur3_ros2_moveit2"[m[K;
[4.327s]       |                          [01;35m[K^~~~~~~~~~~~~~~~~~[m[K
[4.327s] [01m[K/home/hunajpu/dev_tt_ws/src/cobots_7thaxis/cobots_axis_gui/src/cobot_7thaxis.cpp:73:26:[m[K [01;35m[Kwarning: [m[KISO C++ forbids converting a string constant to ‘[01m[Kchar*[m[K’ [[01;35m[K-Wwrite-strings[m[K]
[4.327s]    73 |       argument_list[2] = [01;35m[K"panda_ros2_moveit2"[m[K;
[4.327s]       |                          [01;35m[K^~~~~~~~~~~~~~~~~~~~[m[K
[4.327s] [01m[K/home/hunajpu/dev_tt_ws/src/cobots_7thaxis/cobots_axis_gui/src/cobot_7thaxis.cpp:84:26:[m[K [01;35m[Kwarning: [m[KISO C++ forbids converting a string constant to ‘[01m[Kchar*[m[K’ [[01;35m[K-Wwrite-strings[m[K]
[4.327s]    84 |       argument_list[3] = [01;35m[K"sim.launch.py"[m[K;
[4.327s]       |                          [01;35m[K^~~~~~~~~~~~~~~[m[K
[4.328s] [01m[K/home/hunajpu/dev_tt_ws/src/cobots_7thaxis/cobots_axis_gui/src/cobot_7thaxis.cpp:[m[K In member function ‘[01m[Kvirtual void rqt_plugin::Cobot7thAxis::saveSettings(qt_gui_cpp::Settings&, qt_gui_cpp::Settings&) const[m[K’:
[4.328s] [01m[K/home/hunajpu/dev_tt_ws/src/cobots_7thaxis/cobots_axis_gui/src/cobot_7thaxis.cpp:130:57:[m[K [01;35m[Kwarning: [m[Kunused parameter ‘[01m[Kplugin_settings[m[K’ [[01;35m[K-Wunused-parameter[m[K]
[4.328s]   130 |   void Cobot7thAxis::saveSettings([01;35m[Kqt_gui_cpp::Settings& plugin_settings[m[K, qt_gui_cpp::Settings& instance_settings) const
[4.328s]       |                                   [01;35m[K~~~~~~~~~~~~~~~~~~~~~~^~~~~~~~~~~~~~~[m[K
[4.328s] [01m[K/home/hunajpu/dev_tt_ws/src/cobots_7thaxis/cobots_axis_gui/src/cobot_7thaxis.cpp:130:96:[m[K [01;35m[Kwarning: [m[Kunused parameter ‘[01m[Kinstance_settings[m[K’ [[01;35m[K-Wunused-parameter[m[K]
[4.328s]   130 |   void Cobot7thAxis::saveSettings(qt_gui_cpp::Settings& plugin_settings, [01;35m[Kqt_gui_cpp::Settings& instance_settings[m[K) const
[4.329s]       |                                                                          [01;35m[K~~~~~~~~~~~~~~~~~~~~~~^~~~~~~~~~~~~~~~~[m[K
[4.329s] [01m[K/home/hunajpu/dev_tt_ws/src/cobots_7thaxis/cobots_axis_gui/src/cobot_7thaxis.cpp:[m[K In member function ‘[01m[Kvirtual void rqt_plugin::Cobot7thAxis::restoreSettings(const qt_gui_cpp::Settings&, const qt_gui_cpp::Settings&)[m[K’:
[4.329s] [01m[K/home/hunajpu/dev_tt_ws/src/cobots_7thaxis/cobots_axis_gui/src/cobot_7thaxis.cpp:135:66:[m[K [01;35m[Kwarning: [m[Kunused parameter ‘[01m[Kplugin_settings[m[K’ [[01;35m[K-Wunused-parameter[m[K]
[4.329s]   135 |   void Cobot7thAxis::restoreSettings([01;35m[Kconst qt_gui_cpp::Settings& plugin_settings[m[K, const qt_gui_cpp::Settings& instance_settings)
[4.329s]       |                                      [01;35m[K~~~~~~~~~~~~~~~~~~~~~~~~~~~~^~~~~~~~~~~~~~~[m[K
[4.329s] [01m[K/home/hunajpu/dev_tt_ws/src/cobots_7thaxis/cobots_axis_gui/src/cobot_7thaxis.cpp:135:111:[m[K [01;35m[Kwarning: [m[Kunused parameter ‘[01m[Kinstance_settings[m[K’ [[01;35m[K-Wunused-parameter[m[K]
[4.329s]   135 |   void Cobot7thAxis::restoreSettings(const qt_gui_cpp::Settings& plugin_settings, [01;35m[Kconst qt_gui_cpp::Settings& instance_settings[m[K)
[4.329s]       |                                                                                   [01;35m[K~~~~~~~~~~~~~~~~~~~~~~~~~~~~^~~~~~~~~~~~~~~~~[m[K
[9.181s] [ 18%] [32m[1mLinking CXX shared library libcobot_7thaxis.so[0m
[9.998s] [100%] Built target cobot_7thaxis
[10.009s] Invoked command in '/home/hunajpu/dev_tt_ws/build/cobots_axis_gui' returned '0': CMAKE_PREFIX_PATH=${CMAKE_PREFIX_PATH}:/opt/ros/foxy /usr/bin/cmake --build /home/hunajpu/dev_tt_ws/build/cobots_axis_gui -- -j8 -l8
[10.041s] Invoking command in '/home/hunajpu/dev_tt_ws/build/cobots_axis_gui': CMAKE_PREFIX_PATH=${CMAKE_PREFIX_PATH}:/opt/ros/foxy /usr/bin/cmake --install /home/hunajpu/dev_tt_ws/build/cobots_axis_gui
[10.049s] -- Install configuration: "Debug"
[10.049s] -- Installing: /home/hunajpu/dev_tt_ws/install/cobots_axis_gui/lib/cobots_axis_gui/libcobot_7thaxis.so
[10.058s] -- Set runtime path of "/home/hunajpu/dev_tt_ws/install/cobots_axis_gui/lib/cobots_axis_gui/libcobot_7thaxis.so" to ""
[10.058s] -- Up-to-date: /home/hunajpu/dev_tt_ws/install/cobots_axis_gui/lib/cobots_axis_gui/cobot_7thaxis
[10.058s] -- Up-to-date: /home/hunajpu/dev_tt_ws/install/cobots_axis_gui/include
[10.059s] -- Up-to-date: /home/hunajpu/dev_tt_ws/install/cobots_axis_gui/include/cobots_axis_gui
[10.059s] -- Up-to-date: /home/hunajpu/dev_tt_ws/install/cobots_axis_gui/include/cobots_axis_gui/mytoolbutton.h
[10.059s] -- Up-to-date: /home/hunajpu/dev_tt_ws/install/cobots_axis_gui/include/cobots_axis_gui/ros_launch_manager.hpp
[10.059s] -- Up-to-date: /home/hunajpu/dev_tt_ws/install/cobots_axis_gui/include/cobots_axis_gui/.git
[10.060s] -- Up-to-date: /home/hunajpu/dev_tt_ws/install/cobots_axis_gui/include/cobots_axis_gui/.git/refs
[10.060s] -- Up-to-date: /home/hunajpu/dev_tt_ws/install/cobots_axis_gui/include/cobots_axis_gui/.git/refs/tags
[10.060s] -- Up-to-date: /home/hunajpu/dev_tt_ws/install/cobots_axis_gui/include/cobots_axis_gui/.git/refs/heads
[10.060s] -- Up-to-date: /home/hunajpu/dev_tt_ws/install/cobots_axis_gui/include/cobots_axis_gui/.git/info
[10.061s] -- Up-to-date: /home/hunajpu/dev_tt_ws/install/cobots_axis_gui/include/cobots_axis_gui/.git/info/exclude
[10.061s] -- Up-to-date: /home/hunajpu/dev_tt_ws/install/cobots_axis_gui/include/cobots_axis_gui/.git/HEAD
[10.061s] -- Up-to-date: /home/hunajpu/dev_tt_ws/install/cobots_axis_gui/include/cobots_axis_gui/.git/description
[10.061s] -- Up-to-date: /home/hunajpu/dev_tt_ws/install/cobots_axis_gui/include/cobots_axis_gui/.git/objects
[10.061s] -- Up-to-date: /home/hunajpu/dev_tt_ws/install/cobots_axis_gui/include/cobots_axis_gui/.git/objects/info
[10.061s] -- Up-to-date: /home/hunajpu/dev_tt_ws/install/cobots_axis_gui/include/cobots_axis_gui/.git/objects/32
[10.062s] -- Up-to-date: /home/hunajpu/dev_tt_ws/install/cobots_axis_gui/include/cobots_axis_gui/.git/objects/32/5b31b591e3b438cbfdc92726aaae05353d0342
[10.062s] -- Up-to-date: /home/hunajpu/dev_tt_ws/install/cobots_axis_gui/include/cobots_axis_gui/.git/objects/pack
[10.062s] -- Up-to-date: /home/hunajpu/dev_tt_ws/install/cobots_axis_gui/include/cobots_axis_gui/.git/objects/06
[10.062s] -- Up-to-date: /home/hunajpu/dev_tt_ws/install/cobots_axis_gui/include/cobots_axis_gui/.git/objects/06/4abb06ea0e84d51ecbbd3bb9595c729300c13b
[10.062s] -- Up-to-date: /home/hunajpu/dev_tt_ws/install/cobots_axis_gui/include/cobots_axis_gui/.git/objects/1c
[10.062s] -- Up-to-date: /home/hunajpu/dev_tt_ws/install/cobots_axis_gui/include/cobots_axis_gui/.git/objects/1c/54dc6324c8e1c7e302b32ce67fcbec485f0a83
[10.062s] -- Up-to-date: /home/hunajpu/dev_tt_ws/install/cobots_axis_gui/include/cobots_axis_gui/.git/objects/be
[10.062s] -- Up-to-date: /home/hunajpu/dev_tt_ws/install/cobots_axis_gui/include/cobots_axis_gui/.git/objects/be/5d563b20cb66ad39c95a2d62cbf294a8aaccd7
[10.062s] -- Up-to-date: /home/hunajpu/dev_tt_ws/install/cobots_axis_gui/include/cobots_axis_gui/.git/objects/86
[10.062s] -- Up-to-date: /home/hunajpu/dev_tt_ws/install/cobots_axis_gui/include/cobots_axis_gui/.git/objects/86/e5761b4716c26905eb3cb6d747f70f7c78f89b
[10.063s] -- Up-to-date: /home/hunajpu/dev_tt_ws/install/cobots_axis_gui/include/cobots_axis_gui/.git/objects/14
[10.063s] -- Up-to-date: /home/hunajpu/dev_tt_ws/install/cobots_axis_gui/include/cobots_axis_gui/.git/objects/14/6d235a8472c7c09c8908a0da4353cef453ad19
[10.063s] -- Up-to-date: /home/hunajpu/dev_tt_ws/install/cobots_axis_gui/include/cobots_axis_gui/.git/objects/6b
[10.063s] -- Up-to-date: /home/hunajpu/dev_tt_ws/install/cobots_axis_gui/include/cobots_axis_gui/.git/objects/6b/7575fc8f3f86136b8ef409181d7cce60f63de6
[10.066s] -- Up-to-date: /home/hunajpu/dev_tt_ws/install/cobots_axis_gui/include/cobots_axis_gui/.git/config
[10.067s] -- Up-to-date: /home/hunajpu/dev_tt_ws/install/cobots_axis_gui/include/cobots_axis_gui/.git/hooks
[10.067s] -- Up-to-date: /home/hunajpu/dev_tt_ws/install/cobots_axis_gui/include/cobots_axis_gui/.git/hooks/pre-applypatch.sample
[10.067s] -- Up-to-date: /home/hunajpu/dev_tt_ws/install/cobots_axis_gui/include/cobots_axis_gui/.git/hooks/pre-merge-commit.sample
[10.067s] -- Up-to-date: /home/hunajpu/dev_tt_ws/install/cobots_axis_gui/include/cobots_axis_gui/.git/hooks/applypatch-msg.sample
[10.067s] -- Up-to-date: /home/hunajpu/dev_tt_ws/install/cobots_axis_gui/include/cobots_axis_gui/.git/hooks/pre-commit.sample
[10.067s] -- Up-to-date: /home/hunajpu/dev_tt_ws/install/cobots_axis_gui/include/cobots_axis_gui/.git/hooks/pre-push.sample
[10.067s] -- Up-to-date: /home/hunajpu/dev_tt_ws/install/cobots_axis_gui/include/cobots_axis_gui/.git/hooks/post-update.sample
[10.068s] -- Up-to-date: /home/hunajpu/dev_tt_ws/install/cobots_axis_gui/include/cobots_axis_gui/.git/hooks/pre-rebase.sample
[10.068s] -- Up-to-date: /home/hunajpu/dev_tt_ws/install/cobots_axis_gui/include/cobots_axis_gui/.git/hooks/commit-msg.sample
[10.068s] -- Up-to-date: /home/hunajpu/dev_tt_ws/install/cobots_axis_gui/include/cobots_axis_gui/.git/hooks/pre-receive.sample
[10.069s] -- Up-to-date: /home/hunajpu/dev_tt_ws/install/cobots_axis_gui/include/cobots_axis_gui/.git/hooks/fsmonitor-watchman.sample
[10.070s] -- Up-to-date: /home/hunajpu/dev_tt_ws/install/cobots_axis_gui/include/cobots_axis_gui/.git/hooks/update.sample
[10.070s] -- Up-to-date: /home/hunajpu/dev_tt_ws/install/cobots_axis_gui/include/cobots_axis_gui/.git/hooks/prepare-commit-msg.sample
[10.070s] -- Up-to-date: /home/hunajpu/dev_tt_ws/install/cobots_axis_gui/include/cobots_axis_gui/.git/branches
[10.070s] -- Up-to-date: /home/hunajpu/dev_tt_ws/install/cobots_axis_gui/include/cobots_axis_gui/.git/index
[10.070s] -- Up-to-date: /home/hunajpu/dev_tt_ws/install/cobots_axis_gui/include/cobots_axis_gui/cobot_7thaxis.h
[10.070s] -- Up-to-date: /home/hunajpu/dev_tt_ws/install/cobots_axis_gui/share/cobots_axis_gui/plugin.xml
[10.071s] -- Up-to-date: /home/hunajpu/dev_tt_ws/install/cobots_axis_gui/share/cobots_axis_gui/resource
[10.071s] -- Up-to-date: /home/hunajpu/dev_tt_ws/install/cobots_axis_gui/share/cobots_axis_gui/resource/home.jpeg
[10.071s] -- Up-to-date: /home/hunajpu/dev_tt_ws/install/cobots_axis_gui/share/cobots_axis_gui/resource/reload.png
[10.071s] -- Up-to-date: /home/hunajpu/dev_tt_ws/install/cobots_axis_gui/share/cobots_axis_gui/resource/cobot_7thaxis.ui
[10.071s] -- Up-to-date: /home/hunajpu/dev_tt_ws/install/cobots_axis_gui/share/cobots_axis_gui/resource/cobot_7thaxis.ui.autosave
[10.071s] -- Up-to-date: /home/hunajpu/dev_tt_ws/install/cobots_axis_gui/share/cobots_axis_gui/resource/stop.png
[10.072s] -- Up-to-date: /home/hunajpu/dev_tt_ws/install/cobots_axis_gui/share/cobots_axis_gui/launch
[10.074s] -- Up-to-date: /home/hunajpu/dev_tt_ws/install/cobots_axis_gui/share/cobots_axis_gui/launch/start.py
[10.074s] -- Up-to-date: /home/hunajpu/dev_tt_ws/install/cobots_axis_gui/share/cobots_axis_gui/plugin.xml
[10.074s] -- Up-to-date: /home/hunajpu/dev_tt_ws/install/cobots_axis_gui/share/cobots_axis_gui/environment/library_path.sh
[10.074s] -- Up-to-date: /home/hunajpu/dev_tt_ws/install/cobots_axis_gui/share/cobots_axis_gui/environment/library_path.dsv
[10.074s] -- Up-to-date: /home/hunajpu/dev_tt_ws/install/cobots_axis_gui/share/ament_index/resource_index/package_run_dependencies/cobots_axis_gui
[10.075s] -- Up-to-date: /home/hunajpu/dev_tt_ws/install/cobots_axis_gui/share/ament_index/resource_index/parent_prefix_path/cobots_axis_gui
[10.075s] -- Up-to-date: /home/hunajpu/dev_tt_ws/install/cobots_axis_gui/share/cobots_axis_gui/environment/ament_prefix_path.sh
[10.075s] -- Up-to-date: /home/hunajpu/dev_tt_ws/install/cobots_axis_gui/share/cobots_axis_gui/environment/ament_prefix_path.dsv
[10.075s] -- Up-to-date: /home/hunajpu/dev_tt_ws/install/cobots_axis_gui/share/cobots_axis_gui/environment/path.sh
[10.076s] -- Up-to-date: /home/hunajpu/dev_tt_ws/install/cobots_axis_gui/share/cobots_axis_gui/environment/path.dsv
[10.076s] -- Up-to-date: /home/hunajpu/dev_tt_ws/install/cobots_axis_gui/share/cobots_axis_gui/local_setup.bash
[10.076s] -- Up-to-date: /home/hunajpu/dev_tt_ws/install/cobots_axis_gui/share/cobots_axis_gui/local_setup.sh
[10.077s] -- Up-to-date: /home/hunajpu/dev_tt_ws/install/cobots_axis_gui/share/cobots_axis_gui/local_setup.zsh
[10.077s] -- Up-to-date: /home/hunajpu/dev_tt_ws/install/cobots_axis_gui/share/cobots_axis_gui/local_setup.dsv
[10.077s] -- Installing: /home/hunajpu/dev_tt_ws/install/cobots_axis_gui/share/cobots_axis_gui/package.dsv
[10.077s] -- Up-to-date: /home/hunajpu/dev_tt_ws/install/cobots_axis_gui/share/ament_index/resource_index/packages/cobots_axis_gui
[10.077s] -- Up-to-date: /home/hunajpu/dev_tt_ws/install/cobots_axis_gui/share/ament_index/resource_index/rqt_gui__pluginlib__plugin/cobots_axis_gui
[10.078s] -- Up-to-date: /home/hunajpu/dev_tt_ws/install/cobots_axis_gui/share/cobots_axis_gui/cmake/ament_cmake_export_include_directories-extras.cmake
[10.079s] -- Up-to-date: /home/hunajpu/dev_tt_ws/install/cobots_axis_gui/share/cobots_axis_gui/cmake/ament_cmake_export_libraries-extras.cmake
[10.079s] -- Up-to-date: /home/hunajpu/dev_tt_ws/install/cobots_axis_gui/share/cobots_axis_gui/cmake/cobots_axis_guiConfig.cmake
[10.079s] -- Up-to-date: /home/hunajpu/dev_tt_ws/install/cobots_axis_gui/share/cobots_axis_gui/cmake/cobots_axis_guiConfig-version.cmake
[10.080s] -- Up-to-date: /home/hunajpu/dev_tt_ws/install/cobots_axis_gui/share/cobots_axis_gui/package.xml
[10.080s] Invoked command in '/home/hunajpu/dev_tt_ws/build/cobots_axis_gui' returned '0': CMAKE_PREFIX_PATH=${CMAKE_PREFIX_PATH}:/opt/ros/foxy /usr/bin/cmake --install /home/hunajpu/dev_tt_ws/build/cobots_axis_gui
