[0.052s] Invoking command in '/home/hunajpu/dev_tt_ws/build/ur3_ros2_gazebo': CMAKE_PREFIX_PATH=${CMAKE_PREFIX_PATH}:/opt/ros/foxy /usr/bin/cmake --build /home/hunajpu/dev_tt_ws/build/ur3_ros2_gazebo -- -j8 -l8
[0.328s] Invoked command in '/home/hunajpu/dev_tt_ws/build/ur3_ros2_gazebo' returned '0': CMAKE_PREFIX_PATH=${CMAKE_PREFIX_PATH}:/opt/ros/foxy /usr/bin/cmake --build /home/hunajpu/dev_tt_ws/build/ur3_ros2_gazebo -- -j8 -l8
[0.469s] Invoking command in '/home/hunajpu/dev_tt_ws/build/ur3_ros2_gazebo': CMAKE_PREFIX_PATH=${CMAKE_PREFIX_PATH}:/opt/ros/foxy /usr/bin/cmake --install /home/hunajpu/dev_tt_ws/build/ur3_ros2_gazebo
[0.495s] -- Install configuration: ""
[0.521s] -- Execute custom install script
[0.526s] -- Up-to-date symlink: /home/hunajpu/dev_tt_ws/install/ur3_ros2_gazebo/share/ur3_ros2_gazebo/config/default_kinematics.yaml
[0.526s] -- Up-to-date symlink: /home/hunajpu/dev_tt_ws/install/ur3_ros2_gazebo/share/ur3_ros2_gazebo/config/initial_positions.yaml
[0.526s] -- Up-to-date symlink: /home/hunajpu/dev_tt_ws/install/ur3_ros2_gazebo/share/ur3_ros2_gazebo/config/joint_limits.yaml
[0.526s] -- Up-to-date symlink: /home/hunajpu/dev_tt_ws/install/ur3_ros2_gazebo/share/ur3_ros2_gazebo/config/physical_parameters.yaml
[0.526s] -- Up-to-date symlink: /home/hunajpu/dev_tt_ws/install/ur3_ros2_gazebo/share/ur3_ros2_gazebo/config/ur3_controller.yaml
[0.528s] -- Up-to-date symlink: /home/hunajpu/dev_tt_ws/install/ur3_ros2_gazebo/share/ur3_ros2_gazebo/config/visual_parameters.yaml
[0.529s] -- Up-to-date symlink: /home/hunajpu/dev_tt_ws/install/ur3_ros2_gazebo/share/ur3_ros2_gazebo/launch/ur3_simulation.launch.py
[0.536s] -- Up-to-date symlink: /home/hunajpu/dev_tt_ws/install/ur3_ros2_gazebo/share/ur3_ros2_gazebo/urdf/ur3.urdf.xacro
[0.537s] -- Up-to-date symlink: /home/hunajpu/dev_tt_ws/install/ur3_ros2_gazebo/share/ur3_ros2_gazebo/urdf/ur3_common.xacro
[0.537s] -- Up-to-date symlink: /home/hunajpu/dev_tt_ws/install/ur3_ros2_gazebo/share/ur3_ros2_gazebo/urdf/ur3_gazebo.xacro
[0.537s] -- Up-to-date symlink: /home/hunajpu/dev_tt_ws/install/ur3_ros2_gazebo/share/ur3_ros2_gazebo/urdf/ur3_macro.urdf.xacro
[0.538s] -- Up-to-date symlink: /home/hunajpu/dev_tt_ws/install/ur3_ros2_gazebo/share/ur3_ros2_gazebo/urdf/ur3_transmission.xacro
[0.538s] -- Up-to-date symlink: /home/hunajpu/dev_tt_ws/install/ur3_ros2_gazebo/share/ur3_ros2_gazebo/worlds/ur3.world
[0.538s] -- Up-to-date symlink: /home/hunajpu/dev_tt_ws/install/ur3_ros2_gazebo/share/ur3_ros2_gazebo/meshes/collision/base.stl
[0.538s] -- Up-to-date symlink: /home/hunajpu/dev_tt_ws/install/ur3_ros2_gazebo/share/ur3_ros2_gazebo/meshes/collision/forearm.stl
[0.538s] -- Up-to-date symlink: /home/hunajpu/dev_tt_ws/install/ur3_ros2_gazebo/share/ur3_ros2_gazebo/meshes/collision/shoulder.stl
[0.538s] -- Up-to-date symlink: /home/hunajpu/dev_tt_ws/install/ur3_ros2_gazebo/share/ur3_ros2_gazebo/meshes/collision/upperarm.stl
[0.538s] -- Up-to-date symlink: /home/hunajpu/dev_tt_ws/install/ur3_ros2_gazebo/share/ur3_ros2_gazebo/meshes/collision/wrist1.stl
[0.538s] -- Up-to-date symlink: /home/hunajpu/dev_tt_ws/install/ur3_ros2_gazebo/share/ur3_ros2_gazebo/meshes/collision/wrist2.stl
[0.539s] -- Up-to-date symlink: /home/hunajpu/dev_tt_ws/install/ur3_ros2_gazebo/share/ur3_ros2_gazebo/meshes/collision/wrist3.stl
[0.539s] -- Up-to-date symlink: /home/hunajpu/dev_tt_ws/install/ur3_ros2_gazebo/share/ur3_ros2_gazebo/meshes/visual/base.dae
[0.539s] -- Up-to-date symlink: /home/hunajpu/dev_tt_ws/install/ur3_ros2_gazebo/share/ur3_ros2_gazebo/meshes/visual/forearm.dae
[0.539s] -- Up-to-date symlink: /home/hunajpu/dev_tt_ws/install/ur3_ros2_gazebo/share/ur3_ros2_gazebo/meshes/visual/linear_axis/simplified_dynamic_parts.stl
[0.539s] -- Up-to-date symlink: /home/hunajpu/dev_tt_ws/install/ur3_ros2_gazebo/share/ur3_ros2_gazebo/meshes/visual/linear_axis/simplified_static_parts.stl
[0.540s] -- Up-to-date symlink: /home/hunajpu/dev_tt_ws/install/ur3_ros2_gazebo/share/ur3_ros2_gazebo/meshes/visual/shoulder.dae
[0.540s] -- Up-to-date symlink: /home/hunajpu/dev_tt_ws/install/ur3_ros2_gazebo/share/ur3_ros2_gazebo/meshes/visual/upperarm.dae
[0.540s] -- Up-to-date symlink: /home/hunajpu/dev_tt_ws/install/ur3_ros2_gazebo/share/ur3_ros2_gazebo/meshes/visual/wrist1.dae
[0.540s] -- Up-to-date symlink: /home/hunajpu/dev_tt_ws/install/ur3_ros2_gazebo/share/ur3_ros2_gazebo/meshes/visual/wrist2.dae
[0.540s] -- Up-to-date symlink: /home/hunajpu/dev_tt_ws/install/ur3_ros2_gazebo/share/ur3_ros2_gazebo/meshes/visual/wrist3.dae
[0.540s] -- Up-to-date symlink: /home/hunajpu/dev_tt_ws/install/ur3_ros2_gazebo/share/ament_index/resource_index/package_run_dependencies/ur3_ros2_gazebo
[0.540s] -- Up-to-date symlink: /home/hunajpu/dev_tt_ws/install/ur3_ros2_gazebo/share/ament_index/resource_index/parent_prefix_path/ur3_ros2_gazebo
[0.541s] -- Up-to-date symlink: /home/hunajpu/dev_tt_ws/install/ur3_ros2_gazebo/share/ur3_ros2_gazebo/environment/ament_prefix_path.sh
[0.541s] -- Up-to-date symlink: /home/hunajpu/dev_tt_ws/install/ur3_ros2_gazebo/share/ur3_ros2_gazebo/environment/ament_prefix_path.dsv
[0.542s] -- Up-to-date symlink: /home/hunajpu/dev_tt_ws/install/ur3_ros2_gazebo/share/ur3_ros2_gazebo/environment/path.sh
[0.542s] -- Up-to-date symlink: /home/hunajpu/dev_tt_ws/install/ur3_ros2_gazebo/share/ur3_ros2_gazebo/environment/path.dsv
[0.542s] -- Up-to-date symlink: /home/hunajpu/dev_tt_ws/install/ur3_ros2_gazebo/share/ur3_ros2_gazebo/local_setup.bash
[0.542s] -- Up-to-date symlink: /home/hunajpu/dev_tt_ws/install/ur3_ros2_gazebo/share/ur3_ros2_gazebo/local_setup.sh
[0.542s] -- Up-to-date symlink: /home/hunajpu/dev_tt_ws/install/ur3_ros2_gazebo/share/ur3_ros2_gazebo/local_setup.zsh
[0.542s] -- Up-to-date symlink: /home/hunajpu/dev_tt_ws/install/ur3_ros2_gazebo/share/ur3_ros2_gazebo/local_setup.dsv
[0.543s] -- Symlinking: /home/hunajpu/dev_tt_ws/install/ur3_ros2_gazebo/share/ur3_ros2_gazebo/package.dsv
[0.614s] -- Up-to-date symlink: /home/hunajpu/dev_tt_ws/install/ur3_ros2_gazebo/share/ament_index/resource_index/packages/ur3_ros2_gazebo
[0.614s] -- Up-to-date symlink: /home/hunajpu/dev_tt_ws/install/ur3_ros2_gazebo/share/ur3_ros2_gazebo/cmake/ur3_ros2_gazeboConfig.cmake
[0.614s] -- Up-to-date symlink: /home/hunajpu/dev_tt_ws/install/ur3_ros2_gazebo/share/ur3_ros2_gazebo/cmake/ur3_ros2_gazeboConfig-version.cmake
[0.616s] -- Up-to-date symlink: /home/hunajpu/dev_tt_ws/install/ur3_ros2_gazebo/share/ur3_ros2_gazebo/package.xml
[0.654s] Invoked command in '/home/hunajpu/dev_tt_ws/build/ur3_ros2_gazebo' returned '0': CMAKE_PREFIX_PATH=${CMAKE_PREFIX_PATH}:/opt/ros/foxy /usr/bin/cmake --install /home/hunajpu/dev_tt_ws/build/ur3_ros2_gazebo
