[0.077s] Invoking command in '/home/hunajpu/dev_tt_ws/build/gazebo_ros2_control': /usr/bin/cmake /home/hunajpu/dev_tt_ws/src/gazebo_ros2_control/gazebo_ros2_control -DCMAKE_INSTALL_PREFIX=/home/hunajpu/dev_tt_ws/install/gazebo_ros2_control
[0.197s] -- Found ament_cmake: 0.9.9 (/opt/ros/foxy/share/ament_cmake/cmake)
[0.198s] -- Using PYTHON_EXECUTABLE: /usr/bin/python3
[0.606s] Traceback (most recent call last):
[0.607s]   File "/opt/ros/foxy/share/ament_cmake_core/cmake/package_templates/templates_2_cmake.py", line 21, in <module>
[0.607s]     from ament_package.templates import get_environment_hook_template_path
[0.607s] ModuleNotFoundError: No module named 'ament_package'
[0.735s] CMake Error at /opt/ros/foxy/share/ament_cmake_core/cmake/ament_cmake_package_templates-extras.cmake:41 (message):
[0.736s]   execute_process(/usr/bin/python3
[0.736s]   /opt/ros/foxy/share/ament_cmake_core/cmake/package_templates/templates_2_cmake.py
[0.736s]   /home/hunajpu/dev_tt_ws/build/gazebo_ros2_control/ament_cmake_package_templates/templates.cmake)
[0.736s]   returned error code 1
[0.736s] Call Stack (most recent call first):
[0.737s]   /opt/ros/foxy/share/ament_cmake_core/cmake/ament_cmake_coreConfig.cmake:41 (include)
[0.737s]   /opt/ros/foxy/share/ament_cmake/cmake/ament_cmake_export_dependencies-extras.cmake:15 (find_package)
[0.737s]   /opt/ros/foxy/share/ament_cmake/cmake/ament_cmakeConfig.cmake:41 (include)
[0.737s]   CMakeLists.txt:4 (find_package)
[0.738s] 
[0.739s] 
[0.739s] -- Configuring incomplete, errors occurred!
[0.740s] See also "/home/hunajpu/dev_tt_ws/build/gazebo_ros2_control/CMakeFiles/CMakeOutput.log".
[0.742s] See also "/home/hunajpu/dev_tt_ws/build/gazebo_ros2_control/CMakeFiles/CMakeError.log".
[0.782s] Invoked command in '/home/hunajpu/dev_tt_ws/build/gazebo_ros2_control' returned '1': /usr/bin/cmake /home/hunajpu/dev_tt_ws/src/gazebo_ros2_control/gazebo_ros2_control -DCMAKE_INSTALL_PREFIX=/home/hunajpu/dev_tt_ws/install/gazebo_ros2_control
