[0.102s] Invoking command in '/home/hunajpu/dev_tt_ws/build/rosapi_msgs': CMAKE_PREFIX_PATH=${CMAKE_PREFIX_PATH}:/opt/ros/foxy /usr/bin/cmake --build /home/hunajpu/dev_tt_ws/build/rosapi_msgs -- -j8 -l8
[0.261s] [  0%] Built target rosapi_msgs__cpp
[0.286s] [ 12%] Built target rosapi_msgs__rosidl_generator_c
[0.385s] [ 24%] Built target rosapi_msgs__rosidl_typesupport_cpp
[0.426s] [ 37%] Built target rosapi_msgs__rosidl_typesupport_introspection_cpp
[0.428s] [ 49%] Built target rosapi_msgs__rosidl_typesupport_c
[0.443s] [ 61%] Built target rosapi_msgs__rosidl_typesupport_introspection_c
[0.501s] [ 73%] Built target rosapi_msgs__rosidl_typesupport_fastrtps_cpp
[0.575s] [ 85%] Built target rosapi_msgs__rosidl_typesupport_fastrtps_c
[0.613s] [ 85%] Built target rosapi_msgs
[0.668s] [ 85%] Built target rosapi_msgs__py
[0.759s] [ 97%] Built target rosapi_msgs__python
[0.828s] [ 98%] Built target rosapi_msgs__rosidl_typesupport_introspection_c__pyext
[0.831s] [ 99%] Built target rosapi_msgs__rosidl_typesupport_c__pyext
[0.834s] [100%] Built target rosapi_msgs__rosidl_typesupport_fastrtps_c__pyext
[0.923s] Invoked command in '/home/hunajpu/dev_tt_ws/build/rosapi_msgs' returned '0': CMAKE_PREFIX_PATH=${CMAKE_PREFIX_PATH}:/opt/ros/foxy /usr/bin/cmake --build /home/hunajpu/dev_tt_ws/build/rosapi_msgs -- -j8 -l8
[1.768s] Invoking command in '/home/hunajpu/dev_tt_ws/build/rosapi_msgs': CMAKE_PREFIX_PATH=${CMAKE_PREFIX_PATH}:/opt/ros/foxy /usr/bin/cmake --install /home/hunajpu/dev_tt_ws/build/rosapi_msgs
[1.803s] -- Install configuration: "Debug"
[1.803s] -- Execute custom install script
[1.804s] -- Up-to-date symlink: /home/hunajpu/dev_tt_ws/install/rosapi_msgs/share/ament_index/resource_index/rosidl_interfaces/rosapi_msgs
[1.804s] -- Up-to-date symlink: /home/hunajpu/dev_tt_ws/install/rosapi_msgs/include/rosapi_msgs/msg/detail/type_def__functions.h
[1.804s] -- Up-to-date symlink: /home/hunajpu/dev_tt_ws/install/rosapi_msgs/include/rosapi_msgs/msg/detail/type_def__struct.h
[1.804s] -- Up-to-date symlink: /home/hunajpu/dev_tt_ws/install/rosapi_msgs/include/rosapi_msgs/msg/detail/type_def__type_support.h
[1.804s] -- Up-to-date symlink: /home/hunajpu/dev_tt_ws/install/rosapi_msgs/include/rosapi_msgs/msg/rosidl_generator_c__visibility_control.h
[1.804s] -- Up-to-date symlink: /home/hunajpu/dev_tt_ws/install/rosapi_msgs/include/rosapi_msgs/msg/type_def.h
[1.804s] -- Up-to-date symlink: /home/hunajpu/dev_tt_ws/install/rosapi_msgs/include/rosapi_msgs/srv/delete_param.h
[1.804s] -- Up-to-date symlink: /home/hunajpu/dev_tt_ws/install/rosapi_msgs/include/rosapi_msgs/srv/detail/delete_param__functions.h
[1.805s] -- Up-to-date symlink: /home/hunajpu/dev_tt_ws/install/rosapi_msgs/include/rosapi_msgs/srv/detail/delete_param__struct.h
[1.811s] -- Up-to-date symlink: /home/hunajpu/dev_tt_ws/install/rosapi_msgs/include/rosapi_msgs/srv/detail/delete_param__type_support.h
[1.812s] -- Up-to-date symlink: /home/hunajpu/dev_tt_ws/install/rosapi_msgs/include/rosapi_msgs/srv/detail/get_action_servers__functions.h
[1.812s] -- Up-to-date symlink: /home/hunajpu/dev_tt_ws/install/rosapi_msgs/include/rosapi_msgs/srv/detail/get_action_servers__struct.h
[1.818s] -- Up-to-date symlink: /home/hunajpu/dev_tt_ws/install/rosapi_msgs/include/rosapi_msgs/srv/detail/get_action_servers__type_support.h
[1.819s] -- Up-to-date symlink: /home/hunajpu/dev_tt_ws/install/rosapi_msgs/include/rosapi_msgs/srv/detail/get_param__functions.h
[1.819s] -- Up-to-date symlink: /home/hunajpu/dev_tt_ws/install/rosapi_msgs/include/rosapi_msgs/srv/detail/get_param__struct.h
[1.819s] -- Up-to-date symlink: /home/hunajpu/dev_tt_ws/install/rosapi_msgs/include/rosapi_msgs/srv/detail/get_param__type_support.h
[1.819s] -- Up-to-date symlink: /home/hunajpu/dev_tt_ws/install/rosapi_msgs/include/rosapi_msgs/srv/detail/get_param_names__functions.h
[1.820s] -- Up-to-date symlink: /home/hunajpu/dev_tt_ws/install/rosapi_msgs/include/rosapi_msgs/srv/detail/get_param_names__struct.h
[1.821s] -- Up-to-date symlink: /home/hunajpu/dev_tt_ws/install/rosapi_msgs/include/rosapi_msgs/srv/detail/get_param_names__type_support.h
[1.821s] -- Up-to-date symlink: /home/hunajpu/dev_tt_ws/install/rosapi_msgs/include/rosapi_msgs/srv/detail/get_ros_version__functions.h
[1.821s] -- Up-to-date symlink: /home/hunajpu/dev_tt_ws/install/rosapi_msgs/include/rosapi_msgs/srv/detail/get_ros_version__struct.h
[1.822s] -- Up-to-date symlink: /home/hunajpu/dev_tt_ws/install/rosapi_msgs/include/rosapi_msgs/srv/detail/get_ros_version__type_support.h
[1.824s] -- Up-to-date symlink: /home/hunajpu/dev_tt_ws/install/rosapi_msgs/include/rosapi_msgs/srv/detail/get_time__functions.h
[1.827s] -- Up-to-date symlink: /home/hunajpu/dev_tt_ws/install/rosapi_msgs/include/rosapi_msgs/srv/detail/get_time__struct.h
[1.827s] -- Up-to-date symlink: /home/hunajpu/dev_tt_ws/install/rosapi_msgs/include/rosapi_msgs/srv/detail/get_time__type_support.h
[1.828s] -- Up-to-date symlink: /home/hunajpu/dev_tt_ws/install/rosapi_msgs/include/rosapi_msgs/srv/detail/has_param__functions.h
[1.828s] -- Up-to-date symlink: /home/hunajpu/dev_tt_ws/install/rosapi_msgs/include/rosapi_msgs/srv/detail/has_param__struct.h
[1.829s] -- Up-to-date symlink: /home/hunajpu/dev_tt_ws/install/rosapi_msgs/include/rosapi_msgs/srv/detail/has_param__type_support.h
[1.829s] -- Up-to-date symlink: /home/hunajpu/dev_tt_ws/install/rosapi_msgs/include/rosapi_msgs/srv/detail/message_details__functions.h
[1.829s] -- Up-to-date symlink: /home/hunajpu/dev_tt_ws/install/rosapi_msgs/include/rosapi_msgs/srv/detail/message_details__struct.h
[1.830s] -- Up-to-date symlink: /home/hunajpu/dev_tt_ws/install/rosapi_msgs/include/rosapi_msgs/srv/detail/message_details__type_support.h
[1.830s] -- Up-to-date symlink: /home/hunajpu/dev_tt_ws/install/rosapi_msgs/include/rosapi_msgs/srv/detail/node_details__functions.h
[1.831s] -- Up-to-date symlink: /home/hunajpu/dev_tt_ws/install/rosapi_msgs/include/rosapi_msgs/srv/detail/node_details__struct.h
[1.831s] -- Up-to-date symlink: /home/hunajpu/dev_tt_ws/install/rosapi_msgs/include/rosapi_msgs/srv/detail/node_details__type_support.h
[1.831s] -- Up-to-date symlink: /home/hunajpu/dev_tt_ws/install/rosapi_msgs/include/rosapi_msgs/srv/detail/nodes__functions.h
[1.832s] -- Up-to-date symlink: /home/hunajpu/dev_tt_ws/install/rosapi_msgs/include/rosapi_msgs/srv/detail/nodes__struct.h
[1.832s] -- Up-to-date symlink: /home/hunajpu/dev_tt_ws/install/rosapi_msgs/include/rosapi_msgs/srv/detail/nodes__type_support.h
[1.832s] -- Up-to-date symlink: /home/hunajpu/dev_tt_ws/install/rosapi_msgs/include/rosapi_msgs/srv/detail/publishers__functions.h
[1.832s] -- Up-to-date symlink: /home/hunajpu/dev_tt_ws/install/rosapi_msgs/include/rosapi_msgs/srv/detail/publishers__struct.h
[1.833s] -- Up-to-date symlink: /home/hunajpu/dev_tt_ws/install/rosapi_msgs/include/rosapi_msgs/srv/detail/publishers__type_support.h
[1.834s] -- Up-to-date symlink: /home/hunajpu/dev_tt_ws/install/rosapi_msgs/include/rosapi_msgs/srv/detail/service_node__functions.h
[1.834s] -- Up-to-date symlink: /home/hunajpu/dev_tt_ws/install/rosapi_msgs/include/rosapi_msgs/srv/detail/service_node__struct.h
[1.835s] -- Up-to-date symlink: /home/hunajpu/dev_tt_ws/install/rosapi_msgs/include/rosapi_msgs/srv/detail/service_node__type_support.h
[1.836s] -- Up-to-date symlink: /home/hunajpu/dev_tt_ws/install/rosapi_msgs/include/rosapi_msgs/srv/detail/service_providers__functions.h
[1.836s] -- Up-to-date symlink: /home/hunajpu/dev_tt_ws/install/rosapi_msgs/include/rosapi_msgs/srv/detail/service_providers__struct.h
[1.837s] -- Up-to-date symlink: /home/hunajpu/dev_tt_ws/install/rosapi_msgs/include/rosapi_msgs/srv/detail/service_providers__type_support.h
[1.837s] -- Up-to-date symlink: /home/hunajpu/dev_tt_ws/install/rosapi_msgs/include/rosapi_msgs/srv/detail/service_request_details__functions.h
[1.837s] -- Up-to-date symlink: /home/hunajpu/dev_tt_ws/install/rosapi_msgs/include/rosapi_msgs/srv/detail/service_request_details__struct.h
[1.838s] -- Up-to-date symlink: /home/hunajpu/dev_tt_ws/install/rosapi_msgs/include/rosapi_msgs/srv/detail/service_request_details__type_support.h
[1.838s] -- Up-to-date symlink: /home/hunajpu/dev_tt_ws/install/rosapi_msgs/include/rosapi_msgs/srv/detail/service_response_details__functions.h
[1.838s] -- Up-to-date symlink: /home/hunajpu/dev_tt_ws/install/rosapi_msgs/include/rosapi_msgs/srv/detail/service_response_details__struct.h
[1.839s] -- Up-to-date symlink: /home/hunajpu/dev_tt_ws/install/rosapi_msgs/include/rosapi_msgs/srv/detail/service_response_details__type_support.h
[1.839s] -- Up-to-date symlink: /home/hunajpu/dev_tt_ws/install/rosapi_msgs/include/rosapi_msgs/srv/detail/service_type__functions.h
[1.840s] -- Up-to-date symlink: /home/hunajpu/dev_tt_ws/install/rosapi_msgs/include/rosapi_msgs/srv/detail/service_type__struct.h
[1.840s] -- Up-to-date symlink: /home/hunajpu/dev_tt_ws/install/rosapi_msgs/include/rosapi_msgs/srv/detail/service_type__type_support.h
[1.841s] -- Up-to-date symlink: /home/hunajpu/dev_tt_ws/install/rosapi_msgs/include/rosapi_msgs/srv/detail/services__functions.h
[1.853s] -- Up-to-date symlink: /home/hunajpu/dev_tt_ws/install/rosapi_msgs/include/rosapi_msgs/srv/detail/services__struct.h
[1.854s] -- Up-to-date symlink: /home/hunajpu/dev_tt_ws/install/rosapi_msgs/include/rosapi_msgs/srv/detail/services__type_support.h
[1.854s] -- Up-to-date symlink: /home/hunajpu/dev_tt_ws/install/rosapi_msgs/include/rosapi_msgs/srv/detail/services_for_type__functions.h
[1.855s] -- Up-to-date symlink: /home/hunajpu/dev_tt_ws/install/rosapi_msgs/include/rosapi_msgs/srv/detail/services_for_type__struct.h
[1.855s] -- Up-to-date symlink: /home/hunajpu/dev_tt_ws/install/rosapi_msgs/include/rosapi_msgs/srv/detail/services_for_type__type_support.h
[1.855s] -- Up-to-date symlink: /home/hunajpu/dev_tt_ws/install/rosapi_msgs/include/rosapi_msgs/srv/detail/set_param__functions.h
[1.856s] -- Up-to-date symlink: /home/hunajpu/dev_tt_ws/install/rosapi_msgs/include/rosapi_msgs/srv/detail/set_param__struct.h
[1.856s] -- Up-to-date symlink: /home/hunajpu/dev_tt_ws/install/rosapi_msgs/include/rosapi_msgs/srv/detail/set_param__type_support.h
[1.856s] -- Up-to-date symlink: /home/hunajpu/dev_tt_ws/install/rosapi_msgs/include/rosapi_msgs/srv/detail/subscribers__functions.h
[1.856s] -- Up-to-date symlink: /home/hunajpu/dev_tt_ws/install/rosapi_msgs/include/rosapi_msgs/srv/detail/subscribers__struct.h
[1.857s] -- Up-to-date symlink: /home/hunajpu/dev_tt_ws/install/rosapi_msgs/include/rosapi_msgs/srv/detail/subscribers__type_support.h
[1.857s] -- Up-to-date symlink: /home/hunajpu/dev_tt_ws/install/rosapi_msgs/include/rosapi_msgs/srv/detail/topic_type__functions.h
[1.857s] -- Up-to-date symlink: /home/hunajpu/dev_tt_ws/install/rosapi_msgs/include/rosapi_msgs/srv/detail/topic_type__struct.h
[1.857s] -- Up-to-date symlink: /home/hunajpu/dev_tt_ws/install/rosapi_msgs/include/rosapi_msgs/srv/detail/topic_type__type_support.h
[1.857s] -- Up-to-date symlink: /home/hunajpu/dev_tt_ws/install/rosapi_msgs/include/rosapi_msgs/srv/detail/topics__functions.h
[1.858s] -- Up-to-date symlink: /home/hunajpu/dev_tt_ws/install/rosapi_msgs/include/rosapi_msgs/srv/detail/topics__struct.h
[1.858s] -- Up-to-date symlink: /home/hunajpu/dev_tt_ws/install/rosapi_msgs/include/rosapi_msgs/srv/detail/topics__type_support.h
[1.858s] -- Up-to-date symlink: /home/hunajpu/dev_tt_ws/install/rosapi_msgs/include/rosapi_msgs/srv/detail/topics_and_raw_types__functions.h
[1.858s] -- Up-to-date symlink: /home/hunajpu/dev_tt_ws/install/rosapi_msgs/include/rosapi_msgs/srv/detail/topics_and_raw_types__struct.h
[1.859s] -- Up-to-date symlink: /home/hunajpu/dev_tt_ws/install/rosapi_msgs/include/rosapi_msgs/srv/detail/topics_and_raw_types__type_support.h
[1.859s] -- Up-to-date symlink: /home/hunajpu/dev_tt_ws/install/rosapi_msgs/include/rosapi_msgs/srv/detail/topics_for_type__functions.h
[1.859s] -- Up-to-date symlink: /home/hunajpu/dev_tt_ws/install/rosapi_msgs/include/rosapi_msgs/srv/detail/topics_for_type__struct.h
[1.859s] -- Up-to-date symlink: /home/hunajpu/dev_tt_ws/install/rosapi_msgs/include/rosapi_msgs/srv/detail/topics_for_type__type_support.h
[1.860s] -- Up-to-date symlink: /home/hunajpu/dev_tt_ws/install/rosapi_msgs/include/rosapi_msgs/srv/get_action_servers.h
[1.860s] -- Up-to-date symlink: /home/hunajpu/dev_tt_ws/install/rosapi_msgs/include/rosapi_msgs/srv/get_param.h
[1.860s] -- Up-to-date symlink: /home/hunajpu/dev_tt_ws/install/rosapi_msgs/include/rosapi_msgs/srv/get_param_names.h
[1.860s] -- Up-to-date symlink: /home/hunajpu/dev_tt_ws/install/rosapi_msgs/include/rosapi_msgs/srv/get_ros_version.h
[1.861s] -- Up-to-date symlink: /home/hunajpu/dev_tt_ws/install/rosapi_msgs/include/rosapi_msgs/srv/get_time.h
[1.862s] -- Up-to-date symlink: /home/hunajpu/dev_tt_ws/install/rosapi_msgs/include/rosapi_msgs/srv/has_param.h
[1.862s] -- Up-to-date symlink: /home/hunajpu/dev_tt_ws/install/rosapi_msgs/include/rosapi_msgs/srv/message_details.h
[1.862s] -- Up-to-date symlink: /home/hunajpu/dev_tt_ws/install/rosapi_msgs/include/rosapi_msgs/srv/node_details.h
[1.863s] -- Up-to-date symlink: /home/hunajpu/dev_tt_ws/install/rosapi_msgs/include/rosapi_msgs/srv/nodes.h
[1.863s] -- Up-to-date symlink: /home/hunajpu/dev_tt_ws/install/rosapi_msgs/include/rosapi_msgs/srv/publishers.h
[1.863s] -- Up-to-date symlink: /home/hunajpu/dev_tt_ws/install/rosapi_msgs/include/rosapi_msgs/srv/service_node.h
[1.863s] -- Up-to-date symlink: /home/hunajpu/dev_tt_ws/install/rosapi_msgs/include/rosapi_msgs/srv/service_providers.h
[1.864s] -- Up-to-date symlink: /home/hunajpu/dev_tt_ws/install/rosapi_msgs/include/rosapi_msgs/srv/service_request_details.h
[1.864s] -- Up-to-date symlink: /home/hunajpu/dev_tt_ws/install/rosapi_msgs/include/rosapi_msgs/srv/service_response_details.h
[1.864s] -- Up-to-date symlink: /home/hunajpu/dev_tt_ws/install/rosapi_msgs/include/rosapi_msgs/srv/service_type.h
[1.864s] -- Up-to-date symlink: /home/hunajpu/dev_tt_ws/install/rosapi_msgs/include/rosapi_msgs/srv/services.h
[1.865s] -- Up-to-date symlink: /home/hunajpu/dev_tt_ws/install/rosapi_msgs/include/rosapi_msgs/srv/services_for_type.h
[1.865s] -- Up-to-date symlink: /home/hunajpu/dev_tt_ws/install/rosapi_msgs/include/rosapi_msgs/srv/set_param.h
[1.865s] -- Up-to-date symlink: /home/hunajpu/dev_tt_ws/install/rosapi_msgs/include/rosapi_msgs/srv/subscribers.h
[1.866s] -- Up-to-date symlink: /home/hunajpu/dev_tt_ws/install/rosapi_msgs/include/rosapi_msgs/srv/topic_type.h
[1.866s] -- Up-to-date symlink: /home/hunajpu/dev_tt_ws/install/rosapi_msgs/include/rosapi_msgs/srv/topics.h
[1.866s] -- Up-to-date symlink: /home/hunajpu/dev_tt_ws/install/rosapi_msgs/include/rosapi_msgs/srv/topics_and_raw_types.h
[1.867s] -- Up-to-date symlink: /home/hunajpu/dev_tt_ws/install/rosapi_msgs/include/rosapi_msgs/srv/topics_for_type.h
[1.867s] -- Up-to-date symlink: /home/hunajpu/dev_tt_ws/install/rosapi_msgs/share/rosapi_msgs/environment/library_path.sh
[1.868s] -- Up-to-date symlink: /home/hunajpu/dev_tt_ws/install/rosapi_msgs/share/rosapi_msgs/environment/library_path.dsv
[1.870s] -- Up-to-date symlink: /home/hunajpu/dev_tt_ws/install/rosapi_msgs/include/rosapi_msgs/msg/detail/type_def__rosidl_typesupport_fastrtps_c.h
[1.870s] -- Up-to-date symlink: /home/hunajpu/dev_tt_ws/install/rosapi_msgs/include/rosapi_msgs/msg/rosidl_typesupport_fastrtps_c__visibility_control.h
[1.870s] -- Up-to-date symlink: /home/hunajpu/dev_tt_ws/install/rosapi_msgs/include/rosapi_msgs/srv/detail/delete_param__rosidl_typesupport_fastrtps_c.h
[1.870s] -- Up-to-date symlink: /home/hunajpu/dev_tt_ws/install/rosapi_msgs/include/rosapi_msgs/srv/detail/get_action_servers__rosidl_typesupport_fastrtps_c.h
[1.870s] -- Up-to-date symlink: /home/hunajpu/dev_tt_ws/install/rosapi_msgs/include/rosapi_msgs/srv/detail/get_param__rosidl_typesupport_fastrtps_c.h
[1.870s] -- Up-to-date symlink: /home/hunajpu/dev_tt_ws/install/rosapi_msgs/include/rosapi_msgs/srv/detail/get_param_names__rosidl_typesupport_fastrtps_c.h
[1.871s] -- Up-to-date symlink: /home/hunajpu/dev_tt_ws/install/rosapi_msgs/include/rosapi_msgs/srv/detail/get_ros_version__rosidl_typesupport_fastrtps_c.h
[1.871s] -- Up-to-date symlink: /home/hunajpu/dev_tt_ws/install/rosapi_msgs/include/rosapi_msgs/srv/detail/get_time__rosidl_typesupport_fastrtps_c.h
[1.871s] -- Up-to-date symlink: /home/hunajpu/dev_tt_ws/install/rosapi_msgs/include/rosapi_msgs/srv/detail/has_param__rosidl_typesupport_fastrtps_c.h
[1.871s] -- Up-to-date symlink: /home/hunajpu/dev_tt_ws/install/rosapi_msgs/include/rosapi_msgs/srv/detail/message_details__rosidl_typesupport_fastrtps_c.h
[1.871s] -- Up-to-date symlink: /home/hunajpu/dev_tt_ws/install/rosapi_msgs/include/rosapi_msgs/srv/detail/node_details__rosidl_typesupport_fastrtps_c.h
[1.872s] -- Up-to-date symlink: /home/hunajpu/dev_tt_ws/install/rosapi_msgs/include/rosapi_msgs/srv/detail/nodes__rosidl_typesupport_fastrtps_c.h
[1.872s] -- Up-to-date symlink: /home/hunajpu/dev_tt_ws/install/rosapi_msgs/include/rosapi_msgs/srv/detail/publishers__rosidl_typesupport_fastrtps_c.h
[1.872s] -- Up-to-date symlink: /home/hunajpu/dev_tt_ws/install/rosapi_msgs/include/rosapi_msgs/srv/detail/service_node__rosidl_typesupport_fastrtps_c.h
[1.872s] -- Up-to-date symlink: /home/hunajpu/dev_tt_ws/install/rosapi_msgs/include/rosapi_msgs/srv/detail/service_providers__rosidl_typesupport_fastrtps_c.h
[1.872s] -- Up-to-date symlink: /home/hunajpu/dev_tt_ws/install/rosapi_msgs/include/rosapi_msgs/srv/detail/service_request_details__rosidl_typesupport_fastrtps_c.h
[1.872s] -- Up-to-date symlink: /home/hunajpu/dev_tt_ws/install/rosapi_msgs/include/rosapi_msgs/srv/detail/service_response_details__rosidl_typesupport_fastrtps_c.h
[1.872s] -- Up-to-date symlink: /home/hunajpu/dev_tt_ws/install/rosapi_msgs/include/rosapi_msgs/srv/detail/service_type__rosidl_typesupport_fastrtps_c.h
[1.872s] -- Up-to-date symlink: /home/hunajpu/dev_tt_ws/install/rosapi_msgs/include/rosapi_msgs/srv/detail/services__rosidl_typesupport_fastrtps_c.h
[1.872s] -- Up-to-date symlink: /home/hunajpu/dev_tt_ws/install/rosapi_msgs/include/rosapi_msgs/srv/detail/services_for_type__rosidl_typesupport_fastrtps_c.h
[1.872s] -- Up-to-date symlink: /home/hunajpu/dev_tt_ws/install/rosapi_msgs/include/rosapi_msgs/srv/detail/set_param__rosidl_typesupport_fastrtps_c.h
[1.873s] -- Up-to-date symlink: /home/hunajpu/dev_tt_ws/install/rosapi_msgs/include/rosapi_msgs/srv/detail/subscribers__rosidl_typesupport_fastrtps_c.h
[1.873s] -- Up-to-date symlink: /home/hunajpu/dev_tt_ws/install/rosapi_msgs/include/rosapi_msgs/srv/detail/topic_type__rosidl_typesupport_fastrtps_c.h
[1.873s] -- Up-to-date symlink: /home/hunajpu/dev_tt_ws/install/rosapi_msgs/include/rosapi_msgs/srv/detail/topics__rosidl_typesupport_fastrtps_c.h
[1.873s] -- Up-to-date symlink: /home/hunajpu/dev_tt_ws/install/rosapi_msgs/include/rosapi_msgs/srv/detail/topics_and_raw_types__rosidl_typesupport_fastrtps_c.h
[1.873s] -- Up-to-date symlink: /home/hunajpu/dev_tt_ws/install/rosapi_msgs/include/rosapi_msgs/srv/detail/topics_for_type__rosidl_typesupport_fastrtps_c.h
[1.873s] -- Up-to-date symlink: /home/hunajpu/dev_tt_ws/install/rosapi_msgs/lib/librosapi_msgs__rosidl_typesupport_fastrtps_c.so
[1.874s] -- Up-to-date symlink: /home/hunajpu/dev_tt_ws/install/rosapi_msgs/include/rosapi_msgs/msg/detail/type_def__rosidl_typesupport_fastrtps_cpp.hpp
[1.874s] -- Up-to-date symlink: /home/hunajpu/dev_tt_ws/install/rosapi_msgs/include/rosapi_msgs/msg/rosidl_typesupport_fastrtps_cpp__visibility_control.h
[1.874s] -- Up-to-date symlink: /home/hunajpu/dev_tt_ws/install/rosapi_msgs/include/rosapi_msgs/srv/detail/delete_param__rosidl_typesupport_fastrtps_cpp.hpp
[1.874s] -- Up-to-date symlink: /home/hunajpu/dev_tt_ws/install/rosapi_msgs/include/rosapi_msgs/srv/detail/get_action_servers__rosidl_typesupport_fastrtps_cpp.hpp
[1.874s] -- Up-to-date symlink: /home/hunajpu/dev_tt_ws/install/rosapi_msgs/include/rosapi_msgs/srv/detail/get_param__rosidl_typesupport_fastrtps_cpp.hpp
[1.875s] -- Up-to-date symlink: /home/hunajpu/dev_tt_ws/install/rosapi_msgs/include/rosapi_msgs/srv/detail/get_param_names__rosidl_typesupport_fastrtps_cpp.hpp
[1.879s] -- Up-to-date symlink: /home/hunajpu/dev_tt_ws/install/rosapi_msgs/include/rosapi_msgs/srv/detail/get_ros_version__rosidl_typesupport_fastrtps_cpp.hpp
[1.879s] -- Up-to-date symlink: /home/hunajpu/dev_tt_ws/install/rosapi_msgs/include/rosapi_msgs/srv/detail/get_time__rosidl_typesupport_fastrtps_cpp.hpp
[1.879s] -- Up-to-date symlink: /home/hunajpu/dev_tt_ws/install/rosapi_msgs/include/rosapi_msgs/srv/detail/has_param__rosidl_typesupport_fastrtps_cpp.hpp
[1.879s] -- Up-to-date symlink: /home/hunajpu/dev_tt_ws/install/rosapi_msgs/include/rosapi_msgs/srv/detail/message_details__rosidl_typesupport_fastrtps_cpp.hpp
[1.880s] -- Up-to-date symlink: /home/hunajpu/dev_tt_ws/install/rosapi_msgs/include/rosapi_msgs/srv/detail/node_details__rosidl_typesupport_fastrtps_cpp.hpp
[1.880s] -- Up-to-date symlink: /home/hunajpu/dev_tt_ws/install/rosapi_msgs/include/rosapi_msgs/srv/detail/nodes__rosidl_typesupport_fastrtps_cpp.hpp
[1.880s] -- Up-to-date symlink: /home/hunajpu/dev_tt_ws/install/rosapi_msgs/include/rosapi_msgs/srv/detail/publishers__rosidl_typesupport_fastrtps_cpp.hpp
[1.880s] -- Up-to-date symlink: /home/hunajpu/dev_tt_ws/install/rosapi_msgs/include/rosapi_msgs/srv/detail/service_node__rosidl_typesupport_fastrtps_cpp.hpp
[1.880s] -- Up-to-date symlink: /home/hunajpu/dev_tt_ws/install/rosapi_msgs/include/rosapi_msgs/srv/detail/service_providers__rosidl_typesupport_fastrtps_cpp.hpp
[1.880s] -- Up-to-date symlink: /home/hunajpu/dev_tt_ws/install/rosapi_msgs/include/rosapi_msgs/srv/detail/service_request_details__rosidl_typesupport_fastrtps_cpp.hpp
[1.881s] -- Up-to-date symlink: /home/hunajpu/dev_tt_ws/install/rosapi_msgs/include/rosapi_msgs/srv/detail/service_response_details__rosidl_typesupport_fastrtps_cpp.hpp
[1.881s] -- Up-to-date symlink: /home/hunajpu/dev_tt_ws/install/rosapi_msgs/include/rosapi_msgs/srv/detail/service_type__rosidl_typesupport_fastrtps_cpp.hpp
[1.881s] -- Up-to-date symlink: /home/hunajpu/dev_tt_ws/install/rosapi_msgs/include/rosapi_msgs/srv/detail/services__rosidl_typesupport_fastrtps_cpp.hpp
[1.881s] -- Up-to-date symlink: /home/hunajpu/dev_tt_ws/install/rosapi_msgs/include/rosapi_msgs/srv/detail/services_for_type__rosidl_typesupport_fastrtps_cpp.hpp
[1.881s] -- Up-to-date symlink: /home/hunajpu/dev_tt_ws/install/rosapi_msgs/include/rosapi_msgs/srv/detail/set_param__rosidl_typesupport_fastrtps_cpp.hpp
[1.882s] -- Up-to-date symlink: /home/hunajpu/dev_tt_ws/install/rosapi_msgs/include/rosapi_msgs/srv/detail/subscribers__rosidl_typesupport_fastrtps_cpp.hpp
[1.882s] -- Up-to-date symlink: /home/hunajpu/dev_tt_ws/install/rosapi_msgs/include/rosapi_msgs/srv/detail/topic_type__rosidl_typesupport_fastrtps_cpp.hpp
[1.882s] -- Up-to-date symlink: /home/hunajpu/dev_tt_ws/install/rosapi_msgs/include/rosapi_msgs/srv/detail/topics__rosidl_typesupport_fastrtps_cpp.hpp
[1.882s] -- Up-to-date symlink: /home/hunajpu/dev_tt_ws/install/rosapi_msgs/include/rosapi_msgs/srv/detail/topics_and_raw_types__rosidl_typesupport_fastrtps_cpp.hpp
[1.882s] -- Up-to-date symlink: /home/hunajpu/dev_tt_ws/install/rosapi_msgs/include/rosapi_msgs/srv/detail/topics_for_type__rosidl_typesupport_fastrtps_cpp.hpp
[1.882s] -- Up-to-date symlink: /home/hunajpu/dev_tt_ws/install/rosapi_msgs/lib/librosapi_msgs__rosidl_typesupport_fastrtps_cpp.so
[1.882s] -- Up-to-date symlink: /home/hunajpu/dev_tt_ws/install/rosapi_msgs/include/rosapi_msgs/msg/detail/type_def__rosidl_typesupport_introspection_c.h
[1.883s] -- Up-to-date symlink: /home/hunajpu/dev_tt_ws/install/rosapi_msgs/include/rosapi_msgs/msg/rosidl_typesupport_introspection_c__visibility_control.h
[1.883s] -- Up-to-date symlink: /home/hunajpu/dev_tt_ws/install/rosapi_msgs/include/rosapi_msgs/srv/detail/delete_param__rosidl_typesupport_introspection_c.h
[1.883s] -- Up-to-date symlink: /home/hunajpu/dev_tt_ws/install/rosapi_msgs/include/rosapi_msgs/srv/detail/get_action_servers__rosidl_typesupport_introspection_c.h
[1.883s] -- Up-to-date symlink: /home/hunajpu/dev_tt_ws/install/rosapi_msgs/include/rosapi_msgs/srv/detail/get_param__rosidl_typesupport_introspection_c.h
[1.883s] -- Up-to-date symlink: /home/hunajpu/dev_tt_ws/install/rosapi_msgs/include/rosapi_msgs/srv/detail/get_param_names__rosidl_typesupport_introspection_c.h
[1.884s] -- Up-to-date symlink: /home/hunajpu/dev_tt_ws/install/rosapi_msgs/include/rosapi_msgs/srv/detail/get_ros_version__rosidl_typesupport_introspection_c.h
[1.884s] -- Up-to-date symlink: /home/hunajpu/dev_tt_ws/install/rosapi_msgs/include/rosapi_msgs/srv/detail/get_time__rosidl_typesupport_introspection_c.h
[1.884s] -- Up-to-date symlink: /home/hunajpu/dev_tt_ws/install/rosapi_msgs/include/rosapi_msgs/srv/detail/has_param__rosidl_typesupport_introspection_c.h
[1.884s] -- Up-to-date symlink: /home/hunajpu/dev_tt_ws/install/rosapi_msgs/include/rosapi_msgs/srv/detail/message_details__rosidl_typesupport_introspection_c.h
[1.884s] -- Up-to-date symlink: /home/hunajpu/dev_tt_ws/install/rosapi_msgs/include/rosapi_msgs/srv/detail/node_details__rosidl_typesupport_introspection_c.h
[1.884s] -- Up-to-date symlink: /home/hunajpu/dev_tt_ws/install/rosapi_msgs/include/rosapi_msgs/srv/detail/nodes__rosidl_typesupport_introspection_c.h
[1.884s] -- Up-to-date symlink: /home/hunajpu/dev_tt_ws/install/rosapi_msgs/include/rosapi_msgs/srv/detail/publishers__rosidl_typesupport_introspection_c.h
[1.885s] -- Up-to-date symlink: /home/hunajpu/dev_tt_ws/install/rosapi_msgs/include/rosapi_msgs/srv/detail/service_node__rosidl_typesupport_introspection_c.h
[1.885s] -- Up-to-date symlink: /home/hunajpu/dev_tt_ws/install/rosapi_msgs/include/rosapi_msgs/srv/detail/service_providers__rosidl_typesupport_introspection_c.h
[1.885s] -- Up-to-date symlink: /home/hunajpu/dev_tt_ws/install/rosapi_msgs/include/rosapi_msgs/srv/detail/service_request_details__rosidl_typesupport_introspection_c.h
[1.886s] -- Up-to-date symlink: /home/hunajpu/dev_tt_ws/install/rosapi_msgs/include/rosapi_msgs/srv/detail/service_response_details__rosidl_typesupport_introspection_c.h
[1.886s] -- Up-to-date symlink: /home/hunajpu/dev_tt_ws/install/rosapi_msgs/include/rosapi_msgs/srv/detail/service_type__rosidl_typesupport_introspection_c.h
[1.886s] -- Up-to-date symlink: /home/hunajpu/dev_tt_ws/install/rosapi_msgs/include/rosapi_msgs/srv/detail/services__rosidl_typesupport_introspection_c.h
[1.887s] -- Up-to-date symlink: /home/hunajpu/dev_tt_ws/install/rosapi_msgs/include/rosapi_msgs/srv/detail/services_for_type__rosidl_typesupport_introspection_c.h
[1.887s] -- Up-to-date symlink: /home/hunajpu/dev_tt_ws/install/rosapi_msgs/include/rosapi_msgs/srv/detail/set_param__rosidl_typesupport_introspection_c.h
[1.887s] -- Up-to-date symlink: /home/hunajpu/dev_tt_ws/install/rosapi_msgs/include/rosapi_msgs/srv/detail/subscribers__rosidl_typesupport_introspection_c.h
[1.887s] -- Up-to-date symlink: /home/hunajpu/dev_tt_ws/install/rosapi_msgs/include/rosapi_msgs/srv/detail/topic_type__rosidl_typesupport_introspection_c.h
[1.888s] -- Up-to-date symlink: /home/hunajpu/dev_tt_ws/install/rosapi_msgs/include/rosapi_msgs/srv/detail/topics__rosidl_typesupport_introspection_c.h
[1.889s] -- Up-to-date symlink: /home/hunajpu/dev_tt_ws/install/rosapi_msgs/include/rosapi_msgs/srv/detail/topics_and_raw_types__rosidl_typesupport_introspection_c.h
[1.889s] -- Up-to-date symlink: /home/hunajpu/dev_tt_ws/install/rosapi_msgs/include/rosapi_msgs/srv/detail/topics_for_type__rosidl_typesupport_introspection_c.h
[1.890s] -- Up-to-date symlink: /home/hunajpu/dev_tt_ws/install/rosapi_msgs/include/rosapi_msgs/msg/detail/type_def__builder.hpp
[1.897s] -- Up-to-date symlink: /home/hunajpu/dev_tt_ws/install/rosapi_msgs/include/rosapi_msgs/msg/detail/type_def__struct.hpp
[1.900s] -- Up-to-date symlink: /home/hunajpu/dev_tt_ws/install/rosapi_msgs/include/rosapi_msgs/msg/detail/type_def__traits.hpp
[1.901s] -- Up-to-date symlink: /home/hunajpu/dev_tt_ws/install/rosapi_msgs/include/rosapi_msgs/msg/type_def.hpp
[1.902s] -- Up-to-date symlink: /home/hunajpu/dev_tt_ws/install/rosapi_msgs/include/rosapi_msgs/srv/delete_param.hpp
[1.903s] -- Up-to-date symlink: /home/hunajpu/dev_tt_ws/install/rosapi_msgs/include/rosapi_msgs/srv/detail/delete_param__builder.hpp
[1.903s] -- Up-to-date symlink: /home/hunajpu/dev_tt_ws/install/rosapi_msgs/include/rosapi_msgs/srv/detail/delete_param__struct.hpp
[1.903s] -- Up-to-date symlink: /home/hunajpu/dev_tt_ws/install/rosapi_msgs/include/rosapi_msgs/srv/detail/delete_param__traits.hpp
[1.903s] -- Up-to-date symlink: /home/hunajpu/dev_tt_ws/install/rosapi_msgs/include/rosapi_msgs/srv/detail/get_action_servers__builder.hpp
[1.904s] -- Up-to-date symlink: /home/hunajpu/dev_tt_ws/install/rosapi_msgs/include/rosapi_msgs/srv/detail/get_action_servers__struct.hpp
[1.904s] -- Up-to-date symlink: /home/hunajpu/dev_tt_ws/install/rosapi_msgs/include/rosapi_msgs/srv/detail/get_action_servers__traits.hpp
[1.904s] -- Up-to-date symlink: /home/hunajpu/dev_tt_ws/install/rosapi_msgs/include/rosapi_msgs/srv/detail/get_param__builder.hpp
[1.904s] -- Up-to-date symlink: /home/hunajpu/dev_tt_ws/install/rosapi_msgs/include/rosapi_msgs/srv/detail/get_param__struct.hpp
[1.904s] -- Up-to-date symlink: /home/hunajpu/dev_tt_ws/install/rosapi_msgs/include/rosapi_msgs/srv/detail/get_param__traits.hpp
[1.905s] -- Up-to-date symlink: /home/hunajpu/dev_tt_ws/install/rosapi_msgs/include/rosapi_msgs/srv/detail/get_param_names__builder.hpp
[1.905s] -- Up-to-date symlink: /home/hunajpu/dev_tt_ws/install/rosapi_msgs/include/rosapi_msgs/srv/detail/get_param_names__struct.hpp
[1.906s] -- Up-to-date symlink: /home/hunajpu/dev_tt_ws/install/rosapi_msgs/include/rosapi_msgs/srv/detail/get_param_names__traits.hpp
[1.906s] -- Up-to-date symlink: /home/hunajpu/dev_tt_ws/install/rosapi_msgs/include/rosapi_msgs/srv/detail/get_ros_version__builder.hpp
[1.906s] -- Up-to-date symlink: /home/hunajpu/dev_tt_ws/install/rosapi_msgs/include/rosapi_msgs/srv/detail/get_ros_version__struct.hpp
[1.906s] -- Up-to-date symlink: /home/hunajpu/dev_tt_ws/install/rosapi_msgs/include/rosapi_msgs/srv/detail/get_ros_version__traits.hpp
[1.906s] -- Up-to-date symlink: /home/hunajpu/dev_tt_ws/install/rosapi_msgs/include/rosapi_msgs/srv/detail/get_time__builder.hpp
[1.907s] -- Up-to-date symlink: /home/hunajpu/dev_tt_ws/install/rosapi_msgs/include/rosapi_msgs/srv/detail/get_time__struct.hpp
[1.907s] -- Up-to-date symlink: /home/hunajpu/dev_tt_ws/install/rosapi_msgs/include/rosapi_msgs/srv/detail/get_time__traits.hpp
[1.907s] -- Up-to-date symlink: /home/hunajpu/dev_tt_ws/install/rosapi_msgs/include/rosapi_msgs/srv/detail/has_param__builder.hpp
[1.907s] -- Up-to-date symlink: /home/hunajpu/dev_tt_ws/install/rosapi_msgs/include/rosapi_msgs/srv/detail/has_param__struct.hpp
[1.907s] -- Up-to-date symlink: /home/hunajpu/dev_tt_ws/install/rosapi_msgs/include/rosapi_msgs/srv/detail/has_param__traits.hpp
[1.907s] -- Up-to-date symlink: /home/hunajpu/dev_tt_ws/install/rosapi_msgs/include/rosapi_msgs/srv/detail/message_details__builder.hpp
[1.907s] -- Up-to-date symlink: /home/hunajpu/dev_tt_ws/install/rosapi_msgs/include/rosapi_msgs/srv/detail/message_details__struct.hpp
[1.908s] -- Up-to-date symlink: /home/hunajpu/dev_tt_ws/install/rosapi_msgs/include/rosapi_msgs/srv/detail/message_details__traits.hpp
[1.908s] -- Up-to-date symlink: /home/hunajpu/dev_tt_ws/install/rosapi_msgs/include/rosapi_msgs/srv/detail/node_details__builder.hpp
[1.908s] -- Up-to-date symlink: /home/hunajpu/dev_tt_ws/install/rosapi_msgs/include/rosapi_msgs/srv/detail/node_details__struct.hpp
[1.908s] -- Up-to-date symlink: /home/hunajpu/dev_tt_ws/install/rosapi_msgs/include/rosapi_msgs/srv/detail/node_details__traits.hpp
[1.909s] -- Up-to-date symlink: /home/hunajpu/dev_tt_ws/install/rosapi_msgs/include/rosapi_msgs/srv/detail/nodes__builder.hpp
[1.910s] -- Up-to-date symlink: /home/hunajpu/dev_tt_ws/install/rosapi_msgs/include/rosapi_msgs/srv/detail/nodes__struct.hpp
[1.910s] -- Up-to-date symlink: /home/hunajpu/dev_tt_ws/install/rosapi_msgs/include/rosapi_msgs/srv/detail/nodes__traits.hpp
[1.910s] -- Up-to-date symlink: /home/hunajpu/dev_tt_ws/install/rosapi_msgs/include/rosapi_msgs/srv/detail/publishers__builder.hpp
[1.911s] -- Up-to-date symlink: /home/hunajpu/dev_tt_ws/install/rosapi_msgs/include/rosapi_msgs/srv/detail/publishers__struct.hpp
[1.911s] -- Up-to-date symlink: /home/hunajpu/dev_tt_ws/install/rosapi_msgs/include/rosapi_msgs/srv/detail/publishers__traits.hpp
[1.912s] -- Up-to-date symlink: /home/hunajpu/dev_tt_ws/install/rosapi_msgs/include/rosapi_msgs/srv/detail/service_node__builder.hpp
[1.912s] -- Up-to-date symlink: /home/hunajpu/dev_tt_ws/install/rosapi_msgs/include/rosapi_msgs/srv/detail/service_node__struct.hpp
[1.913s] -- Up-to-date symlink: /home/hunajpu/dev_tt_ws/install/rosapi_msgs/include/rosapi_msgs/srv/detail/service_node__traits.hpp
[1.913s] -- Up-to-date symlink: /home/hunajpu/dev_tt_ws/install/rosapi_msgs/include/rosapi_msgs/srv/detail/service_providers__builder.hpp
[1.914s] -- Up-to-date symlink: /home/hunajpu/dev_tt_ws/install/rosapi_msgs/include/rosapi_msgs/srv/detail/service_providers__struct.hpp
[1.914s] -- Up-to-date symlink: /home/hunajpu/dev_tt_ws/install/rosapi_msgs/include/rosapi_msgs/srv/detail/service_providers__traits.hpp
[1.915s] -- Up-to-date symlink: /home/hunajpu/dev_tt_ws/install/rosapi_msgs/include/rosapi_msgs/srv/detail/service_request_details__builder.hpp
[1.915s] -- Up-to-date symlink: /home/hunajpu/dev_tt_ws/install/rosapi_msgs/include/rosapi_msgs/srv/detail/service_request_details__struct.hpp
[1.915s] -- Up-to-date symlink: /home/hunajpu/dev_tt_ws/install/rosapi_msgs/include/rosapi_msgs/srv/detail/service_request_details__traits.hpp
[1.916s] -- Up-to-date symlink: /home/hunajpu/dev_tt_ws/install/rosapi_msgs/include/rosapi_msgs/srv/detail/service_response_details__builder.hpp
[1.916s] -- Up-to-date symlink: /home/hunajpu/dev_tt_ws/install/rosapi_msgs/include/rosapi_msgs/srv/detail/service_response_details__struct.hpp
[1.916s] -- Up-to-date symlink: /home/hunajpu/dev_tt_ws/install/rosapi_msgs/include/rosapi_msgs/srv/detail/service_response_details__traits.hpp
[1.916s] -- Up-to-date symlink: /home/hunajpu/dev_tt_ws/install/rosapi_msgs/include/rosapi_msgs/srv/detail/service_type__builder.hpp
[1.917s] -- Up-to-date symlink: /home/hunajpu/dev_tt_ws/install/rosapi_msgs/include/rosapi_msgs/srv/detail/service_type__struct.hpp
[1.917s] -- Up-to-date symlink: /home/hunajpu/dev_tt_ws/install/rosapi_msgs/include/rosapi_msgs/srv/detail/service_type__traits.hpp
[1.917s] -- Up-to-date symlink: /home/hunajpu/dev_tt_ws/install/rosapi_msgs/include/rosapi_msgs/srv/detail/services__builder.hpp
[1.918s] -- Up-to-date symlink: /home/hunajpu/dev_tt_ws/install/rosapi_msgs/include/rosapi_msgs/srv/detail/services__struct.hpp
[1.918s] -- Up-to-date symlink: /home/hunajpu/dev_tt_ws/install/rosapi_msgs/include/rosapi_msgs/srv/detail/services__traits.hpp
[1.918s] -- Up-to-date symlink: /home/hunajpu/dev_tt_ws/install/rosapi_msgs/include/rosapi_msgs/srv/detail/services_for_type__builder.hpp
[1.918s] -- Up-to-date symlink: /home/hunajpu/dev_tt_ws/install/rosapi_msgs/include/rosapi_msgs/srv/detail/services_for_type__struct.hpp
[1.918s] -- Up-to-date symlink: /home/hunajpu/dev_tt_ws/install/rosapi_msgs/include/rosapi_msgs/srv/detail/services_for_type__traits.hpp
[1.919s] -- Up-to-date symlink: /home/hunajpu/dev_tt_ws/install/rosapi_msgs/include/rosapi_msgs/srv/detail/set_param__builder.hpp
[1.919s] -- Up-to-date symlink: /home/hunajpu/dev_tt_ws/install/rosapi_msgs/include/rosapi_msgs/srv/detail/set_param__struct.hpp
[1.919s] -- Up-to-date symlink: /home/hunajpu/dev_tt_ws/install/rosapi_msgs/include/rosapi_msgs/srv/detail/set_param__traits.hpp
[1.919s] -- Up-to-date symlink: /home/hunajpu/dev_tt_ws/install/rosapi_msgs/include/rosapi_msgs/srv/detail/subscribers__builder.hpp
[1.920s] -- Up-to-date symlink: /home/hunajpu/dev_tt_ws/install/rosapi_msgs/include/rosapi_msgs/srv/detail/subscribers__struct.hpp
[1.920s] -- Up-to-date symlink: /home/hunajpu/dev_tt_ws/install/rosapi_msgs/include/rosapi_msgs/srv/detail/subscribers__traits.hpp
[1.920s] -- Up-to-date symlink: /home/hunajpu/dev_tt_ws/install/rosapi_msgs/include/rosapi_msgs/srv/detail/topic_type__builder.hpp
[1.920s] -- Up-to-date symlink: /home/hunajpu/dev_tt_ws/install/rosapi_msgs/include/rosapi_msgs/srv/detail/topic_type__struct.hpp
[1.920s] -- Up-to-date symlink: /home/hunajpu/dev_tt_ws/install/rosapi_msgs/include/rosapi_msgs/srv/detail/topic_type__traits.hpp
[1.920s] -- Up-to-date symlink: /home/hunajpu/dev_tt_ws/install/rosapi_msgs/include/rosapi_msgs/srv/detail/topics__builder.hpp
[1.921s] -- Up-to-date symlink: /home/hunajpu/dev_tt_ws/install/rosapi_msgs/include/rosapi_msgs/srv/detail/topics__struct.hpp
[1.921s] -- Up-to-date symlink: /home/hunajpu/dev_tt_ws/install/rosapi_msgs/include/rosapi_msgs/srv/detail/topics__traits.hpp
[1.921s] -- Up-to-date symlink: /home/hunajpu/dev_tt_ws/install/rosapi_msgs/include/rosapi_msgs/srv/detail/topics_and_raw_types__builder.hpp
[1.921s] -- Up-to-date symlink: /home/hunajpu/dev_tt_ws/install/rosapi_msgs/include/rosapi_msgs/srv/detail/topics_and_raw_types__struct.hpp
[1.922s] -- Up-to-date symlink: /home/hunajpu/dev_tt_ws/install/rosapi_msgs/include/rosapi_msgs/srv/detail/topics_and_raw_types__traits.hpp
[1.922s] -- Up-to-date symlink: /home/hunajpu/dev_tt_ws/install/rosapi_msgs/include/rosapi_msgs/srv/detail/topics_for_type__builder.hpp
[1.922s] -- Up-to-date symlink: /home/hunajpu/dev_tt_ws/install/rosapi_msgs/include/rosapi_msgs/srv/detail/topics_for_type__struct.hpp
[1.922s] -- Up-to-date symlink: /home/hunajpu/dev_tt_ws/install/rosapi_msgs/include/rosapi_msgs/srv/detail/topics_for_type__traits.hpp
[1.923s] -- Up-to-date symlink: /home/hunajpu/dev_tt_ws/install/rosapi_msgs/include/rosapi_msgs/srv/get_action_servers.hpp
[1.923s] -- Up-to-date symlink: /home/hunajpu/dev_tt_ws/install/rosapi_msgs/include/rosapi_msgs/srv/get_param.hpp
[1.924s] -- Up-to-date symlink: /home/hunajpu/dev_tt_ws/install/rosapi_msgs/include/rosapi_msgs/srv/get_param_names.hpp
[1.924s] -- Up-to-date symlink: /home/hunajpu/dev_tt_ws/install/rosapi_msgs/include/rosapi_msgs/srv/get_ros_version.hpp
[1.924s] -- Up-to-date symlink: /home/hunajpu/dev_tt_ws/install/rosapi_msgs/include/rosapi_msgs/srv/get_time.hpp
[1.925s] -- Up-to-date symlink: /home/hunajpu/dev_tt_ws/install/rosapi_msgs/include/rosapi_msgs/srv/has_param.hpp
[1.925s] -- Up-to-date symlink: /home/hunajpu/dev_tt_ws/install/rosapi_msgs/include/rosapi_msgs/srv/message_details.hpp
[1.926s] -- Up-to-date symlink: /home/hunajpu/dev_tt_ws/install/rosapi_msgs/include/rosapi_msgs/srv/node_details.hpp
[1.926s] -- Up-to-date symlink: /home/hunajpu/dev_tt_ws/install/rosapi_msgs/include/rosapi_msgs/srv/nodes.hpp
[1.927s] -- Up-to-date symlink: /home/hunajpu/dev_tt_ws/install/rosapi_msgs/include/rosapi_msgs/srv/publishers.hpp
[1.927s] -- Up-to-date symlink: /home/hunajpu/dev_tt_ws/install/rosapi_msgs/include/rosapi_msgs/srv/service_node.hpp
[1.928s] -- Up-to-date symlink: /home/hunajpu/dev_tt_ws/install/rosapi_msgs/include/rosapi_msgs/srv/service_providers.hpp
[1.928s] -- Up-to-date symlink: /home/hunajpu/dev_tt_ws/install/rosapi_msgs/include/rosapi_msgs/srv/service_request_details.hpp
[1.928s] -- Up-to-date symlink: /home/hunajpu/dev_tt_ws/install/rosapi_msgs/include/rosapi_msgs/srv/service_response_details.hpp
[1.928s] -- Up-to-date symlink: /home/hunajpu/dev_tt_ws/install/rosapi_msgs/include/rosapi_msgs/srv/service_type.hpp
[1.929s] -- Up-to-date symlink: /home/hunajpu/dev_tt_ws/install/rosapi_msgs/include/rosapi_msgs/srv/services.hpp
[1.929s] -- Up-to-date symlink: /home/hunajpu/dev_tt_ws/install/rosapi_msgs/include/rosapi_msgs/srv/services_for_type.hpp
[1.929s] -- Up-to-date symlink: /home/hunajpu/dev_tt_ws/install/rosapi_msgs/include/rosapi_msgs/srv/set_param.hpp
[1.929s] -- Up-to-date symlink: /home/hunajpu/dev_tt_ws/install/rosapi_msgs/include/rosapi_msgs/srv/subscribers.hpp
[1.930s] -- Up-to-date symlink: /home/hunajpu/dev_tt_ws/install/rosapi_msgs/include/rosapi_msgs/srv/topic_type.hpp
[1.930s] -- Up-to-date symlink: /home/hunajpu/dev_tt_ws/install/rosapi_msgs/include/rosapi_msgs/srv/topics.hpp
[1.932s] -- Up-to-date symlink: /home/hunajpu/dev_tt_ws/install/rosapi_msgs/include/rosapi_msgs/srv/topics_and_raw_types.hpp
[1.932s] -- Up-to-date symlink: /home/hunajpu/dev_tt_ws/install/rosapi_msgs/include/rosapi_msgs/srv/topics_for_type.hpp
[1.933s] -- Up-to-date symlink: /home/hunajpu/dev_tt_ws/install/rosapi_msgs/include/rosapi_msgs/msg/detail/type_def__rosidl_typesupport_introspection_cpp.hpp
[1.933s] -- Up-to-date symlink: /home/hunajpu/dev_tt_ws/install/rosapi_msgs/include/rosapi_msgs/srv/detail/delete_param__rosidl_typesupport_introspection_cpp.hpp
[1.933s] -- Up-to-date symlink: /home/hunajpu/dev_tt_ws/install/rosapi_msgs/include/rosapi_msgs/srv/detail/get_action_servers__rosidl_typesupport_introspection_cpp.hpp
[1.933s] -- Up-to-date symlink: /home/hunajpu/dev_tt_ws/install/rosapi_msgs/include/rosapi_msgs/srv/detail/get_param__rosidl_typesupport_introspection_cpp.hpp
[1.933s] -- Up-to-date symlink: /home/hunajpu/dev_tt_ws/install/rosapi_msgs/include/rosapi_msgs/srv/detail/get_param_names__rosidl_typesupport_introspection_cpp.hpp
[1.934s] -- Up-to-date symlink: /home/hunajpu/dev_tt_ws/install/rosapi_msgs/include/rosapi_msgs/srv/detail/get_ros_version__rosidl_typesupport_introspection_cpp.hpp
[1.934s] -- Up-to-date symlink: /home/hunajpu/dev_tt_ws/install/rosapi_msgs/include/rosapi_msgs/srv/detail/get_time__rosidl_typesupport_introspection_cpp.hpp
[1.934s] -- Up-to-date symlink: /home/hunajpu/dev_tt_ws/install/rosapi_msgs/include/rosapi_msgs/srv/detail/has_param__rosidl_typesupport_introspection_cpp.hpp
[1.934s] -- Up-to-date symlink: /home/hunajpu/dev_tt_ws/install/rosapi_msgs/include/rosapi_msgs/srv/detail/message_details__rosidl_typesupport_introspection_cpp.hpp
[1.935s] -- Up-to-date symlink: /home/hunajpu/dev_tt_ws/install/rosapi_msgs/include/rosapi_msgs/srv/detail/node_details__rosidl_typesupport_introspection_cpp.hpp
[1.935s] -- Up-to-date symlink: /home/hunajpu/dev_tt_ws/install/rosapi_msgs/include/rosapi_msgs/srv/detail/nodes__rosidl_typesupport_introspection_cpp.hpp
[1.935s] -- Up-to-date symlink: /home/hunajpu/dev_tt_ws/install/rosapi_msgs/include/rosapi_msgs/srv/detail/publishers__rosidl_typesupport_introspection_cpp.hpp
[1.935s] -- Up-to-date symlink: /home/hunajpu/dev_tt_ws/install/rosapi_msgs/include/rosapi_msgs/srv/detail/service_node__rosidl_typesupport_introspection_cpp.hpp
[1.936s] -- Up-to-date symlink: /home/hunajpu/dev_tt_ws/install/rosapi_msgs/include/rosapi_msgs/srv/detail/service_providers__rosidl_typesupport_introspection_cpp.hpp
[1.936s] -- Up-to-date symlink: /home/hunajpu/dev_tt_ws/install/rosapi_msgs/include/rosapi_msgs/srv/detail/service_request_details__rosidl_typesupport_introspection_cpp.hpp
[1.937s] -- Up-to-date symlink: /home/hunajpu/dev_tt_ws/install/rosapi_msgs/include/rosapi_msgs/srv/detail/service_response_details__rosidl_typesupport_introspection_cpp.hpp
[1.937s] -- Up-to-date symlink: /home/hunajpu/dev_tt_ws/install/rosapi_msgs/include/rosapi_msgs/srv/detail/service_type__rosidl_typesupport_introspection_cpp.hpp
[1.937s] -- Up-to-date symlink: /home/hunajpu/dev_tt_ws/install/rosapi_msgs/include/rosapi_msgs/srv/detail/services__rosidl_typesupport_introspection_cpp.hpp
[1.938s] -- Up-to-date symlink: /home/hunajpu/dev_tt_ws/install/rosapi_msgs/include/rosapi_msgs/srv/detail/services_for_type__rosidl_typesupport_introspection_cpp.hpp
[1.938s] -- Up-to-date symlink: /home/hunajpu/dev_tt_ws/install/rosapi_msgs/include/rosapi_msgs/srv/detail/set_param__rosidl_typesupport_introspection_cpp.hpp
[1.939s] -- Up-to-date symlink: /home/hunajpu/dev_tt_ws/install/rosapi_msgs/include/rosapi_msgs/srv/detail/subscribers__rosidl_typesupport_introspection_cpp.hpp
[1.939s] -- Up-to-date symlink: /home/hunajpu/dev_tt_ws/install/rosapi_msgs/include/rosapi_msgs/srv/detail/topic_type__rosidl_typesupport_introspection_cpp.hpp
[1.940s] -- Up-to-date symlink: /home/hunajpu/dev_tt_ws/install/rosapi_msgs/include/rosapi_msgs/srv/detail/topics__rosidl_typesupport_introspection_cpp.hpp
[1.940s] -- Up-to-date symlink: /home/hunajpu/dev_tt_ws/install/rosapi_msgs/include/rosapi_msgs/srv/detail/topics_and_raw_types__rosidl_typesupport_introspection_cpp.hpp
[1.941s] -- Up-to-date symlink: /home/hunajpu/dev_tt_ws/install/rosapi_msgs/include/rosapi_msgs/srv/detail/topics_for_type__rosidl_typesupport_introspection_cpp.hpp
[1.941s] -- Up-to-date symlink: /home/hunajpu/dev_tt_ws/install/rosapi_msgs/share/rosapi_msgs/environment/pythonpath.sh
[1.942s] -- Up-to-date symlink: /home/hunajpu/dev_tt_ws/install/rosapi_msgs/share/rosapi_msgs/environment/pythonpath.dsv
[1.942s] -- Up-to-date symlink: /home/hunajpu/dev_tt_ws/install/rosapi_msgs/lib/python3.8/site-packages/rosapi_msgs/__init__.py
[1.944s] -- Up-to-date symlink: /home/hunajpu/dev_tt_ws/install/rosapi_msgs/lib/python3.8/site-packages/rosapi_msgs/msg/__init__.py
[1.944s] -- Up-to-date symlink: /home/hunajpu/dev_tt_ws/install/rosapi_msgs/lib/python3.8/site-packages/rosapi_msgs/msg/_type_def.py
[1.945s] -- Up-to-date symlink: /home/hunajpu/dev_tt_ws/install/rosapi_msgs/lib/python3.8/site-packages/rosapi_msgs/srv/__init__.py
[1.946s] -- Up-to-date symlink: /home/hunajpu/dev_tt_ws/install/rosapi_msgs/lib/python3.8/site-packages/rosapi_msgs/srv/_delete_param.py
[1.946s] -- Up-to-date symlink: /home/hunajpu/dev_tt_ws/install/rosapi_msgs/lib/python3.8/site-packages/rosapi_msgs/srv/_get_action_servers.py
[1.946s] -- Up-to-date symlink: /home/hunajpu/dev_tt_ws/install/rosapi_msgs/lib/python3.8/site-packages/rosapi_msgs/srv/_get_param.py
[1.947s] -- Up-to-date symlink: /home/hunajpu/dev_tt_ws/install/rosapi_msgs/lib/python3.8/site-packages/rosapi_msgs/srv/_get_param_names.py
[1.947s] -- Up-to-date symlink: /home/hunajpu/dev_tt_ws/install/rosapi_msgs/lib/python3.8/site-packages/rosapi_msgs/srv/_get_ros_version.py
[1.947s] -- Up-to-date symlink: /home/hunajpu/dev_tt_ws/install/rosapi_msgs/lib/python3.8/site-packages/rosapi_msgs/srv/_get_time.py
[1.947s] -- Up-to-date symlink: /home/hunajpu/dev_tt_ws/install/rosapi_msgs/lib/python3.8/site-packages/rosapi_msgs/srv/_has_param.py
[1.948s] -- Up-to-date symlink: /home/hunajpu/dev_tt_ws/install/rosapi_msgs/lib/python3.8/site-packages/rosapi_msgs/srv/_message_details.py
[1.948s] -- Up-to-date symlink: /home/hunajpu/dev_tt_ws/install/rosapi_msgs/lib/python3.8/site-packages/rosapi_msgs/srv/_node_details.py
[1.948s] -- Up-to-date symlink: /home/hunajpu/dev_tt_ws/install/rosapi_msgs/lib/python3.8/site-packages/rosapi_msgs/srv/_nodes.py
[1.948s] -- Up-to-date symlink: /home/hunajpu/dev_tt_ws/install/rosapi_msgs/lib/python3.8/site-packages/rosapi_msgs/srv/_publishers.py
[1.948s] -- Up-to-date symlink: /home/hunajpu/dev_tt_ws/install/rosapi_msgs/lib/python3.8/site-packages/rosapi_msgs/srv/_service_node.py
[1.948s] -- Up-to-date symlink: /home/hunajpu/dev_tt_ws/install/rosapi_msgs/lib/python3.8/site-packages/rosapi_msgs/srv/_service_providers.py
[1.949s] -- Up-to-date symlink: /home/hunajpu/dev_tt_ws/install/rosapi_msgs/lib/python3.8/site-packages/rosapi_msgs/srv/_service_request_details.py
[1.949s] -- Up-to-date symlink: /home/hunajpu/dev_tt_ws/install/rosapi_msgs/lib/python3.8/site-packages/rosapi_msgs/srv/_service_response_details.py
[1.949s] -- Up-to-date symlink: /home/hunajpu/dev_tt_ws/install/rosapi_msgs/lib/python3.8/site-packages/rosapi_msgs/srv/_service_type.py
[1.949s] -- Up-to-date symlink: /home/hunajpu/dev_tt_ws/install/rosapi_msgs/lib/python3.8/site-packages/rosapi_msgs/srv/_services.py
[1.949s] -- Up-to-date symlink: /home/hunajpu/dev_tt_ws/install/rosapi_msgs/lib/python3.8/site-packages/rosapi_msgs/srv/_services_for_type.py
[1.949s] -- Up-to-date symlink: /home/hunajpu/dev_tt_ws/install/rosapi_msgs/lib/python3.8/site-packages/rosapi_msgs/srv/_set_param.py
[1.950s] -- Up-to-date symlink: /home/hunajpu/dev_tt_ws/install/rosapi_msgs/lib/python3.8/site-packages/rosapi_msgs/srv/_subscribers.py
[1.950s] -- Up-to-date symlink: /home/hunajpu/dev_tt_ws/install/rosapi_msgs/lib/python3.8/site-packages/rosapi_msgs/srv/_topic_type.py
[1.950s] -- Up-to-date symlink: /home/hunajpu/dev_tt_ws/install/rosapi_msgs/lib/python3.8/site-packages/rosapi_msgs/srv/_topics.py
[1.950s] -- Up-to-date symlink: /home/hunajpu/dev_tt_ws/install/rosapi_msgs/lib/python3.8/site-packages/rosapi_msgs/srv/_topics_and_raw_types.py
[1.951s] -- Up-to-date symlink: /home/hunajpu/dev_tt_ws/install/rosapi_msgs/lib/python3.8/site-packages/rosapi_msgs/srv/_topics_for_type.py
[1.951s] -- Up-to-date symlink: /home/hunajpu/dev_tt_ws/install/rosapi_msgs/lib/python3.8/site-packages/rosapi_msgs/rosapi_msgs_s__rosidl_typesupport_fastrtps_c.cpython-38-x86_64-linux-gnu.so
[1.952s] -- Up-to-date symlink: /home/hunajpu/dev_tt_ws/install/rosapi_msgs/lib/python3.8/site-packages/rosapi_msgs/rosapi_msgs_s__rosidl_typesupport_introspection_c.cpython-38-x86_64-linux-gnu.so
[1.954s] -- Up-to-date symlink: /home/hunajpu/dev_tt_ws/install/rosapi_msgs/lib/python3.8/site-packages/rosapi_msgs/rosapi_msgs_s__rosidl_typesupport_c.cpython-38-x86_64-linux-gnu.so
[1.956s] -- Up-to-date symlink: /home/hunajpu/dev_tt_ws/install/rosapi_msgs/lib/librosapi_msgs__python.so
[1.957s] -- Up-to-date symlink: /home/hunajpu/dev_tt_ws/install/rosapi_msgs/share/rosapi_msgs/msg/TypeDef.idl
[1.957s] -- Up-to-date symlink: /home/hunajpu/dev_tt_ws/install/rosapi_msgs/share/rosapi_msgs/srv/DeleteParam.idl
[1.958s] -- Up-to-date symlink: /home/hunajpu/dev_tt_ws/install/rosapi_msgs/share/rosapi_msgs/srv/GetActionServers.idl
[1.958s] -- Up-to-date symlink: /home/hunajpu/dev_tt_ws/install/rosapi_msgs/share/rosapi_msgs/srv/GetParam.idl
[1.958s] -- Up-to-date symlink: /home/hunajpu/dev_tt_ws/install/rosapi_msgs/share/rosapi_msgs/srv/GetParamNames.idl
[1.958s] -- Up-to-date symlink: /home/hunajpu/dev_tt_ws/install/rosapi_msgs/share/rosapi_msgs/srv/GetROSVersion.idl
[1.958s] -- Up-to-date symlink: /home/hunajpu/dev_tt_ws/install/rosapi_msgs/share/rosapi_msgs/srv/GetTime.idl
[1.959s] -- Up-to-date symlink: /home/hunajpu/dev_tt_ws/install/rosapi_msgs/share/rosapi_msgs/srv/HasParam.idl
[1.959s] -- Up-to-date symlink: /home/hunajpu/dev_tt_ws/install/rosapi_msgs/share/rosapi_msgs/srv/MessageDetails.idl
[1.959s] -- Up-to-date symlink: /home/hunajpu/dev_tt_ws/install/rosapi_msgs/share/rosapi_msgs/srv/Nodes.idl
[1.959s] -- Up-to-date symlink: /home/hunajpu/dev_tt_ws/install/rosapi_msgs/share/rosapi_msgs/srv/NodeDetails.idl
[1.959s] -- Up-to-date symlink: /home/hunajpu/dev_tt_ws/install/rosapi_msgs/share/rosapi_msgs/srv/Publishers.idl
[1.960s] -- Up-to-date symlink: /home/hunajpu/dev_tt_ws/install/rosapi_msgs/share/rosapi_msgs/srv/ServiceNode.idl
[1.960s] -- Up-to-date symlink: /home/hunajpu/dev_tt_ws/install/rosapi_msgs/share/rosapi_msgs/srv/ServiceProviders.idl
[1.960s] -- Up-to-date symlink: /home/hunajpu/dev_tt_ws/install/rosapi_msgs/share/rosapi_msgs/srv/ServiceRequestDetails.idl
[1.960s] -- Up-to-date symlink: /home/hunajpu/dev_tt_ws/install/rosapi_msgs/share/rosapi_msgs/srv/ServiceResponseDetails.idl
[1.960s] -- Up-to-date symlink: /home/hunajpu/dev_tt_ws/install/rosapi_msgs/share/rosapi_msgs/srv/Services.idl
[1.960s] -- Up-to-date symlink: /home/hunajpu/dev_tt_ws/install/rosapi_msgs/share/rosapi_msgs/srv/ServicesForType.idl
[1.961s] -- Up-to-date symlink: /home/hunajpu/dev_tt_ws/install/rosapi_msgs/share/rosapi_msgs/srv/ServiceType.idl
[1.961s] -- Up-to-date symlink: /home/hunajpu/dev_tt_ws/install/rosapi_msgs/share/rosapi_msgs/srv/SetParam.idl
[1.961s] -- Up-to-date symlink: /home/hunajpu/dev_tt_ws/install/rosapi_msgs/share/rosapi_msgs/srv/Subscribers.idl
[1.961s] -- Up-to-date symlink: /home/hunajpu/dev_tt_ws/install/rosapi_msgs/share/rosapi_msgs/srv/Topics.idl
[1.961s] -- Up-to-date symlink: /home/hunajpu/dev_tt_ws/install/rosapi_msgs/share/rosapi_msgs/srv/TopicsAndRawTypes.idl
[1.962s] -- Up-to-date symlink: /home/hunajpu/dev_tt_ws/install/rosapi_msgs/share/rosapi_msgs/srv/TopicsForType.idl
[1.962s] -- Up-to-date symlink: /home/hunajpu/dev_tt_ws/install/rosapi_msgs/share/rosapi_msgs/srv/TopicType.idl
[1.962s] -- Up-to-date symlink: /home/hunajpu/dev_tt_ws/install/rosapi_msgs/share/rosapi_msgs/msg/TypeDef.msg
[1.962s] -- Up-to-date symlink: /home/hunajpu/dev_tt_ws/install/rosapi_msgs/share/rosapi_msgs/srv/DeleteParam.srv
[1.962s] -- Up-to-date symlink: /home/hunajpu/dev_tt_ws/install/rosapi_msgs/share/rosapi_msgs/srv/DeleteParam_Request.msg
[1.962s] -- Up-to-date symlink: /home/hunajpu/dev_tt_ws/install/rosapi_msgs/share/rosapi_msgs/srv/DeleteParam_Response.msg
[1.962s] -- Up-to-date symlink: /home/hunajpu/dev_tt_ws/install/rosapi_msgs/share/rosapi_msgs/srv/GetActionServers.srv
[1.963s] -- Up-to-date symlink: /home/hunajpu/dev_tt_ws/install/rosapi_msgs/share/rosapi_msgs/srv/GetActionServers_Request.msg
[1.963s] -- Up-to-date symlink: /home/hunajpu/dev_tt_ws/install/rosapi_msgs/share/rosapi_msgs/srv/GetActionServers_Response.msg
[1.963s] -- Up-to-date symlink: /home/hunajpu/dev_tt_ws/install/rosapi_msgs/share/rosapi_msgs/srv/GetParam.srv
[1.963s] -- Up-to-date symlink: /home/hunajpu/dev_tt_ws/install/rosapi_msgs/share/rosapi_msgs/srv/GetParam_Request.msg
[1.963s] -- Up-to-date symlink: /home/hunajpu/dev_tt_ws/install/rosapi_msgs/share/rosapi_msgs/srv/GetParam_Response.msg
[1.963s] -- Up-to-date symlink: /home/hunajpu/dev_tt_ws/install/rosapi_msgs/share/rosapi_msgs/srv/GetParamNames.srv
[1.964s] -- Up-to-date symlink: /home/hunajpu/dev_tt_ws/install/rosapi_msgs/share/rosapi_msgs/srv/GetParamNames_Request.msg
[1.964s] -- Up-to-date symlink: /home/hunajpu/dev_tt_ws/install/rosapi_msgs/share/rosapi_msgs/srv/GetParamNames_Response.msg
[1.964s] -- Up-to-date symlink: /home/hunajpu/dev_tt_ws/install/rosapi_msgs/share/rosapi_msgs/srv/GetROSVersion.srv
[1.964s] -- Up-to-date symlink: /home/hunajpu/dev_tt_ws/install/rosapi_msgs/share/rosapi_msgs/srv/GetROSVersion_Request.msg
[1.964s] -- Up-to-date symlink: /home/hunajpu/dev_tt_ws/install/rosapi_msgs/share/rosapi_msgs/srv/GetROSVersion_Response.msg
[1.964s] -- Up-to-date symlink: /home/hunajpu/dev_tt_ws/install/rosapi_msgs/share/rosapi_msgs/srv/GetTime.srv
[1.965s] -- Up-to-date symlink: /home/hunajpu/dev_tt_ws/install/rosapi_msgs/share/rosapi_msgs/srv/GetTime_Request.msg
[1.965s] -- Up-to-date symlink: /home/hunajpu/dev_tt_ws/install/rosapi_msgs/share/rosapi_msgs/srv/GetTime_Response.msg
[1.965s] -- Up-to-date symlink: /home/hunajpu/dev_tt_ws/install/rosapi_msgs/share/rosapi_msgs/srv/HasParam.srv
[1.965s] -- Up-to-date symlink: /home/hunajpu/dev_tt_ws/install/rosapi_msgs/share/rosapi_msgs/srv/HasParam_Request.msg
[1.965s] -- Up-to-date symlink: /home/hunajpu/dev_tt_ws/install/rosapi_msgs/share/rosapi_msgs/srv/HasParam_Response.msg
[1.965s] -- Up-to-date symlink: /home/hunajpu/dev_tt_ws/install/rosapi_msgs/share/rosapi_msgs/srv/MessageDetails.srv
[1.966s] -- Up-to-date symlink: /home/hunajpu/dev_tt_ws/install/rosapi_msgs/share/rosapi_msgs/srv/MessageDetails_Request.msg
[1.967s] -- Up-to-date symlink: /home/hunajpu/dev_tt_ws/install/rosapi_msgs/share/rosapi_msgs/srv/MessageDetails_Response.msg
[1.967s] -- Up-to-date symlink: /home/hunajpu/dev_tt_ws/install/rosapi_msgs/share/rosapi_msgs/srv/Nodes.srv
[1.967s] -- Up-to-date symlink: /home/hunajpu/dev_tt_ws/install/rosapi_msgs/share/rosapi_msgs/srv/Nodes_Request.msg
[1.967s] -- Up-to-date symlink: /home/hunajpu/dev_tt_ws/install/rosapi_msgs/share/rosapi_msgs/srv/Nodes_Response.msg
[1.967s] -- Up-to-date symlink: /home/hunajpu/dev_tt_ws/install/rosapi_msgs/share/rosapi_msgs/srv/NodeDetails.srv
[1.967s] -- Up-to-date symlink: /home/hunajpu/dev_tt_ws/install/rosapi_msgs/share/rosapi_msgs/srv/NodeDetails_Request.msg
[1.968s] -- Up-to-date symlink: /home/hunajpu/dev_tt_ws/install/rosapi_msgs/share/rosapi_msgs/srv/NodeDetails_Response.msg
[1.968s] -- Up-to-date symlink: /home/hunajpu/dev_tt_ws/install/rosapi_msgs/share/rosapi_msgs/srv/Publishers.srv
[1.968s] -- Up-to-date symlink: /home/hunajpu/dev_tt_ws/install/rosapi_msgs/share/rosapi_msgs/srv/Publishers_Request.msg
[1.968s] -- Up-to-date symlink: /home/hunajpu/dev_tt_ws/install/rosapi_msgs/share/rosapi_msgs/srv/Publishers_Response.msg
[1.969s] -- Up-to-date symlink: /home/hunajpu/dev_tt_ws/install/rosapi_msgs/share/rosapi_msgs/srv/ServiceNode.srv
[1.969s] -- Up-to-date symlink: /home/hunajpu/dev_tt_ws/install/rosapi_msgs/share/rosapi_msgs/srv/ServiceNode_Request.msg
[1.969s] -- Up-to-date symlink: /home/hunajpu/dev_tt_ws/install/rosapi_msgs/share/rosapi_msgs/srv/ServiceNode_Response.msg
[1.970s] -- Up-to-date symlink: /home/hunajpu/dev_tt_ws/install/rosapi_msgs/share/rosapi_msgs/srv/ServiceProviders.srv
[1.970s] -- Up-to-date symlink: /home/hunajpu/dev_tt_ws/install/rosapi_msgs/share/rosapi_msgs/srv/ServiceProviders_Request.msg
[1.970s] -- Up-to-date symlink: /home/hunajpu/dev_tt_ws/install/rosapi_msgs/share/rosapi_msgs/srv/ServiceProviders_Response.msg
[1.972s] -- Up-to-date symlink: /home/hunajpu/dev_tt_ws/install/rosapi_msgs/share/rosapi_msgs/srv/ServiceRequestDetails.srv
[1.972s] -- Up-to-date symlink: /home/hunajpu/dev_tt_ws/install/rosapi_msgs/share/rosapi_msgs/srv/ServiceRequestDetails_Request.msg
[1.972s] -- Up-to-date symlink: /home/hunajpu/dev_tt_ws/install/rosapi_msgs/share/rosapi_msgs/srv/ServiceRequestDetails_Response.msg
[1.972s] -- Up-to-date symlink: /home/hunajpu/dev_tt_ws/install/rosapi_msgs/share/rosapi_msgs/srv/ServiceResponseDetails.srv
[1.973s] -- Up-to-date symlink: /home/hunajpu/dev_tt_ws/install/rosapi_msgs/share/rosapi_msgs/srv/ServiceResponseDetails_Request.msg
[1.973s] -- Up-to-date symlink: /home/hunajpu/dev_tt_ws/install/rosapi_msgs/share/rosapi_msgs/srv/ServiceResponseDetails_Response.msg
[1.973s] -- Up-to-date symlink: /home/hunajpu/dev_tt_ws/install/rosapi_msgs/share/rosapi_msgs/srv/Services.srv
[1.973s] -- Up-to-date symlink: /home/hunajpu/dev_tt_ws/install/rosapi_msgs/share/rosapi_msgs/srv/Services_Request.msg
[1.973s] -- Up-to-date symlink: /home/hunajpu/dev_tt_ws/install/rosapi_msgs/share/rosapi_msgs/srv/Services_Response.msg
[1.974s] -- Up-to-date symlink: /home/hunajpu/dev_tt_ws/install/rosapi_msgs/share/rosapi_msgs/srv/ServicesForType.srv
[1.974s] -- Up-to-date symlink: /home/hunajpu/dev_tt_ws/install/rosapi_msgs/share/rosapi_msgs/srv/ServicesForType_Request.msg
[1.974s] -- Up-to-date symlink: /home/hunajpu/dev_tt_ws/install/rosapi_msgs/share/rosapi_msgs/srv/ServicesForType_Response.msg
[1.974s] -- Up-to-date symlink: /home/hunajpu/dev_tt_ws/install/rosapi_msgs/share/rosapi_msgs/srv/ServiceType.srv
[1.975s] -- Up-to-date symlink: /home/hunajpu/dev_tt_ws/install/rosapi_msgs/share/rosapi_msgs/srv/ServiceType_Request.msg
[1.975s] -- Up-to-date symlink: /home/hunajpu/dev_tt_ws/install/rosapi_msgs/share/rosapi_msgs/srv/ServiceType_Response.msg
[1.975s] -- Up-to-date symlink: /home/hunajpu/dev_tt_ws/install/rosapi_msgs/share/rosapi_msgs/srv/SetParam.srv
[1.975s] -- Up-to-date symlink: /home/hunajpu/dev_tt_ws/install/rosapi_msgs/share/rosapi_msgs/srv/SetParam_Request.msg
[1.976s] -- Up-to-date symlink: /home/hunajpu/dev_tt_ws/install/rosapi_msgs/share/rosapi_msgs/srv/SetParam_Response.msg
[1.976s] -- Up-to-date symlink: /home/hunajpu/dev_tt_ws/install/rosapi_msgs/share/rosapi_msgs/srv/Subscribers.srv
[1.976s] -- Up-to-date symlink: /home/hunajpu/dev_tt_ws/install/rosapi_msgs/share/rosapi_msgs/srv/Subscribers_Request.msg
[1.976s] -- Up-to-date symlink: /home/hunajpu/dev_tt_ws/install/rosapi_msgs/share/rosapi_msgs/srv/Subscribers_Response.msg
[1.977s] -- Up-to-date symlink: /home/hunajpu/dev_tt_ws/install/rosapi_msgs/share/rosapi_msgs/srv/Topics.srv
[1.977s] -- Up-to-date symlink: /home/hunajpu/dev_tt_ws/install/rosapi_msgs/share/rosapi_msgs/srv/Topics_Request.msg
[1.977s] -- Up-to-date symlink: /home/hunajpu/dev_tt_ws/install/rosapi_msgs/share/rosapi_msgs/srv/Topics_Response.msg
[1.978s] -- Up-to-date symlink: /home/hunajpu/dev_tt_ws/install/rosapi_msgs/share/rosapi_msgs/srv/TopicsAndRawTypes.srv
[1.978s] -- Up-to-date symlink: /home/hunajpu/dev_tt_ws/install/rosapi_msgs/share/rosapi_msgs/srv/TopicsAndRawTypes_Request.msg
[1.978s] -- Up-to-date symlink: /home/hunajpu/dev_tt_ws/install/rosapi_msgs/share/rosapi_msgs/srv/TopicsAndRawTypes_Response.msg
[1.979s] -- Up-to-date symlink: /home/hunajpu/dev_tt_ws/install/rosapi_msgs/share/rosapi_msgs/srv/TopicsForType.srv
[1.979s] -- Up-to-date symlink: /home/hunajpu/dev_tt_ws/install/rosapi_msgs/share/rosapi_msgs/srv/TopicsForType_Request.msg
[1.979s] -- Up-to-date symlink: /home/hunajpu/dev_tt_ws/install/rosapi_msgs/share/rosapi_msgs/srv/TopicsForType_Response.msg
[1.979s] -- Up-to-date symlink: /home/hunajpu/dev_tt_ws/install/rosapi_msgs/share/rosapi_msgs/srv/TopicType.srv
[1.980s] -- Up-to-date symlink: /home/hunajpu/dev_tt_ws/install/rosapi_msgs/share/rosapi_msgs/srv/TopicType_Request.msg
[1.980s] -- Up-to-date symlink: /home/hunajpu/dev_tt_ws/install/rosapi_msgs/share/rosapi_msgs/srv/TopicType_Response.msg
[1.980s] -- Up-to-date symlink: /home/hunajpu/dev_tt_ws/install/rosapi_msgs/share/ament_index/resource_index/package_run_dependencies/rosapi_msgs
[1.980s] -- Up-to-date symlink: /home/hunajpu/dev_tt_ws/install/rosapi_msgs/share/ament_index/resource_index/parent_prefix_path/rosapi_msgs
[1.980s] -- Up-to-date symlink: /home/hunajpu/dev_tt_ws/install/rosapi_msgs/share/rosapi_msgs/environment/ament_prefix_path.sh
[1.981s] -- Up-to-date symlink: /home/hunajpu/dev_tt_ws/install/rosapi_msgs/share/rosapi_msgs/environment/ament_prefix_path.dsv
[1.981s] -- Up-to-date symlink: /home/hunajpu/dev_tt_ws/install/rosapi_msgs/share/rosapi_msgs/environment/path.sh
[1.981s] -- Up-to-date symlink: /home/hunajpu/dev_tt_ws/install/rosapi_msgs/share/rosapi_msgs/environment/path.dsv
[1.981s] -- Up-to-date symlink: /home/hunajpu/dev_tt_ws/install/rosapi_msgs/share/rosapi_msgs/local_setup.bash
[1.981s] -- Up-to-date symlink: /home/hunajpu/dev_tt_ws/install/rosapi_msgs/share/rosapi_msgs/local_setup.sh
[1.982s] -- Up-to-date symlink: /home/hunajpu/dev_tt_ws/install/rosapi_msgs/share/rosapi_msgs/local_setup.zsh
[1.982s] -- Up-to-date symlink: /home/hunajpu/dev_tt_ws/install/rosapi_msgs/share/rosapi_msgs/local_setup.dsv
[1.982s] -- Symlinking: /home/hunajpu/dev_tt_ws/install/rosapi_msgs/share/rosapi_msgs/package.dsv
[1.994s] -- Up-to-date symlink: /home/hunajpu/dev_tt_ws/install/rosapi_msgs/share/ament_index/resource_index/packages/rosapi_msgs
[1.995s] -- Up-to-date symlink: /home/hunajpu/dev_tt_ws/install/rosapi_msgs/share/rosapi_msgs/cmake/rosidl_cmake-extras.cmake
[1.995s] -- Up-to-date symlink: /home/hunajpu/dev_tt_ws/install/rosapi_msgs/share/rosapi_msgs/cmake/ament_cmake_export_dependencies-extras.cmake
[1.996s] -- Up-to-date symlink: /home/hunajpu/dev_tt_ws/install/rosapi_msgs/share/rosapi_msgs/cmake/ament_cmake_export_libraries-extras.cmake
[1.996s] -- Up-to-date symlink: /home/hunajpu/dev_tt_ws/install/rosapi_msgs/share/rosapi_msgs/cmake/ament_cmake_export_targets-extras.cmake
[1.996s] -- Up-to-date symlink: /home/hunajpu/dev_tt_ws/install/rosapi_msgs/share/rosapi_msgs/cmake/ament_cmake_export_include_directories-extras.cmake
[1.997s] -- Up-to-date symlink: /home/hunajpu/dev_tt_ws/install/rosapi_msgs/share/rosapi_msgs/cmake/rosidl_cmake_export_typesupport_libraries-extras.cmake
[1.997s] -- Up-to-date symlink: /home/hunajpu/dev_tt_ws/install/rosapi_msgs/share/rosapi_msgs/cmake/rosidl_cmake_export_typesupport_targets-extras.cmake
[2.000s] -- Up-to-date symlink: /home/hunajpu/dev_tt_ws/install/rosapi_msgs/share/rosapi_msgs/cmake/rosapi_msgsConfig.cmake
[2.002s] -- Up-to-date symlink: /home/hunajpu/dev_tt_ws/install/rosapi_msgs/share/rosapi_msgs/cmake/rosapi_msgsConfig-version.cmake
[2.002s] -- Up-to-date symlink: /home/hunajpu/dev_tt_ws/install/rosapi_msgs/share/rosapi_msgs/package.xml
[2.004s] -- Up-to-date: /home/hunajpu/dev_tt_ws/install/rosapi_msgs/lib/librosapi_msgs__rosidl_generator_c.so
[2.005s] -- Up-to-date: /home/hunajpu/dev_tt_ws/install/rosapi_msgs/lib/librosapi_msgs__rosidl_typesupport_introspection_c.so
[2.006s] -- Up-to-date: /home/hunajpu/dev_tt_ws/install/rosapi_msgs/lib/librosapi_msgs__rosidl_typesupport_c.so
[2.007s] -- Up-to-date: /home/hunajpu/dev_tt_ws/install/rosapi_msgs/lib/librosapi_msgs__rosidl_typesupport_introspection_cpp.so
[2.007s] -- Up-to-date: /home/hunajpu/dev_tt_ws/install/rosapi_msgs/lib/librosapi_msgs__rosidl_typesupport_cpp.so
[2.063s] -- Up-to-date: /home/hunajpu/dev_tt_ws/install/rosapi_msgs/share/rosapi_msgs/cmake/rosapi_msgs__rosidl_generator_cExport.cmake
[2.063s] -- Up-to-date: /home/hunajpu/dev_tt_ws/install/rosapi_msgs/share/rosapi_msgs/cmake/rosapi_msgs__rosidl_generator_cExport-debug.cmake
[2.063s] -- Up-to-date: /home/hunajpu/dev_tt_ws/install/rosapi_msgs/share/rosapi_msgs/cmake/rosapi_msgs__rosidl_typesupport_introspection_cExport.cmake
[2.064s] -- Up-to-date: /home/hunajpu/dev_tt_ws/install/rosapi_msgs/share/rosapi_msgs/cmake/rosapi_msgs__rosidl_typesupport_introspection_cExport-debug.cmake
[2.064s] -- Up-to-date: /home/hunajpu/dev_tt_ws/install/rosapi_msgs/share/rosapi_msgs/cmake/rosapi_msgs__rosidl_typesupport_cExport.cmake
[2.064s] -- Up-to-date: /home/hunajpu/dev_tt_ws/install/rosapi_msgs/share/rosapi_msgs/cmake/rosapi_msgs__rosidl_typesupport_cExport-debug.cmake
[2.064s] -- Up-to-date: /home/hunajpu/dev_tt_ws/install/rosapi_msgs/share/rosapi_msgs/cmake/rosapi_msgs__rosidl_generator_cppExport.cmake
[2.065s] -- Up-to-date: /home/hunajpu/dev_tt_ws/install/rosapi_msgs/share/rosapi_msgs/cmake/rosapi_msgs__rosidl_typesupport_introspection_cppExport.cmake
[2.065s] -- Up-to-date: /home/hunajpu/dev_tt_ws/install/rosapi_msgs/share/rosapi_msgs/cmake/rosapi_msgs__rosidl_typesupport_introspection_cppExport-debug.cmake
[2.065s] -- Up-to-date: /home/hunajpu/dev_tt_ws/install/rosapi_msgs/share/rosapi_msgs/cmake/rosapi_msgs__rosidl_typesupport_cppExport.cmake
[2.065s] -- Up-to-date: /home/hunajpu/dev_tt_ws/install/rosapi_msgs/share/rosapi_msgs/cmake/rosapi_msgs__rosidl_typesupport_cppExport-debug.cmake
[2.073s] Invoked command in '/home/hunajpu/dev_tt_ws/build/rosapi_msgs' returned '0': CMAKE_PREFIX_PATH=${CMAKE_PREFIX_PATH}:/opt/ros/foxy /usr/bin/cmake --install /home/hunajpu/dev_tt_ws/build/rosapi_msgs
