[0.016s] Invoking command in '/home/hunajpu/dev_tt_ws/build/rosbridge_server': AMENT_PREFIX_PATH=/home/hunajpu/dev_tt_ws/install/rosapi:/home/hunajpu/dev_tt_ws/install/rosbridge_library:/home/hunajpu/dev_tt_ws/install/rosbridge_msgs:/home/hunajpu/dev_tt_ws/install/rosapi_msgs:${AMENT_PREFIX_PATH} CMAKE_PREFIX_PATH=/home/hunajpu/dev_tt_ws/install/rosapi:/home/hunajpu/dev_tt_ws/install/rosbridge_library:/home/hunajpu/dev_tt_ws/install/rosbridge_msgs:/home/hunajpu/dev_tt_ws/install/rosapi_msgs:/opt/ros/foxy LD_LIBRARY_PATH=/home/hunajpu/dev_tt_ws/install/rosbridge_msgs/lib:/home/hunajpu/dev_tt_ws/install/rosapi_msgs/lib:${LD_LIBRARY_PATH} PYTHONPATH=/home/hunajpu/dev_tt_ws/install/rosapi/lib/python3.8/site-packages:/home/hunajpu/dev_tt_ws/install/rosbridge_library/lib/python3.8/site-packages:/home/hunajpu/dev_tt_ws/install/rosbridge_msgs/lib/python3.8/site-packages:/home/hunajpu/dev_tt_ws/install/rosapi_msgs/lib/python3.8/site-packages:${PYTHONPATH} /usr/bin/cmake /home/hunajpu/dev_tt_ws/src/rosbridge_suite/rosbridge_server -DAMENT_CMAKE_SYMLINK_INSTALL=1 -DCMAKE_INSTALL_PREFIX=/home/hunajpu/dev_tt_ws/install/rosbridge_server
[0.079s] -- The C compiler identification is GNU 9.4.0
[0.139s] -- The CXX compiler identification is GNU 9.4.0
[0.143s] -- Check for working C compiler: /usr/bin/cc
[0.219s] -- Check for working C compiler: /usr/bin/cc -- works
[0.219s] -- Detecting C compiler ABI info
[0.293s] -- Detecting C compiler ABI info - done
[0.305s] -- Detecting C compile features
[0.305s] -- Detecting C compile features - done
[0.308s] -- Check for working CXX compiler: /usr/bin/c++
[0.390s] -- Check for working CXX compiler: /usr/bin/c++ -- works
[0.391s] -- Detecting CXX compiler ABI info
[0.475s] -- Detecting CXX compiler ABI info - done
[0.487s] -- Detecting CXX compile features
[0.488s] -- Detecting CXX compile features - done
[0.490s] -- Found ament_cmake_ros: 0.9.2 (/opt/ros/foxy/share/ament_cmake_ros/cmake)
[0.522s] -- Found PythonInterp: /usr/bin/python3 (found suitable version "3.8.10", minimum required is "3") 
[0.522s] -- Using PYTHON_EXECUTABLE: /usr/bin/python3
[0.719s] -- Override CMake install command with custom implementation using symlinks instead of copying resources
[0.842s] -- Found launch_testing_ament_cmake: 0.10.8 (/opt/ros/foxy/share/launch_testing_ament_cmake/cmake)
[0.843s] -- Found python_cmake_module: 0.8.1 (/opt/ros/foxy/share/python_cmake_module/cmake)
[0.865s] -- Found PythonInterp: /usr/bin/python3 (found suitable version "3.8.10", minimum required is "3.5") 
[0.881s] -- Found PythonLibs: /usr/lib/x86_64-linux-gnu/libpython3.8.so (found suitable version "3.8.10", minimum required is "3.5") 
[0.881s] -- Using PYTHON_EXECUTABLE: /usr/bin/python3
[0.881s] -- Using PYTHON_INCLUDE_DIRS: /usr/include/python3.8
[0.881s] -- Using PYTHON_LIBRARIES: /usr/lib/x86_64-linux-gnu/libpython3.8.so
[0.905s] -- Found PythonExtra: .so  
[0.908s] -- Configuring done
[0.911s] -- Generating done
[0.911s] -- Build files have been written to: /home/hunajpu/dev_tt_ws/build/rosbridge_server
[0.917s] Invoked command in '/home/hunajpu/dev_tt_ws/build/rosbridge_server' returned '0': AMENT_PREFIX_PATH=/home/hunajpu/dev_tt_ws/install/rosapi:/home/hunajpu/dev_tt_ws/install/rosbridge_library:/home/hunajpu/dev_tt_ws/install/rosbridge_msgs:/home/hunajpu/dev_tt_ws/install/rosapi_msgs:${AMENT_PREFIX_PATH} CMAKE_PREFIX_PATH=/home/hunajpu/dev_tt_ws/install/rosapi:/home/hunajpu/dev_tt_ws/install/rosbridge_library:/home/hunajpu/dev_tt_ws/install/rosbridge_msgs:/home/hunajpu/dev_tt_ws/install/rosapi_msgs:/opt/ros/foxy LD_LIBRARY_PATH=/home/hunajpu/dev_tt_ws/install/rosbridge_msgs/lib:/home/hunajpu/dev_tt_ws/install/rosapi_msgs/lib:${LD_LIBRARY_PATH} PYTHONPATH=/home/hunajpu/dev_tt_ws/install/rosapi/lib/python3.8/site-packages:/home/hunajpu/dev_tt_ws/install/rosbridge_library/lib/python3.8/site-packages:/home/hunajpu/dev_tt_ws/install/rosbridge_msgs/lib/python3.8/site-packages:/home/hunajpu/dev_tt_ws/install/rosapi_msgs/lib/python3.8/site-packages:${PYTHONPATH} /usr/bin/cmake /home/hunajpu/dev_tt_ws/src/rosbridge_suite/rosbridge_server -DAMENT_CMAKE_SYMLINK_INSTALL=1 -DCMAKE_INSTALL_PREFIX=/home/hunajpu/dev_tt_ws/install/rosbridge_server
[0.919s] Invoking command in '/home/hunajpu/dev_tt_ws/build/rosbridge_server': AMENT_PREFIX_PATH=/home/hunajpu/dev_tt_ws/install/rosapi:/home/hunajpu/dev_tt_ws/install/rosbridge_library:/home/hunajpu/dev_tt_ws/install/rosbridge_msgs:/home/hunajpu/dev_tt_ws/install/rosapi_msgs:${AMENT_PREFIX_PATH} CMAKE_PREFIX_PATH=/home/hunajpu/dev_tt_ws/install/rosapi:/home/hunajpu/dev_tt_ws/install/rosbridge_library:/home/hunajpu/dev_tt_ws/install/rosbridge_msgs:/home/hunajpu/dev_tt_ws/install/rosapi_msgs:/opt/ros/foxy LD_LIBRARY_PATH=/home/hunajpu/dev_tt_ws/install/rosbridge_msgs/lib:/home/hunajpu/dev_tt_ws/install/rosapi_msgs/lib:${LD_LIBRARY_PATH} PYTHONPATH=/home/hunajpu/dev_tt_ws/install/rosapi/lib/python3.8/site-packages:/home/hunajpu/dev_tt_ws/install/rosbridge_library/lib/python3.8/site-packages:/home/hunajpu/dev_tt_ws/install/rosbridge_msgs/lib/python3.8/site-packages:/home/hunajpu/dev_tt_ws/install/rosapi_msgs/lib/python3.8/site-packages:${PYTHONPATH} /usr/bin/cmake --build /home/hunajpu/dev_tt_ws/build/rosbridge_server -- -j8 -l8
[0.965s] Invoked command in '/home/hunajpu/dev_tt_ws/build/rosbridge_server' returned '0': AMENT_PREFIX_PATH=/home/hunajpu/dev_tt_ws/install/rosapi:/home/hunajpu/dev_tt_ws/install/rosbridge_library:/home/hunajpu/dev_tt_ws/install/rosbridge_msgs:/home/hunajpu/dev_tt_ws/install/rosapi_msgs:${AMENT_PREFIX_PATH} CMAKE_PREFIX_PATH=/home/hunajpu/dev_tt_ws/install/rosapi:/home/hunajpu/dev_tt_ws/install/rosbridge_library:/home/hunajpu/dev_tt_ws/install/rosbridge_msgs:/home/hunajpu/dev_tt_ws/install/rosapi_msgs:/opt/ros/foxy LD_LIBRARY_PATH=/home/hunajpu/dev_tt_ws/install/rosbridge_msgs/lib:/home/hunajpu/dev_tt_ws/install/rosapi_msgs/lib:${LD_LIBRARY_PATH} PYTHONPATH=/home/hunajpu/dev_tt_ws/install/rosapi/lib/python3.8/site-packages:/home/hunajpu/dev_tt_ws/install/rosbridge_library/lib/python3.8/site-packages:/home/hunajpu/dev_tt_ws/install/rosbridge_msgs/lib/python3.8/site-packages:/home/hunajpu/dev_tt_ws/install/rosapi_msgs/lib/python3.8/site-packages:${PYTHONPATH} /usr/bin/cmake --build /home/hunajpu/dev_tt_ws/build/rosbridge_server -- -j8 -l8
[0.987s] Invoking command in '/home/hunajpu/dev_tt_ws/build/rosbridge_server': AMENT_PREFIX_PATH=/home/hunajpu/dev_tt_ws/install/rosapi:/home/hunajpu/dev_tt_ws/install/rosbridge_library:/home/hunajpu/dev_tt_ws/install/rosbridge_msgs:/home/hunajpu/dev_tt_ws/install/rosapi_msgs:${AMENT_PREFIX_PATH} CMAKE_PREFIX_PATH=/home/hunajpu/dev_tt_ws/install/rosapi:/home/hunajpu/dev_tt_ws/install/rosbridge_library:/home/hunajpu/dev_tt_ws/install/rosbridge_msgs:/home/hunajpu/dev_tt_ws/install/rosapi_msgs:/opt/ros/foxy LD_LIBRARY_PATH=/home/hunajpu/dev_tt_ws/install/rosbridge_msgs/lib:/home/hunajpu/dev_tt_ws/install/rosapi_msgs/lib:${LD_LIBRARY_PATH} PYTHONPATH=/home/hunajpu/dev_tt_ws/install/rosapi/lib/python3.8/site-packages:/home/hunajpu/dev_tt_ws/install/rosbridge_library/lib/python3.8/site-packages:/home/hunajpu/dev_tt_ws/install/rosbridge_msgs/lib/python3.8/site-packages:/home/hunajpu/dev_tt_ws/install/rosapi_msgs/lib/python3.8/site-packages:${PYTHONPATH} /usr/bin/cmake --install /home/hunajpu/dev_tt_ws/build/rosbridge_server
[0.997s] -- Install configuration: ""
[0.997s] -- Execute custom install script
[0.998s] -- Symlinking: /home/hunajpu/dev_tt_ws/install/rosbridge_server/share/rosbridge_server/environment/pythonpath.sh
[1.007s] -- Symlinking: /home/hunajpu/dev_tt_ws/install/rosbridge_server/share/rosbridge_server/environment/pythonpath.dsv
[1.016s] -- Symlinking: /home/hunajpu/dev_tt_ws/install/rosbridge_server/lib/python3.8/site-packages/rosbridge_server/__init__.py
[1.025s] -- Symlinking: /home/hunajpu/dev_tt_ws/install/rosbridge_server/lib/python3.8/site-packages/rosbridge_server/client_mananger.py
[1.035s] -- Symlinking: /home/hunajpu/dev_tt_ws/install/rosbridge_server/lib/python3.8/site-packages/rosbridge_server/websocket_handler.py
[1.045s] -- Symlinking: /home/hunajpu/dev_tt_ws/install/rosbridge_server/share/ament_index/resource_index/package_run_dependencies/rosbridge_server
[1.055s] -- Symlinking: /home/hunajpu/dev_tt_ws/install/rosbridge_server/share/ament_index/resource_index/parent_prefix_path/rosbridge_server
[1.065s] -- Symlinking: /home/hunajpu/dev_tt_ws/install/rosbridge_server/share/rosbridge_server/environment/ament_prefix_path.sh
[1.078s] -- Symlinking: /home/hunajpu/dev_tt_ws/install/rosbridge_server/share/rosbridge_server/environment/ament_prefix_path.dsv
[1.088s] -- Symlinking: /home/hunajpu/dev_tt_ws/install/rosbridge_server/share/rosbridge_server/environment/path.sh
[1.097s] -- Symlinking: /home/hunajpu/dev_tt_ws/install/rosbridge_server/share/rosbridge_server/environment/path.dsv
[1.106s] -- Symlinking: /home/hunajpu/dev_tt_ws/install/rosbridge_server/share/rosbridge_server/local_setup.bash
[1.116s] -- Symlinking: /home/hunajpu/dev_tt_ws/install/rosbridge_server/share/rosbridge_server/local_setup.sh
[1.125s] -- Symlinking: /home/hunajpu/dev_tt_ws/install/rosbridge_server/share/rosbridge_server/local_setup.zsh
[1.136s] -- Symlinking: /home/hunajpu/dev_tt_ws/install/rosbridge_server/share/rosbridge_server/local_setup.dsv
[1.147s] -- Symlinking: /home/hunajpu/dev_tt_ws/install/rosbridge_server/share/rosbridge_server/package.dsv
[1.158s] -- Symlinking: /home/hunajpu/dev_tt_ws/install/rosbridge_server/share/ament_index/resource_index/packages/rosbridge_server
[1.168s] -- Symlinking: /home/hunajpu/dev_tt_ws/install/rosbridge_server/share/rosbridge_server/cmake/rosbridge_serverConfig.cmake
[1.177s] -- Symlinking: /home/hunajpu/dev_tt_ws/install/rosbridge_server/share/rosbridge_server/cmake/rosbridge_serverConfig-version.cmake
[1.185s] -- Symlinking: /home/hunajpu/dev_tt_ws/install/rosbridge_server/share/rosbridge_server/package.xml
[1.196s] -- Symlinking: /home/hunajpu/dev_tt_ws/install/rosbridge_server/lib/rosbridge_server/rosbridge_websocket.py
[1.206s] -- Symlinking: /home/hunajpu/dev_tt_ws/install/rosbridge_server/lib/rosbridge_server/rosbridge_websocket
[1.215s] -- Symlinking: /home/hunajpu/dev_tt_ws/install/rosbridge_server/share/rosbridge_server/launch/rosbridge_websocket_launch.xml
[1.261s] Listing '/home/hunajpu/dev_tt_ws/install/rosbridge_server/lib/python3.8/site-packages/rosbridge_server'...
[1.261s] Compiling '/home/hunajpu/dev_tt_ws/install/rosbridge_server/lib/python3.8/site-packages/rosbridge_server/__init__.py'...
[1.262s] Compiling '/home/hunajpu/dev_tt_ws/install/rosbridge_server/lib/python3.8/site-packages/rosbridge_server/client_mananger.py'...
[1.262s] Compiling '/home/hunajpu/dev_tt_ws/install/rosbridge_server/lib/python3.8/site-packages/rosbridge_server/websocket_handler.py'...
[1.272s] Invoked command in '/home/hunajpu/dev_tt_ws/build/rosbridge_server' returned '0': AMENT_PREFIX_PATH=/home/hunajpu/dev_tt_ws/install/rosapi:/home/hunajpu/dev_tt_ws/install/rosbridge_library:/home/hunajpu/dev_tt_ws/install/rosbridge_msgs:/home/hunajpu/dev_tt_ws/install/rosapi_msgs:${AMENT_PREFIX_PATH} CMAKE_PREFIX_PATH=/home/hunajpu/dev_tt_ws/install/rosapi:/home/hunajpu/dev_tt_ws/install/rosbridge_library:/home/hunajpu/dev_tt_ws/install/rosbridge_msgs:/home/hunajpu/dev_tt_ws/install/rosapi_msgs:/opt/ros/foxy LD_LIBRARY_PATH=/home/hunajpu/dev_tt_ws/install/rosbridge_msgs/lib:/home/hunajpu/dev_tt_ws/install/rosapi_msgs/lib:${LD_LIBRARY_PATH} PYTHONPATH=/home/hunajpu/dev_tt_ws/install/rosapi/lib/python3.8/site-packages:/home/hunajpu/dev_tt_ws/install/rosbridge_library/lib/python3.8/site-packages:/home/hunajpu/dev_tt_ws/install/rosbridge_msgs/lib/python3.8/site-packages:/home/hunajpu/dev_tt_ws/install/rosapi_msgs/lib/python3.8/site-packages:${PYTHONPATH} /usr/bin/cmake --install /home/hunajpu/dev_tt_ws/build/rosbridge_server
