[0.161s] Invoking command in '/home/hunajpu/dev_tt_ws/build/rosbridge_msgs': CMAKE_PREFIX_PATH=${CMAKE_PREFIX_PATH}:/opt/ros/foxy /usr/bin/cmake --build /home/hunajpu/dev_tt_ws/build/rosbridge_msgs -- -j8 -l8
[0.338s] [ 10%] Built target rosbridge_msgs__rosidl_generator_c
[0.345s] [ 12%] Built target rosbridge_msgs__cpp
[0.492s] [ 23%] Built target rosbridge_msgs__rosidl_typesupport_introspection_cpp
[0.575s] [ 43%] Built target rosbridge_msgs__rosidl_typesupport_c
[0.582s] [ 43%] Built target rosbridge_msgs__rosidl_typesupport_introspection_c
[0.584s] [ 53%] Built target rosbridge_msgs__rosidl_typesupport_cpp
[0.590s] [ 64%] Built target rosbridge_msgs__rosidl_typesupport_fastrtps_cpp
[0.740s] [ 74%] Built target rosbridge_msgs__rosidl_typesupport_fastrtps_c
[0.783s] [ 74%] Built target rosbridge_msgs
[0.836s] [ 76%] Built target rosbridge_msgs__py
[0.919s] [ 84%] Built target rosbridge_msgs__python
[1.033s] [ 94%] Built target rosbridge_msgs__rosidl_typesupport_c__pyext
[1.033s] [ 94%] Built target rosbridge_msgs__rosidl_typesupport_fastrtps_c__pyext
[1.080s] [100%] Built target rosbridge_msgs__rosidl_typesupport_introspection_c__pyext
[1.235s] Invoked command in '/home/hunajpu/dev_tt_ws/build/rosbridge_msgs' returned '0': CMAKE_PREFIX_PATH=${CMAKE_PREFIX_PATH}:/opt/ros/foxy /usr/bin/cmake --build /home/hunajpu/dev_tt_ws/build/rosbridge_msgs -- -j8 -l8
[1.461s] Invoking command in '/home/hunajpu/dev_tt_ws/build/rosbridge_msgs': CMAKE_PREFIX_PATH=${CMAKE_PREFIX_PATH}:/opt/ros/foxy /usr/bin/cmake --install /home/hunajpu/dev_tt_ws/build/rosbridge_msgs
[1.489s] -- Install configuration: ""
[1.490s] -- Execute custom install script
[1.490s] -- Up-to-date symlink: /home/hunajpu/dev_tt_ws/install/rosbridge_msgs/share/ament_index/resource_index/rosidl_interfaces/rosbridge_msgs
[1.491s] -- Up-to-date symlink: /home/hunajpu/dev_tt_ws/install/rosbridge_msgs/include/rosbridge_msgs/msg/connected_client.h
[1.491s] -- Up-to-date symlink: /home/hunajpu/dev_tt_ws/install/rosbridge_msgs/include/rosbridge_msgs/msg/connected_clients.h
[1.492s] -- Up-to-date symlink: /home/hunajpu/dev_tt_ws/install/rosbridge_msgs/include/rosbridge_msgs/msg/detail/connected_client__functions.h
[1.492s] -- Up-to-date symlink: /home/hunajpu/dev_tt_ws/install/rosbridge_msgs/include/rosbridge_msgs/msg/detail/connected_client__struct.h
[1.492s] -- Up-to-date symlink: /home/hunajpu/dev_tt_ws/install/rosbridge_msgs/include/rosbridge_msgs/msg/detail/connected_client__type_support.h
[1.497s] -- Up-to-date symlink: /home/hunajpu/dev_tt_ws/install/rosbridge_msgs/include/rosbridge_msgs/msg/detail/connected_clients__functions.h
[1.497s] -- Up-to-date symlink: /home/hunajpu/dev_tt_ws/install/rosbridge_msgs/include/rosbridge_msgs/msg/detail/connected_clients__struct.h
[1.498s] -- Up-to-date symlink: /home/hunajpu/dev_tt_ws/install/rosbridge_msgs/include/rosbridge_msgs/msg/detail/connected_clients__type_support.h
[1.498s] -- Up-to-date symlink: /home/hunajpu/dev_tt_ws/install/rosbridge_msgs/include/rosbridge_msgs/msg/rosidl_generator_c__visibility_control.h
[1.502s] -- Up-to-date symlink: /home/hunajpu/dev_tt_ws/install/rosbridge_msgs/share/rosbridge_msgs/environment/library_path.sh
[1.502s] -- Up-to-date symlink: /home/hunajpu/dev_tt_ws/install/rosbridge_msgs/share/rosbridge_msgs/environment/library_path.dsv
[1.503s] -- Up-to-date symlink: /home/hunajpu/dev_tt_ws/install/rosbridge_msgs/include/rosbridge_msgs/msg/detail/connected_client__rosidl_typesupport_fastrtps_c.h
[1.503s] -- Up-to-date symlink: /home/hunajpu/dev_tt_ws/install/rosbridge_msgs/include/rosbridge_msgs/msg/detail/connected_clients__rosidl_typesupport_fastrtps_c.h
[1.503s] -- Up-to-date symlink: /home/hunajpu/dev_tt_ws/install/rosbridge_msgs/include/rosbridge_msgs/msg/rosidl_typesupport_fastrtps_c__visibility_control.h
[1.503s] -- Up-to-date symlink: /home/hunajpu/dev_tt_ws/install/rosbridge_msgs/lib/librosbridge_msgs__rosidl_typesupport_fastrtps_c.so
[1.503s] -- Up-to-date symlink: /home/hunajpu/dev_tt_ws/install/rosbridge_msgs/include/rosbridge_msgs/msg/detail/connected_client__rosidl_typesupport_fastrtps_cpp.hpp
[1.503s] -- Up-to-date symlink: /home/hunajpu/dev_tt_ws/install/rosbridge_msgs/include/rosbridge_msgs/msg/detail/connected_clients__rosidl_typesupport_fastrtps_cpp.hpp
[1.504s] -- Up-to-date symlink: /home/hunajpu/dev_tt_ws/install/rosbridge_msgs/include/rosbridge_msgs/msg/rosidl_typesupport_fastrtps_cpp__visibility_control.h
[1.505s] -- Up-to-date symlink: /home/hunajpu/dev_tt_ws/install/rosbridge_msgs/lib/librosbridge_msgs__rosidl_typesupport_fastrtps_cpp.so
[1.505s] -- Up-to-date symlink: /home/hunajpu/dev_tt_ws/install/rosbridge_msgs/include/rosbridge_msgs/msg/detail/connected_client__rosidl_typesupport_introspection_c.h
[1.505s] -- Up-to-date symlink: /home/hunajpu/dev_tt_ws/install/rosbridge_msgs/include/rosbridge_msgs/msg/detail/connected_clients__rosidl_typesupport_introspection_c.h
[1.505s] -- Up-to-date symlink: /home/hunajpu/dev_tt_ws/install/rosbridge_msgs/include/rosbridge_msgs/msg/rosidl_typesupport_introspection_c__visibility_control.h
[1.507s] -- Up-to-date symlink: /home/hunajpu/dev_tt_ws/install/rosbridge_msgs/include/rosbridge_msgs/msg/connected_client.hpp
[1.507s] -- Up-to-date symlink: /home/hunajpu/dev_tt_ws/install/rosbridge_msgs/include/rosbridge_msgs/msg/connected_clients.hpp
[1.508s] -- Up-to-date symlink: /home/hunajpu/dev_tt_ws/install/rosbridge_msgs/include/rosbridge_msgs/msg/detail/connected_client__builder.hpp
[1.508s] -- Up-to-date symlink: /home/hunajpu/dev_tt_ws/install/rosbridge_msgs/include/rosbridge_msgs/msg/detail/connected_client__struct.hpp
[1.508s] -- Up-to-date symlink: /home/hunajpu/dev_tt_ws/install/rosbridge_msgs/include/rosbridge_msgs/msg/detail/connected_client__traits.hpp
[1.509s] -- Up-to-date symlink: /home/hunajpu/dev_tt_ws/install/rosbridge_msgs/include/rosbridge_msgs/msg/detail/connected_clients__builder.hpp
[1.509s] -- Up-to-date symlink: /home/hunajpu/dev_tt_ws/install/rosbridge_msgs/include/rosbridge_msgs/msg/detail/connected_clients__struct.hpp
[1.509s] -- Up-to-date symlink: /home/hunajpu/dev_tt_ws/install/rosbridge_msgs/include/rosbridge_msgs/msg/detail/connected_clients__traits.hpp
[1.511s] -- Up-to-date symlink: /home/hunajpu/dev_tt_ws/install/rosbridge_msgs/include/rosbridge_msgs/msg/detail/connected_client__rosidl_typesupport_introspection_cpp.hpp
[1.511s] -- Up-to-date symlink: /home/hunajpu/dev_tt_ws/install/rosbridge_msgs/include/rosbridge_msgs/msg/detail/connected_clients__rosidl_typesupport_introspection_cpp.hpp
[1.512s] -- Up-to-date symlink: /home/hunajpu/dev_tt_ws/install/rosbridge_msgs/share/rosbridge_msgs/environment/pythonpath.sh
[1.512s] -- Up-to-date symlink: /home/hunajpu/dev_tt_ws/install/rosbridge_msgs/share/rosbridge_msgs/environment/pythonpath.dsv
[1.513s] -- Up-to-date symlink: /home/hunajpu/dev_tt_ws/install/rosbridge_msgs/lib/python3.8/site-packages/rosbridge_msgs/__init__.py
[1.514s] -- Up-to-date symlink: /home/hunajpu/dev_tt_ws/install/rosbridge_msgs/lib/python3.8/site-packages/rosbridge_msgs/msg/__init__.py
[1.514s] -- Up-to-date symlink: /home/hunajpu/dev_tt_ws/install/rosbridge_msgs/lib/python3.8/site-packages/rosbridge_msgs/msg/_connected_client.py
[1.514s] -- Up-to-date symlink: /home/hunajpu/dev_tt_ws/install/rosbridge_msgs/lib/python3.8/site-packages/rosbridge_msgs/msg/_connected_clients.py
[1.522s] -- Up-to-date symlink: /home/hunajpu/dev_tt_ws/install/rosbridge_msgs/lib/python3.8/site-packages/rosbridge_msgs/rosbridge_msgs_s__rosidl_typesupport_fastrtps_c.cpython-38-x86_64-linux-gnu.so
[1.522s] -- Up-to-date symlink: /home/hunajpu/dev_tt_ws/install/rosbridge_msgs/lib/python3.8/site-packages/rosbridge_msgs/rosbridge_msgs_s__rosidl_typesupport_introspection_c.cpython-38-x86_64-linux-gnu.so
[1.522s] -- Up-to-date symlink: /home/hunajpu/dev_tt_ws/install/rosbridge_msgs/lib/python3.8/site-packages/rosbridge_msgs/rosbridge_msgs_s__rosidl_typesupport_c.cpython-38-x86_64-linux-gnu.so
[1.523s] -- Up-to-date symlink: /home/hunajpu/dev_tt_ws/install/rosbridge_msgs/lib/librosbridge_msgs__python.so
[1.523s] -- Up-to-date symlink: /home/hunajpu/dev_tt_ws/install/rosbridge_msgs/share/rosbridge_msgs/msg/ConnectedClient.idl
[1.523s] -- Up-to-date symlink: /home/hunajpu/dev_tt_ws/install/rosbridge_msgs/share/rosbridge_msgs/msg/ConnectedClients.idl
[1.523s] -- Up-to-date symlink: /home/hunajpu/dev_tt_ws/install/rosbridge_msgs/share/rosbridge_msgs/msg/ConnectedClient.msg
[1.524s] -- Up-to-date symlink: /home/hunajpu/dev_tt_ws/install/rosbridge_msgs/share/rosbridge_msgs/msg/ConnectedClients.msg
[1.524s] -- Up-to-date symlink: /home/hunajpu/dev_tt_ws/install/rosbridge_msgs/share/ament_index/resource_index/package_run_dependencies/rosbridge_msgs
[1.524s] -- Up-to-date symlink: /home/hunajpu/dev_tt_ws/install/rosbridge_msgs/share/ament_index/resource_index/parent_prefix_path/rosbridge_msgs
[1.525s] -- Up-to-date symlink: /home/hunajpu/dev_tt_ws/install/rosbridge_msgs/share/rosbridge_msgs/environment/ament_prefix_path.sh
[1.525s] -- Up-to-date symlink: /home/hunajpu/dev_tt_ws/install/rosbridge_msgs/share/rosbridge_msgs/environment/ament_prefix_path.dsv
[1.526s] -- Up-to-date symlink: /home/hunajpu/dev_tt_ws/install/rosbridge_msgs/share/rosbridge_msgs/environment/path.sh
[1.526s] -- Up-to-date symlink: /home/hunajpu/dev_tt_ws/install/rosbridge_msgs/share/rosbridge_msgs/environment/path.dsv
[1.526s] -- Up-to-date symlink: /home/hunajpu/dev_tt_ws/install/rosbridge_msgs/share/rosbridge_msgs/local_setup.bash
[1.532s] -- Up-to-date symlink: /home/hunajpu/dev_tt_ws/install/rosbridge_msgs/share/rosbridge_msgs/local_setup.sh
[1.532s] -- Up-to-date symlink: /home/hunajpu/dev_tt_ws/install/rosbridge_msgs/share/rosbridge_msgs/local_setup.zsh
[1.533s] -- Up-to-date symlink: /home/hunajpu/dev_tt_ws/install/rosbridge_msgs/share/rosbridge_msgs/local_setup.dsv
[1.533s] -- Symlinking: /home/hunajpu/dev_tt_ws/install/rosbridge_msgs/share/rosbridge_msgs/package.dsv
[1.553s] -- Up-to-date symlink: /home/hunajpu/dev_tt_ws/install/rosbridge_msgs/share/ament_index/resource_index/packages/rosbridge_msgs
[1.553s] -- Up-to-date symlink: /home/hunajpu/dev_tt_ws/install/rosbridge_msgs/share/rosbridge_msgs/cmake/rosidl_cmake-extras.cmake
[1.553s] -- Up-to-date symlink: /home/hunajpu/dev_tt_ws/install/rosbridge_msgs/share/rosbridge_msgs/cmake/ament_cmake_export_dependencies-extras.cmake
[1.554s] -- Up-to-date symlink: /home/hunajpu/dev_tt_ws/install/rosbridge_msgs/share/rosbridge_msgs/cmake/ament_cmake_export_libraries-extras.cmake
[1.554s] -- Up-to-date symlink: /home/hunajpu/dev_tt_ws/install/rosbridge_msgs/share/rosbridge_msgs/cmake/ament_cmake_export_targets-extras.cmake
[1.555s] -- Up-to-date symlink: /home/hunajpu/dev_tt_ws/install/rosbridge_msgs/share/rosbridge_msgs/cmake/ament_cmake_export_include_directories-extras.cmake
[1.555s] -- Up-to-date symlink: /home/hunajpu/dev_tt_ws/install/rosbridge_msgs/share/rosbridge_msgs/cmake/rosidl_cmake_export_typesupport_libraries-extras.cmake
[1.556s] -- Up-to-date symlink: /home/hunajpu/dev_tt_ws/install/rosbridge_msgs/share/rosbridge_msgs/cmake/rosidl_cmake_export_typesupport_targets-extras.cmake
[1.556s] -- Up-to-date symlink: /home/hunajpu/dev_tt_ws/install/rosbridge_msgs/share/rosbridge_msgs/cmake/rosbridge_msgsConfig.cmake
[1.557s] -- Up-to-date symlink: /home/hunajpu/dev_tt_ws/install/rosbridge_msgs/share/rosbridge_msgs/cmake/rosbridge_msgsConfig-version.cmake
[1.557s] -- Up-to-date symlink: /home/hunajpu/dev_tt_ws/install/rosbridge_msgs/share/rosbridge_msgs/package.xml
[1.567s] -- Up-to-date: /home/hunajpu/dev_tt_ws/install/rosbridge_msgs/lib/librosbridge_msgs__rosidl_generator_c.so
[1.568s] -- Up-to-date: /home/hunajpu/dev_tt_ws/install/rosbridge_msgs/lib/librosbridge_msgs__rosidl_typesupport_introspection_c.so
[1.569s] -- Up-to-date: /home/hunajpu/dev_tt_ws/install/rosbridge_msgs/lib/librosbridge_msgs__rosidl_typesupport_c.so
[1.569s] -- Up-to-date: /home/hunajpu/dev_tt_ws/install/rosbridge_msgs/lib/librosbridge_msgs__rosidl_typesupport_introspection_cpp.so
[1.569s] -- Up-to-date: /home/hunajpu/dev_tt_ws/install/rosbridge_msgs/lib/librosbridge_msgs__rosidl_typesupport_cpp.so
[1.667s] -- Up-to-date: /home/hunajpu/dev_tt_ws/install/rosbridge_msgs/share/rosbridge_msgs/cmake/rosbridge_msgs__rosidl_generator_cExport.cmake
[1.668s] -- Up-to-date: /home/hunajpu/dev_tt_ws/install/rosbridge_msgs/share/rosbridge_msgs/cmake/rosbridge_msgs__rosidl_generator_cExport-noconfig.cmake
[1.668s] -- Up-to-date: /home/hunajpu/dev_tt_ws/install/rosbridge_msgs/share/rosbridge_msgs/cmake/rosbridge_msgs__rosidl_typesupport_introspection_cExport.cmake
[1.668s] -- Up-to-date: /home/hunajpu/dev_tt_ws/install/rosbridge_msgs/share/rosbridge_msgs/cmake/rosbridge_msgs__rosidl_typesupport_introspection_cExport-noconfig.cmake
[1.669s] -- Up-to-date: /home/hunajpu/dev_tt_ws/install/rosbridge_msgs/share/rosbridge_msgs/cmake/rosbridge_msgs__rosidl_typesupport_cExport.cmake
[1.669s] -- Up-to-date: /home/hunajpu/dev_tt_ws/install/rosbridge_msgs/share/rosbridge_msgs/cmake/rosbridge_msgs__rosidl_typesupport_cExport-noconfig.cmake
[1.670s] -- Up-to-date: /home/hunajpu/dev_tt_ws/install/rosbridge_msgs/share/rosbridge_msgs/cmake/rosbridge_msgs__rosidl_generator_cppExport.cmake
[1.671s] -- Up-to-date: /home/hunajpu/dev_tt_ws/install/rosbridge_msgs/share/rosbridge_msgs/cmake/rosbridge_msgs__rosidl_typesupport_introspection_cppExport.cmake
[1.678s] -- Up-to-date: /home/hunajpu/dev_tt_ws/install/rosbridge_msgs/share/rosbridge_msgs/cmake/rosbridge_msgs__rosidl_typesupport_introspection_cppExport-noconfig.cmake
[1.678s] -- Up-to-date: /home/hunajpu/dev_tt_ws/install/rosbridge_msgs/share/rosbridge_msgs/cmake/rosbridge_msgs__rosidl_typesupport_cppExport.cmake
[1.680s] -- Up-to-date: /home/hunajpu/dev_tt_ws/install/rosbridge_msgs/share/rosbridge_msgs/cmake/rosbridge_msgs__rosidl_typesupport_cppExport-noconfig.cmake
[1.757s] Invoked command in '/home/hunajpu/dev_tt_ws/build/rosbridge_msgs' returned '0': CMAKE_PREFIX_PATH=${CMAKE_PREFIX_PATH}:/opt/ros/foxy /usr/bin/cmake --install /home/hunajpu/dev_tt_ws/build/rosbridge_msgs
