[0.225s] Invoking command in '/home/hunajpu/dev_tt_ws/build/gazebo_ros2_control': CMAKE_PREFIX_PATH=${CMAKE_PREFIX_PATH}:/opt/ros/foxy /usr/bin/cmake --build /home/hunajpu/dev_tt_ws/build/gazebo_ros2_control -- -j8 -l8
[0.923s] [ 50%] Built target gazebo_hardware_plugins
[0.924s] [100%] Built target gazebo_ros2_control
[0.938s] Invoked command in '/home/hunajpu/dev_tt_ws/build/gazebo_ros2_control' returned '0': CMAKE_PREFIX_PATH=${CMAKE_PREFIX_PATH}:/opt/ros/foxy /usr/bin/cmake --build /home/hunajpu/dev_tt_ws/build/gazebo_ros2_control -- -j8 -l8
[0.980s] Invoking command in '/home/hunajpu/dev_tt_ws/build/gazebo_ros2_control': CMAKE_PREFIX_PATH=${CMAKE_PREFIX_PATH}:/opt/ros/foxy /usr/bin/cmake --install /home/hunajpu/dev_tt_ws/build/gazebo_ros2_control
[1.075s] -- Install configuration: "Debug"
[1.075s] -- Execute custom install script
[1.076s] -- Up-to-date symlink: /home/hunajpu/dev_tt_ws/install/gazebo_ros2_control/lib/libgazebo_ros2_control.so
[1.078s] -- Up-to-date symlink: /home/hunajpu/dev_tt_ws/install/gazebo_ros2_control/lib/libgazebo_hardware_plugins.so
[1.078s] -- Up-to-date symlink: /home/hunajpu/dev_tt_ws/install/gazebo_ros2_control/share/gazebo_ros2_control/environment/library_path.sh
[1.078s] -- Up-to-date symlink: /home/hunajpu/dev_tt_ws/install/gazebo_ros2_control/share/gazebo_ros2_control/environment/library_path.dsv
[1.078s] -- Up-to-date symlink: /home/hunajpu/dev_tt_ws/install/gazebo_ros2_control/include/gazebo_ros2_control/gazebo_ros2_control_plugin.hpp
[1.078s] -- Up-to-date symlink: /home/hunajpu/dev_tt_ws/install/gazebo_ros2_control/include/gazebo_ros2_control/gazebo_system.hpp
[1.079s] -- Up-to-date symlink: /home/hunajpu/dev_tt_ws/install/gazebo_ros2_control/include/gazebo_ros2_control/gazebo_system_interface.hpp
[1.079s] -- Up-to-date symlink: /home/hunajpu/dev_tt_ws/install/gazebo_ros2_control/share/gazebo_ros2_control//gazebo_hardware_plugins.xml
[1.081s] -- Up-to-date symlink: /home/hunajpu/dev_tt_ws/install/gazebo_ros2_control/share/ament_index/resource_index/package_run_dependencies/gazebo_ros2_control
[1.083s] -- Up-to-date symlink: /home/hunajpu/dev_tt_ws/install/gazebo_ros2_control/share/ament_index/resource_index/parent_prefix_path/gazebo_ros2_control
[1.083s] -- Up-to-date symlink: /home/hunajpu/dev_tt_ws/install/gazebo_ros2_control/share/gazebo_ros2_control/environment/ament_prefix_path.sh
[1.083s] -- Up-to-date symlink: /home/hunajpu/dev_tt_ws/install/gazebo_ros2_control/share/gazebo_ros2_control/environment/ament_prefix_path.dsv
[1.084s] -- Up-to-date symlink: /home/hunajpu/dev_tt_ws/install/gazebo_ros2_control/share/gazebo_ros2_control/environment/path.sh
[1.084s] -- Up-to-date symlink: /home/hunajpu/dev_tt_ws/install/gazebo_ros2_control/share/gazebo_ros2_control/environment/path.dsv
[1.084s] -- Up-to-date symlink: /home/hunajpu/dev_tt_ws/install/gazebo_ros2_control/share/gazebo_ros2_control/local_setup.bash
[1.085s] -- Up-to-date symlink: /home/hunajpu/dev_tt_ws/install/gazebo_ros2_control/share/gazebo_ros2_control/local_setup.sh
[1.085s] -- Up-to-date symlink: /home/hunajpu/dev_tt_ws/install/gazebo_ros2_control/share/gazebo_ros2_control/local_setup.zsh
[1.085s] -- Up-to-date symlink: /home/hunajpu/dev_tt_ws/install/gazebo_ros2_control/share/gazebo_ros2_control/local_setup.dsv
[1.085s] -- Symlinking: /home/hunajpu/dev_tt_ws/install/gazebo_ros2_control/share/gazebo_ros2_control/package.dsv
[1.086s] -- Up-to-date symlink: /home/hunajpu/dev_tt_ws/install/gazebo_ros2_control/share/ament_index/resource_index/packages/gazebo_ros2_control
[1.087s] -- Up-to-date symlink: /home/hunajpu/dev_tt_ws/install/gazebo_ros2_control/share/ament_index/resource_index/gazebo_ros2_control__pluginlib__plugin/gazebo_ros2_control
[1.088s] -- Up-to-date symlink: /home/hunajpu/dev_tt_ws/install/gazebo_ros2_control/share/gazebo_ros2_control/cmake/ament_cmake_export_include_directories-extras.cmake
[1.088s] -- Up-to-date symlink: /home/hunajpu/dev_tt_ws/install/gazebo_ros2_control/share/gazebo_ros2_control/cmake/ament_cmake_export_dependencies-extras.cmake
[1.089s] -- Up-to-date symlink: /home/hunajpu/dev_tt_ws/install/gazebo_ros2_control/share/gazebo_ros2_control/cmake/ament_cmake_export_libraries-extras.cmake
[1.089s] -- Up-to-date symlink: /home/hunajpu/dev_tt_ws/install/gazebo_ros2_control/share/gazebo_ros2_control/cmake/gazebo_ros2_controlConfig.cmake
[1.089s] -- Up-to-date symlink: /home/hunajpu/dev_tt_ws/install/gazebo_ros2_control/share/gazebo_ros2_control/cmake/gazebo_ros2_controlConfig-version.cmake
[1.090s] -- Up-to-date symlink: /home/hunajpu/dev_tt_ws/install/gazebo_ros2_control/share/gazebo_ros2_control/package.xml
[1.106s] Invoked command in '/home/hunajpu/dev_tt_ws/build/gazebo_ros2_control' returned '0': CMAKE_PREFIX_PATH=${CMAKE_PREFIX_PATH}:/opt/ros/foxy /usr/bin/cmake --install /home/hunajpu/dev_tt_ws/build/gazebo_ros2_control
