[0.019s] Invoking command in '/home/hunajpu/dev_tt_ws/build/rosapi': AMENT_PREFIX_PATH=/home/hunajpu/dev_tt_ws/install/rosbridge_library:/home/hunajpu/dev_tt_ws/install/rosapi_msgs:${AMENT_PREFIX_PATH} CMAKE_PREFIX_PATH=/home/hunajpu/dev_tt_ws/install/rosbridge_library:/home/hunajpu/dev_tt_ws/install/rosapi_msgs:/opt/ros/foxy LD_LIBRARY_PATH=/home/hunajpu/dev_tt_ws/install/rosapi_msgs/lib:${LD_LIBRARY_PATH} PYTHONPATH=/home/hunajpu/dev_tt_ws/install/rosbridge_library/lib/python3.8/site-packages:/home/hunajpu/dev_tt_ws/install/rosapi_msgs/lib/python3.8/site-packages:${PYTHONPATH} /usr/bin/cmake --build /home/hunajpu/dev_tt_ws/build/rosapi -- -j8 -l8
[0.116s] Invoked command in '/home/hunajpu/dev_tt_ws/build/rosapi' returned '0': AMENT_PREFIX_PATH=/home/hunajpu/dev_tt_ws/install/rosbridge_library:/home/hunajpu/dev_tt_ws/install/rosapi_msgs:${AMENT_PREFIX_PATH} CMAKE_PREFIX_PATH=/home/hunajpu/dev_tt_ws/install/rosbridge_library:/home/hunajpu/dev_tt_ws/install/rosapi_msgs:/opt/ros/foxy LD_LIBRARY_PATH=/home/hunajpu/dev_tt_ws/install/rosapi_msgs/lib:${LD_LIBRARY_PATH} PYTHONPATH=/home/hunajpu/dev_tt_ws/install/rosbridge_library/lib/python3.8/site-packages:/home/hunajpu/dev_tt_ws/install/rosapi_msgs/lib/python3.8/site-packages:${PYTHONPATH} /usr/bin/cmake --build /home/hunajpu/dev_tt_ws/build/rosapi -- -j8 -l8
[0.181s] Invoking command in '/home/hunajpu/dev_tt_ws/build/rosapi': AMENT_PREFIX_PATH=/home/hunajpu/dev_tt_ws/install/rosbridge_library:/home/hunajpu/dev_tt_ws/install/rosapi_msgs:${AMENT_PREFIX_PATH} CMAKE_PREFIX_PATH=/home/hunajpu/dev_tt_ws/install/rosbridge_library:/home/hunajpu/dev_tt_ws/install/rosapi_msgs:/opt/ros/foxy LD_LIBRARY_PATH=/home/hunajpu/dev_tt_ws/install/rosapi_msgs/lib:${LD_LIBRARY_PATH} PYTHONPATH=/home/hunajpu/dev_tt_ws/install/rosbridge_library/lib/python3.8/site-packages:/home/hunajpu/dev_tt_ws/install/rosapi_msgs/lib/python3.8/site-packages:${PYTHONPATH} /usr/bin/cmake --install /home/hunajpu/dev_tt_ws/build/rosapi
[0.201s] -- Install configuration: ""
[0.204s] -- Execute custom install script
[0.257s] -- Up-to-date symlink: /home/hunajpu/dev_tt_ws/install/rosapi/share/rosapi/environment/pythonpath.sh
[0.258s] -- Up-to-date symlink: /home/hunajpu/dev_tt_ws/install/rosapi/share/rosapi/environment/pythonpath.dsv
[0.259s] -- Up-to-date symlink: /home/hunajpu/dev_tt_ws/install/rosapi/lib/python3.8/site-packages/rosapi/__init__.py
[0.260s] -- Up-to-date symlink: /home/hunajpu/dev_tt_ws/install/rosapi/lib/python3.8/site-packages/rosapi/glob_helper.py
[0.261s] -- Up-to-date symlink: /home/hunajpu/dev_tt_ws/install/rosapi/lib/python3.8/site-packages/rosapi/objectutils.py
[0.261s] -- Up-to-date symlink: /home/hunajpu/dev_tt_ws/install/rosapi/lib/python3.8/site-packages/rosapi/params.py
[0.261s] -- Up-to-date symlink: /home/hunajpu/dev_tt_ws/install/rosapi/lib/python3.8/site-packages/rosapi/proxy.py
[0.262s] -- Up-to-date symlink: /home/hunajpu/dev_tt_ws/install/rosapi/lib/python3.8/site-packages/rosapi/stringify_field_types.py
[0.262s] -- Up-to-date symlink: /home/hunajpu/dev_tt_ws/install/rosapi/share/ament_index/resource_index/package_run_dependencies/rosapi
[0.264s] -- Up-to-date symlink: /home/hunajpu/dev_tt_ws/install/rosapi/share/ament_index/resource_index/parent_prefix_path/rosapi
[0.265s] -- Up-to-date symlink: /home/hunajpu/dev_tt_ws/install/rosapi/share/rosapi/environment/ament_prefix_path.sh
[0.267s] -- Up-to-date symlink: /home/hunajpu/dev_tt_ws/install/rosapi/share/rosapi/environment/ament_prefix_path.dsv
[0.267s] -- Up-to-date symlink: /home/hunajpu/dev_tt_ws/install/rosapi/share/rosapi/environment/path.sh
[0.268s] -- Up-to-date symlink: /home/hunajpu/dev_tt_ws/install/rosapi/share/rosapi/environment/path.dsv
[0.271s] -- Up-to-date symlink: /home/hunajpu/dev_tt_ws/install/rosapi/share/rosapi/local_setup.bash
[0.272s] -- Up-to-date symlink: /home/hunajpu/dev_tt_ws/install/rosapi/share/rosapi/local_setup.sh
[0.273s] -- Up-to-date symlink: /home/hunajpu/dev_tt_ws/install/rosapi/share/rosapi/local_setup.zsh
[0.274s] -- Up-to-date symlink: /home/hunajpu/dev_tt_ws/install/rosapi/share/rosapi/local_setup.dsv
[0.274s] -- Symlinking: /home/hunajpu/dev_tt_ws/install/rosapi/share/rosapi/package.dsv
[0.313s] -- Up-to-date symlink: /home/hunajpu/dev_tt_ws/install/rosapi/share/ament_index/resource_index/packages/rosapi
[0.314s] -- Up-to-date symlink: /home/hunajpu/dev_tt_ws/install/rosapi/share/rosapi/cmake/rosapiConfig.cmake
[0.314s] -- Up-to-date symlink: /home/hunajpu/dev_tt_ws/install/rosapi/share/rosapi/cmake/rosapiConfig-version.cmake
[0.315s] -- Up-to-date symlink: /home/hunajpu/dev_tt_ws/install/rosapi/share/rosapi/package.xml
[0.316s] -- Up-to-date symlink: /home/hunajpu/dev_tt_ws/install/rosapi/lib/rosapi/rosapi_node
[0.316s] -- Up-to-date symlink: /home/hunajpu/dev_tt_ws/install/rosapi/share/rosapi/mapping_rules.yaml
[0.575s] Listing '/home/hunajpu/dev_tt_ws/install/rosapi/lib/python3.8/site-packages/rosapi'...
[0.651s] Invoked command in '/home/hunajpu/dev_tt_ws/build/rosapi' returned '0': AMENT_PREFIX_PATH=/home/hunajpu/dev_tt_ws/install/rosbridge_library:/home/hunajpu/dev_tt_ws/install/rosapi_msgs:${AMENT_PREFIX_PATH} CMAKE_PREFIX_PATH=/home/hunajpu/dev_tt_ws/install/rosbridge_library:/home/hunajpu/dev_tt_ws/install/rosapi_msgs:/opt/ros/foxy LD_LIBRARY_PATH=/home/hunajpu/dev_tt_ws/install/rosapi_msgs/lib:${LD_LIBRARY_PATH} PYTHONPATH=/home/hunajpu/dev_tt_ws/install/rosbridge_library/lib/python3.8/site-packages:/home/hunajpu/dev_tt_ws/install/rosapi_msgs/lib/python3.8/site-packages:${PYTHONPATH} /usr/bin/cmake --install /home/hunajpu/dev_tt_ws/build/rosapi
