[0.131s] Invoking command in '/home/hunajpu/dev_tt_ws/build/rrbot_description': CMAKE_PREFIX_PATH=${CMAKE_PREFIX_PATH}:/opt/ros/foxy /usr/bin/cmake --build /home/hunajpu/dev_tt_ws/build/rrbot_description -- -j8 -l8
[0.309s] Invoked command in '/home/hunajpu/dev_tt_ws/build/rrbot_description' returned '0': CMAKE_PREFIX_PATH=${CMAKE_PREFIX_PATH}:/opt/ros/foxy /usr/bin/cmake --build /home/hunajpu/dev_tt_ws/build/rrbot_description -- -j8 -l8
[0.501s] Invoking command in '/home/hunajpu/dev_tt_ws/build/rrbot_description': CMAKE_PREFIX_PATH=${CMAKE_PREFIX_PATH}:/opt/ros/foxy /usr/bin/cmake --install /home/hunajpu/dev_tt_ws/build/rrbot_description
[0.577s] -- Install configuration: ""
[0.588s] -- Execute custom install script
[0.589s] -- Up-to-date symlink: /home/hunajpu/dev_tt_ws/install/rrbot_description/share/ament_index/resource_index/package_run_dependencies/rrbot_description
[0.589s] -- Up-to-date symlink: /home/hunajpu/dev_tt_ws/install/rrbot_description/share/ament_index/resource_index/parent_prefix_path/rrbot_description
[0.590s] -- Up-to-date symlink: /home/hunajpu/dev_tt_ws/install/rrbot_description/share/rrbot_description/environment/ament_prefix_path.sh
[0.590s] -- Up-to-date symlink: /home/hunajpu/dev_tt_ws/install/rrbot_description/share/rrbot_description/environment/ament_prefix_path.dsv
[0.592s] -- Up-to-date symlink: /home/hunajpu/dev_tt_ws/install/rrbot_description/share/rrbot_description/environment/path.sh
[0.593s] -- Up-to-date symlink: /home/hunajpu/dev_tt_ws/install/rrbot_description/share/rrbot_description/environment/path.dsv
[0.595s] -- Up-to-date symlink: /home/hunajpu/dev_tt_ws/install/rrbot_description/share/rrbot_description/local_setup.bash
[0.607s] -- Up-to-date symlink: /home/hunajpu/dev_tt_ws/install/rrbot_description/share/rrbot_description/local_setup.sh
[0.608s] -- Up-to-date symlink: /home/hunajpu/dev_tt_ws/install/rrbot_description/share/rrbot_description/local_setup.zsh
[0.610s] -- Up-to-date symlink: /home/hunajpu/dev_tt_ws/install/rrbot_description/share/rrbot_description/local_setup.dsv
[0.611s] -- Symlinking: /home/hunajpu/dev_tt_ws/install/rrbot_description/share/rrbot_description/package.dsv
[0.659s] -- Up-to-date symlink: /home/hunajpu/dev_tt_ws/install/rrbot_description/share/ament_index/resource_index/packages/rrbot_description
[0.659s] -- Up-to-date symlink: /home/hunajpu/dev_tt_ws/install/rrbot_description/share/rrbot_description/cmake/rrbot_descriptionConfig.cmake
[0.660s] -- Up-to-date symlink: /home/hunajpu/dev_tt_ws/install/rrbot_description/share/rrbot_description/cmake/rrbot_descriptionConfig-version.cmake
[0.661s] -- Up-to-date symlink: /home/hunajpu/dev_tt_ws/install/rrbot_description/share/rrbot_description/package.xml
[0.663s] -- Up-to-date symlink: /home/hunajpu/dev_tt_ws/install/rrbot_description/share/rrbot_description/urdf/materials.xacro
[0.664s] -- Up-to-date symlink: /home/hunajpu/dev_tt_ws/install/rrbot_description/share/rrbot_description/urdf/rrbot.gazebo
[0.664s] -- Up-to-date symlink: /home/hunajpu/dev_tt_ws/install/rrbot_description/share/rrbot_description/urdf/rrbot.xacro
[0.665s] -- Up-to-date symlink: /home/hunajpu/dev_tt_ws/install/rrbot_description/share/rrbot_description/urdf/rrbot.xml
[0.666s] -- Up-to-date symlink: /home/hunajpu/dev_tt_ws/install/rrbot_description/share/rrbot_description/meshes/hokuyo.dae
[0.698s] Invoked command in '/home/hunajpu/dev_tt_ws/build/rrbot_description' returned '0': CMAKE_PREFIX_PATH=${CMAKE_PREFIX_PATH}:/opt/ros/foxy /usr/bin/cmake --install /home/hunajpu/dev_tt_ws/build/rrbot_description
