[0.116s] Invoking command in '/home/hunajpu/dev_tt_ws/build/cobots_axis_gui': CMAKE_PREFIX_PATH=${CMAKE_PREFIX_PATH}:/opt/ros/foxy /usr/bin/cmake --build /home/hunajpu/dev_tt_ws/build/cobots_axis_gui -- -j8 -l8
[0.274s] [35m[1mScanning dependencies of target cobot_7thaxis[0m
[0.451s] [  9%] [32mBuilding CXX object CMakeFiles/cobot_7thaxis.dir/src/mytoolbutton.cpp.o[0m
[0.452s] [ 18%] [32mBuilding CXX object CMakeFiles/cobot_7thaxis.dir/src/cobot_7thaxis.cpp.o[0m
[4.225s] [01m[K/home/hunajpu/dev_tt_ws/src/cobots_7thaxis/cobots_axis_gui/src/cobot_7thaxis.cpp:[m[K In member function ‘[01m[Kvoid rqt_plugin::Cobot7thAxis::clickRunButton()[m[K’:
[4.227s] [01m[K/home/hunajpu/dev_tt_ws/src/cobots_7thaxis/cobots_axis_gui/src/cobot_7thaxis.cpp:82:30:[m[K [01;35m[Kwarning: [m[KISO C++ forbids converting a string constant to ‘[01m[Kchar*[m[K’ [[01;35m[K-Wwrite-strings[m[K]
[4.227s]    82 |     char *argument_list[] = {[01;35m[K"ros2"[m[K, "launch", "ur3_ros2_moveit2", "ur3.launch.py", NULL};
[4.227s]       |                              [01;35m[K^~~~~~[m[K
[4.227s] [01m[K/home/hunajpu/dev_tt_ws/src/cobots_7thaxis/cobots_axis_gui/src/cobot_7thaxis.cpp:82:38:[m[K [01;35m[Kwarning: [m[KISO C++ forbids converting a string constant to ‘[01m[Kchar*[m[K’ [[01;35m[K-Wwrite-strings[m[K]
[4.227s]    82 |     char *argument_list[] = {"ros2", [01;35m[K"launch"[m[K, "ur3_ros2_moveit2", "ur3.launch.py", NULL};
[4.227s]       |                                      [01;35m[K^~~~~~~~[m[K
[4.227s] [01m[K/home/hunajpu/dev_tt_ws/src/cobots_7thaxis/cobots_axis_gui/src/cobot_7thaxis.cpp:82:48:[m[K [01;35m[Kwarning: [m[KISO C++ forbids converting a string constant to ‘[01m[Kchar*[m[K’ [[01;35m[K-Wwrite-strings[m[K]
[4.227s]    82 |     char *argument_list[] = {"ros2", "launch", [01;35m[K"ur3_ros2_moveit2"[m[K, "ur3.launch.py", NULL};
[4.227s]       |                                                [01;35m[K^~~~~~~~~~~~~~~~~~[m[K
[4.227s] [01m[K/home/hunajpu/dev_tt_ws/src/cobots_7thaxis/cobots_axis_gui/src/cobot_7thaxis.cpp:82:68:[m[K [01;35m[Kwarning: [m[KISO C++ forbids converting a string constant to ‘[01m[Kchar*[m[K’ [[01;35m[K-Wwrite-strings[m[K]
[4.228s]    82 |     char *argument_list[] = {"ros2", "launch", "ur3_ros2_moveit2", [01;35m[K"ur3.launch.py"[m[K, NULL};
[4.228s]       |                                                                    [01;35m[K^~~~~~~~~~~~~~~[m[K
[4.228s] [01m[K/home/hunajpu/dev_tt_ws/src/cobots_7thaxis/cobots_axis_gui/src/cobot_7thaxis.cpp:89:26:[m[K [01;35m[Kwarning: [m[KISO C++ forbids converting a string constant to ‘[01m[Kchar*[m[K’ [[01;35m[K-Wwrite-strings[m[K]
[4.228s]    89 |       argument_list[2] = [01;35m[K"ur3_ros2_moveit2"[m[K;
[4.228s]       |                          [01;35m[K^~~~~~~~~~~~~~~~~~[m[K
[4.228s] [01m[K/home/hunajpu/dev_tt_ws/src/cobots_7thaxis/cobots_axis_gui/src/cobot_7thaxis.cpp:92:26:[m[K [01;35m[Kwarning: [m[KISO C++ forbids converting a string constant to ‘[01m[Kchar*[m[K’ [[01;35m[K-Wwrite-strings[m[K]
[4.228s]    92 |       argument_list[2] = [01;35m[K"panda_ros2_moveit2"[m[K;
[4.228s]       |                          [01;35m[K^~~~~~~~~~~~~~~~~~~~[m[K
[4.228s] [01m[K/home/hunajpu/dev_tt_ws/src/cobots_7thaxis/cobots_axis_gui/src/cobot_7thaxis.cpp:103:26:[m[K [01;35m[Kwarning: [m[KISO C++ forbids converting a string constant to ‘[01m[Kchar*[m[K’ [[01;35m[K-Wwrite-strings[m[K]
[4.228s]   103 |       argument_list[3] = [01;35m[K"sim.launch.py"[m[K;
[4.228s]       |                          [01;35m[K^~~~~~~~~~~~~~~[m[K
[4.229s] [01m[K/home/hunajpu/dev_tt_ws/src/cobots_7thaxis/cobots_axis_gui/src/cobot_7thaxis.cpp:[m[K In member function ‘[01m[Kvirtual void rqt_plugin::Cobot7thAxis::saveSettings(qt_gui_cpp::Settings&, qt_gui_cpp::Settings&) const[m[K’:
[4.229s] [01m[K/home/hunajpu/dev_tt_ws/src/cobots_7thaxis/cobots_axis_gui/src/cobot_7thaxis.cpp:174:57:[m[K [01;35m[Kwarning: [m[Kunused parameter ‘[01m[Kplugin_settings[m[K’ [[01;35m[K-Wunused-parameter[m[K]
[4.230s]   174 |   void Cobot7thAxis::saveSettings([01;35m[Kqt_gui_cpp::Settings& plugin_settings[m[K, qt_gui_cpp::Settings& instance_settings) const
[4.230s]       |                                   [01;35m[K~~~~~~~~~~~~~~~~~~~~~~^~~~~~~~~~~~~~~[m[K
[4.230s] [01m[K/home/hunajpu/dev_tt_ws/src/cobots_7thaxis/cobots_axis_gui/src/cobot_7thaxis.cpp:174:96:[m[K [01;35m[Kwarning: [m[Kunused parameter ‘[01m[Kinstance_settings[m[K’ [[01;35m[K-Wunused-parameter[m[K]
[4.230s]   174 |   void Cobot7thAxis::saveSettings(qt_gui_cpp::Settings& plugin_settings, [01;35m[Kqt_gui_cpp::Settings& instance_settings[m[K) const
[4.230s]       |                                                                          [01;35m[K~~~~~~~~~~~~~~~~~~~~~~^~~~~~~~~~~~~~~~~[m[K
[4.230s] [01m[K/home/hunajpu/dev_tt_ws/src/cobots_7thaxis/cobots_axis_gui/src/cobot_7thaxis.cpp:[m[K In member function ‘[01m[Kvirtual void rqt_plugin::Cobot7thAxis::restoreSettings(const qt_gui_cpp::Settings&, const qt_gui_cpp::Settings&)[m[K’:
[4.230s] [01m[K/home/hunajpu/dev_tt_ws/src/cobots_7thaxis/cobots_axis_gui/src/cobot_7thaxis.cpp:179:66:[m[K [01;35m[Kwarning: [m[Kunused parameter ‘[01m[Kplugin_settings[m[K’ [[01;35m[K-Wunused-parameter[m[K]
[4.230s]   179 |   void Cobot7thAxis::restoreSettings([01;35m[Kconst qt_gui_cpp::Settings& plugin_settings[m[K, const qt_gui_cpp::Settings& instance_settings)
[4.230s]       |                                      [01;35m[K~~~~~~~~~~~~~~~~~~~~~~~~~~~~^~~~~~~~~~~~~~~[m[K
[4.230s] [01m[K/home/hunajpu/dev_tt_ws/src/cobots_7thaxis/cobots_axis_gui/src/cobot_7thaxis.cpp:179:111:[m[K [01;35m[Kwarning: [m[Kunused parameter ‘[01m[Kinstance_settings[m[K’ [[01;35m[K-Wunused-parameter[m[K]
[4.230s]   179 |   void Cobot7thAxis::restoreSettings(const qt_gui_cpp::Settings& plugin_settings, [01;35m[Kconst qt_gui_cpp::Settings& instance_settings[m[K)
[4.230s]       |                                                                                   [01;35m[K~~~~~~~~~~~~~~~~~~~~~~~~~~~~^~~~~~~~~~~~~~~~~[m[K
[9.046s] [ 27%] [32m[1mLinking CXX shared library libcobot_7thaxis.so[0m
[9.875s] [100%] Built target cobot_7thaxis
[9.885s] Invoked command in '/home/hunajpu/dev_tt_ws/build/cobots_axis_gui' returned '0': CMAKE_PREFIX_PATH=${CMAKE_PREFIX_PATH}:/opt/ros/foxy /usr/bin/cmake --build /home/hunajpu/dev_tt_ws/build/cobots_axis_gui -- -j8 -l8
[9.916s] Invoking command in '/home/hunajpu/dev_tt_ws/build/cobots_axis_gui': CMAKE_PREFIX_PATH=${CMAKE_PREFIX_PATH}:/opt/ros/foxy /usr/bin/cmake --install /home/hunajpu/dev_tt_ws/build/cobots_axis_gui
[9.924s] -- Install configuration: "Debug"
[9.924s] -- Installing: /home/hunajpu/dev_tt_ws/install/cobots_axis_gui/lib/cobots_axis_gui/libcobot_7thaxis.so
[9.936s] -- Set runtime path of "/home/hunajpu/dev_tt_ws/install/cobots_axis_gui/lib/cobots_axis_gui/libcobot_7thaxis.so" to ""
[9.936s] -- Up-to-date: /home/hunajpu/dev_tt_ws/install/cobots_axis_gui/lib/cobots_axis_gui/cobot_7thaxis
[9.936s] -- Up-to-date: /home/hunajpu/dev_tt_ws/install/cobots_axis_gui/include
[9.937s] -- Up-to-date: /home/hunajpu/dev_tt_ws/install/cobots_axis_gui/include/cobots_axis_gui
[9.937s] -- Up-to-date: /home/hunajpu/dev_tt_ws/install/cobots_axis_gui/include/cobots_axis_gui/mytoolbutton.h
[9.937s] -- Up-to-date: /home/hunajpu/dev_tt_ws/install/cobots_axis_gui/include/cobots_axis_gui/ros_launch_manager.hpp
[9.937s] -- Up-to-date: /home/hunajpu/dev_tt_ws/install/cobots_axis_gui/include/cobots_axis_gui/.git
[9.937s] -- Up-to-date: /home/hunajpu/dev_tt_ws/install/cobots_axis_gui/include/cobots_axis_gui/.git/refs
[9.937s] -- Up-to-date: /home/hunajpu/dev_tt_ws/install/cobots_axis_gui/include/cobots_axis_gui/.git/refs/tags
[9.937s] -- Up-to-date: /home/hunajpu/dev_tt_ws/install/cobots_axis_gui/include/cobots_axis_gui/.git/refs/heads
[9.937s] -- Up-to-date: /home/hunajpu/dev_tt_ws/install/cobots_axis_gui/include/cobots_axis_gui/.git/info
[9.938s] -- Up-to-date: /home/hunajpu/dev_tt_ws/install/cobots_axis_gui/include/cobots_axis_gui/.git/info/exclude
[9.938s] -- Up-to-date: /home/hunajpu/dev_tt_ws/install/cobots_axis_gui/include/cobots_axis_gui/.git/HEAD
[9.938s] -- Up-to-date: /home/hunajpu/dev_tt_ws/install/cobots_axis_gui/include/cobots_axis_gui/.git/description
[9.938s] -- Up-to-date: /home/hunajpu/dev_tt_ws/install/cobots_axis_gui/include/cobots_axis_gui/.git/objects
[9.938s] -- Up-to-date: /home/hunajpu/dev_tt_ws/install/cobots_axis_gui/include/cobots_axis_gui/.git/objects/info
[9.938s] -- Up-to-date: /home/hunajpu/dev_tt_ws/install/cobots_axis_gui/include/cobots_axis_gui/.git/objects/32
[9.938s] -- Up-to-date: /home/hunajpu/dev_tt_ws/install/cobots_axis_gui/include/cobots_axis_gui/.git/objects/32/5b31b591e3b438cbfdc92726aaae05353d0342
[9.938s] -- Up-to-date: /home/hunajpu/dev_tt_ws/install/cobots_axis_gui/include/cobots_axis_gui/.git/objects/pack
[9.938s] -- Up-to-date: /home/hunajpu/dev_tt_ws/install/cobots_axis_gui/include/cobots_axis_gui/.git/objects/06
[9.939s] -- Up-to-date: /home/hunajpu/dev_tt_ws/install/cobots_axis_gui/include/cobots_axis_gui/.git/objects/06/4abb06ea0e84d51ecbbd3bb9595c729300c13b
[9.939s] -- Up-to-date: /home/hunajpu/dev_tt_ws/install/cobots_axis_gui/include/cobots_axis_gui/.git/objects/1c
[9.939s] -- Up-to-date: /home/hunajpu/dev_tt_ws/install/cobots_axis_gui/include/cobots_axis_gui/.git/objects/1c/54dc6324c8e1c7e302b32ce67fcbec485f0a83
[9.939s] -- Up-to-date: /home/hunajpu/dev_tt_ws/install/cobots_axis_gui/include/cobots_axis_gui/.git/objects/be
[9.939s] -- Up-to-date: /home/hunajpu/dev_tt_ws/install/cobots_axis_gui/include/cobots_axis_gui/.git/objects/be/5d563b20cb66ad39c95a2d62cbf294a8aaccd7
[9.939s] -- Up-to-date: /home/hunajpu/dev_tt_ws/install/cobots_axis_gui/include/cobots_axis_gui/.git/objects/86
[9.939s] -- Up-to-date: /home/hunajpu/dev_tt_ws/install/cobots_axis_gui/include/cobots_axis_gui/.git/objects/86/e5761b4716c26905eb3cb6d747f70f7c78f89b
[9.939s] -- Up-to-date: /home/hunajpu/dev_tt_ws/install/cobots_axis_gui/include/cobots_axis_gui/.git/objects/14
[9.939s] -- Up-to-date: /home/hunajpu/dev_tt_ws/install/cobots_axis_gui/include/cobots_axis_gui/.git/objects/14/6d235a8472c7c09c8908a0da4353cef453ad19
[9.939s] -- Up-to-date: /home/hunajpu/dev_tt_ws/install/cobots_axis_gui/include/cobots_axis_gui/.git/objects/6b
[9.939s] -- Up-to-date: /home/hunajpu/dev_tt_ws/install/cobots_axis_gui/include/cobots_axis_gui/.git/objects/6b/7575fc8f3f86136b8ef409181d7cce60f63de6
[9.940s] -- Up-to-date: /home/hunajpu/dev_tt_ws/install/cobots_axis_gui/include/cobots_axis_gui/.git/config
[9.942s] -- Up-to-date: /home/hunajpu/dev_tt_ws/install/cobots_axis_gui/include/cobots_axis_gui/.git/hooks
[9.943s] -- Up-to-date: /home/hunajpu/dev_tt_ws/install/cobots_axis_gui/include/cobots_axis_gui/.git/hooks/pre-applypatch.sample
[9.943s] -- Up-to-date: /home/hunajpu/dev_tt_ws/install/cobots_axis_gui/include/cobots_axis_gui/.git/hooks/pre-merge-commit.sample
[9.943s] -- Up-to-date: /home/hunajpu/dev_tt_ws/install/cobots_axis_gui/include/cobots_axis_gui/.git/hooks/applypatch-msg.sample
[9.943s] -- Up-to-date: /home/hunajpu/dev_tt_ws/install/cobots_axis_gui/include/cobots_axis_gui/.git/hooks/pre-commit.sample
[9.943s] -- Up-to-date: /home/hunajpu/dev_tt_ws/install/cobots_axis_gui/include/cobots_axis_gui/.git/hooks/pre-push.sample
[9.943s] -- Up-to-date: /home/hunajpu/dev_tt_ws/install/cobots_axis_gui/include/cobots_axis_gui/.git/hooks/post-update.sample
[9.943s] -- Up-to-date: /home/hunajpu/dev_tt_ws/install/cobots_axis_gui/include/cobots_axis_gui/.git/hooks/pre-rebase.sample
[9.943s] -- Up-to-date: /home/hunajpu/dev_tt_ws/install/cobots_axis_gui/include/cobots_axis_gui/.git/hooks/commit-msg.sample
[9.944s] -- Up-to-date: /home/hunajpu/dev_tt_ws/install/cobots_axis_gui/include/cobots_axis_gui/.git/hooks/pre-receive.sample
[9.944s] -- Up-to-date: /home/hunajpu/dev_tt_ws/install/cobots_axis_gui/include/cobots_axis_gui/.git/hooks/fsmonitor-watchman.sample
[9.944s] -- Up-to-date: /home/hunajpu/dev_tt_ws/install/cobots_axis_gui/include/cobots_axis_gui/.git/hooks/update.sample
[9.944s] -- Up-to-date: /home/hunajpu/dev_tt_ws/install/cobots_axis_gui/include/cobots_axis_gui/.git/hooks/prepare-commit-msg.sample
[9.944s] -- Up-to-date: /home/hunajpu/dev_tt_ws/install/cobots_axis_gui/include/cobots_axis_gui/.git/branches
[9.944s] -- Up-to-date: /home/hunajpu/dev_tt_ws/install/cobots_axis_gui/include/cobots_axis_gui/.git/index
[9.944s] -- Up-to-date: /home/hunajpu/dev_tt_ws/install/cobots_axis_gui/include/cobots_axis_gui/cobot_7thaxis.h
[9.944s] -- Up-to-date: /home/hunajpu/dev_tt_ws/install/cobots_axis_gui/share/cobots_axis_gui/plugin.xml
[9.945s] -- Up-to-date: /home/hunajpu/dev_tt_ws/install/cobots_axis_gui/share/cobots_axis_gui/resource
[9.945s] -- Up-to-date: /home/hunajpu/dev_tt_ws/install/cobots_axis_gui/share/cobots_axis_gui/resource/home.jpeg
[9.945s] -- Up-to-date: /home/hunajpu/dev_tt_ws/install/cobots_axis_gui/share/cobots_axis_gui/resource/reload.png
[9.946s] -- Up-to-date: /home/hunajpu/dev_tt_ws/install/cobots_axis_gui/share/cobots_axis_gui/resource/cobot_7thaxis.ui
[9.947s] -- Up-to-date: /home/hunajpu/dev_tt_ws/install/cobots_axis_gui/share/cobots_axis_gui/resource/cobot_7thaxis.ui.autosave
[9.947s] -- Up-to-date: /home/hunajpu/dev_tt_ws/install/cobots_axis_gui/share/cobots_axis_gui/resource/stop.png
[9.947s] -- Up-to-date: /home/hunajpu/dev_tt_ws/install/cobots_axis_gui/share/cobots_axis_gui/launch
[9.947s] -- Installing: /home/hunajpu/dev_tt_ws/install/cobots_axis_gui/share/cobots_axis_gui/launch/start.py
[9.948s] -- Up-to-date: /home/hunajpu/dev_tt_ws/install/cobots_axis_gui/share/cobots_axis_gui/plugin.xml
[9.948s] -- Up-to-date: /home/hunajpu/dev_tt_ws/install/cobots_axis_gui/share/cobots_axis_gui/environment/library_path.sh
[9.948s] -- Up-to-date: /home/hunajpu/dev_tt_ws/install/cobots_axis_gui/share/cobots_axis_gui/environment/library_path.dsv
[9.948s] -- Up-to-date: /home/hunajpu/dev_tt_ws/install/cobots_axis_gui/share/ament_index/resource_index/package_run_dependencies/cobots_axis_gui
[9.948s] -- Up-to-date: /home/hunajpu/dev_tt_ws/install/cobots_axis_gui/share/ament_index/resource_index/parent_prefix_path/cobots_axis_gui
[9.949s] -- Up-to-date: /home/hunajpu/dev_tt_ws/install/cobots_axis_gui/share/cobots_axis_gui/environment/ament_prefix_path.sh
[9.949s] -- Up-to-date: /home/hunajpu/dev_tt_ws/install/cobots_axis_gui/share/cobots_axis_gui/environment/ament_prefix_path.dsv
[9.951s] -- Up-to-date: /home/hunajpu/dev_tt_ws/install/cobots_axis_gui/share/cobots_axis_gui/environment/path.sh
[9.951s] -- Up-to-date: /home/hunajpu/dev_tt_ws/install/cobots_axis_gui/share/cobots_axis_gui/environment/path.dsv
[9.952s] -- Up-to-date: /home/hunajpu/dev_tt_ws/install/cobots_axis_gui/share/cobots_axis_gui/local_setup.bash
[9.952s] -- Up-to-date: /home/hunajpu/dev_tt_ws/install/cobots_axis_gui/share/cobots_axis_gui/local_setup.sh
[9.952s] -- Up-to-date: /home/hunajpu/dev_tt_ws/install/cobots_axis_gui/share/cobots_axis_gui/local_setup.zsh
[9.952s] -- Up-to-date: /home/hunajpu/dev_tt_ws/install/cobots_axis_gui/share/cobots_axis_gui/local_setup.dsv
[9.953s] -- Installing: /home/hunajpu/dev_tt_ws/install/cobots_axis_gui/share/cobots_axis_gui/package.dsv
[9.953s] -- Up-to-date: /home/hunajpu/dev_tt_ws/install/cobots_axis_gui/share/ament_index/resource_index/packages/cobots_axis_gui
[9.953s] -- Up-to-date: /home/hunajpu/dev_tt_ws/install/cobots_axis_gui/share/ament_index/resource_index/rqt_gui__pluginlib__plugin/cobots_axis_gui
[9.953s] -- Up-to-date: /home/hunajpu/dev_tt_ws/install/cobots_axis_gui/share/cobots_axis_gui/cmake/ament_cmake_export_include_directories-extras.cmake
[9.953s] -- Up-to-date: /home/hunajpu/dev_tt_ws/install/cobots_axis_gui/share/cobots_axis_gui/cmake/ament_cmake_export_libraries-extras.cmake
[9.954s] -- Up-to-date: /home/hunajpu/dev_tt_ws/install/cobots_axis_gui/share/cobots_axis_gui/cmake/cobots_axis_guiConfig.cmake
[9.954s] -- Up-to-date: /home/hunajpu/dev_tt_ws/install/cobots_axis_gui/share/cobots_axis_gui/cmake/cobots_axis_guiConfig-version.cmake
[9.954s] -- Up-to-date: /home/hunajpu/dev_tt_ws/install/cobots_axis_gui/share/cobots_axis_gui/package.xml
[9.954s] Invoked command in '/home/hunajpu/dev_tt_ws/build/cobots_axis_gui' returned '0': CMAKE_PREFIX_PATH=${CMAKE_PREFIX_PATH}:/opt/ros/foxy /usr/bin/cmake --install /home/hunajpu/dev_tt_ws/build/cobots_axis_gui
