[0.095s] Invoking command in '/home/hunajpu/dev_tt_ws/build/ur5_ros2_moveit2': AMENT_PREFIX_PATH=/home/hunajpu/dev_tt_ws/install/ros2_data:${AMENT_PREFIX_PATH} CMAKE_PREFIX_PATH=/home/hunajpu/dev_tt_ws/install/ros2_data:/home/hunajpu/dev_tt_ws/install/rrbot_moveit_demo_nodes:/home/hunajpu/dev_tt_ws/install/rrbot_moveit_config:/home/hunajpu/dev_tt_ws/install/rrbot_gazebo:/home/hunajpu/dev_tt_ws/install/rrbot_description:/home/hunajpu/dev_tt_ws/install/rosbridge_test_msgs:/home/hunajpu/dev_tt_ws/install/rosbridge_suite:/home/hunajpu/dev_tt_ws/install/rosbridge_server:/home/hunajpu/dev_tt_ws/install/rosbridge_msgs:/home/hunajpu/dev_tt_ws/install/rosapi:/home/hunajpu/dev_tt_ws/install/rosbridge_library:/home/hunajpu/dev_tt_ws/install/rosapi_msgs:/home/hunajpu/dev_tt_ws/install/gazebo_ros2_control_demos:/home/hunajpu/dev_tt_ws/install/gazebo_ros2_control:/opt/ros/foxy LD_LIBRARY_PATH=/home/hunajpu/dev_tt_ws/install/ros2_data/lib:${LD_LIBRARY_PATH} PYTHONPATH=/home/hunajpu/dev_tt_ws/install/ros2_data/lib/python3.8/site-packages:${PYTHONPATH} /usr/bin/cmake /home/hunajpu/dev_tt_ws/src/ros2_RobotSimulation/UniversalRobots/UR5/ur5_ros2_moveit2 -DAMENT_CMAKE_SYMLINK_INSTALL=1 -DCMAKE_INSTALL_PREFIX=/home/hunajpu/dev_tt_ws/install/ur5_ros2_moveit2
[16.422s] -- The C compiler identification is GNU 9.4.0
[16.422s] -- The CXX compiler identification is GNU 9.4.0
[16.422s] -- Check for working C compiler: /usr/bin/cc
[16.422s] -- Check for working C compiler: /usr/bin/cc -- works
[16.422s] -- Detecting C compiler ABI info
[16.423s] -- Detecting C compiler ABI info - done
[16.423s] -- Detecting C compile features
[16.423s] -- Detecting C compile features - done
[16.423s] -- Check for working CXX compiler: /usr/bin/c++
[16.423s] -- Check for working CXX compiler: /usr/bin/c++ -- works
[16.423s] -- Detecting CXX compiler ABI info
[16.423s] -- Detecting CXX compiler ABI info - done
[16.423s] -- Detecting CXX compile features
[16.424s] -- Detecting CXX compile features - done
[16.424s] -- Found ament_cmake: 0.9.9 (/opt/ros/foxy/share/ament_cmake/cmake)
[16.424s] -- Found PythonInterp: /usr/bin/python3 (found suitable version "3.8.10", minimum required is "3") 
[16.424s] -- Using PYTHON_EXECUTABLE: /usr/bin/python3
[16.424s] -- Override CMake install command with custom implementation using symlinks instead of copying resources
[16.424s] -- Found ament_lint_auto: 0.9.6 (/opt/ros/foxy/share/ament_lint_auto/cmake)
[16.424s] -- Found moveit_ros_planning_interface: 2.2.3 (/opt/ros/foxy/share/moveit_ros_planning_interface/cmake)
[16.424s] -- Found Boost: /usr/lib/x86_64-linux-gnu/cmake/Boost-1.71.0/BoostConfig.cmake (found version "1.71.0")  
[16.425s] -- Found Boost: /usr/lib/x86_64-linux-gnu/cmake/Boost-1.71.0/BoostConfig.cmake (found version "1.71.0") found components: date_time filesystem program_options system thread 
[16.425s] -- Using all available rosidl_typesupport_c: rosidl_typesupport_fastrtps_c;rosidl_typesupport_introspection_c
[16.425s] -- Found rosidl_adapter: 1.2.1 (/opt/ros/foxy/share/rosidl_adapter/cmake)
[16.425s] -- Found OpenSSL: /usr/lib/x86_64-linux-gnu/libcrypto.so (found version "1.1.1f")  
[16.425s] -- Found FastRTPS: /opt/ros/foxy/include  
[16.425s] -- Using all available rosidl_typesupport_cpp: rosidl_typesupport_fastrtps_cpp;rosidl_typesupport_introspection_cpp
[16.425s] -- Found Boost: /usr/lib/x86_64-linux-gnu/cmake/Boost-1.71.0/BoostConfig.cmake (found version "1.71.0") found components: chrono date_time filesystem iostreams program_options regex serialization system thread 
[16.426s] -- Found Boost: /usr/lib/x86_64-linux-gnu/cmake/Boost-1.71.0/BoostConfig.cmake (found version "1.71.0") found components: filesystem 
[16.426s] -- Found rmw_implementation_cmake: 1.0.3 (/opt/ros/foxy/share/rmw_implementation_cmake/cmake)
[16.426s] -- Using RMW implementation 'rmw_fastrtps_cpp' as default
[16.426s] -- Found Threads: TRUE  
[16.426s] -- library: /usr/lib/x86_64-linux-gnu/libcurl.so
[16.426s] -- Found Eigen3: TRUE (found version "3.3.7") 
[16.426s] -- Found Boost: /usr/lib/x86_64-linux-gnu/cmake/Boost-1.71.0/BoostConfig.cmake (found version "1.71.0") found components: system filesystem date_time program_options thread chrono 
[16.426s] -- Found Boost: /usr/lib/x86_64-linux-gnu/cmake/Boost-1.71.0/BoostConfig.cmake (found version "1.71.0") found components: thread 
[16.427s] -- Found Boost: /usr/lib/x86_64-linux-gnu/cmake/Boost-1.71.0/BoostConfig.cmake (found version "1.71.0") found components: thread system filesystem regex date_time program_options 
[16.427s] -- Found Boost: /usr/lib/x86_64-linux-gnu/cmake/Boost-1.71.0/BoostConfig.cmake (found version "1.71.0") found components: system filesystem date_time program_options thread 
[16.427s] -- Found ros2_data: 0.0.0 (/home/hunajpu/dev_tt_ws/install/ros2_data/share/ros2_data/cmake)
[16.427s] -- Added test 'copyright' to check source files copyright and LICENSE
[16.427s] -- Added test 'cppcheck' to perform static code analysis on C / C++ code
[16.427s] -- Configured cppcheck include dirs: 
[16.427s] -- Configured cppcheck exclude dirs and/or files: 
[16.427s] -- Added test 'cpplint' to check C / C++ code against the Google style
[16.428s] -- Configured cpplint exclude dirs and/or files: 
[16.428s] -- Added test 'flake8' to check Python code syntax and style conventions
[16.432s] -- Added test 'lint_cmake' to check CMake code style
[16.433s] -- Added test 'pep257' to check Python code against some of the style conventions in PEP 257
[16.433s] -- Added test 'uncrustify' to check C / C++ code style
[16.433s] -- Configured uncrustify additional arguments: 
[16.433s] -- Added test 'xmllint' to check XML markup files
[16.433s] -- Configuring done
[16.719s] -- Generating done
[16.724s] -- Build files have been written to: /home/hunajpu/dev_tt_ws/build/ur5_ros2_moveit2
[16.749s] Invoked command in '/home/hunajpu/dev_tt_ws/build/ur5_ros2_moveit2' returned '0': AMENT_PREFIX_PATH=/home/hunajpu/dev_tt_ws/install/ros2_data:${AMENT_PREFIX_PATH} CMAKE_PREFIX_PATH=/home/hunajpu/dev_tt_ws/install/ros2_data:/home/hunajpu/dev_tt_ws/install/rrbot_moveit_demo_nodes:/home/hunajpu/dev_tt_ws/install/rrbot_moveit_config:/home/hunajpu/dev_tt_ws/install/rrbot_gazebo:/home/hunajpu/dev_tt_ws/install/rrbot_description:/home/hunajpu/dev_tt_ws/install/rosbridge_test_msgs:/home/hunajpu/dev_tt_ws/install/rosbridge_suite:/home/hunajpu/dev_tt_ws/install/rosbridge_server:/home/hunajpu/dev_tt_ws/install/rosbridge_msgs:/home/hunajpu/dev_tt_ws/install/rosapi:/home/hunajpu/dev_tt_ws/install/rosbridge_library:/home/hunajpu/dev_tt_ws/install/rosapi_msgs:/home/hunajpu/dev_tt_ws/install/gazebo_ros2_control_demos:/home/hunajpu/dev_tt_ws/install/gazebo_ros2_control:/opt/ros/foxy LD_LIBRARY_PATH=/home/hunajpu/dev_tt_ws/install/ros2_data/lib:${LD_LIBRARY_PATH} PYTHONPATH=/home/hunajpu/dev_tt_ws/install/ros2_data/lib/python3.8/site-packages:${PYTHONPATH} /usr/bin/cmake /home/hunajpu/dev_tt_ws/src/ros2_RobotSimulation/UniversalRobots/UR5/ur5_ros2_moveit2 -DAMENT_CMAKE_SYMLINK_INSTALL=1 -DCMAKE_INSTALL_PREFIX=/home/hunajpu/dev_tt_ws/install/ur5_ros2_moveit2
[16.751s] Invoking command in '/home/hunajpu/dev_tt_ws/build/ur5_ros2_moveit2': AMENT_PREFIX_PATH=/home/hunajpu/dev_tt_ws/install/ros2_data:${AMENT_PREFIX_PATH} CMAKE_PREFIX_PATH=/home/hunajpu/dev_tt_ws/install/ros2_data:/home/hunajpu/dev_tt_ws/install/rrbot_moveit_demo_nodes:/home/hunajpu/dev_tt_ws/install/rrbot_moveit_config:/home/hunajpu/dev_tt_ws/install/rrbot_gazebo:/home/hunajpu/dev_tt_ws/install/rrbot_description:/home/hunajpu/dev_tt_ws/install/rosbridge_test_msgs:/home/hunajpu/dev_tt_ws/install/rosbridge_suite:/home/hunajpu/dev_tt_ws/install/rosbridge_server:/home/hunajpu/dev_tt_ws/install/rosbridge_msgs:/home/hunajpu/dev_tt_ws/install/rosapi:/home/hunajpu/dev_tt_ws/install/rosbridge_library:/home/hunajpu/dev_tt_ws/install/rosapi_msgs:/home/hunajpu/dev_tt_ws/install/gazebo_ros2_control_demos:/home/hunajpu/dev_tt_ws/install/gazebo_ros2_control:/opt/ros/foxy LD_LIBRARY_PATH=/home/hunajpu/dev_tt_ws/install/ros2_data/lib:${LD_LIBRARY_PATH} PYTHONPATH=/home/hunajpu/dev_tt_ws/install/ros2_data/lib/python3.8/site-packages:${PYTHONPATH} /usr/bin/cmake --build /home/hunajpu/dev_tt_ws/build/ur5_ros2_moveit2 -- -j8 -l8
[16.922s] [35m[1mScanning dependencies of target moveJ_action[0m
[17.028s] [  8%] [32mBuilding CXX object CMakeFiles/moveJ_action.dir/scripts/moveJ_action.cpp.o[0m
[24.742s] [01m[K/home/hunajpu/dev_tt_ws/src/ros2_RobotSimulation/UniversalRobots/UR5/ur5_ros2_moveit2/scripts/moveJ_action.cpp:[m[K In member function ‘[01m[Krclcpp_action::GoalResponse ActionServer::handle_goal(const GoalUUID&, std::shared_ptr<const ros2_data::action::MoveJ_Goal_<std::allocator<void> > >)[m[K’:
[24.742s] [01m[K/home/hunajpu/dev_tt_ws/src/ros2_RobotSimulation/UniversalRobots/UR5/ur5_ros2_moveit2/scripts/moveJ_action.cpp:80:41:[m[K [01;35m[Kwarning: [m[Kunused parameter ‘[01m[Kuuid[m[K’ [[01;35m[K-Wunused-parameter[m[K]
[24.743s]    80 |         [01;35m[Kconst rclcpp_action::GoalUUID & uuid[m[K,
[24.743s]       |         [01;35m[K~~~~~~~~~~~~~~~~~~~~~~~~~~~~~~~~^~~~[m[K
[33.385s] [ 16%] [32m[1mLinking CXX executable moveJ_action[0m
[36.477s] [ 16%] Built target moveJ_action
[36.915s] [35m[1mScanning dependencies of target moveYPR_action[0m
[37.538s] [ 25%] [32mBuilding CXX object CMakeFiles/moveYPR_action.dir/scripts/moveYPR_action.cpp.o[0m
[45.581s] [01m[K/home/hunajpu/dev_tt_ws/src/ros2_RobotSimulation/UniversalRobots/UR5/ur5_ros2_moveit2/scripts/moveYPR_action.cpp:[m[K In member function ‘[01m[Krclcpp_action::GoalResponse ActionServer::handle_goal(const GoalUUID&, std::shared_ptr<const ros2_data::action::MoveYPR_Goal_<std::allocator<void> > >)[m[K’:
[45.581s] [01m[K/home/hunajpu/dev_tt_ws/src/ros2_RobotSimulation/UniversalRobots/UR5/ur5_ros2_moveit2/scripts/moveYPR_action.cpp:79:41:[m[K [01;35m[Kwarning: [m[Kunused parameter ‘[01m[Kuuid[m[K’ [[01;35m[K-Wunused-parameter[m[K]
[45.581s]    79 |         [01;35m[Kconst rclcpp_action::GoalUUID & uuid[m[K,
[45.581s]       |         [01;35m[K~~~~~~~~~~~~~~~~~~~~~~~~~~~~~~~~^~~~[m[K
[45.607s] [01m[K/home/hunajpu/dev_tt_ws/src/ros2_RobotSimulation/UniversalRobots/UR5/ur5_ros2_moveit2/scripts/moveYPR_action.cpp:[m[K In member function ‘[01m[Kvoid ActionServer::execute(std::shared_ptr<rclcpp_action::ServerGoalHandle<ros2_data::action::MoveYPR> >)[m[K’:
[45.607s] [01m[K/home/hunajpu/dev_tt_ws/src/ros2_RobotSimulation/UniversalRobots/UR5/ur5_ros2_moveit2/scripts/moveYPR_action.cpp:135:46:[m[K [01;35m[Kwarning: [m[Kunused variable ‘[01m[Kjoint_model_group[m[K’ [[01;35m[K-Wunused-variable[m[K]
[45.607s]   135 |         const moveit::core::JointModelGroup* [01;35m[Kjoint_model_group[m[K = move_group_interface.getCurrentState()->getJointModelGroup("ur5_robot");
[45.607s]       |                                              [01;35m[K^~~~~~~~~~~~~~~~~[m[K
[53.949s] [ 33%] [32m[1mLinking CXX executable moveYPR_action[0m
[56.172s] [ 33%] Built target moveYPR_action
[56.215s] [35m[1mScanning dependencies of target moveXYZ_action[0m
[56.395s] [ 41%] [32mBuilding CXX object CMakeFiles/moveXYZ_action.dir/scripts/moveXYZ_action.cpp.o[0m
[64.048s] [01m[K/home/hunajpu/dev_tt_ws/src/ros2_RobotSimulation/UniversalRobots/UR5/ur5_ros2_moveit2/scripts/moveXYZ_action.cpp:[m[K In member function ‘[01m[Krclcpp_action::GoalResponse ActionServer::handle_goal(const GoalUUID&, std::shared_ptr<const ros2_data::action::MoveXYZ_Goal_<std::allocator<void> > >)[m[K’:
[64.048s] [01m[K/home/hunajpu/dev_tt_ws/src/ros2_RobotSimulation/UniversalRobots/UR5/ur5_ros2_moveit2/scripts/moveXYZ_action.cpp:79:41:[m[K [01;35m[Kwarning: [m[Kunused parameter ‘[01m[Kuuid[m[K’ [[01;35m[K-Wunused-parameter[m[K]
[64.048s]    79 |         [01;35m[Kconst rclcpp_action::GoalUUID & uuid[m[K,
[64.048s]       |         [01;35m[K~~~~~~~~~~~~~~~~~~~~~~~~~~~~~~~~^~~~[m[K
[64.075s] [01m[K/home/hunajpu/dev_tt_ws/src/ros2_RobotSimulation/UniversalRobots/UR5/ur5_ros2_moveit2/scripts/moveXYZ_action.cpp:[m[K In member function ‘[01m[Kvoid ActionServer::execute(std::shared_ptr<rclcpp_action::ServerGoalHandle<ros2_data::action::MoveXYZ> >)[m[K’:
[64.076s] [01m[K/home/hunajpu/dev_tt_ws/src/ros2_RobotSimulation/UniversalRobots/UR5/ur5_ros2_moveit2/scripts/moveXYZ_action.cpp:135:46:[m[K [01;35m[Kwarning: [m[Kunused variable ‘[01m[Kjoint_model_group[m[K’ [[01;35m[K-Wunused-variable[m[K]
[64.076s]   135 |         const moveit::core::JointModelGroup* [01;35m[Kjoint_model_group[m[K = move_group_interface.getCurrentState()->getJointModelGroup("ur5_robot");
[64.076s]       |                                              [01;35m[K^~~~~~~~~~~~~~~~~[m[K
[72.537s] [ 50%] [32m[1mLinking CXX executable moveXYZ_action[0m
[74.562s] [ 50%] Built target moveXYZ_action
[75.377s] [35m[1mScanning dependencies of target moveR_action[0m
[75.681s] [ 58%] [32mBuilding CXX object CMakeFiles/moveR_action.dir/scripts/moveR_action.cpp.o[0m
[83.493s] [01m[K/home/hunajpu/dev_tt_ws/src/ros2_RobotSimulation/UniversalRobots/UR5/ur5_ros2_moveit2/scripts/moveR_action.cpp:[m[K In member function ‘[01m[Krclcpp_action::GoalResponse ActionServer::handle_goal(const GoalUUID&, std::shared_ptr<const ros2_data::action::MoveR_Goal_<std::allocator<void> > >)[m[K’:
[83.493s] [01m[K/home/hunajpu/dev_tt_ws/src/ros2_RobotSimulation/UniversalRobots/UR5/ur5_ros2_moveit2/scripts/moveR_action.cpp:80:41:[m[K [01;35m[Kwarning: [m[Kunused parameter ‘[01m[Kuuid[m[K’ [[01;35m[K-Wunused-parameter[m[K]
[83.493s]    80 |         [01;35m[Kconst rclcpp_action::GoalUUID & uuid[m[K,
[83.494s]       |         [01;35m[K~~~~~~~~~~~~~~~~~~~~~~~~~~~~~~~~^~~~[m[K
[83.525s] [01m[K/home/hunajpu/dev_tt_ws/src/ros2_RobotSimulation/UniversalRobots/UR5/ur5_ros2_moveit2/scripts/moveR_action.cpp:[m[K In member function ‘[01m[Kvoid ActionServer::execute(std::shared_ptr<rclcpp_action::ServerGoalHandle<ros2_data::action::MoveR> >)[m[K’:
[83.525s] [01m[K/home/hunajpu/dev_tt_ws/src/ros2_RobotSimulation/UniversalRobots/UR5/ur5_ros2_moveit2/scripts/moveR_action.cpp:258:56:[m[K [01;35m[Kwarning: [m[Kcomparison with string literal results in unspecified behavior [[01;35m[K-Waddress[m[K]
[83.525s]   258 |         } else if (LimitCheck == true && InputJoint == [01;35m[K"Valid"[m[K) {
[83.525s]       |                                                        [01;35m[K^~~~~~~[m[K
[91.650s] [ 66%] [32m[1mLinking CXX executable moveR_action[0m
[93.294s] [ 66%] Built target moveR_action
[93.408s] [35m[1mScanning dependencies of target moveL_action[0m
[93.620s] [ 75%] [32mBuilding CXX object CMakeFiles/moveL_action.dir/scripts/moveL_action.cpp.o[0m
[101.295s] [01m[K/home/hunajpu/dev_tt_ws/src/ros2_RobotSimulation/UniversalRobots/UR5/ur5_ros2_moveit2/scripts/moveL_action.cpp:[m[K In member function ‘[01m[Krclcpp_action::GoalResponse ActionServer::handle_goal(const GoalUUID&, std::shared_ptr<const ros2_data::action::MoveL_Goal_<std::allocator<void> > >)[m[K’:
[101.296s] [01m[K/home/hunajpu/dev_tt_ws/src/ros2_RobotSimulation/UniversalRobots/UR5/ur5_ros2_moveit2/scripts/moveL_action.cpp:79:41:[m[K [01;35m[Kwarning: [m[Kunused parameter ‘[01m[Kuuid[m[K’ [[01;35m[K-Wunused-parameter[m[K]
[101.296s]    79 |         [01;35m[Kconst rclcpp_action::GoalUUID & uuid[m[K,
[101.296s]       |         [01;35m[K~~~~~~~~~~~~~~~~~~~~~~~~~~~~~~~~^~~~[m[K
[101.319s] [01m[K/home/hunajpu/dev_tt_ws/src/ros2_RobotSimulation/UniversalRobots/UR5/ur5_ros2_moveit2/scripts/moveL_action.cpp:[m[K In member function ‘[01m[Kvoid ActionServer::execute(std::shared_ptr<rclcpp_action::ServerGoalHandle<ros2_data::action::MoveL> >)[m[K’:
[101.320s] [01m[K/home/hunajpu/dev_tt_ws/src/ros2_RobotSimulation/UniversalRobots/UR5/ur5_ros2_moveit2/scripts/moveL_action.cpp:184:20:[m[K [01;35m[Kwarning: [m[Kunused variable ‘[01m[Kfraction[m[K’ [[01;35m[K-Wunused-variable[m[K]
[101.320s]   184 |             double [01;35m[Kfraction[m[K = move_group_interface.computeCartesianPath(waypoints, eef_step, jump_threshold, trajectory);
[101.320s]       |                    [01;35m[K^~~~~~~~[m[K
[101.322s] [01m[K/home/hunajpu/dev_tt_ws/src/ros2_RobotSimulation/UniversalRobots/UR5/ur5_ros2_moveit2/scripts/moveL_action.cpp:134:46:[m[K [01;35m[Kwarning: [m[Kunused variable ‘[01m[Kjoint_model_group[m[K’ [[01;35m[K-Wunused-variable[m[K]
[101.322s]   134 |         const moveit::core::JointModelGroup* [01;35m[Kjoint_model_group[m[K = move_group_interface.getCurrentState()->getJointModelGroup("ur5_robot");
[101.323s]       |                                              [01;35m[K^~~~~~~~~~~~~~~~~[m[K
[108.955s] [ 83%] [32m[1mLinking CXX executable moveL_action[0m
[110.493s] [ 83%] Built target moveL_action
[110.530s] [35m[1mScanning dependencies of target moveXYZW_action[0m
[110.830s] [ 91%] [32mBuilding CXX object CMakeFiles/moveXYZW_action.dir/scripts/moveXYZW_action.cpp.o[0m
[118.412s] [01m[K/home/hunajpu/dev_tt_ws/src/ros2_RobotSimulation/UniversalRobots/UR5/ur5_ros2_moveit2/scripts/moveXYZW_action.cpp:[m[K In member function ‘[01m[Krclcpp_action::GoalResponse ActionServer::handle_goal(const GoalUUID&, std::shared_ptr<const ros2_data::action::MoveXYZW_Goal_<std::allocator<void> > >)[m[K’:
[118.412s] [01m[K/home/hunajpu/dev_tt_ws/src/ros2_RobotSimulation/UniversalRobots/UR5/ur5_ros2_moveit2/scripts/moveXYZW_action.cpp:79:41:[m[K [01;35m[Kwarning: [m[Kunused parameter ‘[01m[Kuuid[m[K’ [[01;35m[K-Wunused-parameter[m[K]
[118.413s]    79 |         [01;35m[Kconst rclcpp_action::GoalUUID & uuid[m[K,
[118.413s]       |         [01;35m[K~~~~~~~~~~~~~~~~~~~~~~~~~~~~~~~~^~~~[m[K
[118.448s] [01m[K/home/hunajpu/dev_tt_ws/src/ros2_RobotSimulation/UniversalRobots/UR5/ur5_ros2_moveit2/scripts/moveXYZW_action.cpp:[m[K In member function ‘[01m[Kvoid ActionServer::execute(std::shared_ptr<rclcpp_action::ServerGoalHandle<ros2_data::action::MoveXYZW> >)[m[K’:
[118.448s] [01m[K/home/hunajpu/dev_tt_ws/src/ros2_RobotSimulation/UniversalRobots/UR5/ur5_ros2_moveit2/scripts/moveXYZW_action.cpp:142:46:[m[K [01;35m[Kwarning: [m[Kunused variable ‘[01m[Kjoint_model_group[m[K’ [[01;35m[K-Wunused-variable[m[K]
[118.448s]   142 |         const moveit::core::JointModelGroup* [01;35m[Kjoint_model_group[m[K = move_group_interface.getCurrentState()->getJointModelGroup("ur5_robot");
[118.449s]       |                                              [01;35m[K^~~~~~~~~~~~~~~~~[m[K
[126.512s] [100%] [32m[1mLinking CXX executable moveXYZW_action[0m
[128.239s] [100%] Built target moveXYZW_action
[128.286s] Invoked command in '/home/hunajpu/dev_tt_ws/build/ur5_ros2_moveit2' returned '0': AMENT_PREFIX_PATH=/home/hunajpu/dev_tt_ws/install/ros2_data:${AMENT_PREFIX_PATH} CMAKE_PREFIX_PATH=/home/hunajpu/dev_tt_ws/install/ros2_data:/home/hunajpu/dev_tt_ws/install/rrbot_moveit_demo_nodes:/home/hunajpu/dev_tt_ws/install/rrbot_moveit_config:/home/hunajpu/dev_tt_ws/install/rrbot_gazebo:/home/hunajpu/dev_tt_ws/install/rrbot_description:/home/hunajpu/dev_tt_ws/install/rosbridge_test_msgs:/home/hunajpu/dev_tt_ws/install/rosbridge_suite:/home/hunajpu/dev_tt_ws/install/rosbridge_server:/home/hunajpu/dev_tt_ws/install/rosbridge_msgs:/home/hunajpu/dev_tt_ws/install/rosapi:/home/hunajpu/dev_tt_ws/install/rosbridge_library:/home/hunajpu/dev_tt_ws/install/rosapi_msgs:/home/hunajpu/dev_tt_ws/install/gazebo_ros2_control_demos:/home/hunajpu/dev_tt_ws/install/gazebo_ros2_control:/opt/ros/foxy LD_LIBRARY_PATH=/home/hunajpu/dev_tt_ws/install/ros2_data/lib:${LD_LIBRARY_PATH} PYTHONPATH=/home/hunajpu/dev_tt_ws/install/ros2_data/lib/python3.8/site-packages:${PYTHONPATH} /usr/bin/cmake --build /home/hunajpu/dev_tt_ws/build/ur5_ros2_moveit2 -- -j8 -l8
[128.424s] Invoking command in '/home/hunajpu/dev_tt_ws/build/ur5_ros2_moveit2': AMENT_PREFIX_PATH=/home/hunajpu/dev_tt_ws/install/ros2_data:${AMENT_PREFIX_PATH} CMAKE_PREFIX_PATH=/home/hunajpu/dev_tt_ws/install/ros2_data:/home/hunajpu/dev_tt_ws/install/rrbot_moveit_demo_nodes:/home/hunajpu/dev_tt_ws/install/rrbot_moveit_config:/home/hunajpu/dev_tt_ws/install/rrbot_gazebo:/home/hunajpu/dev_tt_ws/install/rrbot_description:/home/hunajpu/dev_tt_ws/install/rosbridge_test_msgs:/home/hunajpu/dev_tt_ws/install/rosbridge_suite:/home/hunajpu/dev_tt_ws/install/rosbridge_server:/home/hunajpu/dev_tt_ws/install/rosbridge_msgs:/home/hunajpu/dev_tt_ws/install/rosapi:/home/hunajpu/dev_tt_ws/install/rosbridge_library:/home/hunajpu/dev_tt_ws/install/rosapi_msgs:/home/hunajpu/dev_tt_ws/install/gazebo_ros2_control_demos:/home/hunajpu/dev_tt_ws/install/gazebo_ros2_control:/opt/ros/foxy LD_LIBRARY_PATH=/home/hunajpu/dev_tt_ws/install/ros2_data/lib:${LD_LIBRARY_PATH} PYTHONPATH=/home/hunajpu/dev_tt_ws/install/ros2_data/lib/python3.8/site-packages:${PYTHONPATH} /usr/bin/cmake --install /home/hunajpu/dev_tt_ws/build/ur5_ros2_moveit2
[128.460s] -- Install configuration: ""
[128.465s] -- Execute custom install script
[128.476s] -- Symlinking: /home/hunajpu/dev_tt_ws/install/ur5_ros2_moveit2/share/ur5_ros2_moveit2/config/chomp_planning.yaml
[128.502s] -- Symlinking: /home/hunajpu/dev_tt_ws/install/ur5_ros2_moveit2/share/ur5_ros2_moveit2/config/kinematics.yaml
[128.531s] -- Symlinking: /home/hunajpu/dev_tt_ws/install/ur5_ros2_moveit2/share/ur5_ros2_moveit2/config/ompl_planning.yaml
[128.564s] -- Symlinking: /home/hunajpu/dev_tt_ws/install/ur5_ros2_moveit2/share/ur5_ros2_moveit2/config/ur5.srdf
[128.589s] -- Symlinking: /home/hunajpu/dev_tt_ws/install/ur5_ros2_moveit2/share/ur5_ros2_moveit2/config/ur5_controllers.yaml
[128.612s] -- Symlinking: /home/hunajpu/dev_tt_ws/install/ur5_ros2_moveit2/share/ur5_ros2_moveit2/launch/ur5.launch.py
[128.626s] -- Symlinking: /home/hunajpu/dev_tt_ws/install/ur5_ros2_moveit2/share/ur5_ros2_moveit2/launch/ur5_interface.launch.py
[128.641s] -- Symlinking: /home/hunajpu/dev_tt_ws/install/ur5_ros2_moveit2/share/ur5_ros2_moveit2/launch/ur5_moveit2.rviz
[128.662s] -- Symlinking: /home/hunajpu/dev_tt_ws/install/ur5_ros2_moveit2/share/ur5_ros2_moveit2/launch/ur5_moveit2_empty.rviz
[128.678s] -- Symlinking: /home/hunajpu/dev_tt_ws/install/ur5_ros2_moveit2/lib/ur5_ros2_moveit2/moveJ_action
[128.712s] -- Symlinking: /home/hunajpu/dev_tt_ws/install/ur5_ros2_moveit2/lib/ur5_ros2_moveit2/moveXYZW_action
[128.732s] -- Symlinking: /home/hunajpu/dev_tt_ws/install/ur5_ros2_moveit2/lib/ur5_ros2_moveit2/moveL_action
[128.753s] -- Symlinking: /home/hunajpu/dev_tt_ws/install/ur5_ros2_moveit2/lib/ur5_ros2_moveit2/moveR_action
[128.781s] -- Symlinking: /home/hunajpu/dev_tt_ws/install/ur5_ros2_moveit2/lib/ur5_ros2_moveit2/moveXYZ_action
[128.805s] -- Symlinking: /home/hunajpu/dev_tt_ws/install/ur5_ros2_moveit2/lib/ur5_ros2_moveit2/moveYPR_action
[128.819s] -- Symlinking: /home/hunajpu/dev_tt_ws/install/ur5_ros2_moveit2/share/ament_index/resource_index/package_run_dependencies/ur5_ros2_moveit2
[128.831s] -- Symlinking: /home/hunajpu/dev_tt_ws/install/ur5_ros2_moveit2/share/ament_index/resource_index/parent_prefix_path/ur5_ros2_moveit2
[128.848s] -- Symlinking: /home/hunajpu/dev_tt_ws/install/ur5_ros2_moveit2/share/ur5_ros2_moveit2/environment/ament_prefix_path.sh
[128.865s] -- Symlinking: /home/hunajpu/dev_tt_ws/install/ur5_ros2_moveit2/share/ur5_ros2_moveit2/environment/ament_prefix_path.dsv
[128.876s] -- Symlinking: /home/hunajpu/dev_tt_ws/install/ur5_ros2_moveit2/share/ur5_ros2_moveit2/environment/path.sh
[128.888s] -- Symlinking: /home/hunajpu/dev_tt_ws/install/ur5_ros2_moveit2/share/ur5_ros2_moveit2/environment/path.dsv
[128.899s] -- Symlinking: /home/hunajpu/dev_tt_ws/install/ur5_ros2_moveit2/share/ur5_ros2_moveit2/local_setup.bash
[128.909s] -- Symlinking: /home/hunajpu/dev_tt_ws/install/ur5_ros2_moveit2/share/ur5_ros2_moveit2/local_setup.sh
[128.921s] -- Symlinking: /home/hunajpu/dev_tt_ws/install/ur5_ros2_moveit2/share/ur5_ros2_moveit2/local_setup.zsh
[128.933s] -- Symlinking: /home/hunajpu/dev_tt_ws/install/ur5_ros2_moveit2/share/ur5_ros2_moveit2/local_setup.dsv
[128.943s] -- Symlinking: /home/hunajpu/dev_tt_ws/install/ur5_ros2_moveit2/share/ur5_ros2_moveit2/package.dsv
[128.953s] -- Symlinking: /home/hunajpu/dev_tt_ws/install/ur5_ros2_moveit2/share/ament_index/resource_index/packages/ur5_ros2_moveit2
[128.966s] -- Symlinking: /home/hunajpu/dev_tt_ws/install/ur5_ros2_moveit2/share/ur5_ros2_moveit2/cmake/ur5_ros2_moveit2Config.cmake
[128.976s] -- Symlinking: /home/hunajpu/dev_tt_ws/install/ur5_ros2_moveit2/share/ur5_ros2_moveit2/cmake/ur5_ros2_moveit2Config-version.cmake
[128.986s] -- Symlinking: /home/hunajpu/dev_tt_ws/install/ur5_ros2_moveit2/share/ur5_ros2_moveit2/package.xml
[129.625s] Invoked command in '/home/hunajpu/dev_tt_ws/build/ur5_ros2_moveit2' returned '0': AMENT_PREFIX_PATH=/home/hunajpu/dev_tt_ws/install/ros2_data:${AMENT_PREFIX_PATH} CMAKE_PREFIX_PATH=/home/hunajpu/dev_tt_ws/install/ros2_data:/home/hunajpu/dev_tt_ws/install/rrbot_moveit_demo_nodes:/home/hunajpu/dev_tt_ws/install/rrbot_moveit_config:/home/hunajpu/dev_tt_ws/install/rrbot_gazebo:/home/hunajpu/dev_tt_ws/install/rrbot_description:/home/hunajpu/dev_tt_ws/install/rosbridge_test_msgs:/home/hunajpu/dev_tt_ws/install/rosbridge_suite:/home/hunajpu/dev_tt_ws/install/rosbridge_server:/home/hunajpu/dev_tt_ws/install/rosbridge_msgs:/home/hunajpu/dev_tt_ws/install/rosapi:/home/hunajpu/dev_tt_ws/install/rosbridge_library:/home/hunajpu/dev_tt_ws/install/rosapi_msgs:/home/hunajpu/dev_tt_ws/install/gazebo_ros2_control_demos:/home/hunajpu/dev_tt_ws/install/gazebo_ros2_control:/opt/ros/foxy LD_LIBRARY_PATH=/home/hunajpu/dev_tt_ws/install/ros2_data/lib:${LD_LIBRARY_PATH} PYTHONPATH=/home/hunajpu/dev_tt_ws/install/ros2_data/lib/python3.8/site-packages:${PYTHONPATH} /usr/bin/cmake --install /home/hunajpu/dev_tt_ws/build/ur5_ros2_moveit2
