[0.084s] Invoking command in '/home/hunajpu/dev_tt_ws/build/cobots_axis_gui': CMAKE_PREFIX_PATH=${CMAKE_PREFIX_PATH}:/home/hunajpu/dev_tt_ws/install/rrbot_moveit_demo_nodes:/home/hunajpu/dev_tt_ws/install/gazebo_ros2_control_demos:/opt/ros/foxy /usr/bin/cmake /home/hunajpu/dev_tt_ws/src/cobots_7thaxis/cobots_axis_gui -G CodeBlocks - Unix Makefiles -DCMAKE_BUILD_TYPE=Debug -DCMAKE_INSTALL_PREFIX=/home/hunajpu/dev_tt_ws/install/cobots_axis_gui
[0.182s] -- Found ament_cmake: 0.9.9 (/opt/ros/foxy/share/ament_cmake/cmake)
[0.222s] -- Using PYTHON_EXECUTABLE: /usr/bin/python3
[0.691s] -- Found rclcpp: 2.4.1 (/opt/ros/foxy/share/rclcpp/cmake)
[0.809s] -- Using all available rosidl_typesupport_c: rosidl_typesupport_fastrtps_c;rosidl_typesupport_introspection_c
[0.818s] -- Found rosidl_adapter: 1.2.1 (/opt/ros/foxy/share/rosidl_adapter/cmake)
[1.184s] -- Using all available rosidl_typesupport_cpp: rosidl_typesupport_fastrtps_cpp;rosidl_typesupport_introspection_cpp
[1.325s] -- Found rmw_implementation_cmake: 1.0.3 (/opt/ros/foxy/share/rmw_implementation_cmake/cmake)
[1.332s] -- Using RMW implementation 'rmw_fastrtps_cpp' as default
[1.940s] -- Found ament_cmake_ros: 0.9.2 (/opt/ros/foxy/share/ament_cmake_ros/cmake)
[1.940s] -- Found rqt_gui_cpp: 1.1.2 (/opt/ros/foxy/share/rqt_gui_cpp/cmake)
[2.115s] -- Found ament_lint_auto: 0.9.6 (/opt/ros/foxy/share/ament_lint_auto/cmake)
[2.526s] -- Added test 'copyright' to check source files copyright and LICENSE
[2.530s] -- Added test 'flake8' to check Python code syntax and style conventions
[2.531s] -- Added test 'lint_cmake' to check CMake code style
[2.532s] -- Added test 'pep257' to check Python code against some of the style conventions in PEP 257
[2.535s] -- Added test 'xmllint' to check XML markup files
[2.726s] -- Configuring done
[2.728s] CMake Error at CMakeLists.txt:70 (add_library):
[2.728s]   Cannot find source file:
[2.728s] 
[2.728s]     src/cobot_7thaxis.cpp
[2.729s] 
[2.729s]   Tried extensions .c .C .c++ .cc .cpp .cxx .cu .m .M .mm .h .hh .h++ .hm
[2.729s]   .hpp .hxx .in .txx
[2.729s] 
[2.729s] 
[2.730s] CMake Error at CMakeLists.txt:70 (add_library):
[2.731s]   No SOURCES given to target: cobot_7thaxis
[2.731s] 
[2.731s] 
[2.731s] CMake Generate step failed.  Build files cannot be regenerated correctly.
[2.746s] Invoked command in '/home/hunajpu/dev_tt_ws/build/cobots_axis_gui' returned '1': CMAKE_PREFIX_PATH=${CMAKE_PREFIX_PATH}:/home/hunajpu/dev_tt_ws/install/rrbot_moveit_demo_nodes:/home/hunajpu/dev_tt_ws/install/gazebo_ros2_control_demos:/opt/ros/foxy /usr/bin/cmake /home/hunajpu/dev_tt_ws/src/cobots_7thaxis/cobots_axis_gui -G CodeBlocks - Unix Makefiles -DCMAKE_BUILD_TYPE=Debug -DCMAKE_INSTALL_PREFIX=/home/hunajpu/dev_tt_ws/install/cobots_axis_gui
