[0.273s] Invoking command in '/home/hunajpu/dev_tt_ws/build/cobots_axis_gui': CMAKE_PREFIX_PATH=${CMAKE_PREFIX_PATH}:/opt/ros/foxy /usr/bin/cmake --build /home/hunajpu/dev_tt_ws/build/cobots_axis_gui -- -j8 -l8
[0.338s] -- Found ament_cmake: 0.9.9 (/opt/ros/foxy/share/ament_cmake/cmake)
[0.400s] -- Using PYTHON_EXECUTABLE: /usr/bin/python3
[0.858s] -- Found rclcpp: 2.4.1 (/opt/ros/foxy/share/rclcpp/cmake)
[0.940s] -- Using all available rosidl_typesupport_c: rosidl_typesupport_fastrtps_c;rosidl_typesupport_introspection_c
[0.947s] -- Found rosidl_adapter: 1.2.1 (/opt/ros/foxy/share/rosidl_adapter/cmake)
[1.262s] -- Using all available rosidl_typesupport_cpp: rosidl_typesupport_fastrtps_cpp;rosidl_typesupport_introspection_cpp
[1.360s] -- Found rmw_implementation_cmake: 1.0.3 (/opt/ros/foxy/share/rmw_implementation_cmake/cmake)
[1.364s] -- Using RMW implementation 'rmw_fastrtps_cpp' as default
[1.675s] -- Found rclcpp_components: 2.4.1 (/opt/ros/foxy/share/rclcpp_components/cmake)
[1.874s] -- Found ament_cmake_ros: 0.9.2 (/opt/ros/foxy/share/ament_cmake_ros/cmake)
[1.876s] -- Found sensor_msgs: 2.0.5 (/opt/ros/foxy/share/sensor_msgs/cmake)
[2.104s] -- Found rqt_gui_cpp: 1.1.2 (/opt/ros/foxy/share/rqt_gui_cpp/cmake)
[2.159s] -- Found control_msgs: 2.5.1 (/opt/ros/foxy/share/control_msgs/cmake)
[3.054s] CMake Error at /opt/ros/foxy/share/ament_cmake_target_dependencies/cmake/ament_target_dependencies.cmake:77 (message):
[3.055s]   ament_target_dependencies() the passed package name 'rclcpp_action' was not
[3.055s]   found before
[3.055s] Call Stack (most recent call first):
[3.055s]   CMakeLists.txt:85 (ament_target_dependencies)
[3.055s] 
[3.056s] 
[3.058s] -- Configuring incomplete, errors occurred!
[3.058s] See also "/home/hunajpu/dev_tt_ws/build/cobots_axis_gui/CMakeFiles/CMakeOutput.log".
[3.058s] See also "/home/hunajpu/dev_tt_ws/build/cobots_axis_gui/CMakeFiles/CMakeError.log".
[3.070s] make: *** [Makefile:416: cmake_check_build_system] Error 1
[3.109s] Invoked command in '/home/hunajpu/dev_tt_ws/build/cobots_axis_gui' returned '2': CMAKE_PREFIX_PATH=${CMAKE_PREFIX_PATH}:/opt/ros/foxy /usr/bin/cmake --build /home/hunajpu/dev_tt_ws/build/cobots_axis_gui -- -j8 -l8
