-- Found ament_cmake: 0.9.9 (/opt/ros/foxy/share/ament_cmake/cmake)
-- Using PYTHON_EXECUTABLE: /usr/bin/python3
-- Override CMake install command with custom implementation using symlinks instead of copying resources
-- Found ament_lint_auto: 0.9.6 (/opt/ros/foxy/share/ament_lint_auto/cmake)
-- Added test 'copyright' to check source files copyright and LICENSE
-- Added test 'flake8' to check Python code syntax and style conventions
-- Added test 'lint_cmake' to check CMake code style
-- Added test 'pep257' to check Python code against some of the style conventions in PEP 257
-- Added test 'xmllint' to check XML markup files
-- Configuring done
-- Generating done
-- Build files have been written to: /home/hunajpu/dev_tt_ws/build/irb6640_ros2_gazebo
-- Install configuration: "Debug"
-- Execute custom install script
-- Up-to-date symlink: /home/hunajpu/dev_tt_ws/install/irb6640_ros2_gazebo/share/irb6640_ros2_gazebo/config/irb6640_controller.yaml
-- Up-to-date symlink: /home/hunajpu/dev_tt_ws/install/irb6640_ros2_gazebo/share/irb6640_ros2_gazebo/launch/irb6640_simulation.launch.py
-- Up-to-date symlink: /home/hunajpu/dev_tt_ws/install/irb6640_ros2_gazebo/share/irb6640_ros2_gazebo/urdf/abb_resources/common_colours.xacro
-- Up-to-date symlink: /home/hunajpu/dev_tt_ws/install/irb6640_ros2_gazebo/share/irb6640_ros2_gazebo/urdf/abb_resources/common_materials.xacro
-- Up-to-date symlink: /home/hunajpu/dev_tt_ws/install/irb6640_ros2_gazebo/share/irb6640_ros2_gazebo/urdf/irb6640.urdf.xacro
-- Up-to-date symlink: /home/hunajpu/dev_tt_ws/install/irb6640_ros2_gazebo/share/irb6640_ros2_gazebo/urdf/irb6640_gazebo.xacro
-- Up-to-date symlink: /home/hunajpu/dev_tt_ws/install/irb6640_ros2_gazebo/share/irb6640_ros2_gazebo/urdf/irb6640_macro.urdf.xacro
-- Up-to-date symlink: /home/hunajpu/dev_tt_ws/install/irb6640_ros2_gazebo/share/irb6640_ros2_gazebo/urdf/irb6640_transmission.xacro
-- Up-to-date symlink: /home/hunajpu/dev_tt_ws/install/irb6640_ros2_gazebo/share/irb6640_ros2_gazebo/worlds/irb6640.world
-- Up-to-date symlink: /home/hunajpu/dev_tt_ws/install/irb6640_ros2_gazebo/share/irb6640_ros2_gazebo/meshes/collision/base_link.stl
-- Up-to-date symlink: /home/hunajpu/dev_tt_ws/install/irb6640_ros2_gazebo/share/irb6640_ros2_gazebo/meshes/collision/cylinder_link.stl
-- Up-to-date symlink: /home/hunajpu/dev_tt_ws/install/irb6640_ros2_gazebo/share/irb6640_ros2_gazebo/meshes/collision/link_1.stl
-- Up-to-date symlink: /home/hunajpu/dev_tt_ws/install/irb6640_ros2_gazebo/share/irb6640_ros2_gazebo/meshes/collision/link_2.stl
-- Up-to-date symlink: /home/hunajpu/dev_tt_ws/install/irb6640_ros2_gazebo/share/irb6640_ros2_gazebo/meshes/collision/link_3.stl
-- Up-to-date symlink: /home/hunajpu/dev_tt_ws/install/irb6640_ros2_gazebo/share/irb6640_ros2_gazebo/meshes/collision/link_4.stl
-- Up-to-date symlink: /home/hunajpu/dev_tt_ws/install/irb6640_ros2_gazebo/share/irb6640_ros2_gazebo/meshes/collision/link_5.stl
-- Up-to-date symlink: /home/hunajpu/dev_tt_ws/install/irb6640_ros2_gazebo/share/irb6640_ros2_gazebo/meshes/collision/link_6.stl
-- Up-to-date symlink: /home/hunajpu/dev_tt_ws/install/irb6640_ros2_gazebo/share/irb6640_ros2_gazebo/meshes/collision/piston_link.stl
-- Up-to-date symlink: /home/hunajpu/dev_tt_ws/install/irb6640_ros2_gazebo/share/irb6640_ros2_gazebo/meshes/visual/base_link.dae
-- Up-to-date symlink: /home/hunajpu/dev_tt_ws/install/irb6640_ros2_gazebo/share/irb6640_ros2_gazebo/meshes/visual/cylinder_link.dae
-- Up-to-date symlink: /home/hunajpu/dev_tt_ws/install/irb6640_ros2_gazebo/share/irb6640_ros2_gazebo/meshes/visual/link_1.dae
-- Up-to-date symlink: /home/hunajpu/dev_tt_ws/install/irb6640_ros2_gazebo/share/irb6640_ros2_gazebo/meshes/visual/link_2.dae
-- Up-to-date symlink: /home/hunajpu/dev_tt_ws/install/irb6640_ros2_gazebo/share/irb6640_ros2_gazebo/meshes/visual/link_3.dae
-- Up-to-date symlink: /home/hunajpu/dev_tt_ws/install/irb6640_ros2_gazebo/share/irb6640_ros2_gazebo/meshes/visual/link_4.dae
-- Up-to-date symlink: /home/hunajpu/dev_tt_ws/install/irb6640_ros2_gazebo/share/irb6640_ros2_gazebo/meshes/visual/link_5.dae
-- Up-to-date symlink: /home/hunajpu/dev_tt_ws/install/irb6640_ros2_gazebo/share/irb6640_ros2_gazebo/meshes/visual/link_6.dae
-- Up-to-date symlink: /home/hunajpu/dev_tt_ws/install/irb6640_ros2_gazebo/share/irb6640_ros2_gazebo/meshes/visual/piston_link.dae
-- Up-to-date symlink: /home/hunajpu/dev_tt_ws/install/irb6640_ros2_gazebo/share/ament_index/resource_index/package_run_dependencies/irb6640_ros2_gazebo
-- Up-to-date symlink: /home/hunajpu/dev_tt_ws/install/irb6640_ros2_gazebo/share/ament_index/resource_index/parent_prefix_path/irb6640_ros2_gazebo
-- Up-to-date symlink: /home/hunajpu/dev_tt_ws/install/irb6640_ros2_gazebo/share/irb6640_ros2_gazebo/environment/ament_prefix_path.sh
-- Up-to-date symlink: /home/hunajpu/dev_tt_ws/install/irb6640_ros2_gazebo/share/irb6640_ros2_gazebo/environment/ament_prefix_path.dsv
-- Up-to-date symlink: /home/hunajpu/dev_tt_ws/install/irb6640_ros2_gazebo/share/irb6640_ros2_gazebo/environment/path.sh
-- Up-to-date symlink: /home/hunajpu/dev_tt_ws/install/irb6640_ros2_gazebo/share/irb6640_ros2_gazebo/environment/path.dsv
-- Up-to-date symlink: /home/hunajpu/dev_tt_ws/install/irb6640_ros2_gazebo/share/irb6640_ros2_gazebo/local_setup.bash
-- Up-to-date symlink: /home/hunajpu/dev_tt_ws/install/irb6640_ros2_gazebo/share/irb6640_ros2_gazebo/local_setup.sh
-- Up-to-date symlink: /home/hunajpu/dev_tt_ws/install/irb6640_ros2_gazebo/share/irb6640_ros2_gazebo/local_setup.zsh
-- Up-to-date symlink: /home/hunajpu/dev_tt_ws/install/irb6640_ros2_gazebo/share/irb6640_ros2_gazebo/local_setup.dsv
-- Symlinking: /home/hunajpu/dev_tt_ws/install/irb6640_ros2_gazebo/share/irb6640_ros2_gazebo/package.dsv
-- Up-to-date symlink: /home/hunajpu/dev_tt_ws/install/irb6640_ros2_gazebo/share/ament_index/resource_index/packages/irb6640_ros2_gazebo
-- Up-to-date symlink: /home/hunajpu/dev_tt_ws/install/irb6640_ros2_gazebo/share/irb6640_ros2_gazebo/cmake/irb6640_ros2_gazeboConfig.cmake
-- Up-to-date symlink: /home/hunajpu/dev_tt_ws/install/irb6640_ros2_gazebo/share/irb6640_ros2_gazebo/cmake/irb6640_ros2_gazeboConfig-version.cmake
-- Up-to-date symlink: /home/hunajpu/dev_tt_ws/install/irb6640_ros2_gazebo/share/irb6640_ros2_gazebo/package.xml
