[0.182s] Invoking command in '/home/hunajpu/dev_tt_ws/build/cobots_axis_gui': CMAKE_PREFIX_PATH=${CMAKE_PREFIX_PATH}:/opt/ros/foxy /usr/bin/cmake --build /home/hunajpu/dev_tt_ws/build/cobots_axis_gui -- -j8 -l8
[0.273s] -- Found ament_cmake: 0.9.9 (/opt/ros/foxy/share/ament_cmake/cmake)
[0.304s] -- Using PYTHON_EXECUTABLE: /usr/bin/python3
[0.789s] -- Found rclcpp: 2.4.1 (/opt/ros/foxy/share/rclcpp/cmake)
[0.899s] -- Using all available rosidl_typesupport_c: rosidl_typesupport_fastrtps_c;rosidl_typesupport_introspection_c
[0.899s] -- Found rosidl_adapter: 1.2.1 (/opt/ros/foxy/share/rosidl_adapter/cmake)
[1.144s] -- Using all available rosidl_typesupport_cpp: rosidl_typesupport_fastrtps_cpp;rosidl_typesupport_introspection_cpp
[1.236s] -- Found rmw_implementation_cmake: 1.0.3 (/opt/ros/foxy/share/rmw_implementation_cmake/cmake)
[1.237s] -- Using RMW implementation 'rmw_fastrtps_cpp' as default
[1.643s] -- Found ament_cmake_ros: 0.9.2 (/opt/ros/foxy/share/ament_cmake_ros/cmake)
[1.643s] -- Found rqt_gui_cpp: 1.1.2 (/opt/ros/foxy/share/rqt_gui_cpp/cmake)
[1.677s] -- Found ament_lint_auto: 0.9.6 (/opt/ros/foxy/share/ament_lint_auto/cmake)
[1.720s] -- Added test 'copyright' to check source files copyright and LICENSE
[1.720s] -- Added test 'cppcheck' to perform static code analysis on C / C++ code
[1.720s] -- Configured cppcheck include dirs: /home/hunajpu/dev_tt_ws/src/cobots_7thaxis/cobots_axis_gui/include
[1.720s] -- Configured cppcheck exclude dirs and/or files: 
[1.720s] -- Added test 'cpplint' to check C / C++ code against the Google style
[1.720s] -- Configured cpplint exclude dirs and/or files: 
[1.721s] -- Added test 'flake8' to check Python code syntax and style conventions
[1.721s] -- Added test 'lint_cmake' to check CMake code style
[1.721s] -- Added test 'pep257' to check Python code against some of the style conventions in PEP 257
[1.721s] -- Added test 'uncrustify' to check C / C++ code style
[1.721s] -- Configured uncrustify additional arguments: 
[1.721s] -- Added test 'xmllint' to check XML markup files
[1.758s] -- Configuring done
[1.758s] -- Generating done
[1.758s] -- Build files have been written to: /home/hunajpu/dev_tt_ws/build/cobots_axis_gui
[1.787s] [ 12%] Generating include/cobots_axis_gui/moc_cobot_7thaxis.cpp
[1.788s] [ 25%] Generating include/cobots_axis_gui/moc_mytoolbutton.cpp
[1.789s] /home/hunajpu/dev_tt_ws/src/cobots_7thaxis/cobots_axis_gui/include/cobots_axis_gui/mytoolbutton.h:0: Note: No relevant classes found. No output generated.
[1.988s] Scanning dependencies of target cobot_7thaxis
[2.134s] [ 37%] Building CXX object CMakeFiles/cobot_7thaxis.dir/src/mytoolbutton.cpp.o
[2.135s] [ 50%] Building CXX object CMakeFiles/cobot_7thaxis.dir/src/cobot_7thaxis.cpp.o
[2.136s] [ 62%] Building CXX object CMakeFiles/cobot_7thaxis.dir/include/cobots_axis_gui/moc_mytoolbutton.cpp.o
[2.139s] [ 75%] Building CXX object CMakeFiles/cobot_7thaxis.dir/include/cobots_axis_gui/moc_cobot_7thaxis.cpp.o
[4.098s] /home/hunajpu/dev_tt_ws/src/cobots_7thaxis/cobots_axis_gui/src/mytoolbutton.cpp: In constructor 'MyToolButton::MyToolButton(QWidget*)':
[4.098s] /home/hunajpu/dev_tt_ws/src/cobots_7thaxis/cobots_axis_gui/src/mytoolbutton.cpp:10:7: error: type 'QToolButton' is not a direct base of 'MyToolButton'
[4.099s]    10 |     : QToolButton(parent), m_ledColor(QColor(Qt::red)), m_label("label"), m_label2("label2"), iDir(1), m_Width(LED_WIDTH)
[4.099s]       |       ^~~~~~~~~~~
[4.301s] make[2]: *** [CMakeFiles/cobot_7thaxis.dir/build.make:88: CMakeFiles/cobot_7thaxis.dir/src/mytoolbutton.cpp.o] Error 1
[4.301s] make[2]: *** Waiting for unfinished jobs....
[5.559s] /home/hunajpu/dev_tt_ws/src/cobots_7thaxis/cobots_axis_gui/src/cobot_7thaxis.cpp: In member function 'virtual void rqt_plugin::Cobot7thAxis::saveSettings(qt_gui_cpp::Settings&, qt_gui_cpp::Settings&) const':
[5.559s] /home/hunajpu/dev_tt_ws/src/cobots_7thaxis/cobots_axis_gui/src/cobot_7thaxis.cpp:34:57: warning: unused parameter 'plugin_settings' [-Wunused-parameter]
[5.559s]    34 |   void Cobot7thAxis::saveSettings(qt_gui_cpp::Settings& plugin_settings, qt_gui_cpp::Settings& instance_settings) const
[5.559s]       |                                   ~~~~~~~~~~~~~~~~~~~~~~^~~~~~~~~~~~~~~
[5.560s] /home/hunajpu/dev_tt_ws/src/cobots_7thaxis/cobots_axis_gui/src/cobot_7thaxis.cpp:34:96: warning: unused parameter 'instance_settings' [-Wunused-parameter]
[5.560s]    34 |   void Cobot7thAxis::saveSettings(qt_gui_cpp::Settings& plugin_settings, qt_gui_cpp::Settings& instance_settings) const
[5.560s]       |                                                                          ~~~~~~~~~~~~~~~~~~~~~~^~~~~~~~~~~~~~~~~
[5.560s] /home/hunajpu/dev_tt_ws/src/cobots_7thaxis/cobots_axis_gui/src/cobot_7thaxis.cpp: In member function 'virtual void rqt_plugin::Cobot7thAxis::restoreSettings(const qt_gui_cpp::Settings&, const qt_gui_cpp::Settings&)':
[5.560s] /home/hunajpu/dev_tt_ws/src/cobots_7thaxis/cobots_axis_gui/src/cobot_7thaxis.cpp:39:66: warning: unused parameter 'plugin_settings' [-Wunused-parameter]
[5.560s]    39 |   void Cobot7thAxis::restoreSettings(const qt_gui_cpp::Settings& plugin_settings, const qt_gui_cpp::Settings& instance_settings)
[5.560s]       |                                      ~~~~~~~~~~~~~~~~~~~~~~~~~~~~^~~~~~~~~~~~~~~
[5.561s] /home/hunajpu/dev_tt_ws/src/cobots_7thaxis/cobots_axis_gui/src/cobot_7thaxis.cpp:39:111: warning: unused parameter 'instance_settings' [-Wunused-parameter]
[5.561s]    39 |   void Cobot7thAxis::restoreSettings(const qt_gui_cpp::Settings& plugin_settings, const qt_gui_cpp::Settings& instance_settings)
[5.561s]       |                                                                                   ~~~~~~~~~~~~~~~~~~~~~~~~~~~~^~~~~~~~~~~~~~~~~
[6.585s] make[1]: *** [CMakeFiles/Makefile2:78: CMakeFiles/cobot_7thaxis.dir/all] Error 2
[6.585s] make: *** [Makefile:141: all] Error 2
[6.587s] Invoked command in '/home/hunajpu/dev_tt_ws/build/cobots_axis_gui' returned '2': CMAKE_PREFIX_PATH=${CMAKE_PREFIX_PATH}:/opt/ros/foxy /usr/bin/cmake --build /home/hunajpu/dev_tt_ws/build/cobots_axis_gui -- -j8 -l8
