[0.159s] Invoking command in '/home/hunajpu/dev_tt_ws/build/cobots_axis_gui': CMAKE_PREFIX_PATH=${CMAKE_PREFIX_PATH}:/opt/ros/foxy /usr/bin/cmake --build /home/hunajpu/dev_tt_ws/build/cobots_axis_gui -- -j8 -l8
[0.311s] -- Found ament_cmake: 0.9.9 (/opt/ros/foxy/share/ament_cmake/cmake)
[0.313s] -- Using PYTHON_EXECUTABLE: /usr/bin/python3
[0.742s] -- Found rclcpp: 2.4.1 (/opt/ros/foxy/share/rclcpp/cmake)
[0.832s] -- Using all available rosidl_typesupport_c: rosidl_typesupport_fastrtps_c;rosidl_typesupport_introspection_c
[0.839s] -- Found rosidl_adapter: 1.2.1 (/opt/ros/foxy/share/rosidl_adapter/cmake)
[1.113s] -- Using all available rosidl_typesupport_cpp: rosidl_typesupport_fastrtps_cpp;rosidl_typesupport_introspection_cpp
[1.279s] -- Found rmw_implementation_cmake: 1.0.3 (/opt/ros/foxy/share/rmw_implementation_cmake/cmake)
[1.279s] -- Using RMW implementation 'rmw_fastrtps_cpp' as default
[1.664s] -- Found ament_cmake_ros: 0.9.2 (/opt/ros/foxy/share/ament_cmake_ros/cmake)
[1.678s] -- Found rqt_gui_cpp: 1.1.2 (/opt/ros/foxy/share/rqt_gui_cpp/cmake)
[1.785s] -- Found ament_lint_auto: 0.9.6 (/opt/ros/foxy/share/ament_lint_auto/cmake)
[1.887s] -- Added test 'copyright' to check source files copyright and LICENSE
[1.893s] -- Added test 'cppcheck' to perform static code analysis on C / C++ code
[1.894s] -- Configured cppcheck include dirs: /home/hunajpu/dev_tt_ws/src/cobots_7thaxis/cobots_axis_gui/include
[1.894s] -- Configured cppcheck exclude dirs and/or files: 
[1.897s] -- Added test 'cpplint' to check C / C++ code against the Google style
[1.897s] -- Configured cpplint exclude dirs and/or files: 
[1.898s] -- Added test 'flake8' to check Python code syntax and style conventions
[1.898s] -- Added test 'lint_cmake' to check CMake code style
[1.900s] -- Added test 'pep257' to check Python code against some of the style conventions in PEP 257
[1.903s] -- Added test 'uncrustify' to check C / C++ code style
[1.904s] -- Configured uncrustify additional arguments: 
[1.904s] -- Added test 'xmllint' to check XML markup files
[1.908s] -- Configuring done
[1.918s] -- Generating done
[2.074s] -- Build files have been written to: /home/hunajpu/dev_tt_ws/build/cobots_axis_gui
[2.117s] [ 12%] [34m[1mGenerating include/cobots_axis_gui/moc_mytoolbutton.cpp[0m
[2.121s] /home/hunajpu/dev_tt_ws/src/cobots_7thaxis/cobots_axis_gui/include/cobots_axis_gui/mytoolbutton.h:0: Note: No relevant classes found. No output generated.
[2.142s] [35m[1mScanning dependencies of target cobot_7thaxis[0m
[2.220s] [ 37%] [32mBuilding CXX object CMakeFiles/cobot_7thaxis.dir/include/cobots_axis_gui/moc_mytoolbutton.cpp.o[0m
[2.220s] [ 37%] [32mBuilding CXX object CMakeFiles/cobot_7thaxis.dir/src/mytoolbutton.cpp.o[0m
[2.233s] [01m[K/home/hunajpu/dev_tt_ws/src/cobots_7thaxis/cobots_axis_gui/src/mytoolbutton.cpp:1:10:[m[K [01;31m[Kfatal error: [m[Kmytoolbutton.h: No such file or directory
[2.233s]     1 | #include [01;31m[K"mytoolbutton.h"[m[K
[2.233s]       |          [01;31m[K^~~~~~~~~~~~~~~~[m[K
[2.234s] compilation terminated.
[2.235s] make[2]: *** [CMakeFiles/cobot_7thaxis.dir/build.make:88: CMakeFiles/cobot_7thaxis.dir/src/mytoolbutton.cpp.o] Error 1
[2.235s] make[2]: *** Waiting for unfinished jobs....
[2.253s] make[1]: *** [CMakeFiles/Makefile2:78: CMakeFiles/cobot_7thaxis.dir/all] Error 2
[2.253s] make: *** [Makefile:141: all] Error 2
[2.350s] Invoked command in '/home/hunajpu/dev_tt_ws/build/cobots_axis_gui' returned '2': CMAKE_PREFIX_PATH=${CMAKE_PREFIX_PATH}:/opt/ros/foxy /usr/bin/cmake --build /home/hunajpu/dev_tt_ws/build/cobots_axis_gui -- -j8 -l8
