[0.116s] Invoking command in '/home/hunajpu/dev_tt_ws/build/cobots_axis_gui': CMAKE_PREFIX_PATH=${CMAKE_PREFIX_PATH}:/home/hunajpu/dev_tt_ws/install/rrbot_moveit_demo_nodes:/home/hunajpu/dev_tt_ws/install/gazebo_ros2_control_demos:/opt/ros/foxy /usr/bin/cmake --build /home/hunajpu/dev_tt_ws/build/cobots_axis_gui -- -j8 -l8
[0.174s] -- Found ament_cmake: 0.9.9 (/opt/ros/foxy/share/ament_cmake/cmake)
[0.204s] -- Using PYTHON_EXECUTABLE: /usr/bin/python3
[0.616s] -- Found rclcpp: 2.4.1 (/opt/ros/foxy/share/rclcpp/cmake)
[0.725s] -- Using all available rosidl_typesupport_c: rosidl_typesupport_fastrtps_c;rosidl_typesupport_introspection_c
[0.763s] -- Found rosidl_adapter: 1.2.1 (/opt/ros/foxy/share/rosidl_adapter/cmake)
[1.124s] -- Using all available rosidl_typesupport_cpp: rosidl_typesupport_fastrtps_cpp;rosidl_typesupport_introspection_cpp
[1.150s] -- Found rmw_implementation_cmake: 1.0.3 (/opt/ros/foxy/share/rmw_implementation_cmake/cmake)
[1.151s] -- Using RMW implementation 'rmw_fastrtps_cpp' as default
[1.393s] -- Found ament_cmake_ros: 0.9.2 (/opt/ros/foxy/share/ament_cmake_ros/cmake)
[1.393s] -- Found rqt_gui_cpp: 1.1.2 (/opt/ros/foxy/share/rqt_gui_cpp/cmake)
[1.443s] -- Found ament_lint_auto: 0.9.6 (/opt/ros/foxy/share/ament_lint_auto/cmake)
[1.602s] -- Added test 'copyright' to check source files copyright and LICENSE
[1.604s] -- Added test 'cppcheck' to perform static code analysis on C / C++ code
[1.606s] -- Configured cppcheck include dirs: /home/hunajpu/dev_tt_ws/src/cobots_7thaxis/cobots_axis_gui/include
[1.606s] -- Configured cppcheck exclude dirs and/or files: 
[1.608s] -- Added test 'cpplint' to check C / C++ code against the Google style
[1.608s] -- Configured cpplint exclude dirs and/or files: 
[1.609s] -- Added test 'flake8' to check Python code syntax and style conventions
[1.610s] -- Added test 'lint_cmake' to check CMake code style
[1.613s] -- Added test 'pep257' to check Python code against some of the style conventions in PEP 257
[1.613s] -- Added test 'uncrustify' to check C / C++ code style
[1.614s] -- Configured uncrustify additional arguments: 
[1.614s] -- Added test 'xmllint' to check XML markup files
[1.700s] -- Configuring done
[1.700s] -- Generating done
[1.700s] -- Build files have been written to: /home/hunajpu/dev_tt_ws/build/cobots_axis_gui
[1.881s] [ 20%] Generating include/cobots_axis_gui/moc_cobot_7thaxis.cpp
[2.250s] Scanning dependencies of target cobot_7thaxis
[2.297s] [ 40%] Building CXX object CMakeFiles/cobot_7thaxis.dir/src/cobot_7thaxis.cpp.o
[2.332s] [ 60%] Building CXX object CMakeFiles/cobot_7thaxis.dir/include/cobots_axis_gui/moc_cobot_7thaxis.cpp.o
[2.353s] /home/hunajpu/dev_tt_ws/src/cobots_7thaxis/cobots_axis_gui/src/cobot_7thaxis.cpp:1:10: fatal error: cobot_7thaxis.h: No such file or directory
[2.353s]     1 | #include "cobot_7thaxis.h"
[2.353s]       |          ^~~~~~~~~~~~~~~~~
[2.353s] compilation terminated.
[2.390s] make[2]: *** [CMakeFiles/cobot_7thaxis.dir/build.make:71: CMakeFiles/cobot_7thaxis.dir/src/cobot_7thaxis.cpp.o] Error 1
[2.390s] make[2]: *** Waiting for unfinished jobs....
