[0.191s] Invoking command in '/home/hunajpu/dev_tt_ws/build/rosapi_msgs': CMAKE_PREFIX_PATH=${CMAKE_PREFIX_PATH}:/opt/ros/foxy /usr/bin/cmake --build /home/hunajpu/dev_tt_ws/build/rosapi_msgs -- -j8 -l8
[0.425s] [  0%] Built target rosapi_msgs__cpp
[0.463s] [ 12%] Built target rosapi_msgs__rosidl_generator_c
[0.605s] [ 24%] Built target rosapi_msgs__rosidl_typesupport_c
[0.615s] [ 37%] Built target rosapi_msgs__rosidl_typesupport_introspection_cpp
[0.636s] [ 49%] Built target rosapi_msgs__rosidl_typesupport_cpp
[0.664s] [ 61%] Built target rosapi_msgs__rosidl_typesupport_fastrtps_cpp
[0.756s] [ 73%] Built target rosapi_msgs__rosidl_typesupport_introspection_c
[1.088s] [ 85%] Built target rosapi_msgs__rosidl_typesupport_fastrtps_c
[1.205s] [ 85%] Built target rosapi_msgs
[1.284s] [ 85%] Built target rosapi_msgs__py
[1.447s] [ 97%] Built target rosapi_msgs__python
[1.594s] [ 98%] Built target rosapi_msgs__rosidl_typesupport_c__pyext
[1.612s] [ 99%] Built target rosapi_msgs__rosidl_typesupport_introspection_c__pyext
[1.619s] [100%] Built target rosapi_msgs__rosidl_typesupport_fastrtps_c__pyext
[1.716s] Invoked command in '/home/hunajpu/dev_tt_ws/build/rosapi_msgs' returned '0': CMAKE_PREFIX_PATH=${CMAKE_PREFIX_PATH}:/opt/ros/foxy /usr/bin/cmake --build /home/hunajpu/dev_tt_ws/build/rosapi_msgs -- -j8 -l8
[3.863s] Invoking command in '/home/hunajpu/dev_tt_ws/build/rosapi_msgs': CMAKE_PREFIX_PATH=${CMAKE_PREFIX_PATH}:/opt/ros/foxy /usr/bin/cmake --install /home/hunajpu/dev_tt_ws/build/rosapi_msgs
[3.939s] -- Install configuration: "Debug"
[3.939s] -- Execute custom install script
[3.939s] -- Up-to-date symlink: /home/hunajpu/dev_tt_ws/install/rosapi_msgs/share/ament_index/resource_index/rosidl_interfaces/rosapi_msgs
[3.939s] -- Up-to-date symlink: /home/hunajpu/dev_tt_ws/install/rosapi_msgs/include/rosapi_msgs/msg/detail/type_def__functions.h
[3.940s] -- Up-to-date symlink: /home/hunajpu/dev_tt_ws/install/rosapi_msgs/include/rosapi_msgs/msg/detail/type_def__struct.h
[3.940s] -- Up-to-date symlink: /home/hunajpu/dev_tt_ws/install/rosapi_msgs/include/rosapi_msgs/msg/detail/type_def__type_support.h
[3.940s] -- Up-to-date symlink: /home/hunajpu/dev_tt_ws/install/rosapi_msgs/include/rosapi_msgs/msg/rosidl_generator_c__visibility_control.h
[3.940s] -- Up-to-date symlink: /home/hunajpu/dev_tt_ws/install/rosapi_msgs/include/rosapi_msgs/msg/type_def.h
[3.941s] -- Up-to-date symlink: /home/hunajpu/dev_tt_ws/install/rosapi_msgs/include/rosapi_msgs/srv/delete_param.h
[3.941s] -- Up-to-date symlink: /home/hunajpu/dev_tt_ws/install/rosapi_msgs/include/rosapi_msgs/srv/detail/delete_param__functions.h
[3.941s] -- Up-to-date symlink: /home/hunajpu/dev_tt_ws/install/rosapi_msgs/include/rosapi_msgs/srv/detail/delete_param__struct.h
[3.941s] -- Up-to-date symlink: /home/hunajpu/dev_tt_ws/install/rosapi_msgs/include/rosapi_msgs/srv/detail/delete_param__type_support.h
[3.942s] -- Up-to-date symlink: /home/hunajpu/dev_tt_ws/install/rosapi_msgs/include/rosapi_msgs/srv/detail/get_action_servers__functions.h
[3.942s] -- Up-to-date symlink: /home/hunajpu/dev_tt_ws/install/rosapi_msgs/include/rosapi_msgs/srv/detail/get_action_servers__struct.h
[3.942s] -- Up-to-date symlink: /home/hunajpu/dev_tt_ws/install/rosapi_msgs/include/rosapi_msgs/srv/detail/get_action_servers__type_support.h
[3.942s] -- Up-to-date symlink: /home/hunajpu/dev_tt_ws/install/rosapi_msgs/include/rosapi_msgs/srv/detail/get_param__functions.h
[3.942s] -- Up-to-date symlink: /home/hunajpu/dev_tt_ws/install/rosapi_msgs/include/rosapi_msgs/srv/detail/get_param__struct.h
[3.943s] -- Up-to-date symlink: /home/hunajpu/dev_tt_ws/install/rosapi_msgs/include/rosapi_msgs/srv/detail/get_param__type_support.h
[3.943s] -- Up-to-date symlink: /home/hunajpu/dev_tt_ws/install/rosapi_msgs/include/rosapi_msgs/srv/detail/get_param_names__functions.h
[3.943s] -- Up-to-date symlink: /home/hunajpu/dev_tt_ws/install/rosapi_msgs/include/rosapi_msgs/srv/detail/get_param_names__struct.h
[3.943s] -- Up-to-date symlink: /home/hunajpu/dev_tt_ws/install/rosapi_msgs/include/rosapi_msgs/srv/detail/get_param_names__type_support.h
[3.944s] -- Up-to-date symlink: /home/hunajpu/dev_tt_ws/install/rosapi_msgs/include/rosapi_msgs/srv/detail/get_ros_version__functions.h
[3.944s] -- Up-to-date symlink: /home/hunajpu/dev_tt_ws/install/rosapi_msgs/include/rosapi_msgs/srv/detail/get_ros_version__struct.h
[3.944s] -- Up-to-date symlink: /home/hunajpu/dev_tt_ws/install/rosapi_msgs/include/rosapi_msgs/srv/detail/get_ros_version__type_support.h
[3.945s] -- Up-to-date symlink: /home/hunajpu/dev_tt_ws/install/rosapi_msgs/include/rosapi_msgs/srv/detail/get_time__functions.h
[3.945s] -- Up-to-date symlink: /home/hunajpu/dev_tt_ws/install/rosapi_msgs/include/rosapi_msgs/srv/detail/get_time__struct.h
[3.945s] -- Up-to-date symlink: /home/hunajpu/dev_tt_ws/install/rosapi_msgs/include/rosapi_msgs/srv/detail/get_time__type_support.h
[3.945s] -- Up-to-date symlink: /home/hunajpu/dev_tt_ws/install/rosapi_msgs/include/rosapi_msgs/srv/detail/has_param__functions.h
[3.945s] -- Up-to-date symlink: /home/hunajpu/dev_tt_ws/install/rosapi_msgs/include/rosapi_msgs/srv/detail/has_param__struct.h
[3.946s] -- Up-to-date symlink: /home/hunajpu/dev_tt_ws/install/rosapi_msgs/include/rosapi_msgs/srv/detail/has_param__type_support.h
[3.946s] -- Up-to-date symlink: /home/hunajpu/dev_tt_ws/install/rosapi_msgs/include/rosapi_msgs/srv/detail/message_details__functions.h
[3.946s] -- Up-to-date symlink: /home/hunajpu/dev_tt_ws/install/rosapi_msgs/include/rosapi_msgs/srv/detail/message_details__struct.h
[3.947s] -- Up-to-date symlink: /home/hunajpu/dev_tt_ws/install/rosapi_msgs/include/rosapi_msgs/srv/detail/message_details__type_support.h
[3.947s] -- Up-to-date symlink: /home/hunajpu/dev_tt_ws/install/rosapi_msgs/include/rosapi_msgs/srv/detail/node_details__functions.h
[3.947s] -- Up-to-date symlink: /home/hunajpu/dev_tt_ws/install/rosapi_msgs/include/rosapi_msgs/srv/detail/node_details__struct.h
[3.947s] -- Up-to-date symlink: /home/hunajpu/dev_tt_ws/install/rosapi_msgs/include/rosapi_msgs/srv/detail/node_details__type_support.h
[3.948s] -- Up-to-date symlink: /home/hunajpu/dev_tt_ws/install/rosapi_msgs/include/rosapi_msgs/srv/detail/nodes__functions.h
[3.949s] -- Up-to-date symlink: /home/hunajpu/dev_tt_ws/install/rosapi_msgs/include/rosapi_msgs/srv/detail/nodes__struct.h
[3.949s] -- Up-to-date symlink: /home/hunajpu/dev_tt_ws/install/rosapi_msgs/include/rosapi_msgs/srv/detail/nodes__type_support.h
[3.949s] -- Up-to-date symlink: /home/hunajpu/dev_tt_ws/install/rosapi_msgs/include/rosapi_msgs/srv/detail/publishers__functions.h
[3.955s] -- Up-to-date symlink: /home/hunajpu/dev_tt_ws/install/rosapi_msgs/include/rosapi_msgs/srv/detail/publishers__struct.h
[3.956s] -- Up-to-date symlink: /home/hunajpu/dev_tt_ws/install/rosapi_msgs/include/rosapi_msgs/srv/detail/publishers__type_support.h
[3.956s] -- Up-to-date symlink: /home/hunajpu/dev_tt_ws/install/rosapi_msgs/include/rosapi_msgs/srv/detail/service_node__functions.h
[3.957s] -- Up-to-date symlink: /home/hunajpu/dev_tt_ws/install/rosapi_msgs/include/rosapi_msgs/srv/detail/service_node__struct.h
[3.957s] -- Up-to-date symlink: /home/hunajpu/dev_tt_ws/install/rosapi_msgs/include/rosapi_msgs/srv/detail/service_node__type_support.h
[3.958s] -- Up-to-date symlink: /home/hunajpu/dev_tt_ws/install/rosapi_msgs/include/rosapi_msgs/srv/detail/service_providers__functions.h
[3.958s] -- Up-to-date symlink: /home/hunajpu/dev_tt_ws/install/rosapi_msgs/include/rosapi_msgs/srv/detail/service_providers__struct.h
[3.961s] -- Up-to-date symlink: /home/hunajpu/dev_tt_ws/install/rosapi_msgs/include/rosapi_msgs/srv/detail/service_providers__type_support.h
[3.961s] -- Up-to-date symlink: /home/hunajpu/dev_tt_ws/install/rosapi_msgs/include/rosapi_msgs/srv/detail/service_request_details__functions.h
[3.961s] -- Up-to-date symlink: /home/hunajpu/dev_tt_ws/install/rosapi_msgs/include/rosapi_msgs/srv/detail/service_request_details__struct.h
[3.961s] -- Up-to-date symlink: /home/hunajpu/dev_tt_ws/install/rosapi_msgs/include/rosapi_msgs/srv/detail/service_request_details__type_support.h
[3.961s] -- Up-to-date symlink: /home/hunajpu/dev_tt_ws/install/rosapi_msgs/include/rosapi_msgs/srv/detail/service_response_details__functions.h
[3.961s] -- Up-to-date symlink: /home/hunajpu/dev_tt_ws/install/rosapi_msgs/include/rosapi_msgs/srv/detail/service_response_details__struct.h
[3.962s] -- Up-to-date symlink: /home/hunajpu/dev_tt_ws/install/rosapi_msgs/include/rosapi_msgs/srv/detail/service_response_details__type_support.h
[3.962s] -- Up-to-date symlink: /home/hunajpu/dev_tt_ws/install/rosapi_msgs/include/rosapi_msgs/srv/detail/service_type__functions.h
[3.962s] -- Up-to-date symlink: /home/hunajpu/dev_tt_ws/install/rosapi_msgs/include/rosapi_msgs/srv/detail/service_type__struct.h
[3.963s] -- Up-to-date symlink: /home/hunajpu/dev_tt_ws/install/rosapi_msgs/include/rosapi_msgs/srv/detail/service_type__type_support.h
[3.964s] -- Up-to-date symlink: /home/hunajpu/dev_tt_ws/install/rosapi_msgs/include/rosapi_msgs/srv/detail/services__functions.h
[3.964s] -- Up-to-date symlink: /home/hunajpu/dev_tt_ws/install/rosapi_msgs/include/rosapi_msgs/srv/detail/services__struct.h
[3.964s] -- Up-to-date symlink: /home/hunajpu/dev_tt_ws/install/rosapi_msgs/include/rosapi_msgs/srv/detail/services__type_support.h
[3.965s] -- Up-to-date symlink: /home/hunajpu/dev_tt_ws/install/rosapi_msgs/include/rosapi_msgs/srv/detail/services_for_type__functions.h
[3.970s] -- Up-to-date symlink: /home/hunajpu/dev_tt_ws/install/rosapi_msgs/include/rosapi_msgs/srv/detail/services_for_type__struct.h
[3.970s] -- Up-to-date symlink: /home/hunajpu/dev_tt_ws/install/rosapi_msgs/include/rosapi_msgs/srv/detail/services_for_type__type_support.h
[3.970s] -- Up-to-date symlink: /home/hunajpu/dev_tt_ws/install/rosapi_msgs/include/rosapi_msgs/srv/detail/set_param__functions.h
[3.970s] -- Up-to-date symlink: /home/hunajpu/dev_tt_ws/install/rosapi_msgs/include/rosapi_msgs/srv/detail/set_param__struct.h
[3.970s] -- Up-to-date symlink: /home/hunajpu/dev_tt_ws/install/rosapi_msgs/include/rosapi_msgs/srv/detail/set_param__type_support.h
[3.971s] -- Up-to-date symlink: /home/hunajpu/dev_tt_ws/install/rosapi_msgs/include/rosapi_msgs/srv/detail/subscribers__functions.h
[3.971s] -- Up-to-date symlink: /home/hunajpu/dev_tt_ws/install/rosapi_msgs/include/rosapi_msgs/srv/detail/subscribers__struct.h
[3.972s] -- Up-to-date symlink: /home/hunajpu/dev_tt_ws/install/rosapi_msgs/include/rosapi_msgs/srv/detail/subscribers__type_support.h
[3.972s] -- Up-to-date symlink: /home/hunajpu/dev_tt_ws/install/rosapi_msgs/include/rosapi_msgs/srv/detail/topic_type__functions.h
[3.972s] -- Up-to-date symlink: /home/hunajpu/dev_tt_ws/install/rosapi_msgs/include/rosapi_msgs/srv/detail/topic_type__struct.h
[3.973s] -- Up-to-date symlink: /home/hunajpu/dev_tt_ws/install/rosapi_msgs/include/rosapi_msgs/srv/detail/topic_type__type_support.h
[3.973s] -- Up-to-date symlink: /home/hunajpu/dev_tt_ws/install/rosapi_msgs/include/rosapi_msgs/srv/detail/topics__functions.h
[3.973s] -- Up-to-date symlink: /home/hunajpu/dev_tt_ws/install/rosapi_msgs/include/rosapi_msgs/srv/detail/topics__struct.h
[3.973s] -- Up-to-date symlink: /home/hunajpu/dev_tt_ws/install/rosapi_msgs/include/rosapi_msgs/srv/detail/topics__type_support.h
[3.973s] -- Up-to-date symlink: /home/hunajpu/dev_tt_ws/install/rosapi_msgs/include/rosapi_msgs/srv/detail/topics_and_raw_types__functions.h
[3.973s] -- Up-to-date symlink: /home/hunajpu/dev_tt_ws/install/rosapi_msgs/include/rosapi_msgs/srv/detail/topics_and_raw_types__struct.h
[3.974s] -- Up-to-date symlink: /home/hunajpu/dev_tt_ws/install/rosapi_msgs/include/rosapi_msgs/srv/detail/topics_and_raw_types__type_support.h
[3.974s] -- Up-to-date symlink: /home/hunajpu/dev_tt_ws/install/rosapi_msgs/include/rosapi_msgs/srv/detail/topics_for_type__functions.h
[3.974s] -- Up-to-date symlink: /home/hunajpu/dev_tt_ws/install/rosapi_msgs/include/rosapi_msgs/srv/detail/topics_for_type__struct.h
[3.974s] -- Up-to-date symlink: /home/hunajpu/dev_tt_ws/install/rosapi_msgs/include/rosapi_msgs/srv/detail/topics_for_type__type_support.h
[3.975s] -- Up-to-date symlink: /home/hunajpu/dev_tt_ws/install/rosapi_msgs/include/rosapi_msgs/srv/get_action_servers.h
[3.976s] -- Up-to-date symlink: /home/hunajpu/dev_tt_ws/install/rosapi_msgs/include/rosapi_msgs/srv/get_param.h
[3.983s] -- Up-to-date symlink: /home/hunajpu/dev_tt_ws/install/rosapi_msgs/include/rosapi_msgs/srv/get_param_names.h
[3.983s] -- Up-to-date symlink: /home/hunajpu/dev_tt_ws/install/rosapi_msgs/include/rosapi_msgs/srv/get_ros_version.h
[3.983s] -- Up-to-date symlink: /home/hunajpu/dev_tt_ws/install/rosapi_msgs/include/rosapi_msgs/srv/get_time.h
[3.983s] -- Up-to-date symlink: /home/hunajpu/dev_tt_ws/install/rosapi_msgs/include/rosapi_msgs/srv/has_param.h
[3.984s] -- Up-to-date symlink: /home/hunajpu/dev_tt_ws/install/rosapi_msgs/include/rosapi_msgs/srv/message_details.h
[3.984s] -- Up-to-date symlink: /home/hunajpu/dev_tt_ws/install/rosapi_msgs/include/rosapi_msgs/srv/node_details.h
[3.984s] -- Up-to-date symlink: /home/hunajpu/dev_tt_ws/install/rosapi_msgs/include/rosapi_msgs/srv/nodes.h
[3.984s] -- Up-to-date symlink: /home/hunajpu/dev_tt_ws/install/rosapi_msgs/include/rosapi_msgs/srv/publishers.h
[3.984s] -- Up-to-date symlink: /home/hunajpu/dev_tt_ws/install/rosapi_msgs/include/rosapi_msgs/srv/service_node.h
[3.985s] -- Up-to-date symlink: /home/hunajpu/dev_tt_ws/install/rosapi_msgs/include/rosapi_msgs/srv/service_providers.h
[3.985s] -- Up-to-date symlink: /home/hunajpu/dev_tt_ws/install/rosapi_msgs/include/rosapi_msgs/srv/service_request_details.h
[3.985s] -- Up-to-date symlink: /home/hunajpu/dev_tt_ws/install/rosapi_msgs/include/rosapi_msgs/srv/service_response_details.h
[3.985s] -- Up-to-date symlink: /home/hunajpu/dev_tt_ws/install/rosapi_msgs/include/rosapi_msgs/srv/service_type.h
[3.986s] -- Up-to-date symlink: /home/hunajpu/dev_tt_ws/install/rosapi_msgs/include/rosapi_msgs/srv/services.h
[3.986s] -- Up-to-date symlink: /home/hunajpu/dev_tt_ws/install/rosapi_msgs/include/rosapi_msgs/srv/services_for_type.h
[3.986s] -- Up-to-date symlink: /home/hunajpu/dev_tt_ws/install/rosapi_msgs/include/rosapi_msgs/srv/set_param.h
[3.986s] -- Up-to-date symlink: /home/hunajpu/dev_tt_ws/install/rosapi_msgs/include/rosapi_msgs/srv/subscribers.h
[3.986s] -- Up-to-date symlink: /home/hunajpu/dev_tt_ws/install/rosapi_msgs/include/rosapi_msgs/srv/topic_type.h
[3.986s] -- Up-to-date symlink: /home/hunajpu/dev_tt_ws/install/rosapi_msgs/include/rosapi_msgs/srv/topics.h
[3.987s] -- Up-to-date symlink: /home/hunajpu/dev_tt_ws/install/rosapi_msgs/include/rosapi_msgs/srv/topics_and_raw_types.h
[3.987s] -- Up-to-date symlink: /home/hunajpu/dev_tt_ws/install/rosapi_msgs/include/rosapi_msgs/srv/topics_for_type.h
[3.990s] -- Up-to-date symlink: /home/hunajpu/dev_tt_ws/install/rosapi_msgs/share/rosapi_msgs/environment/library_path.sh
[3.990s] -- Up-to-date symlink: /home/hunajpu/dev_tt_ws/install/rosapi_msgs/share/rosapi_msgs/environment/library_path.dsv
[3.991s] -- Up-to-date symlink: /home/hunajpu/dev_tt_ws/install/rosapi_msgs/include/rosapi_msgs/msg/detail/type_def__rosidl_typesupport_fastrtps_c.h
[3.991s] -- Up-to-date symlink: /home/hunajpu/dev_tt_ws/install/rosapi_msgs/include/rosapi_msgs/msg/rosidl_typesupport_fastrtps_c__visibility_control.h
[3.991s] -- Up-to-date symlink: /home/hunajpu/dev_tt_ws/install/rosapi_msgs/include/rosapi_msgs/srv/detail/delete_param__rosidl_typesupport_fastrtps_c.h
[3.991s] -- Up-to-date symlink: /home/hunajpu/dev_tt_ws/install/rosapi_msgs/include/rosapi_msgs/srv/detail/get_action_servers__rosidl_typesupport_fastrtps_c.h
[3.991s] -- Up-to-date symlink: /home/hunajpu/dev_tt_ws/install/rosapi_msgs/include/rosapi_msgs/srv/detail/get_param__rosidl_typesupport_fastrtps_c.h
[3.992s] -- Up-to-date symlink: /home/hunajpu/dev_tt_ws/install/rosapi_msgs/include/rosapi_msgs/srv/detail/get_param_names__rosidl_typesupport_fastrtps_c.h
[3.992s] -- Up-to-date symlink: /home/hunajpu/dev_tt_ws/install/rosapi_msgs/include/rosapi_msgs/srv/detail/get_ros_version__rosidl_typesupport_fastrtps_c.h
[3.992s] -- Up-to-date symlink: /home/hunajpu/dev_tt_ws/install/rosapi_msgs/include/rosapi_msgs/srv/detail/get_time__rosidl_typesupport_fastrtps_c.h
[3.992s] -- Up-to-date symlink: /home/hunajpu/dev_tt_ws/install/rosapi_msgs/include/rosapi_msgs/srv/detail/has_param__rosidl_typesupport_fastrtps_c.h
[3.992s] -- Up-to-date symlink: /home/hunajpu/dev_tt_ws/install/rosapi_msgs/include/rosapi_msgs/srv/detail/message_details__rosidl_typesupport_fastrtps_c.h
[3.992s] -- Up-to-date symlink: /home/hunajpu/dev_tt_ws/install/rosapi_msgs/include/rosapi_msgs/srv/detail/node_details__rosidl_typesupport_fastrtps_c.h
[3.992s] -- Up-to-date symlink: /home/hunajpu/dev_tt_ws/install/rosapi_msgs/include/rosapi_msgs/srv/detail/nodes__rosidl_typesupport_fastrtps_c.h
[3.993s] -- Up-to-date symlink: /home/hunajpu/dev_tt_ws/install/rosapi_msgs/include/rosapi_msgs/srv/detail/publishers__rosidl_typesupport_fastrtps_c.h
[3.993s] -- Up-to-date symlink: /home/hunajpu/dev_tt_ws/install/rosapi_msgs/include/rosapi_msgs/srv/detail/service_node__rosidl_typesupport_fastrtps_c.h
[3.993s] -- Up-to-date symlink: /home/hunajpu/dev_tt_ws/install/rosapi_msgs/include/rosapi_msgs/srv/detail/service_providers__rosidl_typesupport_fastrtps_c.h
[3.993s] -- Up-to-date symlink: /home/hunajpu/dev_tt_ws/install/rosapi_msgs/include/rosapi_msgs/srv/detail/service_request_details__rosidl_typesupport_fastrtps_c.h
[3.993s] -- Up-to-date symlink: /home/hunajpu/dev_tt_ws/install/rosapi_msgs/include/rosapi_msgs/srv/detail/service_response_details__rosidl_typesupport_fastrtps_c.h
[3.994s] -- Up-to-date symlink: /home/hunajpu/dev_tt_ws/install/rosapi_msgs/include/rosapi_msgs/srv/detail/service_type__rosidl_typesupport_fastrtps_c.h
[3.994s] -- Up-to-date symlink: /home/hunajpu/dev_tt_ws/install/rosapi_msgs/include/rosapi_msgs/srv/detail/services__rosidl_typesupport_fastrtps_c.h
[3.994s] -- Up-to-date symlink: /home/hunajpu/dev_tt_ws/install/rosapi_msgs/include/rosapi_msgs/srv/detail/services_for_type__rosidl_typesupport_fastrtps_c.h
[3.994s] -- Up-to-date symlink: /home/hunajpu/dev_tt_ws/install/rosapi_msgs/include/rosapi_msgs/srv/detail/set_param__rosidl_typesupport_fastrtps_c.h
[3.995s] -- Up-to-date symlink: /home/hunajpu/dev_tt_ws/install/rosapi_msgs/include/rosapi_msgs/srv/detail/subscribers__rosidl_typesupport_fastrtps_c.h
[3.995s] -- Up-to-date symlink: /home/hunajpu/dev_tt_ws/install/rosapi_msgs/include/rosapi_msgs/srv/detail/topic_type__rosidl_typesupport_fastrtps_c.h
[3.995s] -- Up-to-date symlink: /home/hunajpu/dev_tt_ws/install/rosapi_msgs/include/rosapi_msgs/srv/detail/topics__rosidl_typesupport_fastrtps_c.h
[3.996s] -- Up-to-date symlink: /home/hunajpu/dev_tt_ws/install/rosapi_msgs/include/rosapi_msgs/srv/detail/topics_and_raw_types__rosidl_typesupport_fastrtps_c.h
[3.996s] -- Up-to-date symlink: /home/hunajpu/dev_tt_ws/install/rosapi_msgs/include/rosapi_msgs/srv/detail/topics_for_type__rosidl_typesupport_fastrtps_c.h
[3.996s] -- Up-to-date symlink: /home/hunajpu/dev_tt_ws/install/rosapi_msgs/lib/librosapi_msgs__rosidl_typesupport_fastrtps_c.so
[3.997s] -- Up-to-date symlink: /home/hunajpu/dev_tt_ws/install/rosapi_msgs/include/rosapi_msgs/msg/detail/type_def__rosidl_typesupport_fastrtps_cpp.hpp
[3.997s] -- Up-to-date symlink: /home/hunajpu/dev_tt_ws/install/rosapi_msgs/include/rosapi_msgs/msg/rosidl_typesupport_fastrtps_cpp__visibility_control.h
[3.997s] -- Up-to-date symlink: /home/hunajpu/dev_tt_ws/install/rosapi_msgs/include/rosapi_msgs/srv/detail/delete_param__rosidl_typesupport_fastrtps_cpp.hpp
[3.998s] -- Up-to-date symlink: /home/hunajpu/dev_tt_ws/install/rosapi_msgs/include/rosapi_msgs/srv/detail/get_action_servers__rosidl_typesupport_fastrtps_cpp.hpp
[3.998s] -- Up-to-date symlink: /home/hunajpu/dev_tt_ws/install/rosapi_msgs/include/rosapi_msgs/srv/detail/get_param__rosidl_typesupport_fastrtps_cpp.hpp
[3.998s] -- Up-to-date symlink: /home/hunajpu/dev_tt_ws/install/rosapi_msgs/include/rosapi_msgs/srv/detail/get_param_names__rosidl_typesupport_fastrtps_cpp.hpp
[3.999s] -- Up-to-date symlink: /home/hunajpu/dev_tt_ws/install/rosapi_msgs/include/rosapi_msgs/srv/detail/get_ros_version__rosidl_typesupport_fastrtps_cpp.hpp
[3.999s] -- Up-to-date symlink: /home/hunajpu/dev_tt_ws/install/rosapi_msgs/include/rosapi_msgs/srv/detail/get_time__rosidl_typesupport_fastrtps_cpp.hpp
[4.001s] -- Up-to-date symlink: /home/hunajpu/dev_tt_ws/install/rosapi_msgs/include/rosapi_msgs/srv/detail/has_param__rosidl_typesupport_fastrtps_cpp.hpp
[4.006s] -- Up-to-date symlink: /home/hunajpu/dev_tt_ws/install/rosapi_msgs/include/rosapi_msgs/srv/detail/message_details__rosidl_typesupport_fastrtps_cpp.hpp
[4.006s] -- Up-to-date symlink: /home/hunajpu/dev_tt_ws/install/rosapi_msgs/include/rosapi_msgs/srv/detail/node_details__rosidl_typesupport_fastrtps_cpp.hpp
[4.007s] -- Up-to-date symlink: /home/hunajpu/dev_tt_ws/install/rosapi_msgs/include/rosapi_msgs/srv/detail/nodes__rosidl_typesupport_fastrtps_cpp.hpp
[4.007s] -- Up-to-date symlink: /home/hunajpu/dev_tt_ws/install/rosapi_msgs/include/rosapi_msgs/srv/detail/publishers__rosidl_typesupport_fastrtps_cpp.hpp
[4.008s] -- Up-to-date symlink: /home/hunajpu/dev_tt_ws/install/rosapi_msgs/include/rosapi_msgs/srv/detail/service_node__rosidl_typesupport_fastrtps_cpp.hpp
[4.014s] -- Up-to-date symlink: /home/hunajpu/dev_tt_ws/install/rosapi_msgs/include/rosapi_msgs/srv/detail/service_providers__rosidl_typesupport_fastrtps_cpp.hpp
[4.016s] -- Up-to-date symlink: /home/hunajpu/dev_tt_ws/install/rosapi_msgs/include/rosapi_msgs/srv/detail/service_request_details__rosidl_typesupport_fastrtps_cpp.hpp
[4.017s] -- Up-to-date symlink: /home/hunajpu/dev_tt_ws/install/rosapi_msgs/include/rosapi_msgs/srv/detail/service_response_details__rosidl_typesupport_fastrtps_cpp.hpp
[4.017s] -- Up-to-date symlink: /home/hunajpu/dev_tt_ws/install/rosapi_msgs/include/rosapi_msgs/srv/detail/service_type__rosidl_typesupport_fastrtps_cpp.hpp
[4.017s] -- Up-to-date symlink: /home/hunajpu/dev_tt_ws/install/rosapi_msgs/include/rosapi_msgs/srv/detail/services__rosidl_typesupport_fastrtps_cpp.hpp
[4.017s] -- Up-to-date symlink: /home/hunajpu/dev_tt_ws/install/rosapi_msgs/include/rosapi_msgs/srv/detail/services_for_type__rosidl_typesupport_fastrtps_cpp.hpp
[4.017s] -- Up-to-date symlink: /home/hunajpu/dev_tt_ws/install/rosapi_msgs/include/rosapi_msgs/srv/detail/set_param__rosidl_typesupport_fastrtps_cpp.hpp
[4.018s] -- Up-to-date symlink: /home/hunajpu/dev_tt_ws/install/rosapi_msgs/include/rosapi_msgs/srv/detail/subscribers__rosidl_typesupport_fastrtps_cpp.hpp
[4.018s] -- Up-to-date symlink: /home/hunajpu/dev_tt_ws/install/rosapi_msgs/include/rosapi_msgs/srv/detail/topic_type__rosidl_typesupport_fastrtps_cpp.hpp
[4.018s] -- Up-to-date symlink: /home/hunajpu/dev_tt_ws/install/rosapi_msgs/include/rosapi_msgs/srv/detail/topics__rosidl_typesupport_fastrtps_cpp.hpp
[4.018s] -- Up-to-date symlink: /home/hunajpu/dev_tt_ws/install/rosapi_msgs/include/rosapi_msgs/srv/detail/topics_and_raw_types__rosidl_typesupport_fastrtps_cpp.hpp
[4.018s] -- Up-to-date symlink: /home/hunajpu/dev_tt_ws/install/rosapi_msgs/include/rosapi_msgs/srv/detail/topics_for_type__rosidl_typesupport_fastrtps_cpp.hpp
[4.018s] -- Up-to-date symlink: /home/hunajpu/dev_tt_ws/install/rosapi_msgs/lib/librosapi_msgs__rosidl_typesupport_fastrtps_cpp.so
[4.019s] -- Up-to-date symlink: /home/hunajpu/dev_tt_ws/install/rosapi_msgs/include/rosapi_msgs/msg/detail/type_def__rosidl_typesupport_introspection_c.h
[4.019s] -- Up-to-date symlink: /home/hunajpu/dev_tt_ws/install/rosapi_msgs/include/rosapi_msgs/msg/rosidl_typesupport_introspection_c__visibility_control.h
[4.019s] -- Up-to-date symlink: /home/hunajpu/dev_tt_ws/install/rosapi_msgs/include/rosapi_msgs/srv/detail/delete_param__rosidl_typesupport_introspection_c.h
[4.019s] -- Up-to-date symlink: /home/hunajpu/dev_tt_ws/install/rosapi_msgs/include/rosapi_msgs/srv/detail/get_action_servers__rosidl_typesupport_introspection_c.h
[4.019s] -- Up-to-date symlink: /home/hunajpu/dev_tt_ws/install/rosapi_msgs/include/rosapi_msgs/srv/detail/get_param__rosidl_typesupport_introspection_c.h
[4.019s] -- Up-to-date symlink: /home/hunajpu/dev_tt_ws/install/rosapi_msgs/include/rosapi_msgs/srv/detail/get_param_names__rosidl_typesupport_introspection_c.h
[4.020s] -- Up-to-date symlink: /home/hunajpu/dev_tt_ws/install/rosapi_msgs/include/rosapi_msgs/srv/detail/get_ros_version__rosidl_typesupport_introspection_c.h
[4.020s] -- Up-to-date symlink: /home/hunajpu/dev_tt_ws/install/rosapi_msgs/include/rosapi_msgs/srv/detail/get_time__rosidl_typesupport_introspection_c.h
[4.020s] -- Up-to-date symlink: /home/hunajpu/dev_tt_ws/install/rosapi_msgs/include/rosapi_msgs/srv/detail/has_param__rosidl_typesupport_introspection_c.h
[4.021s] -- Up-to-date symlink: /home/hunajpu/dev_tt_ws/install/rosapi_msgs/include/rosapi_msgs/srv/detail/message_details__rosidl_typesupport_introspection_c.h
[4.021s] -- Up-to-date symlink: /home/hunajpu/dev_tt_ws/install/rosapi_msgs/include/rosapi_msgs/srv/detail/node_details__rosidl_typesupport_introspection_c.h
[4.022s] -- Up-to-date symlink: /home/hunajpu/dev_tt_ws/install/rosapi_msgs/include/rosapi_msgs/srv/detail/nodes__rosidl_typesupport_introspection_c.h
[4.022s] -- Up-to-date symlink: /home/hunajpu/dev_tt_ws/install/rosapi_msgs/include/rosapi_msgs/srv/detail/publishers__rosidl_typesupport_introspection_c.h
[4.029s] -- Up-to-date symlink: /home/hunajpu/dev_tt_ws/install/rosapi_msgs/include/rosapi_msgs/srv/detail/service_node__rosidl_typesupport_introspection_c.h
[4.030s] -- Up-to-date symlink: /home/hunajpu/dev_tt_ws/install/rosapi_msgs/include/rosapi_msgs/srv/detail/service_providers__rosidl_typesupport_introspection_c.h
[4.030s] -- Up-to-date symlink: /home/hunajpu/dev_tt_ws/install/rosapi_msgs/include/rosapi_msgs/srv/detail/service_request_details__rosidl_typesupport_introspection_c.h
[4.031s] -- Up-to-date symlink: /home/hunajpu/dev_tt_ws/install/rosapi_msgs/include/rosapi_msgs/srv/detail/service_response_details__rosidl_typesupport_introspection_c.h
[4.031s] -- Up-to-date symlink: /home/hunajpu/dev_tt_ws/install/rosapi_msgs/include/rosapi_msgs/srv/detail/service_type__rosidl_typesupport_introspection_c.h
[4.031s] -- Up-to-date symlink: /home/hunajpu/dev_tt_ws/install/rosapi_msgs/include/rosapi_msgs/srv/detail/services__rosidl_typesupport_introspection_c.h
[4.031s] -- Up-to-date symlink: /home/hunajpu/dev_tt_ws/install/rosapi_msgs/include/rosapi_msgs/srv/detail/services_for_type__rosidl_typesupport_introspection_c.h
[4.032s] -- Up-to-date symlink: /home/hunajpu/dev_tt_ws/install/rosapi_msgs/include/rosapi_msgs/srv/detail/set_param__rosidl_typesupport_introspection_c.h
[4.032s] -- Up-to-date symlink: /home/hunajpu/dev_tt_ws/install/rosapi_msgs/include/rosapi_msgs/srv/detail/subscribers__rosidl_typesupport_introspection_c.h
[4.032s] -- Up-to-date symlink: /home/hunajpu/dev_tt_ws/install/rosapi_msgs/include/rosapi_msgs/srv/detail/topic_type__rosidl_typesupport_introspection_c.h
[4.032s] -- Up-to-date symlink: /home/hunajpu/dev_tt_ws/install/rosapi_msgs/include/rosapi_msgs/srv/detail/topics__rosidl_typesupport_introspection_c.h
[4.032s] -- Up-to-date symlink: /home/hunajpu/dev_tt_ws/install/rosapi_msgs/include/rosapi_msgs/srv/detail/topics_and_raw_types__rosidl_typesupport_introspection_c.h
[4.033s] -- Up-to-date symlink: /home/hunajpu/dev_tt_ws/install/rosapi_msgs/include/rosapi_msgs/srv/detail/topics_for_type__rosidl_typesupport_introspection_c.h
[4.033s] -- Up-to-date symlink: /home/hunajpu/dev_tt_ws/install/rosapi_msgs/include/rosapi_msgs/msg/detail/type_def__builder.hpp
[4.033s] -- Up-to-date symlink: /home/hunajpu/dev_tt_ws/install/rosapi_msgs/include/rosapi_msgs/msg/detail/type_def__struct.hpp
[4.033s] -- Up-to-date symlink: /home/hunajpu/dev_tt_ws/install/rosapi_msgs/include/rosapi_msgs/msg/detail/type_def__traits.hpp
[4.033s] -- Up-to-date symlink: /home/hunajpu/dev_tt_ws/install/rosapi_msgs/include/rosapi_msgs/msg/type_def.hpp
[4.034s] -- Up-to-date symlink: /home/hunajpu/dev_tt_ws/install/rosapi_msgs/include/rosapi_msgs/srv/delete_param.hpp
[4.034s] -- Up-to-date symlink: /home/hunajpu/dev_tt_ws/install/rosapi_msgs/include/rosapi_msgs/srv/detail/delete_param__builder.hpp
[4.034s] -- Up-to-date symlink: /home/hunajpu/dev_tt_ws/install/rosapi_msgs/include/rosapi_msgs/srv/detail/delete_param__struct.hpp
[4.034s] -- Up-to-date symlink: /home/hunajpu/dev_tt_ws/install/rosapi_msgs/include/rosapi_msgs/srv/detail/delete_param__traits.hpp
[4.034s] -- Up-to-date symlink: /home/hunajpu/dev_tt_ws/install/rosapi_msgs/include/rosapi_msgs/srv/detail/get_action_servers__builder.hpp
[4.034s] -- Up-to-date symlink: /home/hunajpu/dev_tt_ws/install/rosapi_msgs/include/rosapi_msgs/srv/detail/get_action_servers__struct.hpp
[4.035s] -- Up-to-date symlink: /home/hunajpu/dev_tt_ws/install/rosapi_msgs/include/rosapi_msgs/srv/detail/get_action_servers__traits.hpp
[4.035s] -- Up-to-date symlink: /home/hunajpu/dev_tt_ws/install/rosapi_msgs/include/rosapi_msgs/srv/detail/get_param__builder.hpp
[4.035s] -- Up-to-date symlink: /home/hunajpu/dev_tt_ws/install/rosapi_msgs/include/rosapi_msgs/srv/detail/get_param__struct.hpp
[4.040s] -- Up-to-date symlink: /home/hunajpu/dev_tt_ws/install/rosapi_msgs/include/rosapi_msgs/srv/detail/get_param__traits.hpp
[4.041s] -- Up-to-date symlink: /home/hunajpu/dev_tt_ws/install/rosapi_msgs/include/rosapi_msgs/srv/detail/get_param_names__builder.hpp
[4.041s] -- Up-to-date symlink: /home/hunajpu/dev_tt_ws/install/rosapi_msgs/include/rosapi_msgs/srv/detail/get_param_names__struct.hpp
[4.041s] -- Up-to-date symlink: /home/hunajpu/dev_tt_ws/install/rosapi_msgs/include/rosapi_msgs/srv/detail/get_param_names__traits.hpp
[4.042s] -- Up-to-date symlink: /home/hunajpu/dev_tt_ws/install/rosapi_msgs/include/rosapi_msgs/srv/detail/get_ros_version__builder.hpp
[4.042s] -- Up-to-date symlink: /home/hunajpu/dev_tt_ws/install/rosapi_msgs/include/rosapi_msgs/srv/detail/get_ros_version__struct.hpp
[4.043s] -- Up-to-date symlink: /home/hunajpu/dev_tt_ws/install/rosapi_msgs/include/rosapi_msgs/srv/detail/get_ros_version__traits.hpp
[4.057s] -- Up-to-date symlink: /home/hunajpu/dev_tt_ws/install/rosapi_msgs/include/rosapi_msgs/srv/detail/get_time__builder.hpp
[4.057s] -- Up-to-date symlink: /home/hunajpu/dev_tt_ws/install/rosapi_msgs/include/rosapi_msgs/srv/detail/get_time__struct.hpp
[4.057s] -- Up-to-date symlink: /home/hunajpu/dev_tt_ws/install/rosapi_msgs/include/rosapi_msgs/srv/detail/get_time__traits.hpp
[4.057s] -- Up-to-date symlink: /home/hunajpu/dev_tt_ws/install/rosapi_msgs/include/rosapi_msgs/srv/detail/has_param__builder.hpp
[4.057s] -- Up-to-date symlink: /home/hunajpu/dev_tt_ws/install/rosapi_msgs/include/rosapi_msgs/srv/detail/has_param__struct.hpp
[4.057s] -- Up-to-date symlink: /home/hunajpu/dev_tt_ws/install/rosapi_msgs/include/rosapi_msgs/srv/detail/has_param__traits.hpp
[4.058s] -- Up-to-date symlink: /home/hunajpu/dev_tt_ws/install/rosapi_msgs/include/rosapi_msgs/srv/detail/message_details__builder.hpp
[4.058s] -- Up-to-date symlink: /home/hunajpu/dev_tt_ws/install/rosapi_msgs/include/rosapi_msgs/srv/detail/message_details__struct.hpp
[4.058s] -- Up-to-date symlink: /home/hunajpu/dev_tt_ws/install/rosapi_msgs/include/rosapi_msgs/srv/detail/message_details__traits.hpp
[4.059s] -- Up-to-date symlink: /home/hunajpu/dev_tt_ws/install/rosapi_msgs/include/rosapi_msgs/srv/detail/node_details__builder.hpp
[4.059s] -- Up-to-date symlink: /home/hunajpu/dev_tt_ws/install/rosapi_msgs/include/rosapi_msgs/srv/detail/node_details__struct.hpp
[4.060s] -- Up-to-date symlink: /home/hunajpu/dev_tt_ws/install/rosapi_msgs/include/rosapi_msgs/srv/detail/node_details__traits.hpp
[4.060s] -- Up-to-date symlink: /home/hunajpu/dev_tt_ws/install/rosapi_msgs/include/rosapi_msgs/srv/detail/nodes__builder.hpp
[4.060s] -- Up-to-date symlink: /home/hunajpu/dev_tt_ws/install/rosapi_msgs/include/rosapi_msgs/srv/detail/nodes__struct.hpp
[4.060s] -- Up-to-date symlink: /home/hunajpu/dev_tt_ws/install/rosapi_msgs/include/rosapi_msgs/srv/detail/nodes__traits.hpp
[4.060s] -- Up-to-date symlink: /home/hunajpu/dev_tt_ws/install/rosapi_msgs/include/rosapi_msgs/srv/detail/publishers__builder.hpp
[4.061s] -- Up-to-date symlink: /home/hunajpu/dev_tt_ws/install/rosapi_msgs/include/rosapi_msgs/srv/detail/publishers__struct.hpp
[4.061s] -- Up-to-date symlink: /home/hunajpu/dev_tt_ws/install/rosapi_msgs/include/rosapi_msgs/srv/detail/publishers__traits.hpp
[4.061s] -- Up-to-date symlink: /home/hunajpu/dev_tt_ws/install/rosapi_msgs/include/rosapi_msgs/srv/detail/service_node__builder.hpp
[4.061s] -- Up-to-date symlink: /home/hunajpu/dev_tt_ws/install/rosapi_msgs/include/rosapi_msgs/srv/detail/service_node__struct.hpp
[4.061s] -- Up-to-date symlink: /home/hunajpu/dev_tt_ws/install/rosapi_msgs/include/rosapi_msgs/srv/detail/service_node__traits.hpp
[4.062s] -- Up-to-date symlink: /home/hunajpu/dev_tt_ws/install/rosapi_msgs/include/rosapi_msgs/srv/detail/service_providers__builder.hpp
[4.062s] -- Up-to-date symlink: /home/hunajpu/dev_tt_ws/install/rosapi_msgs/include/rosapi_msgs/srv/detail/service_providers__struct.hpp
[4.062s] -- Up-to-date symlink: /home/hunajpu/dev_tt_ws/install/rosapi_msgs/include/rosapi_msgs/srv/detail/service_providers__traits.hpp
[4.062s] -- Up-to-date symlink: /home/hunajpu/dev_tt_ws/install/rosapi_msgs/include/rosapi_msgs/srv/detail/service_request_details__builder.hpp
[4.062s] -- Up-to-date symlink: /home/hunajpu/dev_tt_ws/install/rosapi_msgs/include/rosapi_msgs/srv/detail/service_request_details__struct.hpp
[4.063s] -- Up-to-date symlink: /home/hunajpu/dev_tt_ws/install/rosapi_msgs/include/rosapi_msgs/srv/detail/service_request_details__traits.hpp
[4.063s] -- Up-to-date symlink: /home/hunajpu/dev_tt_ws/install/rosapi_msgs/include/rosapi_msgs/srv/detail/service_response_details__builder.hpp
[4.063s] -- Up-to-date symlink: /home/hunajpu/dev_tt_ws/install/rosapi_msgs/include/rosapi_msgs/srv/detail/service_response_details__struct.hpp
[4.063s] -- Up-to-date symlink: /home/hunajpu/dev_tt_ws/install/rosapi_msgs/include/rosapi_msgs/srv/detail/service_response_details__traits.hpp
[4.063s] -- Up-to-date symlink: /home/hunajpu/dev_tt_ws/install/rosapi_msgs/include/rosapi_msgs/srv/detail/service_type__builder.hpp
[4.064s] -- Up-to-date symlink: /home/hunajpu/dev_tt_ws/install/rosapi_msgs/include/rosapi_msgs/srv/detail/service_type__struct.hpp
[4.064s] -- Up-to-date symlink: /home/hunajpu/dev_tt_ws/install/rosapi_msgs/include/rosapi_msgs/srv/detail/service_type__traits.hpp
[4.065s] -- Up-to-date symlink: /home/hunajpu/dev_tt_ws/install/rosapi_msgs/include/rosapi_msgs/srv/detail/services__builder.hpp
[4.065s] -- Up-to-date symlink: /home/hunajpu/dev_tt_ws/install/rosapi_msgs/include/rosapi_msgs/srv/detail/services__struct.hpp
[4.065s] -- Up-to-date symlink: /home/hunajpu/dev_tt_ws/install/rosapi_msgs/include/rosapi_msgs/srv/detail/services__traits.hpp
[4.065s] -- Up-to-date symlink: /home/hunajpu/dev_tt_ws/install/rosapi_msgs/include/rosapi_msgs/srv/detail/services_for_type__builder.hpp
[4.065s] -- Up-to-date symlink: /home/hunajpu/dev_tt_ws/install/rosapi_msgs/include/rosapi_msgs/srv/detail/services_for_type__struct.hpp
[4.066s] -- Up-to-date symlink: /home/hunajpu/dev_tt_ws/install/rosapi_msgs/include/rosapi_msgs/srv/detail/services_for_type__traits.hpp
[4.066s] -- Up-to-date symlink: /home/hunajpu/dev_tt_ws/install/rosapi_msgs/include/rosapi_msgs/srv/detail/set_param__builder.hpp
[4.066s] -- Up-to-date symlink: /home/hunajpu/dev_tt_ws/install/rosapi_msgs/include/rosapi_msgs/srv/detail/set_param__struct.hpp
[4.066s] -- Up-to-date symlink: /home/hunajpu/dev_tt_ws/install/rosapi_msgs/include/rosapi_msgs/srv/detail/set_param__traits.hpp
[4.067s] -- Up-to-date symlink: /home/hunajpu/dev_tt_ws/install/rosapi_msgs/include/rosapi_msgs/srv/detail/subscribers__builder.hpp
[4.067s] -- Up-to-date symlink: /home/hunajpu/dev_tt_ws/install/rosapi_msgs/include/rosapi_msgs/srv/detail/subscribers__struct.hpp
[4.067s] -- Up-to-date symlink: /home/hunajpu/dev_tt_ws/install/rosapi_msgs/include/rosapi_msgs/srv/detail/subscribers__traits.hpp
[4.067s] -- Up-to-date symlink: /home/hunajpu/dev_tt_ws/install/rosapi_msgs/include/rosapi_msgs/srv/detail/topic_type__builder.hpp
[4.067s] -- Up-to-date symlink: /home/hunajpu/dev_tt_ws/install/rosapi_msgs/include/rosapi_msgs/srv/detail/topic_type__struct.hpp
[4.068s] -- Up-to-date symlink: /home/hunajpu/dev_tt_ws/install/rosapi_msgs/include/rosapi_msgs/srv/detail/topic_type__traits.hpp
[4.068s] -- Up-to-date symlink: /home/hunajpu/dev_tt_ws/install/rosapi_msgs/include/rosapi_msgs/srv/detail/topics__builder.hpp
[4.068s] -- Up-to-date symlink: /home/hunajpu/dev_tt_ws/install/rosapi_msgs/include/rosapi_msgs/srv/detail/topics__struct.hpp
[4.068s] -- Up-to-date symlink: /home/hunajpu/dev_tt_ws/install/rosapi_msgs/include/rosapi_msgs/srv/detail/topics__traits.hpp
[4.069s] -- Up-to-date symlink: /home/hunajpu/dev_tt_ws/install/rosapi_msgs/include/rosapi_msgs/srv/detail/topics_and_raw_types__builder.hpp
[4.069s] -- Up-to-date symlink: /home/hunajpu/dev_tt_ws/install/rosapi_msgs/include/rosapi_msgs/srv/detail/topics_and_raw_types__struct.hpp
[4.069s] -- Up-to-date symlink: /home/hunajpu/dev_tt_ws/install/rosapi_msgs/include/rosapi_msgs/srv/detail/topics_and_raw_types__traits.hpp
[4.069s] -- Up-to-date symlink: /home/hunajpu/dev_tt_ws/install/rosapi_msgs/include/rosapi_msgs/srv/detail/topics_for_type__builder.hpp
[4.069s] -- Up-to-date symlink: /home/hunajpu/dev_tt_ws/install/rosapi_msgs/include/rosapi_msgs/srv/detail/topics_for_type__struct.hpp
[4.069s] -- Up-to-date symlink: /home/hunajpu/dev_tt_ws/install/rosapi_msgs/include/rosapi_msgs/srv/detail/topics_for_type__traits.hpp
[4.070s] -- Up-to-date symlink: /home/hunajpu/dev_tt_ws/install/rosapi_msgs/include/rosapi_msgs/srv/get_action_servers.hpp
[4.070s] -- Up-to-date symlink: /home/hunajpu/dev_tt_ws/install/rosapi_msgs/include/rosapi_msgs/srv/get_param.hpp
[4.070s] -- Up-to-date symlink: /home/hunajpu/dev_tt_ws/install/rosapi_msgs/include/rosapi_msgs/srv/get_param_names.hpp
[4.070s] -- Up-to-date symlink: /home/hunajpu/dev_tt_ws/install/rosapi_msgs/include/rosapi_msgs/srv/get_ros_version.hpp
[4.070s] -- Up-to-date symlink: /home/hunajpu/dev_tt_ws/install/rosapi_msgs/include/rosapi_msgs/srv/get_time.hpp
[4.071s] -- Up-to-date symlink: /home/hunajpu/dev_tt_ws/install/rosapi_msgs/include/rosapi_msgs/srv/has_param.hpp
[4.071s] -- Up-to-date symlink: /home/hunajpu/dev_tt_ws/install/rosapi_msgs/include/rosapi_msgs/srv/message_details.hpp
[4.071s] -- Up-to-date symlink: /home/hunajpu/dev_tt_ws/install/rosapi_msgs/include/rosapi_msgs/srv/node_details.hpp
[4.071s] -- Up-to-date symlink: /home/hunajpu/dev_tt_ws/install/rosapi_msgs/include/rosapi_msgs/srv/nodes.hpp
[4.071s] -- Up-to-date symlink: /home/hunajpu/dev_tt_ws/install/rosapi_msgs/include/rosapi_msgs/srv/publishers.hpp
[4.072s] -- Up-to-date symlink: /home/hunajpu/dev_tt_ws/install/rosapi_msgs/include/rosapi_msgs/srv/service_node.hpp
[4.072s] -- Up-to-date symlink: /home/hunajpu/dev_tt_ws/install/rosapi_msgs/include/rosapi_msgs/srv/service_providers.hpp
[4.073s] -- Up-to-date symlink: /home/hunajpu/dev_tt_ws/install/rosapi_msgs/include/rosapi_msgs/srv/service_request_details.hpp
[4.086s] -- Up-to-date symlink: /home/hunajpu/dev_tt_ws/install/rosapi_msgs/include/rosapi_msgs/srv/service_response_details.hpp
[4.086s] -- Up-to-date symlink: /home/hunajpu/dev_tt_ws/install/rosapi_msgs/include/rosapi_msgs/srv/service_type.hpp
[4.086s] -- Up-to-date symlink: /home/hunajpu/dev_tt_ws/install/rosapi_msgs/include/rosapi_msgs/srv/services.hpp
[4.087s] -- Up-to-date symlink: /home/hunajpu/dev_tt_ws/install/rosapi_msgs/include/rosapi_msgs/srv/services_for_type.hpp
[4.087s] -- Up-to-date symlink: /home/hunajpu/dev_tt_ws/install/rosapi_msgs/include/rosapi_msgs/srv/set_param.hpp
[4.087s] -- Up-to-date symlink: /home/hunajpu/dev_tt_ws/install/rosapi_msgs/include/rosapi_msgs/srv/subscribers.hpp
[4.088s] -- Up-to-date symlink: /home/hunajpu/dev_tt_ws/install/rosapi_msgs/include/rosapi_msgs/srv/topic_type.hpp
[4.088s] -- Up-to-date symlink: /home/hunajpu/dev_tt_ws/install/rosapi_msgs/include/rosapi_msgs/srv/topics.hpp
[4.088s] -- Up-to-date symlink: /home/hunajpu/dev_tt_ws/install/rosapi_msgs/include/rosapi_msgs/srv/topics_and_raw_types.hpp
[4.089s] -- Up-to-date symlink: /home/hunajpu/dev_tt_ws/install/rosapi_msgs/include/rosapi_msgs/srv/topics_for_type.hpp
[4.089s] -- Up-to-date symlink: /home/hunajpu/dev_tt_ws/install/rosapi_msgs/include/rosapi_msgs/msg/detail/type_def__rosidl_typesupport_introspection_cpp.hpp
[4.089s] -- Up-to-date symlink: /home/hunajpu/dev_tt_ws/install/rosapi_msgs/include/rosapi_msgs/srv/detail/delete_param__rosidl_typesupport_introspection_cpp.hpp
[4.089s] -- Up-to-date symlink: /home/hunajpu/dev_tt_ws/install/rosapi_msgs/include/rosapi_msgs/srv/detail/get_action_servers__rosidl_typesupport_introspection_cpp.hpp
[4.089s] -- Up-to-date symlink: /home/hunajpu/dev_tt_ws/install/rosapi_msgs/include/rosapi_msgs/srv/detail/get_param__rosidl_typesupport_introspection_cpp.hpp
[4.090s] -- Up-to-date symlink: /home/hunajpu/dev_tt_ws/install/rosapi_msgs/include/rosapi_msgs/srv/detail/get_param_names__rosidl_typesupport_introspection_cpp.hpp
[4.090s] -- Up-to-date symlink: /home/hunajpu/dev_tt_ws/install/rosapi_msgs/include/rosapi_msgs/srv/detail/get_ros_version__rosidl_typesupport_introspection_cpp.hpp
[4.090s] -- Up-to-date symlink: /home/hunajpu/dev_tt_ws/install/rosapi_msgs/include/rosapi_msgs/srv/detail/get_time__rosidl_typesupport_introspection_cpp.hpp
[4.090s] -- Up-to-date symlink: /home/hunajpu/dev_tt_ws/install/rosapi_msgs/include/rosapi_msgs/srv/detail/has_param__rosidl_typesupport_introspection_cpp.hpp
[4.090s] -- Up-to-date symlink: /home/hunajpu/dev_tt_ws/install/rosapi_msgs/include/rosapi_msgs/srv/detail/message_details__rosidl_typesupport_introspection_cpp.hpp
[4.090s] -- Up-to-date symlink: /home/hunajpu/dev_tt_ws/install/rosapi_msgs/include/rosapi_msgs/srv/detail/node_details__rosidl_typesupport_introspection_cpp.hpp
[4.090s] -- Up-to-date symlink: /home/hunajpu/dev_tt_ws/install/rosapi_msgs/include/rosapi_msgs/srv/detail/nodes__rosidl_typesupport_introspection_cpp.hpp
[4.091s] -- Up-to-date symlink: /home/hunajpu/dev_tt_ws/install/rosapi_msgs/include/rosapi_msgs/srv/detail/publishers__rosidl_typesupport_introspection_cpp.hpp
[4.091s] -- Up-to-date symlink: /home/hunajpu/dev_tt_ws/install/rosapi_msgs/include/rosapi_msgs/srv/detail/service_node__rosidl_typesupport_introspection_cpp.hpp
[4.091s] -- Up-to-date symlink: /home/hunajpu/dev_tt_ws/install/rosapi_msgs/include/rosapi_msgs/srv/detail/service_providers__rosidl_typesupport_introspection_cpp.hpp
[4.091s] -- Up-to-date symlink: /home/hunajpu/dev_tt_ws/install/rosapi_msgs/include/rosapi_msgs/srv/detail/service_request_details__rosidl_typesupport_introspection_cpp.hpp
[4.091s] -- Up-to-date symlink: /home/hunajpu/dev_tt_ws/install/rosapi_msgs/include/rosapi_msgs/srv/detail/service_response_details__rosidl_typesupport_introspection_cpp.hpp
[4.091s] -- Up-to-date symlink: /home/hunajpu/dev_tt_ws/install/rosapi_msgs/include/rosapi_msgs/srv/detail/service_type__rosidl_typesupport_introspection_cpp.hpp
[4.092s] -- Up-to-date symlink: /home/hunajpu/dev_tt_ws/install/rosapi_msgs/include/rosapi_msgs/srv/detail/services__rosidl_typesupport_introspection_cpp.hpp
[4.092s] -- Up-to-date symlink: /home/hunajpu/dev_tt_ws/install/rosapi_msgs/include/rosapi_msgs/srv/detail/services_for_type__rosidl_typesupport_introspection_cpp.hpp
[4.092s] -- Up-to-date symlink: /home/hunajpu/dev_tt_ws/install/rosapi_msgs/include/rosapi_msgs/srv/detail/set_param__rosidl_typesupport_introspection_cpp.hpp
[4.092s] -- Up-to-date symlink: /home/hunajpu/dev_tt_ws/install/rosapi_msgs/include/rosapi_msgs/srv/detail/subscribers__rosidl_typesupport_introspection_cpp.hpp
[4.092s] -- Up-to-date symlink: /home/hunajpu/dev_tt_ws/install/rosapi_msgs/include/rosapi_msgs/srv/detail/topic_type__rosidl_typesupport_introspection_cpp.hpp
[4.093s] -- Up-to-date symlink: /home/hunajpu/dev_tt_ws/install/rosapi_msgs/include/rosapi_msgs/srv/detail/topics__rosidl_typesupport_introspection_cpp.hpp
[4.093s] -- Up-to-date symlink: /home/hunajpu/dev_tt_ws/install/rosapi_msgs/include/rosapi_msgs/srv/detail/topics_and_raw_types__rosidl_typesupport_introspection_cpp.hpp
[4.093s] -- Up-to-date symlink: /home/hunajpu/dev_tt_ws/install/rosapi_msgs/include/rosapi_msgs/srv/detail/topics_for_type__rosidl_typesupport_introspection_cpp.hpp
[4.093s] -- Up-to-date symlink: /home/hunajpu/dev_tt_ws/install/rosapi_msgs/share/rosapi_msgs/environment/pythonpath.sh
[4.093s] -- Up-to-date symlink: /home/hunajpu/dev_tt_ws/install/rosapi_msgs/share/rosapi_msgs/environment/pythonpath.dsv
[4.093s] -- Up-to-date symlink: /home/hunajpu/dev_tt_ws/install/rosapi_msgs/lib/python3.8/site-packages/rosapi_msgs/__init__.py
[4.094s] -- Up-to-date symlink: /home/hunajpu/dev_tt_ws/install/rosapi_msgs/lib/python3.8/site-packages/rosapi_msgs/msg/__init__.py
[4.094s] -- Up-to-date symlink: /home/hunajpu/dev_tt_ws/install/rosapi_msgs/lib/python3.8/site-packages/rosapi_msgs/msg/_type_def.py
[4.094s] -- Up-to-date symlink: /home/hunajpu/dev_tt_ws/install/rosapi_msgs/lib/python3.8/site-packages/rosapi_msgs/srv/__init__.py
[4.094s] -- Up-to-date symlink: /home/hunajpu/dev_tt_ws/install/rosapi_msgs/lib/python3.8/site-packages/rosapi_msgs/srv/_delete_param.py
[4.094s] -- Up-to-date symlink: /home/hunajpu/dev_tt_ws/install/rosapi_msgs/lib/python3.8/site-packages/rosapi_msgs/srv/_get_action_servers.py
[4.094s] -- Up-to-date symlink: /home/hunajpu/dev_tt_ws/install/rosapi_msgs/lib/python3.8/site-packages/rosapi_msgs/srv/_get_param.py
[4.095s] -- Up-to-date symlink: /home/hunajpu/dev_tt_ws/install/rosapi_msgs/lib/python3.8/site-packages/rosapi_msgs/srv/_get_param_names.py
[4.095s] -- Up-to-date symlink: /home/hunajpu/dev_tt_ws/install/rosapi_msgs/lib/python3.8/site-packages/rosapi_msgs/srv/_get_ros_version.py
[4.095s] -- Up-to-date symlink: /home/hunajpu/dev_tt_ws/install/rosapi_msgs/lib/python3.8/site-packages/rosapi_msgs/srv/_get_time.py
[4.095s] -- Up-to-date symlink: /home/hunajpu/dev_tt_ws/install/rosapi_msgs/lib/python3.8/site-packages/rosapi_msgs/srv/_has_param.py
[4.095s] -- Up-to-date symlink: /home/hunajpu/dev_tt_ws/install/rosapi_msgs/lib/python3.8/site-packages/rosapi_msgs/srv/_message_details.py
[4.095s] -- Up-to-date symlink: /home/hunajpu/dev_tt_ws/install/rosapi_msgs/lib/python3.8/site-packages/rosapi_msgs/srv/_node_details.py
[4.095s] -- Up-to-date symlink: /home/hunajpu/dev_tt_ws/install/rosapi_msgs/lib/python3.8/site-packages/rosapi_msgs/srv/_nodes.py
[4.096s] -- Up-to-date symlink: /home/hunajpu/dev_tt_ws/install/rosapi_msgs/lib/python3.8/site-packages/rosapi_msgs/srv/_publishers.py
[4.096s] -- Up-to-date symlink: /home/hunajpu/dev_tt_ws/install/rosapi_msgs/lib/python3.8/site-packages/rosapi_msgs/srv/_service_node.py
[4.096s] -- Up-to-date symlink: /home/hunajpu/dev_tt_ws/install/rosapi_msgs/lib/python3.8/site-packages/rosapi_msgs/srv/_service_providers.py
[4.096s] -- Up-to-date symlink: /home/hunajpu/dev_tt_ws/install/rosapi_msgs/lib/python3.8/site-packages/rosapi_msgs/srv/_service_request_details.py
[4.097s] -- Up-to-date symlink: /home/hunajpu/dev_tt_ws/install/rosapi_msgs/lib/python3.8/site-packages/rosapi_msgs/srv/_service_response_details.py
[4.097s] -- Up-to-date symlink: /home/hunajpu/dev_tt_ws/install/rosapi_msgs/lib/python3.8/site-packages/rosapi_msgs/srv/_service_type.py
[4.097s] -- Up-to-date symlink: /home/hunajpu/dev_tt_ws/install/rosapi_msgs/lib/python3.8/site-packages/rosapi_msgs/srv/_services.py
[4.098s] -- Up-to-date symlink: /home/hunajpu/dev_tt_ws/install/rosapi_msgs/lib/python3.8/site-packages/rosapi_msgs/srv/_services_for_type.py
[4.098s] -- Up-to-date symlink: /home/hunajpu/dev_tt_ws/install/rosapi_msgs/lib/python3.8/site-packages/rosapi_msgs/srv/_set_param.py
[4.098s] -- Up-to-date symlink: /home/hunajpu/dev_tt_ws/install/rosapi_msgs/lib/python3.8/site-packages/rosapi_msgs/srv/_subscribers.py
[4.098s] -- Up-to-date symlink: /home/hunajpu/dev_tt_ws/install/rosapi_msgs/lib/python3.8/site-packages/rosapi_msgs/srv/_topic_type.py
[4.098s] -- Up-to-date symlink: /home/hunajpu/dev_tt_ws/install/rosapi_msgs/lib/python3.8/site-packages/rosapi_msgs/srv/_topics.py
[4.099s] -- Up-to-date symlink: /home/hunajpu/dev_tt_ws/install/rosapi_msgs/lib/python3.8/site-packages/rosapi_msgs/srv/_topics_and_raw_types.py
[4.099s] -- Up-to-date symlink: /home/hunajpu/dev_tt_ws/install/rosapi_msgs/lib/python3.8/site-packages/rosapi_msgs/srv/_topics_for_type.py
[4.099s] -- Up-to-date symlink: /home/hunajpu/dev_tt_ws/install/rosapi_msgs/lib/python3.8/site-packages/rosapi_msgs/rosapi_msgs_s__rosidl_typesupport_fastrtps_c.cpython-38-x86_64-linux-gnu.so
[4.099s] -- Up-to-date symlink: /home/hunajpu/dev_tt_ws/install/rosapi_msgs/lib/python3.8/site-packages/rosapi_msgs/rosapi_msgs_s__rosidl_typesupport_introspection_c.cpython-38-x86_64-linux-gnu.so
[4.100s] -- Up-to-date symlink: /home/hunajpu/dev_tt_ws/install/rosapi_msgs/lib/python3.8/site-packages/rosapi_msgs/rosapi_msgs_s__rosidl_typesupport_c.cpython-38-x86_64-linux-gnu.so
[4.100s] -- Up-to-date symlink: /home/hunajpu/dev_tt_ws/install/rosapi_msgs/lib/librosapi_msgs__python.so
[4.100s] -- Up-to-date symlink: /home/hunajpu/dev_tt_ws/install/rosapi_msgs/share/rosapi_msgs/msg/TypeDef.idl
[4.100s] -- Up-to-date symlink: /home/hunajpu/dev_tt_ws/install/rosapi_msgs/share/rosapi_msgs/srv/DeleteParam.idl
[4.100s] -- Up-to-date symlink: /home/hunajpu/dev_tt_ws/install/rosapi_msgs/share/rosapi_msgs/srv/GetActionServers.idl
[4.101s] -- Up-to-date symlink: /home/hunajpu/dev_tt_ws/install/rosapi_msgs/share/rosapi_msgs/srv/GetParam.idl
[4.101s] -- Up-to-date symlink: /home/hunajpu/dev_tt_ws/install/rosapi_msgs/share/rosapi_msgs/srv/GetParamNames.idl
[4.101s] -- Up-to-date symlink: /home/hunajpu/dev_tt_ws/install/rosapi_msgs/share/rosapi_msgs/srv/GetROSVersion.idl
[4.106s] -- Up-to-date symlink: /home/hunajpu/dev_tt_ws/install/rosapi_msgs/share/rosapi_msgs/srv/GetTime.idl
[4.107s] -- Up-to-date symlink: /home/hunajpu/dev_tt_ws/install/rosapi_msgs/share/rosapi_msgs/srv/HasParam.idl
[4.107s] -- Up-to-date symlink: /home/hunajpu/dev_tt_ws/install/rosapi_msgs/share/rosapi_msgs/srv/MessageDetails.idl
[4.108s] -- Up-to-date symlink: /home/hunajpu/dev_tt_ws/install/rosapi_msgs/share/rosapi_msgs/srv/Nodes.idl
[4.108s] -- Up-to-date symlink: /home/hunajpu/dev_tt_ws/install/rosapi_msgs/share/rosapi_msgs/srv/NodeDetails.idl
[4.108s] -- Up-to-date symlink: /home/hunajpu/dev_tt_ws/install/rosapi_msgs/share/rosapi_msgs/srv/Publishers.idl
[4.108s] -- Up-to-date symlink: /home/hunajpu/dev_tt_ws/install/rosapi_msgs/share/rosapi_msgs/srv/ServiceNode.idl
[4.108s] -- Up-to-date symlink: /home/hunajpu/dev_tt_ws/install/rosapi_msgs/share/rosapi_msgs/srv/ServiceProviders.idl
[4.109s] -- Up-to-date symlink: /home/hunajpu/dev_tt_ws/install/rosapi_msgs/share/rosapi_msgs/srv/ServiceRequestDetails.idl
[4.109s] -- Up-to-date symlink: /home/hunajpu/dev_tt_ws/install/rosapi_msgs/share/rosapi_msgs/srv/ServiceResponseDetails.idl
[4.110s] -- Up-to-date symlink: /home/hunajpu/dev_tt_ws/install/rosapi_msgs/share/rosapi_msgs/srv/Services.idl
[4.110s] -- Up-to-date symlink: /home/hunajpu/dev_tt_ws/install/rosapi_msgs/share/rosapi_msgs/srv/ServicesForType.idl
[4.111s] -- Up-to-date symlink: /home/hunajpu/dev_tt_ws/install/rosapi_msgs/share/rosapi_msgs/srv/ServiceType.idl
[4.117s] -- Up-to-date symlink: /home/hunajpu/dev_tt_ws/install/rosapi_msgs/share/rosapi_msgs/srv/SetParam.idl
[4.119s] -- Up-to-date symlink: /home/hunajpu/dev_tt_ws/install/rosapi_msgs/share/rosapi_msgs/srv/Subscribers.idl
[4.121s] -- Up-to-date symlink: /home/hunajpu/dev_tt_ws/install/rosapi_msgs/share/rosapi_msgs/srv/Topics.idl
[4.127s] -- Up-to-date symlink: /home/hunajpu/dev_tt_ws/install/rosapi_msgs/share/rosapi_msgs/srv/TopicsAndRawTypes.idl
[4.128s] -- Up-to-date symlink: /home/hunajpu/dev_tt_ws/install/rosapi_msgs/share/rosapi_msgs/srv/TopicsForType.idl
[4.129s] -- Up-to-date symlink: /home/hunajpu/dev_tt_ws/install/rosapi_msgs/share/rosapi_msgs/srv/TopicType.idl
[4.132s] -- Up-to-date symlink: /home/hunajpu/dev_tt_ws/install/rosapi_msgs/share/rosapi_msgs/msg/TypeDef.msg
[4.134s] -- Up-to-date symlink: /home/hunajpu/dev_tt_ws/install/rosapi_msgs/share/rosapi_msgs/srv/DeleteParam.srv
[4.134s] -- Up-to-date symlink: /home/hunajpu/dev_tt_ws/install/rosapi_msgs/share/rosapi_msgs/srv/DeleteParam_Request.msg
[4.134s] -- Up-to-date symlink: /home/hunajpu/dev_tt_ws/install/rosapi_msgs/share/rosapi_msgs/srv/DeleteParam_Response.msg
[4.135s] -- Up-to-date symlink: /home/hunajpu/dev_tt_ws/install/rosapi_msgs/share/rosapi_msgs/srv/GetActionServers.srv
[4.135s] -- Up-to-date symlink: /home/hunajpu/dev_tt_ws/install/rosapi_msgs/share/rosapi_msgs/srv/GetActionServers_Request.msg
[4.135s] -- Up-to-date symlink: /home/hunajpu/dev_tt_ws/install/rosapi_msgs/share/rosapi_msgs/srv/GetActionServers_Response.msg
[4.135s] -- Up-to-date symlink: /home/hunajpu/dev_tt_ws/install/rosapi_msgs/share/rosapi_msgs/srv/GetParam.srv
[4.135s] -- Up-to-date symlink: /home/hunajpu/dev_tt_ws/install/rosapi_msgs/share/rosapi_msgs/srv/GetParam_Request.msg
[4.135s] -- Up-to-date symlink: /home/hunajpu/dev_tt_ws/install/rosapi_msgs/share/rosapi_msgs/srv/GetParam_Response.msg
[4.135s] -- Up-to-date symlink: /home/hunajpu/dev_tt_ws/install/rosapi_msgs/share/rosapi_msgs/srv/GetParamNames.srv
[4.136s] -- Up-to-date symlink: /home/hunajpu/dev_tt_ws/install/rosapi_msgs/share/rosapi_msgs/srv/GetParamNames_Request.msg
[4.139s] -- Up-to-date symlink: /home/hunajpu/dev_tt_ws/install/rosapi_msgs/share/rosapi_msgs/srv/GetParamNames_Response.msg
[4.139s] -- Up-to-date symlink: /home/hunajpu/dev_tt_ws/install/rosapi_msgs/share/rosapi_msgs/srv/GetROSVersion.srv
[4.139s] -- Up-to-date symlink: /home/hunajpu/dev_tt_ws/install/rosapi_msgs/share/rosapi_msgs/srv/GetROSVersion_Request.msg
[4.140s] -- Up-to-date symlink: /home/hunajpu/dev_tt_ws/install/rosapi_msgs/share/rosapi_msgs/srv/GetROSVersion_Response.msg
[4.140s] -- Up-to-date symlink: /home/hunajpu/dev_tt_ws/install/rosapi_msgs/share/rosapi_msgs/srv/GetTime.srv
[4.140s] -- Up-to-date symlink: /home/hunajpu/dev_tt_ws/install/rosapi_msgs/share/rosapi_msgs/srv/GetTime_Request.msg
[4.140s] -- Up-to-date symlink: /home/hunajpu/dev_tt_ws/install/rosapi_msgs/share/rosapi_msgs/srv/GetTime_Response.msg
[4.141s] -- Up-to-date symlink: /home/hunajpu/dev_tt_ws/install/rosapi_msgs/share/rosapi_msgs/srv/HasParam.srv
[4.141s] -- Up-to-date symlink: /home/hunajpu/dev_tt_ws/install/rosapi_msgs/share/rosapi_msgs/srv/HasParam_Request.msg
[4.141s] -- Up-to-date symlink: /home/hunajpu/dev_tt_ws/install/rosapi_msgs/share/rosapi_msgs/srv/HasParam_Response.msg
[4.141s] -- Up-to-date symlink: /home/hunajpu/dev_tt_ws/install/rosapi_msgs/share/rosapi_msgs/srv/MessageDetails.srv
[4.141s] -- Up-to-date symlink: /home/hunajpu/dev_tt_ws/install/rosapi_msgs/share/rosapi_msgs/srv/MessageDetails_Request.msg
[4.142s] -- Up-to-date symlink: /home/hunajpu/dev_tt_ws/install/rosapi_msgs/share/rosapi_msgs/srv/MessageDetails_Response.msg
[4.142s] -- Up-to-date symlink: /home/hunajpu/dev_tt_ws/install/rosapi_msgs/share/rosapi_msgs/srv/Nodes.srv
[4.142s] -- Up-to-date symlink: /home/hunajpu/dev_tt_ws/install/rosapi_msgs/share/rosapi_msgs/srv/Nodes_Request.msg
[4.142s] -- Up-to-date symlink: /home/hunajpu/dev_tt_ws/install/rosapi_msgs/share/rosapi_msgs/srv/Nodes_Response.msg
[4.142s] -- Up-to-date symlink: /home/hunajpu/dev_tt_ws/install/rosapi_msgs/share/rosapi_msgs/srv/NodeDetails.srv
[4.142s] -- Up-to-date symlink: /home/hunajpu/dev_tt_ws/install/rosapi_msgs/share/rosapi_msgs/srv/NodeDetails_Request.msg
[4.143s] -- Up-to-date symlink: /home/hunajpu/dev_tt_ws/install/rosapi_msgs/share/rosapi_msgs/srv/NodeDetails_Response.msg
[4.143s] -- Up-to-date symlink: /home/hunajpu/dev_tt_ws/install/rosapi_msgs/share/rosapi_msgs/srv/Publishers.srv
[4.143s] -- Up-to-date symlink: /home/hunajpu/dev_tt_ws/install/rosapi_msgs/share/rosapi_msgs/srv/Publishers_Request.msg
[4.143s] -- Up-to-date symlink: /home/hunajpu/dev_tt_ws/install/rosapi_msgs/share/rosapi_msgs/srv/Publishers_Response.msg
[4.143s] -- Up-to-date symlink: /home/hunajpu/dev_tt_ws/install/rosapi_msgs/share/rosapi_msgs/srv/ServiceNode.srv
[4.143s] -- Up-to-date symlink: /home/hunajpu/dev_tt_ws/install/rosapi_msgs/share/rosapi_msgs/srv/ServiceNode_Request.msg
[4.143s] -- Up-to-date symlink: /home/hunajpu/dev_tt_ws/install/rosapi_msgs/share/rosapi_msgs/srv/ServiceNode_Response.msg
[4.144s] -- Up-to-date symlink: /home/hunajpu/dev_tt_ws/install/rosapi_msgs/share/rosapi_msgs/srv/ServiceProviders.srv
[4.145s] -- Up-to-date symlink: /home/hunajpu/dev_tt_ws/install/rosapi_msgs/share/rosapi_msgs/srv/ServiceProviders_Request.msg
[4.145s] -- Up-to-date symlink: /home/hunajpu/dev_tt_ws/install/rosapi_msgs/share/rosapi_msgs/srv/ServiceProviders_Response.msg
[4.146s] -- Up-to-date symlink: /home/hunajpu/dev_tt_ws/install/rosapi_msgs/share/rosapi_msgs/srv/ServiceRequestDetails.srv
[4.147s] -- Up-to-date symlink: /home/hunajpu/dev_tt_ws/install/rosapi_msgs/share/rosapi_msgs/srv/ServiceRequestDetails_Request.msg
[4.149s] -- Up-to-date symlink: /home/hunajpu/dev_tt_ws/install/rosapi_msgs/share/rosapi_msgs/srv/ServiceRequestDetails_Response.msg
[4.150s] -- Up-to-date symlink: /home/hunajpu/dev_tt_ws/install/rosapi_msgs/share/rosapi_msgs/srv/ServiceResponseDetails.srv
[4.150s] -- Up-to-date symlink: /home/hunajpu/dev_tt_ws/install/rosapi_msgs/share/rosapi_msgs/srv/ServiceResponseDetails_Request.msg
[4.151s] -- Up-to-date symlink: /home/hunajpu/dev_tt_ws/install/rosapi_msgs/share/rosapi_msgs/srv/ServiceResponseDetails_Response.msg
[4.152s] -- Up-to-date symlink: /home/hunajpu/dev_tt_ws/install/rosapi_msgs/share/rosapi_msgs/srv/Services.srv
[4.162s] -- Up-to-date symlink: /home/hunajpu/dev_tt_ws/install/rosapi_msgs/share/rosapi_msgs/srv/Services_Request.msg
[4.162s] -- Up-to-date symlink: /home/hunajpu/dev_tt_ws/install/rosapi_msgs/share/rosapi_msgs/srv/Services_Response.msg
[4.162s] -- Up-to-date symlink: /home/hunajpu/dev_tt_ws/install/rosapi_msgs/share/rosapi_msgs/srv/ServicesForType.srv
[4.162s] -- Up-to-date symlink: /home/hunajpu/dev_tt_ws/install/rosapi_msgs/share/rosapi_msgs/srv/ServicesForType_Request.msg
[4.163s] -- Up-to-date symlink: /home/hunajpu/dev_tt_ws/install/rosapi_msgs/share/rosapi_msgs/srv/ServicesForType_Response.msg
[4.163s] -- Up-to-date symlink: /home/hunajpu/dev_tt_ws/install/rosapi_msgs/share/rosapi_msgs/srv/ServiceType.srv
[4.163s] -- Up-to-date symlink: /home/hunajpu/dev_tt_ws/install/rosapi_msgs/share/rosapi_msgs/srv/ServiceType_Request.msg
[4.163s] -- Up-to-date symlink: /home/hunajpu/dev_tt_ws/install/rosapi_msgs/share/rosapi_msgs/srv/ServiceType_Response.msg
[4.163s] -- Up-to-date symlink: /home/hunajpu/dev_tt_ws/install/rosapi_msgs/share/rosapi_msgs/srv/SetParam.srv
[4.163s] -- Up-to-date symlink: /home/hunajpu/dev_tt_ws/install/rosapi_msgs/share/rosapi_msgs/srv/SetParam_Request.msg
[4.164s] -- Up-to-date symlink: /home/hunajpu/dev_tt_ws/install/rosapi_msgs/share/rosapi_msgs/srv/SetParam_Response.msg
[4.164s] -- Up-to-date symlink: /home/hunajpu/dev_tt_ws/install/rosapi_msgs/share/rosapi_msgs/srv/Subscribers.srv
[4.164s] -- Up-to-date symlink: /home/hunajpu/dev_tt_ws/install/rosapi_msgs/share/rosapi_msgs/srv/Subscribers_Request.msg
[4.166s] -- Up-to-date symlink: /home/hunajpu/dev_tt_ws/install/rosapi_msgs/share/rosapi_msgs/srv/Subscribers_Response.msg
[4.166s] -- Up-to-date symlink: /home/hunajpu/dev_tt_ws/install/rosapi_msgs/share/rosapi_msgs/srv/Topics.srv
[4.166s] -- Up-to-date symlink: /home/hunajpu/dev_tt_ws/install/rosapi_msgs/share/rosapi_msgs/srv/Topics_Request.msg
[4.167s] -- Up-to-date symlink: /home/hunajpu/dev_tt_ws/install/rosapi_msgs/share/rosapi_msgs/srv/Topics_Response.msg
[4.167s] -- Up-to-date symlink: /home/hunajpu/dev_tt_ws/install/rosapi_msgs/share/rosapi_msgs/srv/TopicsAndRawTypes.srv
[4.168s] -- Up-to-date symlink: /home/hunajpu/dev_tt_ws/install/rosapi_msgs/share/rosapi_msgs/srv/TopicsAndRawTypes_Request.msg
[4.168s] -- Up-to-date symlink: /home/hunajpu/dev_tt_ws/install/rosapi_msgs/share/rosapi_msgs/srv/TopicsAndRawTypes_Response.msg
[4.168s] -- Up-to-date symlink: /home/hunajpu/dev_tt_ws/install/rosapi_msgs/share/rosapi_msgs/srv/TopicsForType.srv
[4.168s] -- Up-to-date symlink: /home/hunajpu/dev_tt_ws/install/rosapi_msgs/share/rosapi_msgs/srv/TopicsForType_Request.msg
[4.169s] -- Up-to-date symlink: /home/hunajpu/dev_tt_ws/install/rosapi_msgs/share/rosapi_msgs/srv/TopicsForType_Response.msg
[4.169s] -- Up-to-date symlink: /home/hunajpu/dev_tt_ws/install/rosapi_msgs/share/rosapi_msgs/srv/TopicType.srv
[4.170s] -- Up-to-date symlink: /home/hunajpu/dev_tt_ws/install/rosapi_msgs/share/rosapi_msgs/srv/TopicType_Request.msg
[4.170s] -- Up-to-date symlink: /home/hunajpu/dev_tt_ws/install/rosapi_msgs/share/rosapi_msgs/srv/TopicType_Response.msg
[4.171s] -- Up-to-date symlink: /home/hunajpu/dev_tt_ws/install/rosapi_msgs/share/ament_index/resource_index/package_run_dependencies/rosapi_msgs
[4.171s] -- Up-to-date symlink: /home/hunajpu/dev_tt_ws/install/rosapi_msgs/share/ament_index/resource_index/parent_prefix_path/rosapi_msgs
[4.171s] -- Up-to-date symlink: /home/hunajpu/dev_tt_ws/install/rosapi_msgs/share/rosapi_msgs/environment/ament_prefix_path.sh
[4.172s] -- Up-to-date symlink: /home/hunajpu/dev_tt_ws/install/rosapi_msgs/share/rosapi_msgs/environment/ament_prefix_path.dsv
[4.174s] -- Up-to-date symlink: /home/hunajpu/dev_tt_ws/install/rosapi_msgs/share/rosapi_msgs/environment/path.sh
[4.174s] -- Up-to-date symlink: /home/hunajpu/dev_tt_ws/install/rosapi_msgs/share/rosapi_msgs/environment/path.dsv
[4.175s] -- Up-to-date symlink: /home/hunajpu/dev_tt_ws/install/rosapi_msgs/share/rosapi_msgs/local_setup.bash
[4.175s] -- Up-to-date symlink: /home/hunajpu/dev_tt_ws/install/rosapi_msgs/share/rosapi_msgs/local_setup.sh
[4.176s] -- Up-to-date symlink: /home/hunajpu/dev_tt_ws/install/rosapi_msgs/share/rosapi_msgs/local_setup.zsh
[4.176s] -- Up-to-date symlink: /home/hunajpu/dev_tt_ws/install/rosapi_msgs/share/rosapi_msgs/local_setup.dsv
[4.177s] -- Symlinking: /home/hunajpu/dev_tt_ws/install/rosapi_msgs/share/rosapi_msgs/package.dsv
[4.177s] -- Up-to-date symlink: /home/hunajpu/dev_tt_ws/install/rosapi_msgs/share/ament_index/resource_index/packages/rosapi_msgs
[4.177s] -- Up-to-date symlink: /home/hunajpu/dev_tt_ws/install/rosapi_msgs/share/rosapi_msgs/cmake/rosidl_cmake-extras.cmake
[4.177s] -- Up-to-date symlink: /home/hunajpu/dev_tt_ws/install/rosapi_msgs/share/rosapi_msgs/cmake/ament_cmake_export_dependencies-extras.cmake
[4.177s] -- Up-to-date symlink: /home/hunajpu/dev_tt_ws/install/rosapi_msgs/share/rosapi_msgs/cmake/ament_cmake_export_libraries-extras.cmake
[4.178s] -- Up-to-date symlink: /home/hunajpu/dev_tt_ws/install/rosapi_msgs/share/rosapi_msgs/cmake/ament_cmake_export_targets-extras.cmake
[4.179s] -- Up-to-date symlink: /home/hunajpu/dev_tt_ws/install/rosapi_msgs/share/rosapi_msgs/cmake/ament_cmake_export_include_directories-extras.cmake
[4.179s] -- Up-to-date symlink: /home/hunajpu/dev_tt_ws/install/rosapi_msgs/share/rosapi_msgs/cmake/rosidl_cmake_export_typesupport_libraries-extras.cmake
[4.179s] -- Up-to-date symlink: /home/hunajpu/dev_tt_ws/install/rosapi_msgs/share/rosapi_msgs/cmake/rosidl_cmake_export_typesupport_targets-extras.cmake
[4.179s] -- Up-to-date symlink: /home/hunajpu/dev_tt_ws/install/rosapi_msgs/share/rosapi_msgs/cmake/rosapi_msgsConfig.cmake
[4.179s] -- Up-to-date symlink: /home/hunajpu/dev_tt_ws/install/rosapi_msgs/share/rosapi_msgs/cmake/rosapi_msgsConfig-version.cmake
[4.179s] -- Up-to-date symlink: /home/hunajpu/dev_tt_ws/install/rosapi_msgs/share/rosapi_msgs/package.xml
[4.179s] -- Up-to-date: /home/hunajpu/dev_tt_ws/install/rosapi_msgs/lib/librosapi_msgs__rosidl_generator_c.so
[4.180s] -- Up-to-date: /home/hunajpu/dev_tt_ws/install/rosapi_msgs/lib/librosapi_msgs__rosidl_typesupport_introspection_c.so
[4.180s] -- Up-to-date: /home/hunajpu/dev_tt_ws/install/rosapi_msgs/lib/librosapi_msgs__rosidl_typesupport_c.so
[4.181s] -- Up-to-date: /home/hunajpu/dev_tt_ws/install/rosapi_msgs/lib/librosapi_msgs__rosidl_typesupport_introspection_cpp.so
[4.181s] -- Up-to-date: /home/hunajpu/dev_tt_ws/install/rosapi_msgs/lib/librosapi_msgs__rosidl_typesupport_cpp.so
[4.182s] -- Up-to-date: /home/hunajpu/dev_tt_ws/install/rosapi_msgs/share/rosapi_msgs/cmake/rosapi_msgs__rosidl_generator_cExport.cmake
[4.182s] -- Up-to-date: /home/hunajpu/dev_tt_ws/install/rosapi_msgs/share/rosapi_msgs/cmake/rosapi_msgs__rosidl_generator_cExport-debug.cmake
[4.182s] -- Up-to-date: /home/hunajpu/dev_tt_ws/install/rosapi_msgs/share/rosapi_msgs/cmake/rosapi_msgs__rosidl_typesupport_introspection_cExport.cmake
[4.183s] -- Up-to-date: /home/hunajpu/dev_tt_ws/install/rosapi_msgs/share/rosapi_msgs/cmake/rosapi_msgs__rosidl_typesupport_introspection_cExport-debug.cmake
[4.185s] -- Up-to-date: /home/hunajpu/dev_tt_ws/install/rosapi_msgs/share/rosapi_msgs/cmake/rosapi_msgs__rosidl_typesupport_cExport.cmake
[4.186s] -- Up-to-date: /home/hunajpu/dev_tt_ws/install/rosapi_msgs/share/rosapi_msgs/cmake/rosapi_msgs__rosidl_typesupport_cExport-debug.cmake
[4.186s] -- Up-to-date: /home/hunajpu/dev_tt_ws/install/rosapi_msgs/share/rosapi_msgs/cmake/rosapi_msgs__rosidl_generator_cppExport.cmake
[4.186s] -- Up-to-date: /home/hunajpu/dev_tt_ws/install/rosapi_msgs/share/rosapi_msgs/cmake/rosapi_msgs__rosidl_typesupport_introspection_cppExport.cmake
[4.186s] -- Up-to-date: /home/hunajpu/dev_tt_ws/install/rosapi_msgs/share/rosapi_msgs/cmake/rosapi_msgs__rosidl_typesupport_introspection_cppExport-debug.cmake
[4.186s] -- Up-to-date: /home/hunajpu/dev_tt_ws/install/rosapi_msgs/share/rosapi_msgs/cmake/rosapi_msgs__rosidl_typesupport_cppExport.cmake
[4.187s] -- Up-to-date: /home/hunajpu/dev_tt_ws/install/rosapi_msgs/share/rosapi_msgs/cmake/rosapi_msgs__rosidl_typesupport_cppExport-debug.cmake
[4.314s] Invoked command in '/home/hunajpu/dev_tt_ws/build/rosapi_msgs' returned '0': CMAKE_PREFIX_PATH=${CMAKE_PREFIX_PATH}:/opt/ros/foxy /usr/bin/cmake --install /home/hunajpu/dev_tt_ws/build/rosapi_msgs
