[0.133s] Invoking command in '/home/hunajpu/dev_tt_ws/build/rrbot_moveit_config': CMAKE_PREFIX_PATH=${CMAKE_PREFIX_PATH}:/opt/ros/foxy /usr/bin/cmake --build /home/hunajpu/dev_tt_ws/build/rrbot_moveit_config -- -j8 -l8
[0.254s] Invoked command in '/home/hunajpu/dev_tt_ws/build/rrbot_moveit_config' returned '0': CMAKE_PREFIX_PATH=${CMAKE_PREFIX_PATH}:/opt/ros/foxy /usr/bin/cmake --build /home/hunajpu/dev_tt_ws/build/rrbot_moveit_config -- -j8 -l8
[0.439s] Invoking command in '/home/hunajpu/dev_tt_ws/build/rrbot_moveit_config': CMAKE_PREFIX_PATH=${CMAKE_PREFIX_PATH}:/opt/ros/foxy /usr/bin/cmake --install /home/hunajpu/dev_tt_ws/build/rrbot_moveit_config
[0.462s] -- Install configuration: ""
[0.462s] -- Execute custom install script
[0.463s] -- Up-to-date symlink: /home/hunajpu/dev_tt_ws/install/rrbot_moveit_config/share/ament_index/resource_index/package_run_dependencies/rrbot_moveit_config
[0.463s] -- Up-to-date symlink: /home/hunajpu/dev_tt_ws/install/rrbot_moveit_config/share/ament_index/resource_index/parent_prefix_path/rrbot_moveit_config
[0.464s] -- Up-to-date symlink: /home/hunajpu/dev_tt_ws/install/rrbot_moveit_config/share/rrbot_moveit_config/environment/ament_prefix_path.sh
[0.464s] -- Up-to-date symlink: /home/hunajpu/dev_tt_ws/install/rrbot_moveit_config/share/rrbot_moveit_config/environment/ament_prefix_path.dsv
[0.465s] -- Up-to-date symlink: /home/hunajpu/dev_tt_ws/install/rrbot_moveit_config/share/rrbot_moveit_config/environment/path.sh
[0.466s] -- Up-to-date symlink: /home/hunajpu/dev_tt_ws/install/rrbot_moveit_config/share/rrbot_moveit_config/environment/path.dsv
[0.467s] -- Up-to-date symlink: /home/hunajpu/dev_tt_ws/install/rrbot_moveit_config/share/rrbot_moveit_config/local_setup.bash
[0.467s] -- Up-to-date symlink: /home/hunajpu/dev_tt_ws/install/rrbot_moveit_config/share/rrbot_moveit_config/local_setup.sh
[0.467s] -- Up-to-date symlink: /home/hunajpu/dev_tt_ws/install/rrbot_moveit_config/share/rrbot_moveit_config/local_setup.zsh
[0.468s] -- Up-to-date symlink: /home/hunajpu/dev_tt_ws/install/rrbot_moveit_config/share/rrbot_moveit_config/local_setup.dsv
[0.469s] -- Symlinking: /home/hunajpu/dev_tt_ws/install/rrbot_moveit_config/share/rrbot_moveit_config/package.dsv
[0.488s] -- Up-to-date symlink: /home/hunajpu/dev_tt_ws/install/rrbot_moveit_config/share/ament_index/resource_index/packages/rrbot_moveit_config
[0.489s] -- Up-to-date symlink: /home/hunajpu/dev_tt_ws/install/rrbot_moveit_config/share/rrbot_moveit_config/cmake/rrbot_moveit_configConfig.cmake
[0.490s] -- Up-to-date symlink: /home/hunajpu/dev_tt_ws/install/rrbot_moveit_config/share/rrbot_moveit_config/cmake/rrbot_moveit_configConfig-version.cmake
[0.491s] -- Up-to-date symlink: /home/hunajpu/dev_tt_ws/install/rrbot_moveit_config/share/rrbot_moveit_config/package.xml
[0.493s] -- Up-to-date symlink: /home/hunajpu/dev_tt_ws/install/rrbot_moveit_config/share/rrbot_moveit_config/config/kinematics.yaml
[0.494s] -- Up-to-date symlink: /home/hunajpu/dev_tt_ws/install/rrbot_moveit_config/share/rrbot_moveit_config/config/ompl_planning.yaml
[0.494s] -- Up-to-date symlink: /home/hunajpu/dev_tt_ws/install/rrbot_moveit_config/share/rrbot_moveit_config/config/rrbot.srdf
[0.494s] -- Up-to-date symlink: /home/hunajpu/dev_tt_ws/install/rrbot_moveit_config/share/rrbot_moveit_config/config/rviz_rrbot.rviz
[0.507s] Invoked command in '/home/hunajpu/dev_tt_ws/build/rrbot_moveit_config' returned '0': CMAKE_PREFIX_PATH=${CMAKE_PREFIX_PATH}:/opt/ros/foxy /usr/bin/cmake --install /home/hunajpu/dev_tt_ws/build/rrbot_moveit_config
