[0.153s] Invoking command in '/home/hunajpu/dev_tt_ws/build/ros2_data': CMAKE_PREFIX_PATH=${CMAKE_PREFIX_PATH}:/opt/ros/foxy /usr/bin/cmake --build /home/hunajpu/dev_tt_ws/build/ros2_data -- -j8 -l8
[0.239s] [  1%] Built target ros2-data
[0.252s] [ 12%] Built target ros2_data__rosidl_generator_c
[0.282s] [ 13%] Built target ros2_data__cpp
[0.346s] [ 25%] Built target ros2_data__rosidl_typesupport_c
[0.386s] [ 36%] Built target ros2_data__rosidl_typesupport_introspection_c
[0.482s] [ 48%] Built target ros2_data__rosidl_typesupport_introspection_cpp
[0.484s] [ 60%] Built target ros2_data__rosidl_typesupport_cpp
[0.512s] [ 72%] Built target ros2_data__rosidl_typesupport_fastrtps_cpp
[0.584s] [ 83%] Built target ros2_data__rosidl_typesupport_fastrtps_c
[0.621s] [ 83%] Built target ros2_data
[0.658s] [ 84%] Built target ros2_data__py
[0.755s] [ 95%] Built target ros2_data__python
[0.838s] [ 96%] Built target ros2_data__rosidl_typesupport_c__pyext
[0.845s] [ 98%] Built target ros2_data__rosidl_typesupport_fastrtps_c__pyext
[0.856s] [100%] Built target ros2_data__rosidl_typesupport_introspection_c__pyext
[1.006s] Invoked command in '/home/hunajpu/dev_tt_ws/build/ros2_data' returned '0': CMAKE_PREFIX_PATH=${CMAKE_PREFIX_PATH}:/opt/ros/foxy /usr/bin/cmake --build /home/hunajpu/dev_tt_ws/build/ros2_data -- -j8 -l8
[1.621s] Invoking command in '/home/hunajpu/dev_tt_ws/build/ros2_data': CMAKE_PREFIX_PATH=${CMAKE_PREFIX_PATH}:/opt/ros/foxy /usr/bin/cmake --install /home/hunajpu/dev_tt_ws/build/ros2_data
[1.641s] -- Install configuration: "Debug"
[1.642s] -- Execute custom install script
[1.642s] -- Up-to-date symlink: /home/hunajpu/dev_tt_ws/install/ros2_data/share/ament_index/resource_index/rosidl_interfaces/ros2_data
[1.644s] -- Up-to-date symlink: /home/hunajpu/dev_tt_ws/install/ros2_data/include/ros2_data/action/detail/move_g__functions.h
[1.645s] -- Up-to-date symlink: /home/hunajpu/dev_tt_ws/install/ros2_data/include/ros2_data/action/detail/move_g__struct.h
[1.646s] -- Up-to-date symlink: /home/hunajpu/dev_tt_ws/install/ros2_data/include/ros2_data/action/detail/move_g__type_support.h
[1.646s] -- Up-to-date symlink: /home/hunajpu/dev_tt_ws/install/ros2_data/include/ros2_data/action/detail/move_j__functions.h
[1.647s] -- Up-to-date symlink: /home/hunajpu/dev_tt_ws/install/ros2_data/include/ros2_data/action/detail/move_j__struct.h
[1.648s] -- Up-to-date symlink: /home/hunajpu/dev_tt_ws/install/ros2_data/include/ros2_data/action/detail/move_j__type_support.h
[1.649s] -- Up-to-date symlink: /home/hunajpu/dev_tt_ws/install/ros2_data/include/ros2_data/action/detail/move_jpanda__functions.h
[1.649s] -- Up-to-date symlink: /home/hunajpu/dev_tt_ws/install/ros2_data/include/ros2_data/action/detail/move_jpanda__struct.h
[1.650s] -- Up-to-date symlink: /home/hunajpu/dev_tt_ws/install/ros2_data/include/ros2_data/action/detail/move_jpanda__type_support.h
[1.651s] -- Up-to-date symlink: /home/hunajpu/dev_tt_ws/install/ros2_data/include/ros2_data/action/detail/move_l__functions.h
[1.652s] -- Up-to-date symlink: /home/hunajpu/dev_tt_ws/install/ros2_data/include/ros2_data/action/detail/move_l__struct.h
[1.652s] -- Up-to-date symlink: /home/hunajpu/dev_tt_ws/install/ros2_data/include/ros2_data/action/detail/move_l__type_support.h
[1.652s] -- Up-to-date symlink: /home/hunajpu/dev_tt_ws/install/ros2_data/include/ros2_data/action/detail/move_r__functions.h
[1.653s] -- Up-to-date symlink: /home/hunajpu/dev_tt_ws/install/ros2_data/include/ros2_data/action/detail/move_r__struct.h
[1.653s] -- Up-to-date symlink: /home/hunajpu/dev_tt_ws/install/ros2_data/include/ros2_data/action/detail/move_r__type_support.h
[1.653s] -- Up-to-date symlink: /home/hunajpu/dev_tt_ws/install/ros2_data/include/ros2_data/action/detail/move_xyz__functions.h
[1.654s] -- Up-to-date symlink: /home/hunajpu/dev_tt_ws/install/ros2_data/include/ros2_data/action/detail/move_xyz__struct.h
[1.655s] -- Up-to-date symlink: /home/hunajpu/dev_tt_ws/install/ros2_data/include/ros2_data/action/detail/move_xyz__type_support.h
[1.655s] -- Up-to-date symlink: /home/hunajpu/dev_tt_ws/install/ros2_data/include/ros2_data/action/detail/move_xyzw__functions.h
[1.655s] -- Up-to-date symlink: /home/hunajpu/dev_tt_ws/install/ros2_data/include/ros2_data/action/detail/move_xyzw__struct.h
[1.656s] -- Up-to-date symlink: /home/hunajpu/dev_tt_ws/install/ros2_data/include/ros2_data/action/detail/move_xyzw__type_support.h
[1.656s] -- Up-to-date symlink: /home/hunajpu/dev_tt_ws/install/ros2_data/include/ros2_data/action/detail/move_ypr__functions.h
[1.657s] -- Up-to-date symlink: /home/hunajpu/dev_tt_ws/install/ros2_data/include/ros2_data/action/detail/move_ypr__struct.h
[1.657s] -- Up-to-date symlink: /home/hunajpu/dev_tt_ws/install/ros2_data/include/ros2_data/action/detail/move_ypr__type_support.h
[1.657s] -- Up-to-date symlink: /home/hunajpu/dev_tt_ws/install/ros2_data/include/ros2_data/action/move_g.h
[1.658s] -- Up-to-date symlink: /home/hunajpu/dev_tt_ws/install/ros2_data/include/ros2_data/action/move_j.h
[1.659s] -- Up-to-date symlink: /home/hunajpu/dev_tt_ws/install/ros2_data/include/ros2_data/action/move_jpanda.h
[1.659s] -- Up-to-date symlink: /home/hunajpu/dev_tt_ws/install/ros2_data/include/ros2_data/action/move_l.h
[1.659s] -- Up-to-date symlink: /home/hunajpu/dev_tt_ws/install/ros2_data/include/ros2_data/action/move_r.h
[1.660s] -- Up-to-date symlink: /home/hunajpu/dev_tt_ws/install/ros2_data/include/ros2_data/action/move_xyz.h
[1.660s] -- Up-to-date symlink: /home/hunajpu/dev_tt_ws/install/ros2_data/include/ros2_data/action/move_xyzw.h
[1.660s] -- Up-to-date symlink: /home/hunajpu/dev_tt_ws/install/ros2_data/include/ros2_data/action/move_ypr.h
[1.661s] -- Up-to-date symlink: /home/hunajpu/dev_tt_ws/install/ros2_data/include/ros2_data/msg/detail/joint_pose__functions.h
[1.661s] -- Up-to-date symlink: /home/hunajpu/dev_tt_ws/install/ros2_data/include/ros2_data/msg/detail/joint_pose__struct.h
[1.661s] -- Up-to-date symlink: /home/hunajpu/dev_tt_ws/install/ros2_data/include/ros2_data/msg/detail/joint_pose__type_support.h
[1.661s] -- Up-to-date symlink: /home/hunajpu/dev_tt_ws/install/ros2_data/include/ros2_data/msg/detail/joint_pose_panda__functions.h
[1.661s] -- Up-to-date symlink: /home/hunajpu/dev_tt_ws/install/ros2_data/include/ros2_data/msg/detail/joint_pose_panda__struct.h
[1.661s] -- Up-to-date symlink: /home/hunajpu/dev_tt_ws/install/ros2_data/include/ros2_data/msg/detail/joint_pose_panda__type_support.h
[1.662s] -- Up-to-date symlink: /home/hunajpu/dev_tt_ws/install/ros2_data/include/ros2_data/msg/joint_pose.h
[1.662s] -- Up-to-date symlink: /home/hunajpu/dev_tt_ws/install/ros2_data/include/ros2_data/msg/joint_pose_panda.h
[1.662s] -- Up-to-date symlink: /home/hunajpu/dev_tt_ws/install/ros2_data/include/ros2_data/msg/rosidl_generator_c__visibility_control.h
[1.663s] -- Up-to-date symlink: /home/hunajpu/dev_tt_ws/install/ros2_data/include/ros2_data/srv/detail/gripper_pose__functions.h
[1.663s] -- Up-to-date symlink: /home/hunajpu/dev_tt_ws/install/ros2_data/include/ros2_data/srv/detail/gripper_pose__struct.h
[1.663s] -- Up-to-date symlink: /home/hunajpu/dev_tt_ws/install/ros2_data/include/ros2_data/srv/detail/gripper_pose__type_support.h
[1.664s] -- Up-to-date symlink: /home/hunajpu/dev_tt_ws/install/ros2_data/include/ros2_data/srv/detail/joint_pose__functions.h
[1.664s] -- Up-to-date symlink: /home/hunajpu/dev_tt_ws/install/ros2_data/include/ros2_data/srv/detail/joint_pose__struct.h
[1.665s] -- Up-to-date symlink: /home/hunajpu/dev_tt_ws/install/ros2_data/include/ros2_data/srv/detail/joint_pose__type_support.h
[1.666s] -- Up-to-date symlink: /home/hunajpu/dev_tt_ws/install/ros2_data/include/ros2_data/srv/gripper_pose.h
[1.669s] -- Up-to-date symlink: /home/hunajpu/dev_tt_ws/install/ros2_data/include/ros2_data/srv/joint_pose.h
[1.670s] -- Up-to-date symlink: /home/hunajpu/dev_tt_ws/install/ros2_data/share/ros2_data/environment/library_path.sh
[1.671s] -- Up-to-date symlink: /home/hunajpu/dev_tt_ws/install/ros2_data/share/ros2_data/environment/library_path.dsv
[1.672s] -- Up-to-date symlink: /home/hunajpu/dev_tt_ws/install/ros2_data/include/ros2_data/action/detail/move_g__rosidl_typesupport_fastrtps_c.h
[1.672s] -- Up-to-date symlink: /home/hunajpu/dev_tt_ws/install/ros2_data/include/ros2_data/action/detail/move_j__rosidl_typesupport_fastrtps_c.h
[1.672s] -- Up-to-date symlink: /home/hunajpu/dev_tt_ws/install/ros2_data/include/ros2_data/action/detail/move_jpanda__rosidl_typesupport_fastrtps_c.h
[1.673s] -- Up-to-date symlink: /home/hunajpu/dev_tt_ws/install/ros2_data/include/ros2_data/action/detail/move_l__rosidl_typesupport_fastrtps_c.h
[1.673s] -- Up-to-date symlink: /home/hunajpu/dev_tt_ws/install/ros2_data/include/ros2_data/action/detail/move_r__rosidl_typesupport_fastrtps_c.h
[1.673s] -- Up-to-date symlink: /home/hunajpu/dev_tt_ws/install/ros2_data/include/ros2_data/action/detail/move_xyz__rosidl_typesupport_fastrtps_c.h
[1.674s] -- Up-to-date symlink: /home/hunajpu/dev_tt_ws/install/ros2_data/include/ros2_data/action/detail/move_xyzw__rosidl_typesupport_fastrtps_c.h
[1.674s] -- Up-to-date symlink: /home/hunajpu/dev_tt_ws/install/ros2_data/include/ros2_data/action/detail/move_ypr__rosidl_typesupport_fastrtps_c.h
[1.674s] -- Up-to-date symlink: /home/hunajpu/dev_tt_ws/install/ros2_data/include/ros2_data/msg/detail/joint_pose__rosidl_typesupport_fastrtps_c.h
[1.675s] -- Up-to-date symlink: /home/hunajpu/dev_tt_ws/install/ros2_data/include/ros2_data/msg/detail/joint_pose_panda__rosidl_typesupport_fastrtps_c.h
[1.675s] -- Up-to-date symlink: /home/hunajpu/dev_tt_ws/install/ros2_data/include/ros2_data/msg/rosidl_typesupport_fastrtps_c__visibility_control.h
[1.676s] -- Up-to-date symlink: /home/hunajpu/dev_tt_ws/install/ros2_data/include/ros2_data/srv/detail/gripper_pose__rosidl_typesupport_fastrtps_c.h
[1.677s] -- Up-to-date symlink: /home/hunajpu/dev_tt_ws/install/ros2_data/include/ros2_data/srv/detail/joint_pose__rosidl_typesupport_fastrtps_c.h
[1.677s] -- Up-to-date symlink: /home/hunajpu/dev_tt_ws/install/ros2_data/lib/libros2_data__rosidl_typesupport_fastrtps_c.so
[1.678s] -- Up-to-date symlink: /home/hunajpu/dev_tt_ws/install/ros2_data/include/ros2_data/action/detail/move_g__rosidl_typesupport_fastrtps_cpp.hpp
[1.678s] -- Up-to-date symlink: /home/hunajpu/dev_tt_ws/install/ros2_data/include/ros2_data/action/detail/move_j__rosidl_typesupport_fastrtps_cpp.hpp
[1.679s] -- Up-to-date symlink: /home/hunajpu/dev_tt_ws/install/ros2_data/include/ros2_data/action/detail/move_jpanda__rosidl_typesupport_fastrtps_cpp.hpp
[1.679s] -- Up-to-date symlink: /home/hunajpu/dev_tt_ws/install/ros2_data/include/ros2_data/action/detail/move_l__rosidl_typesupport_fastrtps_cpp.hpp
[1.680s] -- Up-to-date symlink: /home/hunajpu/dev_tt_ws/install/ros2_data/include/ros2_data/action/detail/move_r__rosidl_typesupport_fastrtps_cpp.hpp
[1.680s] -- Up-to-date symlink: /home/hunajpu/dev_tt_ws/install/ros2_data/include/ros2_data/action/detail/move_xyz__rosidl_typesupport_fastrtps_cpp.hpp
[1.681s] -- Up-to-date symlink: /home/hunajpu/dev_tt_ws/install/ros2_data/include/ros2_data/action/detail/move_xyzw__rosidl_typesupport_fastrtps_cpp.hpp
[1.681s] -- Up-to-date symlink: /home/hunajpu/dev_tt_ws/install/ros2_data/include/ros2_data/action/detail/move_ypr__rosidl_typesupport_fastrtps_cpp.hpp
[1.682s] -- Up-to-date symlink: /home/hunajpu/dev_tt_ws/install/ros2_data/include/ros2_data/msg/detail/joint_pose__rosidl_typesupport_fastrtps_cpp.hpp
[1.682s] -- Up-to-date symlink: /home/hunajpu/dev_tt_ws/install/ros2_data/include/ros2_data/msg/detail/joint_pose_panda__rosidl_typesupport_fastrtps_cpp.hpp
[1.682s] -- Up-to-date symlink: /home/hunajpu/dev_tt_ws/install/ros2_data/include/ros2_data/msg/rosidl_typesupport_fastrtps_cpp__visibility_control.h
[1.683s] -- Up-to-date symlink: /home/hunajpu/dev_tt_ws/install/ros2_data/include/ros2_data/srv/detail/gripper_pose__rosidl_typesupport_fastrtps_cpp.hpp
[1.683s] -- Up-to-date symlink: /home/hunajpu/dev_tt_ws/install/ros2_data/include/ros2_data/srv/detail/joint_pose__rosidl_typesupport_fastrtps_cpp.hpp
[1.684s] -- Up-to-date symlink: /home/hunajpu/dev_tt_ws/install/ros2_data/lib/libros2_data__rosidl_typesupport_fastrtps_cpp.so
[1.684s] -- Up-to-date symlink: /home/hunajpu/dev_tt_ws/install/ros2_data/include/ros2_data/action/detail/move_g__rosidl_typesupport_introspection_c.h
[1.685s] -- Up-to-date symlink: /home/hunajpu/dev_tt_ws/install/ros2_data/include/ros2_data/action/detail/move_j__rosidl_typesupport_introspection_c.h
[1.685s] -- Up-to-date symlink: /home/hunajpu/dev_tt_ws/install/ros2_data/include/ros2_data/action/detail/move_jpanda__rosidl_typesupport_introspection_c.h
[1.685s] -- Up-to-date symlink: /home/hunajpu/dev_tt_ws/install/ros2_data/include/ros2_data/action/detail/move_l__rosidl_typesupport_introspection_c.h
[1.685s] -- Up-to-date symlink: /home/hunajpu/dev_tt_ws/install/ros2_data/include/ros2_data/action/detail/move_r__rosidl_typesupport_introspection_c.h
[1.686s] -- Up-to-date symlink: /home/hunajpu/dev_tt_ws/install/ros2_data/include/ros2_data/action/detail/move_xyz__rosidl_typesupport_introspection_c.h
[1.686s] -- Up-to-date symlink: /home/hunajpu/dev_tt_ws/install/ros2_data/include/ros2_data/action/detail/move_xyzw__rosidl_typesupport_introspection_c.h
[1.686s] -- Up-to-date symlink: /home/hunajpu/dev_tt_ws/install/ros2_data/include/ros2_data/action/detail/move_ypr__rosidl_typesupport_introspection_c.h
[1.686s] -- Up-to-date symlink: /home/hunajpu/dev_tt_ws/install/ros2_data/include/ros2_data/msg/detail/joint_pose__rosidl_typesupport_introspection_c.h
[1.686s] -- Up-to-date symlink: /home/hunajpu/dev_tt_ws/install/ros2_data/include/ros2_data/msg/detail/joint_pose_panda__rosidl_typesupport_introspection_c.h
[1.686s] -- Up-to-date symlink: /home/hunajpu/dev_tt_ws/install/ros2_data/include/ros2_data/msg/rosidl_typesupport_introspection_c__visibility_control.h
[1.686s] -- Up-to-date symlink: /home/hunajpu/dev_tt_ws/install/ros2_data/include/ros2_data/srv/detail/gripper_pose__rosidl_typesupport_introspection_c.h
[1.686s] -- Up-to-date symlink: /home/hunajpu/dev_tt_ws/install/ros2_data/include/ros2_data/srv/detail/joint_pose__rosidl_typesupport_introspection_c.h
[1.687s] -- Up-to-date symlink: /home/hunajpu/dev_tt_ws/install/ros2_data/include/ros2_data/action/detail/move_g__builder.hpp
[1.687s] -- Up-to-date symlink: /home/hunajpu/dev_tt_ws/install/ros2_data/include/ros2_data/action/detail/move_g__struct.hpp
[1.689s] -- Up-to-date symlink: /home/hunajpu/dev_tt_ws/install/ros2_data/include/ros2_data/action/detail/move_g__traits.hpp
[1.689s] -- Up-to-date symlink: /home/hunajpu/dev_tt_ws/install/ros2_data/include/ros2_data/action/detail/move_j__builder.hpp
[1.693s] -- Up-to-date symlink: /home/hunajpu/dev_tt_ws/install/ros2_data/include/ros2_data/action/detail/move_j__struct.hpp
[1.694s] -- Up-to-date symlink: /home/hunajpu/dev_tt_ws/install/ros2_data/include/ros2_data/action/detail/move_j__traits.hpp
[1.695s] -- Up-to-date symlink: /home/hunajpu/dev_tt_ws/install/ros2_data/include/ros2_data/action/detail/move_jpanda__builder.hpp
[1.696s] -- Up-to-date symlink: /home/hunajpu/dev_tt_ws/install/ros2_data/include/ros2_data/action/detail/move_jpanda__struct.hpp
[1.696s] -- Up-to-date symlink: /home/hunajpu/dev_tt_ws/install/ros2_data/include/ros2_data/action/detail/move_jpanda__traits.hpp
[1.697s] -- Up-to-date symlink: /home/hunajpu/dev_tt_ws/install/ros2_data/include/ros2_data/action/detail/move_l__builder.hpp
[1.697s] -- Up-to-date symlink: /home/hunajpu/dev_tt_ws/install/ros2_data/include/ros2_data/action/detail/move_l__struct.hpp
[1.698s] -- Up-to-date symlink: /home/hunajpu/dev_tt_ws/install/ros2_data/include/ros2_data/action/detail/move_l__traits.hpp
[1.698s] -- Up-to-date symlink: /home/hunajpu/dev_tt_ws/install/ros2_data/include/ros2_data/action/detail/move_r__builder.hpp
[1.698s] -- Up-to-date symlink: /home/hunajpu/dev_tt_ws/install/ros2_data/include/ros2_data/action/detail/move_r__struct.hpp
[1.699s] -- Up-to-date symlink: /home/hunajpu/dev_tt_ws/install/ros2_data/include/ros2_data/action/detail/move_r__traits.hpp
[1.699s] -- Up-to-date symlink: /home/hunajpu/dev_tt_ws/install/ros2_data/include/ros2_data/action/detail/move_xyz__builder.hpp
[1.699s] -- Up-to-date symlink: /home/hunajpu/dev_tt_ws/install/ros2_data/include/ros2_data/action/detail/move_xyz__struct.hpp
[1.699s] -- Up-to-date symlink: /home/hunajpu/dev_tt_ws/install/ros2_data/include/ros2_data/action/detail/move_xyz__traits.hpp
[1.700s] -- Up-to-date symlink: /home/hunajpu/dev_tt_ws/install/ros2_data/include/ros2_data/action/detail/move_xyzw__builder.hpp
[1.700s] -- Up-to-date symlink: /home/hunajpu/dev_tt_ws/install/ros2_data/include/ros2_data/action/detail/move_xyzw__struct.hpp
[1.701s] -- Up-to-date symlink: /home/hunajpu/dev_tt_ws/install/ros2_data/include/ros2_data/action/detail/move_xyzw__traits.hpp
[1.701s] -- Up-to-date symlink: /home/hunajpu/dev_tt_ws/install/ros2_data/include/ros2_data/action/detail/move_ypr__builder.hpp
[1.701s] -- Up-to-date symlink: /home/hunajpu/dev_tt_ws/install/ros2_data/include/ros2_data/action/detail/move_ypr__struct.hpp
[1.702s] -- Up-to-date symlink: /home/hunajpu/dev_tt_ws/install/ros2_data/include/ros2_data/action/detail/move_ypr__traits.hpp
[1.702s] -- Up-to-date symlink: /home/hunajpu/dev_tt_ws/install/ros2_data/include/ros2_data/action/move_g.hpp
[1.702s] -- Up-to-date symlink: /home/hunajpu/dev_tt_ws/install/ros2_data/include/ros2_data/action/move_j.hpp
[1.703s] -- Up-to-date symlink: /home/hunajpu/dev_tt_ws/install/ros2_data/include/ros2_data/action/move_jpanda.hpp
[1.704s] -- Up-to-date symlink: /home/hunajpu/dev_tt_ws/install/ros2_data/include/ros2_data/action/move_l.hpp
[1.704s] -- Up-to-date symlink: /home/hunajpu/dev_tt_ws/install/ros2_data/include/ros2_data/action/move_r.hpp
[1.704s] -- Up-to-date symlink: /home/hunajpu/dev_tt_ws/install/ros2_data/include/ros2_data/action/move_xyz.hpp
[1.704s] -- Up-to-date symlink: /home/hunajpu/dev_tt_ws/install/ros2_data/include/ros2_data/action/move_xyzw.hpp
[1.705s] -- Up-to-date symlink: /home/hunajpu/dev_tt_ws/install/ros2_data/include/ros2_data/action/move_ypr.hpp
[1.711s] -- Up-to-date symlink: /home/hunajpu/dev_tt_ws/install/ros2_data/include/ros2_data/msg/detail/joint_pose__builder.hpp
[1.711s] -- Up-to-date symlink: /home/hunajpu/dev_tt_ws/install/ros2_data/include/ros2_data/msg/detail/joint_pose__struct.hpp
[1.711s] -- Up-to-date symlink: /home/hunajpu/dev_tt_ws/install/ros2_data/include/ros2_data/msg/detail/joint_pose__traits.hpp
[1.711s] -- Up-to-date symlink: /home/hunajpu/dev_tt_ws/install/ros2_data/include/ros2_data/msg/detail/joint_pose_panda__builder.hpp
[1.712s] -- Up-to-date symlink: /home/hunajpu/dev_tt_ws/install/ros2_data/include/ros2_data/msg/detail/joint_pose_panda__struct.hpp
[1.712s] -- Up-to-date symlink: /home/hunajpu/dev_tt_ws/install/ros2_data/include/ros2_data/msg/detail/joint_pose_panda__traits.hpp
[1.712s] -- Up-to-date symlink: /home/hunajpu/dev_tt_ws/install/ros2_data/include/ros2_data/msg/joint_pose.hpp
[1.712s] -- Up-to-date symlink: /home/hunajpu/dev_tt_ws/install/ros2_data/include/ros2_data/msg/joint_pose_panda.hpp
[1.713s] -- Up-to-date symlink: /home/hunajpu/dev_tt_ws/install/ros2_data/include/ros2_data/srv/detail/gripper_pose__builder.hpp
[1.713s] -- Up-to-date symlink: /home/hunajpu/dev_tt_ws/install/ros2_data/include/ros2_data/srv/detail/gripper_pose__struct.hpp
[1.714s] -- Up-to-date symlink: /home/hunajpu/dev_tt_ws/install/ros2_data/include/ros2_data/srv/detail/gripper_pose__traits.hpp
[1.714s] -- Up-to-date symlink: /home/hunajpu/dev_tt_ws/install/ros2_data/include/ros2_data/srv/detail/joint_pose__builder.hpp
[1.715s] -- Up-to-date symlink: /home/hunajpu/dev_tt_ws/install/ros2_data/include/ros2_data/srv/detail/joint_pose__struct.hpp
[1.715s] -- Up-to-date symlink: /home/hunajpu/dev_tt_ws/install/ros2_data/include/ros2_data/srv/detail/joint_pose__traits.hpp
[1.723s] -- Up-to-date symlink: /home/hunajpu/dev_tt_ws/install/ros2_data/include/ros2_data/srv/gripper_pose.hpp
[1.724s] -- Up-to-date symlink: /home/hunajpu/dev_tt_ws/install/ros2_data/include/ros2_data/srv/joint_pose.hpp
[1.727s] -- Up-to-date symlink: /home/hunajpu/dev_tt_ws/install/ros2_data/include/ros2_data/action/detail/move_g__rosidl_typesupport_introspection_cpp.hpp
[1.727s] -- Up-to-date symlink: /home/hunajpu/dev_tt_ws/install/ros2_data/include/ros2_data/action/detail/move_j__rosidl_typesupport_introspection_cpp.hpp
[1.728s] -- Up-to-date symlink: /home/hunajpu/dev_tt_ws/install/ros2_data/include/ros2_data/action/detail/move_jpanda__rosidl_typesupport_introspection_cpp.hpp
[1.728s] -- Up-to-date symlink: /home/hunajpu/dev_tt_ws/install/ros2_data/include/ros2_data/action/detail/move_l__rosidl_typesupport_introspection_cpp.hpp
[1.728s] -- Up-to-date symlink: /home/hunajpu/dev_tt_ws/install/ros2_data/include/ros2_data/action/detail/move_r__rosidl_typesupport_introspection_cpp.hpp
[1.728s] -- Up-to-date symlink: /home/hunajpu/dev_tt_ws/install/ros2_data/include/ros2_data/action/detail/move_xyz__rosidl_typesupport_introspection_cpp.hpp
[1.728s] -- Up-to-date symlink: /home/hunajpu/dev_tt_ws/install/ros2_data/include/ros2_data/action/detail/move_xyzw__rosidl_typesupport_introspection_cpp.hpp
[1.728s] -- Up-to-date symlink: /home/hunajpu/dev_tt_ws/install/ros2_data/include/ros2_data/action/detail/move_ypr__rosidl_typesupport_introspection_cpp.hpp
[1.729s] -- Up-to-date symlink: /home/hunajpu/dev_tt_ws/install/ros2_data/include/ros2_data/msg/detail/joint_pose__rosidl_typesupport_introspection_cpp.hpp
[1.729s] -- Up-to-date symlink: /home/hunajpu/dev_tt_ws/install/ros2_data/include/ros2_data/msg/detail/joint_pose_panda__rosidl_typesupport_introspection_cpp.hpp
[1.729s] -- Up-to-date symlink: /home/hunajpu/dev_tt_ws/install/ros2_data/include/ros2_data/srv/detail/gripper_pose__rosidl_typesupport_introspection_cpp.hpp
[1.729s] -- Up-to-date symlink: /home/hunajpu/dev_tt_ws/install/ros2_data/include/ros2_data/srv/detail/joint_pose__rosidl_typesupport_introspection_cpp.hpp
[1.729s] -- Up-to-date symlink: /home/hunajpu/dev_tt_ws/install/ros2_data/share/ros2_data/environment/pythonpath.sh
[1.729s] -- Up-to-date symlink: /home/hunajpu/dev_tt_ws/install/ros2_data/share/ros2_data/environment/pythonpath.dsv
[1.730s] -- Up-to-date symlink: /home/hunajpu/dev_tt_ws/install/ros2_data/lib/python3.8/site-packages/ros2_data/__init__.py
[1.730s] -- Up-to-date symlink: /home/hunajpu/dev_tt_ws/install/ros2_data/lib/python3.8/site-packages/ros2_data/msg/__init__.py
[1.730s] -- Up-to-date symlink: /home/hunajpu/dev_tt_ws/install/ros2_data/lib/python3.8/site-packages/ros2_data/msg/_joint_pose.py
[1.730s] -- Up-to-date symlink: /home/hunajpu/dev_tt_ws/install/ros2_data/lib/python3.8/site-packages/ros2_data/msg/_joint_pose_panda.py
[1.730s] -- Up-to-date symlink: /home/hunajpu/dev_tt_ws/install/ros2_data/lib/python3.8/site-packages/ros2_data/srv/__init__.py
[1.732s] -- Up-to-date symlink: /home/hunajpu/dev_tt_ws/install/ros2_data/lib/python3.8/site-packages/ros2_data/srv/_gripper_pose.py
[1.732s] -- Up-to-date symlink: /home/hunajpu/dev_tt_ws/install/ros2_data/lib/python3.8/site-packages/ros2_data/srv/_joint_pose.py
[1.735s] -- Up-to-date symlink: /home/hunajpu/dev_tt_ws/install/ros2_data/lib/python3.8/site-packages/ros2_data/action/__init__.py
[1.736s] -- Up-to-date symlink: /home/hunajpu/dev_tt_ws/install/ros2_data/lib/python3.8/site-packages/ros2_data/action/_move_g.py
[1.736s] -- Up-to-date symlink: /home/hunajpu/dev_tt_ws/install/ros2_data/lib/python3.8/site-packages/ros2_data/action/_move_j.py
[1.737s] -- Up-to-date symlink: /home/hunajpu/dev_tt_ws/install/ros2_data/lib/python3.8/site-packages/ros2_data/action/_move_jpanda.py
[1.737s] -- Up-to-date symlink: /home/hunajpu/dev_tt_ws/install/ros2_data/lib/python3.8/site-packages/ros2_data/action/_move_l.py
[1.739s] -- Up-to-date symlink: /home/hunajpu/dev_tt_ws/install/ros2_data/lib/python3.8/site-packages/ros2_data/action/_move_r.py
[1.740s] -- Up-to-date symlink: /home/hunajpu/dev_tt_ws/install/ros2_data/lib/python3.8/site-packages/ros2_data/action/_move_xyz.py
[1.740s] -- Up-to-date symlink: /home/hunajpu/dev_tt_ws/install/ros2_data/lib/python3.8/site-packages/ros2_data/action/_move_xyzw.py
[1.741s] -- Up-to-date symlink: /home/hunajpu/dev_tt_ws/install/ros2_data/lib/python3.8/site-packages/ros2_data/action/_move_ypr.py
[1.742s] -- Up-to-date symlink: /home/hunajpu/dev_tt_ws/install/ros2_data/lib/python3.8/site-packages/ros2_data/ros2_data_s__rosidl_typesupport_fastrtps_c.cpython-38-x86_64-linux-gnu.so
[1.743s] -- Up-to-date symlink: /home/hunajpu/dev_tt_ws/install/ros2_data/lib/python3.8/site-packages/ros2_data/ros2_data_s__rosidl_typesupport_introspection_c.cpython-38-x86_64-linux-gnu.so
[1.749s] -- Up-to-date symlink: /home/hunajpu/dev_tt_ws/install/ros2_data/lib/python3.8/site-packages/ros2_data/ros2_data_s__rosidl_typesupport_c.cpython-38-x86_64-linux-gnu.so
[1.749s] -- Up-to-date symlink: /home/hunajpu/dev_tt_ws/install/ros2_data/lib/libros2_data__python.so
[1.749s] -- Up-to-date symlink: /home/hunajpu/dev_tt_ws/install/ros2_data/share/ros2_data/msg/JointPose.idl
[1.750s] -- Up-to-date symlink: /home/hunajpu/dev_tt_ws/install/ros2_data/share/ros2_data/msg/JointPosePanda.idl
[1.757s] -- Up-to-date symlink: /home/hunajpu/dev_tt_ws/install/ros2_data/share/ros2_data/srv/JointPose.idl
[1.758s] -- Up-to-date symlink: /home/hunajpu/dev_tt_ws/install/ros2_data/share/ros2_data/srv/GripperPose.idl
[1.758s] -- Up-to-date symlink: /home/hunajpu/dev_tt_ws/install/ros2_data/share/ros2_data/action/MoveJ.idl
[1.759s] -- Up-to-date symlink: /home/hunajpu/dev_tt_ws/install/ros2_data/share/ros2_data/action/MoveJpanda.idl
[1.759s] -- Up-to-date symlink: /home/hunajpu/dev_tt_ws/install/ros2_data/share/ros2_data/action/MoveG.idl
[1.760s] -- Up-to-date symlink: /home/hunajpu/dev_tt_ws/install/ros2_data/share/ros2_data/action/MoveXYZW.idl
[1.761s] -- Up-to-date symlink: /home/hunajpu/dev_tt_ws/install/ros2_data/share/ros2_data/action/MoveL.idl
[1.761s] -- Up-to-date symlink: /home/hunajpu/dev_tt_ws/install/ros2_data/share/ros2_data/action/MoveR.idl
[1.762s] -- Up-to-date symlink: /home/hunajpu/dev_tt_ws/install/ros2_data/share/ros2_data/action/MoveXYZ.idl
[1.762s] -- Up-to-date symlink: /home/hunajpu/dev_tt_ws/install/ros2_data/share/ros2_data/action/MoveYPR.idl
[1.763s] -- Up-to-date symlink: /home/hunajpu/dev_tt_ws/install/ros2_data/share/ros2_data/msg/JointPose.msg
[1.763s] -- Up-to-date symlink: /home/hunajpu/dev_tt_ws/install/ros2_data/share/ros2_data/msg/JointPosePanda.msg
[1.764s] -- Up-to-date symlink: /home/hunajpu/dev_tt_ws/install/ros2_data/share/ros2_data/srv/JointPose.srv
[1.765s] -- Up-to-date symlink: /home/hunajpu/dev_tt_ws/install/ros2_data/share/ros2_data/srv/JointPose_Request.msg
[1.769s] -- Up-to-date symlink: /home/hunajpu/dev_tt_ws/install/ros2_data/share/ros2_data/srv/JointPose_Response.msg
[1.775s] -- Up-to-date symlink: /home/hunajpu/dev_tt_ws/install/ros2_data/share/ros2_data/srv/GripperPose.srv
[1.776s] -- Up-to-date symlink: /home/hunajpu/dev_tt_ws/install/ros2_data/share/ros2_data/srv/GripperPose_Request.msg
[1.777s] -- Up-to-date symlink: /home/hunajpu/dev_tt_ws/install/ros2_data/share/ros2_data/srv/GripperPose_Response.msg
[1.777s] -- Up-to-date symlink: /home/hunajpu/dev_tt_ws/install/ros2_data/share/ros2_data/action/MoveJ.action
[1.777s] -- Up-to-date symlink: /home/hunajpu/dev_tt_ws/install/ros2_data/share/ros2_data/action/MoveJpanda.action
[1.778s] -- Up-to-date symlink: /home/hunajpu/dev_tt_ws/install/ros2_data/share/ros2_data/action/MoveG.action
[1.778s] -- Up-to-date symlink: /home/hunajpu/dev_tt_ws/install/ros2_data/share/ros2_data/action/MoveXYZW.action
[1.779s] -- Up-to-date symlink: /home/hunajpu/dev_tt_ws/install/ros2_data/share/ros2_data/action/MoveL.action
[1.781s] -- Up-to-date symlink: /home/hunajpu/dev_tt_ws/install/ros2_data/share/ros2_data/action/MoveR.action
[1.783s] -- Up-to-date symlink: /home/hunajpu/dev_tt_ws/install/ros2_data/share/ros2_data/action/MoveXYZ.action
[1.785s] -- Up-to-date symlink: /home/hunajpu/dev_tt_ws/install/ros2_data/share/ros2_data/action/MoveYPR.action
[1.792s] -- Up-to-date symlink: /home/hunajpu/dev_tt_ws/install/ros2_data/lib/ros2_data/ros2-data
[1.793s] -- Up-to-date symlink: /home/hunajpu/dev_tt_ws/install/ros2_data/share/ros2_data//launch/ros2_data.launch.py
[1.793s] -- Up-to-date symlink: /home/hunajpu/dev_tt_ws/install/ros2_data/share/ament_index/resource_index/package_run_dependencies/ros2_data
[1.794s] -- Up-to-date symlink: /home/hunajpu/dev_tt_ws/install/ros2_data/share/ament_index/resource_index/parent_prefix_path/ros2_data
[1.794s] -- Up-to-date symlink: /home/hunajpu/dev_tt_ws/install/ros2_data/share/ros2_data/environment/ament_prefix_path.sh
[1.794s] -- Up-to-date symlink: /home/hunajpu/dev_tt_ws/install/ros2_data/share/ros2_data/environment/ament_prefix_path.dsv
[1.794s] -- Up-to-date symlink: /home/hunajpu/dev_tt_ws/install/ros2_data/share/ros2_data/environment/path.sh
[1.794s] -- Up-to-date symlink: /home/hunajpu/dev_tt_ws/install/ros2_data/share/ros2_data/environment/path.dsv
[1.794s] -- Up-to-date symlink: /home/hunajpu/dev_tt_ws/install/ros2_data/share/ros2_data/local_setup.bash
[1.795s] -- Up-to-date symlink: /home/hunajpu/dev_tt_ws/install/ros2_data/share/ros2_data/local_setup.sh
[1.795s] -- Up-to-date symlink: /home/hunajpu/dev_tt_ws/install/ros2_data/share/ros2_data/local_setup.zsh
[1.795s] -- Up-to-date symlink: /home/hunajpu/dev_tt_ws/install/ros2_data/share/ros2_data/local_setup.dsv
[1.795s] -- Symlinking: /home/hunajpu/dev_tt_ws/install/ros2_data/share/ros2_data/package.dsv
[1.800s] -- Up-to-date symlink: /home/hunajpu/dev_tt_ws/install/ros2_data/share/ament_index/resource_index/packages/ros2_data
[1.801s] -- Up-to-date symlink: /home/hunajpu/dev_tt_ws/install/ros2_data/share/ros2_data/cmake/rosidl_cmake-extras.cmake
[1.801s] -- Up-to-date symlink: /home/hunajpu/dev_tt_ws/install/ros2_data/share/ros2_data/cmake/ament_cmake_export_dependencies-extras.cmake
[1.802s] -- Up-to-date symlink: /home/hunajpu/dev_tt_ws/install/ros2_data/share/ros2_data/cmake/ament_cmake_export_libraries-extras.cmake
[1.804s] -- Up-to-date symlink: /home/hunajpu/dev_tt_ws/install/ros2_data/share/ros2_data/cmake/ament_cmake_export_targets-extras.cmake
[1.805s] -- Up-to-date symlink: /home/hunajpu/dev_tt_ws/install/ros2_data/share/ros2_data/cmake/ament_cmake_export_include_directories-extras.cmake
[1.809s] -- Up-to-date symlink: /home/hunajpu/dev_tt_ws/install/ros2_data/share/ros2_data/cmake/rosidl_cmake_export_typesupport_libraries-extras.cmake
[1.811s] -- Up-to-date symlink: /home/hunajpu/dev_tt_ws/install/ros2_data/share/ros2_data/cmake/rosidl_cmake_export_typesupport_targets-extras.cmake
[1.813s] -- Up-to-date symlink: /home/hunajpu/dev_tt_ws/install/ros2_data/share/ros2_data/cmake/ros2_dataConfig.cmake
[1.814s] -- Up-to-date symlink: /home/hunajpu/dev_tt_ws/install/ros2_data/share/ros2_data/cmake/ros2_dataConfig-version.cmake
[1.815s] -- Up-to-date symlink: /home/hunajpu/dev_tt_ws/install/ros2_data/share/ros2_data/package.xml
[1.819s] -- Up-to-date: /home/hunajpu/dev_tt_ws/install/ros2_data/lib/libros2_data__rosidl_generator_c.so
[1.825s] -- Up-to-date: /home/hunajpu/dev_tt_ws/install/ros2_data/lib/libros2_data__rosidl_typesupport_introspection_c.so
[1.826s] -- Up-to-date: /home/hunajpu/dev_tt_ws/install/ros2_data/lib/libros2_data__rosidl_typesupport_c.so
[1.829s] -- Up-to-date: /home/hunajpu/dev_tt_ws/install/ros2_data/lib/libros2_data__rosidl_typesupport_introspection_cpp.so
[1.830s] -- Up-to-date: /home/hunajpu/dev_tt_ws/install/ros2_data/lib/libros2_data__rosidl_typesupport_cpp.so
[1.939s] -- Up-to-date: /home/hunajpu/dev_tt_ws/install/ros2_data/share/ros2_data/cmake/ros2_data__rosidl_generator_cExport.cmake
[1.939s] -- Up-to-date: /home/hunajpu/dev_tt_ws/install/ros2_data/share/ros2_data/cmake/ros2_data__rosidl_generator_cExport-debug.cmake
[1.939s] -- Up-to-date: /home/hunajpu/dev_tt_ws/install/ros2_data/share/ros2_data/cmake/ros2_data__rosidl_typesupport_introspection_cExport.cmake
[1.940s] -- Up-to-date: /home/hunajpu/dev_tt_ws/install/ros2_data/share/ros2_data/cmake/ros2_data__rosidl_typesupport_introspection_cExport-debug.cmake
[1.944s] -- Up-to-date: /home/hunajpu/dev_tt_ws/install/ros2_data/share/ros2_data/cmake/ros2_data__rosidl_typesupport_cExport.cmake
[1.944s] -- Up-to-date: /home/hunajpu/dev_tt_ws/install/ros2_data/share/ros2_data/cmake/ros2_data__rosidl_typesupport_cExport-debug.cmake
[1.945s] -- Up-to-date: /home/hunajpu/dev_tt_ws/install/ros2_data/share/ros2_data/cmake/ros2_data__rosidl_generator_cppExport.cmake
[1.946s] -- Up-to-date: /home/hunajpu/dev_tt_ws/install/ros2_data/share/ros2_data/cmake/ros2_data__rosidl_typesupport_introspection_cppExport.cmake
[1.947s] -- Up-to-date: /home/hunajpu/dev_tt_ws/install/ros2_data/share/ros2_data/cmake/ros2_data__rosidl_typesupport_introspection_cppExport-debug.cmake
[1.948s] -- Up-to-date: /home/hunajpu/dev_tt_ws/install/ros2_data/share/ros2_data/cmake/ros2_data__rosidl_typesupport_cppExport.cmake
[1.948s] -- Up-to-date: /home/hunajpu/dev_tt_ws/install/ros2_data/share/ros2_data/cmake/ros2_data__rosidl_typesupport_cppExport-debug.cmake
[2.020s] Invoked command in '/home/hunajpu/dev_tt_ws/build/ros2_data' returned '0': CMAKE_PREFIX_PATH=${CMAKE_PREFIX_PATH}:/opt/ros/foxy /usr/bin/cmake --install /home/hunajpu/dev_tt_ws/build/ros2_data
