[0.212s] Invoking command in '/home/hunajpu/dev_tt_ws/build/cobots_axis_gui': CMAKE_PREFIX_PATH=${CMAKE_PREFIX_PATH}:/opt/ros/foxy /usr/bin/cmake /home/hunajpu/dev_tt_ws/src/cobots_7thaxis/cobots_axis_gui -DCMAKE_INSTALL_PREFIX=/home/hunajpu/dev_tt_ws/install/cobots_axis_gui
[0.244s] -- Found ament_cmake: 0.9.9 (/opt/ros/foxy/share/ament_cmake/cmake)
[0.331s] -- Using PYTHON_EXECUTABLE: /usr/bin/python3
[0.862s] -- Found rclcpp: 2.4.1 (/opt/ros/foxy/share/rclcpp/cmake)
[0.959s] -- Using all available rosidl_typesupport_c: rosidl_typesupport_fastrtps_c;rosidl_typesupport_introspection_c
[0.971s] -- Found rosidl_adapter: 1.2.1 (/opt/ros/foxy/share/rosidl_adapter/cmake)
[1.361s] -- Using all available rosidl_typesupport_cpp: rosidl_typesupport_fastrtps_cpp;rosidl_typesupport_introspection_cpp
[2.145s] -- Found rmw_implementation_cmake: 1.0.3 (/opt/ros/foxy/share/rmw_implementation_cmake/cmake)
[2.165s] -- Using RMW implementation 'rmw_fastrtps_cpp' as default
[4.777s] -- Found ament_cmake_ros: 0.9.2 (/opt/ros/foxy/share/ament_cmake_ros/cmake)
[4.798s] -- Found rqt_gui_cpp: 1.1.2 (/opt/ros/foxy/share/rqt_gui_cpp/cmake)
[5.619s] -- Found ament_lint_auto: 0.9.6 (/opt/ros/foxy/share/ament_lint_auto/cmake)
[6.384s] -- Added test 'copyright' to check source files copyright and LICENSE
[6.385s] -- Added test 'flake8' to check Python code syntax and style conventions
[6.386s] -- Added test 'lint_cmake' to check CMake code style
[6.399s] -- Added test 'pep257' to check Python code against some of the style conventions in PEP 257
[6.400s] -- Added test 'xmllint' to check XML markup files
[6.418s] -- Configuring done
[6.422s] CMake Error at CMakeLists.txt:70 (add_library):
[6.423s]   Cannot find source file:
[6.423s] 
[6.424s]     src/cobot_7thaxis.cpp
[6.424s] 
[6.428s]   Tried extensions .c .C .c++ .cc .cpp .cxx .cu .m .M .mm .h .hh .h++ .hm
[6.429s]   .hpp .hxx .in .txx
[6.429s] 
[6.430s] 
[6.437s] CMake Error at CMakeLists.txt:70 (add_library):
[6.438s]   No SOURCES given to target: cobot_7thaxis
[6.438s] 
[6.440s] 
[6.441s] CMake Generate step failed.  Build files cannot be regenerated correctly.
[6.530s] Invoked command in '/home/hunajpu/dev_tt_ws/build/cobots_axis_gui' returned '1': CMAKE_PREFIX_PATH=${CMAKE_PREFIX_PATH}:/opt/ros/foxy /usr/bin/cmake /home/hunajpu/dev_tt_ws/src/cobots_7thaxis/cobots_axis_gui -DCMAKE_INSTALL_PREFIX=/home/hunajpu/dev_tt_ws/install/cobots_axis_gui
