/home/hunajpu/dev_tt_ws/src/gazebo_ros_demos/rrbot_moveit_demo_nodes/src/run_moveit_cpp.cpp:91:44: warning: 'moveit::planning_interface::MoveItCppPtr' is deprecated: use moveit_cpp [-Wdeprecated-declarations]
   91 |   moveit::planning_interface::MoveItCppPtr moveit_cpp_;
      |                                            ^~~~~~~~~~~
In file included from /opt/ros/foxy/include/moveit/macros/class_forward.h:39,
                 from /opt/ros/foxy/include/moveit/planning_scene_monitor/planning_scene_monitor.h:42,
                 from /opt/ros/foxy/include/moveit/moveit_cpp/moveit_cpp.h:43,
                 from /home/hunajpu/dev_tt_ws/src/gazebo_ros_demos/rrbot_moveit_demo_nodes/src/run_moveit_cpp.cpp:43:
/opt/ros/foxy/include/moveit/moveit_cpp/moveit_cpp.h:199:34: note: declared here
  199 | [[deprecated("use moveit_cpp")]] MOVEIT_DECLARE_PTR(MoveItCpp, moveit_cpp::MoveItCpp);
      |                                  ^~~~~~~~~~~~~~~~~~
/home/hunajpu/dev_tt_ws/src/gazebo_ros_demos/rrbot_moveit_demo_nodes/src/run_moveit_cpp.cpp: In member function 'void MoveItCppDemo::run()':
/home/hunajpu/dev_tt_ws/src/gazebo_ros_demos/rrbot_moveit_demo_nodes/src/run_moveit_cpp.cpp:63:64: warning: 'using MoveItCpp = class moveit_cpp::MoveItCpp' is deprecated: use moveit_cpp [-Wdeprecated-declarations]
   63 |     moveit_cpp_ = std::make_shared<moveit::planning_interface::MoveItCpp>(node_);
      |                                                                ^~~~~~~~~
In file included from /home/hunajpu/dev_tt_ws/src/gazebo_ros_demos/rrbot_moveit_demo_nodes/src/run_moveit_cpp.cpp:43:
/opt/ros/foxy/include/moveit/moveit_cpp/moveit_cpp.h:198:7: note: declared here
  198 | using MoveItCpp [[deprecated("use moveit_cpp")]] = moveit_cpp::MoveItCpp;
      |       ^~~~~~~~~
/home/hunajpu/dev_tt_ws/src/gazebo_ros_demos/rrbot_moveit_demo_nodes/src/run_moveit_cpp.cpp:68:54: warning: 'using PlanningComponent = class moveit_cpp::PlanningComponent' is deprecated: use moveit_cpp [-Wdeprecated-declarations]
   68 |     moveit::planning_interface::PlanningComponent arm("rrbot_arm", moveit_cpp_);
      |                                                      ^
In file included from /home/hunajpu/dev_tt_ws/src/gazebo_ros_demos/rrbot_moveit_demo_nodes/src/run_moveit_cpp.cpp:44:
/opt/ros/foxy/include/moveit/moveit_cpp/planning_component.h:235:7: note: declared here
  235 | using PlanningComponent [[deprecated("use moveit_cpp")]] = moveit_cpp::PlanningComponent;
      |       ^~~~~~~~~~~~~~~~~
