-- Found ament_cmake: 0.9.9 (/opt/ros/foxy/share/ament_cmake/cmake)
-- Using PYTHON_EXECUTABLE: /usr/bin/python3
-- Override CMake install command with custom implementation using symlinks instead of copying resources
-- Found ament_lint_auto: 0.9.6 (/opt/ros/foxy/share/ament_lint_auto/cmake)
-- Found moveit_ros_planning_interface: 2.2.3 (/opt/ros/foxy/share/moveit_ros_planning_interface/cmake)
-- Found Boost: /usr/lib/x86_64-linux-gnu/cmake/Boost-1.71.0/BoostConfig.cmake (found version "1.71.0")  
-- Found Boost: /usr/lib/x86_64-linux-gnu/cmake/Boost-1.71.0/BoostConfig.cmake (found version "1.71.0") found components: date_time filesystem program_options system thread 
-- Using all available rosidl_typesupport_c: rosidl_typesupport_fastrtps_c;rosidl_typesupport_introspection_c
-- Found rosidl_adapter: 1.2.1 (/opt/ros/foxy/share/rosidl_adapter/cmake)
-- Using all available rosidl_typesupport_cpp: rosidl_typesupport_fastrtps_cpp;rosidl_typesupport_introspection_cpp
-- Found Boost: /usr/lib/x86_64-linux-gnu/cmake/Boost-1.71.0/BoostConfig.cmake (found version "1.71.0") found components: chrono date_time filesystem iostreams program_options regex serialization system thread 
-- Found Boost: /usr/lib/x86_64-linux-gnu/cmake/Boost-1.71.0/BoostConfig.cmake (found version "1.71.0") found components: filesystem 
-- Found rmw_implementation_cmake: 1.0.3 (/opt/ros/foxy/share/rmw_implementation_cmake/cmake)
-- Using RMW implementation 'rmw_fastrtps_cpp' as default
-- library: /usr/lib/x86_64-linux-gnu/libcurl.so
-- Found Boost: /usr/lib/x86_64-linux-gnu/cmake/Boost-1.71.0/BoostConfig.cmake (found version "1.71.0") found components: system filesystem date_time program_options thread chrono 
-- Found Boost: /usr/lib/x86_64-linux-gnu/cmake/Boost-1.71.0/BoostConfig.cmake (found version "1.71.0") found components: thread 
-- Found Boost: /usr/lib/x86_64-linux-gnu/cmake/Boost-1.71.0/BoostConfig.cmake (found version "1.71.0") found components: thread system filesystem regex date_time program_options 
-- Found Boost: /usr/lib/x86_64-linux-gnu/cmake/Boost-1.71.0/BoostConfig.cmake (found version "1.71.0") found components: system filesystem date_time program_options thread 
-- Found ros2_data: 0.0.0 (/home/hunajpu/dev_tt_ws/install/ros2_data/share/ros2_data/cmake)
-- Added test 'copyright' to check source files copyright and LICENSE
-- Added test 'cppcheck' to perform static code analysis on C / C++ code
-- Configured cppcheck include dirs: $<BUILD_INTERFACE:/home/hunajpu/dev_tt_ws/src/ros2_RobotSimulation/ABBRobots/IRB120/irb120egp64_ros2_moveit2/include>
-- Configured cppcheck exclude dirs and/or files: 
-- Added test 'cpplint' to check C / C++ code against the Google style
-- Configured cpplint exclude dirs and/or files: 
-- Added test 'flake8' to check Python code syntax and style conventions
-- Added test 'lint_cmake' to check CMake code style
-- Added test 'pep257' to check Python code against some of the style conventions in PEP 257
-- Added test 'uncrustify' to check C / C++ code style
-- Configured uncrustify additional arguments: 
-- Added test 'xmllint' to check XML markup files
-- Configuring done
-- Generating done
-- Build files have been written to: /home/hunajpu/dev_tt_ws/build/irb120egp64_ros2_moveit2
[ 11%] Built target moveG_service
[ 22%] Built target moveJ_service
[ 33%] Built target moveL_action
[ 44%] Built target moveG_action
[ 55%] Built target moveXYZ_action
[ 66%] Built target moveJ_action
[ 77%] Built target moveXYZW_action
[ 88%] Built target moveR_action
[100%] Built target moveYPR_action
-- Install configuration: "Debug"
-- Execute custom install script
-- Up-to-date symlink: /home/hunajpu/dev_tt_ws/install/irb120egp64_ros2_moveit2/share/irb120egp64_ros2_moveit2/config/irb120egp64.srdf
-- Up-to-date symlink: /home/hunajpu/dev_tt_ws/install/irb120egp64_ros2_moveit2/share/irb120egp64_ros2_moveit2/config/irb120egp64_controllers.yaml
-- Up-to-date symlink: /home/hunajpu/dev_tt_ws/install/irb120egp64_ros2_moveit2/share/irb120egp64_ros2_moveit2/config/kinematics.yaml
-- Up-to-date symlink: /home/hunajpu/dev_tt_ws/install/irb120egp64_ros2_moveit2/share/irb120egp64_ros2_moveit2/config/ompl_planning.yaml
-- Up-to-date symlink: /home/hunajpu/dev_tt_ws/install/irb120egp64_ros2_moveit2/share/irb120egp64_ros2_moveit2/launch/irb120egp64.launch.py
-- Up-to-date symlink: /home/hunajpu/dev_tt_ws/install/irb120egp64_ros2_moveit2/share/irb120egp64_ros2_moveit2/launch/irb120egp64_interface.launch.py
-- Up-to-date symlink: /home/hunajpu/dev_tt_ws/install/irb120egp64_ros2_moveit2/share/irb120egp64_ros2_moveit2/launch/irb120egp64_moveit2.rviz
-- Up-to-date symlink: /home/hunajpu/dev_tt_ws/install/irb120egp64_ros2_moveit2/lib/irb120egp64_ros2_moveit2/moveJ_service
-- Up-to-date symlink: /home/hunajpu/dev_tt_ws/install/irb120egp64_ros2_moveit2/lib/irb120egp64_ros2_moveit2/moveG_service
-- Up-to-date symlink: /home/hunajpu/dev_tt_ws/install/irb120egp64_ros2_moveit2/lib/irb120egp64_ros2_moveit2/moveJ_action
-- Up-to-date symlink: /home/hunajpu/dev_tt_ws/install/irb120egp64_ros2_moveit2/lib/irb120egp64_ros2_moveit2/moveG_action
-- Up-to-date symlink: /home/hunajpu/dev_tt_ws/install/irb120egp64_ros2_moveit2/lib/irb120egp64_ros2_moveit2/moveXYZW_action
-- Up-to-date symlink: /home/hunajpu/dev_tt_ws/install/irb120egp64_ros2_moveit2/lib/irb120egp64_ros2_moveit2/moveL_action
-- Up-to-date symlink: /home/hunajpu/dev_tt_ws/install/irb120egp64_ros2_moveit2/lib/irb120egp64_ros2_moveit2/moveR_action
-- Up-to-date symlink: /home/hunajpu/dev_tt_ws/install/irb120egp64_ros2_moveit2/lib/irb120egp64_ros2_moveit2/moveXYZ_action
-- Up-to-date symlink: /home/hunajpu/dev_tt_ws/install/irb120egp64_ros2_moveit2/lib/irb120egp64_ros2_moveit2/moveYPR_action
-- Up-to-date symlink: /home/hunajpu/dev_tt_ws/install/irb120egp64_ros2_moveit2/share/ament_index/resource_index/package_run_dependencies/irb120egp64_ros2_moveit2
-- Up-to-date symlink: /home/hunajpu/dev_tt_ws/install/irb120egp64_ros2_moveit2/share/ament_index/resource_index/parent_prefix_path/irb120egp64_ros2_moveit2
-- Up-to-date symlink: /home/hunajpu/dev_tt_ws/install/irb120egp64_ros2_moveit2/share/irb120egp64_ros2_moveit2/environment/ament_prefix_path.sh
-- Up-to-date symlink: /home/hunajpu/dev_tt_ws/install/irb120egp64_ros2_moveit2/share/irb120egp64_ros2_moveit2/environment/ament_prefix_path.dsv
-- Up-to-date symlink: /home/hunajpu/dev_tt_ws/install/irb120egp64_ros2_moveit2/share/irb120egp64_ros2_moveit2/environment/path.sh
-- Up-to-date symlink: /home/hunajpu/dev_tt_ws/install/irb120egp64_ros2_moveit2/share/irb120egp64_ros2_moveit2/environment/path.dsv
-- Up-to-date symlink: /home/hunajpu/dev_tt_ws/install/irb120egp64_ros2_moveit2/share/irb120egp64_ros2_moveit2/local_setup.bash
-- Up-to-date symlink: /home/hunajpu/dev_tt_ws/install/irb120egp64_ros2_moveit2/share/irb120egp64_ros2_moveit2/local_setup.sh
-- Up-to-date symlink: /home/hunajpu/dev_tt_ws/install/irb120egp64_ros2_moveit2/share/irb120egp64_ros2_moveit2/local_setup.zsh
-- Up-to-date symlink: /home/hunajpu/dev_tt_ws/install/irb120egp64_ros2_moveit2/share/irb120egp64_ros2_moveit2/local_setup.dsv
-- Symlinking: /home/hunajpu/dev_tt_ws/install/irb120egp64_ros2_moveit2/share/irb120egp64_ros2_moveit2/package.dsv
-- Up-to-date symlink: /home/hunajpu/dev_tt_ws/install/irb120egp64_ros2_moveit2/share/ament_index/resource_index/packages/irb120egp64_ros2_moveit2
-- Up-to-date symlink: /home/hunajpu/dev_tt_ws/install/irb120egp64_ros2_moveit2/share/irb120egp64_ros2_moveit2/cmake/irb120egp64_ros2_moveit2Config.cmake
-- Up-to-date symlink: /home/hunajpu/dev_tt_ws/install/irb120egp64_ros2_moveit2/share/irb120egp64_ros2_moveit2/cmake/irb120egp64_ros2_moveit2Config-version.cmake
-- Up-to-date symlink: /home/hunajpu/dev_tt_ws/install/irb120egp64_ros2_moveit2/share/irb120egp64_ros2_moveit2/package.xml
