[0.230s] Invoking command in '/home/hunajpu/dev_tt_ws/build/ur5_ros2_moveit2': AMENT_PREFIX_PATH=/home/hunajpu/dev_tt_ws/install/ros2_data CMAKE_PREFIX_PATH=/home/hunajpu/dev_tt_ws/install/ros2_data LD_LIBRARY_PATH=/home/hunajpu/dev_tt_ws/install/ros2_data/lib PYTHONPATH=/home/hunajpu/dev_tt_ws/install/ros2_data/lib/python3.8/site-packages /usr/bin/cmake --build /home/hunajpu/dev_tt_ws/build/ur5_ros2_moveit2 -- -j8 -l8
[0.598s] [ 16%] Built target moveXYZ_action
[0.607s] [ 33%] Built target moveJ_action
[0.611s] [ 50%] Built target moveL_action
[0.621s] [ 66%] Built target moveYPR_action
[0.630s] [ 83%] Built target moveXYZW_action
[0.653s] [100%] Built target moveR_action
[0.669s] Invoked command in '/home/hunajpu/dev_tt_ws/build/ur5_ros2_moveit2' returned '0': AMENT_PREFIX_PATH=/home/hunajpu/dev_tt_ws/install/ros2_data CMAKE_PREFIX_PATH=/home/hunajpu/dev_tt_ws/install/ros2_data LD_LIBRARY_PATH=/home/hunajpu/dev_tt_ws/install/ros2_data/lib PYTHONPATH=/home/hunajpu/dev_tt_ws/install/ros2_data/lib/python3.8/site-packages /usr/bin/cmake --build /home/hunajpu/dev_tt_ws/build/ur5_ros2_moveit2 -- -j8 -l8
[0.740s] Invoking command in '/home/hunajpu/dev_tt_ws/build/ur5_ros2_moveit2': AMENT_PREFIX_PATH=/home/hunajpu/dev_tt_ws/install/ros2_data CMAKE_PREFIX_PATH=/home/hunajpu/dev_tt_ws/install/ros2_data LD_LIBRARY_PATH=/home/hunajpu/dev_tt_ws/install/ros2_data/lib PYTHONPATH=/home/hunajpu/dev_tt_ws/install/ros2_data/lib/python3.8/site-packages /usr/bin/cmake --install /home/hunajpu/dev_tt_ws/build/ur5_ros2_moveit2
[0.759s] -- Install configuration: "Debug"
[0.760s] -- Execute custom install script
[0.760s] -- Up-to-date symlink: /home/hunajpu/dev_tt_ws/install/ur5_ros2_moveit2/share/ur5_ros2_moveit2/config/chomp_planning.yaml
[0.760s] -- Up-to-date symlink: /home/hunajpu/dev_tt_ws/install/ur5_ros2_moveit2/share/ur5_ros2_moveit2/config/kinematics.yaml
[0.761s] -- Up-to-date symlink: /home/hunajpu/dev_tt_ws/install/ur5_ros2_moveit2/share/ur5_ros2_moveit2/config/ompl_planning.yaml
[0.761s] -- Up-to-date symlink: /home/hunajpu/dev_tt_ws/install/ur5_ros2_moveit2/share/ur5_ros2_moveit2/config/ur5.srdf
[0.761s] -- Up-to-date symlink: /home/hunajpu/dev_tt_ws/install/ur5_ros2_moveit2/share/ur5_ros2_moveit2/config/ur5_controllers.yaml
[0.763s] -- Up-to-date symlink: /home/hunajpu/dev_tt_ws/install/ur5_ros2_moveit2/share/ur5_ros2_moveit2/launch/ur5.launch.py
[0.764s] -- Up-to-date symlink: /home/hunajpu/dev_tt_ws/install/ur5_ros2_moveit2/share/ur5_ros2_moveit2/launch/ur5_interface.launch.py
[0.764s] -- Up-to-date symlink: /home/hunajpu/dev_tt_ws/install/ur5_ros2_moveit2/share/ur5_ros2_moveit2/launch/ur5_moveit2.rviz
[0.765s] -- Up-to-date symlink: /home/hunajpu/dev_tt_ws/install/ur5_ros2_moveit2/share/ur5_ros2_moveit2/launch/ur5_moveit2_empty.rviz
[0.768s] -- Up-to-date symlink: /home/hunajpu/dev_tt_ws/install/ur5_ros2_moveit2/lib/ur5_ros2_moveit2/moveJ_action
[0.768s] -- Up-to-date symlink: /home/hunajpu/dev_tt_ws/install/ur5_ros2_moveit2/lib/ur5_ros2_moveit2/moveXYZW_action
[0.768s] -- Up-to-date symlink: /home/hunajpu/dev_tt_ws/install/ur5_ros2_moveit2/lib/ur5_ros2_moveit2/moveL_action
[0.772s] -- Up-to-date symlink: /home/hunajpu/dev_tt_ws/install/ur5_ros2_moveit2/lib/ur5_ros2_moveit2/moveR_action
[0.772s] -- Up-to-date symlink: /home/hunajpu/dev_tt_ws/install/ur5_ros2_moveit2/lib/ur5_ros2_moveit2/moveXYZ_action
[0.773s] -- Up-to-date symlink: /home/hunajpu/dev_tt_ws/install/ur5_ros2_moveit2/lib/ur5_ros2_moveit2/moveYPR_action
[0.773s] -- Up-to-date symlink: /home/hunajpu/dev_tt_ws/install/ur5_ros2_moveit2/share/ament_index/resource_index/package_run_dependencies/ur5_ros2_moveit2
[0.780s] -- Up-to-date symlink: /home/hunajpu/dev_tt_ws/install/ur5_ros2_moveit2/share/ament_index/resource_index/parent_prefix_path/ur5_ros2_moveit2
[0.780s] -- Up-to-date symlink: /home/hunajpu/dev_tt_ws/install/ur5_ros2_moveit2/share/ur5_ros2_moveit2/environment/ament_prefix_path.sh
[0.781s] -- Up-to-date symlink: /home/hunajpu/dev_tt_ws/install/ur5_ros2_moveit2/share/ur5_ros2_moveit2/environment/ament_prefix_path.dsv
[0.782s] -- Up-to-date symlink: /home/hunajpu/dev_tt_ws/install/ur5_ros2_moveit2/share/ur5_ros2_moveit2/environment/path.sh
[0.782s] -- Up-to-date symlink: /home/hunajpu/dev_tt_ws/install/ur5_ros2_moveit2/share/ur5_ros2_moveit2/environment/path.dsv
[0.782s] -- Up-to-date symlink: /home/hunajpu/dev_tt_ws/install/ur5_ros2_moveit2/share/ur5_ros2_moveit2/local_setup.bash
[0.783s] -- Up-to-date symlink: /home/hunajpu/dev_tt_ws/install/ur5_ros2_moveit2/share/ur5_ros2_moveit2/local_setup.sh
[0.784s] -- Up-to-date symlink: /home/hunajpu/dev_tt_ws/install/ur5_ros2_moveit2/share/ur5_ros2_moveit2/local_setup.zsh
[0.784s] -- Up-to-date symlink: /home/hunajpu/dev_tt_ws/install/ur5_ros2_moveit2/share/ur5_ros2_moveit2/local_setup.dsv
[0.784s] -- Symlinking: /home/hunajpu/dev_tt_ws/install/ur5_ros2_moveit2/share/ur5_ros2_moveit2/package.dsv
[0.794s] -- Up-to-date symlink: /home/hunajpu/dev_tt_ws/install/ur5_ros2_moveit2/share/ament_index/resource_index/packages/ur5_ros2_moveit2
[0.794s] -- Up-to-date symlink: /home/hunajpu/dev_tt_ws/install/ur5_ros2_moveit2/share/ur5_ros2_moveit2/cmake/ur5_ros2_moveit2Config.cmake
[0.794s] -- Up-to-date symlink: /home/hunajpu/dev_tt_ws/install/ur5_ros2_moveit2/share/ur5_ros2_moveit2/cmake/ur5_ros2_moveit2Config-version.cmake
[0.797s] -- Up-to-date symlink: /home/hunajpu/dev_tt_ws/install/ur5_ros2_moveit2/share/ur5_ros2_moveit2/package.xml
[0.808s] Invoked command in '/home/hunajpu/dev_tt_ws/build/ur5_ros2_moveit2' returned '0': AMENT_PREFIX_PATH=/home/hunajpu/dev_tt_ws/install/ros2_data CMAKE_PREFIX_PATH=/home/hunajpu/dev_tt_ws/install/ros2_data LD_LIBRARY_PATH=/home/hunajpu/dev_tt_ws/install/ros2_data/lib PYTHONPATH=/home/hunajpu/dev_tt_ws/install/ros2_data/lib/python3.8/site-packages /usr/bin/cmake --install /home/hunajpu/dev_tt_ws/build/ur5_ros2_moveit2
