[0.161s] Invoking command in '/home/hunajpu/dev_tt_ws/build/gazebo_ros2_control_demos': CMAKE_PREFIX_PATH=/home/hunajpu/dev_tt_ws/install/gazebo_ros2_control:/home/hunajpu/dev_tt_ws/install/ur3_ros2_moveit2:/home/hunajpu/dev_tt_ws/install/ur3_ros2_gazebo:/home/hunajpu/dev_tt_ws/install/rrbot_moveit_demo_nodes:/home/hunajpu/dev_tt_ws/install/rrbot_moveit_config:/home/hunajpu/dev_tt_ws/install/rrbot_gazebo:/home/hunajpu/dev_tt_ws/install/rrbot_description:/home/hunajpu/dev_tt_ws/install/rosbridge_test_msgs:/home/hunajpu/dev_tt_ws/install/rosbridge_suite:/home/hunajpu/dev_tt_ws/install/rosbridge_server:/home/hunajpu/dev_tt_ws/install/rosbridge_msgs:/home/hunajpu/dev_tt_ws/install/rosapi:/home/hunajpu/dev_tt_ws/install/rosbridge_library:/home/hunajpu/dev_tt_ws/install/rosapi_msgs:/home/hunajpu/dev_tt_ws/install/panda_ros2_moveit2:/home/hunajpu/dev_tt_ws/install/ros2_data:/home/hunajpu/dev_tt_ws/install/panda_ros2_gazebo:/home/hunajpu/dev_tt_ws/install/gazebo_ros2_control_demos:/home/hunajpu/dev_tt_ws/install/cobots_axis_gui:/home/hunajpu/dev_tt_ws/install/cobots_axis_driver:/opt/ros/foxy LD_LIBRARY_PATH=/home/hunajpu/dev_tt_ws/install/gazebo_ros2_control/lib:/home/hunajpu/dev_tt_ws/install/rosbridge_test_msgs/lib:/home/hunajpu/dev_tt_ws/install/rosbridge_msgs/lib:/home/hunajpu/dev_tt_ws/install/rosapi_msgs/lib:/home/hunajpu/dev_tt_ws/install/ros2_data/lib:/home/hunajpu/dev_tt_ws/install/cobots_axis_gui/lib:/usr/lib/x86_64-linux-gnu/gazebo-11/plugins:/opt/ros/foxy/opt/yaml_cpp_vendor/lib:/opt/ros/foxy/opt/rviz_ogre_vendor/lib:/opt/ros/foxy/lib/x86_64-linux-gnu:/opt/ros/foxy/lib /usr/bin/cmake --build /home/hunajpu/dev_tt_ws/build/gazebo_ros2_control_demos -- -j8 -l8
[0.345s] [ 20%] Built target example_gripper
[0.345s] [ 40%] Built target example_effort
[0.346s] [ 60%] Built target example_position
[0.353s] [ 80%] Built target example_diff_drive
[0.369s] [100%] Built target example_velocity
[0.398s] Invoked command in '/home/hunajpu/dev_tt_ws/build/gazebo_ros2_control_demos' returned '0': CMAKE_PREFIX_PATH=/home/hunajpu/dev_tt_ws/install/gazebo_ros2_control:/home/hunajpu/dev_tt_ws/install/ur3_ros2_moveit2:/home/hunajpu/dev_tt_ws/install/ur3_ros2_gazebo:/home/hunajpu/dev_tt_ws/install/rrbot_moveit_demo_nodes:/home/hunajpu/dev_tt_ws/install/rrbot_moveit_config:/home/hunajpu/dev_tt_ws/install/rrbot_gazebo:/home/hunajpu/dev_tt_ws/install/rrbot_description:/home/hunajpu/dev_tt_ws/install/rosbridge_test_msgs:/home/hunajpu/dev_tt_ws/install/rosbridge_suite:/home/hunajpu/dev_tt_ws/install/rosbridge_server:/home/hunajpu/dev_tt_ws/install/rosbridge_msgs:/home/hunajpu/dev_tt_ws/install/rosapi:/home/hunajpu/dev_tt_ws/install/rosbridge_library:/home/hunajpu/dev_tt_ws/install/rosapi_msgs:/home/hunajpu/dev_tt_ws/install/panda_ros2_moveit2:/home/hunajpu/dev_tt_ws/install/ros2_data:/home/hunajpu/dev_tt_ws/install/panda_ros2_gazebo:/home/hunajpu/dev_tt_ws/install/gazebo_ros2_control_demos:/home/hunajpu/dev_tt_ws/install/cobots_axis_gui:/home/hunajpu/dev_tt_ws/install/cobots_axis_driver:/opt/ros/foxy LD_LIBRARY_PATH=/home/hunajpu/dev_tt_ws/install/gazebo_ros2_control/lib:/home/hunajpu/dev_tt_ws/install/rosbridge_test_msgs/lib:/home/hunajpu/dev_tt_ws/install/rosbridge_msgs/lib:/home/hunajpu/dev_tt_ws/install/rosapi_msgs/lib:/home/hunajpu/dev_tt_ws/install/ros2_data/lib:/home/hunajpu/dev_tt_ws/install/cobots_axis_gui/lib:/usr/lib/x86_64-linux-gnu/gazebo-11/plugins:/opt/ros/foxy/opt/yaml_cpp_vendor/lib:/opt/ros/foxy/opt/rviz_ogre_vendor/lib:/opt/ros/foxy/lib/x86_64-linux-gnu:/opt/ros/foxy/lib /usr/bin/cmake --build /home/hunajpu/dev_tt_ws/build/gazebo_ros2_control_demos -- -j8 -l8
[0.554s] Invoking command in '/home/hunajpu/dev_tt_ws/build/gazebo_ros2_control_demos': CMAKE_PREFIX_PATH=/home/hunajpu/dev_tt_ws/install/gazebo_ros2_control:/home/hunajpu/dev_tt_ws/install/ur3_ros2_moveit2:/home/hunajpu/dev_tt_ws/install/ur3_ros2_gazebo:/home/hunajpu/dev_tt_ws/install/rrbot_moveit_demo_nodes:/home/hunajpu/dev_tt_ws/install/rrbot_moveit_config:/home/hunajpu/dev_tt_ws/install/rrbot_gazebo:/home/hunajpu/dev_tt_ws/install/rrbot_description:/home/hunajpu/dev_tt_ws/install/rosbridge_test_msgs:/home/hunajpu/dev_tt_ws/install/rosbridge_suite:/home/hunajpu/dev_tt_ws/install/rosbridge_server:/home/hunajpu/dev_tt_ws/install/rosbridge_msgs:/home/hunajpu/dev_tt_ws/install/rosapi:/home/hunajpu/dev_tt_ws/install/rosbridge_library:/home/hunajpu/dev_tt_ws/install/rosapi_msgs:/home/hunajpu/dev_tt_ws/install/panda_ros2_moveit2:/home/hunajpu/dev_tt_ws/install/ros2_data:/home/hunajpu/dev_tt_ws/install/panda_ros2_gazebo:/home/hunajpu/dev_tt_ws/install/gazebo_ros2_control_demos:/home/hunajpu/dev_tt_ws/install/cobots_axis_gui:/home/hunajpu/dev_tt_ws/install/cobots_axis_driver:/opt/ros/foxy LD_LIBRARY_PATH=/home/hunajpu/dev_tt_ws/install/gazebo_ros2_control/lib:/home/hunajpu/dev_tt_ws/install/rosbridge_test_msgs/lib:/home/hunajpu/dev_tt_ws/install/rosbridge_msgs/lib:/home/hunajpu/dev_tt_ws/install/rosapi_msgs/lib:/home/hunajpu/dev_tt_ws/install/ros2_data/lib:/home/hunajpu/dev_tt_ws/install/cobots_axis_gui/lib:/usr/lib/x86_64-linux-gnu/gazebo-11/plugins:/opt/ros/foxy/opt/yaml_cpp_vendor/lib:/opt/ros/foxy/opt/rviz_ogre_vendor/lib:/opt/ros/foxy/lib/x86_64-linux-gnu:/opt/ros/foxy/lib /usr/bin/cmake --install /home/hunajpu/dev_tt_ws/build/gazebo_ros2_control_demos
[0.570s] -- Install configuration: "Debug"
[0.571s] -- Execute custom install script
[0.572s] -- Up-to-date symlink: /home/hunajpu/dev_tt_ws/install/gazebo_ros2_control_demos/share/gazebo_ros2_control_demos//launch/cart_example_effort.launch.py
[0.573s] -- Up-to-date symlink: /home/hunajpu/dev_tt_ws/install/gazebo_ros2_control_demos/share/gazebo_ros2_control_demos//launch/cart_example_position.launch.py
[0.573s] -- Up-to-date symlink: /home/hunajpu/dev_tt_ws/install/gazebo_ros2_control_demos/share/gazebo_ros2_control_demos//launch/cart_example_velocity.launch.py
[0.574s] -- Up-to-date symlink: /home/hunajpu/dev_tt_ws/install/gazebo_ros2_control_demos/share/gazebo_ros2_control_demos//launch/diff_drive.launch.py
[0.574s] -- Up-to-date symlink: /home/hunajpu/dev_tt_ws/install/gazebo_ros2_control_demos/share/gazebo_ros2_control_demos//launch/gripper_mimic_joint_example.launch.py
[0.575s] -- Up-to-date symlink: /home/hunajpu/dev_tt_ws/install/gazebo_ros2_control_demos/share/gazebo_ros2_control_demos//config/cartpole_controller.yaml
[0.575s] -- Up-to-date symlink: /home/hunajpu/dev_tt_ws/install/gazebo_ros2_control_demos/share/gazebo_ros2_control_demos//config/cartpole_controller_effort.yaml
[0.576s] -- Up-to-date symlink: /home/hunajpu/dev_tt_ws/install/gazebo_ros2_control_demos/share/gazebo_ros2_control_demos//config/cartpole_controller_velocity.yaml
[0.576s] -- Up-to-date symlink: /home/hunajpu/dev_tt_ws/install/gazebo_ros2_control_demos/share/gazebo_ros2_control_demos//config/diff_drive_controller.yaml
[0.577s] -- Up-to-date symlink: /home/hunajpu/dev_tt_ws/install/gazebo_ros2_control_demos/share/gazebo_ros2_control_demos//config/gripper_controller.yaml
[0.578s] -- Up-to-date symlink: /home/hunajpu/dev_tt_ws/install/gazebo_ros2_control_demos/share/gazebo_ros2_control_demos//urdf/test_cart_effort.xacro.urdf
[0.578s] -- Up-to-date symlink: /home/hunajpu/dev_tt_ws/install/gazebo_ros2_control_demos/share/gazebo_ros2_control_demos//urdf/test_cart_position.xacro.urdf
[0.578s] -- Up-to-date symlink: /home/hunajpu/dev_tt_ws/install/gazebo_ros2_control_demos/share/gazebo_ros2_control_demos//urdf/test_cart_velocity.xacro.urdf
[0.579s] -- Up-to-date symlink: /home/hunajpu/dev_tt_ws/install/gazebo_ros2_control_demos/share/gazebo_ros2_control_demos//urdf/test_diff_drive.xacro.urdf
[0.580s] -- Up-to-date symlink: /home/hunajpu/dev_tt_ws/install/gazebo_ros2_control_demos/share/gazebo_ros2_control_demos//urdf/test_gripper_mimic_joint.xacro.urdf
[0.580s] -- Up-to-date symlink: /home/hunajpu/dev_tt_ws/install/gazebo_ros2_control_demos/lib/gazebo_ros2_control_demos/example_position
[0.580s] -- Up-to-date symlink: /home/hunajpu/dev_tt_ws/install/gazebo_ros2_control_demos/lib/gazebo_ros2_control_demos/example_velocity
[0.581s] -- Up-to-date symlink: /home/hunajpu/dev_tt_ws/install/gazebo_ros2_control_demos/lib/gazebo_ros2_control_demos/example_effort
[0.581s] -- Up-to-date symlink: /home/hunajpu/dev_tt_ws/install/gazebo_ros2_control_demos/lib/gazebo_ros2_control_demos/example_gripper
[0.582s] -- Up-to-date symlink: /home/hunajpu/dev_tt_ws/install/gazebo_ros2_control_demos/lib/gazebo_ros2_control_demos/example_diff_drive
[0.583s] -- Up-to-date symlink: /home/hunajpu/dev_tt_ws/install/gazebo_ros2_control_demos/share/ament_index/resource_index/package_run_dependencies/gazebo_ros2_control_demos
[0.584s] -- Up-to-date symlink: /home/hunajpu/dev_tt_ws/install/gazebo_ros2_control_demos/share/ament_index/resource_index/parent_prefix_path/gazebo_ros2_control_demos
[0.584s] -- Up-to-date symlink: /home/hunajpu/dev_tt_ws/install/gazebo_ros2_control_demos/share/gazebo_ros2_control_demos/environment/ament_prefix_path.sh
[0.584s] -- Up-to-date symlink: /home/hunajpu/dev_tt_ws/install/gazebo_ros2_control_demos/share/gazebo_ros2_control_demos/environment/ament_prefix_path.dsv
[0.585s] -- Up-to-date symlink: /home/hunajpu/dev_tt_ws/install/gazebo_ros2_control_demos/share/gazebo_ros2_control_demos/environment/path.sh
[0.585s] -- Up-to-date symlink: /home/hunajpu/dev_tt_ws/install/gazebo_ros2_control_demos/share/gazebo_ros2_control_demos/environment/path.dsv
[0.586s] -- Up-to-date symlink: /home/hunajpu/dev_tt_ws/install/gazebo_ros2_control_demos/share/gazebo_ros2_control_demos/local_setup.bash
[0.586s] -- Up-to-date symlink: /home/hunajpu/dev_tt_ws/install/gazebo_ros2_control_demos/share/gazebo_ros2_control_demos/local_setup.sh
[0.587s] -- Up-to-date symlink: /home/hunajpu/dev_tt_ws/install/gazebo_ros2_control_demos/share/gazebo_ros2_control_demos/local_setup.zsh
[0.587s] -- Up-to-date symlink: /home/hunajpu/dev_tt_ws/install/gazebo_ros2_control_demos/share/gazebo_ros2_control_demos/local_setup.dsv
[0.588s] -- Symlinking: /home/hunajpu/dev_tt_ws/install/gazebo_ros2_control_demos/share/gazebo_ros2_control_demos/package.dsv
[0.612s] -- Up-to-date symlink: /home/hunajpu/dev_tt_ws/install/gazebo_ros2_control_demos/share/ament_index/resource_index/packages/gazebo_ros2_control_demos
[0.612s] -- Up-to-date symlink: /home/hunajpu/dev_tt_ws/install/gazebo_ros2_control_demos/share/gazebo_ros2_control_demos/cmake/gazebo_ros2_control_demosConfig.cmake
[0.612s] -- Up-to-date symlink: /home/hunajpu/dev_tt_ws/install/gazebo_ros2_control_demos/share/gazebo_ros2_control_demos/cmake/gazebo_ros2_control_demosConfig-version.cmake
[0.612s] -- Up-to-date symlink: /home/hunajpu/dev_tt_ws/install/gazebo_ros2_control_demos/share/gazebo_ros2_control_demos/package.xml
[0.662s] Invoked command in '/home/hunajpu/dev_tt_ws/build/gazebo_ros2_control_demos' returned '0': CMAKE_PREFIX_PATH=/home/hunajpu/dev_tt_ws/install/gazebo_ros2_control:/home/hunajpu/dev_tt_ws/install/ur3_ros2_moveit2:/home/hunajpu/dev_tt_ws/install/ur3_ros2_gazebo:/home/hunajpu/dev_tt_ws/install/rrbot_moveit_demo_nodes:/home/hunajpu/dev_tt_ws/install/rrbot_moveit_config:/home/hunajpu/dev_tt_ws/install/rrbot_gazebo:/home/hunajpu/dev_tt_ws/install/rrbot_description:/home/hunajpu/dev_tt_ws/install/rosbridge_test_msgs:/home/hunajpu/dev_tt_ws/install/rosbridge_suite:/home/hunajpu/dev_tt_ws/install/rosbridge_server:/home/hunajpu/dev_tt_ws/install/rosbridge_msgs:/home/hunajpu/dev_tt_ws/install/rosapi:/home/hunajpu/dev_tt_ws/install/rosbridge_library:/home/hunajpu/dev_tt_ws/install/rosapi_msgs:/home/hunajpu/dev_tt_ws/install/panda_ros2_moveit2:/home/hunajpu/dev_tt_ws/install/ros2_data:/home/hunajpu/dev_tt_ws/install/panda_ros2_gazebo:/home/hunajpu/dev_tt_ws/install/gazebo_ros2_control_demos:/home/hunajpu/dev_tt_ws/install/cobots_axis_gui:/home/hunajpu/dev_tt_ws/install/cobots_axis_driver:/opt/ros/foxy LD_LIBRARY_PATH=/home/hunajpu/dev_tt_ws/install/gazebo_ros2_control/lib:/home/hunajpu/dev_tt_ws/install/rosbridge_test_msgs/lib:/home/hunajpu/dev_tt_ws/install/rosbridge_msgs/lib:/home/hunajpu/dev_tt_ws/install/rosapi_msgs/lib:/home/hunajpu/dev_tt_ws/install/ros2_data/lib:/home/hunajpu/dev_tt_ws/install/cobots_axis_gui/lib:/usr/lib/x86_64-linux-gnu/gazebo-11/plugins:/opt/ros/foxy/opt/yaml_cpp_vendor/lib:/opt/ros/foxy/opt/rviz_ogre_vendor/lib:/opt/ros/foxy/lib/x86_64-linux-gnu:/opt/ros/foxy/lib /usr/bin/cmake --install /home/hunajpu/dev_tt_ws/build/gazebo_ros2_control_demos
