[0.222s] Invoking command in '/home/hunajpu/dev_tt_ws/build/cobots_axis_driver': /usr/bin/cmake /home/hunajpu/dev_tt_ws/src/cobots_7thaxis/cobots_axis_driver -DCMAKE_INSTALL_PREFIX=/home/hunajpu/dev_tt_ws/install/cobots_axis_driver
[0.639s] -- Found ament_cmake: 0.9.9 (/opt/ros/foxy/share/ament_cmake/cmake)
[0.640s] -- Using PYTHON_EXECUTABLE: /usr/bin/python3
[0.774s] Traceback (most recent call last):
[0.774s]   File "/opt/ros/foxy/share/ament_cmake_core/cmake/package_templates/templates_2_cmake.py", line 21, in <module>
[0.774s]     from ament_package.templates import get_environment_hook_template_path
[0.774s] ModuleNotFoundError: No module named 'ament_package'
[0.832s] CMake Error at /opt/ros/foxy/share/ament_cmake_core/cmake/ament_cmake_package_templates-extras.cmake:41 (message):
[0.833s]   execute_process(/usr/bin/python3
[0.833s]   /opt/ros/foxy/share/ament_cmake_core/cmake/package_templates/templates_2_cmake.py
[0.833s]   /home/hunajpu/dev_tt_ws/build/cobots_axis_driver/ament_cmake_package_templates/templates.cmake)
[0.833s]   returned error code 1
[0.833s] Call Stack (most recent call first):
[0.833s]   /opt/ros/foxy/share/ament_cmake_core/cmake/ament_cmake_coreConfig.cmake:41 (include)
[0.834s]   /opt/ros/foxy/share/ament_cmake/cmake/ament_cmake_export_dependencies-extras.cmake:15 (find_package)
[0.834s]   /opt/ros/foxy/share/ament_cmake/cmake/ament_cmakeConfig.cmake:41 (include)
[0.834s]   CMakeLists.txt:19 (find_package)
[0.834s] 
[0.837s] -- Configuring incomplete, errors occurred!
[0.837s] See also "/home/hunajpu/dev_tt_ws/build/cobots_axis_driver/CMakeFiles/CMakeOutput.log".
[0.837s] 
