[0.170s] Invoking command in '/home/hunajpu/dev_tt_ws/build/ur10_ros2_gazebo': CMAKE_PREFIX_PATH=${CMAKE_PREFIX_PATH}:/opt/ros/foxy /usr/bin/cmake --build /home/hunajpu/dev_tt_ws/build/ur10_ros2_gazebo -- -j8 -l8
[0.301s] Invoked command in '/home/hunajpu/dev_tt_ws/build/ur10_ros2_gazebo' returned '0': CMAKE_PREFIX_PATH=${CMAKE_PREFIX_PATH}:/opt/ros/foxy /usr/bin/cmake --build /home/hunajpu/dev_tt_ws/build/ur10_ros2_gazebo -- -j8 -l8
[0.408s] Invoking command in '/home/hunajpu/dev_tt_ws/build/ur10_ros2_gazebo': CMAKE_PREFIX_PATH=${CMAKE_PREFIX_PATH}:/opt/ros/foxy /usr/bin/cmake --install /home/hunajpu/dev_tt_ws/build/ur10_ros2_gazebo
[0.433s] -- Install configuration: "Debug"
[0.435s] -- Execute custom install script
[0.435s] -- Up-to-date symlink: /home/hunajpu/dev_tt_ws/install/ur10_ros2_gazebo/share/ur10_ros2_gazebo/config/default_kinematics.yaml
[0.438s] -- Up-to-date symlink: /home/hunajpu/dev_tt_ws/install/ur10_ros2_gazebo/share/ur10_ros2_gazebo/config/initial_positions.yaml
[0.439s] -- Up-to-date symlink: /home/hunajpu/dev_tt_ws/install/ur10_ros2_gazebo/share/ur10_ros2_gazebo/config/joint_limits.yaml
[0.440s] -- Up-to-date symlink: /home/hunajpu/dev_tt_ws/install/ur10_ros2_gazebo/share/ur10_ros2_gazebo/config/physical_parameters.yaml
[0.440s] -- Up-to-date symlink: /home/hunajpu/dev_tt_ws/install/ur10_ros2_gazebo/share/ur10_ros2_gazebo/config/ur10_controller.yaml
[0.440s] -- Up-to-date symlink: /home/hunajpu/dev_tt_ws/install/ur10_ros2_gazebo/share/ur10_ros2_gazebo/config/visual_parameters.yaml
[0.441s] -- Up-to-date symlink: /home/hunajpu/dev_tt_ws/install/ur10_ros2_gazebo/share/ur10_ros2_gazebo/launch/ur10_simulation.launch.py
[0.443s] -- Up-to-date symlink: /home/hunajpu/dev_tt_ws/install/ur10_ros2_gazebo/share/ur10_ros2_gazebo/urdf/ur10.urdf.xacro
[0.448s] -- Up-to-date symlink: /home/hunajpu/dev_tt_ws/install/ur10_ros2_gazebo/share/ur10_ros2_gazebo/urdf/ur10_common.xacro
[0.453s] -- Up-to-date symlink: /home/hunajpu/dev_tt_ws/install/ur10_ros2_gazebo/share/ur10_ros2_gazebo/urdf/ur10_gazebo.xacro
[0.456s] -- Up-to-date symlink: /home/hunajpu/dev_tt_ws/install/ur10_ros2_gazebo/share/ur10_ros2_gazebo/urdf/ur10_macro.urdf.xacro
[0.458s] -- Up-to-date symlink: /home/hunajpu/dev_tt_ws/install/ur10_ros2_gazebo/share/ur10_ros2_gazebo/urdf/ur10_transmission.xacro
[0.458s] -- Up-to-date symlink: /home/hunajpu/dev_tt_ws/install/ur10_ros2_gazebo/share/ur10_ros2_gazebo/worlds/ur10.world
[0.459s] -- Up-to-date symlink: /home/hunajpu/dev_tt_ws/install/ur10_ros2_gazebo/share/ur10_ros2_gazebo/meshes/collision/base.stl
[0.459s] -- Up-to-date symlink: /home/hunajpu/dev_tt_ws/install/ur10_ros2_gazebo/share/ur10_ros2_gazebo/meshes/collision/forearm.stl
[0.460s] -- Up-to-date symlink: /home/hunajpu/dev_tt_ws/install/ur10_ros2_gazebo/share/ur10_ros2_gazebo/meshes/collision/shoulder.stl
[0.460s] -- Up-to-date symlink: /home/hunajpu/dev_tt_ws/install/ur10_ros2_gazebo/share/ur10_ros2_gazebo/meshes/collision/upperarm.stl
[0.461s] -- Up-to-date symlink: /home/hunajpu/dev_tt_ws/install/ur10_ros2_gazebo/share/ur10_ros2_gazebo/meshes/collision/wrist1.stl
[0.468s] -- Up-to-date symlink: /home/hunajpu/dev_tt_ws/install/ur10_ros2_gazebo/share/ur10_ros2_gazebo/meshes/collision/wrist2.stl
[0.469s] -- Up-to-date symlink: /home/hunajpu/dev_tt_ws/install/ur10_ros2_gazebo/share/ur10_ros2_gazebo/meshes/collision/wrist3.stl
[0.469s] -- Up-to-date symlink: /home/hunajpu/dev_tt_ws/install/ur10_ros2_gazebo/share/ur10_ros2_gazebo/meshes/visual/base.dae
[0.469s] -- Up-to-date symlink: /home/hunajpu/dev_tt_ws/install/ur10_ros2_gazebo/share/ur10_ros2_gazebo/meshes/visual/forearm.dae
[0.470s] -- Up-to-date symlink: /home/hunajpu/dev_tt_ws/install/ur10_ros2_gazebo/share/ur10_ros2_gazebo/meshes/visual/shoulder.dae
[0.471s] -- Up-to-date symlink: /home/hunajpu/dev_tt_ws/install/ur10_ros2_gazebo/share/ur10_ros2_gazebo/meshes/visual/upperarm.dae
[0.471s] -- Up-to-date symlink: /home/hunajpu/dev_tt_ws/install/ur10_ros2_gazebo/share/ur10_ros2_gazebo/meshes/visual/wrist1.dae
[0.471s] -- Up-to-date symlink: /home/hunajpu/dev_tt_ws/install/ur10_ros2_gazebo/share/ur10_ros2_gazebo/meshes/visual/wrist2.dae
[0.471s] -- Up-to-date symlink: /home/hunajpu/dev_tt_ws/install/ur10_ros2_gazebo/share/ur10_ros2_gazebo/meshes/visual/wrist3.dae
[0.472s] -- Up-to-date symlink: /home/hunajpu/dev_tt_ws/install/ur10_ros2_gazebo/share/ament_index/resource_index/package_run_dependencies/ur10_ros2_gazebo
[0.473s] -- Up-to-date symlink: /home/hunajpu/dev_tt_ws/install/ur10_ros2_gazebo/share/ament_index/resource_index/parent_prefix_path/ur10_ros2_gazebo
[0.473s] -- Up-to-date symlink: /home/hunajpu/dev_tt_ws/install/ur10_ros2_gazebo/share/ur10_ros2_gazebo/environment/ament_prefix_path.sh
[0.475s] -- Up-to-date symlink: /home/hunajpu/dev_tt_ws/install/ur10_ros2_gazebo/share/ur10_ros2_gazebo/environment/ament_prefix_path.dsv
[0.476s] -- Up-to-date symlink: /home/hunajpu/dev_tt_ws/install/ur10_ros2_gazebo/share/ur10_ros2_gazebo/environment/path.sh
[0.481s] -- Up-to-date symlink: /home/hunajpu/dev_tt_ws/install/ur10_ros2_gazebo/share/ur10_ros2_gazebo/environment/path.dsv
[0.482s] -- Up-to-date symlink: /home/hunajpu/dev_tt_ws/install/ur10_ros2_gazebo/share/ur10_ros2_gazebo/local_setup.bash
[0.482s] -- Up-to-date symlink: /home/hunajpu/dev_tt_ws/install/ur10_ros2_gazebo/share/ur10_ros2_gazebo/local_setup.sh
[0.482s] -- Up-to-date symlink: /home/hunajpu/dev_tt_ws/install/ur10_ros2_gazebo/share/ur10_ros2_gazebo/local_setup.zsh
[0.482s] -- Up-to-date symlink: /home/hunajpu/dev_tt_ws/install/ur10_ros2_gazebo/share/ur10_ros2_gazebo/local_setup.dsv
[0.483s] -- Symlinking: /home/hunajpu/dev_tt_ws/install/ur10_ros2_gazebo/share/ur10_ros2_gazebo/package.dsv
[0.486s] -- Up-to-date symlink: /home/hunajpu/dev_tt_ws/install/ur10_ros2_gazebo/share/ament_index/resource_index/packages/ur10_ros2_gazebo
[0.487s] -- Up-to-date symlink: /home/hunajpu/dev_tt_ws/install/ur10_ros2_gazebo/share/ur10_ros2_gazebo/cmake/ur10_ros2_gazeboConfig.cmake
[0.487s] -- Up-to-date symlink: /home/hunajpu/dev_tt_ws/install/ur10_ros2_gazebo/share/ur10_ros2_gazebo/cmake/ur10_ros2_gazeboConfig-version.cmake
[0.487s] -- Up-to-date symlink: /home/hunajpu/dev_tt_ws/install/ur10_ros2_gazebo/share/ur10_ros2_gazebo/package.xml
[0.488s] Invoked command in '/home/hunajpu/dev_tt_ws/build/ur10_ros2_gazebo' returned '0': CMAKE_PREFIX_PATH=${CMAKE_PREFIX_PATH}:/opt/ros/foxy /usr/bin/cmake --install /home/hunajpu/dev_tt_ws/build/ur10_ros2_gazebo
