[0.087s] Invoking command in '/home/hunajpu/dev_tt_ws/build/cobots_axis_driver': CMAKE_PREFIX_PATH=${CMAKE_PREFIX_PATH}:/opt/ros/foxy /usr/bin/cmake /home/hunajpu/dev_tt_ws/src/cobots_7thaxis/cobots_axis_driver -DCMAKE_INSTALL_PREFIX=/home/hunajpu/dev_tt_ws/install/cobots_axis_driver
[1.140s] -- Found ament_cmake: 0.9.9 (/opt/ros/foxy/share/ament_cmake/cmake)
[1.146s] -- Using PYTHON_EXECUTABLE: /usr/bin/python3
[1.148s] -- Found ament_lint_auto: 0.9.6 (/opt/ros/foxy/share/ament_lint_auto/cmake)
[1.220s] -- Added test 'copyright' to check source files copyright and LICENSE
[1.224s] -- Added test 'lint_cmake' to check CMake code style
[1.229s] -- Added test 'xmllint' to check XML markup files
[1.234s] -- Configuring done
[1.413s] -- Generating done
[1.418s] -- Build files have been written to: /home/hunajpu/dev_tt_ws/build/cobots_axis_driver
[1.420s] Invoked command in '/home/hunajpu/dev_tt_ws/build/cobots_axis_driver' returned '0': CMAKE_PREFIX_PATH=${CMAKE_PREFIX_PATH}:/opt/ros/foxy /usr/bin/cmake /home/hunajpu/dev_tt_ws/src/cobots_7thaxis/cobots_axis_driver -DCMAKE_INSTALL_PREFIX=/home/hunajpu/dev_tt_ws/install/cobots_axis_driver
[1.423s] Invoking command in '/home/hunajpu/dev_tt_ws/build/cobots_axis_driver': CMAKE_PREFIX_PATH=${CMAKE_PREFIX_PATH}:/opt/ros/foxy /usr/bin/cmake --build /home/hunajpu/dev_tt_ws/build/cobots_axis_driver -- -j8 -l8
[1.541s] Invoked command in '/home/hunajpu/dev_tt_ws/build/cobots_axis_driver' returned '0': CMAKE_PREFIX_PATH=${CMAKE_PREFIX_PATH}:/opt/ros/foxy /usr/bin/cmake --build /home/hunajpu/dev_tt_ws/build/cobots_axis_driver -- -j8 -l8
[1.680s] Invoking command in '/home/hunajpu/dev_tt_ws/build/cobots_axis_driver': CMAKE_PREFIX_PATH=${CMAKE_PREFIX_PATH}:/opt/ros/foxy /usr/bin/cmake --install /home/hunajpu/dev_tt_ws/build/cobots_axis_driver
[1.697s] -- Install configuration: "Debug"
[1.697s] -- Up-to-date: /home/hunajpu/dev_tt_ws/install/cobots_axis_driver/share/ament_index/resource_index/package_run_dependencies/cobots_axis_driver
[1.698s] -- Installing: /home/hunajpu/dev_tt_ws/install/cobots_axis_driver/share/ament_index/resource_index/parent_prefix_path/cobots_axis_driver
[1.698s] -- Up-to-date: /home/hunajpu/dev_tt_ws/install/cobots_axis_driver/share/cobots_axis_driver/environment/ament_prefix_path.sh
[1.698s] -- Installing: /home/hunajpu/dev_tt_ws/install/cobots_axis_driver/share/cobots_axis_driver/environment/ament_prefix_path.dsv
[1.698s] -- Up-to-date: /home/hunajpu/dev_tt_ws/install/cobots_axis_driver/share/cobots_axis_driver/environment/path.sh
[1.699s] -- Installing: /home/hunajpu/dev_tt_ws/install/cobots_axis_driver/share/cobots_axis_driver/environment/path.dsv
[1.699s] -- Up-to-date: /home/hunajpu/dev_tt_ws/install/cobots_axis_driver/share/cobots_axis_driver/local_setup.bash
[1.699s] -- Up-to-date: /home/hunajpu/dev_tt_ws/install/cobots_axis_driver/share/cobots_axis_driver/local_setup.sh
[1.699s] -- Up-to-date: /home/hunajpu/dev_tt_ws/install/cobots_axis_driver/share/cobots_axis_driver/local_setup.zsh
[1.700s] -- Installing: /home/hunajpu/dev_tt_ws/install/cobots_axis_driver/share/cobots_axis_driver/local_setup.dsv
[1.701s] -- Installing: /home/hunajpu/dev_tt_ws/install/cobots_axis_driver/share/cobots_axis_driver/package.dsv
[1.701s] -- Up-to-date: /home/hunajpu/dev_tt_ws/install/cobots_axis_driver/share/ament_index/resource_index/packages/cobots_axis_driver
[1.701s] -- Up-to-date: /home/hunajpu/dev_tt_ws/install/cobots_axis_driver/share/cobots_axis_driver/cmake/cobots_axis_driverConfig.cmake
[1.701s] -- Up-to-date: /home/hunajpu/dev_tt_ws/install/cobots_axis_driver/share/cobots_axis_driver/cmake/cobots_axis_driverConfig-version.cmake
[1.701s] -- Up-to-date: /home/hunajpu/dev_tt_ws/install/cobots_axis_driver/share/cobots_axis_driver/package.xml
[1.765s] Invoked command in '/home/hunajpu/dev_tt_ws/build/cobots_axis_driver' returned '0': CMAKE_PREFIX_PATH=${CMAKE_PREFIX_PATH}:/opt/ros/foxy /usr/bin/cmake --install /home/hunajpu/dev_tt_ws/build/cobots_axis_driver
