[0.089s] Invoking command in '/home/hunajpu/dev_tt_ws/build/ros2_data': /usr/bin/cmake /home/hunajpu/dev_tt_ws/src/ros2_RobotSimulation/ros2_data -DCMAKE_INSTALL_PREFIX=/home/hunajpu/dev_tt_ws/install/ros2_data
[0.216s] -- Found ament_cmake: 0.9.9 (/opt/ros/foxy/share/ament_cmake/cmake)
[0.219s] -- Using PYTHON_EXECUTABLE: /usr/bin/python3
[0.588s] Traceback (most recent call last):
[0.588s]   File "/opt/ros/foxy/share/ament_cmake_core/cmake/package_templates/templates_2_cmake.py", line 21, in <module>
[0.589s]     from ament_package.templates import get_environment_hook_template_path
[0.589s] ModuleNotFoundError: No module named 'ament_package'
[0.657s] CMake Error at /opt/ros/foxy/share/ament_cmake_core/cmake/ament_cmake_package_templates-extras.cmake:41 (message):
[0.659s]   execute_process(/usr/bin/python3
[0.660s]   /opt/ros/foxy/share/ament_cmake_core/cmake/package_templates/templates_2_cmake.py
[0.660s]   /home/hunajpu/dev_tt_ws/build/ros2_data/ament_cmake_package_templates/templates.cmake)
[0.660s]   returned error code 1
[0.664s] Call Stack (most recent call first):
[0.669s]   /opt/ros/foxy/share/ament_cmake_core/cmake/ament_cmake_coreConfig.cmake:41 (include)
[0.669s]   /opt/ros/foxy/share/ament_cmake/cmake/ament_cmake_export_dependencies-extras.cmake:15 (find_package)
[0.669s]   /opt/ros/foxy/share/ament_cmake/cmake/ament_cmakeConfig.cmake:41 (include)
[0.670s]   CMakeLists.txt:19 (find_package)
[0.670s] 
[0.670s] 
[0.670s] -- Configuring incomplete, errors occurred!
[0.671s] See also "/home/hunajpu/dev_tt_ws/build/ros2_data/CMakeFiles/CMakeOutput.log".
[0.680s] Invoked command in '/home/hunajpu/dev_tt_ws/build/ros2_data' returned '1': /usr/bin/cmake /home/hunajpu/dev_tt_ws/src/ros2_RobotSimulation/ros2_data -DCMAKE_INSTALL_PREFIX=/home/hunajpu/dev_tt_ws/install/ros2_data
