[0.139s] Invoking command in '/home/hunajpu/dev_tt_ws/build/ros2_data': CMAKE_PREFIX_PATH=${CMAKE_PREFIX_PATH}:/opt/ros/foxy /usr/bin/cmake --build /home/hunajpu/dev_tt_ws/build/ros2_data -- -j8 -l8
[0.286s] [  1%] Built target ros2_data__cpp
[0.287s] [ 12%] Built target ros2_data__rosidl_generator_c
[0.329s] [ 13%] Built target ros2-data
[0.417s] [ 25%] Built target ros2_data__rosidl_typesupport_cpp
[0.510s] [ 37%] Built target ros2_data__rosidl_typesupport_c
[0.514s] [ 49%] Built target ros2_data__rosidl_typesupport_introspection_cpp
[0.551s] [ 60%] Built target ros2_data__rosidl_typesupport_introspection_c
[0.578s] [ 72%] Built target ros2_data__rosidl_typesupport_fastrtps_cpp
[0.757s] [ 83%] Built target ros2_data__rosidl_typesupport_fastrtps_c
[0.798s] [ 83%] Built target ros2_data
[0.858s] [ 84%] Built target ros2_data__py
[0.922s] [ 95%] Built target ros2_data__python
[1.005s] [ 97%] Built target ros2_data__rosidl_typesupport_fastrtps_c__pyext
[1.025s] [ 99%] Built target ros2_data__rosidl_typesupport_introspection_c__pyext
[1.039s] [100%] Built target ros2_data__rosidl_typesupport_c__pyext
[1.151s] Invoked command in '/home/hunajpu/dev_tt_ws/build/ros2_data' returned '0': CMAKE_PREFIX_PATH=${CMAKE_PREFIX_PATH}:/opt/ros/foxy /usr/bin/cmake --build /home/hunajpu/dev_tt_ws/build/ros2_data -- -j8 -l8
[2.376s] Invoking command in '/home/hunajpu/dev_tt_ws/build/ros2_data': CMAKE_PREFIX_PATH=${CMAKE_PREFIX_PATH}:/opt/ros/foxy /usr/bin/cmake --install /home/hunajpu/dev_tt_ws/build/ros2_data
[2.406s] -- Install configuration: "Debug"
[2.407s] -- Execute custom install script
[2.407s] -- Up-to-date symlink: /home/hunajpu/dev_tt_ws/install/ros2_data/share/ament_index/resource_index/rosidl_interfaces/ros2_data
[2.407s] -- Up-to-date symlink: /home/hunajpu/dev_tt_ws/install/ros2_data/include/ros2_data/action/detail/move_g__functions.h
[2.407s] -- Up-to-date symlink: /home/hunajpu/dev_tt_ws/install/ros2_data/include/ros2_data/action/detail/move_g__struct.h
[2.407s] -- Up-to-date symlink: /home/hunajpu/dev_tt_ws/install/ros2_data/include/ros2_data/action/detail/move_g__type_support.h
[2.408s] -- Up-to-date symlink: /home/hunajpu/dev_tt_ws/install/ros2_data/include/ros2_data/action/detail/move_j__functions.h
[2.409s] -- Up-to-date symlink: /home/hunajpu/dev_tt_ws/install/ros2_data/include/ros2_data/action/detail/move_j__struct.h
[2.410s] -- Up-to-date symlink: /home/hunajpu/dev_tt_ws/install/ros2_data/include/ros2_data/action/detail/move_j__type_support.h
[2.411s] -- Up-to-date symlink: /home/hunajpu/dev_tt_ws/install/ros2_data/include/ros2_data/action/detail/move_jpanda__functions.h
[2.411s] -- Up-to-date symlink: /home/hunajpu/dev_tt_ws/install/ros2_data/include/ros2_data/action/detail/move_jpanda__struct.h
[2.411s] -- Up-to-date symlink: /home/hunajpu/dev_tt_ws/install/ros2_data/include/ros2_data/action/detail/move_jpanda__type_support.h
[2.412s] -- Up-to-date symlink: /home/hunajpu/dev_tt_ws/install/ros2_data/include/ros2_data/action/detail/move_l__functions.h
[2.412s] -- Up-to-date symlink: /home/hunajpu/dev_tt_ws/install/ros2_data/include/ros2_data/action/detail/move_l__struct.h
[2.413s] -- Up-to-date symlink: /home/hunajpu/dev_tt_ws/install/ros2_data/include/ros2_data/action/detail/move_l__type_support.h
[2.413s] -- Up-to-date symlink: /home/hunajpu/dev_tt_ws/install/ros2_data/include/ros2_data/action/detail/move_r__functions.h
[2.414s] -- Up-to-date symlink: /home/hunajpu/dev_tt_ws/install/ros2_data/include/ros2_data/action/detail/move_r__struct.h
[2.414s] -- Up-to-date symlink: /home/hunajpu/dev_tt_ws/install/ros2_data/include/ros2_data/action/detail/move_r__type_support.h
[2.414s] -- Up-to-date symlink: /home/hunajpu/dev_tt_ws/install/ros2_data/include/ros2_data/action/detail/move_xyz__functions.h
[2.415s] -- Up-to-date symlink: /home/hunajpu/dev_tt_ws/install/ros2_data/include/ros2_data/action/detail/move_xyz__struct.h
[2.415s] -- Up-to-date symlink: /home/hunajpu/dev_tt_ws/install/ros2_data/include/ros2_data/action/detail/move_xyz__type_support.h
[2.415s] -- Up-to-date symlink: /home/hunajpu/dev_tt_ws/install/ros2_data/include/ros2_data/action/detail/move_xyzw__functions.h
[2.416s] -- Up-to-date symlink: /home/hunajpu/dev_tt_ws/install/ros2_data/include/ros2_data/action/detail/move_xyzw__struct.h
[2.416s] -- Up-to-date symlink: /home/hunajpu/dev_tt_ws/install/ros2_data/include/ros2_data/action/detail/move_xyzw__type_support.h
[2.416s] -- Up-to-date symlink: /home/hunajpu/dev_tt_ws/install/ros2_data/include/ros2_data/action/detail/move_ypr__functions.h
[2.417s] -- Up-to-date symlink: /home/hunajpu/dev_tt_ws/install/ros2_data/include/ros2_data/action/detail/move_ypr__struct.h
[2.417s] -- Up-to-date symlink: /home/hunajpu/dev_tt_ws/install/ros2_data/include/ros2_data/action/detail/move_ypr__type_support.h
[2.417s] -- Up-to-date symlink: /home/hunajpu/dev_tt_ws/install/ros2_data/include/ros2_data/action/move_g.h
[2.417s] -- Up-to-date symlink: /home/hunajpu/dev_tt_ws/install/ros2_data/include/ros2_data/action/move_j.h
[2.436s] -- Up-to-date symlink: /home/hunajpu/dev_tt_ws/install/ros2_data/include/ros2_data/action/move_jpanda.h
[2.437s] -- Up-to-date symlink: /home/hunajpu/dev_tt_ws/install/ros2_data/include/ros2_data/action/move_l.h
[2.437s] -- Up-to-date symlink: /home/hunajpu/dev_tt_ws/install/ros2_data/include/ros2_data/action/move_r.h
[2.437s] -- Up-to-date symlink: /home/hunajpu/dev_tt_ws/install/ros2_data/include/ros2_data/action/move_xyz.h
[2.437s] -- Up-to-date symlink: /home/hunajpu/dev_tt_ws/install/ros2_data/include/ros2_data/action/move_xyzw.h
[2.438s] -- Up-to-date symlink: /home/hunajpu/dev_tt_ws/install/ros2_data/include/ros2_data/action/move_ypr.h
[2.438s] -- Up-to-date symlink: /home/hunajpu/dev_tt_ws/install/ros2_data/include/ros2_data/msg/detail/joint_pose__functions.h
[2.438s] -- Up-to-date symlink: /home/hunajpu/dev_tt_ws/install/ros2_data/include/ros2_data/msg/detail/joint_pose__struct.h
[2.438s] -- Up-to-date symlink: /home/hunajpu/dev_tt_ws/install/ros2_data/include/ros2_data/msg/detail/joint_pose__type_support.h
[2.438s] -- Up-to-date symlink: /home/hunajpu/dev_tt_ws/install/ros2_data/include/ros2_data/msg/detail/joint_pose_panda__functions.h
[2.438s] -- Up-to-date symlink: /home/hunajpu/dev_tt_ws/install/ros2_data/include/ros2_data/msg/detail/joint_pose_panda__struct.h
[2.439s] -- Up-to-date symlink: /home/hunajpu/dev_tt_ws/install/ros2_data/include/ros2_data/msg/detail/joint_pose_panda__type_support.h
[2.439s] -- Up-to-date symlink: /home/hunajpu/dev_tt_ws/install/ros2_data/include/ros2_data/msg/joint_pose.h
[2.439s] -- Up-to-date symlink: /home/hunajpu/dev_tt_ws/install/ros2_data/include/ros2_data/msg/joint_pose_panda.h
[2.439s] -- Up-to-date symlink: /home/hunajpu/dev_tt_ws/install/ros2_data/include/ros2_data/msg/rosidl_generator_c__visibility_control.h
[2.440s] -- Up-to-date symlink: /home/hunajpu/dev_tt_ws/install/ros2_data/include/ros2_data/srv/detail/gripper_pose__functions.h
[2.440s] -- Up-to-date symlink: /home/hunajpu/dev_tt_ws/install/ros2_data/include/ros2_data/srv/detail/gripper_pose__struct.h
[2.440s] -- Up-to-date symlink: /home/hunajpu/dev_tt_ws/install/ros2_data/include/ros2_data/srv/detail/gripper_pose__type_support.h
[2.440s] -- Up-to-date symlink: /home/hunajpu/dev_tt_ws/install/ros2_data/include/ros2_data/srv/detail/joint_pose__functions.h
[2.441s] -- Up-to-date symlink: /home/hunajpu/dev_tt_ws/install/ros2_data/include/ros2_data/srv/detail/joint_pose__struct.h
[2.441s] -- Up-to-date symlink: /home/hunajpu/dev_tt_ws/install/ros2_data/include/ros2_data/srv/detail/joint_pose__type_support.h
[2.441s] -- Up-to-date symlink: /home/hunajpu/dev_tt_ws/install/ros2_data/include/ros2_data/srv/gripper_pose.h
[2.441s] -- Up-to-date symlink: /home/hunajpu/dev_tt_ws/install/ros2_data/include/ros2_data/srv/joint_pose.h
[2.450s] -- Up-to-date symlink: /home/hunajpu/dev_tt_ws/install/ros2_data/share/ros2_data/environment/library_path.sh
[2.451s] -- Up-to-date symlink: /home/hunajpu/dev_tt_ws/install/ros2_data/share/ros2_data/environment/library_path.dsv
[2.451s] -- Up-to-date symlink: /home/hunajpu/dev_tt_ws/install/ros2_data/include/ros2_data/action/detail/move_g__rosidl_typesupport_fastrtps_c.h
[2.451s] -- Up-to-date symlink: /home/hunajpu/dev_tt_ws/install/ros2_data/include/ros2_data/action/detail/move_j__rosidl_typesupport_fastrtps_c.h
[2.451s] -- Up-to-date symlink: /home/hunajpu/dev_tt_ws/install/ros2_data/include/ros2_data/action/detail/move_jpanda__rosidl_typesupport_fastrtps_c.h
[2.451s] -- Up-to-date symlink: /home/hunajpu/dev_tt_ws/install/ros2_data/include/ros2_data/action/detail/move_l__rosidl_typesupport_fastrtps_c.h
[2.452s] -- Up-to-date symlink: /home/hunajpu/dev_tt_ws/install/ros2_data/include/ros2_data/action/detail/move_r__rosidl_typesupport_fastrtps_c.h
[2.453s] -- Up-to-date symlink: /home/hunajpu/dev_tt_ws/install/ros2_data/include/ros2_data/action/detail/move_xyz__rosidl_typesupport_fastrtps_c.h
[2.453s] -- Up-to-date symlink: /home/hunajpu/dev_tt_ws/install/ros2_data/include/ros2_data/action/detail/move_xyzw__rosidl_typesupport_fastrtps_c.h
[2.453s] -- Up-to-date symlink: /home/hunajpu/dev_tt_ws/install/ros2_data/include/ros2_data/action/detail/move_ypr__rosidl_typesupport_fastrtps_c.h
[2.454s] -- Up-to-date symlink: /home/hunajpu/dev_tt_ws/install/ros2_data/include/ros2_data/msg/detail/joint_pose__rosidl_typesupport_fastrtps_c.h
[2.454s] -- Up-to-date symlink: /home/hunajpu/dev_tt_ws/install/ros2_data/include/ros2_data/msg/detail/joint_pose_panda__rosidl_typesupport_fastrtps_c.h
[2.456s] -- Up-to-date symlink: /home/hunajpu/dev_tt_ws/install/ros2_data/include/ros2_data/msg/rosidl_typesupport_fastrtps_c__visibility_control.h
[2.456s] -- Up-to-date symlink: /home/hunajpu/dev_tt_ws/install/ros2_data/include/ros2_data/srv/detail/gripper_pose__rosidl_typesupport_fastrtps_c.h
[2.456s] -- Up-to-date symlink: /home/hunajpu/dev_tt_ws/install/ros2_data/include/ros2_data/srv/detail/joint_pose__rosidl_typesupport_fastrtps_c.h
[2.457s] -- Up-to-date symlink: /home/hunajpu/dev_tt_ws/install/ros2_data/lib/libros2_data__rosidl_typesupport_fastrtps_c.so
[2.458s] -- Up-to-date symlink: /home/hunajpu/dev_tt_ws/install/ros2_data/include/ros2_data/action/detail/move_g__rosidl_typesupport_fastrtps_cpp.hpp
[2.464s] -- Up-to-date symlink: /home/hunajpu/dev_tt_ws/install/ros2_data/include/ros2_data/action/detail/move_j__rosidl_typesupport_fastrtps_cpp.hpp
[2.464s] -- Up-to-date symlink: /home/hunajpu/dev_tt_ws/install/ros2_data/include/ros2_data/action/detail/move_jpanda__rosidl_typesupport_fastrtps_cpp.hpp
[2.464s] -- Up-to-date symlink: /home/hunajpu/dev_tt_ws/install/ros2_data/include/ros2_data/action/detail/move_l__rosidl_typesupport_fastrtps_cpp.hpp
[2.464s] -- Up-to-date symlink: /home/hunajpu/dev_tt_ws/install/ros2_data/include/ros2_data/action/detail/move_r__rosidl_typesupport_fastrtps_cpp.hpp
[2.464s] -- Up-to-date symlink: /home/hunajpu/dev_tt_ws/install/ros2_data/include/ros2_data/action/detail/move_xyz__rosidl_typesupport_fastrtps_cpp.hpp
[2.465s] -- Up-to-date symlink: /home/hunajpu/dev_tt_ws/install/ros2_data/include/ros2_data/action/detail/move_xyzw__rosidl_typesupport_fastrtps_cpp.hpp
[2.465s] -- Up-to-date symlink: /home/hunajpu/dev_tt_ws/install/ros2_data/include/ros2_data/action/detail/move_ypr__rosidl_typesupport_fastrtps_cpp.hpp
[2.465s] -- Up-to-date symlink: /home/hunajpu/dev_tt_ws/install/ros2_data/include/ros2_data/msg/detail/joint_pose__rosidl_typesupport_fastrtps_cpp.hpp
[2.465s] -- Up-to-date symlink: /home/hunajpu/dev_tt_ws/install/ros2_data/include/ros2_data/msg/detail/joint_pose_panda__rosidl_typesupport_fastrtps_cpp.hpp
[2.465s] -- Up-to-date symlink: /home/hunajpu/dev_tt_ws/install/ros2_data/include/ros2_data/msg/rosidl_typesupport_fastrtps_cpp__visibility_control.h
[2.465s] -- Up-to-date symlink: /home/hunajpu/dev_tt_ws/install/ros2_data/include/ros2_data/srv/detail/gripper_pose__rosidl_typesupport_fastrtps_cpp.hpp
[2.466s] -- Up-to-date symlink: /home/hunajpu/dev_tt_ws/install/ros2_data/include/ros2_data/srv/detail/joint_pose__rosidl_typesupport_fastrtps_cpp.hpp
[2.468s] -- Up-to-date symlink: /home/hunajpu/dev_tt_ws/install/ros2_data/lib/libros2_data__rosidl_typesupport_fastrtps_cpp.so
[2.468s] -- Up-to-date symlink: /home/hunajpu/dev_tt_ws/install/ros2_data/include/ros2_data/action/detail/move_g__rosidl_typesupport_introspection_c.h
[2.468s] -- Up-to-date symlink: /home/hunajpu/dev_tt_ws/install/ros2_data/include/ros2_data/action/detail/move_j__rosidl_typesupport_introspection_c.h
[2.470s] -- Up-to-date symlink: /home/hunajpu/dev_tt_ws/install/ros2_data/include/ros2_data/action/detail/move_jpanda__rosidl_typesupport_introspection_c.h
[2.470s] -- Up-to-date symlink: /home/hunajpu/dev_tt_ws/install/ros2_data/include/ros2_data/action/detail/move_l__rosidl_typesupport_introspection_c.h
[2.470s] -- Up-to-date symlink: /home/hunajpu/dev_tt_ws/install/ros2_data/include/ros2_data/action/detail/move_r__rosidl_typesupport_introspection_c.h
[2.470s] -- Up-to-date symlink: /home/hunajpu/dev_tt_ws/install/ros2_data/include/ros2_data/action/detail/move_xyz__rosidl_typesupport_introspection_c.h
[2.470s] -- Up-to-date symlink: /home/hunajpu/dev_tt_ws/install/ros2_data/include/ros2_data/action/detail/move_xyzw__rosidl_typesupport_introspection_c.h
[2.472s] -- Up-to-date symlink: /home/hunajpu/dev_tt_ws/install/ros2_data/include/ros2_data/action/detail/move_ypr__rosidl_typesupport_introspection_c.h
[2.472s] -- Up-to-date symlink: /home/hunajpu/dev_tt_ws/install/ros2_data/include/ros2_data/msg/detail/joint_pose__rosidl_typesupport_introspection_c.h
[2.472s] -- Up-to-date symlink: /home/hunajpu/dev_tt_ws/install/ros2_data/include/ros2_data/msg/detail/joint_pose_panda__rosidl_typesupport_introspection_c.h
[2.473s] -- Up-to-date symlink: /home/hunajpu/dev_tt_ws/install/ros2_data/include/ros2_data/msg/rosidl_typesupport_introspection_c__visibility_control.h
[2.473s] -- Up-to-date symlink: /home/hunajpu/dev_tt_ws/install/ros2_data/include/ros2_data/srv/detail/gripper_pose__rosidl_typesupport_introspection_c.h
[2.473s] -- Up-to-date symlink: /home/hunajpu/dev_tt_ws/install/ros2_data/include/ros2_data/srv/detail/joint_pose__rosidl_typesupport_introspection_c.h
[2.473s] -- Up-to-date symlink: /home/hunajpu/dev_tt_ws/install/ros2_data/include/ros2_data/action/detail/move_g__builder.hpp
[2.473s] -- Up-to-date symlink: /home/hunajpu/dev_tt_ws/install/ros2_data/include/ros2_data/action/detail/move_g__struct.hpp
[2.473s] -- Up-to-date symlink: /home/hunajpu/dev_tt_ws/install/ros2_data/include/ros2_data/action/detail/move_g__traits.hpp
[2.474s] -- Up-to-date symlink: /home/hunajpu/dev_tt_ws/install/ros2_data/include/ros2_data/action/detail/move_j__builder.hpp
[2.474s] -- Up-to-date symlink: /home/hunajpu/dev_tt_ws/install/ros2_data/include/ros2_data/action/detail/move_j__struct.hpp
[2.474s] -- Up-to-date symlink: /home/hunajpu/dev_tt_ws/install/ros2_data/include/ros2_data/action/detail/move_j__traits.hpp
[2.475s] -- Up-to-date symlink: /home/hunajpu/dev_tt_ws/install/ros2_data/include/ros2_data/action/detail/move_jpanda__builder.hpp
[2.475s] -- Up-to-date symlink: /home/hunajpu/dev_tt_ws/install/ros2_data/include/ros2_data/action/detail/move_jpanda__struct.hpp
[2.475s] -- Up-to-date symlink: /home/hunajpu/dev_tt_ws/install/ros2_data/include/ros2_data/action/detail/move_jpanda__traits.hpp
[2.476s] -- Up-to-date symlink: /home/hunajpu/dev_tt_ws/install/ros2_data/include/ros2_data/action/detail/move_l__builder.hpp
[2.477s] -- Up-to-date symlink: /home/hunajpu/dev_tt_ws/install/ros2_data/include/ros2_data/action/detail/move_l__struct.hpp
[2.477s] -- Up-to-date symlink: /home/hunajpu/dev_tt_ws/install/ros2_data/include/ros2_data/action/detail/move_l__traits.hpp
[2.478s] -- Up-to-date symlink: /home/hunajpu/dev_tt_ws/install/ros2_data/include/ros2_data/action/detail/move_r__builder.hpp
[2.478s] -- Up-to-date symlink: /home/hunajpu/dev_tt_ws/install/ros2_data/include/ros2_data/action/detail/move_r__struct.hpp
[2.478s] -- Up-to-date symlink: /home/hunajpu/dev_tt_ws/install/ros2_data/include/ros2_data/action/detail/move_r__traits.hpp
[2.478s] -- Up-to-date symlink: /home/hunajpu/dev_tt_ws/install/ros2_data/include/ros2_data/action/detail/move_xyz__builder.hpp
[2.478s] -- Up-to-date symlink: /home/hunajpu/dev_tt_ws/install/ros2_data/include/ros2_data/action/detail/move_xyz__struct.hpp
[2.479s] -- Up-to-date symlink: /home/hunajpu/dev_tt_ws/install/ros2_data/include/ros2_data/action/detail/move_xyz__traits.hpp
[2.479s] -- Up-to-date symlink: /home/hunajpu/dev_tt_ws/install/ros2_data/include/ros2_data/action/detail/move_xyzw__builder.hpp
[2.479s] -- Up-to-date symlink: /home/hunajpu/dev_tt_ws/install/ros2_data/include/ros2_data/action/detail/move_xyzw__struct.hpp
[2.479s] -- Up-to-date symlink: /home/hunajpu/dev_tt_ws/install/ros2_data/include/ros2_data/action/detail/move_xyzw__traits.hpp
[2.479s] -- Up-to-date symlink: /home/hunajpu/dev_tt_ws/install/ros2_data/include/ros2_data/action/detail/move_ypr__builder.hpp
[2.479s] -- Up-to-date symlink: /home/hunajpu/dev_tt_ws/install/ros2_data/include/ros2_data/action/detail/move_ypr__struct.hpp
[2.480s] -- Up-to-date symlink: /home/hunajpu/dev_tt_ws/install/ros2_data/include/ros2_data/action/detail/move_ypr__traits.hpp
[2.480s] -- Up-to-date symlink: /home/hunajpu/dev_tt_ws/install/ros2_data/include/ros2_data/action/move_g.hpp
[2.485s] -- Up-to-date symlink: /home/hunajpu/dev_tt_ws/install/ros2_data/include/ros2_data/action/move_j.hpp
[2.485s] -- Up-to-date symlink: /home/hunajpu/dev_tt_ws/install/ros2_data/include/ros2_data/action/move_jpanda.hpp
[2.486s] -- Up-to-date symlink: /home/hunajpu/dev_tt_ws/install/ros2_data/include/ros2_data/action/move_l.hpp
[2.486s] -- Up-to-date symlink: /home/hunajpu/dev_tt_ws/install/ros2_data/include/ros2_data/action/move_r.hpp
[2.486s] -- Up-to-date symlink: /home/hunajpu/dev_tt_ws/install/ros2_data/include/ros2_data/action/move_xyz.hpp
[2.487s] -- Up-to-date symlink: /home/hunajpu/dev_tt_ws/install/ros2_data/include/ros2_data/action/move_xyzw.hpp
[2.487s] -- Up-to-date symlink: /home/hunajpu/dev_tt_ws/install/ros2_data/include/ros2_data/action/move_ypr.hpp
[2.487s] -- Up-to-date symlink: /home/hunajpu/dev_tt_ws/install/ros2_data/include/ros2_data/msg/detail/joint_pose__builder.hpp
[2.488s] -- Up-to-date symlink: /home/hunajpu/dev_tt_ws/install/ros2_data/include/ros2_data/msg/detail/joint_pose__struct.hpp
[2.488s] -- Up-to-date symlink: /home/hunajpu/dev_tt_ws/install/ros2_data/include/ros2_data/msg/detail/joint_pose__traits.hpp
[2.488s] -- Up-to-date symlink: /home/hunajpu/dev_tt_ws/install/ros2_data/include/ros2_data/msg/detail/joint_pose_panda__builder.hpp
[2.489s] -- Up-to-date symlink: /home/hunajpu/dev_tt_ws/install/ros2_data/include/ros2_data/msg/detail/joint_pose_panda__struct.hpp
[2.489s] -- Up-to-date symlink: /home/hunajpu/dev_tt_ws/install/ros2_data/include/ros2_data/msg/detail/joint_pose_panda__traits.hpp
[2.489s] -- Up-to-date symlink: /home/hunajpu/dev_tt_ws/install/ros2_data/include/ros2_data/msg/joint_pose.hpp
[2.490s] -- Up-to-date symlink: /home/hunajpu/dev_tt_ws/install/ros2_data/include/ros2_data/msg/joint_pose_panda.hpp
[2.490s] -- Up-to-date symlink: /home/hunajpu/dev_tt_ws/install/ros2_data/include/ros2_data/srv/detail/gripper_pose__builder.hpp
[2.490s] -- Up-to-date symlink: /home/hunajpu/dev_tt_ws/install/ros2_data/include/ros2_data/srv/detail/gripper_pose__struct.hpp
[2.490s] -- Up-to-date symlink: /home/hunajpu/dev_tt_ws/install/ros2_data/include/ros2_data/srv/detail/gripper_pose__traits.hpp
[2.491s] -- Up-to-date symlink: /home/hunajpu/dev_tt_ws/install/ros2_data/include/ros2_data/srv/detail/joint_pose__builder.hpp
[2.491s] -- Up-to-date symlink: /home/hunajpu/dev_tt_ws/install/ros2_data/include/ros2_data/srv/detail/joint_pose__struct.hpp
[2.491s] -- Up-to-date symlink: /home/hunajpu/dev_tt_ws/install/ros2_data/include/ros2_data/srv/detail/joint_pose__traits.hpp
[2.492s] -- Up-to-date symlink: /home/hunajpu/dev_tt_ws/install/ros2_data/include/ros2_data/srv/gripper_pose.hpp
[2.492s] -- Up-to-date symlink: /home/hunajpu/dev_tt_ws/install/ros2_data/include/ros2_data/srv/joint_pose.hpp
[2.492s] -- Up-to-date symlink: /home/hunajpu/dev_tt_ws/install/ros2_data/include/ros2_data/action/detail/move_g__rosidl_typesupport_introspection_cpp.hpp
[2.492s] -- Up-to-date symlink: /home/hunajpu/dev_tt_ws/install/ros2_data/include/ros2_data/action/detail/move_j__rosidl_typesupport_introspection_cpp.hpp
[2.492s] -- Up-to-date symlink: /home/hunajpu/dev_tt_ws/install/ros2_data/include/ros2_data/action/detail/move_jpanda__rosidl_typesupport_introspection_cpp.hpp
[2.493s] -- Up-to-date symlink: /home/hunajpu/dev_tt_ws/install/ros2_data/include/ros2_data/action/detail/move_l__rosidl_typesupport_introspection_cpp.hpp
[2.493s] -- Up-to-date symlink: /home/hunajpu/dev_tt_ws/install/ros2_data/include/ros2_data/action/detail/move_r__rosidl_typesupport_introspection_cpp.hpp
[2.493s] -- Up-to-date symlink: /home/hunajpu/dev_tt_ws/install/ros2_data/include/ros2_data/action/detail/move_xyz__rosidl_typesupport_introspection_cpp.hpp
[2.493s] -- Up-to-date symlink: /home/hunajpu/dev_tt_ws/install/ros2_data/include/ros2_data/action/detail/move_xyzw__rosidl_typesupport_introspection_cpp.hpp
[2.494s] -- Up-to-date symlink: /home/hunajpu/dev_tt_ws/install/ros2_data/include/ros2_data/action/detail/move_ypr__rosidl_typesupport_introspection_cpp.hpp
[2.494s] -- Up-to-date symlink: /home/hunajpu/dev_tt_ws/install/ros2_data/include/ros2_data/msg/detail/joint_pose__rosidl_typesupport_introspection_cpp.hpp
[2.495s] -- Up-to-date symlink: /home/hunajpu/dev_tt_ws/install/ros2_data/include/ros2_data/msg/detail/joint_pose_panda__rosidl_typesupport_introspection_cpp.hpp
[2.495s] -- Up-to-date symlink: /home/hunajpu/dev_tt_ws/install/ros2_data/include/ros2_data/srv/detail/gripper_pose__rosidl_typesupport_introspection_cpp.hpp
[2.495s] -- Up-to-date symlink: /home/hunajpu/dev_tt_ws/install/ros2_data/include/ros2_data/srv/detail/joint_pose__rosidl_typesupport_introspection_cpp.hpp
[2.495s] -- Up-to-date symlink: /home/hunajpu/dev_tt_ws/install/ros2_data/share/ros2_data/environment/pythonpath.sh
[2.495s] -- Up-to-date symlink: /home/hunajpu/dev_tt_ws/install/ros2_data/share/ros2_data/environment/pythonpath.dsv
[2.495s] -- Up-to-date symlink: /home/hunajpu/dev_tt_ws/install/ros2_data/lib/python3.8/site-packages/ros2_data/__init__.py
[2.495s] -- Up-to-date symlink: /home/hunajpu/dev_tt_ws/install/ros2_data/lib/python3.8/site-packages/ros2_data/msg/__init__.py
[2.496s] -- Up-to-date symlink: /home/hunajpu/dev_tt_ws/install/ros2_data/lib/python3.8/site-packages/ros2_data/msg/_joint_pose.py
[2.496s] -- Up-to-date symlink: /home/hunajpu/dev_tt_ws/install/ros2_data/lib/python3.8/site-packages/ros2_data/msg/_joint_pose_panda.py
[2.496s] -- Up-to-date symlink: /home/hunajpu/dev_tt_ws/install/ros2_data/lib/python3.8/site-packages/ros2_data/srv/__init__.py
[2.496s] -- Up-to-date symlink: /home/hunajpu/dev_tt_ws/install/ros2_data/lib/python3.8/site-packages/ros2_data/srv/_gripper_pose.py
[2.496s] -- Up-to-date symlink: /home/hunajpu/dev_tt_ws/install/ros2_data/lib/python3.8/site-packages/ros2_data/srv/_joint_pose.py
[2.497s] -- Up-to-date symlink: /home/hunajpu/dev_tt_ws/install/ros2_data/lib/python3.8/site-packages/ros2_data/action/__init__.py
[2.497s] -- Up-to-date symlink: /home/hunajpu/dev_tt_ws/install/ros2_data/lib/python3.8/site-packages/ros2_data/action/_move_g.py
[2.497s] -- Up-to-date symlink: /home/hunajpu/dev_tt_ws/install/ros2_data/lib/python3.8/site-packages/ros2_data/action/_move_j.py
[2.497s] -- Up-to-date symlink: /home/hunajpu/dev_tt_ws/install/ros2_data/lib/python3.8/site-packages/ros2_data/action/_move_jpanda.py
[2.497s] -- Up-to-date symlink: /home/hunajpu/dev_tt_ws/install/ros2_data/lib/python3.8/site-packages/ros2_data/action/_move_l.py
[2.497s] -- Up-to-date symlink: /home/hunajpu/dev_tt_ws/install/ros2_data/lib/python3.8/site-packages/ros2_data/action/_move_r.py
[2.498s] -- Up-to-date symlink: /home/hunajpu/dev_tt_ws/install/ros2_data/lib/python3.8/site-packages/ros2_data/action/_move_xyz.py
[2.498s] -- Up-to-date symlink: /home/hunajpu/dev_tt_ws/install/ros2_data/lib/python3.8/site-packages/ros2_data/action/_move_xyzw.py
[2.498s] -- Up-to-date symlink: /home/hunajpu/dev_tt_ws/install/ros2_data/lib/python3.8/site-packages/ros2_data/action/_move_ypr.py
[2.498s] -- Up-to-date symlink: /home/hunajpu/dev_tt_ws/install/ros2_data/lib/python3.8/site-packages/ros2_data/ros2_data_s__rosidl_typesupport_fastrtps_c.cpython-38-x86_64-linux-gnu.so
[2.498s] -- Up-to-date symlink: /home/hunajpu/dev_tt_ws/install/ros2_data/lib/python3.8/site-packages/ros2_data/ros2_data_s__rosidl_typesupport_introspection_c.cpython-38-x86_64-linux-gnu.so
[2.498s] -- Up-to-date symlink: /home/hunajpu/dev_tt_ws/install/ros2_data/lib/python3.8/site-packages/ros2_data/ros2_data_s__rosidl_typesupport_c.cpython-38-x86_64-linux-gnu.so
[2.498s] -- Up-to-date symlink: /home/hunajpu/dev_tt_ws/install/ros2_data/lib/libros2_data__python.so
[2.498s] -- Up-to-date symlink: /home/hunajpu/dev_tt_ws/install/ros2_data/share/ros2_data/msg/JointPose.idl
[2.498s] -- Up-to-date symlink: /home/hunajpu/dev_tt_ws/install/ros2_data/share/ros2_data/msg/JointPosePanda.idl
[2.498s] -- Up-to-date symlink: /home/hunajpu/dev_tt_ws/install/ros2_data/share/ros2_data/srv/JointPose.idl
[2.498s] -- Up-to-date symlink: /home/hunajpu/dev_tt_ws/install/ros2_data/share/ros2_data/srv/GripperPose.idl
[2.499s] -- Up-to-date symlink: /home/hunajpu/dev_tt_ws/install/ros2_data/share/ros2_data/action/MoveJ.idl
[2.499s] -- Up-to-date symlink: /home/hunajpu/dev_tt_ws/install/ros2_data/share/ros2_data/action/MoveJpanda.idl
[2.499s] -- Up-to-date symlink: /home/hunajpu/dev_tt_ws/install/ros2_data/share/ros2_data/action/MoveG.idl
[2.499s] -- Up-to-date symlink: /home/hunajpu/dev_tt_ws/install/ros2_data/share/ros2_data/action/MoveXYZW.idl
[2.499s] -- Up-to-date symlink: /home/hunajpu/dev_tt_ws/install/ros2_data/share/ros2_data/action/MoveL.idl
[2.499s] -- Up-to-date symlink: /home/hunajpu/dev_tt_ws/install/ros2_data/share/ros2_data/action/MoveR.idl
[2.499s] -- Up-to-date symlink: /home/hunajpu/dev_tt_ws/install/ros2_data/share/ros2_data/action/MoveXYZ.idl
[2.499s] -- Up-to-date symlink: /home/hunajpu/dev_tt_ws/install/ros2_data/share/ros2_data/action/MoveYPR.idl
[2.499s] -- Up-to-date symlink: /home/hunajpu/dev_tt_ws/install/ros2_data/share/ros2_data/msg/JointPose.msg
[2.500s] -- Up-to-date symlink: /home/hunajpu/dev_tt_ws/install/ros2_data/share/ros2_data/msg/JointPosePanda.msg
[2.500s] -- Up-to-date symlink: /home/hunajpu/dev_tt_ws/install/ros2_data/share/ros2_data/srv/JointPose.srv
[2.500s] -- Up-to-date symlink: /home/hunajpu/dev_tt_ws/install/ros2_data/share/ros2_data/srv/JointPose_Request.msg
[2.511s] -- Up-to-date symlink: /home/hunajpu/dev_tt_ws/install/ros2_data/share/ros2_data/srv/JointPose_Response.msg
[2.511s] -- Up-to-date symlink: /home/hunajpu/dev_tt_ws/install/ros2_data/share/ros2_data/srv/GripperPose.srv
[2.511s] -- Up-to-date symlink: /home/hunajpu/dev_tt_ws/install/ros2_data/share/ros2_data/srv/GripperPose_Request.msg
[2.512s] -- Up-to-date symlink: /home/hunajpu/dev_tt_ws/install/ros2_data/share/ros2_data/srv/GripperPose_Response.msg
[2.513s] -- Up-to-date symlink: /home/hunajpu/dev_tt_ws/install/ros2_data/share/ros2_data/action/MoveJ.action
[2.513s] -- Up-to-date symlink: /home/hunajpu/dev_tt_ws/install/ros2_data/share/ros2_data/action/MoveJpanda.action
[2.514s] -- Up-to-date symlink: /home/hunajpu/dev_tt_ws/install/ros2_data/share/ros2_data/action/MoveG.action
[2.515s] -- Up-to-date symlink: /home/hunajpu/dev_tt_ws/install/ros2_data/share/ros2_data/action/MoveXYZW.action
[2.520s] -- Up-to-date symlink: /home/hunajpu/dev_tt_ws/install/ros2_data/share/ros2_data/action/MoveL.action
[2.521s] -- Up-to-date symlink: /home/hunajpu/dev_tt_ws/install/ros2_data/share/ros2_data/action/MoveR.action
[2.521s] -- Up-to-date symlink: /home/hunajpu/dev_tt_ws/install/ros2_data/share/ros2_data/action/MoveXYZ.action
[2.522s] -- Up-to-date symlink: /home/hunajpu/dev_tt_ws/install/ros2_data/share/ros2_data/action/MoveYPR.action
[2.525s] -- Up-to-date symlink: /home/hunajpu/dev_tt_ws/install/ros2_data/lib/ros2_data/ros2-data
[2.531s] -- Up-to-date symlink: /home/hunajpu/dev_tt_ws/install/ros2_data/share/ros2_data//launch/ros2_data.launch.py
[2.532s] -- Up-to-date symlink: /home/hunajpu/dev_tt_ws/install/ros2_data/share/ament_index/resource_index/package_run_dependencies/ros2_data
[2.532s] -- Up-to-date symlink: /home/hunajpu/dev_tt_ws/install/ros2_data/share/ament_index/resource_index/parent_prefix_path/ros2_data
[2.532s] -- Up-to-date symlink: /home/hunajpu/dev_tt_ws/install/ros2_data/share/ros2_data/environment/ament_prefix_path.sh
[2.533s] -- Up-to-date symlink: /home/hunajpu/dev_tt_ws/install/ros2_data/share/ros2_data/environment/ament_prefix_path.dsv
[2.533s] -- Up-to-date symlink: /home/hunajpu/dev_tt_ws/install/ros2_data/share/ros2_data/environment/path.sh
[2.533s] -- Up-to-date symlink: /home/hunajpu/dev_tt_ws/install/ros2_data/share/ros2_data/environment/path.dsv
[2.533s] -- Up-to-date symlink: /home/hunajpu/dev_tt_ws/install/ros2_data/share/ros2_data/local_setup.bash
[2.534s] -- Up-to-date symlink: /home/hunajpu/dev_tt_ws/install/ros2_data/share/ros2_data/local_setup.sh
[2.534s] -- Up-to-date symlink: /home/hunajpu/dev_tt_ws/install/ros2_data/share/ros2_data/local_setup.zsh
[2.534s] -- Up-to-date symlink: /home/hunajpu/dev_tt_ws/install/ros2_data/share/ros2_data/local_setup.dsv
[2.534s] -- Symlinking: /home/hunajpu/dev_tt_ws/install/ros2_data/share/ros2_data/package.dsv
[2.557s] -- Up-to-date symlink: /home/hunajpu/dev_tt_ws/install/ros2_data/share/ament_index/resource_index/packages/ros2_data
[2.573s] -- Up-to-date symlink: /home/hunajpu/dev_tt_ws/install/ros2_data/share/ros2_data/cmake/rosidl_cmake-extras.cmake
[2.574s] -- Up-to-date symlink: /home/hunajpu/dev_tt_ws/install/ros2_data/share/ros2_data/cmake/ament_cmake_export_dependencies-extras.cmake
[2.574s] -- Up-to-date symlink: /home/hunajpu/dev_tt_ws/install/ros2_data/share/ros2_data/cmake/ament_cmake_export_libraries-extras.cmake
[2.574s] -- Up-to-date symlink: /home/hunajpu/dev_tt_ws/install/ros2_data/share/ros2_data/cmake/ament_cmake_export_targets-extras.cmake
[2.574s] -- Up-to-date symlink: /home/hunajpu/dev_tt_ws/install/ros2_data/share/ros2_data/cmake/ament_cmake_export_include_directories-extras.cmake
[2.574s] -- Up-to-date symlink: /home/hunajpu/dev_tt_ws/install/ros2_data/share/ros2_data/cmake/rosidl_cmake_export_typesupport_libraries-extras.cmake
[2.574s] -- Up-to-date symlink: /home/hunajpu/dev_tt_ws/install/ros2_data/share/ros2_data/cmake/rosidl_cmake_export_typesupport_targets-extras.cmake
[2.574s] -- Up-to-date symlink: /home/hunajpu/dev_tt_ws/install/ros2_data/share/ros2_data/cmake/ros2_dataConfig.cmake
[2.574s] -- Up-to-date symlink: /home/hunajpu/dev_tt_ws/install/ros2_data/share/ros2_data/cmake/ros2_dataConfig-version.cmake
[2.575s] -- Up-to-date symlink: /home/hunajpu/dev_tt_ws/install/ros2_data/share/ros2_data/package.xml
[2.575s] -- Up-to-date: /home/hunajpu/dev_tt_ws/install/ros2_data/lib/libros2_data__rosidl_generator_c.so
[2.575s] -- Up-to-date: /home/hunajpu/dev_tt_ws/install/ros2_data/lib/libros2_data__rosidl_typesupport_introspection_c.so
[2.575s] -- Up-to-date: /home/hunajpu/dev_tt_ws/install/ros2_data/lib/libros2_data__rosidl_typesupport_c.so
[2.575s] -- Up-to-date: /home/hunajpu/dev_tt_ws/install/ros2_data/lib/libros2_data__rosidl_typesupport_introspection_cpp.so
[2.575s] -- Up-to-date: /home/hunajpu/dev_tt_ws/install/ros2_data/lib/libros2_data__rosidl_typesupport_cpp.so
[2.685s] -- Up-to-date: /home/hunajpu/dev_tt_ws/install/ros2_data/share/ros2_data/cmake/ros2_data__rosidl_generator_cExport.cmake
[2.686s] -- Up-to-date: /home/hunajpu/dev_tt_ws/install/ros2_data/share/ros2_data/cmake/ros2_data__rosidl_generator_cExport-debug.cmake
[2.686s] -- Up-to-date: /home/hunajpu/dev_tt_ws/install/ros2_data/share/ros2_data/cmake/ros2_data__rosidl_typesupport_introspection_cExport.cmake
[2.686s] -- Up-to-date: /home/hunajpu/dev_tt_ws/install/ros2_data/share/ros2_data/cmake/ros2_data__rosidl_typesupport_introspection_cExport-debug.cmake
[2.687s] -- Up-to-date: /home/hunajpu/dev_tt_ws/install/ros2_data/share/ros2_data/cmake/ros2_data__rosidl_typesupport_cExport.cmake
[2.687s] -- Up-to-date: /home/hunajpu/dev_tt_ws/install/ros2_data/share/ros2_data/cmake/ros2_data__rosidl_typesupport_cExport-debug.cmake
[2.687s] -- Up-to-date: /home/hunajpu/dev_tt_ws/install/ros2_data/share/ros2_data/cmake/ros2_data__rosidl_generator_cppExport.cmake
[2.687s] -- Up-to-date: /home/hunajpu/dev_tt_ws/install/ros2_data/share/ros2_data/cmake/ros2_data__rosidl_typesupport_introspection_cppExport.cmake
[2.687s] -- Up-to-date: /home/hunajpu/dev_tt_ws/install/ros2_data/share/ros2_data/cmake/ros2_data__rosidl_typesupport_introspection_cppExport-debug.cmake
[2.689s] -- Up-to-date: /home/hunajpu/dev_tt_ws/install/ros2_data/share/ros2_data/cmake/ros2_data__rosidl_typesupport_cppExport.cmake
[2.690s] -- Up-to-date: /home/hunajpu/dev_tt_ws/install/ros2_data/share/ros2_data/cmake/ros2_data__rosidl_typesupport_cppExport-debug.cmake
[2.781s] Invoked command in '/home/hunajpu/dev_tt_ws/build/ros2_data' returned '0': CMAKE_PREFIX_PATH=${CMAKE_PREFIX_PATH}:/opt/ros/foxy /usr/bin/cmake --install /home/hunajpu/dev_tt_ws/build/ros2_data
