[0.208s] Invoking command in '/home/hunajpu/dev_tt_ws/build/rosbridge_server': AMENT_PREFIX_PATH=/home/hunajpu/dev_tt_ws/install/rosapi:/home/hunajpu/dev_tt_ws/install/rosbridge_library:/home/hunajpu/dev_tt_ws/install/rosbridge_msgs:/home/hunajpu/dev_tt_ws/install/rosapi_msgs CMAKE_PREFIX_PATH=/home/hunajpu/dev_tt_ws/install/rosapi:/home/hunajpu/dev_tt_ws/install/rosbridge_library:/home/hunajpu/dev_tt_ws/install/rosbridge_msgs:/home/hunajpu/dev_tt_ws/install/rosapi_msgs LD_LIBRARY_PATH=/home/hunajpu/dev_tt_ws/install/rosbridge_msgs/lib:/home/hunajpu/dev_tt_ws/install/rosapi_msgs/lib PYTHONPATH=/home/hunajpu/dev_tt_ws/install/rosapi/lib/python3.8/site-packages:/home/hunajpu/dev_tt_ws/install/rosbridge_library/lib/python3.8/site-packages:/home/hunajpu/dev_tt_ws/install/rosbridge_msgs/lib/python3.8/site-packages:/home/hunajpu/dev_tt_ws/install/rosapi_msgs/lib/python3.8/site-packages /usr/bin/cmake --build /home/hunajpu/dev_tt_ws/build/rosbridge_server -- -j8 -l8
[0.467s] Invoked command in '/home/hunajpu/dev_tt_ws/build/rosbridge_server' returned '0': AMENT_PREFIX_PATH=/home/hunajpu/dev_tt_ws/install/rosapi:/home/hunajpu/dev_tt_ws/install/rosbridge_library:/home/hunajpu/dev_tt_ws/install/rosbridge_msgs:/home/hunajpu/dev_tt_ws/install/rosapi_msgs CMAKE_PREFIX_PATH=/home/hunajpu/dev_tt_ws/install/rosapi:/home/hunajpu/dev_tt_ws/install/rosbridge_library:/home/hunajpu/dev_tt_ws/install/rosbridge_msgs:/home/hunajpu/dev_tt_ws/install/rosapi_msgs LD_LIBRARY_PATH=/home/hunajpu/dev_tt_ws/install/rosbridge_msgs/lib:/home/hunajpu/dev_tt_ws/install/rosapi_msgs/lib PYTHONPATH=/home/hunajpu/dev_tt_ws/install/rosapi/lib/python3.8/site-packages:/home/hunajpu/dev_tt_ws/install/rosbridge_library/lib/python3.8/site-packages:/home/hunajpu/dev_tt_ws/install/rosbridge_msgs/lib/python3.8/site-packages:/home/hunajpu/dev_tt_ws/install/rosapi_msgs/lib/python3.8/site-packages /usr/bin/cmake --build /home/hunajpu/dev_tt_ws/build/rosbridge_server -- -j8 -l8
[0.492s] Invoking command in '/home/hunajpu/dev_tt_ws/build/rosbridge_server': AMENT_PREFIX_PATH=/home/hunajpu/dev_tt_ws/install/rosapi:/home/hunajpu/dev_tt_ws/install/rosbridge_library:/home/hunajpu/dev_tt_ws/install/rosbridge_msgs:/home/hunajpu/dev_tt_ws/install/rosapi_msgs CMAKE_PREFIX_PATH=/home/hunajpu/dev_tt_ws/install/rosapi:/home/hunajpu/dev_tt_ws/install/rosbridge_library:/home/hunajpu/dev_tt_ws/install/rosbridge_msgs:/home/hunajpu/dev_tt_ws/install/rosapi_msgs LD_LIBRARY_PATH=/home/hunajpu/dev_tt_ws/install/rosbridge_msgs/lib:/home/hunajpu/dev_tt_ws/install/rosapi_msgs/lib PYTHONPATH=/home/hunajpu/dev_tt_ws/install/rosapi/lib/python3.8/site-packages:/home/hunajpu/dev_tt_ws/install/rosbridge_library/lib/python3.8/site-packages:/home/hunajpu/dev_tt_ws/install/rosbridge_msgs/lib/python3.8/site-packages:/home/hunajpu/dev_tt_ws/install/rosapi_msgs/lib/python3.8/site-packages /usr/bin/cmake --install /home/hunajpu/dev_tt_ws/build/rosbridge_server
[0.526s] -- Install configuration: "Debug"
[0.527s] -- Execute custom install script
[0.527s] -- Up-to-date symlink: /home/hunajpu/dev_tt_ws/install/rosbridge_server/share/rosbridge_server/environment/pythonpath.sh
[0.527s] -- Up-to-date symlink: /home/hunajpu/dev_tt_ws/install/rosbridge_server/share/rosbridge_server/environment/pythonpath.dsv
[0.528s] -- Up-to-date symlink: /home/hunajpu/dev_tt_ws/install/rosbridge_server/lib/python3.8/site-packages/rosbridge_server/__init__.py
[0.528s] -- Up-to-date symlink: /home/hunajpu/dev_tt_ws/install/rosbridge_server/lib/python3.8/site-packages/rosbridge_server/client_mananger.py
[0.529s] -- Up-to-date symlink: /home/hunajpu/dev_tt_ws/install/rosbridge_server/lib/python3.8/site-packages/rosbridge_server/websocket_handler.py
[0.529s] -- Up-to-date symlink: /home/hunajpu/dev_tt_ws/install/rosbridge_server/share/ament_index/resource_index/package_run_dependencies/rosbridge_server
[0.529s] -- Up-to-date symlink: /home/hunajpu/dev_tt_ws/install/rosbridge_server/share/ament_index/resource_index/parent_prefix_path/rosbridge_server
[0.530s] -- Up-to-date symlink: /home/hunajpu/dev_tt_ws/install/rosbridge_server/share/rosbridge_server/environment/ament_prefix_path.sh
[0.530s] -- Up-to-date symlink: /home/hunajpu/dev_tt_ws/install/rosbridge_server/share/rosbridge_server/environment/ament_prefix_path.dsv
[0.530s] -- Up-to-date symlink: /home/hunajpu/dev_tt_ws/install/rosbridge_server/share/rosbridge_server/environment/path.sh
[0.531s] -- Up-to-date symlink: /home/hunajpu/dev_tt_ws/install/rosbridge_server/share/rosbridge_server/environment/path.dsv
[0.531s] -- Up-to-date symlink: /home/hunajpu/dev_tt_ws/install/rosbridge_server/share/rosbridge_server/local_setup.bash
[0.531s] -- Up-to-date symlink: /home/hunajpu/dev_tt_ws/install/rosbridge_server/share/rosbridge_server/local_setup.sh
[0.532s] -- Up-to-date symlink: /home/hunajpu/dev_tt_ws/install/rosbridge_server/share/rosbridge_server/local_setup.zsh
[0.533s] -- Up-to-date symlink: /home/hunajpu/dev_tt_ws/install/rosbridge_server/share/rosbridge_server/local_setup.dsv
[0.533s] -- Symlinking: /home/hunajpu/dev_tt_ws/install/rosbridge_server/share/rosbridge_server/package.dsv
[0.544s] -- Up-to-date symlink: /home/hunajpu/dev_tt_ws/install/rosbridge_server/share/ament_index/resource_index/packages/rosbridge_server
[0.544s] -- Up-to-date symlink: /home/hunajpu/dev_tt_ws/install/rosbridge_server/share/rosbridge_server/cmake/rosbridge_serverConfig.cmake
[0.544s] -- Up-to-date symlink: /home/hunajpu/dev_tt_ws/install/rosbridge_server/share/rosbridge_server/cmake/rosbridge_serverConfig-version.cmake
[0.545s] -- Up-to-date symlink: /home/hunajpu/dev_tt_ws/install/rosbridge_server/share/rosbridge_server/package.xml
[0.545s] -- Up-to-date symlink: /home/hunajpu/dev_tt_ws/install/rosbridge_server/lib/rosbridge_server/rosbridge_websocket.py
[0.545s] -- Up-to-date symlink: /home/hunajpu/dev_tt_ws/install/rosbridge_server/lib/rosbridge_server/rosbridge_websocket
[0.546s] -- Up-to-date symlink: /home/hunajpu/dev_tt_ws/install/rosbridge_server/share/rosbridge_server/launch/rosbridge_websocket_launch.xml
[0.608s] Listing '/home/hunajpu/dev_tt_ws/install/rosbridge_server/lib/python3.8/site-packages/rosbridge_server'...
[0.619s] Invoked command in '/home/hunajpu/dev_tt_ws/build/rosbridge_server' returned '0': AMENT_PREFIX_PATH=/home/hunajpu/dev_tt_ws/install/rosapi:/home/hunajpu/dev_tt_ws/install/rosbridge_library:/home/hunajpu/dev_tt_ws/install/rosbridge_msgs:/home/hunajpu/dev_tt_ws/install/rosapi_msgs CMAKE_PREFIX_PATH=/home/hunajpu/dev_tt_ws/install/rosapi:/home/hunajpu/dev_tt_ws/install/rosbridge_library:/home/hunajpu/dev_tt_ws/install/rosbridge_msgs:/home/hunajpu/dev_tt_ws/install/rosapi_msgs LD_LIBRARY_PATH=/home/hunajpu/dev_tt_ws/install/rosbridge_msgs/lib:/home/hunajpu/dev_tt_ws/install/rosapi_msgs/lib PYTHONPATH=/home/hunajpu/dev_tt_ws/install/rosapi/lib/python3.8/site-packages:/home/hunajpu/dev_tt_ws/install/rosbridge_library/lib/python3.8/site-packages:/home/hunajpu/dev_tt_ws/install/rosbridge_msgs/lib/python3.8/site-packages:/home/hunajpu/dev_tt_ws/install/rosapi_msgs/lib/python3.8/site-packages /usr/bin/cmake --install /home/hunajpu/dev_tt_ws/build/rosbridge_server
