[0.140s] Invoking command in '/home/hunajpu/dev_tt_ws/build/ros2_data': CMAKE_PREFIX_PATH=${CMAKE_PREFIX_PATH}:/opt/ros/foxy /usr/bin/cmake --build /home/hunajpu/dev_tt_ws/build/ros2_data -- -j8 -l8
[0.402s] [  1%] Built target ros2-data
[0.418s] [ 12%] Built target ros2_data__rosidl_generator_c
[0.428s] [ 13%] Built target ros2_data__cpp
[0.556s] [ 25%] Built target ros2_data__rosidl_typesupport_c
[0.621s] [ 36%] Built target ros2_data__rosidl_typesupport_introspection_c
[0.704s] [ 60%] Built target ros2_data__rosidl_typesupport_cpp
[0.705s] [ 60%] Built target ros2_data__rosidl_typesupport_introspection_cpp
[0.727s] [ 72%] Built target ros2_data__rosidl_typesupport_fastrtps_cpp
[0.799s] [ 83%] Built target ros2_data__rosidl_typesupport_fastrtps_c
[0.834s] [ 83%] Built target ros2_data
[0.910s] [ 84%] Built target ros2_data__py
[1.015s] [ 95%] Built target ros2_data__python
[1.140s] [ 96%] Built target ros2_data__rosidl_typesupport_c__pyext
[1.140s] [ 98%] Built target ros2_data__rosidl_typesupport_fastrtps_c__pyext
[1.141s] [100%] Built target ros2_data__rosidl_typesupport_introspection_c__pyext
[1.231s] Invoked command in '/home/hunajpu/dev_tt_ws/build/ros2_data' returned '0': CMAKE_PREFIX_PATH=${CMAKE_PREFIX_PATH}:/opt/ros/foxy /usr/bin/cmake --build /home/hunajpu/dev_tt_ws/build/ros2_data -- -j8 -l8
[2.034s] Invoking command in '/home/hunajpu/dev_tt_ws/build/ros2_data': CMAKE_PREFIX_PATH=${CMAKE_PREFIX_PATH}:/opt/ros/foxy /usr/bin/cmake --install /home/hunajpu/dev_tt_ws/build/ros2_data
[2.068s] -- Install configuration: "Debug"
[2.068s] -- Execute custom install script
[2.068s] -- Up-to-date symlink: /home/hunajpu/dev_tt_ws/install/ros2_data/share/ament_index/resource_index/rosidl_interfaces/ros2_data
[2.071s] -- Up-to-date symlink: /home/hunajpu/dev_tt_ws/install/ros2_data/include/ros2_data/action/detail/move_g__functions.h
[2.071s] -- Up-to-date symlink: /home/hunajpu/dev_tt_ws/install/ros2_data/include/ros2_data/action/detail/move_g__struct.h
[2.071s] -- Up-to-date symlink: /home/hunajpu/dev_tt_ws/install/ros2_data/include/ros2_data/action/detail/move_g__type_support.h
[2.071s] -- Up-to-date symlink: /home/hunajpu/dev_tt_ws/install/ros2_data/include/ros2_data/action/detail/move_j__functions.h
[2.071s] -- Up-to-date symlink: /home/hunajpu/dev_tt_ws/install/ros2_data/include/ros2_data/action/detail/move_j__struct.h
[2.072s] -- Up-to-date symlink: /home/hunajpu/dev_tt_ws/install/ros2_data/include/ros2_data/action/detail/move_j__type_support.h
[2.072s] -- Up-to-date symlink: /home/hunajpu/dev_tt_ws/install/ros2_data/include/ros2_data/action/detail/move_jpanda__functions.h
[2.072s] -- Up-to-date symlink: /home/hunajpu/dev_tt_ws/install/ros2_data/include/ros2_data/action/detail/move_jpanda__struct.h
[2.073s] -- Up-to-date symlink: /home/hunajpu/dev_tt_ws/install/ros2_data/include/ros2_data/action/detail/move_jpanda__type_support.h
[2.073s] -- Up-to-date symlink: /home/hunajpu/dev_tt_ws/install/ros2_data/include/ros2_data/action/detail/move_l__functions.h
[2.073s] -- Up-to-date symlink: /home/hunajpu/dev_tt_ws/install/ros2_data/include/ros2_data/action/detail/move_l__struct.h
[2.074s] -- Up-to-date symlink: /home/hunajpu/dev_tt_ws/install/ros2_data/include/ros2_data/action/detail/move_l__type_support.h
[2.074s] -- Up-to-date symlink: /home/hunajpu/dev_tt_ws/install/ros2_data/include/ros2_data/action/detail/move_r__functions.h
[2.074s] -- Up-to-date symlink: /home/hunajpu/dev_tt_ws/install/ros2_data/include/ros2_data/action/detail/move_r__struct.h
[2.076s] -- Up-to-date symlink: /home/hunajpu/dev_tt_ws/install/ros2_data/include/ros2_data/action/detail/move_r__type_support.h
[2.076s] -- Up-to-date symlink: /home/hunajpu/dev_tt_ws/install/ros2_data/include/ros2_data/action/detail/move_xyz__functions.h
[2.077s] -- Up-to-date symlink: /home/hunajpu/dev_tt_ws/install/ros2_data/include/ros2_data/action/detail/move_xyz__struct.h
[2.077s] -- Up-to-date symlink: /home/hunajpu/dev_tt_ws/install/ros2_data/include/ros2_data/action/detail/move_xyz__type_support.h
[2.078s] -- Up-to-date symlink: /home/hunajpu/dev_tt_ws/install/ros2_data/include/ros2_data/action/detail/move_xyzw__functions.h
[2.079s] -- Up-to-date symlink: /home/hunajpu/dev_tt_ws/install/ros2_data/include/ros2_data/action/detail/move_xyzw__struct.h
[2.079s] -- Up-to-date symlink: /home/hunajpu/dev_tt_ws/install/ros2_data/include/ros2_data/action/detail/move_xyzw__type_support.h
[2.079s] -- Up-to-date symlink: /home/hunajpu/dev_tt_ws/install/ros2_data/include/ros2_data/action/detail/move_ypr__functions.h
[2.080s] -- Up-to-date symlink: /home/hunajpu/dev_tt_ws/install/ros2_data/include/ros2_data/action/detail/move_ypr__struct.h
[2.080s] -- Up-to-date symlink: /home/hunajpu/dev_tt_ws/install/ros2_data/include/ros2_data/action/detail/move_ypr__type_support.h
[2.080s] -- Up-to-date symlink: /home/hunajpu/dev_tt_ws/install/ros2_data/include/ros2_data/action/move_g.h
[2.081s] -- Up-to-date symlink: /home/hunajpu/dev_tt_ws/install/ros2_data/include/ros2_data/action/move_j.h
[2.081s] -- Up-to-date symlink: /home/hunajpu/dev_tt_ws/install/ros2_data/include/ros2_data/action/move_jpanda.h
[2.081s] -- Up-to-date symlink: /home/hunajpu/dev_tt_ws/install/ros2_data/include/ros2_data/action/move_l.h
[2.082s] -- Up-to-date symlink: /home/hunajpu/dev_tt_ws/install/ros2_data/include/ros2_data/action/move_r.h
[2.082s] -- Up-to-date symlink: /home/hunajpu/dev_tt_ws/install/ros2_data/include/ros2_data/action/move_xyz.h
[2.082s] -- Up-to-date symlink: /home/hunajpu/dev_tt_ws/install/ros2_data/include/ros2_data/action/move_xyzw.h
[2.083s] -- Up-to-date symlink: /home/hunajpu/dev_tt_ws/install/ros2_data/include/ros2_data/action/move_ypr.h
[2.083s] -- Up-to-date symlink: /home/hunajpu/dev_tt_ws/install/ros2_data/include/ros2_data/msg/detail/joint_pose__functions.h
[2.083s] -- Up-to-date symlink: /home/hunajpu/dev_tt_ws/install/ros2_data/include/ros2_data/msg/detail/joint_pose__struct.h
[2.084s] -- Up-to-date symlink: /home/hunajpu/dev_tt_ws/install/ros2_data/include/ros2_data/msg/detail/joint_pose__type_support.h
[2.084s] -- Up-to-date symlink: /home/hunajpu/dev_tt_ws/install/ros2_data/include/ros2_data/msg/detail/joint_pose_panda__functions.h
[2.084s] -- Up-to-date symlink: /home/hunajpu/dev_tt_ws/install/ros2_data/include/ros2_data/msg/detail/joint_pose_panda__struct.h
[2.085s] -- Up-to-date symlink: /home/hunajpu/dev_tt_ws/install/ros2_data/include/ros2_data/msg/detail/joint_pose_panda__type_support.h
[2.085s] -- Up-to-date symlink: /home/hunajpu/dev_tt_ws/install/ros2_data/include/ros2_data/msg/joint_pose.h
[2.085s] -- Up-to-date symlink: /home/hunajpu/dev_tt_ws/install/ros2_data/include/ros2_data/msg/joint_pose_panda.h
[2.085s] -- Up-to-date symlink: /home/hunajpu/dev_tt_ws/install/ros2_data/include/ros2_data/msg/rosidl_generator_c__visibility_control.h
[2.086s] -- Up-to-date symlink: /home/hunajpu/dev_tt_ws/install/ros2_data/include/ros2_data/srv/detail/gripper_pose__functions.h
[2.086s] -- Up-to-date symlink: /home/hunajpu/dev_tt_ws/install/ros2_data/include/ros2_data/srv/detail/gripper_pose__struct.h
[2.086s] -- Up-to-date symlink: /home/hunajpu/dev_tt_ws/install/ros2_data/include/ros2_data/srv/detail/gripper_pose__type_support.h
[2.087s] -- Up-to-date symlink: /home/hunajpu/dev_tt_ws/install/ros2_data/include/ros2_data/srv/detail/joint_pose__functions.h
[2.087s] -- Up-to-date symlink: /home/hunajpu/dev_tt_ws/install/ros2_data/include/ros2_data/srv/detail/joint_pose__struct.h
[2.087s] -- Up-to-date symlink: /home/hunajpu/dev_tt_ws/install/ros2_data/include/ros2_data/srv/detail/joint_pose__type_support.h
[2.088s] -- Up-to-date symlink: /home/hunajpu/dev_tt_ws/install/ros2_data/include/ros2_data/srv/gripper_pose.h
[2.088s] -- Up-to-date symlink: /home/hunajpu/dev_tt_ws/install/ros2_data/include/ros2_data/srv/joint_pose.h
[2.088s] -- Up-to-date symlink: /home/hunajpu/dev_tt_ws/install/ros2_data/share/ros2_data/environment/library_path.sh
[2.089s] -- Up-to-date symlink: /home/hunajpu/dev_tt_ws/install/ros2_data/share/ros2_data/environment/library_path.dsv
[2.091s] -- Up-to-date symlink: /home/hunajpu/dev_tt_ws/install/ros2_data/include/ros2_data/action/detail/move_g__rosidl_typesupport_fastrtps_c.h
[2.092s] -- Up-to-date symlink: /home/hunajpu/dev_tt_ws/install/ros2_data/include/ros2_data/action/detail/move_j__rosidl_typesupport_fastrtps_c.h
[2.092s] -- Up-to-date symlink: /home/hunajpu/dev_tt_ws/install/ros2_data/include/ros2_data/action/detail/move_jpanda__rosidl_typesupport_fastrtps_c.h
[2.092s] -- Up-to-date symlink: /home/hunajpu/dev_tt_ws/install/ros2_data/include/ros2_data/action/detail/move_l__rosidl_typesupport_fastrtps_c.h
[2.093s] -- Up-to-date symlink: /home/hunajpu/dev_tt_ws/install/ros2_data/include/ros2_data/action/detail/move_r__rosidl_typesupport_fastrtps_c.h
[2.093s] -- Up-to-date symlink: /home/hunajpu/dev_tt_ws/install/ros2_data/include/ros2_data/action/detail/move_xyz__rosidl_typesupport_fastrtps_c.h
[2.093s] -- Up-to-date symlink: /home/hunajpu/dev_tt_ws/install/ros2_data/include/ros2_data/action/detail/move_xyzw__rosidl_typesupport_fastrtps_c.h
[2.094s] -- Up-to-date symlink: /home/hunajpu/dev_tt_ws/install/ros2_data/include/ros2_data/action/detail/move_ypr__rosidl_typesupport_fastrtps_c.h
[2.094s] -- Up-to-date symlink: /home/hunajpu/dev_tt_ws/install/ros2_data/include/ros2_data/msg/detail/joint_pose__rosidl_typesupport_fastrtps_c.h
[2.094s] -- Up-to-date symlink: /home/hunajpu/dev_tt_ws/install/ros2_data/include/ros2_data/msg/detail/joint_pose_panda__rosidl_typesupport_fastrtps_c.h
[2.095s] -- Up-to-date symlink: /home/hunajpu/dev_tt_ws/install/ros2_data/include/ros2_data/msg/rosidl_typesupport_fastrtps_c__visibility_control.h
[2.095s] -- Up-to-date symlink: /home/hunajpu/dev_tt_ws/install/ros2_data/include/ros2_data/srv/detail/gripper_pose__rosidl_typesupport_fastrtps_c.h
[2.095s] -- Up-to-date symlink: /home/hunajpu/dev_tt_ws/install/ros2_data/include/ros2_data/srv/detail/joint_pose__rosidl_typesupport_fastrtps_c.h
[2.095s] -- Up-to-date symlink: /home/hunajpu/dev_tt_ws/install/ros2_data/lib/libros2_data__rosidl_typesupport_fastrtps_c.so
[2.097s] -- Up-to-date symlink: /home/hunajpu/dev_tt_ws/install/ros2_data/include/ros2_data/action/detail/move_g__rosidl_typesupport_fastrtps_cpp.hpp
[2.097s] -- Up-to-date symlink: /home/hunajpu/dev_tt_ws/install/ros2_data/include/ros2_data/action/detail/move_j__rosidl_typesupport_fastrtps_cpp.hpp
[2.098s] -- Up-to-date symlink: /home/hunajpu/dev_tt_ws/install/ros2_data/include/ros2_data/action/detail/move_jpanda__rosidl_typesupport_fastrtps_cpp.hpp
[2.098s] -- Up-to-date symlink: /home/hunajpu/dev_tt_ws/install/ros2_data/include/ros2_data/action/detail/move_l__rosidl_typesupport_fastrtps_cpp.hpp
[2.098s] -- Up-to-date symlink: /home/hunajpu/dev_tt_ws/install/ros2_data/include/ros2_data/action/detail/move_r__rosidl_typesupport_fastrtps_cpp.hpp
[2.099s] -- Up-to-date symlink: /home/hunajpu/dev_tt_ws/install/ros2_data/include/ros2_data/action/detail/move_xyz__rosidl_typesupport_fastrtps_cpp.hpp
[2.099s] -- Up-to-date symlink: /home/hunajpu/dev_tt_ws/install/ros2_data/include/ros2_data/action/detail/move_xyzw__rosidl_typesupport_fastrtps_cpp.hpp
[2.100s] -- Up-to-date symlink: /home/hunajpu/dev_tt_ws/install/ros2_data/include/ros2_data/action/detail/move_ypr__rosidl_typesupport_fastrtps_cpp.hpp
[2.100s] -- Up-to-date symlink: /home/hunajpu/dev_tt_ws/install/ros2_data/include/ros2_data/msg/detail/joint_pose__rosidl_typesupport_fastrtps_cpp.hpp
[2.103s] -- Up-to-date symlink: /home/hunajpu/dev_tt_ws/install/ros2_data/include/ros2_data/msg/detail/joint_pose_panda__rosidl_typesupport_fastrtps_cpp.hpp
[2.104s] -- Up-to-date symlink: /home/hunajpu/dev_tt_ws/install/ros2_data/include/ros2_data/msg/rosidl_typesupport_fastrtps_cpp__visibility_control.h
[2.116s] -- Up-to-date symlink: /home/hunajpu/dev_tt_ws/install/ros2_data/include/ros2_data/srv/detail/gripper_pose__rosidl_typesupport_fastrtps_cpp.hpp
[2.117s] -- Up-to-date symlink: /home/hunajpu/dev_tt_ws/install/ros2_data/include/ros2_data/srv/detail/joint_pose__rosidl_typesupport_fastrtps_cpp.hpp
[2.117s] -- Up-to-date symlink: /home/hunajpu/dev_tt_ws/install/ros2_data/lib/libros2_data__rosidl_typesupport_fastrtps_cpp.so
[2.117s] -- Up-to-date symlink: /home/hunajpu/dev_tt_ws/install/ros2_data/include/ros2_data/action/detail/move_g__rosidl_typesupport_introspection_c.h
[2.117s] -- Up-to-date symlink: /home/hunajpu/dev_tt_ws/install/ros2_data/include/ros2_data/action/detail/move_j__rosidl_typesupport_introspection_c.h
[2.117s] -- Up-to-date symlink: /home/hunajpu/dev_tt_ws/install/ros2_data/include/ros2_data/action/detail/move_jpanda__rosidl_typesupport_introspection_c.h
[2.118s] -- Up-to-date symlink: /home/hunajpu/dev_tt_ws/install/ros2_data/include/ros2_data/action/detail/move_l__rosidl_typesupport_introspection_c.h
[2.118s] -- Up-to-date symlink: /home/hunajpu/dev_tt_ws/install/ros2_data/include/ros2_data/action/detail/move_r__rosidl_typesupport_introspection_c.h
[2.118s] -- Up-to-date symlink: /home/hunajpu/dev_tt_ws/install/ros2_data/include/ros2_data/action/detail/move_xyz__rosidl_typesupport_introspection_c.h
[2.118s] -- Up-to-date symlink: /home/hunajpu/dev_tt_ws/install/ros2_data/include/ros2_data/action/detail/move_xyzw__rosidl_typesupport_introspection_c.h
[2.119s] -- Up-to-date symlink: /home/hunajpu/dev_tt_ws/install/ros2_data/include/ros2_data/action/detail/move_ypr__rosidl_typesupport_introspection_c.h
[2.119s] -- Up-to-date symlink: /home/hunajpu/dev_tt_ws/install/ros2_data/include/ros2_data/msg/detail/joint_pose__rosidl_typesupport_introspection_c.h
[2.120s] -- Up-to-date symlink: /home/hunajpu/dev_tt_ws/install/ros2_data/include/ros2_data/msg/detail/joint_pose_panda__rosidl_typesupport_introspection_c.h
[2.120s] -- Up-to-date symlink: /home/hunajpu/dev_tt_ws/install/ros2_data/include/ros2_data/msg/rosidl_typesupport_introspection_c__visibility_control.h
[2.120s] -- Up-to-date symlink: /home/hunajpu/dev_tt_ws/install/ros2_data/include/ros2_data/srv/detail/gripper_pose__rosidl_typesupport_introspection_c.h
[2.120s] -- Up-to-date symlink: /home/hunajpu/dev_tt_ws/install/ros2_data/include/ros2_data/srv/detail/joint_pose__rosidl_typesupport_introspection_c.h
[2.120s] -- Up-to-date symlink: /home/hunajpu/dev_tt_ws/install/ros2_data/include/ros2_data/action/detail/move_g__builder.hpp
[2.121s] -- Up-to-date symlink: /home/hunajpu/dev_tt_ws/install/ros2_data/include/ros2_data/action/detail/move_g__struct.hpp
[2.121s] -- Up-to-date symlink: /home/hunajpu/dev_tt_ws/install/ros2_data/include/ros2_data/action/detail/move_g__traits.hpp
[2.121s] -- Up-to-date symlink: /home/hunajpu/dev_tt_ws/install/ros2_data/include/ros2_data/action/detail/move_j__builder.hpp
[2.121s] -- Up-to-date symlink: /home/hunajpu/dev_tt_ws/install/ros2_data/include/ros2_data/action/detail/move_j__struct.hpp
[2.122s] -- Up-to-date symlink: /home/hunajpu/dev_tt_ws/install/ros2_data/include/ros2_data/action/detail/move_j__traits.hpp
[2.122s] -- Up-to-date symlink: /home/hunajpu/dev_tt_ws/install/ros2_data/include/ros2_data/action/detail/move_jpanda__builder.hpp
[2.122s] -- Up-to-date symlink: /home/hunajpu/dev_tt_ws/install/ros2_data/include/ros2_data/action/detail/move_jpanda__struct.hpp
[2.122s] -- Up-to-date symlink: /home/hunajpu/dev_tt_ws/install/ros2_data/include/ros2_data/action/detail/move_jpanda__traits.hpp
[2.122s] -- Up-to-date symlink: /home/hunajpu/dev_tt_ws/install/ros2_data/include/ros2_data/action/detail/move_l__builder.hpp
[2.123s] -- Up-to-date symlink: /home/hunajpu/dev_tt_ws/install/ros2_data/include/ros2_data/action/detail/move_l__struct.hpp
[2.123s] -- Up-to-date symlink: /home/hunajpu/dev_tt_ws/install/ros2_data/include/ros2_data/action/detail/move_l__traits.hpp
[2.123s] -- Up-to-date symlink: /home/hunajpu/dev_tt_ws/install/ros2_data/include/ros2_data/action/detail/move_r__builder.hpp
[2.123s] -- Up-to-date symlink: /home/hunajpu/dev_tt_ws/install/ros2_data/include/ros2_data/action/detail/move_r__struct.hpp
[2.123s] -- Up-to-date symlink: /home/hunajpu/dev_tt_ws/install/ros2_data/include/ros2_data/action/detail/move_r__traits.hpp
[2.123s] -- Up-to-date symlink: /home/hunajpu/dev_tt_ws/install/ros2_data/include/ros2_data/action/detail/move_xyz__builder.hpp
[2.123s] -- Up-to-date symlink: /home/hunajpu/dev_tt_ws/install/ros2_data/include/ros2_data/action/detail/move_xyz__struct.hpp
[2.124s] -- Up-to-date symlink: /home/hunajpu/dev_tt_ws/install/ros2_data/include/ros2_data/action/detail/move_xyz__traits.hpp
[2.124s] -- Up-to-date symlink: /home/hunajpu/dev_tt_ws/install/ros2_data/include/ros2_data/action/detail/move_xyzw__builder.hpp
[2.124s] -- Up-to-date symlink: /home/hunajpu/dev_tt_ws/install/ros2_data/include/ros2_data/action/detail/move_xyzw__struct.hpp
[2.124s] -- Up-to-date symlink: /home/hunajpu/dev_tt_ws/install/ros2_data/include/ros2_data/action/detail/move_xyzw__traits.hpp
[2.125s] -- Up-to-date symlink: /home/hunajpu/dev_tt_ws/install/ros2_data/include/ros2_data/action/detail/move_ypr__builder.hpp
[2.125s] -- Up-to-date symlink: /home/hunajpu/dev_tt_ws/install/ros2_data/include/ros2_data/action/detail/move_ypr__struct.hpp
[2.125s] -- Up-to-date symlink: /home/hunajpu/dev_tt_ws/install/ros2_data/include/ros2_data/action/detail/move_ypr__traits.hpp
[2.125s] -- Up-to-date symlink: /home/hunajpu/dev_tt_ws/install/ros2_data/include/ros2_data/action/move_g.hpp
[2.126s] -- Up-to-date symlink: /home/hunajpu/dev_tt_ws/install/ros2_data/include/ros2_data/action/move_j.hpp
[2.126s] -- Up-to-date symlink: /home/hunajpu/dev_tt_ws/install/ros2_data/include/ros2_data/action/move_jpanda.hpp
[2.126s] -- Up-to-date symlink: /home/hunajpu/dev_tt_ws/install/ros2_data/include/ros2_data/action/move_l.hpp
[2.126s] -- Up-to-date symlink: /home/hunajpu/dev_tt_ws/install/ros2_data/include/ros2_data/action/move_r.hpp
[2.126s] -- Up-to-date symlink: /home/hunajpu/dev_tt_ws/install/ros2_data/include/ros2_data/action/move_xyz.hpp
[2.127s] -- Up-to-date symlink: /home/hunajpu/dev_tt_ws/install/ros2_data/include/ros2_data/action/move_xyzw.hpp
[2.128s] -- Up-to-date symlink: /home/hunajpu/dev_tt_ws/install/ros2_data/include/ros2_data/action/move_ypr.hpp
[2.128s] -- Up-to-date symlink: /home/hunajpu/dev_tt_ws/install/ros2_data/include/ros2_data/msg/detail/joint_pose__builder.hpp
[2.129s] -- Up-to-date symlink: /home/hunajpu/dev_tt_ws/install/ros2_data/include/ros2_data/msg/detail/joint_pose__struct.hpp
[2.129s] -- Up-to-date symlink: /home/hunajpu/dev_tt_ws/install/ros2_data/include/ros2_data/msg/detail/joint_pose__traits.hpp
[2.129s] -- Up-to-date symlink: /home/hunajpu/dev_tt_ws/install/ros2_data/include/ros2_data/msg/detail/joint_pose_panda__builder.hpp
[2.129s] -- Up-to-date symlink: /home/hunajpu/dev_tt_ws/install/ros2_data/include/ros2_data/msg/detail/joint_pose_panda__struct.hpp
[2.129s] -- Up-to-date symlink: /home/hunajpu/dev_tt_ws/install/ros2_data/include/ros2_data/msg/detail/joint_pose_panda__traits.hpp
[2.130s] -- Up-to-date symlink: /home/hunajpu/dev_tt_ws/install/ros2_data/include/ros2_data/msg/joint_pose.hpp
[2.130s] -- Up-to-date symlink: /home/hunajpu/dev_tt_ws/install/ros2_data/include/ros2_data/msg/joint_pose_panda.hpp
[2.130s] -- Up-to-date symlink: /home/hunajpu/dev_tt_ws/install/ros2_data/include/ros2_data/srv/detail/gripper_pose__builder.hpp
[2.130s] -- Up-to-date symlink: /home/hunajpu/dev_tt_ws/install/ros2_data/include/ros2_data/srv/detail/gripper_pose__struct.hpp
[2.130s] -- Up-to-date symlink: /home/hunajpu/dev_tt_ws/install/ros2_data/include/ros2_data/srv/detail/gripper_pose__traits.hpp
[2.131s] -- Up-to-date symlink: /home/hunajpu/dev_tt_ws/install/ros2_data/include/ros2_data/srv/detail/joint_pose__builder.hpp
[2.131s] -- Up-to-date symlink: /home/hunajpu/dev_tt_ws/install/ros2_data/include/ros2_data/srv/detail/joint_pose__struct.hpp
[2.131s] -- Up-to-date symlink: /home/hunajpu/dev_tt_ws/install/ros2_data/include/ros2_data/srv/detail/joint_pose__traits.hpp
[2.132s] -- Up-to-date symlink: /home/hunajpu/dev_tt_ws/install/ros2_data/include/ros2_data/srv/gripper_pose.hpp
[2.132s] -- Up-to-date symlink: /home/hunajpu/dev_tt_ws/install/ros2_data/include/ros2_data/srv/joint_pose.hpp
[2.132s] -- Up-to-date symlink: /home/hunajpu/dev_tt_ws/install/ros2_data/include/ros2_data/action/detail/move_g__rosidl_typesupport_introspection_cpp.hpp
[2.132s] -- Up-to-date symlink: /home/hunajpu/dev_tt_ws/install/ros2_data/include/ros2_data/action/detail/move_j__rosidl_typesupport_introspection_cpp.hpp
[2.133s] -- Up-to-date symlink: /home/hunajpu/dev_tt_ws/install/ros2_data/include/ros2_data/action/detail/move_jpanda__rosidl_typesupport_introspection_cpp.hpp
[2.133s] -- Up-to-date symlink: /home/hunajpu/dev_tt_ws/install/ros2_data/include/ros2_data/action/detail/move_l__rosidl_typesupport_introspection_cpp.hpp
[2.133s] -- Up-to-date symlink: /home/hunajpu/dev_tt_ws/install/ros2_data/include/ros2_data/action/detail/move_r__rosidl_typesupport_introspection_cpp.hpp
[2.133s] -- Up-to-date symlink: /home/hunajpu/dev_tt_ws/install/ros2_data/include/ros2_data/action/detail/move_xyz__rosidl_typesupport_introspection_cpp.hpp
[2.133s] -- Up-to-date symlink: /home/hunajpu/dev_tt_ws/install/ros2_data/include/ros2_data/action/detail/move_xyzw__rosidl_typesupport_introspection_cpp.hpp
[2.133s] -- Up-to-date symlink: /home/hunajpu/dev_tt_ws/install/ros2_data/include/ros2_data/action/detail/move_ypr__rosidl_typesupport_introspection_cpp.hpp
[2.133s] -- Up-to-date symlink: /home/hunajpu/dev_tt_ws/install/ros2_data/include/ros2_data/msg/detail/joint_pose__rosidl_typesupport_introspection_cpp.hpp
[2.134s] -- Up-to-date symlink: /home/hunajpu/dev_tt_ws/install/ros2_data/include/ros2_data/msg/detail/joint_pose_panda__rosidl_typesupport_introspection_cpp.hpp
[2.134s] -- Up-to-date symlink: /home/hunajpu/dev_tt_ws/install/ros2_data/include/ros2_data/srv/detail/gripper_pose__rosidl_typesupport_introspection_cpp.hpp
[2.134s] -- Up-to-date symlink: /home/hunajpu/dev_tt_ws/install/ros2_data/include/ros2_data/srv/detail/joint_pose__rosidl_typesupport_introspection_cpp.hpp
[2.135s] -- Up-to-date symlink: /home/hunajpu/dev_tt_ws/install/ros2_data/share/ros2_data/environment/pythonpath.sh
[2.135s] -- Up-to-date symlink: /home/hunajpu/dev_tt_ws/install/ros2_data/share/ros2_data/environment/pythonpath.dsv
[2.135s] -- Up-to-date symlink: /home/hunajpu/dev_tt_ws/install/ros2_data/lib/python3.8/site-packages/ros2_data/__init__.py
[2.136s] -- Up-to-date symlink: /home/hunajpu/dev_tt_ws/install/ros2_data/lib/python3.8/site-packages/ros2_data/msg/__init__.py
[2.136s] -- Up-to-date symlink: /home/hunajpu/dev_tt_ws/install/ros2_data/lib/python3.8/site-packages/ros2_data/msg/_joint_pose.py
[2.136s] -- Up-to-date symlink: /home/hunajpu/dev_tt_ws/install/ros2_data/lib/python3.8/site-packages/ros2_data/msg/_joint_pose_panda.py
[2.137s] -- Up-to-date symlink: /home/hunajpu/dev_tt_ws/install/ros2_data/lib/python3.8/site-packages/ros2_data/srv/__init__.py
[2.137s] -- Up-to-date symlink: /home/hunajpu/dev_tt_ws/install/ros2_data/lib/python3.8/site-packages/ros2_data/srv/_gripper_pose.py
[2.137s] -- Up-to-date symlink: /home/hunajpu/dev_tt_ws/install/ros2_data/lib/python3.8/site-packages/ros2_data/srv/_joint_pose.py
[2.137s] -- Up-to-date symlink: /home/hunajpu/dev_tt_ws/install/ros2_data/lib/python3.8/site-packages/ros2_data/action/__init__.py
[2.137s] -- Up-to-date symlink: /home/hunajpu/dev_tt_ws/install/ros2_data/lib/python3.8/site-packages/ros2_data/action/_move_g.py
[2.138s] -- Up-to-date symlink: /home/hunajpu/dev_tt_ws/install/ros2_data/lib/python3.8/site-packages/ros2_data/action/_move_j.py
[2.138s] -- Up-to-date symlink: /home/hunajpu/dev_tt_ws/install/ros2_data/lib/python3.8/site-packages/ros2_data/action/_move_jpanda.py
[2.138s] -- Up-to-date symlink: /home/hunajpu/dev_tt_ws/install/ros2_data/lib/python3.8/site-packages/ros2_data/action/_move_l.py
[2.138s] -- Up-to-date symlink: /home/hunajpu/dev_tt_ws/install/ros2_data/lib/python3.8/site-packages/ros2_data/action/_move_r.py
[2.138s] -- Up-to-date symlink: /home/hunajpu/dev_tt_ws/install/ros2_data/lib/python3.8/site-packages/ros2_data/action/_move_xyz.py
[2.139s] -- Up-to-date symlink: /home/hunajpu/dev_tt_ws/install/ros2_data/lib/python3.8/site-packages/ros2_data/action/_move_xyzw.py
[2.139s] -- Up-to-date symlink: /home/hunajpu/dev_tt_ws/install/ros2_data/lib/python3.8/site-packages/ros2_data/action/_move_ypr.py
[2.139s] -- Up-to-date symlink: /home/hunajpu/dev_tt_ws/install/ros2_data/lib/python3.8/site-packages/ros2_data/ros2_data_s__rosidl_typesupport_fastrtps_c.cpython-38-x86_64-linux-gnu.so
[2.139s] -- Up-to-date symlink: /home/hunajpu/dev_tt_ws/install/ros2_data/lib/python3.8/site-packages/ros2_data/ros2_data_s__rosidl_typesupport_introspection_c.cpython-38-x86_64-linux-gnu.so
[2.140s] -- Up-to-date symlink: /home/hunajpu/dev_tt_ws/install/ros2_data/lib/python3.8/site-packages/ros2_data/ros2_data_s__rosidl_typesupport_c.cpython-38-x86_64-linux-gnu.so
[2.140s] -- Up-to-date symlink: /home/hunajpu/dev_tt_ws/install/ros2_data/lib/libros2_data__python.so
[2.141s] -- Up-to-date symlink: /home/hunajpu/dev_tt_ws/install/ros2_data/share/ros2_data/msg/JointPose.idl
[2.141s] -- Up-to-date symlink: /home/hunajpu/dev_tt_ws/install/ros2_data/share/ros2_data/msg/JointPosePanda.idl
[2.142s] -- Up-to-date symlink: /home/hunajpu/dev_tt_ws/install/ros2_data/share/ros2_data/srv/JointPose.idl
[2.142s] -- Up-to-date symlink: /home/hunajpu/dev_tt_ws/install/ros2_data/share/ros2_data/srv/GripperPose.idl
[2.142s] -- Up-to-date symlink: /home/hunajpu/dev_tt_ws/install/ros2_data/share/ros2_data/action/MoveJ.idl
[2.143s] -- Up-to-date symlink: /home/hunajpu/dev_tt_ws/install/ros2_data/share/ros2_data/action/MoveJpanda.idl
[2.143s] -- Up-to-date symlink: /home/hunajpu/dev_tt_ws/install/ros2_data/share/ros2_data/action/MoveG.idl
[2.144s] -- Up-to-date symlink: /home/hunajpu/dev_tt_ws/install/ros2_data/share/ros2_data/action/MoveXYZW.idl
[2.144s] -- Up-to-date symlink: /home/hunajpu/dev_tt_ws/install/ros2_data/share/ros2_data/action/MoveL.idl
[2.145s] -- Up-to-date symlink: /home/hunajpu/dev_tt_ws/install/ros2_data/share/ros2_data/action/MoveR.idl
[2.145s] -- Up-to-date symlink: /home/hunajpu/dev_tt_ws/install/ros2_data/share/ros2_data/action/MoveXYZ.idl
[2.146s] -- Up-to-date symlink: /home/hunajpu/dev_tt_ws/install/ros2_data/share/ros2_data/action/MoveYPR.idl
[2.146s] -- Up-to-date symlink: /home/hunajpu/dev_tt_ws/install/ros2_data/share/ros2_data/msg/JointPose.msg
[2.149s] -- Up-to-date symlink: /home/hunajpu/dev_tt_ws/install/ros2_data/share/ros2_data/msg/JointPosePanda.msg
[2.149s] -- Up-to-date symlink: /home/hunajpu/dev_tt_ws/install/ros2_data/share/ros2_data/srv/JointPose.srv
[2.150s] -- Up-to-date symlink: /home/hunajpu/dev_tt_ws/install/ros2_data/share/ros2_data/srv/JointPose_Request.msg
[2.151s] -- Up-to-date symlink: /home/hunajpu/dev_tt_ws/install/ros2_data/share/ros2_data/srv/JointPose_Response.msg
[2.152s] -- Up-to-date symlink: /home/hunajpu/dev_tt_ws/install/ros2_data/share/ros2_data/srv/GripperPose.srv
[2.152s] -- Up-to-date symlink: /home/hunajpu/dev_tt_ws/install/ros2_data/share/ros2_data/srv/GripperPose_Request.msg
[2.152s] -- Up-to-date symlink: /home/hunajpu/dev_tt_ws/install/ros2_data/share/ros2_data/srv/GripperPose_Response.msg
[2.153s] -- Up-to-date symlink: /home/hunajpu/dev_tt_ws/install/ros2_data/share/ros2_data/action/MoveJ.action
[2.153s] -- Up-to-date symlink: /home/hunajpu/dev_tt_ws/install/ros2_data/share/ros2_data/action/MoveJpanda.action
[2.153s] -- Up-to-date symlink: /home/hunajpu/dev_tt_ws/install/ros2_data/share/ros2_data/action/MoveG.action
[2.153s] -- Up-to-date symlink: /home/hunajpu/dev_tt_ws/install/ros2_data/share/ros2_data/action/MoveXYZW.action
[2.154s] -- Up-to-date symlink: /home/hunajpu/dev_tt_ws/install/ros2_data/share/ros2_data/action/MoveL.action
[2.154s] -- Up-to-date symlink: /home/hunajpu/dev_tt_ws/install/ros2_data/share/ros2_data/action/MoveR.action
[2.154s] -- Up-to-date symlink: /home/hunajpu/dev_tt_ws/install/ros2_data/share/ros2_data/action/MoveXYZ.action
[2.155s] -- Up-to-date symlink: /home/hunajpu/dev_tt_ws/install/ros2_data/share/ros2_data/action/MoveYPR.action
[2.155s] -- Up-to-date symlink: /home/hunajpu/dev_tt_ws/install/ros2_data/lib/ros2_data/ros2-data
[2.156s] -- Up-to-date symlink: /home/hunajpu/dev_tt_ws/install/ros2_data/share/ros2_data//launch/ros2_data.launch.py
[2.156s] -- Up-to-date symlink: /home/hunajpu/dev_tt_ws/install/ros2_data/share/ament_index/resource_index/package_run_dependencies/ros2_data
[2.157s] -- Up-to-date symlink: /home/hunajpu/dev_tt_ws/install/ros2_data/share/ament_index/resource_index/parent_prefix_path/ros2_data
[2.157s] -- Up-to-date symlink: /home/hunajpu/dev_tt_ws/install/ros2_data/share/ros2_data/environment/ament_prefix_path.sh
[2.158s] -- Up-to-date symlink: /home/hunajpu/dev_tt_ws/install/ros2_data/share/ros2_data/environment/ament_prefix_path.dsv
[2.158s] -- Up-to-date symlink: /home/hunajpu/dev_tt_ws/install/ros2_data/share/ros2_data/environment/path.sh
[2.159s] -- Up-to-date symlink: /home/hunajpu/dev_tt_ws/install/ros2_data/share/ros2_data/environment/path.dsv
[2.159s] -- Up-to-date symlink: /home/hunajpu/dev_tt_ws/install/ros2_data/share/ros2_data/local_setup.bash
[2.160s] -- Up-to-date symlink: /home/hunajpu/dev_tt_ws/install/ros2_data/share/ros2_data/local_setup.sh
[2.160s] -- Up-to-date symlink: /home/hunajpu/dev_tt_ws/install/ros2_data/share/ros2_data/local_setup.zsh
[2.161s] -- Up-to-date symlink: /home/hunajpu/dev_tt_ws/install/ros2_data/share/ros2_data/local_setup.dsv
[2.161s] -- Symlinking: /home/hunajpu/dev_tt_ws/install/ros2_data/share/ros2_data/package.dsv
[2.180s] -- Up-to-date symlink: /home/hunajpu/dev_tt_ws/install/ros2_data/share/ament_index/resource_index/packages/ros2_data
[2.182s] -- Up-to-date symlink: /home/hunajpu/dev_tt_ws/install/ros2_data/share/ros2_data/cmake/rosidl_cmake-extras.cmake
[2.183s] -- Up-to-date symlink: /home/hunajpu/dev_tt_ws/install/ros2_data/share/ros2_data/cmake/ament_cmake_export_dependencies-extras.cmake
[2.183s] -- Up-to-date symlink: /home/hunajpu/dev_tt_ws/install/ros2_data/share/ros2_data/cmake/ament_cmake_export_libraries-extras.cmake
[2.184s] -- Up-to-date symlink: /home/hunajpu/dev_tt_ws/install/ros2_data/share/ros2_data/cmake/ament_cmake_export_targets-extras.cmake
[2.184s] -- Up-to-date symlink: /home/hunajpu/dev_tt_ws/install/ros2_data/share/ros2_data/cmake/ament_cmake_export_include_directories-extras.cmake
[2.185s] -- Up-to-date symlink: /home/hunajpu/dev_tt_ws/install/ros2_data/share/ros2_data/cmake/rosidl_cmake_export_typesupport_libraries-extras.cmake
[2.186s] -- Up-to-date symlink: /home/hunajpu/dev_tt_ws/install/ros2_data/share/ros2_data/cmake/rosidl_cmake_export_typesupport_targets-extras.cmake
[2.187s] -- Up-to-date symlink: /home/hunajpu/dev_tt_ws/install/ros2_data/share/ros2_data/cmake/ros2_dataConfig.cmake
[2.187s] -- Up-to-date symlink: /home/hunajpu/dev_tt_ws/install/ros2_data/share/ros2_data/cmake/ros2_dataConfig-version.cmake
[2.187s] -- Up-to-date symlink: /home/hunajpu/dev_tt_ws/install/ros2_data/share/ros2_data/package.xml
[2.188s] -- Up-to-date: /home/hunajpu/dev_tt_ws/install/ros2_data/lib/libros2_data__rosidl_generator_c.so
[2.188s] -- Up-to-date: /home/hunajpu/dev_tt_ws/install/ros2_data/lib/libros2_data__rosidl_typesupport_introspection_c.so
[2.189s] -- Up-to-date: /home/hunajpu/dev_tt_ws/install/ros2_data/lib/libros2_data__rosidl_typesupport_c.so
[2.190s] -- Up-to-date: /home/hunajpu/dev_tt_ws/install/ros2_data/lib/libros2_data__rosidl_typesupport_introspection_cpp.so
[2.190s] -- Up-to-date: /home/hunajpu/dev_tt_ws/install/ros2_data/lib/libros2_data__rosidl_typesupport_cpp.so
[2.325s] -- Up-to-date: /home/hunajpu/dev_tt_ws/install/ros2_data/share/ros2_data/cmake/ros2_data__rosidl_generator_cExport.cmake
[2.325s] -- Up-to-date: /home/hunajpu/dev_tt_ws/install/ros2_data/share/ros2_data/cmake/ros2_data__rosidl_generator_cExport-debug.cmake
[2.325s] -- Up-to-date: /home/hunajpu/dev_tt_ws/install/ros2_data/share/ros2_data/cmake/ros2_data__rosidl_typesupport_introspection_cExport.cmake
[2.325s] -- Up-to-date: /home/hunajpu/dev_tt_ws/install/ros2_data/share/ros2_data/cmake/ros2_data__rosidl_typesupport_introspection_cExport-debug.cmake
[2.325s] -- Up-to-date: /home/hunajpu/dev_tt_ws/install/ros2_data/share/ros2_data/cmake/ros2_data__rosidl_typesupport_cExport.cmake
[2.325s] -- Up-to-date: /home/hunajpu/dev_tt_ws/install/ros2_data/share/ros2_data/cmake/ros2_data__rosidl_typesupport_cExport-debug.cmake
[2.326s] -- Up-to-date: /home/hunajpu/dev_tt_ws/install/ros2_data/share/ros2_data/cmake/ros2_data__rosidl_generator_cppExport.cmake
[2.326s] -- Up-to-date: /home/hunajpu/dev_tt_ws/install/ros2_data/share/ros2_data/cmake/ros2_data__rosidl_typesupport_introspection_cppExport.cmake
[2.326s] -- Up-to-date: /home/hunajpu/dev_tt_ws/install/ros2_data/share/ros2_data/cmake/ros2_data__rosidl_typesupport_introspection_cppExport-debug.cmake
[2.326s] -- Up-to-date: /home/hunajpu/dev_tt_ws/install/ros2_data/share/ros2_data/cmake/ros2_data__rosidl_typesupport_cppExport.cmake
[2.326s] -- Up-to-date: /home/hunajpu/dev_tt_ws/install/ros2_data/share/ros2_data/cmake/ros2_data__rosidl_typesupport_cppExport-debug.cmake
[2.355s] Invoked command in '/home/hunajpu/dev_tt_ws/build/ros2_data' returned '0': CMAKE_PREFIX_PATH=${CMAKE_PREFIX_PATH}:/opt/ros/foxy /usr/bin/cmake --install /home/hunajpu/dev_tt_ws/build/ros2_data
