[0.167s] Invoking command in '/home/hunajpu/dev_tt_ws/build/irb120egp64_ros2_gazebo': CMAKE_PREFIX_PATH=${CMAKE_PREFIX_PATH}:/opt/ros/foxy /usr/bin/cmake --build /home/hunajpu/dev_tt_ws/build/irb120egp64_ros2_gazebo -- -j8 -l8
[0.334s] Invoked command in '/home/hunajpu/dev_tt_ws/build/irb120egp64_ros2_gazebo' returned '0': CMAKE_PREFIX_PATH=${CMAKE_PREFIX_PATH}:/opt/ros/foxy /usr/bin/cmake --build /home/hunajpu/dev_tt_ws/build/irb120egp64_ros2_gazebo -- -j8 -l8
[0.429s] Invoking command in '/home/hunajpu/dev_tt_ws/build/irb120egp64_ros2_gazebo': CMAKE_PREFIX_PATH=${CMAKE_PREFIX_PATH}:/opt/ros/foxy /usr/bin/cmake --install /home/hunajpu/dev_tt_ws/build/irb120egp64_ros2_gazebo
[0.455s] -- Install configuration: "Debug"
[0.456s] -- Execute custom install script
[0.457s] -- Up-to-date symlink: /home/hunajpu/dev_tt_ws/install/irb120egp64_ros2_gazebo/share/irb120egp64_ros2_gazebo/config/irb120egp64_controller.yaml
[0.459s] -- Up-to-date symlink: /home/hunajpu/dev_tt_ws/install/irb120egp64_ros2_gazebo/share/irb120egp64_ros2_gazebo/launch/irb120egp64_simulation.launch.py
[0.461s] -- Up-to-date symlink: /home/hunajpu/dev_tt_ws/install/irb120egp64_ros2_gazebo/share/irb120egp64_ros2_gazebo/urdf/abb_resources/common_colours.xacro
[0.471s] -- Up-to-date symlink: /home/hunajpu/dev_tt_ws/install/irb120egp64_ros2_gazebo/share/irb120egp64_ros2_gazebo/urdf/abb_resources/common_materials.xacro
[0.471s] -- Up-to-date symlink: /home/hunajpu/dev_tt_ws/install/irb120egp64_ros2_gazebo/share/irb120egp64_ros2_gazebo/urdf/irb120egp64.urdf.xacro
[0.471s] -- Up-to-date symlink: /home/hunajpu/dev_tt_ws/install/irb120egp64_ros2_gazebo/share/irb120egp64_ros2_gazebo/urdf/irb120egp64_gazebo.xacro
[0.472s] -- Up-to-date symlink: /home/hunajpu/dev_tt_ws/install/irb120egp64_ros2_gazebo/share/irb120egp64_ros2_gazebo/urdf/irb120egp64_macro.urdf.xacro
[0.472s] -- Up-to-date symlink: /home/hunajpu/dev_tt_ws/install/irb120egp64_ros2_gazebo/share/irb120egp64_ros2_gazebo/urdf/irb120egp64_transmission.xacro
[0.475s] -- Up-to-date symlink: /home/hunajpu/dev_tt_ws/install/irb120egp64_ros2_gazebo/share/irb120egp64_ros2_gazebo/meshes/collision/base_link.stl
[0.475s] -- Up-to-date symlink: /home/hunajpu/dev_tt_ws/install/irb120egp64_ros2_gazebo/share/irb120egp64_ros2_gazebo/meshes/collision/link_1.stl
[0.476s] -- Up-to-date symlink: /home/hunajpu/dev_tt_ws/install/irb120egp64_ros2_gazebo/share/irb120egp64_ros2_gazebo/meshes/collision/link_2.stl
[0.477s] -- Up-to-date symlink: /home/hunajpu/dev_tt_ws/install/irb120egp64_ros2_gazebo/share/irb120egp64_ros2_gazebo/meshes/collision/link_3.stl
[0.478s] -- Up-to-date symlink: /home/hunajpu/dev_tt_ws/install/irb120egp64_ros2_gazebo/share/irb120egp64_ros2_gazebo/meshes/collision/link_4.stl
[0.478s] -- Up-to-date symlink: /home/hunajpu/dev_tt_ws/install/irb120egp64_ros2_gazebo/share/irb120egp64_ros2_gazebo/meshes/collision/link_5.stl
[0.478s] -- Up-to-date symlink: /home/hunajpu/dev_tt_ws/install/irb120egp64_ros2_gazebo/share/irb120egp64_ros2_gazebo/meshes/collision/link_6.stl
[0.478s] -- Up-to-date symlink: /home/hunajpu/dev_tt_ws/install/irb120egp64_ros2_gazebo/share/irb120egp64_ros2_gazebo/meshes/egp64/00. Schunk Gripper - Component POSES
[0.478s] -- Up-to-date symlink: /home/hunajpu/dev_tt_ws/install/irb120egp64_ros2_gazebo/share/irb120egp64_ros2_gazebo/meshes/egp64/Schunk Gripper - ADAPTER.STL
[0.478s] -- Up-to-date symlink: /home/hunajpu/dev_tt_ws/install/irb120egp64_ros2_gazebo/share/irb120egp64_ros2_gazebo/meshes/egp64/Schunk Gripper - ADAPTER.dae
[0.479s] -- Up-to-date symlink: /home/hunajpu/dev_tt_ws/install/irb120egp64_ros2_gazebo/share/irb120egp64_ros2_gazebo/meshes/egp64/Schunk Gripper - BASE noAdapter.STL
[0.479s] -- Up-to-date symlink: /home/hunajpu/dev_tt_ws/install/irb120egp64_ros2_gazebo/share/irb120egp64_ros2_gazebo/meshes/egp64/Schunk Gripper - BASE noAdapter.dae
[0.479s] -- Up-to-date symlink: /home/hunajpu/dev_tt_ws/install/irb120egp64_ros2_gazebo/share/irb120egp64_ros2_gazebo/meshes/egp64/Schunk Gripper - BASE.STL
[0.479s] -- Up-to-date symlink: /home/hunajpu/dev_tt_ws/install/irb120egp64_ros2_gazebo/share/irb120egp64_ros2_gazebo/meshes/egp64/Schunk Gripper - BASE.dae
[0.479s] -- Up-to-date symlink: /home/hunajpu/dev_tt_ws/install/irb120egp64_ros2_gazebo/share/irb120egp64_ros2_gazebo/meshes/egp64/Schunk Gripper - Cranfield Robotics.STL
[0.480s] -- Up-to-date symlink: /home/hunajpu/dev_tt_ws/install/irb120egp64_ros2_gazebo/share/irb120egp64_ros2_gazebo/meshes/egp64/Schunk Gripper - Cranfield Robotics.dae
[0.480s] -- Up-to-date symlink: /home/hunajpu/dev_tt_ws/install/irb120egp64_ros2_gazebo/share/irb120egp64_ros2_gazebo/meshes/egp64/Schunk Gripper - LEFT FINGER BASE.STL
[0.480s] -- Up-to-date symlink: /home/hunajpu/dev_tt_ws/install/irb120egp64_ros2_gazebo/share/irb120egp64_ros2_gazebo/meshes/egp64/Schunk Gripper - LEFT FINGER BASE.dae
[0.480s] -- Up-to-date symlink: /home/hunajpu/dev_tt_ws/install/irb120egp64_ros2_gazebo/share/irb120egp64_ros2_gazebo/meshes/egp64/Schunk Gripper - LEFT FINGER.STL
[0.481s] -- Up-to-date symlink: /home/hunajpu/dev_tt_ws/install/irb120egp64_ros2_gazebo/share/irb120egp64_ros2_gazebo/meshes/egp64/Schunk Gripper - LEFT FINGER.dae
[0.481s] -- Up-to-date symlink: /home/hunajpu/dev_tt_ws/install/irb120egp64_ros2_gazebo/share/irb120egp64_ros2_gazebo/meshes/egp64/Schunk Gripper - RIGHT FINGER BASE.STL
[0.481s] -- Up-to-date symlink: /home/hunajpu/dev_tt_ws/install/irb120egp64_ros2_gazebo/share/irb120egp64_ros2_gazebo/meshes/egp64/Schunk Gripper - RIGHT FINGER BASE.dae
[0.481s] -- Up-to-date symlink: /home/hunajpu/dev_tt_ws/install/irb120egp64_ros2_gazebo/share/irb120egp64_ros2_gazebo/meshes/egp64/Schunk Gripper - RIGHT FINGER.STL
[0.481s] -- Up-to-date symlink: /home/hunajpu/dev_tt_ws/install/irb120egp64_ros2_gazebo/share/irb120egp64_ros2_gazebo/meshes/egp64/Schunk Gripper - RIGHT FINGER.dae
[0.481s] -- Up-to-date symlink: /home/hunajpu/dev_tt_ws/install/irb120egp64_ros2_gazebo/share/irb120egp64_ros2_gazebo/meshes/irb120_cell.dae
[0.482s] -- Up-to-date symlink: /home/hunajpu/dev_tt_ws/install/irb120egp64_ros2_gazebo/share/irb120egp64_ros2_gazebo/meshes/visual/base_link.stl
[0.482s] -- Up-to-date symlink: /home/hunajpu/dev_tt_ws/install/irb120egp64_ros2_gazebo/share/irb120egp64_ros2_gazebo/meshes/visual/link_1.stl
[0.482s] -- Up-to-date symlink: /home/hunajpu/dev_tt_ws/install/irb120egp64_ros2_gazebo/share/irb120egp64_ros2_gazebo/meshes/visual/link_2.stl
[0.482s] -- Up-to-date symlink: /home/hunajpu/dev_tt_ws/install/irb120egp64_ros2_gazebo/share/irb120egp64_ros2_gazebo/meshes/visual/link_3.stl
[0.482s] -- Up-to-date symlink: /home/hunajpu/dev_tt_ws/install/irb120egp64_ros2_gazebo/share/irb120egp64_ros2_gazebo/meshes/visual/link_4.stl
[0.482s] -- Up-to-date symlink: /home/hunajpu/dev_tt_ws/install/irb120egp64_ros2_gazebo/share/irb120egp64_ros2_gazebo/meshes/visual/link_5.stl
[0.483s] -- Up-to-date symlink: /home/hunajpu/dev_tt_ws/install/irb120egp64_ros2_gazebo/share/irb120egp64_ros2_gazebo/meshes/visual/link_6.stl
[0.483s] -- Up-to-date symlink: /home/hunajpu/dev_tt_ws/install/irb120egp64_ros2_gazebo/share/irb120egp64_ros2_gazebo/worlds/irb120egp64.world
[0.483s] -- Up-to-date symlink: /home/hunajpu/dev_tt_ws/install/irb120egp64_ros2_gazebo/share/ament_index/resource_index/package_run_dependencies/irb120egp64_ros2_gazebo
[0.483s] -- Up-to-date symlink: /home/hunajpu/dev_tt_ws/install/irb120egp64_ros2_gazebo/share/ament_index/resource_index/parent_prefix_path/irb120egp64_ros2_gazebo
[0.483s] -- Up-to-date symlink: /home/hunajpu/dev_tt_ws/install/irb120egp64_ros2_gazebo/share/irb120egp64_ros2_gazebo/environment/ament_prefix_path.sh
[0.483s] -- Up-to-date symlink: /home/hunajpu/dev_tt_ws/install/irb120egp64_ros2_gazebo/share/irb120egp64_ros2_gazebo/environment/ament_prefix_path.dsv
[0.484s] -- Up-to-date symlink: /home/hunajpu/dev_tt_ws/install/irb120egp64_ros2_gazebo/share/irb120egp64_ros2_gazebo/environment/path.sh
[0.484s] -- Up-to-date symlink: /home/hunajpu/dev_tt_ws/install/irb120egp64_ros2_gazebo/share/irb120egp64_ros2_gazebo/environment/path.dsv
[0.484s] -- Up-to-date symlink: /home/hunajpu/dev_tt_ws/install/irb120egp64_ros2_gazebo/share/irb120egp64_ros2_gazebo/local_setup.bash
[0.484s] -- Up-to-date symlink: /home/hunajpu/dev_tt_ws/install/irb120egp64_ros2_gazebo/share/irb120egp64_ros2_gazebo/local_setup.sh
[0.484s] -- Up-to-date symlink: /home/hunajpu/dev_tt_ws/install/irb120egp64_ros2_gazebo/share/irb120egp64_ros2_gazebo/local_setup.zsh
[0.485s] -- Up-to-date symlink: /home/hunajpu/dev_tt_ws/install/irb120egp64_ros2_gazebo/share/irb120egp64_ros2_gazebo/local_setup.dsv
[0.485s] -- Symlinking: /home/hunajpu/dev_tt_ws/install/irb120egp64_ros2_gazebo/share/irb120egp64_ros2_gazebo/package.dsv
[0.497s] -- Up-to-date symlink: /home/hunajpu/dev_tt_ws/install/irb120egp64_ros2_gazebo/share/ament_index/resource_index/packages/irb120egp64_ros2_gazebo
[0.497s] -- Up-to-date symlink: /home/hunajpu/dev_tt_ws/install/irb120egp64_ros2_gazebo/share/irb120egp64_ros2_gazebo/cmake/irb120egp64_ros2_gazeboConfig.cmake
[0.498s] -- Up-to-date symlink: /home/hunajpu/dev_tt_ws/install/irb120egp64_ros2_gazebo/share/irb120egp64_ros2_gazebo/cmake/irb120egp64_ros2_gazeboConfig-version.cmake
[0.498s] -- Up-to-date symlink: /home/hunajpu/dev_tt_ws/install/irb120egp64_ros2_gazebo/share/irb120egp64_ros2_gazebo/package.xml
[0.501s] Invoked command in '/home/hunajpu/dev_tt_ws/build/irb120egp64_ros2_gazebo' returned '0': CMAKE_PREFIX_PATH=${CMAKE_PREFIX_PATH}:/opt/ros/foxy /usr/bin/cmake --install /home/hunajpu/dev_tt_ws/build/irb120egp64_ros2_gazebo
