[0.186s] Invoking command in '/home/hunajpu/dev_tt_ws/build/panda_ros2_gazebo': CMAKE_PREFIX_PATH=${CMAKE_PREFIX_PATH}:/opt/ros/foxy /usr/bin/cmake --build /home/hunajpu/dev_tt_ws/build/panda_ros2_gazebo -- -j8 -l8
[0.313s] Invoked command in '/home/hunajpu/dev_tt_ws/build/panda_ros2_gazebo' returned '0': CMAKE_PREFIX_PATH=${CMAKE_PREFIX_PATH}:/opt/ros/foxy /usr/bin/cmake --build /home/hunajpu/dev_tt_ws/build/panda_ros2_gazebo -- -j8 -l8
[0.408s] Invoking command in '/home/hunajpu/dev_tt_ws/build/panda_ros2_gazebo': CMAKE_PREFIX_PATH=${CMAKE_PREFIX_PATH}:/opt/ros/foxy /usr/bin/cmake --install /home/hunajpu/dev_tt_ws/build/panda_ros2_gazebo
[0.455s] -- Install configuration: "Debug"
[0.455s] -- Execute custom install script
[0.455s] -- Up-to-date symlink: /home/hunajpu/dev_tt_ws/install/panda_ros2_gazebo/share/panda_ros2_gazebo/config/panda_controller.yaml
[0.458s] -- Up-to-date symlink: /home/hunajpu/dev_tt_ws/install/panda_ros2_gazebo/share/panda_ros2_gazebo/launch/panda_simulation.launch.py
[0.458s] -- Up-to-date symlink: /home/hunajpu/dev_tt_ws/install/panda_ros2_gazebo/share/panda_ros2_gazebo/urdf/panda.urdf.xacro
[0.458s] -- Up-to-date symlink: /home/hunajpu/dev_tt_ws/install/panda_ros2_gazebo/share/panda_ros2_gazebo/urdf/panda_gazebo.xacro
[0.459s] -- Up-to-date symlink: /home/hunajpu/dev_tt_ws/install/panda_ros2_gazebo/share/panda_ros2_gazebo/urdf/panda_macro.urdf.xacro
[0.465s] -- Up-to-date symlink: /home/hunajpu/dev_tt_ws/install/panda_ros2_gazebo/share/panda_ros2_gazebo/urdf/panda_transmission.xacro
[0.465s] -- Up-to-date symlink: /home/hunajpu/dev_tt_ws/install/panda_ros2_gazebo/share/panda_ros2_gazebo/worlds/panda.world
[0.475s] -- Up-to-date symlink: /home/hunajpu/dev_tt_ws/install/panda_ros2_gazebo/share/panda_ros2_gazebo/meshes/collision/finger.stl
[0.475s] -- Up-to-date symlink: /home/hunajpu/dev_tt_ws/install/panda_ros2_gazebo/share/panda_ros2_gazebo/meshes/collision/hand.stl
[0.480s] -- Up-to-date symlink: /home/hunajpu/dev_tt_ws/install/panda_ros2_gazebo/share/panda_ros2_gazebo/meshes/collision/link0.stl
[0.480s] -- Up-to-date symlink: /home/hunajpu/dev_tt_ws/install/panda_ros2_gazebo/share/panda_ros2_gazebo/meshes/collision/link1.stl
[0.481s] -- Up-to-date symlink: /home/hunajpu/dev_tt_ws/install/panda_ros2_gazebo/share/panda_ros2_gazebo/meshes/collision/link2.stl
[0.482s] -- Up-to-date symlink: /home/hunajpu/dev_tt_ws/install/panda_ros2_gazebo/share/panda_ros2_gazebo/meshes/collision/link3.stl
[0.486s] -- Up-to-date symlink: /home/hunajpu/dev_tt_ws/install/panda_ros2_gazebo/share/panda_ros2_gazebo/meshes/collision/link4.stl
[0.486s] -- Up-to-date symlink: /home/hunajpu/dev_tt_ws/install/panda_ros2_gazebo/share/panda_ros2_gazebo/meshes/collision/link5.stl
[0.486s] -- Up-to-date symlink: /home/hunajpu/dev_tt_ws/install/panda_ros2_gazebo/share/panda_ros2_gazebo/meshes/collision/link6.stl
[0.486s] -- Up-to-date symlink: /home/hunajpu/dev_tt_ws/install/panda_ros2_gazebo/share/panda_ros2_gazebo/meshes/collision/link7.stl
[0.487s] -- Up-to-date symlink: /home/hunajpu/dev_tt_ws/install/panda_ros2_gazebo/share/panda_ros2_gazebo/meshes/visual/finger.dae
[0.487s] -- Up-to-date symlink: /home/hunajpu/dev_tt_ws/install/panda_ros2_gazebo/share/panda_ros2_gazebo/meshes/visual/hand.dae
[0.487s] -- Up-to-date symlink: /home/hunajpu/dev_tt_ws/install/panda_ros2_gazebo/share/panda_ros2_gazebo/meshes/visual/link0.dae
[0.487s] -- Up-to-date symlink: /home/hunajpu/dev_tt_ws/install/panda_ros2_gazebo/share/panda_ros2_gazebo/meshes/visual/link1.dae
[0.487s] -- Up-to-date symlink: /home/hunajpu/dev_tt_ws/install/panda_ros2_gazebo/share/panda_ros2_gazebo/meshes/visual/link2.dae
[0.488s] -- Up-to-date symlink: /home/hunajpu/dev_tt_ws/install/panda_ros2_gazebo/share/panda_ros2_gazebo/meshes/visual/link3.dae
[0.499s] -- Up-to-date symlink: /home/hunajpu/dev_tt_ws/install/panda_ros2_gazebo/share/panda_ros2_gazebo/meshes/visual/link4.dae
[0.500s] -- Up-to-date symlink: /home/hunajpu/dev_tt_ws/install/panda_ros2_gazebo/share/panda_ros2_gazebo/meshes/visual/link5.dae
[0.500s] -- Up-to-date symlink: /home/hunajpu/dev_tt_ws/install/panda_ros2_gazebo/share/panda_ros2_gazebo/meshes/visual/link6.dae
[0.501s] -- Up-to-date symlink: /home/hunajpu/dev_tt_ws/install/panda_ros2_gazebo/share/panda_ros2_gazebo/meshes/visual/link7.dae
[0.501s] -- Up-to-date symlink: /home/hunajpu/dev_tt_ws/install/panda_ros2_gazebo/share/ament_index/resource_index/package_run_dependencies/panda_ros2_gazebo
[0.502s] -- Up-to-date symlink: /home/hunajpu/dev_tt_ws/install/panda_ros2_gazebo/share/ament_index/resource_index/parent_prefix_path/panda_ros2_gazebo
[0.503s] -- Up-to-date symlink: /home/hunajpu/dev_tt_ws/install/panda_ros2_gazebo/share/panda_ros2_gazebo/environment/ament_prefix_path.sh
[0.504s] -- Up-to-date symlink: /home/hunajpu/dev_tt_ws/install/panda_ros2_gazebo/share/panda_ros2_gazebo/environment/ament_prefix_path.dsv
[0.505s] -- Up-to-date symlink: /home/hunajpu/dev_tt_ws/install/panda_ros2_gazebo/share/panda_ros2_gazebo/environment/path.sh
[0.506s] -- Up-to-date symlink: /home/hunajpu/dev_tt_ws/install/panda_ros2_gazebo/share/panda_ros2_gazebo/environment/path.dsv
[0.510s] -- Up-to-date symlink: /home/hunajpu/dev_tt_ws/install/panda_ros2_gazebo/share/panda_ros2_gazebo/local_setup.bash
[0.510s] -- Up-to-date symlink: /home/hunajpu/dev_tt_ws/install/panda_ros2_gazebo/share/panda_ros2_gazebo/local_setup.sh
[0.513s] -- Up-to-date symlink: /home/hunajpu/dev_tt_ws/install/panda_ros2_gazebo/share/panda_ros2_gazebo/local_setup.zsh
[0.514s] -- Up-to-date symlink: /home/hunajpu/dev_tt_ws/install/panda_ros2_gazebo/share/panda_ros2_gazebo/local_setup.dsv
[0.525s] -- Symlinking: /home/hunajpu/dev_tt_ws/install/panda_ros2_gazebo/share/panda_ros2_gazebo/package.dsv
[0.539s] -- Up-to-date symlink: /home/hunajpu/dev_tt_ws/install/panda_ros2_gazebo/share/ament_index/resource_index/packages/panda_ros2_gazebo
[0.539s] -- Up-to-date symlink: /home/hunajpu/dev_tt_ws/install/panda_ros2_gazebo/share/panda_ros2_gazebo/cmake/panda_ros2_gazeboConfig.cmake
[0.543s] -- Up-to-date symlink: /home/hunajpu/dev_tt_ws/install/panda_ros2_gazebo/share/panda_ros2_gazebo/cmake/panda_ros2_gazeboConfig-version.cmake
[0.552s] -- Up-to-date symlink: /home/hunajpu/dev_tt_ws/install/panda_ros2_gazebo/share/panda_ros2_gazebo/package.xml
[0.643s] Invoked command in '/home/hunajpu/dev_tt_ws/build/panda_ros2_gazebo' returned '0': CMAKE_PREFIX_PATH=${CMAKE_PREFIX_PATH}:/opt/ros/foxy /usr/bin/cmake --install /home/hunajpu/dev_tt_ws/build/panda_ros2_gazebo
