[0.235s] Invoking command in '/home/hunajpu/dev_tt_ws/build/gazebo_ros2_control': CMAKE_PREFIX_PATH=${CMAKE_PREFIX_PATH}:/opt/ros/foxy /usr/bin/cmake --build /home/hunajpu/dev_tt_ws/build/gazebo_ros2_control -- -j8 -l8
[0.764s] -- Found ament_cmake: 0.9.9 (/opt/ros/foxy/share/ament_cmake/cmake)
[0.764s] -- Using PYTHON_EXECUTABLE: /usr/bin/python3
[1.048s] -- Override CMake install command with custom implementation using symlinks instead of copying resources
[1.105s] -- Found angles: 1.12.3 (/opt/ros/foxy/share/angles/cmake)
[1.105s] -- Found controller_manager: 0.10.1 (/opt/ros/foxy/share/controller_manager/cmake)
[1.214s] -- Using all available rosidl_typesupport_c: rosidl_typesupport_fastrtps_c;rosidl_typesupport_introspection_c
[1.232s] -- Found rosidl_adapter: 1.2.1 (/opt/ros/foxy/share/rosidl_adapter/cmake)
[1.609s] -- Using all available rosidl_typesupport_cpp: rosidl_typesupport_fastrtps_cpp;rosidl_typesupport_introspection_cpp
[2.939s] -- Found rmw_implementation_cmake: 1.0.3 (/opt/ros/foxy/share/rmw_implementation_cmake/cmake)
[2.939s] -- Using RMW implementation 'rmw_fastrtps_cpp' as default
[3.606s] -- Found gazebo_dev: 3.5.3 (/opt/ros/foxy/share/gazebo_dev/cmake)
[3.689s] -- Found DART: /usr/include (Required is at least version "6.6") found components: dart 
[3.802s] -- Found Protobuf: /usr/lib/x86_64-linux-gnu/libprotobuf.so;-lpthread (found version "3.6.1") 
[3.802s] -- Looking for ignition-math6 -- found version 6.12.0
[3.803s] -- Searching for dependencies of ignition-math6
[3.803s] -- Looking for OGRE...
[3.803s] -- Found Ogre Ghadamon (1.9.0)
[3.803s] -- Found OGRE: optimized;/usr/lib/x86_64-linux-gnu/libOgreMain.so;debug;/usr/lib/x86_64-linux-gnu/libOgreMain.so
[3.838s] -- Looking for OGRE_Paging...
[3.839s] -- Found OGRE_Paging: optimized;/usr/lib/x86_64-linux-gnu/libOgrePaging.so;debug;/usr/lib/x86_64-linux-gnu/libOgrePaging.so
[3.839s] -- Looking for OGRE_Terrain...
[3.839s] -- Found OGRE_Terrain: optimized;/usr/lib/x86_64-linux-gnu/libOgreTerrain.so;debug;/usr/lib/x86_64-linux-gnu/libOgreTerrain.so
[3.840s] -- Looking for OGRE_Property...
[3.840s] -- Found OGRE_Property: optimized;/usr/lib/x86_64-linux-gnu/libOgreProperty.so;debug;/usr/lib/x86_64-linux-gnu/libOgreProperty.so
[3.840s] -- Looking for OGRE_RTShaderSystem...
[3.840s] -- Found OGRE_RTShaderSystem: optimized;/usr/lib/x86_64-linux-gnu/libOgreRTShaderSystem.so;debug;/usr/lib/x86_64-linux-gnu/libOgreRTShaderSystem.so
[3.840s] -- Looking for OGRE_Volume...
[3.841s] -- Found OGRE_Volume: optimized;/usr/lib/x86_64-linux-gnu/libOgreVolume.so;debug;/usr/lib/x86_64-linux-gnu/libOgreVolume.so
[3.841s] -- Looking for OGRE_Overlay...
[3.841s] -- Found OGRE_Overlay: optimized;/usr/lib/x86_64-linux-gnu/libOgreOverlay.so;debug;/usr/lib/x86_64-linux-gnu/libOgreOverlay.so
[4.723s] -- Looking for ignition-math6 -- found version 6.12.0
[4.723s] -- Looking for ignition-transport8 -- found version 8.3.0
[4.724s] -- Searching for dependencies of ignition-transport8
[4.746s] -- Found Protobuf: /usr/lib/x86_64-linux-gnu/libprotobuf.so;-lpthread (found suitable version "3.6.1", minimum required is "3") 
[4.765s] -- Config-file not installed for ZeroMQ -- checking for pkg-config
[4.771s] -- Checking for module 'libzmq >= 4'
[4.794s] --   Found libzmq , version 4.3.2
[4.843s] -- Checking for module 'uuid'
[4.878s] --   Found uuid, version 2.34.0
[5.649s] -- Looking for ignition-msgs5 -- found version 5.10.0
[5.654s] -- Searching for dependencies of ignition-msgs5
[6.096s] -- Looking for ignition-math6 -- found version 6.12.0
[6.295s] -- Looking for ignition-msgs5 -- found version 5.10.0
[6.325s] -- Looking for ignition-common3 -- found version 3.14.2
[6.337s] -- Searching for dependencies of ignition-common3
[6.355s] -- Looking for dlfcn.h - found
[6.355s] -- Looking for libdl - found
[6.810s] -- Searching for <ignition-common3> component [graphics]
[6.834s] -- Looking for ignition-common3-graphics -- found version 3.14.2
[6.867s] -- Searching for dependencies of ignition-common3-graphics
[6.867s] -- Looking for ignition-math6 -- found version 6.12.0
[6.953s] -- Looking for ignition-fuel_tools4 -- found version 4.6.0
[6.954s] -- Searching for dependencies of ignition-fuel_tools4
[7.515s] -- Checking for module 'jsoncpp'
[7.862s] --   Found jsoncpp, version 1.7.4
[9.215s] -- Checking for module 'libzip'
[9.841s] --   Found libzip, version 1.5.1
[10.892s] -- Looking for ignition-common3 -- found version 3.14.2
[10.893s] -- Looking for ignition-math6 -- found version 6.12.0
[10.907s] -- Looking for ignition-msgs5 -- found version 5.10.0
[10.957s] -- Gazebo version: 11.11
[10.970s] -- Found gazebo_ros: 3.5.3 (/opt/ros/foxy/share/gazebo_ros/cmake)
[11.428s] -- Found yaml_cpp_vendor: 7.0.2 (/opt/ros/foxy/share/yaml_cpp_vendor/cmake)
[11.447s] -- Setting yaml-cpp_DIR to: '/opt/ros/foxy/share/yaml_cpp_vendor/cmake/../../../opt/yaml_cpp_vendor/lib/cmake/yaml-cpp'
[20.118s] -- Found ament_cmake_gtest: 0.9.9 (/opt/ros/foxy/share/ament_cmake_gtest/cmake)
[20.430s] -- Found ament_lint_auto: 0.9.6 (/opt/ros/foxy/share/ament_lint_auto/cmake)
[20.877s] -- Added test 'copyright' to check source files copyright and LICENSE
[20.877s] -- Added test 'cppcheck' to perform static code analysis on C / C++ code
[20.878s] -- Configured cppcheck include dirs: /home/hunajpu/dev_tt_ws/src/gazebo_ros2_control/gazebo_ros2_control/include
[20.878s] -- Configured cppcheck exclude dirs and/or files: 
[20.878s] -- Added test 'cpplint' to check C / C++ code against the Google style
[20.878s] -- Configured cpplint exclude dirs and/or files: 
[20.879s] -- Added test 'lint_cmake' to check CMake code style
[20.880s] -- Added test 'uncrustify' to check C / C++ code style
[20.880s] -- Configured uncrustify additional arguments: 
[20.881s] -- Added test 'xmllint' to check XML markup files
[20.896s] -- Configuring done
[21.299s] -- Generating done
[21.305s] -- Build files have been written to: /home/hunajpu/dev_tt_ws/build/gazebo_ros2_control
[22.145s] [35m[1mScanning dependencies of target gazebo_hardware_plugins[0m
[22.416s] [ 25%] [32mBuilding CXX object CMakeFiles/gazebo_hardware_plugins.dir/src/gazebo_system.cpp.o[0m
[38.549s] [ 50%] [32m[1mLinking CXX shared library libgazebo_hardware_plugins.so[0m
[39.585s] [ 50%] Built target gazebo_hardware_plugins
[39.725s] [35m[1mScanning dependencies of target gazebo_ros2_control[0m
[39.865s] [ 75%] [32mBuilding CXX object CMakeFiles/gazebo_ros2_control.dir/src/gazebo_ros2_control_plugin.cpp.o[0m
[55.695s] [100%] [32m[1mLinking CXX shared library libgazebo_ros2_control.so[0m
[56.970s] [100%] Built target gazebo_ros2_control
[57.008s] Invoked command in '/home/hunajpu/dev_tt_ws/build/gazebo_ros2_control' returned '0': CMAKE_PREFIX_PATH=${CMAKE_PREFIX_PATH}:/opt/ros/foxy /usr/bin/cmake --build /home/hunajpu/dev_tt_ws/build/gazebo_ros2_control -- -j8 -l8
[57.015s] Invoking command in '/home/hunajpu/dev_tt_ws/build/gazebo_ros2_control': CMAKE_PREFIX_PATH=${CMAKE_PREFIX_PATH}:/opt/ros/foxy /usr/bin/cmake --install /home/hunajpu/dev_tt_ws/build/gazebo_ros2_control
[57.024s] -- Install configuration: ""
[57.066s] -- Execute custom install script
[57.118s] -- Up-to-date symlink: /home/hunajpu/dev_tt_ws/install/gazebo_ros2_control/lib/libgazebo_ros2_control.so
[57.118s] -- Up-to-date symlink: /home/hunajpu/dev_tt_ws/install/gazebo_ros2_control/lib/libgazebo_hardware_plugins.so
[57.120s] -- Up-to-date symlink: /home/hunajpu/dev_tt_ws/install/gazebo_ros2_control/share/gazebo_ros2_control/environment/library_path.sh
[57.120s] -- Up-to-date symlink: /home/hunajpu/dev_tt_ws/install/gazebo_ros2_control/share/gazebo_ros2_control/environment/library_path.dsv
[57.121s] -- Up-to-date symlink: /home/hunajpu/dev_tt_ws/install/gazebo_ros2_control/include/gazebo_ros2_control/gazebo_ros2_control_plugin.hpp
[57.122s] -- Up-to-date symlink: /home/hunajpu/dev_tt_ws/install/gazebo_ros2_control/include/gazebo_ros2_control/gazebo_system.hpp
[57.122s] -- Up-to-date symlink: /home/hunajpu/dev_tt_ws/install/gazebo_ros2_control/include/gazebo_ros2_control/gazebo_system_interface.hpp
[57.123s] -- Up-to-date symlink: /home/hunajpu/dev_tt_ws/install/gazebo_ros2_control/share/gazebo_ros2_control//gazebo_hardware_plugins.xml
[57.124s] -- Up-to-date symlink: /home/hunajpu/dev_tt_ws/install/gazebo_ros2_control/share/ament_index/resource_index/package_run_dependencies/gazebo_ros2_control
[57.125s] -- Up-to-date symlink: /home/hunajpu/dev_tt_ws/install/gazebo_ros2_control/share/ament_index/resource_index/parent_prefix_path/gazebo_ros2_control
[57.125s] -- Up-to-date symlink: /home/hunajpu/dev_tt_ws/install/gazebo_ros2_control/share/gazebo_ros2_control/environment/ament_prefix_path.sh
[57.126s] -- Up-to-date symlink: /home/hunajpu/dev_tt_ws/install/gazebo_ros2_control/share/gazebo_ros2_control/environment/ament_prefix_path.dsv
[57.127s] -- Up-to-date symlink: /home/hunajpu/dev_tt_ws/install/gazebo_ros2_control/share/gazebo_ros2_control/environment/path.sh
[57.127s] -- Up-to-date symlink: /home/hunajpu/dev_tt_ws/install/gazebo_ros2_control/share/gazebo_ros2_control/environment/path.dsv
[57.128s] -- Up-to-date symlink: /home/hunajpu/dev_tt_ws/install/gazebo_ros2_control/share/gazebo_ros2_control/local_setup.bash
[57.129s] -- Up-to-date symlink: /home/hunajpu/dev_tt_ws/install/gazebo_ros2_control/share/gazebo_ros2_control/local_setup.sh
[57.129s] -- Up-to-date symlink: /home/hunajpu/dev_tt_ws/install/gazebo_ros2_control/share/gazebo_ros2_control/local_setup.zsh
[57.130s] -- Up-to-date symlink: /home/hunajpu/dev_tt_ws/install/gazebo_ros2_control/share/gazebo_ros2_control/local_setup.dsv
[57.131s] -- Symlinking: /home/hunajpu/dev_tt_ws/install/gazebo_ros2_control/share/gazebo_ros2_control/package.dsv
[57.149s] -- Up-to-date symlink: /home/hunajpu/dev_tt_ws/install/gazebo_ros2_control/share/ament_index/resource_index/packages/gazebo_ros2_control
[57.186s] -- Up-to-date symlink: /home/hunajpu/dev_tt_ws/install/gazebo_ros2_control/share/ament_index/resource_index/gazebo_ros2_control__pluginlib__plugin/gazebo_ros2_control
[57.187s] -- Up-to-date symlink: /home/hunajpu/dev_tt_ws/install/gazebo_ros2_control/share/gazebo_ros2_control/cmake/ament_cmake_export_include_directories-extras.cmake
[57.187s] -- Up-to-date symlink: /home/hunajpu/dev_tt_ws/install/gazebo_ros2_control/share/gazebo_ros2_control/cmake/ament_cmake_export_dependencies-extras.cmake
[57.188s] -- Up-to-date symlink: /home/hunajpu/dev_tt_ws/install/gazebo_ros2_control/share/gazebo_ros2_control/cmake/ament_cmake_export_libraries-extras.cmake
[57.189s] -- Up-to-date symlink: /home/hunajpu/dev_tt_ws/install/gazebo_ros2_control/share/gazebo_ros2_control/cmake/gazebo_ros2_controlConfig.cmake
[57.189s] -- Up-to-date symlink: /home/hunajpu/dev_tt_ws/install/gazebo_ros2_control/share/gazebo_ros2_control/cmake/gazebo_ros2_controlConfig-version.cmake
[57.190s] -- Up-to-date symlink: /home/hunajpu/dev_tt_ws/install/gazebo_ros2_control/share/gazebo_ros2_control/package.xml
[57.196s] Invoked command in '/home/hunajpu/dev_tt_ws/build/gazebo_ros2_control' returned '0': CMAKE_PREFIX_PATH=${CMAKE_PREFIX_PATH}:/opt/ros/foxy /usr/bin/cmake --install /home/hunajpu/dev_tt_ws/build/gazebo_ros2_control
