[0.325s] Invoking command in '/home/hunajpu/dev_tt_ws/build/panda_ros2_moveit2': AMENT_PREFIX_PATH=/home/hunajpu/dev_tt_ws/install/ros2_data CMAKE_PREFIX_PATH=/home/hunajpu/dev_tt_ws/install/ros2_data LD_LIBRARY_PATH=/home/hunajpu/dev_tt_ws/install/ros2_data/lib PYTHONPATH=/home/hunajpu/dev_tt_ws/install/ros2_data/lib/python3.8/site-packages /usr/bin/cmake --build /home/hunajpu/dev_tt_ws/build/panda_ros2_moveit2 -- -j8 -l8
[0.703s] [ 14%] Built target moveG_action
[0.792s] [ 28%] Built target moveR_action
[0.811s] [ 42%] Built target moveYPR_action
[0.874s] [ 57%] Built target moveXYZW_action
[0.879s] [ 71%] Built target moveJ_action
[0.905s] [ 85%] Built target moveL_action
[0.922s] [100%] Built target moveXYZ_action
[1.185s] Invoked command in '/home/hunajpu/dev_tt_ws/build/panda_ros2_moveit2' returned '0': AMENT_PREFIX_PATH=/home/hunajpu/dev_tt_ws/install/ros2_data CMAKE_PREFIX_PATH=/home/hunajpu/dev_tt_ws/install/ros2_data LD_LIBRARY_PATH=/home/hunajpu/dev_tt_ws/install/ros2_data/lib PYTHONPATH=/home/hunajpu/dev_tt_ws/install/ros2_data/lib/python3.8/site-packages /usr/bin/cmake --build /home/hunajpu/dev_tt_ws/build/panda_ros2_moveit2 -- -j8 -l8
[1.383s] Invoking command in '/home/hunajpu/dev_tt_ws/build/panda_ros2_moveit2': AMENT_PREFIX_PATH=/home/hunajpu/dev_tt_ws/install/ros2_data CMAKE_PREFIX_PATH=/home/hunajpu/dev_tt_ws/install/ros2_data LD_LIBRARY_PATH=/home/hunajpu/dev_tt_ws/install/ros2_data/lib PYTHONPATH=/home/hunajpu/dev_tt_ws/install/ros2_data/lib/python3.8/site-packages /usr/bin/cmake --install /home/hunajpu/dev_tt_ws/build/panda_ros2_moveit2
[1.460s] -- Install configuration: "Debug"
[1.460s] -- Execute custom install script
[1.466s] -- Up-to-date symlink: /home/hunajpu/dev_tt_ws/install/panda_ros2_moveit2/share/panda_ros2_moveit2/config/chomp_planning.yaml
[1.466s] -- Up-to-date symlink: /home/hunajpu/dev_tt_ws/install/panda_ros2_moveit2/share/panda_ros2_moveit2/config/kinematics.yaml
[1.466s] -- Up-to-date symlink: /home/hunajpu/dev_tt_ws/install/panda_ros2_moveit2/share/panda_ros2_moveit2/config/ompl_planning.yaml
[1.467s] -- Up-to-date symlink: /home/hunajpu/dev_tt_ws/install/panda_ros2_moveit2/share/panda_ros2_moveit2/config/panda.srdf
[1.467s] -- Up-to-date symlink: /home/hunajpu/dev_tt_ws/install/panda_ros2_moveit2/share/panda_ros2_moveit2/config/panda_controllers.yaml
[1.467s] -- Up-to-date symlink: /home/hunajpu/dev_tt_ws/install/panda_ros2_moveit2/share/panda_ros2_moveit2/config/ros2_controllers.yaml
[1.467s] -- Up-to-date symlink: /home/hunajpu/dev_tt_ws/install/panda_ros2_moveit2/share/panda_ros2_moveit2/launch/panda.launch.py
[1.467s] -- Up-to-date symlink: /home/hunajpu/dev_tt_ws/install/panda_ros2_moveit2/share/panda_ros2_moveit2/launch/panda_interface.launch.py
[1.467s] -- Up-to-date symlink: /home/hunajpu/dev_tt_ws/install/panda_ros2_moveit2/share/panda_ros2_moveit2/launch/panda_moveit2.rviz
[1.468s] -- Up-to-date symlink: /home/hunajpu/dev_tt_ws/install/panda_ros2_moveit2/lib/panda_ros2_moveit2/moveJ_action
[1.468s] -- Up-to-date symlink: /home/hunajpu/dev_tt_ws/install/panda_ros2_moveit2/lib/panda_ros2_moveit2/moveG_action
[1.468s] -- Up-to-date symlink: /home/hunajpu/dev_tt_ws/install/panda_ros2_moveit2/lib/panda_ros2_moveit2/moveXYZW_action
[1.468s] -- Up-to-date symlink: /home/hunajpu/dev_tt_ws/install/panda_ros2_moveit2/lib/panda_ros2_moveit2/moveL_action
[1.497s] -- Up-to-date symlink: /home/hunajpu/dev_tt_ws/install/panda_ros2_moveit2/lib/panda_ros2_moveit2/moveR_action
[1.497s] -- Up-to-date symlink: /home/hunajpu/dev_tt_ws/install/panda_ros2_moveit2/lib/panda_ros2_moveit2/moveXYZ_action
[1.498s] -- Up-to-date symlink: /home/hunajpu/dev_tt_ws/install/panda_ros2_moveit2/lib/panda_ros2_moveit2/moveYPR_action
[1.498s] -- Up-to-date symlink: /home/hunajpu/dev_tt_ws/install/panda_ros2_moveit2/share/ament_index/resource_index/package_run_dependencies/panda_ros2_moveit2
[1.498s] -- Up-to-date symlink: /home/hunajpu/dev_tt_ws/install/panda_ros2_moveit2/share/ament_index/resource_index/parent_prefix_path/panda_ros2_moveit2
[1.498s] -- Up-to-date symlink: /home/hunajpu/dev_tt_ws/install/panda_ros2_moveit2/share/panda_ros2_moveit2/environment/ament_prefix_path.sh
[1.498s] -- Up-to-date symlink: /home/hunajpu/dev_tt_ws/install/panda_ros2_moveit2/share/panda_ros2_moveit2/environment/ament_prefix_path.dsv
[1.499s] -- Up-to-date symlink: /home/hunajpu/dev_tt_ws/install/panda_ros2_moveit2/share/panda_ros2_moveit2/environment/path.sh
[1.499s] -- Up-to-date symlink: /home/hunajpu/dev_tt_ws/install/panda_ros2_moveit2/share/panda_ros2_moveit2/environment/path.dsv
[1.499s] -- Up-to-date symlink: /home/hunajpu/dev_tt_ws/install/panda_ros2_moveit2/share/panda_ros2_moveit2/local_setup.bash
[1.499s] -- Up-to-date symlink: /home/hunajpu/dev_tt_ws/install/panda_ros2_moveit2/share/panda_ros2_moveit2/local_setup.sh
[1.499s] -- Up-to-date symlink: /home/hunajpu/dev_tt_ws/install/panda_ros2_moveit2/share/panda_ros2_moveit2/local_setup.zsh
[1.499s] -- Up-to-date symlink: /home/hunajpu/dev_tt_ws/install/panda_ros2_moveit2/share/panda_ros2_moveit2/local_setup.dsv
[1.500s] -- Symlinking: /home/hunajpu/dev_tt_ws/install/panda_ros2_moveit2/share/panda_ros2_moveit2/package.dsv
[1.509s] -- Up-to-date symlink: /home/hunajpu/dev_tt_ws/install/panda_ros2_moveit2/share/ament_index/resource_index/packages/panda_ros2_moveit2
[1.511s] -- Up-to-date symlink: /home/hunajpu/dev_tt_ws/install/panda_ros2_moveit2/share/panda_ros2_moveit2/cmake/panda_ros2_moveit2Config.cmake
[1.512s] -- Up-to-date symlink: /home/hunajpu/dev_tt_ws/install/panda_ros2_moveit2/share/panda_ros2_moveit2/cmake/panda_ros2_moveit2Config-version.cmake
[1.512s] -- Up-to-date symlink: /home/hunajpu/dev_tt_ws/install/panda_ros2_moveit2/share/panda_ros2_moveit2/package.xml
[1.549s] Invoked command in '/home/hunajpu/dev_tt_ws/build/panda_ros2_moveit2' returned '0': AMENT_PREFIX_PATH=/home/hunajpu/dev_tt_ws/install/ros2_data CMAKE_PREFIX_PATH=/home/hunajpu/dev_tt_ws/install/ros2_data LD_LIBRARY_PATH=/home/hunajpu/dev_tt_ws/install/ros2_data/lib PYTHONPATH=/home/hunajpu/dev_tt_ws/install/ros2_data/lib/python3.8/site-packages /usr/bin/cmake --install /home/hunajpu/dev_tt_ws/build/panda_ros2_moveit2
