[0.161s] Invoking command in '/home/hunajpu/dev_tt_ws/build/panda_ros2_moveit2': CMAKE_PREFIX_PATH=/home/hunajpu/dev_tt_ws/install/ros2_data:/home/hunajpu/dev_tt_ws/install/ur5_ros2_moveit2:/home/hunajpu/dev_tt_ws/install/ur5_ros2_gazebo:/home/hunajpu/dev_tt_ws/install/ur3_ros2_moveit2:/home/hunajpu/dev_tt_ws/install/ur3_ros2_gazebo:/home/hunajpu/dev_tt_ws/install/ur10_ros2_moveit2:/home/hunajpu/dev_tt_ws/install/ur10_ros2_gazebo:/home/hunajpu/dev_tt_ws/install/rrbot_moveit_config:/home/hunajpu/dev_tt_ws/install/rrbot_gazebo:/home/hunajpu/dev_tt_ws/install/rrbot_description:/home/hunajpu/dev_tt_ws/install/rosbridge_test_msgs:/home/hunajpu/dev_tt_ws/install/rosbridge_suite:/home/hunajpu/dev_tt_ws/install/rosbridge_server:/home/hunajpu/dev_tt_ws/install/rosbridge_msgs:/home/hunajpu/dev_tt_ws/install/rosapi:/home/hunajpu/dev_tt_ws/install/rosbridge_library:/home/hunajpu/dev_tt_ws/install/rosapi_msgs:/home/hunajpu/dev_tt_ws/install/panda_ros2_moveit2:/home/hunajpu/dev_tt_ws/install/irb6640_ros2_moveit2:/home/hunajpu/dev_tt_ws/install/irb120egp64_ros2_moveit2:/home/hunajpu/dev_tt_ws/install/irb120_ros2_moveit2:/home/hunajpu/dev_tt_ws/install/panda_ros2_gazebo:/home/hunajpu/dev_tt_ws/install/irb6640_ros2_gazebo:/home/hunajpu/dev_tt_ws/install/irb120egp64_ros2_gazebo:/home/hunajpu/dev_tt_ws/install/irb120_ros2_gazebo:/home/hunajpu/dev_tt_ws/install/gazebo_ros2_control_demos:/home/hunajpu/dev_tt_ws/install/gazebo_ros2_control:/home/hunajpu/dev_tt_ws/install/cobots_axis_driver:/home/hunajpu/dev_tt_ws/install/rrbot_moveit_demo_nodes:/opt/ros/foxy LD_LIBRARY_PATH=/home/hunajpu/dev_tt_ws/install/ros2_data/lib:/home/hunajpu/dev_tt_ws/install/rosbridge_test_msgs/lib:/home/hunajpu/dev_tt_ws/install/rosbridge_msgs/lib:/home/hunajpu/dev_tt_ws/install/rosapi_msgs/lib:/home/hunajpu/dev_tt_ws/install/gazebo_ros2_control/lib:/usr/lib/x86_64-linux-gnu/gazebo-11/plugins:/opt/ros/foxy/opt/yaml_cpp_vendor/lib:/opt/ros/foxy/opt/rviz_ogre_vendor/lib:/opt/ros/foxy/lib/x86_64-linux-gnu:/opt/ros/foxy/lib PYTHONPATH=/home/hunajpu/dev_tt_ws/install/ros2_data/lib/python3.8/site-packages:/home/hunajpu/dev_tt_ws/install/rosbridge_test_msgs/lib/python3.8/site-packages:/home/hunajpu/dev_tt_ws/install/rosbridge_server/lib/python3.8/site-packages:/home/hunajpu/dev_tt_ws/install/rosbridge_msgs/lib/python3.8/site-packages:/home/hunajpu/dev_tt_ws/install/rosapi/lib/python3.8/site-packages:/home/hunajpu/dev_tt_ws/install/rosbridge_library/lib/python3.8/site-packages:/home/hunajpu/dev_tt_ws/install/rosapi_msgs/lib/python3.8/site-packages:/opt/ros/foxy/lib/python3.8/site-packages /usr/bin/cmake --build /home/hunajpu/dev_tt_ws/build/panda_ros2_moveit2 -- -j8 -l8
[0.426s] [  7%] Building CXX object CMakeFiles/moveJ_action.dir/scripts/moveJ_action.cpp.o
[0.467s] [ 14%] Building CXX object CMakeFiles/moveXYZ_action.dir/scripts/moveXYZ_action.cpp.o
[0.477s] [ 21%] Building CXX object CMakeFiles/moveL_action.dir/scripts/moveL_action.cpp.o
[0.586s] [ 28%] Building CXX object CMakeFiles/moveXYZW_action.dir/scripts/moveXYZW_action.cpp.o
[0.621s] [ 35%] Building CXX object CMakeFiles/moveR_action.dir/scripts/moveR_action.cpp.o
[0.657s] [ 42%] Building CXX object CMakeFiles/moveG_action.dir/scripts/moveG_action.cpp.o
[0.665s] [ 50%] Building CXX object CMakeFiles/moveYPR_action.dir/scripts/moveYPR_action.cpp.o
[11.862s] /home/hunajpu/dev_tt_ws/src/ros2_RobotSimulation/PandaRobot/panda_ros2_moveit2/scripts/moveR_action.cpp: In member function 'rclcpp_action::GoalResponse ActionServer::handle_goal(const GoalUUID&, std::shared_ptr<const ros2_data::action::MoveR_Goal_<std::allocator<void> > >)':
[11.862s] /home/hunajpu/dev_tt_ws/src/ros2_RobotSimulation/PandaRobot/panda_ros2_moveit2/scripts/moveR_action.cpp:80:41: warning: unused parameter 'uuid' [-Wunused-parameter]
[11.862s]    80 |         const rclcpp_action::GoalUUID & uuid,
[11.862s]       |         ~~~~~~~~~~~~~~~~~~~~~~~~~~~~~~~~^~~~
[11.891s] /home/hunajpu/dev_tt_ws/src/ros2_RobotSimulation/PandaRobot/panda_ros2_moveit2/scripts/moveR_action.cpp: In member function 'void ActionServer::execute(std::shared_ptr<rclcpp_action::ServerGoalHandle<ros2_data::action::MoveR> >)':
[11.891s] /home/hunajpu/dev_tt_ws/src/ros2_RobotSimulation/PandaRobot/panda_ros2_moveit2/scripts/moveR_action.cpp:269:56: warning: comparison with string literal results in unspecified behavior [-Waddress]
[11.891s]   269 |         } else if (LimitCheck == true && InputJoint == "Valid") {
[11.891s]       |                                                        ^~~~~~~
[12.320s] /home/hunajpu/dev_tt_ws/src/ros2_RobotSimulation/PandaRobot/panda_ros2_moveit2/scripts/moveG_action.cpp: In member function 'rclcpp_action::GoalResponse ActionServer::handle_goal(const GoalUUID&, std::shared_ptr<const ros2_data::action::MoveG_Goal_<std::allocator<void> > >)':
[12.320s] /home/hunajpu/dev_tt_ws/src/ros2_RobotSimulation/PandaRobot/panda_ros2_moveit2/scripts/moveG_action.cpp:79:41: warning: unused parameter 'uuid' [-Wunused-parameter]
[12.320s]    79 |         const rclcpp_action::GoalUUID & uuid,
[12.320s]       |         ~~~~~~~~~~~~~~~~~~~~~~~~~~~~~~~~^~~~
[12.878s] /home/hunajpu/dev_tt_ws/src/ros2_RobotSimulation/PandaRobot/panda_ros2_moveit2/scripts/moveJ_action.cpp: In member function 'rclcpp_action::GoalResponse ActionServer::handle_goal(const GoalUUID&, std::shared_ptr<const ros2_data::action::MoveJpanda_Goal_<std::allocator<void> > >)':
[12.879s] /home/hunajpu/dev_tt_ws/src/ros2_RobotSimulation/PandaRobot/panda_ros2_moveit2/scripts/moveJ_action.cpp:80:41: warning: unused parameter 'uuid' [-Wunused-parameter]
[12.879s]    80 |         const rclcpp_action::GoalUUID & uuid,
[12.879s]       |         ~~~~~~~~~~~~~~~~~~~~~~~~~~~~~~~~^~~~
[13.060s] /home/hunajpu/dev_tt_ws/src/ros2_RobotSimulation/PandaRobot/panda_ros2_moveit2/scripts/moveYPR_action.cpp: In member function 'rclcpp_action::GoalResponse ActionServer::handle_goal(const GoalUUID&, std::shared_ptr<const ros2_data::action::MoveYPR_Goal_<std::allocator<void> > >)':
[13.060s] /home/hunajpu/dev_tt_ws/src/ros2_RobotSimulation/PandaRobot/panda_ros2_moveit2/scripts/moveYPR_action.cpp:79:41: warning: unused parameter 'uuid' [-Wunused-parameter]
[13.061s]    79 |         const rclcpp_action::GoalUUID & uuid,
[13.061s]       |         ~~~~~~~~~~~~~~~~~~~~~~~~~~~~~~~~^~~~
[13.118s] /home/hunajpu/dev_tt_ws/src/ros2_RobotSimulation/PandaRobot/panda_ros2_moveit2/scripts/moveYPR_action.cpp: In member function 'void ActionServer::execute(std::shared_ptr<rclcpp_action::ServerGoalHandle<ros2_data::action::MoveYPR> >)':
[13.119s] /home/hunajpu/dev_tt_ws/src/ros2_RobotSimulation/PandaRobot/panda_ros2_moveit2/scripts/moveYPR_action.cpp:135:46: warning: unused variable 'joint_model_group' [-Wunused-variable]
[13.119s]   135 |         const moveit::core::JointModelGroup* joint_model_group = move_group_interface.getCurrentState()->getJointModelGroup("panda_arm");
[13.119s]       |                                              ^~~~~~~~~~~~~~~~~
