[0.146s] Invoking command in '/home/hunajpu/dev_tt_ws/build/cobots_axis_gui': CMAKE_PREFIX_PATH=${CMAKE_PREFIX_PATH}:/opt/ros/foxy /usr/bin/cmake --build /home/hunajpu/dev_tt_ws/build/cobots_axis_gui -- -j8 -l8
[0.229s] [35m[1mScanning dependencies of target cobot_7thaxis[0m
[0.379s] [ 10%] [32mBuilding CXX object CMakeFiles/cobot_7thaxis.dir/src/cobot_7thaxis.cpp.o[0m
[14.647s] [01m[K/home/hunajpu/dev_tt_ws/src/cobots_7thaxis/cobots_axis_gui/src/cobot_7thaxis.cpp:[m[K In member function ‘[01m[Kvirtual void rqt_plugin::Cobot7thAxis::initPlugin(qt_gui_cpp::PluginContext&)[m[K’:
[14.647s] [01m[K/home/hunajpu/dev_tt_ws/src/cobots_7thaxis/cobots_axis_gui/src/cobot_7thaxis.cpp:47:21:[m[K [01;35m[Kwarning: [m[KISO C++ forbids converting a string constant to ‘[01m[Kchar*[m[K’ [[01;35m[K-Wwrite-strings[m[K]
[14.647s]    47 |     char* command = [01;35m[K"ros2"[m[K;
[14.648s]       |                     [01;35m[K^~~~~~[m[K
[14.648s] [01m[K/home/hunajpu/dev_tt_ws/src/cobots_7thaxis/cobots_axis_gui/src/cobot_7thaxis.cpp:48:30:[m[K [01;35m[Kwarning: [m[KISO C++ forbids converting a string constant to ‘[01m[Kchar*[m[K’ [[01;35m[K-Wwrite-strings[m[K]
[14.648s]    48 |     char* argument_list[] = {[01;35m[K"ros2"[m[K, "launch", "ur3_ros2_moveit2", "ur3.launch.py", NULL};
[14.648s]       |                              [01;35m[K^~~~~~[m[K
[14.649s] [01m[K/home/hunajpu/dev_tt_ws/src/cobots_7thaxis/cobots_axis_gui/src/cobot_7thaxis.cpp:48:38:[m[K [01;35m[Kwarning: [m[KISO C++ forbids converting a string constant to ‘[01m[Kchar*[m[K’ [[01;35m[K-Wwrite-strings[m[K]
[14.649s]    48 |     char* argument_list[] = {"ros2", [01;35m[K"launch"[m[K, "ur3_ros2_moveit2", "ur3.launch.py", NULL};
[14.649s]       |                                      [01;35m[K^~~~~~~~[m[K
[14.649s] [01m[K/home/hunajpu/dev_tt_ws/src/cobots_7thaxis/cobots_axis_gui/src/cobot_7thaxis.cpp:48:48:[m[K [01;35m[Kwarning: [m[KISO C++ forbids converting a string constant to ‘[01m[Kchar*[m[K’ [[01;35m[K-Wwrite-strings[m[K]
[14.650s]    48 |     char* argument_list[] = {"ros2", "launch", [01;35m[K"ur3_ros2_moveit2"[m[K, "ur3.launch.py", NULL};
[14.650s]       |                                                [01;35m[K^~~~~~~~~~~~~~~~~~[m[K
[14.650s] [01m[K/home/hunajpu/dev_tt_ws/src/cobots_7thaxis/cobots_axis_gui/src/cobot_7thaxis.cpp:48:68:[m[K [01;35m[Kwarning: [m[KISO C++ forbids converting a string constant to ‘[01m[Kchar*[m[K’ [[01;35m[K-Wwrite-strings[m[K]
[14.650s]    48 |     char* argument_list[] = {"ros2", "launch", "ur3_ros2_moveit2", [01;35m[K"ur3.launch.py"[m[K, NULL};
[14.650s]       |                                                                    [01;35m[K^~~~~~~~~~~~~~~[m[K
[14.651s] [01m[K/home/hunajpu/dev_tt_ws/src/cobots_7thaxis/cobots_axis_gui/src/cobot_7thaxis.cpp:51:9:[m[K [01;31m[Kerror: [m[K‘[01m[Kpid[m[K’ was not declared in this scope
[14.651s]    51 |     if ([01;31m[Kfor[m[Kk()==0) {
[14.652s]       |         [01;31m[K^~~[m[K
[14.655s] [01m[K/home/hunajpu/dev_tt_ws/src/cobots_7thaxis/cobots_axis_gui/src/cobot_7thaxis.cpp:[m[K In member function ‘[01m[Kvirtual void rqt_plugin::Cobot7thAxis::saveSettings(qt_gui_cpp::Settings&, qt_gui_cpp::Settings&) const[m[K’:
[14.655s] [01m[K/home/hunajpu/dev_tt_ws/src/cobots_7thaxis/cobots_axis_gui/src/cobot_7thaxis.cpp:72:57:[m[K [01;35m[Kwarning: [m[Kunused parameter ‘[01m[Kplugin_settings[m[K’ [[01;35m[K-Wunused-parameter[m[K]
[14.655s]    72 |   void Cobot7thAxis::saveSettings([01;35m[Kqt_gui_cpp::Settings& plugin_settings[m[K, qt_gui_cpp::Settings& instance_settings) const
[14.655s]       |                                   [01;35m[K~~~~~~~~~~~~~~~~~~~~~~^~~~~~~~~~~~~~~[m[K
[14.655s] [01m[K/home/hunajpu/dev_tt_ws/src/cobots_7thaxis/cobots_axis_gui/src/cobot_7thaxis.cpp:72:96:[m[K [01;35m[Kwarning: [m[Kunused parameter ‘[01m[Kinstance_settings[m[K’ [[01;35m[K-Wunused-parameter[m[K]
[14.656s]    72 |   void Cobot7thAxis::saveSettings(qt_gui_cpp::Settings& plugin_settings, [01;35m[Kqt_gui_cpp::Settings& instance_settings[m[K) const
[14.656s]       |                                                                          [01;35m[K~~~~~~~~~~~~~~~~~~~~~~^~~~~~~~~~~~~~~~~[m[K
[14.656s] [01m[K/home/hunajpu/dev_tt_ws/src/cobots_7thaxis/cobots_axis_gui/src/cobot_7thaxis.cpp:[m[K In member function ‘[01m[Kvirtual void rqt_plugin::Cobot7thAxis::restoreSettings(const qt_gui_cpp::Settings&, const qt_gui_cpp::Settings&)[m[K’:
[14.656s] [01m[K/home/hunajpu/dev_tt_ws/src/cobots_7thaxis/cobots_axis_gui/src/cobot_7thaxis.cpp:77:66:[m[K [01;35m[Kwarning: [m[Kunused parameter ‘[01m[Kplugin_settings[m[K’ [[01;35m[K-Wunused-parameter[m[K]
[14.657s]    77 |   void Cobot7thAxis::restoreSettings([01;35m[Kconst qt_gui_cpp::Settings& plugin_settings[m[K, const qt_gui_cpp::Settings& instance_settings)
[14.657s]       |                                      [01;35m[K~~~~~~~~~~~~~~~~~~~~~~~~~~~~^~~~~~~~~~~~~~~[m[K
[14.657s] [01m[K/home/hunajpu/dev_tt_ws/src/cobots_7thaxis/cobots_axis_gui/src/cobot_7thaxis.cpp:77:111:[m[K [01;35m[Kwarning: [m[Kunused parameter ‘[01m[Kinstance_settings[m[K’ [[01;35m[K-Wunused-parameter[m[K]
[14.657s]    77 |   void Cobot7thAxis::restoreSettings(const qt_gui_cpp::Settings& plugin_settings, [01;35m[Kconst qt_gui_cpp::Settings& instance_settings[m[K)
[14.657s]       |                                                                                   [01;35m[K~~~~~~~~~~~~~~~~~~~~~~~~~~~~^~~~~~~~~~~~~~~~~[m[K
[15.887s] make[2]: *** wait: No child processes.  Stop.
[15.888s] make[2]: *** Waiting for unfinished jobs....
[15.902s] make[2]: *** wait: No child processes.  Stop.
[15.903s] make[1]: *** [CMakeFiles/Makefile2:78: CMakeFiles/cobot_7thaxis.dir/all] Error 2
[15.904s] make: *** [Makefile:141: all] Interrupt
[16.096s] Invoked command in '/home/hunajpu/dev_tt_ws/build/cobots_axis_gui' returned '-2': CMAKE_PREFIX_PATH=${CMAKE_PREFIX_PATH}:/opt/ros/foxy /usr/bin/cmake --build /home/hunajpu/dev_tt_ws/build/cobots_axis_gui -- -j8 -l8
