[0.245s] Invoking command in '/home/hunajpu/dev_tt_ws/build/rosbridge_server': AMENT_PREFIX_PATH=/home/hunajpu/dev_tt_ws/install/rosapi:/home/hunajpu/dev_tt_ws/install/rosbridge_library:/home/hunajpu/dev_tt_ws/install/rosbridge_msgs:/home/hunajpu/dev_tt_ws/install/rosapi_msgs:${AMENT_PREFIX_PATH} CMAKE_PREFIX_PATH=/home/hunajpu/dev_tt_ws/install/rosapi:/home/hunajpu/dev_tt_ws/install/rosbridge_library:/home/hunajpu/dev_tt_ws/install/rosbridge_msgs:/home/hunajpu/dev_tt_ws/install/rosapi_msgs:/opt/ros/foxy LD_LIBRARY_PATH=/home/hunajpu/dev_tt_ws/install/rosbridge_msgs/lib:/home/hunajpu/dev_tt_ws/install/rosapi_msgs/lib:${LD_LIBRARY_PATH} PYTHONPATH=/home/hunajpu/dev_tt_ws/install/rosapi/lib/python3.8/site-packages:/home/hunajpu/dev_tt_ws/install/rosbridge_library/lib/python3.8/site-packages:/home/hunajpu/dev_tt_ws/install/rosbridge_msgs/lib/python3.8/site-packages:/home/hunajpu/dev_tt_ws/install/rosapi_msgs/lib/python3.8/site-packages:${PYTHONPATH} /usr/bin/cmake --build /home/hunajpu/dev_tt_ws/build/rosbridge_server -- -j8 -l8
[1.319s] Invoked command in '/home/hunajpu/dev_tt_ws/build/rosbridge_server' returned '0': AMENT_PREFIX_PATH=/home/hunajpu/dev_tt_ws/install/rosapi:/home/hunajpu/dev_tt_ws/install/rosbridge_library:/home/hunajpu/dev_tt_ws/install/rosbridge_msgs:/home/hunajpu/dev_tt_ws/install/rosapi_msgs:${AMENT_PREFIX_PATH} CMAKE_PREFIX_PATH=/home/hunajpu/dev_tt_ws/install/rosapi:/home/hunajpu/dev_tt_ws/install/rosbridge_library:/home/hunajpu/dev_tt_ws/install/rosbridge_msgs:/home/hunajpu/dev_tt_ws/install/rosapi_msgs:/opt/ros/foxy LD_LIBRARY_PATH=/home/hunajpu/dev_tt_ws/install/rosbridge_msgs/lib:/home/hunajpu/dev_tt_ws/install/rosapi_msgs/lib:${LD_LIBRARY_PATH} PYTHONPATH=/home/hunajpu/dev_tt_ws/install/rosapi/lib/python3.8/site-packages:/home/hunajpu/dev_tt_ws/install/rosbridge_library/lib/python3.8/site-packages:/home/hunajpu/dev_tt_ws/install/rosbridge_msgs/lib/python3.8/site-packages:/home/hunajpu/dev_tt_ws/install/rosapi_msgs/lib/python3.8/site-packages:${PYTHONPATH} /usr/bin/cmake --build /home/hunajpu/dev_tt_ws/build/rosbridge_server -- -j8 -l8
[1.561s] Invoking command in '/home/hunajpu/dev_tt_ws/build/rosbridge_server': AMENT_PREFIX_PATH=/home/hunajpu/dev_tt_ws/install/rosapi:/home/hunajpu/dev_tt_ws/install/rosbridge_library:/home/hunajpu/dev_tt_ws/install/rosbridge_msgs:/home/hunajpu/dev_tt_ws/install/rosapi_msgs:${AMENT_PREFIX_PATH} CMAKE_PREFIX_PATH=/home/hunajpu/dev_tt_ws/install/rosapi:/home/hunajpu/dev_tt_ws/install/rosbridge_library:/home/hunajpu/dev_tt_ws/install/rosbridge_msgs:/home/hunajpu/dev_tt_ws/install/rosapi_msgs:/opt/ros/foxy LD_LIBRARY_PATH=/home/hunajpu/dev_tt_ws/install/rosbridge_msgs/lib:/home/hunajpu/dev_tt_ws/install/rosapi_msgs/lib:${LD_LIBRARY_PATH} PYTHONPATH=/home/hunajpu/dev_tt_ws/install/rosapi/lib/python3.8/site-packages:/home/hunajpu/dev_tt_ws/install/rosbridge_library/lib/python3.8/site-packages:/home/hunajpu/dev_tt_ws/install/rosbridge_msgs/lib/python3.8/site-packages:/home/hunajpu/dev_tt_ws/install/rosapi_msgs/lib/python3.8/site-packages:${PYTHONPATH} /usr/bin/cmake --install /home/hunajpu/dev_tt_ws/build/rosbridge_server
[1.781s] -- Install configuration: ""
[2.203s] -- Execute custom install script
[2.287s] -- Up-to-date symlink: /home/hunajpu/dev_tt_ws/install/rosbridge_server/share/rosbridge_server/environment/pythonpath.sh
[2.477s] -- Up-to-date symlink: /home/hunajpu/dev_tt_ws/install/rosbridge_server/share/rosbridge_server/environment/pythonpath.dsv
[2.705s] -- Up-to-date symlink: /home/hunajpu/dev_tt_ws/install/rosbridge_server/lib/python3.8/site-packages/rosbridge_server/__init__.py
[2.706s] -- Up-to-date symlink: /home/hunajpu/dev_tt_ws/install/rosbridge_server/lib/python3.8/site-packages/rosbridge_server/client_mananger.py
[2.709s] -- Up-to-date symlink: /home/hunajpu/dev_tt_ws/install/rosbridge_server/lib/python3.8/site-packages/rosbridge_server/websocket_handler.py
[2.732s] -- Up-to-date symlink: /home/hunajpu/dev_tt_ws/install/rosbridge_server/share/ament_index/resource_index/package_run_dependencies/rosbridge_server
[2.741s] -- Up-to-date symlink: /home/hunajpu/dev_tt_ws/install/rosbridge_server/share/ament_index/resource_index/parent_prefix_path/rosbridge_server
[2.916s] -- Up-to-date symlink: /home/hunajpu/dev_tt_ws/install/rosbridge_server/share/rosbridge_server/environment/ament_prefix_path.sh
[3.093s] -- Up-to-date symlink: /home/hunajpu/dev_tt_ws/install/rosbridge_server/share/rosbridge_server/environment/ament_prefix_path.dsv
[3.259s] -- Up-to-date symlink: /home/hunajpu/dev_tt_ws/install/rosbridge_server/share/rosbridge_server/environment/path.sh
[3.440s] -- Up-to-date symlink: /home/hunajpu/dev_tt_ws/install/rosbridge_server/share/rosbridge_server/environment/path.dsv
[3.452s] -- Up-to-date symlink: /home/hunajpu/dev_tt_ws/install/rosbridge_server/share/rosbridge_server/local_setup.bash
[3.628s] -- Up-to-date symlink: /home/hunajpu/dev_tt_ws/install/rosbridge_server/share/rosbridge_server/local_setup.sh
[3.783s] -- Up-to-date symlink: /home/hunajpu/dev_tt_ws/install/rosbridge_server/share/rosbridge_server/local_setup.zsh
[3.793s] -- Up-to-date symlink: /home/hunajpu/dev_tt_ws/install/rosbridge_server/share/rosbridge_server/local_setup.dsv
[3.804s] -- Symlinking: /home/hunajpu/dev_tt_ws/install/rosbridge_server/share/rosbridge_server/package.dsv
[4.007s] -- Up-to-date symlink: /home/hunajpu/dev_tt_ws/install/rosbridge_server/share/ament_index/resource_index/packages/rosbridge_server
[4.124s] -- Up-to-date symlink: /home/hunajpu/dev_tt_ws/install/rosbridge_server/share/rosbridge_server/cmake/rosbridge_serverConfig.cmake
[4.302s] -- Up-to-date symlink: /home/hunajpu/dev_tt_ws/install/rosbridge_server/share/rosbridge_server/cmake/rosbridge_serverConfig-version.cmake
[4.468s] -- Up-to-date symlink: /home/hunajpu/dev_tt_ws/install/rosbridge_server/share/rosbridge_server/package.xml
[4.624s] -- Up-to-date symlink: /home/hunajpu/dev_tt_ws/install/rosbridge_server/lib/rosbridge_server/rosbridge_websocket.py
[4.780s] -- Up-to-date symlink: /home/hunajpu/dev_tt_ws/install/rosbridge_server/lib/rosbridge_server/rosbridge_websocket
[4.918s] -- Up-to-date symlink: /home/hunajpu/dev_tt_ws/install/rosbridge_server/share/rosbridge_server/launch/rosbridge_websocket_launch.xml
[5.445s] Listing '/home/hunajpu/dev_tt_ws/install/rosbridge_server/lib/python3.8/site-packages/rosbridge_server'...
[5.466s] Invoked command in '/home/hunajpu/dev_tt_ws/build/rosbridge_server' returned '0': AMENT_PREFIX_PATH=/home/hunajpu/dev_tt_ws/install/rosapi:/home/hunajpu/dev_tt_ws/install/rosbridge_library:/home/hunajpu/dev_tt_ws/install/rosbridge_msgs:/home/hunajpu/dev_tt_ws/install/rosapi_msgs:${AMENT_PREFIX_PATH} CMAKE_PREFIX_PATH=/home/hunajpu/dev_tt_ws/install/rosapi:/home/hunajpu/dev_tt_ws/install/rosbridge_library:/home/hunajpu/dev_tt_ws/install/rosbridge_msgs:/home/hunajpu/dev_tt_ws/install/rosapi_msgs:/opt/ros/foxy LD_LIBRARY_PATH=/home/hunajpu/dev_tt_ws/install/rosbridge_msgs/lib:/home/hunajpu/dev_tt_ws/install/rosapi_msgs/lib:${LD_LIBRARY_PATH} PYTHONPATH=/home/hunajpu/dev_tt_ws/install/rosapi/lib/python3.8/site-packages:/home/hunajpu/dev_tt_ws/install/rosbridge_library/lib/python3.8/site-packages:/home/hunajpu/dev_tt_ws/install/rosbridge_msgs/lib/python3.8/site-packages:/home/hunajpu/dev_tt_ws/install/rosapi_msgs/lib/python3.8/site-packages:${PYTHONPATH} /usr/bin/cmake --install /home/hunajpu/dev_tt_ws/build/rosbridge_server
