[0.091s] Invoking command in '/home/hunajpu/dev_tt_ws/build/rrbot_description': CMAKE_PREFIX_PATH=${CMAKE_PREFIX_PATH}:/opt/ros/foxy /usr/bin/cmake --build /home/hunajpu/dev_tt_ws/build/rrbot_description -- -j8 -l8
[0.239s] Invoked command in '/home/hunajpu/dev_tt_ws/build/rrbot_description' returned '0': CMAKE_PREFIX_PATH=${CMAKE_PREFIX_PATH}:/opt/ros/foxy /usr/bin/cmake --build /home/hunajpu/dev_tt_ws/build/rrbot_description -- -j8 -l8
[0.407s] Invoking command in '/home/hunajpu/dev_tt_ws/build/rrbot_description': CMAKE_PREFIX_PATH=${CMAKE_PREFIX_PATH}:/opt/ros/foxy /usr/bin/cmake --install /home/hunajpu/dev_tt_ws/build/rrbot_description
[0.446s] -- Install configuration: "Debug"
[0.450s] -- Execute custom install script
[0.451s] -- Up-to-date symlink: /home/hunajpu/dev_tt_ws/install/rrbot_description/share/ament_index/resource_index/package_run_dependencies/rrbot_description
[0.452s] -- Up-to-date symlink: /home/hunajpu/dev_tt_ws/install/rrbot_description/share/ament_index/resource_index/parent_prefix_path/rrbot_description
[0.452s] -- Up-to-date symlink: /home/hunajpu/dev_tt_ws/install/rrbot_description/share/rrbot_description/environment/ament_prefix_path.sh
[0.453s] -- Up-to-date symlink: /home/hunajpu/dev_tt_ws/install/rrbot_description/share/rrbot_description/environment/ament_prefix_path.dsv
[0.454s] -- Up-to-date symlink: /home/hunajpu/dev_tt_ws/install/rrbot_description/share/rrbot_description/environment/path.sh
[0.454s] -- Up-to-date symlink: /home/hunajpu/dev_tt_ws/install/rrbot_description/share/rrbot_description/environment/path.dsv
[0.455s] -- Up-to-date symlink: /home/hunajpu/dev_tt_ws/install/rrbot_description/share/rrbot_description/local_setup.bash
[0.462s] -- Up-to-date symlink: /home/hunajpu/dev_tt_ws/install/rrbot_description/share/rrbot_description/local_setup.sh
[0.463s] -- Up-to-date symlink: /home/hunajpu/dev_tt_ws/install/rrbot_description/share/rrbot_description/local_setup.zsh
[0.463s] -- Up-to-date symlink: /home/hunajpu/dev_tt_ws/install/rrbot_description/share/rrbot_description/local_setup.dsv
[0.463s] -- Symlinking: /home/hunajpu/dev_tt_ws/install/rrbot_description/share/rrbot_description/package.dsv
[0.498s] -- Up-to-date symlink: /home/hunajpu/dev_tt_ws/install/rrbot_description/share/ament_index/resource_index/packages/rrbot_description
[0.499s] -- Up-to-date symlink: /home/hunajpu/dev_tt_ws/install/rrbot_description/share/rrbot_description/cmake/rrbot_descriptionConfig.cmake
[0.499s] -- Up-to-date symlink: /home/hunajpu/dev_tt_ws/install/rrbot_description/share/rrbot_description/cmake/rrbot_descriptionConfig-version.cmake
[0.499s] -- Up-to-date symlink: /home/hunajpu/dev_tt_ws/install/rrbot_description/share/rrbot_description/package.xml
[0.500s] -- Up-to-date symlink: /home/hunajpu/dev_tt_ws/install/rrbot_description/share/rrbot_description/urdf/materials.xacro
[0.501s] -- Up-to-date symlink: /home/hunajpu/dev_tt_ws/install/rrbot_description/share/rrbot_description/urdf/rrbot.gazebo
[0.501s] -- Up-to-date symlink: /home/hunajpu/dev_tt_ws/install/rrbot_description/share/rrbot_description/urdf/rrbot.xacro
[0.502s] -- Up-to-date symlink: /home/hunajpu/dev_tt_ws/install/rrbot_description/share/rrbot_description/urdf/rrbot.xml
[0.502s] -- Up-to-date symlink: /home/hunajpu/dev_tt_ws/install/rrbot_description/share/rrbot_description/meshes/hokuyo.dae
[0.534s] Invoked command in '/home/hunajpu/dev_tt_ws/build/rrbot_description' returned '0': CMAKE_PREFIX_PATH=${CMAKE_PREFIX_PATH}:/opt/ros/foxy /usr/bin/cmake --install /home/hunajpu/dev_tt_ws/build/rrbot_description
