[0.283s] Invoking command in '/home/hunajpu/dev_tt_ws/build/cobots_axis_gui': CMAKE_PREFIX_PATH=${CMAKE_PREFIX_PATH}:/opt/ros/foxy /usr/bin/cmake /home/hunajpu/dev_tt_ws/src/cobots_7thaxis/cobots_axis_gui -DCMAKE_INSTALL_PREFIX=/home/hunajpu/dev_tt_ws/install/cobots_axis_gui
[0.303s] -- Found ament_cmake: 0.9.9 (/opt/ros/foxy/share/ament_cmake/cmake)
[0.346s] -- Using PYTHON_EXECUTABLE: /usr/bin/python3
[0.830s] -- Found rclcpp: 2.4.1 (/opt/ros/foxy/share/rclcpp/cmake)
[1.032s] -- Using all available rosidl_typesupport_c: rosidl_typesupport_fastrtps_c;rosidl_typesupport_introspection_c
[1.040s] -- Found rosidl_adapter: 1.2.1 (/opt/ros/foxy/share/rosidl_adapter/cmake)
[1.326s] -- Found OpenSSL: /usr/lib/x86_64-linux-gnu/libcrypto.so (found version "1.1.1f")  
[1.366s] -- Found FastRTPS: /opt/ros/foxy/include  
[2.016s] -- Using all available rosidl_typesupport_cpp: rosidl_typesupport_fastrtps_cpp;rosidl_typesupport_introspection_cpp
[2.982s] -- Found rmw_implementation_cmake: 1.0.3 (/opt/ros/foxy/share/rmw_implementation_cmake/cmake)
[3.038s] -- Using RMW implementation 'rmw_fastrtps_cpp' as default
[3.056s] -- Looking for pthread.h
[4.241s] -- Looking for pthread.h - found
[4.242s] -- Performing Test CMAKE_HAVE_LIBC_PTHREAD
[4.313s] -- Performing Test CMAKE_HAVE_LIBC_PTHREAD - Failed
[4.314s] -- Looking for pthread_create in pthreads
[4.695s] -- Looking for pthread_create in pthreads - not found
[4.697s] -- Looking for pthread_create in pthread
[5.516s] -- Looking for pthread_create in pthread - found
[5.595s] -- Found Threads: TRUE  
[7.162s] -- Found ament_cmake_ros: 0.9.2 (/opt/ros/foxy/share/ament_cmake_ros/cmake)
[7.232s] -- Found rqt_gui_cpp: 1.1.2 (/opt/ros/foxy/share/rqt_gui_cpp/cmake)
[7.471s] -- Found ament_lint_auto: 0.9.6 (/opt/ros/foxy/share/ament_lint_auto/cmake)
[7.717s] CMake Error at /opt/ros/foxy/share/pluginlib/cmake/pluginlib_export_plugin_description_file.cmake:84 (message):
[7.718s]   Given plugin description file
[7.718s]   '/home/hunajpu/dev_tt_ws/src/cobots_7thaxis/cobots_axis_gui/plugin.xml'
[7.718s]   does not exist
[7.718s] Call Stack (most recent call first):
[7.718s]   CMakeLists.txt:127 (pluginlib_export_plugin_description_file)
[7.718s] 
[7.719s] 
[7.720s] -- Configuring incomplete, errors occurred!
[7.720s] See also "/home/hunajpu/dev_tt_ws/build/cobots_axis_gui/CMakeFiles/CMakeOutput.log".
[7.720s] See also "/home/hunajpu/dev_tt_ws/build/cobots_axis_gui/CMakeFiles/CMakeError.log".
[7.830s] Invoked command in '/home/hunajpu/dev_tt_ws/build/cobots_axis_gui' returned '1': CMAKE_PREFIX_PATH=${CMAKE_PREFIX_PATH}:/opt/ros/foxy /usr/bin/cmake /home/hunajpu/dev_tt_ws/src/cobots_7thaxis/cobots_axis_gui -DCMAKE_INSTALL_PREFIX=/home/hunajpu/dev_tt_ws/install/cobots_axis_gui
