[0.087s] Invoking command in '/home/hunajpu/dev_tt_ws/build/rosbridge_library': AMENT_PREFIX_PATH=/home/hunajpu/dev_tt_ws/install/rosbridge_test_msgs:${AMENT_PREFIX_PATH} CMAKE_PREFIX_PATH=/home/hunajpu/dev_tt_ws/install/rosbridge_test_msgs:/home/hunajpu/dev_tt_ws/install/ur5_ros2_moveit2:/home/hunajpu/dev_tt_ws/install/ur5_ros2_gazebo:/home/hunajpu/dev_tt_ws/install/ur3_ros2_moveit2:/home/hunajpu/dev_tt_ws/install/ur3_ros2_gazebo:/home/hunajpu/dev_tt_ws/install/ur10_ros2_moveit2:/home/hunajpu/dev_tt_ws/install/ur10_ros2_gazebo:/home/hunajpu/dev_tt_ws/install/rrbot_moveit_demo_nodes:/home/hunajpu/dev_tt_ws/install/rrbot_moveit_config:/home/hunajpu/dev_tt_ws/install/rrbot_gazebo:/home/hunajpu/dev_tt_ws/install/rrbot_description:/home/hunajpu/dev_tt_ws/install/rosbridge_suite:/home/hunajpu/dev_tt_ws/install/rosbridge_server:/home/hunajpu/dev_tt_ws/install/rosbridge_msgs:/home/hunajpu/dev_tt_ws/install/rosapi:/home/hunajpu/dev_tt_ws/install/rosbridge_library:/home/hunajpu/dev_tt_ws/install/rosapi_msgs:/home/hunajpu/dev_tt_ws/install/panda_ros2_moveit2:/home/hunajpu/dev_tt_ws/install/irb6640_ros2_moveit2:/home/hunajpu/dev_tt_ws/install/irb120egp64_ros2_moveit2:/home/hunajpu/dev_tt_ws/install/irb120_ros2_moveit2:/home/hunajpu/dev_tt_ws/install/ros2_data:/home/hunajpu/dev_tt_ws/install/panda_ros2_gazebo:/home/hunajpu/dev_tt_ws/install/irb6640_ros2_gazebo:/home/hunajpu/dev_tt_ws/install/irb120egp64_ros2_gazebo:/home/hunajpu/dev_tt_ws/install/irb120_ros2_gazebo:/home/hunajpu/dev_tt_ws/install/gazebo_ros2_control_demos:/home/hunajpu/dev_tt_ws/install/gazebo_ros2_control:/home/hunajpu/dev_tt_ws/install/cobots_axis_gui:/home/hunajpu/dev_tt_ws/install/cobots_axis_driver:/opt/ros/foxy /usr/bin/cmake --build /home/hunajpu/dev_tt_ws/build/rosbridge_library -- -j8 -l8
[0.220s] Invoked command in '/home/hunajpu/dev_tt_ws/build/rosbridge_library' returned '0': AMENT_PREFIX_PATH=/home/hunajpu/dev_tt_ws/install/rosbridge_test_msgs:${AMENT_PREFIX_PATH} CMAKE_PREFIX_PATH=/home/hunajpu/dev_tt_ws/install/rosbridge_test_msgs:/home/hunajpu/dev_tt_ws/install/ur5_ros2_moveit2:/home/hunajpu/dev_tt_ws/install/ur5_ros2_gazebo:/home/hunajpu/dev_tt_ws/install/ur3_ros2_moveit2:/home/hunajpu/dev_tt_ws/install/ur3_ros2_gazebo:/home/hunajpu/dev_tt_ws/install/ur10_ros2_moveit2:/home/hunajpu/dev_tt_ws/install/ur10_ros2_gazebo:/home/hunajpu/dev_tt_ws/install/rrbot_moveit_demo_nodes:/home/hunajpu/dev_tt_ws/install/rrbot_moveit_config:/home/hunajpu/dev_tt_ws/install/rrbot_gazebo:/home/hunajpu/dev_tt_ws/install/rrbot_description:/home/hunajpu/dev_tt_ws/install/rosbridge_suite:/home/hunajpu/dev_tt_ws/install/rosbridge_server:/home/hunajpu/dev_tt_ws/install/rosbridge_msgs:/home/hunajpu/dev_tt_ws/install/rosapi:/home/hunajpu/dev_tt_ws/install/rosbridge_library:/home/hunajpu/dev_tt_ws/install/rosapi_msgs:/home/hunajpu/dev_tt_ws/install/panda_ros2_moveit2:/home/hunajpu/dev_tt_ws/install/irb6640_ros2_moveit2:/home/hunajpu/dev_tt_ws/install/irb120egp64_ros2_moveit2:/home/hunajpu/dev_tt_ws/install/irb120_ros2_moveit2:/home/hunajpu/dev_tt_ws/install/ros2_data:/home/hunajpu/dev_tt_ws/install/panda_ros2_gazebo:/home/hunajpu/dev_tt_ws/install/irb6640_ros2_gazebo:/home/hunajpu/dev_tt_ws/install/irb120egp64_ros2_gazebo:/home/hunajpu/dev_tt_ws/install/irb120_ros2_gazebo:/home/hunajpu/dev_tt_ws/install/gazebo_ros2_control_demos:/home/hunajpu/dev_tt_ws/install/gazebo_ros2_control:/home/hunajpu/dev_tt_ws/install/cobots_axis_gui:/home/hunajpu/dev_tt_ws/install/cobots_axis_driver:/opt/ros/foxy /usr/bin/cmake --build /home/hunajpu/dev_tt_ws/build/rosbridge_library -- -j8 -l8
[0.272s] Invoking command in '/home/hunajpu/dev_tt_ws/build/rosbridge_library': AMENT_PREFIX_PATH=/home/hunajpu/dev_tt_ws/install/rosbridge_test_msgs:${AMENT_PREFIX_PATH} CMAKE_PREFIX_PATH=/home/hunajpu/dev_tt_ws/install/rosbridge_test_msgs:/home/hunajpu/dev_tt_ws/install/ur5_ros2_moveit2:/home/hunajpu/dev_tt_ws/install/ur5_ros2_gazebo:/home/hunajpu/dev_tt_ws/install/ur3_ros2_moveit2:/home/hunajpu/dev_tt_ws/install/ur3_ros2_gazebo:/home/hunajpu/dev_tt_ws/install/ur10_ros2_moveit2:/home/hunajpu/dev_tt_ws/install/ur10_ros2_gazebo:/home/hunajpu/dev_tt_ws/install/rrbot_moveit_demo_nodes:/home/hunajpu/dev_tt_ws/install/rrbot_moveit_config:/home/hunajpu/dev_tt_ws/install/rrbot_gazebo:/home/hunajpu/dev_tt_ws/install/rrbot_description:/home/hunajpu/dev_tt_ws/install/rosbridge_suite:/home/hunajpu/dev_tt_ws/install/rosbridge_server:/home/hunajpu/dev_tt_ws/install/rosbridge_msgs:/home/hunajpu/dev_tt_ws/install/rosapi:/home/hunajpu/dev_tt_ws/install/rosbridge_library:/home/hunajpu/dev_tt_ws/install/rosapi_msgs:/home/hunajpu/dev_tt_ws/install/panda_ros2_moveit2:/home/hunajpu/dev_tt_ws/install/irb6640_ros2_moveit2:/home/hunajpu/dev_tt_ws/install/irb120egp64_ros2_moveit2:/home/hunajpu/dev_tt_ws/install/irb120_ros2_moveit2:/home/hunajpu/dev_tt_ws/install/ros2_data:/home/hunajpu/dev_tt_ws/install/panda_ros2_gazebo:/home/hunajpu/dev_tt_ws/install/irb6640_ros2_gazebo:/home/hunajpu/dev_tt_ws/install/irb120egp64_ros2_gazebo:/home/hunajpu/dev_tt_ws/install/irb120_ros2_gazebo:/home/hunajpu/dev_tt_ws/install/gazebo_ros2_control_demos:/home/hunajpu/dev_tt_ws/install/gazebo_ros2_control:/home/hunajpu/dev_tt_ws/install/cobots_axis_gui:/home/hunajpu/dev_tt_ws/install/cobots_axis_driver:/opt/ros/foxy /usr/bin/cmake --install /home/hunajpu/dev_tt_ws/build/rosbridge_library
[0.294s] -- Install configuration: "Debug"
[0.295s] -- Execute custom install script
[0.295s] -- Up-to-date symlink: /home/hunajpu/dev_tt_ws/install/rosbridge_library/share/rosbridge_library/environment/pythonpath.sh
[0.296s] -- Up-to-date symlink: /home/hunajpu/dev_tt_ws/install/rosbridge_library/share/rosbridge_library/environment/pythonpath.dsv
[0.298s] -- Up-to-date symlink: /home/hunajpu/dev_tt_ws/install/rosbridge_library/lib/python3.8/site-packages/rosbridge_library/__init__.py
[0.299s] -- Up-to-date symlink: /home/hunajpu/dev_tt_ws/install/rosbridge_library/lib/python3.8/site-packages/rosbridge_library/capabilities/__init__.py
[0.301s] -- Up-to-date symlink: /home/hunajpu/dev_tt_ws/install/rosbridge_library/lib/python3.8/site-packages/rosbridge_library/capabilities/advertise.py
[0.301s] -- Up-to-date symlink: /home/hunajpu/dev_tt_ws/install/rosbridge_library/lib/python3.8/site-packages/rosbridge_library/capabilities/advertise_service.py
[0.301s] -- Up-to-date symlink: /home/hunajpu/dev_tt_ws/install/rosbridge_library/lib/python3.8/site-packages/rosbridge_library/capabilities/call_service.py
[0.302s] -- Up-to-date symlink: /home/hunajpu/dev_tt_ws/install/rosbridge_library/lib/python3.8/site-packages/rosbridge_library/capabilities/defragmentation.py
[0.302s] -- Up-to-date symlink: /home/hunajpu/dev_tt_ws/install/rosbridge_library/lib/python3.8/site-packages/rosbridge_library/capabilities/fragmentation.py
[0.302s] -- Up-to-date symlink: /home/hunajpu/dev_tt_ws/install/rosbridge_library/lib/python3.8/site-packages/rosbridge_library/capabilities/publish.py
[0.302s] -- Up-to-date symlink: /home/hunajpu/dev_tt_ws/install/rosbridge_library/lib/python3.8/site-packages/rosbridge_library/capabilities/service_response.py
[0.303s] -- Up-to-date symlink: /home/hunajpu/dev_tt_ws/install/rosbridge_library/lib/python3.8/site-packages/rosbridge_library/capabilities/subscribe.py
[0.303s] -- Up-to-date symlink: /home/hunajpu/dev_tt_ws/install/rosbridge_library/lib/python3.8/site-packages/rosbridge_library/capabilities/unadvertise_service.py
[0.303s] -- Up-to-date symlink: /home/hunajpu/dev_tt_ws/install/rosbridge_library/lib/python3.8/site-packages/rosbridge_library/capability.py
[0.304s] -- Up-to-date symlink: /home/hunajpu/dev_tt_ws/install/rosbridge_library/lib/python3.8/site-packages/rosbridge_library/internal/__init__.py
[0.304s] -- Up-to-date symlink: /home/hunajpu/dev_tt_ws/install/rosbridge_library/lib/python3.8/site-packages/rosbridge_library/internal/cbor_conversion.py
[0.305s] -- Up-to-date symlink: /home/hunajpu/dev_tt_ws/install/rosbridge_library/lib/python3.8/site-packages/rosbridge_library/internal/exceptions.py
[0.320s] -- Up-to-date symlink: /home/hunajpu/dev_tt_ws/install/rosbridge_library/lib/python3.8/site-packages/rosbridge_library/internal/message_conversion.py
[0.326s] -- Up-to-date symlink: /home/hunajpu/dev_tt_ws/install/rosbridge_library/lib/python3.8/site-packages/rosbridge_library/internal/outgoing_message.py
[0.326s] -- Up-to-date symlink: /home/hunajpu/dev_tt_ws/install/rosbridge_library/lib/python3.8/site-packages/rosbridge_library/internal/pngcompression.py
[0.326s] -- Up-to-date symlink: /home/hunajpu/dev_tt_ws/install/rosbridge_library/lib/python3.8/site-packages/rosbridge_library/internal/publishers.py
[0.327s] -- Up-to-date symlink: /home/hunajpu/dev_tt_ws/install/rosbridge_library/lib/python3.8/site-packages/rosbridge_library/internal/ros_loader.py
[0.327s] -- Up-to-date symlink: /home/hunajpu/dev_tt_ws/install/rosbridge_library/lib/python3.8/site-packages/rosbridge_library/internal/services.py
[0.327s] -- Up-to-date symlink: /home/hunajpu/dev_tt_ws/install/rosbridge_library/lib/python3.8/site-packages/rosbridge_library/internal/subscribers.py
[0.327s] -- Up-to-date symlink: /home/hunajpu/dev_tt_ws/install/rosbridge_library/lib/python3.8/site-packages/rosbridge_library/internal/subscription_modifiers.py
[0.327s] -- Up-to-date symlink: /home/hunajpu/dev_tt_ws/install/rosbridge_library/lib/python3.8/site-packages/rosbridge_library/internal/topics.py
[0.327s] -- Up-to-date symlink: /home/hunajpu/dev_tt_ws/install/rosbridge_library/lib/python3.8/site-packages/rosbridge_library/protocol.py
[0.327s] -- Up-to-date symlink: /home/hunajpu/dev_tt_ws/install/rosbridge_library/lib/python3.8/site-packages/rosbridge_library/rosbridge_protocol.py
[0.328s] -- Up-to-date symlink: /home/hunajpu/dev_tt_ws/install/rosbridge_library/lib/python3.8/site-packages/rosbridge_library/util/__init__.py
[0.328s] -- Up-to-date symlink: /home/hunajpu/dev_tt_ws/install/rosbridge_library/lib/python3.8/site-packages/rosbridge_library/util/cbor.py
[0.328s] -- Up-to-date symlink: /home/hunajpu/dev_tt_ws/install/rosbridge_library/share/ament_index/resource_index/package_run_dependencies/rosbridge_library
[0.328s] -- Up-to-date symlink: /home/hunajpu/dev_tt_ws/install/rosbridge_library/share/ament_index/resource_index/parent_prefix_path/rosbridge_library
[0.328s] -- Up-to-date symlink: /home/hunajpu/dev_tt_ws/install/rosbridge_library/share/rosbridge_library/environment/ament_prefix_path.sh
[0.328s] -- Up-to-date symlink: /home/hunajpu/dev_tt_ws/install/rosbridge_library/share/rosbridge_library/environment/ament_prefix_path.dsv
[0.329s] -- Up-to-date symlink: /home/hunajpu/dev_tt_ws/install/rosbridge_library/share/rosbridge_library/environment/path.sh
[0.329s] -- Up-to-date symlink: /home/hunajpu/dev_tt_ws/install/rosbridge_library/share/rosbridge_library/environment/path.dsv
[0.329s] -- Up-to-date symlink: /home/hunajpu/dev_tt_ws/install/rosbridge_library/share/rosbridge_library/local_setup.bash
[0.329s] -- Up-to-date symlink: /home/hunajpu/dev_tt_ws/install/rosbridge_library/share/rosbridge_library/local_setup.sh
[0.329s] -- Up-to-date symlink: /home/hunajpu/dev_tt_ws/install/rosbridge_library/share/rosbridge_library/local_setup.zsh
[0.329s] -- Up-to-date symlink: /home/hunajpu/dev_tt_ws/install/rosbridge_library/share/rosbridge_library/local_setup.dsv
[0.329s] -- Symlinking: /home/hunajpu/dev_tt_ws/install/rosbridge_library/share/rosbridge_library/package.dsv
[0.331s] -- Up-to-date symlink: /home/hunajpu/dev_tt_ws/install/rosbridge_library/share/ament_index/resource_index/packages/rosbridge_library
[0.332s] -- Up-to-date symlink: /home/hunajpu/dev_tt_ws/install/rosbridge_library/share/rosbridge_library/cmake/rosbridge_libraryConfig.cmake
[0.337s] -- Up-to-date symlink: /home/hunajpu/dev_tt_ws/install/rosbridge_library/share/rosbridge_library/cmake/rosbridge_libraryConfig-version.cmake
[0.338s] -- Up-to-date symlink: /home/hunajpu/dev_tt_ws/install/rosbridge_library/share/rosbridge_library/package.xml
[0.425s] Listing '/home/hunajpu/dev_tt_ws/install/rosbridge_library/lib/python3.8/site-packages/rosbridge_library'...
[0.425s] Listing '/home/hunajpu/dev_tt_ws/install/rosbridge_library/lib/python3.8/site-packages/rosbridge_library/capabilities'...
[0.425s] Listing '/home/hunajpu/dev_tt_ws/install/rosbridge_library/lib/python3.8/site-packages/rosbridge_library/internal'...
[0.425s] Listing '/home/hunajpu/dev_tt_ws/install/rosbridge_library/lib/python3.8/site-packages/rosbridge_library/util'...
[0.471s] Invoked command in '/home/hunajpu/dev_tt_ws/build/rosbridge_library' returned '0': AMENT_PREFIX_PATH=/home/hunajpu/dev_tt_ws/install/rosbridge_test_msgs:${AMENT_PREFIX_PATH} CMAKE_PREFIX_PATH=/home/hunajpu/dev_tt_ws/install/rosbridge_test_msgs:/home/hunajpu/dev_tt_ws/install/ur5_ros2_moveit2:/home/hunajpu/dev_tt_ws/install/ur5_ros2_gazebo:/home/hunajpu/dev_tt_ws/install/ur3_ros2_moveit2:/home/hunajpu/dev_tt_ws/install/ur3_ros2_gazebo:/home/hunajpu/dev_tt_ws/install/ur10_ros2_moveit2:/home/hunajpu/dev_tt_ws/install/ur10_ros2_gazebo:/home/hunajpu/dev_tt_ws/install/rrbot_moveit_demo_nodes:/home/hunajpu/dev_tt_ws/install/rrbot_moveit_config:/home/hunajpu/dev_tt_ws/install/rrbot_gazebo:/home/hunajpu/dev_tt_ws/install/rrbot_description:/home/hunajpu/dev_tt_ws/install/rosbridge_suite:/home/hunajpu/dev_tt_ws/install/rosbridge_server:/home/hunajpu/dev_tt_ws/install/rosbridge_msgs:/home/hunajpu/dev_tt_ws/install/rosapi:/home/hunajpu/dev_tt_ws/install/rosbridge_library:/home/hunajpu/dev_tt_ws/install/rosapi_msgs:/home/hunajpu/dev_tt_ws/install/panda_ros2_moveit2:/home/hunajpu/dev_tt_ws/install/irb6640_ros2_moveit2:/home/hunajpu/dev_tt_ws/install/irb120egp64_ros2_moveit2:/home/hunajpu/dev_tt_ws/install/irb120_ros2_moveit2:/home/hunajpu/dev_tt_ws/install/ros2_data:/home/hunajpu/dev_tt_ws/install/panda_ros2_gazebo:/home/hunajpu/dev_tt_ws/install/irb6640_ros2_gazebo:/home/hunajpu/dev_tt_ws/install/irb120egp64_ros2_gazebo:/home/hunajpu/dev_tt_ws/install/irb120_ros2_gazebo:/home/hunajpu/dev_tt_ws/install/gazebo_ros2_control_demos:/home/hunajpu/dev_tt_ws/install/gazebo_ros2_control:/home/hunajpu/dev_tt_ws/install/cobots_axis_gui:/home/hunajpu/dev_tt_ws/install/cobots_axis_driver:/opt/ros/foxy /usr/bin/cmake --install /home/hunajpu/dev_tt_ws/build/rosbridge_library
