[0.109s] Invoking command in '/home/hunajpu/dev_tt_ws/build/cobots_axis_driver': CMAKE_PREFIX_PATH=${CMAKE_PREFIX_PATH}:/opt/ros/foxy /usr/bin/cmake --build /home/hunajpu/dev_tt_ws/build/cobots_axis_driver -- -j8 -l8
[0.250s] Invoked command in '/home/hunajpu/dev_tt_ws/build/cobots_axis_driver' returned '0': CMAKE_PREFIX_PATH=${CMAKE_PREFIX_PATH}:/opt/ros/foxy /usr/bin/cmake --build /home/hunajpu/dev_tt_ws/build/cobots_axis_driver -- -j8 -l8
[0.417s] Invoking command in '/home/hunajpu/dev_tt_ws/build/cobots_axis_driver': CMAKE_PREFIX_PATH=${CMAKE_PREFIX_PATH}:/opt/ros/foxy /usr/bin/cmake --install /home/hunajpu/dev_tt_ws/build/cobots_axis_driver
[0.449s] -- Install configuration: "Debug"
[0.449s] -- Up-to-date: /home/hunajpu/dev_tt_ws/install/cobots_axis_driver/share/ament_index/resource_index/package_run_dependencies/cobots_axis_driver
[0.449s] -- Up-to-date: /home/hunajpu/dev_tt_ws/install/cobots_axis_driver/share/ament_index/resource_index/parent_prefix_path/cobots_axis_driver
[0.449s] -- Up-to-date: /home/hunajpu/dev_tt_ws/install/cobots_axis_driver/share/cobots_axis_driver/environment/ament_prefix_path.sh
[0.450s] -- Up-to-date: /home/hunajpu/dev_tt_ws/install/cobots_axis_driver/share/cobots_axis_driver/environment/ament_prefix_path.dsv
[0.450s] -- Up-to-date: /home/hunajpu/dev_tt_ws/install/cobots_axis_driver/share/cobots_axis_driver/environment/path.sh
[0.450s] -- Up-to-date: /home/hunajpu/dev_tt_ws/install/cobots_axis_driver/share/cobots_axis_driver/environment/path.dsv
[0.450s] -- Up-to-date: /home/hunajpu/dev_tt_ws/install/cobots_axis_driver/share/cobots_axis_driver/local_setup.bash
[0.450s] -- Up-to-date: /home/hunajpu/dev_tt_ws/install/cobots_axis_driver/share/cobots_axis_driver/local_setup.sh
[0.450s] -- Up-to-date: /home/hunajpu/dev_tt_ws/install/cobots_axis_driver/share/cobots_axis_driver/local_setup.zsh
[0.450s] -- Up-to-date: /home/hunajpu/dev_tt_ws/install/cobots_axis_driver/share/cobots_axis_driver/local_setup.dsv
[0.450s] -- Installing: /home/hunajpu/dev_tt_ws/install/cobots_axis_driver/share/cobots_axis_driver/package.dsv
[0.451s] -- Up-to-date: /home/hunajpu/dev_tt_ws/install/cobots_axis_driver/share/ament_index/resource_index/packages/cobots_axis_driver
[0.451s] -- Up-to-date: /home/hunajpu/dev_tt_ws/install/cobots_axis_driver/share/cobots_axis_driver/cmake/cobots_axis_driverConfig.cmake
[0.452s] -- Up-to-date: /home/hunajpu/dev_tt_ws/install/cobots_axis_driver/share/cobots_axis_driver/cmake/cobots_axis_driverConfig-version.cmake
[0.452s] -- Up-to-date: /home/hunajpu/dev_tt_ws/install/cobots_axis_driver/share/cobots_axis_driver/package.xml
[0.462s] Invoked command in '/home/hunajpu/dev_tt_ws/build/cobots_axis_driver' returned '0': CMAKE_PREFIX_PATH=${CMAKE_PREFIX_PATH}:/opt/ros/foxy /usr/bin/cmake --install /home/hunajpu/dev_tt_ws/build/cobots_axis_driver
