[0.089s] Invoking command in '/home/hunajpu/dev_tt_ws/build/rrbot_moveit_config': CMAKE_PREFIX_PATH=${CMAKE_PREFIX_PATH}:/opt/ros/foxy /usr/bin/cmake --build /home/hunajpu/dev_tt_ws/build/rrbot_moveit_config -- -j8 -l8
[0.324s] Invoked command in '/home/hunajpu/dev_tt_ws/build/rrbot_moveit_config' returned '0': CMAKE_PREFIX_PATH=${CMAKE_PREFIX_PATH}:/opt/ros/foxy /usr/bin/cmake --build /home/hunajpu/dev_tt_ws/build/rrbot_moveit_config -- -j8 -l8
[0.580s] Invoking command in '/home/hunajpu/dev_tt_ws/build/rrbot_moveit_config': CMAKE_PREFIX_PATH=${CMAKE_PREFIX_PATH}:/opt/ros/foxy /usr/bin/cmake --install /home/hunajpu/dev_tt_ws/build/rrbot_moveit_config
[0.613s] -- Install configuration: "Debug"
[0.614s] -- Execute custom install script
[0.617s] -- Up-to-date symlink: /home/hunajpu/dev_tt_ws/install/rrbot_moveit_config/share/ament_index/resource_index/package_run_dependencies/rrbot_moveit_config
[0.618s] -- Up-to-date symlink: /home/hunajpu/dev_tt_ws/install/rrbot_moveit_config/share/ament_index/resource_index/parent_prefix_path/rrbot_moveit_config
[0.621s] -- Up-to-date symlink: /home/hunajpu/dev_tt_ws/install/rrbot_moveit_config/share/rrbot_moveit_config/environment/ament_prefix_path.sh
[0.621s] -- Up-to-date symlink: /home/hunajpu/dev_tt_ws/install/rrbot_moveit_config/share/rrbot_moveit_config/environment/ament_prefix_path.dsv
[0.621s] -- Up-to-date symlink: /home/hunajpu/dev_tt_ws/install/rrbot_moveit_config/share/rrbot_moveit_config/environment/path.sh
[0.632s] -- Up-to-date symlink: /home/hunajpu/dev_tt_ws/install/rrbot_moveit_config/share/rrbot_moveit_config/environment/path.dsv
[0.633s] -- Up-to-date symlink: /home/hunajpu/dev_tt_ws/install/rrbot_moveit_config/share/rrbot_moveit_config/local_setup.bash
[0.633s] -- Up-to-date symlink: /home/hunajpu/dev_tt_ws/install/rrbot_moveit_config/share/rrbot_moveit_config/local_setup.sh
[0.634s] -- Up-to-date symlink: /home/hunajpu/dev_tt_ws/install/rrbot_moveit_config/share/rrbot_moveit_config/local_setup.zsh
[0.634s] -- Up-to-date symlink: /home/hunajpu/dev_tt_ws/install/rrbot_moveit_config/share/rrbot_moveit_config/local_setup.dsv
[0.635s] -- Symlinking: /home/hunajpu/dev_tt_ws/install/rrbot_moveit_config/share/rrbot_moveit_config/package.dsv
[0.655s] -- Up-to-date symlink: /home/hunajpu/dev_tt_ws/install/rrbot_moveit_config/share/ament_index/resource_index/packages/rrbot_moveit_config
[0.655s] -- Up-to-date symlink: /home/hunajpu/dev_tt_ws/install/rrbot_moveit_config/share/rrbot_moveit_config/cmake/rrbot_moveit_configConfig.cmake
[0.656s] -- Up-to-date symlink: /home/hunajpu/dev_tt_ws/install/rrbot_moveit_config/share/rrbot_moveit_config/cmake/rrbot_moveit_configConfig-version.cmake
[0.656s] -- Up-to-date symlink: /home/hunajpu/dev_tt_ws/install/rrbot_moveit_config/share/rrbot_moveit_config/package.xml
[0.657s] -- Up-to-date symlink: /home/hunajpu/dev_tt_ws/install/rrbot_moveit_config/share/rrbot_moveit_config/config/kinematics.yaml
[0.657s] -- Up-to-date symlink: /home/hunajpu/dev_tt_ws/install/rrbot_moveit_config/share/rrbot_moveit_config/config/ompl_planning.yaml
[0.658s] -- Up-to-date symlink: /home/hunajpu/dev_tt_ws/install/rrbot_moveit_config/share/rrbot_moveit_config/config/rrbot.srdf
[0.658s] -- Up-to-date symlink: /home/hunajpu/dev_tt_ws/install/rrbot_moveit_config/share/rrbot_moveit_config/config/rviz_rrbot.rviz
[0.751s] Invoked command in '/home/hunajpu/dev_tt_ws/build/rrbot_moveit_config' returned '0': CMAKE_PREFIX_PATH=${CMAKE_PREFIX_PATH}:/opt/ros/foxy /usr/bin/cmake --install /home/hunajpu/dev_tt_ws/build/rrbot_moveit_config
