[  8%] Building CXX object CMakeFiles/moveXYZ_action.dir/scripts/moveXYZ_action.cpp.o
[ 16%] Building CXX object CMakeFiles/moveYPR_action.dir/scripts/moveYPR_action.cpp.o
[ 25%] Building CXX object CMakeFiles/moveJ_action.dir/scripts/moveJ_action.cpp.o
[ 33%] Building CXX object CMakeFiles/moveL_action.dir/scripts/moveL_action.cpp.o
[ 41%] Building CXX object CMakeFiles/moveXYZW_action.dir/scripts/moveXYZW_action.cpp.o
[ 50%] Building CXX object CMakeFiles/moveR_action.dir/scripts/moveR_action.cpp.o
/home/hunajpu/dev_tt_ws/src/ros2_RobotSimulation/UniversalRobots/UR10/ur10_ros2_moveit2/scripts/moveL_action.cpp: In member function 'rclcpp_action::GoalResponse ActionServer::handle_goal(const GoalUUID&, std::shared_ptr<const ros2_data::action::MoveL_Goal_<std::allocator<void> > >)':
/home/hunajpu/dev_tt_ws/src/ros2_RobotSimulation/UniversalRobots/UR10/ur10_ros2_moveit2/scripts/moveL_action.cpp:79:41: warning: unused parameter 'uuid' [-Wunused-parameter]
   79 |         const rclcpp_action::GoalUUID & uuid,
      |         ~~~~~~~~~~~~~~~~~~~~~~~~~~~~~~~~^~~~
/home/hunajpu/dev_tt_ws/src/ros2_RobotSimulation/UniversalRobots/UR10/ur10_ros2_moveit2/scripts/moveL_action.cpp: In member function 'void ActionServer::execute(std::shared_ptr<rclcpp_action::ServerGoalHandle<ros2_data::action::MoveL> >)':
/home/hunajpu/dev_tt_ws/src/ros2_RobotSimulation/UniversalRobots/UR10/ur10_ros2_moveit2/scripts/moveL_action.cpp:184:20: warning: unused variable 'fraction' [-Wunused-variable]
  184 |             double fraction = move_group_interface.computeCartesianPath(waypoints, eef_step, jump_threshold, trajectory);
      |                    ^~~~~~~~
/home/hunajpu/dev_tt_ws/src/ros2_RobotSimulation/UniversalRobots/UR10/ur10_ros2_moveit2/scripts/moveL_action.cpp:134:46: warning: unused variable 'joint_model_group' [-Wunused-variable]
  134 |         const moveit::core::JointModelGroup* joint_model_group = move_group_interface.getCurrentState()->getJointModelGroup("ur10_robot");
      |                                              ^~~~~~~~~~~~~~~~~
/home/hunajpu/dev_tt_ws/src/ros2_RobotSimulation/UniversalRobots/UR10/ur10_ros2_moveit2/scripts/moveR_action.cpp: In member function 'rclcpp_action::GoalResponse ActionServer::handle_goal(const GoalUUID&, std::shared_ptr<const ros2_data::action::MoveR_Goal_<std::allocator<void> > >)':
/home/hunajpu/dev_tt_ws/src/ros2_RobotSimulation/UniversalRobots/UR10/ur10_ros2_moveit2/scripts/moveR_action.cpp:80:41: warning: unused parameter 'uuid' [-Wunused-parameter]
   80 |         const rclcpp_action::GoalUUID & uuid,
      |         ~~~~~~~~~~~~~~~~~~~~~~~~~~~~~~~~^~~~
/home/hunajpu/dev_tt_ws/src/ros2_RobotSimulation/UniversalRobots/UR10/ur10_ros2_moveit2/scripts/moveR_action.cpp: In member function 'void ActionServer::execute(std::shared_ptr<rclcpp_action::ServerGoalHandle<ros2_data::action::MoveR> >)':
/home/hunajpu/dev_tt_ws/src/ros2_RobotSimulation/UniversalRobots/UR10/ur10_ros2_moveit2/scripts/moveR_action.cpp:258:56: warning: comparison with string literal results in unspecified behavior [-Waddress]
  258 |         } else if (LimitCheck == true && InputJoint == "Valid") {
      |                                                        ^~~~~~~
/home/hunajpu/dev_tt_ws/src/ros2_RobotSimulation/UniversalRobots/UR10/ur10_ros2_moveit2/scripts/moveYPR_action.cpp: In member function 'rclcpp_action::GoalResponse ActionServer::handle_goal(const GoalUUID&, std::shared_ptr<const ros2_data::action::MoveYPR_Goal_<std::allocator<void> > >)':
/home/hunajpu/dev_tt_ws/src/ros2_RobotSimulation/UniversalRobots/UR10/ur10_ros2_moveit2/scripts/moveYPR_action.cpp:79:41: warning: unused parameter 'uuid' [-Wunused-parameter]
   79 |         const rclcpp_action::GoalUUID & uuid,
      |         ~~~~~~~~~~~~~~~~~~~~~~~~~~~~~~~~^~~~
/home/hunajpu/dev_tt_ws/src/ros2_RobotSimulation/UniversalRobots/UR10/ur10_ros2_moveit2/scripts/moveYPR_action.cpp: In member function 'void ActionServer::execute(std::shared_ptr<rclcpp_action::ServerGoalHandle<ros2_data::action::MoveYPR> >)':
/home/hunajpu/dev_tt_ws/src/ros2_RobotSimulation/UniversalRobots/UR10/ur10_ros2_moveit2/scripts/moveYPR_action.cpp:135:46: warning: unused variable 'joint_model_group' [-Wunused-variable]
  135 |         const moveit::core::JointModelGroup* joint_model_group = move_group_interface.getCurrentState()->getJointModelGroup("ur10_robot");
      |                                              ^~~~~~~~~~~~~~~~~
/home/hunajpu/dev_tt_ws/src/ros2_RobotSimulation/UniversalRobots/UR10/ur10_ros2_moveit2/scripts/moveXYZW_action.cpp: In member function 'rclcpp_action::GoalResponse ActionServer::handle_goal(const GoalUUID&, std::shared_ptr<const ros2_data::action::MoveXYZW_Goal_<std::allocator<void> > >)':
/home/hunajpu/dev_tt_ws/src/ros2_RobotSimulation/UniversalRobots/UR10/ur10_ros2_moveit2/scripts/moveXYZW_action.cpp:79:41: warning: unused parameter 'uuid' [-Wunused-parameter]
   79 |         const rclcpp_action::GoalUUID & uuid,
      |         ~~~~~~~~~~~~~~~~~~~~~~~~~~~~~~~~^~~~
/home/hunajpu/dev_tt_ws/src/ros2_RobotSimulation/UniversalRobots/UR10/ur10_ros2_moveit2/scripts/moveXYZW_action.cpp: In member function 'void ActionServer::execute(std::shared_ptr<rclcpp_action::ServerGoalHandle<ros2_data::action::MoveXYZW> >)':
/home/hunajpu/dev_tt_ws/src/ros2_RobotSimulation/UniversalRobots/UR10/ur10_ros2_moveit2/scripts/moveXYZW_action.cpp:142:46: warning: unused variable 'joint_model_group' [-Wunused-variable]
  142 |         const moveit::core::JointModelGroup* joint_model_group = move_group_interface.getCurrentState()->getJointModelGroup("ur10_robot");
      |                                              ^~~~~~~~~~~~~~~~~
/home/hunajpu/dev_tt_ws/src/ros2_RobotSimulation/UniversalRobots/UR10/ur10_ros2_moveit2/scripts/moveXYZ_action.cpp: In member function 'rclcpp_action::GoalResponse ActionServer::handle_goal(const GoalUUID&, std::shared_ptr<const ros2_data::action::MoveXYZ_Goal_<std::allocator<void> > >)':
/home/hunajpu/dev_tt_ws/src/ros2_RobotSimulation/UniversalRobots/UR10/ur10_ros2_moveit2/scripts/moveXYZ_action.cpp:79:41: warning: unused parameter 'uuid' [-Wunused-parameter]
   79 |         const rclcpp_action::GoalUUID & uuid,
      |         ~~~~~~~~~~~~~~~~~~~~~~~~~~~~~~~~^~~~
/home/hunajpu/dev_tt_ws/src/ros2_RobotSimulation/UniversalRobots/UR10/ur10_ros2_moveit2/scripts/moveXYZ_action.cpp: In member function 'void ActionServer::execute(std::shared_ptr<rclcpp_action::ServerGoalHandle<ros2_data::action::MoveXYZ> >)':
/home/hunajpu/dev_tt_ws/src/ros2_RobotSimulation/UniversalRobots/UR10/ur10_ros2_moveit2/scripts/moveXYZ_action.cpp:135:46: warning: unused variable 'joint_model_group' [-Wunused-variable]
  135 |         const moveit::core::JointModelGroup* joint_model_group = move_group_interface.getCurrentState()->getJointModelGroup("ur10_robot");
      |                                              ^~~~~~~~~~~~~~~~~
/home/hunajpu/dev_tt_ws/src/ros2_RobotSimulation/UniversalRobots/UR10/ur10_ros2_moveit2/scripts/moveJ_action.cpp: In member function 'rclcpp_action::GoalResponse ActionServer::handle_goal(const GoalUUID&, std::shared_ptr<const ros2_data::action::MoveJ_Goal_<std::allocator<void> > >)':
/home/hunajpu/dev_tt_ws/src/ros2_RobotSimulation/UniversalRobots/UR10/ur10_ros2_moveit2/scripts/moveJ_action.cpp:80:41: warning: unused parameter 'uuid' [-Wunused-parameter]
   80 |         const rclcpp_action::GoalUUID & uuid,
      |         ~~~~~~~~~~~~~~~~~~~~~~~~~~~~~~~~^~~~
[ 58%] Linking CXX executable moveXYZ_action
[ 66%] Linking CXX executable moveYPR_action
[ 75%] Linking CXX executable moveL_action
[ 83%] Linking CXX executable moveJ_action
[ 91%] Linking CXX executable moveXYZW_action
[100%] Linking CXX executable moveR_action
[100%] Built target moveXYZW_action
[100%] Built target moveR_action
[100%] Built target moveXYZ_action
[100%] Built target moveL_action
[100%] Built target moveJ_action
[100%] Built target moveYPR_action
