[0.133s] Invoking command in '/home/hunajpu/dev_tt_ws/build/rrbot_moveit_config': /usr/bin/cmake /home/hunajpu/dev_tt_ws/src/gazebo_ros_demos/rrbot_moveit_config -DCMAKE_INSTALL_PREFIX=/home/hunajpu/dev_tt_ws/install/rrbot_moveit_config
[0.566s] -- Found ament_cmake: 0.9.9 (/opt/ros/foxy/share/ament_cmake/cmake)
[0.566s] -- Using PYTHON_EXECUTABLE: /usr/bin/python3
[0.717s] Traceback (most recent call last):
[0.718s]   File "/opt/ros/foxy/share/ament_cmake_core/cmake/package_templates/templates_2_cmake.py", line 21, in <module>
[0.719s]     from ament_package.templates import get_environment_hook_template_path
[0.719s] ModuleNotFoundError: No module named 'ament_package'
[0.771s] CMake Error at /opt/ros/foxy/share/ament_cmake_core/cmake/ament_cmake_package_templates-extras.cmake:41 (message):
[0.771s]   execute_process(/usr/bin/python3
[0.772s]   /opt/ros/foxy/share/ament_cmake_core/cmake/package_templates/templates_2_cmake.py
[0.772s]   /home/hunajpu/dev_tt_ws/build/rrbot_moveit_config/ament_cmake_package_templates/templates.cmake)
[0.772s]   returned error code 1
[0.772s] Call Stack (most recent call first):
[0.772s]   /opt/ros/foxy/share/ament_cmake_core/cmake/ament_cmake_coreConfig.cmake:41 (include)
[0.773s]   /opt/ros/foxy/share/ament_cmake/cmake/ament_cmake_export_dependencies-extras.cmake:15 (find_package)
[0.773s]   /opt/ros/foxy/share/ament_cmake/cmake/ament_cmakeConfig.cmake:41 (include)
[0.773s]   CMakeLists.txt:3 (find_package)
[0.773s] 
[0.773s] 
[0.773s] -- Configuring incomplete, errors occurred!
[0.774s] See also "/home/hunajpu/dev_tt_ws/build/rrbot_moveit_config/CMakeFiles/CMakeOutput.log".
