[0.206s] Invoking command in '/home/hunajpu/dev_tt_ws/build/rosapi_msgs': CMAKE_PREFIX_PATH=${CMAKE_PREFIX_PATH}:/opt/ros/foxy /usr/bin/cmake --build /home/hunajpu/dev_tt_ws/build/rosapi_msgs -- -j8 -l8
[0.385s] [  0%] Built target rosapi_msgs__cpp
[0.403s] [ 12%] Built target rosapi_msgs__rosidl_generator_c
[0.484s] [ 24%] Built target rosapi_msgs__rosidl_typesupport_cpp
[0.573s] [ 37%] Built target rosapi_msgs__rosidl_typesupport_introspection_cpp
[0.598s] [ 49%] Built target rosapi_msgs__rosidl_typesupport_introspection_c
[0.621s] [ 61%] Built target rosapi_msgs__rosidl_typesupport_fastrtps_cpp
[0.626s] [ 73%] Built target rosapi_msgs__rosidl_typesupport_c
[0.735s] [ 85%] Built target rosapi_msgs__rosidl_typesupport_fastrtps_c
[0.777s] [ 85%] Built target rosapi_msgs
[0.827s] [ 85%] Built target rosapi_msgs__py
[0.911s] [ 97%] Built target rosapi_msgs__python
[0.969s] [ 98%] Built target rosapi_msgs__rosidl_typesupport_fastrtps_c__pyext
[0.985s] [ 99%] Built target rosapi_msgs__rosidl_typesupport_introspection_c__pyext
[0.992s] [100%] Built target rosapi_msgs__rosidl_typesupport_c__pyext
[1.164s] Invoked command in '/home/hunajpu/dev_tt_ws/build/rosapi_msgs' returned '0': CMAKE_PREFIX_PATH=${CMAKE_PREFIX_PATH}:/opt/ros/foxy /usr/bin/cmake --build /home/hunajpu/dev_tt_ws/build/rosapi_msgs -- -j8 -l8
[6.066s] Invoking command in '/home/hunajpu/dev_tt_ws/build/rosapi_msgs': CMAKE_PREFIX_PATH=${CMAKE_PREFIX_PATH}:/opt/ros/foxy /usr/bin/cmake --install /home/hunajpu/dev_tt_ws/build/rosapi_msgs
[6.468s] -- Install configuration: "Debug"
[6.583s] -- Execute custom install script
[6.586s] -- Up-to-date symlink: /home/hunajpu/dev_tt_ws/install/rosapi_msgs/share/ament_index/resource_index/rosidl_interfaces/rosapi_msgs
[6.587s] -- Up-to-date symlink: /home/hunajpu/dev_tt_ws/install/rosapi_msgs/include/rosapi_msgs/msg/detail/type_def__functions.h
[6.589s] -- Up-to-date symlink: /home/hunajpu/dev_tt_ws/install/rosapi_msgs/include/rosapi_msgs/msg/detail/type_def__struct.h
[6.597s] -- Up-to-date symlink: /home/hunajpu/dev_tt_ws/install/rosapi_msgs/include/rosapi_msgs/msg/detail/type_def__type_support.h
[6.603s] -- Up-to-date symlink: /home/hunajpu/dev_tt_ws/install/rosapi_msgs/include/rosapi_msgs/msg/rosidl_generator_c__visibility_control.h
[6.605s] -- Up-to-date symlink: /home/hunajpu/dev_tt_ws/install/rosapi_msgs/include/rosapi_msgs/msg/type_def.h
[6.609s] -- Up-to-date symlink: /home/hunajpu/dev_tt_ws/install/rosapi_msgs/include/rosapi_msgs/srv/delete_param.h
[6.611s] -- Up-to-date symlink: /home/hunajpu/dev_tt_ws/install/rosapi_msgs/include/rosapi_msgs/srv/detail/delete_param__functions.h
[6.631s] -- Up-to-date symlink: /home/hunajpu/dev_tt_ws/install/rosapi_msgs/include/rosapi_msgs/srv/detail/delete_param__struct.h
[6.672s] -- Up-to-date symlink: /home/hunajpu/dev_tt_ws/install/rosapi_msgs/include/rosapi_msgs/srv/detail/delete_param__type_support.h
[6.673s] -- Up-to-date symlink: /home/hunajpu/dev_tt_ws/install/rosapi_msgs/include/rosapi_msgs/srv/detail/get_action_servers__functions.h
[6.685s] -- Up-to-date symlink: /home/hunajpu/dev_tt_ws/install/rosapi_msgs/include/rosapi_msgs/srv/detail/get_action_servers__struct.h
[6.773s] -- Up-to-date symlink: /home/hunajpu/dev_tt_ws/install/rosapi_msgs/include/rosapi_msgs/srv/detail/get_action_servers__type_support.h
[6.794s] -- Up-to-date symlink: /home/hunajpu/dev_tt_ws/install/rosapi_msgs/include/rosapi_msgs/srv/detail/get_param__functions.h
[6.797s] -- Up-to-date symlink: /home/hunajpu/dev_tt_ws/install/rosapi_msgs/include/rosapi_msgs/srv/detail/get_param__struct.h
[6.798s] -- Up-to-date symlink: /home/hunajpu/dev_tt_ws/install/rosapi_msgs/include/rosapi_msgs/srv/detail/get_param__type_support.h
[6.809s] -- Up-to-date symlink: /home/hunajpu/dev_tt_ws/install/rosapi_msgs/include/rosapi_msgs/srv/detail/get_param_names__functions.h
[6.810s] -- Up-to-date symlink: /home/hunajpu/dev_tt_ws/install/rosapi_msgs/include/rosapi_msgs/srv/detail/get_param_names__struct.h
[6.832s] -- Up-to-date symlink: /home/hunajpu/dev_tt_ws/install/rosapi_msgs/include/rosapi_msgs/srv/detail/get_param_names__type_support.h
[6.833s] -- Up-to-date symlink: /home/hunajpu/dev_tt_ws/install/rosapi_msgs/include/rosapi_msgs/srv/detail/get_ros_version__functions.h
[6.834s] -- Up-to-date symlink: /home/hunajpu/dev_tt_ws/install/rosapi_msgs/include/rosapi_msgs/srv/detail/get_ros_version__struct.h
[6.864s] -- Up-to-date symlink: /home/hunajpu/dev_tt_ws/install/rosapi_msgs/include/rosapi_msgs/srv/detail/get_ros_version__type_support.h
[6.876s] -- Up-to-date symlink: /home/hunajpu/dev_tt_ws/install/rosapi_msgs/include/rosapi_msgs/srv/detail/get_time__functions.h
[6.877s] -- Up-to-date symlink: /home/hunajpu/dev_tt_ws/install/rosapi_msgs/include/rosapi_msgs/srv/detail/get_time__struct.h
[6.879s] -- Up-to-date symlink: /home/hunajpu/dev_tt_ws/install/rosapi_msgs/include/rosapi_msgs/srv/detail/get_time__type_support.h
[6.880s] -- Up-to-date symlink: /home/hunajpu/dev_tt_ws/install/rosapi_msgs/include/rosapi_msgs/srv/detail/has_param__functions.h
[6.881s] -- Up-to-date symlink: /home/hunajpu/dev_tt_ws/install/rosapi_msgs/include/rosapi_msgs/srv/detail/has_param__struct.h
[6.882s] -- Up-to-date symlink: /home/hunajpu/dev_tt_ws/install/rosapi_msgs/include/rosapi_msgs/srv/detail/has_param__type_support.h
[6.883s] -- Up-to-date symlink: /home/hunajpu/dev_tt_ws/install/rosapi_msgs/include/rosapi_msgs/srv/detail/message_details__functions.h
[6.902s] -- Up-to-date symlink: /home/hunajpu/dev_tt_ws/install/rosapi_msgs/include/rosapi_msgs/srv/detail/message_details__struct.h
[6.913s] -- Up-to-date symlink: /home/hunajpu/dev_tt_ws/install/rosapi_msgs/include/rosapi_msgs/srv/detail/message_details__type_support.h
[6.915s] -- Up-to-date symlink: /home/hunajpu/dev_tt_ws/install/rosapi_msgs/include/rosapi_msgs/srv/detail/node_details__functions.h
[6.918s] -- Up-to-date symlink: /home/hunajpu/dev_tt_ws/install/rosapi_msgs/include/rosapi_msgs/srv/detail/node_details__struct.h
[6.921s] -- Up-to-date symlink: /home/hunajpu/dev_tt_ws/install/rosapi_msgs/include/rosapi_msgs/srv/detail/node_details__type_support.h
[6.923s] -- Up-to-date symlink: /home/hunajpu/dev_tt_ws/install/rosapi_msgs/include/rosapi_msgs/srv/detail/nodes__functions.h
[6.924s] -- Up-to-date symlink: /home/hunajpu/dev_tt_ws/install/rosapi_msgs/include/rosapi_msgs/srv/detail/nodes__struct.h
[6.930s] -- Up-to-date symlink: /home/hunajpu/dev_tt_ws/install/rosapi_msgs/include/rosapi_msgs/srv/detail/nodes__type_support.h
[6.946s] -- Up-to-date symlink: /home/hunajpu/dev_tt_ws/install/rosapi_msgs/include/rosapi_msgs/srv/detail/publishers__functions.h
[6.953s] -- Up-to-date symlink: /home/hunajpu/dev_tt_ws/install/rosapi_msgs/include/rosapi_msgs/srv/detail/publishers__struct.h
[6.956s] -- Up-to-date symlink: /home/hunajpu/dev_tt_ws/install/rosapi_msgs/include/rosapi_msgs/srv/detail/publishers__type_support.h
[6.958s] -- Up-to-date symlink: /home/hunajpu/dev_tt_ws/install/rosapi_msgs/include/rosapi_msgs/srv/detail/service_node__functions.h
[6.959s] -- Up-to-date symlink: /home/hunajpu/dev_tt_ws/install/rosapi_msgs/include/rosapi_msgs/srv/detail/service_node__struct.h
[6.961s] -- Up-to-date symlink: /home/hunajpu/dev_tt_ws/install/rosapi_msgs/include/rosapi_msgs/srv/detail/service_node__type_support.h
[6.963s] -- Up-to-date symlink: /home/hunajpu/dev_tt_ws/install/rosapi_msgs/include/rosapi_msgs/srv/detail/service_providers__functions.h
[6.965s] -- Up-to-date symlink: /home/hunajpu/dev_tt_ws/install/rosapi_msgs/include/rosapi_msgs/srv/detail/service_providers__struct.h
[6.973s] -- Up-to-date symlink: /home/hunajpu/dev_tt_ws/install/rosapi_msgs/include/rosapi_msgs/srv/detail/service_providers__type_support.h
[6.974s] -- Up-to-date symlink: /home/hunajpu/dev_tt_ws/install/rosapi_msgs/include/rosapi_msgs/srv/detail/service_request_details__functions.h
[6.979s] -- Up-to-date symlink: /home/hunajpu/dev_tt_ws/install/rosapi_msgs/include/rosapi_msgs/srv/detail/service_request_details__struct.h
[7.001s] -- Up-to-date symlink: /home/hunajpu/dev_tt_ws/install/rosapi_msgs/include/rosapi_msgs/srv/detail/service_request_details__type_support.h
[7.005s] -- Up-to-date symlink: /home/hunajpu/dev_tt_ws/install/rosapi_msgs/include/rosapi_msgs/srv/detail/service_response_details__functions.h
[7.025s] -- Up-to-date symlink: /home/hunajpu/dev_tt_ws/install/rosapi_msgs/include/rosapi_msgs/srv/detail/service_response_details__struct.h
[7.025s] -- Up-to-date symlink: /home/hunajpu/dev_tt_ws/install/rosapi_msgs/include/rosapi_msgs/srv/detail/service_response_details__type_support.h
[7.026s] -- Up-to-date symlink: /home/hunajpu/dev_tt_ws/install/rosapi_msgs/include/rosapi_msgs/srv/detail/service_type__functions.h
[7.026s] -- Up-to-date symlink: /home/hunajpu/dev_tt_ws/install/rosapi_msgs/include/rosapi_msgs/srv/detail/service_type__struct.h
[7.027s] -- Up-to-date symlink: /home/hunajpu/dev_tt_ws/install/rosapi_msgs/include/rosapi_msgs/srv/detail/service_type__type_support.h
[7.027s] -- Up-to-date symlink: /home/hunajpu/dev_tt_ws/install/rosapi_msgs/include/rosapi_msgs/srv/detail/services__functions.h
[7.028s] -- Up-to-date symlink: /home/hunajpu/dev_tt_ws/install/rosapi_msgs/include/rosapi_msgs/srv/detail/services__struct.h
[7.028s] -- Up-to-date symlink: /home/hunajpu/dev_tt_ws/install/rosapi_msgs/include/rosapi_msgs/srv/detail/services__type_support.h
[7.029s] -- Up-to-date symlink: /home/hunajpu/dev_tt_ws/install/rosapi_msgs/include/rosapi_msgs/srv/detail/services_for_type__functions.h
[7.033s] -- Up-to-date symlink: /home/hunajpu/dev_tt_ws/install/rosapi_msgs/include/rosapi_msgs/srv/detail/services_for_type__struct.h
[7.034s] -- Up-to-date symlink: /home/hunajpu/dev_tt_ws/install/rosapi_msgs/include/rosapi_msgs/srv/detail/services_for_type__type_support.h
[7.034s] -- Up-to-date symlink: /home/hunajpu/dev_tt_ws/install/rosapi_msgs/include/rosapi_msgs/srv/detail/set_param__functions.h
[7.035s] -- Up-to-date symlink: /home/hunajpu/dev_tt_ws/install/rosapi_msgs/include/rosapi_msgs/srv/detail/set_param__struct.h
[7.048s] -- Up-to-date symlink: /home/hunajpu/dev_tt_ws/install/rosapi_msgs/include/rosapi_msgs/srv/detail/set_param__type_support.h
[7.048s] -- Up-to-date symlink: /home/hunajpu/dev_tt_ws/install/rosapi_msgs/include/rosapi_msgs/srv/detail/subscribers__functions.h
[7.049s] -- Up-to-date symlink: /home/hunajpu/dev_tt_ws/install/rosapi_msgs/include/rosapi_msgs/srv/detail/subscribers__struct.h
[7.049s] -- Up-to-date symlink: /home/hunajpu/dev_tt_ws/install/rosapi_msgs/include/rosapi_msgs/srv/detail/subscribers__type_support.h
[7.049s] -- Up-to-date symlink: /home/hunajpu/dev_tt_ws/install/rosapi_msgs/include/rosapi_msgs/srv/detail/topic_type__functions.h
[7.049s] -- Up-to-date symlink: /home/hunajpu/dev_tt_ws/install/rosapi_msgs/include/rosapi_msgs/srv/detail/topic_type__struct.h
[7.049s] -- Up-to-date symlink: /home/hunajpu/dev_tt_ws/install/rosapi_msgs/include/rosapi_msgs/srv/detail/topic_type__type_support.h
[7.050s] -- Up-to-date symlink: /home/hunajpu/dev_tt_ws/install/rosapi_msgs/include/rosapi_msgs/srv/detail/topics__functions.h
[7.050s] -- Up-to-date symlink: /home/hunajpu/dev_tt_ws/install/rosapi_msgs/include/rosapi_msgs/srv/detail/topics__struct.h
[7.050s] -- Up-to-date symlink: /home/hunajpu/dev_tt_ws/install/rosapi_msgs/include/rosapi_msgs/srv/detail/topics__type_support.h
[7.051s] -- Up-to-date symlink: /home/hunajpu/dev_tt_ws/install/rosapi_msgs/include/rosapi_msgs/srv/detail/topics_and_raw_types__functions.h
[7.051s] -- Up-to-date symlink: /home/hunajpu/dev_tt_ws/install/rosapi_msgs/include/rosapi_msgs/srv/detail/topics_and_raw_types__struct.h
[7.051s] -- Up-to-date symlink: /home/hunajpu/dev_tt_ws/install/rosapi_msgs/include/rosapi_msgs/srv/detail/topics_and_raw_types__type_support.h
[7.051s] -- Up-to-date symlink: /home/hunajpu/dev_tt_ws/install/rosapi_msgs/include/rosapi_msgs/srv/detail/topics_for_type__functions.h
[7.052s] -- Up-to-date symlink: /home/hunajpu/dev_tt_ws/install/rosapi_msgs/include/rosapi_msgs/srv/detail/topics_for_type__struct.h
[7.052s] -- Up-to-date symlink: /home/hunajpu/dev_tt_ws/install/rosapi_msgs/include/rosapi_msgs/srv/detail/topics_for_type__type_support.h
[7.052s] -- Up-to-date symlink: /home/hunajpu/dev_tt_ws/install/rosapi_msgs/include/rosapi_msgs/srv/get_action_servers.h
[7.053s] -- Up-to-date symlink: /home/hunajpu/dev_tt_ws/install/rosapi_msgs/include/rosapi_msgs/srv/get_param.h
[7.053s] -- Up-to-date symlink: /home/hunajpu/dev_tt_ws/install/rosapi_msgs/include/rosapi_msgs/srv/get_param_names.h
[7.053s] -- Up-to-date symlink: /home/hunajpu/dev_tt_ws/install/rosapi_msgs/include/rosapi_msgs/srv/get_ros_version.h
[7.054s] -- Up-to-date symlink: /home/hunajpu/dev_tt_ws/install/rosapi_msgs/include/rosapi_msgs/srv/get_time.h
[7.054s] -- Up-to-date symlink: /home/hunajpu/dev_tt_ws/install/rosapi_msgs/include/rosapi_msgs/srv/has_param.h
[7.055s] -- Up-to-date symlink: /home/hunajpu/dev_tt_ws/install/rosapi_msgs/include/rosapi_msgs/srv/message_details.h
[7.055s] -- Up-to-date symlink: /home/hunajpu/dev_tt_ws/install/rosapi_msgs/include/rosapi_msgs/srv/node_details.h
[7.056s] -- Up-to-date symlink: /home/hunajpu/dev_tt_ws/install/rosapi_msgs/include/rosapi_msgs/srv/nodes.h
[7.057s] -- Up-to-date symlink: /home/hunajpu/dev_tt_ws/install/rosapi_msgs/include/rosapi_msgs/srv/publishers.h
[7.058s] -- Up-to-date symlink: /home/hunajpu/dev_tt_ws/install/rosapi_msgs/include/rosapi_msgs/srv/service_node.h
[7.058s] -- Up-to-date symlink: /home/hunajpu/dev_tt_ws/install/rosapi_msgs/include/rosapi_msgs/srv/service_providers.h
[7.059s] -- Up-to-date symlink: /home/hunajpu/dev_tt_ws/install/rosapi_msgs/include/rosapi_msgs/srv/service_request_details.h
[7.059s] -- Up-to-date symlink: /home/hunajpu/dev_tt_ws/install/rosapi_msgs/include/rosapi_msgs/srv/service_response_details.h
[7.060s] -- Up-to-date symlink: /home/hunajpu/dev_tt_ws/install/rosapi_msgs/include/rosapi_msgs/srv/service_type.h
[7.060s] -- Up-to-date symlink: /home/hunajpu/dev_tt_ws/install/rosapi_msgs/include/rosapi_msgs/srv/services.h
[7.061s] -- Up-to-date symlink: /home/hunajpu/dev_tt_ws/install/rosapi_msgs/include/rosapi_msgs/srv/services_for_type.h
[7.062s] -- Up-to-date symlink: /home/hunajpu/dev_tt_ws/install/rosapi_msgs/include/rosapi_msgs/srv/set_param.h
[7.067s] -- Up-to-date symlink: /home/hunajpu/dev_tt_ws/install/rosapi_msgs/include/rosapi_msgs/srv/subscribers.h
[7.069s] -- Up-to-date symlink: /home/hunajpu/dev_tt_ws/install/rosapi_msgs/include/rosapi_msgs/srv/topic_type.h
[7.069s] -- Up-to-date symlink: /home/hunajpu/dev_tt_ws/install/rosapi_msgs/include/rosapi_msgs/srv/topics.h
[7.070s] -- Up-to-date symlink: /home/hunajpu/dev_tt_ws/install/rosapi_msgs/include/rosapi_msgs/srv/topics_and_raw_types.h
[7.070s] -- Up-to-date symlink: /home/hunajpu/dev_tt_ws/install/rosapi_msgs/include/rosapi_msgs/srv/topics_for_type.h
[7.070s] -- Up-to-date symlink: /home/hunajpu/dev_tt_ws/install/rosapi_msgs/share/rosapi_msgs/environment/library_path.sh
[7.070s] -- Up-to-date symlink: /home/hunajpu/dev_tt_ws/install/rosapi_msgs/share/rosapi_msgs/environment/library_path.dsv
[7.070s] -- Up-to-date symlink: /home/hunajpu/dev_tt_ws/install/rosapi_msgs/include/rosapi_msgs/msg/detail/type_def__rosidl_typesupport_fastrtps_c.h
[7.070s] -- Up-to-date symlink: /home/hunajpu/dev_tt_ws/install/rosapi_msgs/include/rosapi_msgs/msg/rosidl_typesupport_fastrtps_c__visibility_control.h
[7.071s] -- Up-to-date symlink: /home/hunajpu/dev_tt_ws/install/rosapi_msgs/include/rosapi_msgs/srv/detail/delete_param__rosidl_typesupport_fastrtps_c.h
[7.071s] -- Up-to-date symlink: /home/hunajpu/dev_tt_ws/install/rosapi_msgs/include/rosapi_msgs/srv/detail/get_action_servers__rosidl_typesupport_fastrtps_c.h
[7.071s] -- Up-to-date symlink: /home/hunajpu/dev_tt_ws/install/rosapi_msgs/include/rosapi_msgs/srv/detail/get_param__rosidl_typesupport_fastrtps_c.h
[7.072s] -- Up-to-date symlink: /home/hunajpu/dev_tt_ws/install/rosapi_msgs/include/rosapi_msgs/srv/detail/get_param_names__rosidl_typesupport_fastrtps_c.h
[7.072s] -- Up-to-date symlink: /home/hunajpu/dev_tt_ws/install/rosapi_msgs/include/rosapi_msgs/srv/detail/get_ros_version__rosidl_typesupport_fastrtps_c.h
[7.073s] -- Up-to-date symlink: /home/hunajpu/dev_tt_ws/install/rosapi_msgs/include/rosapi_msgs/srv/detail/get_time__rosidl_typesupport_fastrtps_c.h
[7.074s] -- Up-to-date symlink: /home/hunajpu/dev_tt_ws/install/rosapi_msgs/include/rosapi_msgs/srv/detail/has_param__rosidl_typesupport_fastrtps_c.h
[7.074s] -- Up-to-date symlink: /home/hunajpu/dev_tt_ws/install/rosapi_msgs/include/rosapi_msgs/srv/detail/message_details__rosidl_typesupport_fastrtps_c.h
[7.074s] -- Up-to-date symlink: /home/hunajpu/dev_tt_ws/install/rosapi_msgs/include/rosapi_msgs/srv/detail/node_details__rosidl_typesupport_fastrtps_c.h
[7.074s] -- Up-to-date symlink: /home/hunajpu/dev_tt_ws/install/rosapi_msgs/include/rosapi_msgs/srv/detail/nodes__rosidl_typesupport_fastrtps_c.h
[7.074s] -- Up-to-date symlink: /home/hunajpu/dev_tt_ws/install/rosapi_msgs/include/rosapi_msgs/srv/detail/publishers__rosidl_typesupport_fastrtps_c.h
[7.075s] -- Up-to-date symlink: /home/hunajpu/dev_tt_ws/install/rosapi_msgs/include/rosapi_msgs/srv/detail/service_node__rosidl_typesupport_fastrtps_c.h
[7.075s] -- Up-to-date symlink: /home/hunajpu/dev_tt_ws/install/rosapi_msgs/include/rosapi_msgs/srv/detail/service_providers__rosidl_typesupport_fastrtps_c.h
[7.075s] -- Up-to-date symlink: /home/hunajpu/dev_tt_ws/install/rosapi_msgs/include/rosapi_msgs/srv/detail/service_request_details__rosidl_typesupport_fastrtps_c.h
[7.076s] -- Up-to-date symlink: /home/hunajpu/dev_tt_ws/install/rosapi_msgs/include/rosapi_msgs/srv/detail/service_response_details__rosidl_typesupport_fastrtps_c.h
[7.076s] -- Up-to-date symlink: /home/hunajpu/dev_tt_ws/install/rosapi_msgs/include/rosapi_msgs/srv/detail/service_type__rosidl_typesupport_fastrtps_c.h
[7.076s] -- Up-to-date symlink: /home/hunajpu/dev_tt_ws/install/rosapi_msgs/include/rosapi_msgs/srv/detail/services__rosidl_typesupport_fastrtps_c.h
[7.076s] -- Up-to-date symlink: /home/hunajpu/dev_tt_ws/install/rosapi_msgs/include/rosapi_msgs/srv/detail/services_for_type__rosidl_typesupport_fastrtps_c.h
[7.076s] -- Up-to-date symlink: /home/hunajpu/dev_tt_ws/install/rosapi_msgs/include/rosapi_msgs/srv/detail/set_param__rosidl_typesupport_fastrtps_c.h
[7.077s] -- Up-to-date symlink: /home/hunajpu/dev_tt_ws/install/rosapi_msgs/include/rosapi_msgs/srv/detail/subscribers__rosidl_typesupport_fastrtps_c.h
[7.077s] -- Up-to-date symlink: /home/hunajpu/dev_tt_ws/install/rosapi_msgs/include/rosapi_msgs/srv/detail/topic_type__rosidl_typesupport_fastrtps_c.h
[7.077s] -- Up-to-date symlink: /home/hunajpu/dev_tt_ws/install/rosapi_msgs/include/rosapi_msgs/srv/detail/topics__rosidl_typesupport_fastrtps_c.h
[7.078s] -- Up-to-date symlink: /home/hunajpu/dev_tt_ws/install/rosapi_msgs/include/rosapi_msgs/srv/detail/topics_and_raw_types__rosidl_typesupport_fastrtps_c.h
[7.078s] -- Up-to-date symlink: /home/hunajpu/dev_tt_ws/install/rosapi_msgs/include/rosapi_msgs/srv/detail/topics_for_type__rosidl_typesupport_fastrtps_c.h
[7.078s] -- Up-to-date symlink: /home/hunajpu/dev_tt_ws/install/rosapi_msgs/lib/librosapi_msgs__rosidl_typesupport_fastrtps_c.so
[7.078s] -- Up-to-date symlink: /home/hunajpu/dev_tt_ws/install/rosapi_msgs/include/rosapi_msgs/msg/detail/type_def__rosidl_typesupport_fastrtps_cpp.hpp
[7.078s] -- Up-to-date symlink: /home/hunajpu/dev_tt_ws/install/rosapi_msgs/include/rosapi_msgs/msg/rosidl_typesupport_fastrtps_cpp__visibility_control.h
[7.078s] -- Up-to-date symlink: /home/hunajpu/dev_tt_ws/install/rosapi_msgs/include/rosapi_msgs/srv/detail/delete_param__rosidl_typesupport_fastrtps_cpp.hpp
[7.083s] -- Up-to-date symlink: /home/hunajpu/dev_tt_ws/install/rosapi_msgs/include/rosapi_msgs/srv/detail/get_action_servers__rosidl_typesupport_fastrtps_cpp.hpp
[7.087s] -- Up-to-date symlink: /home/hunajpu/dev_tt_ws/install/rosapi_msgs/include/rosapi_msgs/srv/detail/get_param__rosidl_typesupport_fastrtps_cpp.hpp
[7.091s] -- Up-to-date symlink: /home/hunajpu/dev_tt_ws/install/rosapi_msgs/include/rosapi_msgs/srv/detail/get_param_names__rosidl_typesupport_fastrtps_cpp.hpp
[7.091s] -- Up-to-date symlink: /home/hunajpu/dev_tt_ws/install/rosapi_msgs/include/rosapi_msgs/srv/detail/get_ros_version__rosidl_typesupport_fastrtps_cpp.hpp
[7.091s] -- Up-to-date symlink: /home/hunajpu/dev_tt_ws/install/rosapi_msgs/include/rosapi_msgs/srv/detail/get_time__rosidl_typesupport_fastrtps_cpp.hpp
[7.091s] -- Up-to-date symlink: /home/hunajpu/dev_tt_ws/install/rosapi_msgs/include/rosapi_msgs/srv/detail/has_param__rosidl_typesupport_fastrtps_cpp.hpp
[7.091s] -- Up-to-date symlink: /home/hunajpu/dev_tt_ws/install/rosapi_msgs/include/rosapi_msgs/srv/detail/message_details__rosidl_typesupport_fastrtps_cpp.hpp
[7.097s] -- Up-to-date symlink: /home/hunajpu/dev_tt_ws/install/rosapi_msgs/include/rosapi_msgs/srv/detail/node_details__rosidl_typesupport_fastrtps_cpp.hpp
[7.097s] -- Up-to-date symlink: /home/hunajpu/dev_tt_ws/install/rosapi_msgs/include/rosapi_msgs/srv/detail/nodes__rosidl_typesupport_fastrtps_cpp.hpp
[7.098s] -- Up-to-date symlink: /home/hunajpu/dev_tt_ws/install/rosapi_msgs/include/rosapi_msgs/srv/detail/publishers__rosidl_typesupport_fastrtps_cpp.hpp
[7.098s] -- Up-to-date symlink: /home/hunajpu/dev_tt_ws/install/rosapi_msgs/include/rosapi_msgs/srv/detail/service_node__rosidl_typesupport_fastrtps_cpp.hpp
[7.098s] -- Up-to-date symlink: /home/hunajpu/dev_tt_ws/install/rosapi_msgs/include/rosapi_msgs/srv/detail/service_providers__rosidl_typesupport_fastrtps_cpp.hpp
[7.099s] -- Up-to-date symlink: /home/hunajpu/dev_tt_ws/install/rosapi_msgs/include/rosapi_msgs/srv/detail/service_request_details__rosidl_typesupport_fastrtps_cpp.hpp
[7.100s] -- Up-to-date symlink: /home/hunajpu/dev_tt_ws/install/rosapi_msgs/include/rosapi_msgs/srv/detail/service_response_details__rosidl_typesupport_fastrtps_cpp.hpp
[7.100s] -- Up-to-date symlink: /home/hunajpu/dev_tt_ws/install/rosapi_msgs/include/rosapi_msgs/srv/detail/service_type__rosidl_typesupport_fastrtps_cpp.hpp
[7.100s] -- Up-to-date symlink: /home/hunajpu/dev_tt_ws/install/rosapi_msgs/include/rosapi_msgs/srv/detail/services__rosidl_typesupport_fastrtps_cpp.hpp
[7.103s] -- Up-to-date symlink: /home/hunajpu/dev_tt_ws/install/rosapi_msgs/include/rosapi_msgs/srv/detail/services_for_type__rosidl_typesupport_fastrtps_cpp.hpp
[7.103s] -- Up-to-date symlink: /home/hunajpu/dev_tt_ws/install/rosapi_msgs/include/rosapi_msgs/srv/detail/set_param__rosidl_typesupport_fastrtps_cpp.hpp
[7.103s] -- Up-to-date symlink: /home/hunajpu/dev_tt_ws/install/rosapi_msgs/include/rosapi_msgs/srv/detail/subscribers__rosidl_typesupport_fastrtps_cpp.hpp
[7.104s] -- Up-to-date symlink: /home/hunajpu/dev_tt_ws/install/rosapi_msgs/include/rosapi_msgs/srv/detail/topic_type__rosidl_typesupport_fastrtps_cpp.hpp
[7.104s] -- Up-to-date symlink: /home/hunajpu/dev_tt_ws/install/rosapi_msgs/include/rosapi_msgs/srv/detail/topics__rosidl_typesupport_fastrtps_cpp.hpp
[7.104s] -- Up-to-date symlink: /home/hunajpu/dev_tt_ws/install/rosapi_msgs/include/rosapi_msgs/srv/detail/topics_and_raw_types__rosidl_typesupport_fastrtps_cpp.hpp
[7.104s] -- Up-to-date symlink: /home/hunajpu/dev_tt_ws/install/rosapi_msgs/include/rosapi_msgs/srv/detail/topics_for_type__rosidl_typesupport_fastrtps_cpp.hpp
[7.113s] -- Up-to-date symlink: /home/hunajpu/dev_tt_ws/install/rosapi_msgs/lib/librosapi_msgs__rosidl_typesupport_fastrtps_cpp.so
[7.113s] -- Up-to-date symlink: /home/hunajpu/dev_tt_ws/install/rosapi_msgs/include/rosapi_msgs/msg/detail/type_def__rosidl_typesupport_introspection_c.h
[7.113s] -- Up-to-date symlink: /home/hunajpu/dev_tt_ws/install/rosapi_msgs/include/rosapi_msgs/msg/rosidl_typesupport_introspection_c__visibility_control.h
[7.113s] -- Up-to-date symlink: /home/hunajpu/dev_tt_ws/install/rosapi_msgs/include/rosapi_msgs/srv/detail/delete_param__rosidl_typesupport_introspection_c.h
[7.114s] -- Up-to-date symlink: /home/hunajpu/dev_tt_ws/install/rosapi_msgs/include/rosapi_msgs/srv/detail/get_action_servers__rosidl_typesupport_introspection_c.h
[7.114s] -- Up-to-date symlink: /home/hunajpu/dev_tt_ws/install/rosapi_msgs/include/rosapi_msgs/srv/detail/get_param__rosidl_typesupport_introspection_c.h
[7.116s] -- Up-to-date symlink: /home/hunajpu/dev_tt_ws/install/rosapi_msgs/include/rosapi_msgs/srv/detail/get_param_names__rosidl_typesupport_introspection_c.h
[7.117s] -- Up-to-date symlink: /home/hunajpu/dev_tt_ws/install/rosapi_msgs/include/rosapi_msgs/srv/detail/get_ros_version__rosidl_typesupport_introspection_c.h
[7.117s] -- Up-to-date symlink: /home/hunajpu/dev_tt_ws/install/rosapi_msgs/include/rosapi_msgs/srv/detail/get_time__rosidl_typesupport_introspection_c.h
[7.118s] -- Up-to-date symlink: /home/hunajpu/dev_tt_ws/install/rosapi_msgs/include/rosapi_msgs/srv/detail/has_param__rosidl_typesupport_introspection_c.h
[7.118s] -- Up-to-date symlink: /home/hunajpu/dev_tt_ws/install/rosapi_msgs/include/rosapi_msgs/srv/detail/message_details__rosidl_typesupport_introspection_c.h
[7.118s] -- Up-to-date symlink: /home/hunajpu/dev_tt_ws/install/rosapi_msgs/include/rosapi_msgs/srv/detail/node_details__rosidl_typesupport_introspection_c.h
[7.118s] -- Up-to-date symlink: /home/hunajpu/dev_tt_ws/install/rosapi_msgs/include/rosapi_msgs/srv/detail/nodes__rosidl_typesupport_introspection_c.h
[7.118s] -- Up-to-date symlink: /home/hunajpu/dev_tt_ws/install/rosapi_msgs/include/rosapi_msgs/srv/detail/publishers__rosidl_typesupport_introspection_c.h
[7.119s] -- Up-to-date symlink: /home/hunajpu/dev_tt_ws/install/rosapi_msgs/include/rosapi_msgs/srv/detail/service_node__rosidl_typesupport_introspection_c.h
[7.119s] -- Up-to-date symlink: /home/hunajpu/dev_tt_ws/install/rosapi_msgs/include/rosapi_msgs/srv/detail/service_providers__rosidl_typesupport_introspection_c.h
[7.119s] -- Up-to-date symlink: /home/hunajpu/dev_tt_ws/install/rosapi_msgs/include/rosapi_msgs/srv/detail/service_request_details__rosidl_typesupport_introspection_c.h
[7.119s] -- Up-to-date symlink: /home/hunajpu/dev_tt_ws/install/rosapi_msgs/include/rosapi_msgs/srv/detail/service_response_details__rosidl_typesupport_introspection_c.h
[7.123s] -- Up-to-date symlink: /home/hunajpu/dev_tt_ws/install/rosapi_msgs/include/rosapi_msgs/srv/detail/service_type__rosidl_typesupport_introspection_c.h
[7.136s] -- Up-to-date symlink: /home/hunajpu/dev_tt_ws/install/rosapi_msgs/include/rosapi_msgs/srv/detail/services__rosidl_typesupport_introspection_c.h
[7.136s] -- Up-to-date symlink: /home/hunajpu/dev_tt_ws/install/rosapi_msgs/include/rosapi_msgs/srv/detail/services_for_type__rosidl_typesupport_introspection_c.h
[7.136s] -- Up-to-date symlink: /home/hunajpu/dev_tt_ws/install/rosapi_msgs/include/rosapi_msgs/srv/detail/set_param__rosidl_typesupport_introspection_c.h
[7.136s] -- Up-to-date symlink: /home/hunajpu/dev_tt_ws/install/rosapi_msgs/include/rosapi_msgs/srv/detail/subscribers__rosidl_typesupport_introspection_c.h
[7.137s] -- Up-to-date symlink: /home/hunajpu/dev_tt_ws/install/rosapi_msgs/include/rosapi_msgs/srv/detail/topic_type__rosidl_typesupport_introspection_c.h
[7.137s] -- Up-to-date symlink: /home/hunajpu/dev_tt_ws/install/rosapi_msgs/include/rosapi_msgs/srv/detail/topics__rosidl_typesupport_introspection_c.h
[7.137s] -- Up-to-date symlink: /home/hunajpu/dev_tt_ws/install/rosapi_msgs/include/rosapi_msgs/srv/detail/topics_and_raw_types__rosidl_typesupport_introspection_c.h
[7.137s] -- Up-to-date symlink: /home/hunajpu/dev_tt_ws/install/rosapi_msgs/include/rosapi_msgs/srv/detail/topics_for_type__rosidl_typesupport_introspection_c.h
[7.138s] -- Up-to-date symlink: /home/hunajpu/dev_tt_ws/install/rosapi_msgs/include/rosapi_msgs/msg/detail/type_def__builder.hpp
[7.138s] -- Up-to-date symlink: /home/hunajpu/dev_tt_ws/install/rosapi_msgs/include/rosapi_msgs/msg/detail/type_def__struct.hpp
[7.138s] -- Up-to-date symlink: /home/hunajpu/dev_tt_ws/install/rosapi_msgs/include/rosapi_msgs/msg/detail/type_def__traits.hpp
[7.138s] -- Up-to-date symlink: /home/hunajpu/dev_tt_ws/install/rosapi_msgs/include/rosapi_msgs/msg/type_def.hpp
[7.138s] -- Up-to-date symlink: /home/hunajpu/dev_tt_ws/install/rosapi_msgs/include/rosapi_msgs/srv/delete_param.hpp
[7.138s] -- Up-to-date symlink: /home/hunajpu/dev_tt_ws/install/rosapi_msgs/include/rosapi_msgs/srv/detail/delete_param__builder.hpp
[7.139s] -- Up-to-date symlink: /home/hunajpu/dev_tt_ws/install/rosapi_msgs/include/rosapi_msgs/srv/detail/delete_param__struct.hpp
[7.139s] -- Up-to-date symlink: /home/hunajpu/dev_tt_ws/install/rosapi_msgs/include/rosapi_msgs/srv/detail/delete_param__traits.hpp
[7.139s] -- Up-to-date symlink: /home/hunajpu/dev_tt_ws/install/rosapi_msgs/include/rosapi_msgs/srv/detail/get_action_servers__builder.hpp
[7.139s] -- Up-to-date symlink: /home/hunajpu/dev_tt_ws/install/rosapi_msgs/include/rosapi_msgs/srv/detail/get_action_servers__struct.hpp
[7.139s] -- Up-to-date symlink: /home/hunajpu/dev_tt_ws/install/rosapi_msgs/include/rosapi_msgs/srv/detail/get_action_servers__traits.hpp
[7.139s] -- Up-to-date symlink: /home/hunajpu/dev_tt_ws/install/rosapi_msgs/include/rosapi_msgs/srv/detail/get_param__builder.hpp
[7.139s] -- Up-to-date symlink: /home/hunajpu/dev_tt_ws/install/rosapi_msgs/include/rosapi_msgs/srv/detail/get_param__struct.hpp
[7.139s] -- Up-to-date symlink: /home/hunajpu/dev_tt_ws/install/rosapi_msgs/include/rosapi_msgs/srv/detail/get_param__traits.hpp
[7.139s] -- Up-to-date symlink: /home/hunajpu/dev_tt_ws/install/rosapi_msgs/include/rosapi_msgs/srv/detail/get_param_names__builder.hpp
[7.140s] -- Up-to-date symlink: /home/hunajpu/dev_tt_ws/install/rosapi_msgs/include/rosapi_msgs/srv/detail/get_param_names__struct.hpp
[7.140s] -- Up-to-date symlink: /home/hunajpu/dev_tt_ws/install/rosapi_msgs/include/rosapi_msgs/srv/detail/get_param_names__traits.hpp
[7.140s] -- Up-to-date symlink: /home/hunajpu/dev_tt_ws/install/rosapi_msgs/include/rosapi_msgs/srv/detail/get_ros_version__builder.hpp
[7.140s] -- Up-to-date symlink: /home/hunajpu/dev_tt_ws/install/rosapi_msgs/include/rosapi_msgs/srv/detail/get_ros_version__struct.hpp
[7.140s] -- Up-to-date symlink: /home/hunajpu/dev_tt_ws/install/rosapi_msgs/include/rosapi_msgs/srv/detail/get_ros_version__traits.hpp
[7.140s] -- Up-to-date symlink: /home/hunajpu/dev_tt_ws/install/rosapi_msgs/include/rosapi_msgs/srv/detail/get_time__builder.hpp
[7.140s] -- Up-to-date symlink: /home/hunajpu/dev_tt_ws/install/rosapi_msgs/include/rosapi_msgs/srv/detail/get_time__struct.hpp
[7.140s] -- Up-to-date symlink: /home/hunajpu/dev_tt_ws/install/rosapi_msgs/include/rosapi_msgs/srv/detail/get_time__traits.hpp
[7.140s] -- Up-to-date symlink: /home/hunajpu/dev_tt_ws/install/rosapi_msgs/include/rosapi_msgs/srv/detail/has_param__builder.hpp
[7.140s] -- Up-to-date symlink: /home/hunajpu/dev_tt_ws/install/rosapi_msgs/include/rosapi_msgs/srv/detail/has_param__struct.hpp
[7.141s] -- Up-to-date symlink: /home/hunajpu/dev_tt_ws/install/rosapi_msgs/include/rosapi_msgs/srv/detail/has_param__traits.hpp
[7.141s] -- Up-to-date symlink: /home/hunajpu/dev_tt_ws/install/rosapi_msgs/include/rosapi_msgs/srv/detail/message_details__builder.hpp
[7.141s] -- Up-to-date symlink: /home/hunajpu/dev_tt_ws/install/rosapi_msgs/include/rosapi_msgs/srv/detail/message_details__struct.hpp
[7.141s] -- Up-to-date symlink: /home/hunajpu/dev_tt_ws/install/rosapi_msgs/include/rosapi_msgs/srv/detail/message_details__traits.hpp
[7.141s] -- Up-to-date symlink: /home/hunajpu/dev_tt_ws/install/rosapi_msgs/include/rosapi_msgs/srv/detail/node_details__builder.hpp
[7.141s] -- Up-to-date symlink: /home/hunajpu/dev_tt_ws/install/rosapi_msgs/include/rosapi_msgs/srv/detail/node_details__struct.hpp
[7.141s] -- Up-to-date symlink: /home/hunajpu/dev_tt_ws/install/rosapi_msgs/include/rosapi_msgs/srv/detail/node_details__traits.hpp
[7.141s] -- Up-to-date symlink: /home/hunajpu/dev_tt_ws/install/rosapi_msgs/include/rosapi_msgs/srv/detail/nodes__builder.hpp
[7.141s] -- Up-to-date symlink: /home/hunajpu/dev_tt_ws/install/rosapi_msgs/include/rosapi_msgs/srv/detail/nodes__struct.hpp
[7.144s] -- Up-to-date symlink: /home/hunajpu/dev_tt_ws/install/rosapi_msgs/include/rosapi_msgs/srv/detail/nodes__traits.hpp
[7.144s] -- Up-to-date symlink: /home/hunajpu/dev_tt_ws/install/rosapi_msgs/include/rosapi_msgs/srv/detail/publishers__builder.hpp
[7.144s] -- Up-to-date symlink: /home/hunajpu/dev_tt_ws/install/rosapi_msgs/include/rosapi_msgs/srv/detail/publishers__struct.hpp
[7.144s] -- Up-to-date symlink: /home/hunajpu/dev_tt_ws/install/rosapi_msgs/include/rosapi_msgs/srv/detail/publishers__traits.hpp
[7.144s] -- Up-to-date symlink: /home/hunajpu/dev_tt_ws/install/rosapi_msgs/include/rosapi_msgs/srv/detail/service_node__builder.hpp
[7.144s] -- Up-to-date symlink: /home/hunajpu/dev_tt_ws/install/rosapi_msgs/include/rosapi_msgs/srv/detail/service_node__struct.hpp
[7.145s] -- Up-to-date symlink: /home/hunajpu/dev_tt_ws/install/rosapi_msgs/include/rosapi_msgs/srv/detail/service_node__traits.hpp
[7.148s] -- Up-to-date symlink: /home/hunajpu/dev_tt_ws/install/rosapi_msgs/include/rosapi_msgs/srv/detail/service_providers__builder.hpp
[7.148s] -- Up-to-date symlink: /home/hunajpu/dev_tt_ws/install/rosapi_msgs/include/rosapi_msgs/srv/detail/service_providers__struct.hpp
[7.148s] -- Up-to-date symlink: /home/hunajpu/dev_tt_ws/install/rosapi_msgs/include/rosapi_msgs/srv/detail/service_providers__traits.hpp
[7.148s] -- Up-to-date symlink: /home/hunajpu/dev_tt_ws/install/rosapi_msgs/include/rosapi_msgs/srv/detail/service_request_details__builder.hpp
[7.154s] -- Up-to-date symlink: /home/hunajpu/dev_tt_ws/install/rosapi_msgs/include/rosapi_msgs/srv/detail/service_request_details__struct.hpp
[7.154s] -- Up-to-date symlink: /home/hunajpu/dev_tt_ws/install/rosapi_msgs/include/rosapi_msgs/srv/detail/service_request_details__traits.hpp
[7.154s] -- Up-to-date symlink: /home/hunajpu/dev_tt_ws/install/rosapi_msgs/include/rosapi_msgs/srv/detail/service_response_details__builder.hpp
[7.154s] -- Up-to-date symlink: /home/hunajpu/dev_tt_ws/install/rosapi_msgs/include/rosapi_msgs/srv/detail/service_response_details__struct.hpp
[7.154s] -- Up-to-date symlink: /home/hunajpu/dev_tt_ws/install/rosapi_msgs/include/rosapi_msgs/srv/detail/service_response_details__traits.hpp
[7.155s] -- Up-to-date symlink: /home/hunajpu/dev_tt_ws/install/rosapi_msgs/include/rosapi_msgs/srv/detail/service_type__builder.hpp
[7.155s] -- Up-to-date symlink: /home/hunajpu/dev_tt_ws/install/rosapi_msgs/include/rosapi_msgs/srv/detail/service_type__struct.hpp
[7.155s] -- Up-to-date symlink: /home/hunajpu/dev_tt_ws/install/rosapi_msgs/include/rosapi_msgs/srv/detail/service_type__traits.hpp
[7.155s] -- Up-to-date symlink: /home/hunajpu/dev_tt_ws/install/rosapi_msgs/include/rosapi_msgs/srv/detail/services__builder.hpp
[7.155s] -- Up-to-date symlink: /home/hunajpu/dev_tt_ws/install/rosapi_msgs/include/rosapi_msgs/srv/detail/services__struct.hpp
[7.155s] -- Up-to-date symlink: /home/hunajpu/dev_tt_ws/install/rosapi_msgs/include/rosapi_msgs/srv/detail/services__traits.hpp
[7.156s] -- Up-to-date symlink: /home/hunajpu/dev_tt_ws/install/rosapi_msgs/include/rosapi_msgs/srv/detail/services_for_type__builder.hpp
[7.156s] -- Up-to-date symlink: /home/hunajpu/dev_tt_ws/install/rosapi_msgs/include/rosapi_msgs/srv/detail/services_for_type__struct.hpp
[7.156s] -- Up-to-date symlink: /home/hunajpu/dev_tt_ws/install/rosapi_msgs/include/rosapi_msgs/srv/detail/services_for_type__traits.hpp
[7.156s] -- Up-to-date symlink: /home/hunajpu/dev_tt_ws/install/rosapi_msgs/include/rosapi_msgs/srv/detail/set_param__builder.hpp
[7.158s] -- Up-to-date symlink: /home/hunajpu/dev_tt_ws/install/rosapi_msgs/include/rosapi_msgs/srv/detail/set_param__struct.hpp
[7.160s] -- Up-to-date symlink: /home/hunajpu/dev_tt_ws/install/rosapi_msgs/include/rosapi_msgs/srv/detail/set_param__traits.hpp
[7.160s] -- Up-to-date symlink: /home/hunajpu/dev_tt_ws/install/rosapi_msgs/include/rosapi_msgs/srv/detail/subscribers__builder.hpp
[7.161s] -- Up-to-date symlink: /home/hunajpu/dev_tt_ws/install/rosapi_msgs/include/rosapi_msgs/srv/detail/subscribers__struct.hpp
[7.161s] -- Up-to-date symlink: /home/hunajpu/dev_tt_ws/install/rosapi_msgs/include/rosapi_msgs/srv/detail/subscribers__traits.hpp
[7.161s] -- Up-to-date symlink: /home/hunajpu/dev_tt_ws/install/rosapi_msgs/include/rosapi_msgs/srv/detail/topic_type__builder.hpp
[7.161s] -- Up-to-date symlink: /home/hunajpu/dev_tt_ws/install/rosapi_msgs/include/rosapi_msgs/srv/detail/topic_type__struct.hpp
[7.161s] -- Up-to-date symlink: /home/hunajpu/dev_tt_ws/install/rosapi_msgs/include/rosapi_msgs/srv/detail/topic_type__traits.hpp
[7.173s] -- Up-to-date symlink: /home/hunajpu/dev_tt_ws/install/rosapi_msgs/include/rosapi_msgs/srv/detail/topics__builder.hpp
[7.173s] -- Up-to-date symlink: /home/hunajpu/dev_tt_ws/install/rosapi_msgs/include/rosapi_msgs/srv/detail/topics__struct.hpp
[7.173s] -- Up-to-date symlink: /home/hunajpu/dev_tt_ws/install/rosapi_msgs/include/rosapi_msgs/srv/detail/topics__traits.hpp
[7.173s] -- Up-to-date symlink: /home/hunajpu/dev_tt_ws/install/rosapi_msgs/include/rosapi_msgs/srv/detail/topics_and_raw_types__builder.hpp
[7.174s] -- Up-to-date symlink: /home/hunajpu/dev_tt_ws/install/rosapi_msgs/include/rosapi_msgs/srv/detail/topics_and_raw_types__struct.hpp
[7.174s] -- Up-to-date symlink: /home/hunajpu/dev_tt_ws/install/rosapi_msgs/include/rosapi_msgs/srv/detail/topics_and_raw_types__traits.hpp
[7.174s] -- Up-to-date symlink: /home/hunajpu/dev_tt_ws/install/rosapi_msgs/include/rosapi_msgs/srv/detail/topics_for_type__builder.hpp
[7.174s] -- Up-to-date symlink: /home/hunajpu/dev_tt_ws/install/rosapi_msgs/include/rosapi_msgs/srv/detail/topics_for_type__struct.hpp
[7.174s] -- Up-to-date symlink: /home/hunajpu/dev_tt_ws/install/rosapi_msgs/include/rosapi_msgs/srv/detail/topics_for_type__traits.hpp
[7.174s] -- Up-to-date symlink: /home/hunajpu/dev_tt_ws/install/rosapi_msgs/include/rosapi_msgs/srv/get_action_servers.hpp
[7.175s] -- Up-to-date symlink: /home/hunajpu/dev_tt_ws/install/rosapi_msgs/include/rosapi_msgs/srv/get_param.hpp
[7.176s] -- Up-to-date symlink: /home/hunajpu/dev_tt_ws/install/rosapi_msgs/include/rosapi_msgs/srv/get_param_names.hpp
[7.176s] -- Up-to-date symlink: /home/hunajpu/dev_tt_ws/install/rosapi_msgs/include/rosapi_msgs/srv/get_ros_version.hpp
[7.178s] -- Up-to-date symlink: /home/hunajpu/dev_tt_ws/install/rosapi_msgs/include/rosapi_msgs/srv/get_time.hpp
[7.178s] -- Up-to-date symlink: /home/hunajpu/dev_tt_ws/install/rosapi_msgs/include/rosapi_msgs/srv/has_param.hpp
[7.178s] -- Up-to-date symlink: /home/hunajpu/dev_tt_ws/install/rosapi_msgs/include/rosapi_msgs/srv/message_details.hpp
[7.178s] -- Up-to-date symlink: /home/hunajpu/dev_tt_ws/install/rosapi_msgs/include/rosapi_msgs/srv/node_details.hpp
[7.179s] -- Up-to-date symlink: /home/hunajpu/dev_tt_ws/install/rosapi_msgs/include/rosapi_msgs/srv/nodes.hpp
[7.185s] -- Up-to-date symlink: /home/hunajpu/dev_tt_ws/install/rosapi_msgs/include/rosapi_msgs/srv/publishers.hpp
[7.186s] -- Up-to-date symlink: /home/hunajpu/dev_tt_ws/install/rosapi_msgs/include/rosapi_msgs/srv/service_node.hpp
[7.186s] -- Up-to-date symlink: /home/hunajpu/dev_tt_ws/install/rosapi_msgs/include/rosapi_msgs/srv/service_providers.hpp
[7.186s] -- Up-to-date symlink: /home/hunajpu/dev_tt_ws/install/rosapi_msgs/include/rosapi_msgs/srv/service_request_details.hpp
[7.186s] -- Up-to-date symlink: /home/hunajpu/dev_tt_ws/install/rosapi_msgs/include/rosapi_msgs/srv/service_response_details.hpp
[7.187s] -- Up-to-date symlink: /home/hunajpu/dev_tt_ws/install/rosapi_msgs/include/rosapi_msgs/srv/service_type.hpp
[7.187s] -- Up-to-date symlink: /home/hunajpu/dev_tt_ws/install/rosapi_msgs/include/rosapi_msgs/srv/services.hpp
[7.187s] -- Up-to-date symlink: /home/hunajpu/dev_tt_ws/install/rosapi_msgs/include/rosapi_msgs/srv/services_for_type.hpp
[7.187s] -- Up-to-date symlink: /home/hunajpu/dev_tt_ws/install/rosapi_msgs/include/rosapi_msgs/srv/set_param.hpp
[7.187s] -- Up-to-date symlink: /home/hunajpu/dev_tt_ws/install/rosapi_msgs/include/rosapi_msgs/srv/subscribers.hpp
[7.187s] -- Up-to-date symlink: /home/hunajpu/dev_tt_ws/install/rosapi_msgs/include/rosapi_msgs/srv/topic_type.hpp
[7.188s] -- Up-to-date symlink: /home/hunajpu/dev_tt_ws/install/rosapi_msgs/include/rosapi_msgs/srv/topics.hpp
[7.188s] -- Up-to-date symlink: /home/hunajpu/dev_tt_ws/install/rosapi_msgs/include/rosapi_msgs/srv/topics_and_raw_types.hpp
[7.188s] -- Up-to-date symlink: /home/hunajpu/dev_tt_ws/install/rosapi_msgs/include/rosapi_msgs/srv/topics_for_type.hpp
[7.188s] -- Up-to-date symlink: /home/hunajpu/dev_tt_ws/install/rosapi_msgs/include/rosapi_msgs/msg/detail/type_def__rosidl_typesupport_introspection_cpp.hpp
[7.188s] -- Up-to-date symlink: /home/hunajpu/dev_tt_ws/install/rosapi_msgs/include/rosapi_msgs/srv/detail/delete_param__rosidl_typesupport_introspection_cpp.hpp
[7.188s] -- Up-to-date symlink: /home/hunajpu/dev_tt_ws/install/rosapi_msgs/include/rosapi_msgs/srv/detail/get_action_servers__rosidl_typesupport_introspection_cpp.hpp
[7.189s] -- Up-to-date symlink: /home/hunajpu/dev_tt_ws/install/rosapi_msgs/include/rosapi_msgs/srv/detail/get_param__rosidl_typesupport_introspection_cpp.hpp
[7.189s] -- Up-to-date symlink: /home/hunajpu/dev_tt_ws/install/rosapi_msgs/include/rosapi_msgs/srv/detail/get_param_names__rosidl_typesupport_introspection_cpp.hpp
[7.199s] -- Up-to-date symlink: /home/hunajpu/dev_tt_ws/install/rosapi_msgs/include/rosapi_msgs/srv/detail/get_ros_version__rosidl_typesupport_introspection_cpp.hpp
[7.199s] -- Up-to-date symlink: /home/hunajpu/dev_tt_ws/install/rosapi_msgs/include/rosapi_msgs/srv/detail/get_time__rosidl_typesupport_introspection_cpp.hpp
[7.199s] -- Up-to-date symlink: /home/hunajpu/dev_tt_ws/install/rosapi_msgs/include/rosapi_msgs/srv/detail/has_param__rosidl_typesupport_introspection_cpp.hpp
[7.199s] -- Up-to-date symlink: /home/hunajpu/dev_tt_ws/install/rosapi_msgs/include/rosapi_msgs/srv/detail/message_details__rosidl_typesupport_introspection_cpp.hpp
[7.199s] -- Up-to-date symlink: /home/hunajpu/dev_tt_ws/install/rosapi_msgs/include/rosapi_msgs/srv/detail/node_details__rosidl_typesupport_introspection_cpp.hpp
[7.206s] -- Up-to-date symlink: /home/hunajpu/dev_tt_ws/install/rosapi_msgs/include/rosapi_msgs/srv/detail/nodes__rosidl_typesupport_introspection_cpp.hpp
[7.209s] -- Up-to-date symlink: /home/hunajpu/dev_tt_ws/install/rosapi_msgs/include/rosapi_msgs/srv/detail/publishers__rosidl_typesupport_introspection_cpp.hpp
[7.209s] -- Up-to-date symlink: /home/hunajpu/dev_tt_ws/install/rosapi_msgs/include/rosapi_msgs/srv/detail/service_node__rosidl_typesupport_introspection_cpp.hpp
[7.209s] -- Up-to-date symlink: /home/hunajpu/dev_tt_ws/install/rosapi_msgs/include/rosapi_msgs/srv/detail/service_providers__rosidl_typesupport_introspection_cpp.hpp
[7.209s] -- Up-to-date symlink: /home/hunajpu/dev_tt_ws/install/rosapi_msgs/include/rosapi_msgs/srv/detail/service_request_details__rosidl_typesupport_introspection_cpp.hpp
[7.209s] -- Up-to-date symlink: /home/hunajpu/dev_tt_ws/install/rosapi_msgs/include/rosapi_msgs/srv/detail/service_response_details__rosidl_typesupport_introspection_cpp.hpp
[7.210s] -- Up-to-date symlink: /home/hunajpu/dev_tt_ws/install/rosapi_msgs/include/rosapi_msgs/srv/detail/service_type__rosidl_typesupport_introspection_cpp.hpp
[7.210s] -- Up-to-date symlink: /home/hunajpu/dev_tt_ws/install/rosapi_msgs/include/rosapi_msgs/srv/detail/services__rosidl_typesupport_introspection_cpp.hpp
[7.211s] -- Up-to-date symlink: /home/hunajpu/dev_tt_ws/install/rosapi_msgs/include/rosapi_msgs/srv/detail/services_for_type__rosidl_typesupport_introspection_cpp.hpp
[7.211s] -- Up-to-date symlink: /home/hunajpu/dev_tt_ws/install/rosapi_msgs/include/rosapi_msgs/srv/detail/set_param__rosidl_typesupport_introspection_cpp.hpp
[7.212s] -- Up-to-date symlink: /home/hunajpu/dev_tt_ws/install/rosapi_msgs/include/rosapi_msgs/srv/detail/subscribers__rosidl_typesupport_introspection_cpp.hpp
[7.212s] -- Up-to-date symlink: /home/hunajpu/dev_tt_ws/install/rosapi_msgs/include/rosapi_msgs/srv/detail/topic_type__rosidl_typesupport_introspection_cpp.hpp
[7.214s] -- Up-to-date symlink: /home/hunajpu/dev_tt_ws/install/rosapi_msgs/include/rosapi_msgs/srv/detail/topics__rosidl_typesupport_introspection_cpp.hpp
[7.214s] -- Up-to-date symlink: /home/hunajpu/dev_tt_ws/install/rosapi_msgs/include/rosapi_msgs/srv/detail/topics_and_raw_types__rosidl_typesupport_introspection_cpp.hpp
[7.214s] -- Up-to-date symlink: /home/hunajpu/dev_tt_ws/install/rosapi_msgs/include/rosapi_msgs/srv/detail/topics_for_type__rosidl_typesupport_introspection_cpp.hpp
[7.214s] -- Up-to-date symlink: /home/hunajpu/dev_tt_ws/install/rosapi_msgs/share/rosapi_msgs/environment/pythonpath.sh
[7.215s] -- Up-to-date symlink: /home/hunajpu/dev_tt_ws/install/rosapi_msgs/share/rosapi_msgs/environment/pythonpath.dsv
[7.215s] -- Up-to-date symlink: /home/hunajpu/dev_tt_ws/install/rosapi_msgs/lib/python3.8/site-packages/rosapi_msgs/__init__.py
[7.217s] -- Up-to-date symlink: /home/hunajpu/dev_tt_ws/install/rosapi_msgs/lib/python3.8/site-packages/rosapi_msgs/msg/__init__.py
[7.217s] -- Up-to-date symlink: /home/hunajpu/dev_tt_ws/install/rosapi_msgs/lib/python3.8/site-packages/rosapi_msgs/msg/_type_def.py
[7.217s] -- Up-to-date symlink: /home/hunajpu/dev_tt_ws/install/rosapi_msgs/lib/python3.8/site-packages/rosapi_msgs/srv/__init__.py
[7.217s] -- Up-to-date symlink: /home/hunajpu/dev_tt_ws/install/rosapi_msgs/lib/python3.8/site-packages/rosapi_msgs/srv/_delete_param.py
[7.218s] -- Up-to-date symlink: /home/hunajpu/dev_tt_ws/install/rosapi_msgs/lib/python3.8/site-packages/rosapi_msgs/srv/_get_action_servers.py
[7.218s] -- Up-to-date symlink: /home/hunajpu/dev_tt_ws/install/rosapi_msgs/lib/python3.8/site-packages/rosapi_msgs/srv/_get_param.py
[7.218s] -- Up-to-date symlink: /home/hunajpu/dev_tt_ws/install/rosapi_msgs/lib/python3.8/site-packages/rosapi_msgs/srv/_get_param_names.py
[7.218s] -- Up-to-date symlink: /home/hunajpu/dev_tt_ws/install/rosapi_msgs/lib/python3.8/site-packages/rosapi_msgs/srv/_get_ros_version.py
[7.219s] -- Up-to-date symlink: /home/hunajpu/dev_tt_ws/install/rosapi_msgs/lib/python3.8/site-packages/rosapi_msgs/srv/_get_time.py
[7.219s] -- Up-to-date symlink: /home/hunajpu/dev_tt_ws/install/rosapi_msgs/lib/python3.8/site-packages/rosapi_msgs/srv/_has_param.py
[7.219s] -- Up-to-date symlink: /home/hunajpu/dev_tt_ws/install/rosapi_msgs/lib/python3.8/site-packages/rosapi_msgs/srv/_message_details.py
[7.223s] -- Up-to-date symlink: /home/hunajpu/dev_tt_ws/install/rosapi_msgs/lib/python3.8/site-packages/rosapi_msgs/srv/_node_details.py
[7.224s] -- Up-to-date symlink: /home/hunajpu/dev_tt_ws/install/rosapi_msgs/lib/python3.8/site-packages/rosapi_msgs/srv/_nodes.py
[7.224s] -- Up-to-date symlink: /home/hunajpu/dev_tt_ws/install/rosapi_msgs/lib/python3.8/site-packages/rosapi_msgs/srv/_publishers.py
[7.224s] -- Up-to-date symlink: /home/hunajpu/dev_tt_ws/install/rosapi_msgs/lib/python3.8/site-packages/rosapi_msgs/srv/_service_node.py
[7.224s] -- Up-to-date symlink: /home/hunajpu/dev_tt_ws/install/rosapi_msgs/lib/python3.8/site-packages/rosapi_msgs/srv/_service_providers.py
[7.225s] -- Up-to-date symlink: /home/hunajpu/dev_tt_ws/install/rosapi_msgs/lib/python3.8/site-packages/rosapi_msgs/srv/_service_request_details.py
[7.225s] -- Up-to-date symlink: /home/hunajpu/dev_tt_ws/install/rosapi_msgs/lib/python3.8/site-packages/rosapi_msgs/srv/_service_response_details.py
[7.225s] -- Up-to-date symlink: /home/hunajpu/dev_tt_ws/install/rosapi_msgs/lib/python3.8/site-packages/rosapi_msgs/srv/_service_type.py
[7.225s] -- Up-to-date symlink: /home/hunajpu/dev_tt_ws/install/rosapi_msgs/lib/python3.8/site-packages/rosapi_msgs/srv/_services.py
[7.225s] -- Up-to-date symlink: /home/hunajpu/dev_tt_ws/install/rosapi_msgs/lib/python3.8/site-packages/rosapi_msgs/srv/_services_for_type.py
[7.225s] -- Up-to-date symlink: /home/hunajpu/dev_tt_ws/install/rosapi_msgs/lib/python3.8/site-packages/rosapi_msgs/srv/_set_param.py
[7.226s] -- Up-to-date symlink: /home/hunajpu/dev_tt_ws/install/rosapi_msgs/lib/python3.8/site-packages/rosapi_msgs/srv/_subscribers.py
[7.226s] -- Up-to-date symlink: /home/hunajpu/dev_tt_ws/install/rosapi_msgs/lib/python3.8/site-packages/rosapi_msgs/srv/_topic_type.py
[7.226s] -- Up-to-date symlink: /home/hunajpu/dev_tt_ws/install/rosapi_msgs/lib/python3.8/site-packages/rosapi_msgs/srv/_topics.py
[7.226s] -- Up-to-date symlink: /home/hunajpu/dev_tt_ws/install/rosapi_msgs/lib/python3.8/site-packages/rosapi_msgs/srv/_topics_and_raw_types.py
[7.226s] -- Up-to-date symlink: /home/hunajpu/dev_tt_ws/install/rosapi_msgs/lib/python3.8/site-packages/rosapi_msgs/srv/_topics_for_type.py
[7.226s] -- Up-to-date symlink: /home/hunajpu/dev_tt_ws/install/rosapi_msgs/lib/python3.8/site-packages/rosapi_msgs/rosapi_msgs_s__rosidl_typesupport_fastrtps_c.cpython-38-x86_64-linux-gnu.so
[7.227s] -- Up-to-date symlink: /home/hunajpu/dev_tt_ws/install/rosapi_msgs/lib/python3.8/site-packages/rosapi_msgs/rosapi_msgs_s__rosidl_typesupport_introspection_c.cpython-38-x86_64-linux-gnu.so
[7.227s] -- Up-to-date symlink: /home/hunajpu/dev_tt_ws/install/rosapi_msgs/lib/python3.8/site-packages/rosapi_msgs/rosapi_msgs_s__rosidl_typesupport_c.cpython-38-x86_64-linux-gnu.so
[7.227s] -- Up-to-date symlink: /home/hunajpu/dev_tt_ws/install/rosapi_msgs/lib/librosapi_msgs__python.so
[7.227s] -- Up-to-date symlink: /home/hunajpu/dev_tt_ws/install/rosapi_msgs/share/rosapi_msgs/msg/TypeDef.idl
[7.227s] -- Up-to-date symlink: /home/hunajpu/dev_tt_ws/install/rosapi_msgs/share/rosapi_msgs/srv/DeleteParam.idl
[7.227s] -- Up-to-date symlink: /home/hunajpu/dev_tt_ws/install/rosapi_msgs/share/rosapi_msgs/srv/GetActionServers.idl
[7.227s] -- Up-to-date symlink: /home/hunajpu/dev_tt_ws/install/rosapi_msgs/share/rosapi_msgs/srv/GetParam.idl
[7.228s] -- Up-to-date symlink: /home/hunajpu/dev_tt_ws/install/rosapi_msgs/share/rosapi_msgs/srv/GetParamNames.idl
[7.228s] -- Up-to-date symlink: /home/hunajpu/dev_tt_ws/install/rosapi_msgs/share/rosapi_msgs/srv/GetROSVersion.idl
[7.228s] -- Up-to-date symlink: /home/hunajpu/dev_tt_ws/install/rosapi_msgs/share/rosapi_msgs/srv/GetTime.idl
[7.228s] -- Up-to-date symlink: /home/hunajpu/dev_tt_ws/install/rosapi_msgs/share/rosapi_msgs/srv/HasParam.idl
[7.237s] -- Up-to-date symlink: /home/hunajpu/dev_tt_ws/install/rosapi_msgs/share/rosapi_msgs/srv/MessageDetails.idl
[7.238s] -- Up-to-date symlink: /home/hunajpu/dev_tt_ws/install/rosapi_msgs/share/rosapi_msgs/srv/Nodes.idl
[7.238s] -- Up-to-date symlink: /home/hunajpu/dev_tt_ws/install/rosapi_msgs/share/rosapi_msgs/srv/NodeDetails.idl
[7.238s] -- Up-to-date symlink: /home/hunajpu/dev_tt_ws/install/rosapi_msgs/share/rosapi_msgs/srv/Publishers.idl
[7.239s] -- Up-to-date symlink: /home/hunajpu/dev_tt_ws/install/rosapi_msgs/share/rosapi_msgs/srv/ServiceNode.idl
[7.239s] -- Up-to-date symlink: /home/hunajpu/dev_tt_ws/install/rosapi_msgs/share/rosapi_msgs/srv/ServiceProviders.idl
[7.239s] -- Up-to-date symlink: /home/hunajpu/dev_tt_ws/install/rosapi_msgs/share/rosapi_msgs/srv/ServiceRequestDetails.idl
[7.239s] -- Up-to-date symlink: /home/hunajpu/dev_tt_ws/install/rosapi_msgs/share/rosapi_msgs/srv/ServiceResponseDetails.idl
[7.239s] -- Up-to-date symlink: /home/hunajpu/dev_tt_ws/install/rosapi_msgs/share/rosapi_msgs/srv/Services.idl
[7.240s] -- Up-to-date symlink: /home/hunajpu/dev_tt_ws/install/rosapi_msgs/share/rosapi_msgs/srv/ServicesForType.idl
[7.240s] -- Up-to-date symlink: /home/hunajpu/dev_tt_ws/install/rosapi_msgs/share/rosapi_msgs/srv/ServiceType.idl
[7.240s] -- Up-to-date symlink: /home/hunajpu/dev_tt_ws/install/rosapi_msgs/share/rosapi_msgs/srv/SetParam.idl
[7.240s] -- Up-to-date symlink: /home/hunajpu/dev_tt_ws/install/rosapi_msgs/share/rosapi_msgs/srv/Subscribers.idl
[7.240s] -- Up-to-date symlink: /home/hunajpu/dev_tt_ws/install/rosapi_msgs/share/rosapi_msgs/srv/Topics.idl
[7.240s] -- Up-to-date symlink: /home/hunajpu/dev_tt_ws/install/rosapi_msgs/share/rosapi_msgs/srv/TopicsAndRawTypes.idl
[7.240s] -- Up-to-date symlink: /home/hunajpu/dev_tt_ws/install/rosapi_msgs/share/rosapi_msgs/srv/TopicsForType.idl
[7.241s] -- Up-to-date symlink: /home/hunajpu/dev_tt_ws/install/rosapi_msgs/share/rosapi_msgs/srv/TopicType.idl
[7.241s] -- Up-to-date symlink: /home/hunajpu/dev_tt_ws/install/rosapi_msgs/share/rosapi_msgs/msg/TypeDef.msg
[7.241s] -- Up-to-date symlink: /home/hunajpu/dev_tt_ws/install/rosapi_msgs/share/rosapi_msgs/srv/DeleteParam.srv
[7.241s] -- Up-to-date symlink: /home/hunajpu/dev_tt_ws/install/rosapi_msgs/share/rosapi_msgs/srv/DeleteParam_Request.msg
[7.241s] -- Up-to-date symlink: /home/hunajpu/dev_tt_ws/install/rosapi_msgs/share/rosapi_msgs/srv/DeleteParam_Response.msg
[7.241s] -- Up-to-date symlink: /home/hunajpu/dev_tt_ws/install/rosapi_msgs/share/rosapi_msgs/srv/GetActionServers.srv
[7.241s] -- Up-to-date symlink: /home/hunajpu/dev_tt_ws/install/rosapi_msgs/share/rosapi_msgs/srv/GetActionServers_Request.msg
[7.241s] -- Up-to-date symlink: /home/hunajpu/dev_tt_ws/install/rosapi_msgs/share/rosapi_msgs/srv/GetActionServers_Response.msg
[7.242s] -- Up-to-date symlink: /home/hunajpu/dev_tt_ws/install/rosapi_msgs/share/rosapi_msgs/srv/GetParam.srv
[7.242s] -- Up-to-date symlink: /home/hunajpu/dev_tt_ws/install/rosapi_msgs/share/rosapi_msgs/srv/GetParam_Request.msg
[7.242s] -- Up-to-date symlink: /home/hunajpu/dev_tt_ws/install/rosapi_msgs/share/rosapi_msgs/srv/GetParam_Response.msg
[7.242s] -- Up-to-date symlink: /home/hunajpu/dev_tt_ws/install/rosapi_msgs/share/rosapi_msgs/srv/GetParamNames.srv
[7.243s] -- Up-to-date symlink: /home/hunajpu/dev_tt_ws/install/rosapi_msgs/share/rosapi_msgs/srv/GetParamNames_Request.msg
[7.243s] -- Up-to-date symlink: /home/hunajpu/dev_tt_ws/install/rosapi_msgs/share/rosapi_msgs/srv/GetParamNames_Response.msg
[7.243s] -- Up-to-date symlink: /home/hunajpu/dev_tt_ws/install/rosapi_msgs/share/rosapi_msgs/srv/GetROSVersion.srv
[7.243s] -- Up-to-date symlink: /home/hunajpu/dev_tt_ws/install/rosapi_msgs/share/rosapi_msgs/srv/GetROSVersion_Request.msg
[7.243s] -- Up-to-date symlink: /home/hunajpu/dev_tt_ws/install/rosapi_msgs/share/rosapi_msgs/srv/GetROSVersion_Response.msg
[7.243s] -- Up-to-date symlink: /home/hunajpu/dev_tt_ws/install/rosapi_msgs/share/rosapi_msgs/srv/GetTime.srv
[7.243s] -- Up-to-date symlink: /home/hunajpu/dev_tt_ws/install/rosapi_msgs/share/rosapi_msgs/srv/GetTime_Request.msg
[7.243s] -- Up-to-date symlink: /home/hunajpu/dev_tt_ws/install/rosapi_msgs/share/rosapi_msgs/srv/GetTime_Response.msg
[7.243s] -- Up-to-date symlink: /home/hunajpu/dev_tt_ws/install/rosapi_msgs/share/rosapi_msgs/srv/HasParam.srv
[7.244s] -- Up-to-date symlink: /home/hunajpu/dev_tt_ws/install/rosapi_msgs/share/rosapi_msgs/srv/HasParam_Request.msg
[7.244s] -- Up-to-date symlink: /home/hunajpu/dev_tt_ws/install/rosapi_msgs/share/rosapi_msgs/srv/HasParam_Response.msg
[7.244s] -- Up-to-date symlink: /home/hunajpu/dev_tt_ws/install/rosapi_msgs/share/rosapi_msgs/srv/MessageDetails.srv
[7.244s] -- Up-to-date symlink: /home/hunajpu/dev_tt_ws/install/rosapi_msgs/share/rosapi_msgs/srv/MessageDetails_Request.msg
[7.244s] -- Up-to-date symlink: /home/hunajpu/dev_tt_ws/install/rosapi_msgs/share/rosapi_msgs/srv/MessageDetails_Response.msg
[7.244s] -- Up-to-date symlink: /home/hunajpu/dev_tt_ws/install/rosapi_msgs/share/rosapi_msgs/srv/Nodes.srv
[7.244s] -- Up-to-date symlink: /home/hunajpu/dev_tt_ws/install/rosapi_msgs/share/rosapi_msgs/srv/Nodes_Request.msg
[7.244s] -- Up-to-date symlink: /home/hunajpu/dev_tt_ws/install/rosapi_msgs/share/rosapi_msgs/srv/Nodes_Response.msg
[7.244s] -- Up-to-date symlink: /home/hunajpu/dev_tt_ws/install/rosapi_msgs/share/rosapi_msgs/srv/NodeDetails.srv
[7.244s] -- Up-to-date symlink: /home/hunajpu/dev_tt_ws/install/rosapi_msgs/share/rosapi_msgs/srv/NodeDetails_Request.msg
[7.244s] -- Up-to-date symlink: /home/hunajpu/dev_tt_ws/install/rosapi_msgs/share/rosapi_msgs/srv/NodeDetails_Response.msg
[7.245s] -- Up-to-date symlink: /home/hunajpu/dev_tt_ws/install/rosapi_msgs/share/rosapi_msgs/srv/Publishers.srv
[7.245s] -- Up-to-date symlink: /home/hunajpu/dev_tt_ws/install/rosapi_msgs/share/rosapi_msgs/srv/Publishers_Request.msg
[7.245s] -- Up-to-date symlink: /home/hunajpu/dev_tt_ws/install/rosapi_msgs/share/rosapi_msgs/srv/Publishers_Response.msg
[7.245s] -- Up-to-date symlink: /home/hunajpu/dev_tt_ws/install/rosapi_msgs/share/rosapi_msgs/srv/ServiceNode.srv
[7.245s] -- Up-to-date symlink: /home/hunajpu/dev_tt_ws/install/rosapi_msgs/share/rosapi_msgs/srv/ServiceNode_Request.msg
[7.245s] -- Up-to-date symlink: /home/hunajpu/dev_tt_ws/install/rosapi_msgs/share/rosapi_msgs/srv/ServiceNode_Response.msg
[7.245s] -- Up-to-date symlink: /home/hunajpu/dev_tt_ws/install/rosapi_msgs/share/rosapi_msgs/srv/ServiceProviders.srv
[7.245s] -- Up-to-date symlink: /home/hunajpu/dev_tt_ws/install/rosapi_msgs/share/rosapi_msgs/srv/ServiceProviders_Request.msg
[7.245s] -- Up-to-date symlink: /home/hunajpu/dev_tt_ws/install/rosapi_msgs/share/rosapi_msgs/srv/ServiceProviders_Response.msg
[7.246s] -- Up-to-date symlink: /home/hunajpu/dev_tt_ws/install/rosapi_msgs/share/rosapi_msgs/srv/ServiceRequestDetails.srv
[7.246s] -- Up-to-date symlink: /home/hunajpu/dev_tt_ws/install/rosapi_msgs/share/rosapi_msgs/srv/ServiceRequestDetails_Request.msg
[7.246s] -- Up-to-date symlink: /home/hunajpu/dev_tt_ws/install/rosapi_msgs/share/rosapi_msgs/srv/ServiceRequestDetails_Response.msg
[7.246s] -- Up-to-date symlink: /home/hunajpu/dev_tt_ws/install/rosapi_msgs/share/rosapi_msgs/srv/ServiceResponseDetails.srv
[7.246s] -- Up-to-date symlink: /home/hunajpu/dev_tt_ws/install/rosapi_msgs/share/rosapi_msgs/srv/ServiceResponseDetails_Request.msg
[7.246s] -- Up-to-date symlink: /home/hunajpu/dev_tt_ws/install/rosapi_msgs/share/rosapi_msgs/srv/ServiceResponseDetails_Response.msg
[7.246s] -- Up-to-date symlink: /home/hunajpu/dev_tt_ws/install/rosapi_msgs/share/rosapi_msgs/srv/Services.srv
[7.246s] -- Up-to-date symlink: /home/hunajpu/dev_tt_ws/install/rosapi_msgs/share/rosapi_msgs/srv/Services_Request.msg
[7.246s] -- Up-to-date symlink: /home/hunajpu/dev_tt_ws/install/rosapi_msgs/share/rosapi_msgs/srv/Services_Response.msg
[7.246s] -- Up-to-date symlink: /home/hunajpu/dev_tt_ws/install/rosapi_msgs/share/rosapi_msgs/srv/ServicesForType.srv
[7.246s] -- Up-to-date symlink: /home/hunajpu/dev_tt_ws/install/rosapi_msgs/share/rosapi_msgs/srv/ServicesForType_Request.msg
[7.247s] -- Up-to-date symlink: /home/hunajpu/dev_tt_ws/install/rosapi_msgs/share/rosapi_msgs/srv/ServicesForType_Response.msg
[7.247s] -- Up-to-date symlink: /home/hunajpu/dev_tt_ws/install/rosapi_msgs/share/rosapi_msgs/srv/ServiceType.srv
[7.247s] -- Up-to-date symlink: /home/hunajpu/dev_tt_ws/install/rosapi_msgs/share/rosapi_msgs/srv/ServiceType_Request.msg
[7.247s] -- Up-to-date symlink: /home/hunajpu/dev_tt_ws/install/rosapi_msgs/share/rosapi_msgs/srv/ServiceType_Response.msg
[7.247s] -- Up-to-date symlink: /home/hunajpu/dev_tt_ws/install/rosapi_msgs/share/rosapi_msgs/srv/SetParam.srv
[7.247s] -- Up-to-date symlink: /home/hunajpu/dev_tt_ws/install/rosapi_msgs/share/rosapi_msgs/srv/SetParam_Request.msg
[7.247s] -- Up-to-date symlink: /home/hunajpu/dev_tt_ws/install/rosapi_msgs/share/rosapi_msgs/srv/SetParam_Response.msg
[7.247s] -- Up-to-date symlink: /home/hunajpu/dev_tt_ws/install/rosapi_msgs/share/rosapi_msgs/srv/Subscribers.srv
[7.248s] -- Up-to-date symlink: /home/hunajpu/dev_tt_ws/install/rosapi_msgs/share/rosapi_msgs/srv/Subscribers_Request.msg
[7.249s] -- Up-to-date symlink: /home/hunajpu/dev_tt_ws/install/rosapi_msgs/share/rosapi_msgs/srv/Subscribers_Response.msg
[7.249s] -- Up-to-date symlink: /home/hunajpu/dev_tt_ws/install/rosapi_msgs/share/rosapi_msgs/srv/Topics.srv
[7.249s] -- Up-to-date symlink: /home/hunajpu/dev_tt_ws/install/rosapi_msgs/share/rosapi_msgs/srv/Topics_Request.msg
[7.249s] -- Up-to-date symlink: /home/hunajpu/dev_tt_ws/install/rosapi_msgs/share/rosapi_msgs/srv/Topics_Response.msg
[7.249s] -- Up-to-date symlink: /home/hunajpu/dev_tt_ws/install/rosapi_msgs/share/rosapi_msgs/srv/TopicsAndRawTypes.srv
[7.250s] -- Up-to-date symlink: /home/hunajpu/dev_tt_ws/install/rosapi_msgs/share/rosapi_msgs/srv/TopicsAndRawTypes_Request.msg
[7.250s] -- Up-to-date symlink: /home/hunajpu/dev_tt_ws/install/rosapi_msgs/share/rosapi_msgs/srv/TopicsAndRawTypes_Response.msg
[7.250s] -- Up-to-date symlink: /home/hunajpu/dev_tt_ws/install/rosapi_msgs/share/rosapi_msgs/srv/TopicsForType.srv
[7.251s] -- Up-to-date symlink: /home/hunajpu/dev_tt_ws/install/rosapi_msgs/share/rosapi_msgs/srv/TopicsForType_Request.msg
[7.251s] -- Up-to-date symlink: /home/hunajpu/dev_tt_ws/install/rosapi_msgs/share/rosapi_msgs/srv/TopicsForType_Response.msg
[7.251s] -- Up-to-date symlink: /home/hunajpu/dev_tt_ws/install/rosapi_msgs/share/rosapi_msgs/srv/TopicType.srv
[7.252s] -- Up-to-date symlink: /home/hunajpu/dev_tt_ws/install/rosapi_msgs/share/rosapi_msgs/srv/TopicType_Request.msg
[7.252s] -- Up-to-date symlink: /home/hunajpu/dev_tt_ws/install/rosapi_msgs/share/rosapi_msgs/srv/TopicType_Response.msg
[7.252s] -- Up-to-date symlink: /home/hunajpu/dev_tt_ws/install/rosapi_msgs/share/ament_index/resource_index/package_run_dependencies/rosapi_msgs
[7.252s] -- Up-to-date symlink: /home/hunajpu/dev_tt_ws/install/rosapi_msgs/share/ament_index/resource_index/parent_prefix_path/rosapi_msgs
[7.252s] -- Up-to-date symlink: /home/hunajpu/dev_tt_ws/install/rosapi_msgs/share/rosapi_msgs/environment/ament_prefix_path.sh
[7.253s] -- Up-to-date symlink: /home/hunajpu/dev_tt_ws/install/rosapi_msgs/share/rosapi_msgs/environment/ament_prefix_path.dsv
[7.253s] -- Up-to-date symlink: /home/hunajpu/dev_tt_ws/install/rosapi_msgs/share/rosapi_msgs/environment/path.sh
[7.253s] -- Up-to-date symlink: /home/hunajpu/dev_tt_ws/install/rosapi_msgs/share/rosapi_msgs/environment/path.dsv
[7.256s] -- Up-to-date symlink: /home/hunajpu/dev_tt_ws/install/rosapi_msgs/share/rosapi_msgs/local_setup.bash
[7.262s] -- Up-to-date symlink: /home/hunajpu/dev_tt_ws/install/rosapi_msgs/share/rosapi_msgs/local_setup.sh
[7.262s] -- Up-to-date symlink: /home/hunajpu/dev_tt_ws/install/rosapi_msgs/share/rosapi_msgs/local_setup.zsh
[7.263s] -- Up-to-date symlink: /home/hunajpu/dev_tt_ws/install/rosapi_msgs/share/rosapi_msgs/local_setup.dsv
[7.263s] -- Symlinking: /home/hunajpu/dev_tt_ws/install/rosapi_msgs/share/rosapi_msgs/package.dsv
[7.263s] -- Up-to-date symlink: /home/hunajpu/dev_tt_ws/install/rosapi_msgs/share/ament_index/resource_index/packages/rosapi_msgs
[7.264s] -- Up-to-date symlink: /home/hunajpu/dev_tt_ws/install/rosapi_msgs/share/rosapi_msgs/cmake/rosidl_cmake-extras.cmake
[7.264s] -- Up-to-date symlink: /home/hunajpu/dev_tt_ws/install/rosapi_msgs/share/rosapi_msgs/cmake/ament_cmake_export_dependencies-extras.cmake
[7.265s] -- Up-to-date symlink: /home/hunajpu/dev_tt_ws/install/rosapi_msgs/share/rosapi_msgs/cmake/ament_cmake_export_libraries-extras.cmake
[7.265s] -- Up-to-date symlink: /home/hunajpu/dev_tt_ws/install/rosapi_msgs/share/rosapi_msgs/cmake/ament_cmake_export_targets-extras.cmake
[7.265s] -- Up-to-date symlink: /home/hunajpu/dev_tt_ws/install/rosapi_msgs/share/rosapi_msgs/cmake/ament_cmake_export_include_directories-extras.cmake
[7.265s] -- Up-to-date symlink: /home/hunajpu/dev_tt_ws/install/rosapi_msgs/share/rosapi_msgs/cmake/rosidl_cmake_export_typesupport_libraries-extras.cmake
[7.265s] -- Up-to-date symlink: /home/hunajpu/dev_tt_ws/install/rosapi_msgs/share/rosapi_msgs/cmake/rosidl_cmake_export_typesupport_targets-extras.cmake
[7.266s] -- Up-to-date symlink: /home/hunajpu/dev_tt_ws/install/rosapi_msgs/share/rosapi_msgs/cmake/rosapi_msgsConfig.cmake
[7.266s] -- Up-to-date symlink: /home/hunajpu/dev_tt_ws/install/rosapi_msgs/share/rosapi_msgs/cmake/rosapi_msgsConfig-version.cmake
[7.266s] -- Up-to-date symlink: /home/hunajpu/dev_tt_ws/install/rosapi_msgs/share/rosapi_msgs/package.xml
[7.266s] -- Up-to-date: /home/hunajpu/dev_tt_ws/install/rosapi_msgs/lib/librosapi_msgs__rosidl_generator_c.so
[7.266s] -- Up-to-date: /home/hunajpu/dev_tt_ws/install/rosapi_msgs/lib/librosapi_msgs__rosidl_typesupport_introspection_c.so
[7.266s] -- Up-to-date: /home/hunajpu/dev_tt_ws/install/rosapi_msgs/lib/librosapi_msgs__rosidl_typesupport_c.so
[7.266s] -- Up-to-date: /home/hunajpu/dev_tt_ws/install/rosapi_msgs/lib/librosapi_msgs__rosidl_typesupport_introspection_cpp.so
[7.266s] -- Up-to-date: /home/hunajpu/dev_tt_ws/install/rosapi_msgs/lib/librosapi_msgs__rosidl_typesupport_cpp.so
[7.268s] -- Up-to-date: /home/hunajpu/dev_tt_ws/install/rosapi_msgs/share/rosapi_msgs/cmake/rosapi_msgs__rosidl_generator_cExport.cmake
[7.268s] -- Up-to-date: /home/hunajpu/dev_tt_ws/install/rosapi_msgs/share/rosapi_msgs/cmake/rosapi_msgs__rosidl_generator_cExport-debug.cmake
[7.269s] -- Up-to-date: /home/hunajpu/dev_tt_ws/install/rosapi_msgs/share/rosapi_msgs/cmake/rosapi_msgs__rosidl_typesupport_introspection_cExport.cmake
[7.269s] -- Up-to-date: /home/hunajpu/dev_tt_ws/install/rosapi_msgs/share/rosapi_msgs/cmake/rosapi_msgs__rosidl_typesupport_introspection_cExport-debug.cmake
[7.269s] -- Up-to-date: /home/hunajpu/dev_tt_ws/install/rosapi_msgs/share/rosapi_msgs/cmake/rosapi_msgs__rosidl_typesupport_cExport.cmake
[7.269s] -- Up-to-date: /home/hunajpu/dev_tt_ws/install/rosapi_msgs/share/rosapi_msgs/cmake/rosapi_msgs__rosidl_typesupport_cExport-debug.cmake
[7.269s] -- Up-to-date: /home/hunajpu/dev_tt_ws/install/rosapi_msgs/share/rosapi_msgs/cmake/rosapi_msgs__rosidl_generator_cppExport.cmake
[7.269s] -- Up-to-date: /home/hunajpu/dev_tt_ws/install/rosapi_msgs/share/rosapi_msgs/cmake/rosapi_msgs__rosidl_typesupport_introspection_cppExport.cmake
[7.270s] -- Up-to-date: /home/hunajpu/dev_tt_ws/install/rosapi_msgs/share/rosapi_msgs/cmake/rosapi_msgs__rosidl_typesupport_introspection_cppExport-debug.cmake
[7.270s] -- Up-to-date: /home/hunajpu/dev_tt_ws/install/rosapi_msgs/share/rosapi_msgs/cmake/rosapi_msgs__rosidl_typesupport_cppExport.cmake
[7.270s] -- Up-to-date: /home/hunajpu/dev_tt_ws/install/rosapi_msgs/share/rosapi_msgs/cmake/rosapi_msgs__rosidl_typesupport_cppExport-debug.cmake
[7.425s] Invoked command in '/home/hunajpu/dev_tt_ws/build/rosapi_msgs' returned '0': CMAKE_PREFIX_PATH=${CMAKE_PREFIX_PATH}:/opt/ros/foxy /usr/bin/cmake --install /home/hunajpu/dev_tt_ws/build/rosapi_msgs
