[0.214s] Invoking command in '/home/hunajpu/dev_tt_ws/build/irb6640_ros2_gazebo': CMAKE_PREFIX_PATH=${CMAKE_PREFIX_PATH}:/opt/ros/foxy /usr/bin/cmake --build /home/hunajpu/dev_tt_ws/build/irb6640_ros2_gazebo -- -j8 -l8
[0.459s] Invoked command in '/home/hunajpu/dev_tt_ws/build/irb6640_ros2_gazebo' returned '0': CMAKE_PREFIX_PATH=${CMAKE_PREFIX_PATH}:/opt/ros/foxy /usr/bin/cmake --build /home/hunajpu/dev_tt_ws/build/irb6640_ros2_gazebo -- -j8 -l8
[0.732s] Invoking command in '/home/hunajpu/dev_tt_ws/build/irb6640_ros2_gazebo': CMAKE_PREFIX_PATH=${CMAKE_PREFIX_PATH}:/opt/ros/foxy /usr/bin/cmake --install /home/hunajpu/dev_tt_ws/build/irb6640_ros2_gazebo
[0.736s] -- Install configuration: "Debug"
[0.737s] -- Execute custom install script
[0.743s] -- Up-to-date symlink: /home/hunajpu/dev_tt_ws/install/irb6640_ros2_gazebo/share/irb6640_ros2_gazebo/config/irb6640_controller.yaml
[0.744s] -- Up-to-date symlink: /home/hunajpu/dev_tt_ws/install/irb6640_ros2_gazebo/share/irb6640_ros2_gazebo/launch/irb6640_simulation.launch.py
[0.744s] -- Up-to-date symlink: /home/hunajpu/dev_tt_ws/install/irb6640_ros2_gazebo/share/irb6640_ros2_gazebo/urdf/abb_resources/common_colours.xacro
[0.744s] -- Up-to-date symlink: /home/hunajpu/dev_tt_ws/install/irb6640_ros2_gazebo/share/irb6640_ros2_gazebo/urdf/abb_resources/common_materials.xacro
[0.745s] -- Up-to-date symlink: /home/hunajpu/dev_tt_ws/install/irb6640_ros2_gazebo/share/irb6640_ros2_gazebo/urdf/irb6640.urdf.xacro
[0.746s] -- Up-to-date symlink: /home/hunajpu/dev_tt_ws/install/irb6640_ros2_gazebo/share/irb6640_ros2_gazebo/urdf/irb6640_gazebo.xacro
[0.746s] -- Up-to-date symlink: /home/hunajpu/dev_tt_ws/install/irb6640_ros2_gazebo/share/irb6640_ros2_gazebo/urdf/irb6640_macro.urdf.xacro
[0.747s] -- Up-to-date symlink: /home/hunajpu/dev_tt_ws/install/irb6640_ros2_gazebo/share/irb6640_ros2_gazebo/urdf/irb6640_transmission.xacro
[0.747s] -- Up-to-date symlink: /home/hunajpu/dev_tt_ws/install/irb6640_ros2_gazebo/share/irb6640_ros2_gazebo/worlds/irb6640.world
[0.747s] -- Up-to-date symlink: /home/hunajpu/dev_tt_ws/install/irb6640_ros2_gazebo/share/irb6640_ros2_gazebo/meshes/collision/base_link.stl
[0.748s] -- Up-to-date symlink: /home/hunajpu/dev_tt_ws/install/irb6640_ros2_gazebo/share/irb6640_ros2_gazebo/meshes/collision/cylinder_link.stl
[0.748s] -- Up-to-date symlink: /home/hunajpu/dev_tt_ws/install/irb6640_ros2_gazebo/share/irb6640_ros2_gazebo/meshes/collision/link_1.stl
[0.748s] -- Up-to-date symlink: /home/hunajpu/dev_tt_ws/install/irb6640_ros2_gazebo/share/irb6640_ros2_gazebo/meshes/collision/link_2.stl
[0.761s] -- Up-to-date symlink: /home/hunajpu/dev_tt_ws/install/irb6640_ros2_gazebo/share/irb6640_ros2_gazebo/meshes/collision/link_3.stl
[0.762s] -- Up-to-date symlink: /home/hunajpu/dev_tt_ws/install/irb6640_ros2_gazebo/share/irb6640_ros2_gazebo/meshes/collision/link_4.stl
[0.763s] -- Up-to-date symlink: /home/hunajpu/dev_tt_ws/install/irb6640_ros2_gazebo/share/irb6640_ros2_gazebo/meshes/collision/link_5.stl
[0.763s] -- Up-to-date symlink: /home/hunajpu/dev_tt_ws/install/irb6640_ros2_gazebo/share/irb6640_ros2_gazebo/meshes/collision/link_6.stl
[0.765s] -- Up-to-date symlink: /home/hunajpu/dev_tt_ws/install/irb6640_ros2_gazebo/share/irb6640_ros2_gazebo/meshes/collision/piston_link.stl
[0.765s] -- Up-to-date symlink: /home/hunajpu/dev_tt_ws/install/irb6640_ros2_gazebo/share/irb6640_ros2_gazebo/meshes/visual/base_link.dae
[0.766s] -- Up-to-date symlink: /home/hunajpu/dev_tt_ws/install/irb6640_ros2_gazebo/share/irb6640_ros2_gazebo/meshes/visual/cylinder_link.dae
[0.767s] -- Up-to-date symlink: /home/hunajpu/dev_tt_ws/install/irb6640_ros2_gazebo/share/irb6640_ros2_gazebo/meshes/visual/link_1.dae
[0.767s] -- Up-to-date symlink: /home/hunajpu/dev_tt_ws/install/irb6640_ros2_gazebo/share/irb6640_ros2_gazebo/meshes/visual/link_2.dae
[0.767s] -- Up-to-date symlink: /home/hunajpu/dev_tt_ws/install/irb6640_ros2_gazebo/share/irb6640_ros2_gazebo/meshes/visual/link_3.dae
[0.769s] -- Up-to-date symlink: /home/hunajpu/dev_tt_ws/install/irb6640_ros2_gazebo/share/irb6640_ros2_gazebo/meshes/visual/link_4.dae
[0.770s] -- Up-to-date symlink: /home/hunajpu/dev_tt_ws/install/irb6640_ros2_gazebo/share/irb6640_ros2_gazebo/meshes/visual/link_5.dae
[0.770s] -- Up-to-date symlink: /home/hunajpu/dev_tt_ws/install/irb6640_ros2_gazebo/share/irb6640_ros2_gazebo/meshes/visual/link_6.dae
[0.770s] -- Up-to-date symlink: /home/hunajpu/dev_tt_ws/install/irb6640_ros2_gazebo/share/irb6640_ros2_gazebo/meshes/visual/piston_link.dae
[0.772s] -- Up-to-date symlink: /home/hunajpu/dev_tt_ws/install/irb6640_ros2_gazebo/share/ament_index/resource_index/package_run_dependencies/irb6640_ros2_gazebo
[0.773s] -- Up-to-date symlink: /home/hunajpu/dev_tt_ws/install/irb6640_ros2_gazebo/share/ament_index/resource_index/parent_prefix_path/irb6640_ros2_gazebo
[0.774s] -- Up-to-date symlink: /home/hunajpu/dev_tt_ws/install/irb6640_ros2_gazebo/share/irb6640_ros2_gazebo/environment/ament_prefix_path.sh
[0.774s] -- Up-to-date symlink: /home/hunajpu/dev_tt_ws/install/irb6640_ros2_gazebo/share/irb6640_ros2_gazebo/environment/ament_prefix_path.dsv
[0.775s] -- Up-to-date symlink: /home/hunajpu/dev_tt_ws/install/irb6640_ros2_gazebo/share/irb6640_ros2_gazebo/environment/path.sh
[0.775s] -- Up-to-date symlink: /home/hunajpu/dev_tt_ws/install/irb6640_ros2_gazebo/share/irb6640_ros2_gazebo/environment/path.dsv
[0.776s] -- Up-to-date symlink: /home/hunajpu/dev_tt_ws/install/irb6640_ros2_gazebo/share/irb6640_ros2_gazebo/local_setup.bash
[0.777s] -- Up-to-date symlink: /home/hunajpu/dev_tt_ws/install/irb6640_ros2_gazebo/share/irb6640_ros2_gazebo/local_setup.sh
[0.777s] -- Up-to-date symlink: /home/hunajpu/dev_tt_ws/install/irb6640_ros2_gazebo/share/irb6640_ros2_gazebo/local_setup.zsh
[0.777s] -- Up-to-date symlink: /home/hunajpu/dev_tt_ws/install/irb6640_ros2_gazebo/share/irb6640_ros2_gazebo/local_setup.dsv
[0.778s] -- Symlinking: /home/hunajpu/dev_tt_ws/install/irb6640_ros2_gazebo/share/irb6640_ros2_gazebo/package.dsv
[0.932s] -- Up-to-date symlink: /home/hunajpu/dev_tt_ws/install/irb6640_ros2_gazebo/share/ament_index/resource_index/packages/irb6640_ros2_gazebo
[0.936s] -- Up-to-date symlink: /home/hunajpu/dev_tt_ws/install/irb6640_ros2_gazebo/share/irb6640_ros2_gazebo/cmake/irb6640_ros2_gazeboConfig.cmake
[0.937s] -- Up-to-date symlink: /home/hunajpu/dev_tt_ws/install/irb6640_ros2_gazebo/share/irb6640_ros2_gazebo/cmake/irb6640_ros2_gazeboConfig-version.cmake
[0.937s] -- Up-to-date symlink: /home/hunajpu/dev_tt_ws/install/irb6640_ros2_gazebo/share/irb6640_ros2_gazebo/package.xml
[1.072s] Invoked command in '/home/hunajpu/dev_tt_ws/build/irb6640_ros2_gazebo' returned '0': CMAKE_PREFIX_PATH=${CMAKE_PREFIX_PATH}:/opt/ros/foxy /usr/bin/cmake --install /home/hunajpu/dev_tt_ws/build/irb6640_ros2_gazebo
