[0.035s] Invoking command in '/home/hunajpu/dev_tt_ws/build/rosapi_msgs': /usr/bin/cmake /home/hunajpu/dev_tt_ws/src/rosbridge_suite/rosapi_msgs -DAMENT_CMAKE_SYMLINK_INSTALL=1 -DCMAKE_INSTALL_PREFIX=/home/hunajpu/dev_tt_ws/install/rosapi_msgs
[0.128s] -- The C compiler identification is GNU 9.4.0
[0.213s] -- The CXX compiler identification is GNU 9.4.0
[0.219s] -- Check for working C compiler: /usr/bin/cc
[0.315s] -- Check for working C compiler: /usr/bin/cc -- works
[0.316s] -- Detecting C compiler ABI info
[0.391s] -- Detecting C compiler ABI info - done
[0.409s] -- Detecting C compile features
[0.410s] -- Detecting C compile features - done
[0.414s] -- Check for working CXX compiler: /usr/bin/c++
[0.517s] -- Check for working CXX compiler: /usr/bin/c++ -- works
[0.519s] -- Detecting CXX compiler ABI info
[0.612s] -- Detecting CXX compiler ABI info - done
[0.629s] -- Detecting CXX compile features
[0.630s] -- Detecting CXX compile features - done
[0.641s] CMake Error at CMakeLists.txt:4 (find_package):
[0.642s]   By not providing "Findament_cmake_ros.cmake" in CMAKE_MODULE_PATH this
[0.642s]   project has asked CMake to find a package configuration file provided by
[0.642s]   "ament_cmake_ros", but CMake did not find one.
[0.642s] 
[0.642s]   Could not find a package configuration file provided by "ament_cmake_ros"
[0.642s]   with any of the following names:
[0.642s] 
[0.642s]     ament_cmake_rosConfig.cmake
[0.642s]     ament_cmake_ros-config.cmake
[0.642s] 
[0.642s]   Add the installation prefix of "ament_cmake_ros" to CMAKE_PREFIX_PATH or
[0.642s]   set "ament_cmake_ros_DIR" to a directory containing one of the above files.
[0.642s]   If "ament_cmake_ros" provides a separate development package or SDK, be
[0.643s]   sure it has been installed.
[0.643s] 
[0.643s] 
[0.643s] -- Configuring incomplete, errors occurred!
[0.643s] See also "/home/hunajpu/dev_tt_ws/build/rosapi_msgs/CMakeFiles/CMakeOutput.log".
[0.645s] Invoked command in '/home/hunajpu/dev_tt_ws/build/rosapi_msgs' returned '1': /usr/bin/cmake /home/hunajpu/dev_tt_ws/src/rosbridge_suite/rosapi_msgs -DAMENT_CMAKE_SYMLINK_INSTALL=1 -DCMAKE_INSTALL_PREFIX=/home/hunajpu/dev_tt_ws/install/rosapi_msgs
