[0.067s] Invoking command in '/home/hunajpu/dev_tt_ws/build/ur10_ros2_gazebo': CMAKE_PREFIX_PATH=${CMAKE_PREFIX_PATH}:/opt/ros/foxy /usr/bin/cmake /home/hunajpu/dev_tt_ws/src/ros2_RobotSimulation/UniversalRobots/UR10/ur10_ros2_gazebo -G CodeBlocks - Unix Makefiles -DCMAKE_BUILD_TYPE=Debug -DCMAKE_INSTALL_PREFIX=/home/hunajpu/dev_tt_ws/install/ur10_ros2_gazebo
[0.126s] -- Found ament_cmake: 0.9.9 (/opt/ros/foxy/share/ament_cmake/cmake)
[0.189s] -- Using PYTHON_EXECUTABLE: /usr/bin/python3
[0.533s] -- Override CMake install command with custom implementation using symlinks instead of copying resources
[0.549s] -- Found ament_lint_auto: 0.9.6 (/opt/ros/foxy/share/ament_lint_auto/cmake)
[0.710s] -- Added test 'copyright' to check source files copyright and LICENSE
[0.716s] -- Added test 'flake8' to check Python code syntax and style conventions
[0.717s] -- Added test 'lint_cmake' to check CMake code style
[0.718s] -- Added test 'pep257' to check Python code against some of the style conventions in PEP 257
[0.721s] -- Added test 'xmllint' to check XML markup files
[0.751s] -- Configuring done
[0.808s] -- Generating done
[0.810s] -- Build files have been written to: /home/hunajpu/dev_tt_ws/build/ur10_ros2_gazebo
[0.819s] Invoked command in '/home/hunajpu/dev_tt_ws/build/ur10_ros2_gazebo' returned '0': CMAKE_PREFIX_PATH=${CMAKE_PREFIX_PATH}:/opt/ros/foxy /usr/bin/cmake /home/hunajpu/dev_tt_ws/src/ros2_RobotSimulation/UniversalRobots/UR10/ur10_ros2_gazebo -G CodeBlocks - Unix Makefiles -DCMAKE_BUILD_TYPE=Debug -DCMAKE_INSTALL_PREFIX=/home/hunajpu/dev_tt_ws/install/ur10_ros2_gazebo
[0.820s] Invoking command in '/home/hunajpu/dev_tt_ws/build/ur10_ros2_gazebo': CMAKE_PREFIX_PATH=${CMAKE_PREFIX_PATH}:/opt/ros/foxy /usr/bin/cmake --build /home/hunajpu/dev_tt_ws/build/ur10_ros2_gazebo -- -j8 -l8
[0.955s] Invoked command in '/home/hunajpu/dev_tt_ws/build/ur10_ros2_gazebo' returned '0': CMAKE_PREFIX_PATH=${CMAKE_PREFIX_PATH}:/opt/ros/foxy /usr/bin/cmake --build /home/hunajpu/dev_tt_ws/build/ur10_ros2_gazebo -- -j8 -l8
[1.088s] Invoking command in '/home/hunajpu/dev_tt_ws/build/ur10_ros2_gazebo': CMAKE_PREFIX_PATH=${CMAKE_PREFIX_PATH}:/opt/ros/foxy /usr/bin/cmake --install /home/hunajpu/dev_tt_ws/build/ur10_ros2_gazebo
[1.108s] -- Install configuration: "Debug"
[1.109s] -- Execute custom install script
[1.110s] -- Up-to-date symlink: /home/hunajpu/dev_tt_ws/install/ur10_ros2_gazebo/share/ur10_ros2_gazebo/config/default_kinematics.yaml
[1.110s] -- Up-to-date symlink: /home/hunajpu/dev_tt_ws/install/ur10_ros2_gazebo/share/ur10_ros2_gazebo/config/initial_positions.yaml
[1.110s] -- Up-to-date symlink: /home/hunajpu/dev_tt_ws/install/ur10_ros2_gazebo/share/ur10_ros2_gazebo/config/joint_limits.yaml
[1.111s] -- Up-to-date symlink: /home/hunajpu/dev_tt_ws/install/ur10_ros2_gazebo/share/ur10_ros2_gazebo/config/physical_parameters.yaml
[1.111s] -- Up-to-date symlink: /home/hunajpu/dev_tt_ws/install/ur10_ros2_gazebo/share/ur10_ros2_gazebo/config/ur10_controller.yaml
[1.111s] -- Up-to-date symlink: /home/hunajpu/dev_tt_ws/install/ur10_ros2_gazebo/share/ur10_ros2_gazebo/config/visual_parameters.yaml
[1.111s] -- Up-to-date symlink: /home/hunajpu/dev_tt_ws/install/ur10_ros2_gazebo/share/ur10_ros2_gazebo/launch/ur10_simulation.launch.py
[1.112s] -- Up-to-date symlink: /home/hunajpu/dev_tt_ws/install/ur10_ros2_gazebo/share/ur10_ros2_gazebo/urdf/ur10.urdf.xacro
[1.112s] -- Up-to-date symlink: /home/hunajpu/dev_tt_ws/install/ur10_ros2_gazebo/share/ur10_ros2_gazebo/urdf/ur10_common.xacro
[1.113s] -- Up-to-date symlink: /home/hunajpu/dev_tt_ws/install/ur10_ros2_gazebo/share/ur10_ros2_gazebo/urdf/ur10_gazebo.xacro
[1.114s] -- Up-to-date symlink: /home/hunajpu/dev_tt_ws/install/ur10_ros2_gazebo/share/ur10_ros2_gazebo/urdf/ur10_macro.urdf.xacro
[1.114s] -- Up-to-date symlink: /home/hunajpu/dev_tt_ws/install/ur10_ros2_gazebo/share/ur10_ros2_gazebo/urdf/ur10_transmission.xacro
[1.114s] -- Up-to-date symlink: /home/hunajpu/dev_tt_ws/install/ur10_ros2_gazebo/share/ur10_ros2_gazebo/worlds/ur10.world
[1.115s] -- Up-to-date symlink: /home/hunajpu/dev_tt_ws/install/ur10_ros2_gazebo/share/ur10_ros2_gazebo/meshes/collision/base.stl
[1.115s] -- Up-to-date symlink: /home/hunajpu/dev_tt_ws/install/ur10_ros2_gazebo/share/ur10_ros2_gazebo/meshes/collision/forearm.stl
[1.116s] -- Up-to-date symlink: /home/hunajpu/dev_tt_ws/install/ur10_ros2_gazebo/share/ur10_ros2_gazebo/meshes/collision/shoulder.stl
[1.116s] -- Up-to-date symlink: /home/hunajpu/dev_tt_ws/install/ur10_ros2_gazebo/share/ur10_ros2_gazebo/meshes/collision/upperarm.stl
[1.118s] -- Up-to-date symlink: /home/hunajpu/dev_tt_ws/install/ur10_ros2_gazebo/share/ur10_ros2_gazebo/meshes/collision/wrist1.stl
[1.118s] -- Up-to-date symlink: /home/hunajpu/dev_tt_ws/install/ur10_ros2_gazebo/share/ur10_ros2_gazebo/meshes/collision/wrist2.stl
[1.118s] -- Up-to-date symlink: /home/hunajpu/dev_tt_ws/install/ur10_ros2_gazebo/share/ur10_ros2_gazebo/meshes/collision/wrist3.stl
[1.118s] -- Up-to-date symlink: /home/hunajpu/dev_tt_ws/install/ur10_ros2_gazebo/share/ur10_ros2_gazebo/meshes/visual/base.dae
[1.119s] -- Up-to-date symlink: /home/hunajpu/dev_tt_ws/install/ur10_ros2_gazebo/share/ur10_ros2_gazebo/meshes/visual/forearm.dae
[1.119s] -- Up-to-date symlink: /home/hunajpu/dev_tt_ws/install/ur10_ros2_gazebo/share/ur10_ros2_gazebo/meshes/visual/shoulder.dae
[1.119s] -- Up-to-date symlink: /home/hunajpu/dev_tt_ws/install/ur10_ros2_gazebo/share/ur10_ros2_gazebo/meshes/visual/upperarm.dae
[1.119s] -- Up-to-date symlink: /home/hunajpu/dev_tt_ws/install/ur10_ros2_gazebo/share/ur10_ros2_gazebo/meshes/visual/wrist1.dae
[1.119s] -- Up-to-date symlink: /home/hunajpu/dev_tt_ws/install/ur10_ros2_gazebo/share/ur10_ros2_gazebo/meshes/visual/wrist2.dae
[1.120s] -- Up-to-date symlink: /home/hunajpu/dev_tt_ws/install/ur10_ros2_gazebo/share/ur10_ros2_gazebo/meshes/visual/wrist3.dae
[1.120s] -- Up-to-date symlink: /home/hunajpu/dev_tt_ws/install/ur10_ros2_gazebo/share/ament_index/resource_index/package_run_dependencies/ur10_ros2_gazebo
[1.121s] -- Up-to-date symlink: /home/hunajpu/dev_tt_ws/install/ur10_ros2_gazebo/share/ament_index/resource_index/parent_prefix_path/ur10_ros2_gazebo
[1.121s] -- Up-to-date symlink: /home/hunajpu/dev_tt_ws/install/ur10_ros2_gazebo/share/ur10_ros2_gazebo/environment/ament_prefix_path.sh
[1.122s] -- Up-to-date symlink: /home/hunajpu/dev_tt_ws/install/ur10_ros2_gazebo/share/ur10_ros2_gazebo/environment/ament_prefix_path.dsv
[1.122s] -- Up-to-date symlink: /home/hunajpu/dev_tt_ws/install/ur10_ros2_gazebo/share/ur10_ros2_gazebo/environment/path.sh
[1.122s] -- Up-to-date symlink: /home/hunajpu/dev_tt_ws/install/ur10_ros2_gazebo/share/ur10_ros2_gazebo/environment/path.dsv
[1.122s] -- Up-to-date symlink: /home/hunajpu/dev_tt_ws/install/ur10_ros2_gazebo/share/ur10_ros2_gazebo/local_setup.bash
[1.123s] -- Up-to-date symlink: /home/hunajpu/dev_tt_ws/install/ur10_ros2_gazebo/share/ur10_ros2_gazebo/local_setup.sh
[1.123s] -- Up-to-date symlink: /home/hunajpu/dev_tt_ws/install/ur10_ros2_gazebo/share/ur10_ros2_gazebo/local_setup.zsh
[1.123s] -- Up-to-date symlink: /home/hunajpu/dev_tt_ws/install/ur10_ros2_gazebo/share/ur10_ros2_gazebo/local_setup.dsv
[1.126s] -- Symlinking: /home/hunajpu/dev_tt_ws/install/ur10_ros2_gazebo/share/ur10_ros2_gazebo/package.dsv
[1.143s] -- Up-to-date symlink: /home/hunajpu/dev_tt_ws/install/ur10_ros2_gazebo/share/ament_index/resource_index/packages/ur10_ros2_gazebo
[1.144s] -- Up-to-date symlink: /home/hunajpu/dev_tt_ws/install/ur10_ros2_gazebo/share/ur10_ros2_gazebo/cmake/ur10_ros2_gazeboConfig.cmake
[1.144s] -- Up-to-date symlink: /home/hunajpu/dev_tt_ws/install/ur10_ros2_gazebo/share/ur10_ros2_gazebo/cmake/ur10_ros2_gazeboConfig-version.cmake
[1.145s] -- Up-to-date symlink: /home/hunajpu/dev_tt_ws/install/ur10_ros2_gazebo/share/ur10_ros2_gazebo/package.xml
[1.151s] Invoked command in '/home/hunajpu/dev_tt_ws/build/ur10_ros2_gazebo' returned '0': CMAKE_PREFIX_PATH=${CMAKE_PREFIX_PATH}:/opt/ros/foxy /usr/bin/cmake --install /home/hunajpu/dev_tt_ws/build/ur10_ros2_gazebo
