[0.459s] Invoking command in '/home/hunajpu/dev_tt_ws/build/irb120_ros2_moveit2': CMAKE_PREFIX_PATH=/home/hunajpu/dev_tt_ws/install/ros2_data:/home/hunajpu/dev_tt_ws/install/ur5_ros2_moveit2:/home/hunajpu/dev_tt_ws/install/ur5_ros2_gazebo:/home/hunajpu/dev_tt_ws/install/ur3_ros2_moveit2:/home/hunajpu/dev_tt_ws/install/ur3_ros2_gazebo:/home/hunajpu/dev_tt_ws/install/ur10_ros2_moveit2:/home/hunajpu/dev_tt_ws/install/ur10_ros2_gazebo:/home/hunajpu/dev_tt_ws/install/rrbot_moveit_config:/home/hunajpu/dev_tt_ws/install/rrbot_gazebo:/home/hunajpu/dev_tt_ws/install/rrbot_description:/home/hunajpu/dev_tt_ws/install/rosbridge_test_msgs:/home/hunajpu/dev_tt_ws/install/rosbridge_suite:/home/hunajpu/dev_tt_ws/install/rosbridge_server:/home/hunajpu/dev_tt_ws/install/rosbridge_msgs:/home/hunajpu/dev_tt_ws/install/rosapi:/home/hunajpu/dev_tt_ws/install/rosbridge_library:/home/hunajpu/dev_tt_ws/install/rosapi_msgs:/home/hunajpu/dev_tt_ws/install/panda_ros2_moveit2:/home/hunajpu/dev_tt_ws/install/irb6640_ros2_moveit2:/home/hunajpu/dev_tt_ws/install/irb120egp64_ros2_moveit2:/home/hunajpu/dev_tt_ws/install/irb120_ros2_moveit2:/home/hunajpu/dev_tt_ws/install/panda_ros2_gazebo:/home/hunajpu/dev_tt_ws/install/irb6640_ros2_gazebo:/home/hunajpu/dev_tt_ws/install/irb120egp64_ros2_gazebo:/home/hunajpu/dev_tt_ws/install/irb120_ros2_gazebo:/home/hunajpu/dev_tt_ws/install/gazebo_ros2_control:/home/hunajpu/dev_tt_ws/install/cobots_axis_driver:/home/hunajpu/dev_tt_ws/install/rrbot_moveit_demo_nodes:/home/hunajpu/dev_tt_ws/install/gazebo_ros2_control_demos:/opt/ros/foxy LD_LIBRARY_PATH=/home/hunajpu/dev_tt_ws/install/ros2_data/lib:/home/hunajpu/dev_tt_ws/install/rosbridge_test_msgs/lib:/home/hunajpu/dev_tt_ws/install/rosbridge_msgs/lib:/home/hunajpu/dev_tt_ws/install/rosapi_msgs/lib:/home/hunajpu/dev_tt_ws/install/gazebo_ros2_control/lib:/usr/lib/x86_64-linux-gnu/gazebo-11/plugins:/opt/ros/foxy/opt/yaml_cpp_vendor/lib:/opt/ros/foxy/opt/rviz_ogre_vendor/lib:/opt/ros/foxy/lib/x86_64-linux-gnu:/opt/ros/foxy/lib PYTHONPATH=/home/hunajpu/dev_tt_ws/install/ros2_data/lib/python3.8/site-packages:/home/hunajpu/dev_tt_ws/install/rosbridge_test_msgs/lib/python3.8/site-packages:/home/hunajpu/dev_tt_ws/install/rosbridge_server/lib/python3.8/site-packages:/home/hunajpu/dev_tt_ws/install/rosbridge_msgs/lib/python3.8/site-packages:/home/hunajpu/dev_tt_ws/install/rosapi/lib/python3.8/site-packages:/home/hunajpu/dev_tt_ws/install/rosbridge_library/lib/python3.8/site-packages:/home/hunajpu/dev_tt_ws/install/rosapi_msgs/lib/python3.8/site-packages:/opt/ros/foxy/lib/python3.8/site-packages /usr/bin/cmake --build /home/hunajpu/dev_tt_ws/build/irb120_ros2_moveit2 -- -j8 -l8
[1.063s] [  8%] Building CXX object CMakeFiles/moveXYZW_action.dir/scripts/moveXYZW_action.cpp.o
[1.091s] [ 16%] Building CXX object CMakeFiles/moveL_action.dir/scripts/moveL_action.cpp.o
[1.239s] [ 25%] Building CXX object CMakeFiles/moveXYZ_action.dir/scripts/moveXYZ_action.cpp.o
[1.296s] [ 33%] Building CXX object CMakeFiles/moveR_action.dir/scripts/moveR_action.cpp.o
[1.579s] [ 41%] Building CXX object CMakeFiles/moveJ_action.dir/scripts/moveJ_action.cpp.o
[1.701s] [ 50%] Building CXX object CMakeFiles/moveYPR_action.dir/scripts/moveYPR_action.cpp.o
[21.815s] /home/hunajpu/dev_tt_ws/src/ros2_RobotSimulation/ABBRobots/IRB120/irb120_ros2_moveit2/scripts/moveXYZ_action.cpp: In member function 'rclcpp_action::GoalResponse ActionServer::handle_goal(const GoalUUID&, std::shared_ptr<const ros2_data::action::MoveXYZ_Goal_<std::allocator<void> > >)':
[21.815s] /home/hunajpu/dev_tt_ws/src/ros2_RobotSimulation/ABBRobots/IRB120/irb120_ros2_moveit2/scripts/moveXYZ_action.cpp:79:41: warning: unused parameter 'uuid' [-Wunused-parameter]
[21.815s]    79 |         const rclcpp_action::GoalUUID & uuid,
[21.815s]       |         ~~~~~~~~~~~~~~~~~~~~~~~~~~~~~~~~^~~~
[21.882s] /home/hunajpu/dev_tt_ws/src/ros2_RobotSimulation/ABBRobots/IRB120/irb120_ros2_moveit2/scripts/moveXYZ_action.cpp: In member function 'void ActionServer::execute(std::shared_ptr<rclcpp_action::ServerGoalHandle<ros2_data::action::MoveXYZ> >)':
[21.882s] /home/hunajpu/dev_tt_ws/src/ros2_RobotSimulation/ABBRobots/IRB120/irb120_ros2_moveit2/scripts/moveXYZ_action.cpp:135:46: warning: unused variable 'joint_model_group' [-Wunused-variable]
[21.882s]   135 |         const moveit::core::JointModelGroup* joint_model_group = move_group_interface.getCurrentState()->getJointModelGroup("irb120_arm");
[21.882s]       |                                              ^~~~~~~~~~~~~~~~~
[22.641s] /home/hunajpu/dev_tt_ws/src/ros2_RobotSimulation/ABBRobots/IRB120/irb120_ros2_moveit2/scripts/moveL_action.cpp: In member function 'rclcpp_action::GoalResponse ActionServer::handle_goal(const GoalUUID&, std::shared_ptr<const ros2_data::action::MoveL_Goal_<std::allocator<void> > >)':
[22.641s] /home/hunajpu/dev_tt_ws/src/ros2_RobotSimulation/ABBRobots/IRB120/irb120_ros2_moveit2/scripts/moveL_action.cpp:79:41: warning: unused parameter 'uuid' [-Wunused-parameter]
[22.641s]    79 |         const rclcpp_action::GoalUUID & uuid,
[22.642s]       |         ~~~~~~~~~~~~~~~~~~~~~~~~~~~~~~~~^~~~
[22.688s] /home/hunajpu/dev_tt_ws/src/ros2_RobotSimulation/ABBRobots/IRB120/irb120_ros2_moveit2/scripts/moveL_action.cpp: In member function 'void ActionServer::execute(std::shared_ptr<rclcpp_action::ServerGoalHandle<ros2_data::action::MoveL> >)':
[22.688s] /home/hunajpu/dev_tt_ws/src/ros2_RobotSimulation/ABBRobots/IRB120/irb120_ros2_moveit2/scripts/moveL_action.cpp:184:20: warning: unused variable 'fraction' [-Wunused-variable]
[22.688s]   184 |             double fraction = move_group_interface.computeCartesianPath(waypoints, eef_step, jump_threshold, trajectory);
[22.688s]       |                    ^~~~~~~~
[22.690s] /home/hunajpu/dev_tt_ws/src/ros2_RobotSimulation/ABBRobots/IRB120/irb120_ros2_moveit2/scripts/moveL_action.cpp:134:46: warning: unused variable 'joint_model_group' [-Wunused-variable]
[22.690s]   134 |         const moveit::core::JointModelGroup* joint_model_group = move_group_interface.getCurrentState()->getJointModelGroup("irb120_arm");
[22.691s]       |                                              ^~~~~~~~~~~~~~~~~
[23.272s] /home/hunajpu/dev_tt_ws/src/ros2_RobotSimulation/ABBRobots/IRB120/irb120_ros2_moveit2/scripts/moveR_action.cpp: In member function 'rclcpp_action::GoalResponse ActionServer::handle_goal(const GoalUUID&, std::shared_ptr<const ros2_data::action::MoveR_Goal_<std::allocator<void> > >)':
[23.272s] /home/hunajpu/dev_tt_ws/src/ros2_RobotSimulation/ABBRobots/IRB120/irb120_ros2_moveit2/scripts/moveR_action.cpp:80:41: warning: unused parameter 'uuid' [-Wunused-parameter]
[23.273s]    80 |         const rclcpp_action::GoalUUID & uuid,
[23.273s]       |         ~~~~~~~~~~~~~~~~~~~~~~~~~~~~~~~~^~~~
[23.314s] /home/hunajpu/dev_tt_ws/src/ros2_RobotSimulation/ABBRobots/IRB120/irb120_ros2_moveit2/scripts/moveXYZW_action.cpp: In member function 'rclcpp_action::GoalResponse ActionServer::handle_goal(const GoalUUID&, std::shared_ptr<const ros2_data::action::MoveXYZW_Goal_<std::allocator<void> > >)':
[23.314s] /home/hunajpu/dev_tt_ws/src/ros2_RobotSimulation/ABBRobots/IRB120/irb120_ros2_moveit2/scripts/moveXYZW_action.cpp:79:41: warning: unused parameter 'uuid' [-Wunused-parameter]
[23.314s]    79 |         const rclcpp_action::GoalUUID & uuid,
[23.314s]       |         ~~~~~~~~~~~~~~~~~~~~~~~~~~~~~~~~^~~~
[23.347s] /home/hunajpu/dev_tt_ws/src/ros2_RobotSimulation/ABBRobots/IRB120/irb120_ros2_moveit2/scripts/moveXYZW_action.cpp: In member function 'void ActionServer::execute(std::shared_ptr<rclcpp_action::ServerGoalHandle<ros2_data::action::MoveXYZW> >)':
[23.347s] /home/hunajpu/dev_tt_ws/src/ros2_RobotSimulation/ABBRobots/IRB120/irb120_ros2_moveit2/scripts/moveXYZW_action.cpp:142:46: warning: unused variable 'joint_model_group' [-Wunused-variable]
[23.348s]   142 |         const moveit::core::JointModelGroup* joint_model_group = move_group_interface.getCurrentState()->getJointModelGroup("irb120_arm");
[23.348s]       |                                              ^~~~~~~~~~~~~~~~~
[23.349s] /home/hunajpu/dev_tt_ws/src/ros2_RobotSimulation/ABBRobots/IRB120/irb120_ros2_moveit2/scripts/moveR_action.cpp: In member function 'void ActionServer::execute(std::shared_ptr<rclcpp_action::ServerGoalHandle<ros2_data::action::MoveR> >)':
[23.349s] /home/hunajpu/dev_tt_ws/src/ros2_RobotSimulation/ABBRobots/IRB120/irb120_ros2_moveit2/scripts/moveR_action.cpp:258:56: warning: comparison with string literal results in unspecified behavior [-Waddress]
[23.349s]   258 |         } else if (LimitCheck == true && InputJoint == "Valid") {
[23.350s]       |                                                        ^~~~~~~
[23.436s] /home/hunajpu/dev_tt_ws/src/ros2_RobotSimulation/ABBRobots/IRB120/irb120_ros2_moveit2/scripts/moveJ_action.cpp: In member function 'rclcpp_action::GoalResponse ActionServer::handle_goal(const GoalUUID&, std::shared_ptr<const ros2_data::action::MoveJ_Goal_<std::allocator<void> > >)':
[23.436s] /home/hunajpu/dev_tt_ws/src/ros2_RobotSimulation/ABBRobots/IRB120/irb120_ros2_moveit2/scripts/moveJ_action.cpp:80:41: warning: unused parameter 'uuid' [-Wunused-parameter]
[23.436s]    80 |         const rclcpp_action::GoalUUID & uuid,
[23.436s]       |         ~~~~~~~~~~~~~~~~~~~~~~~~~~~~~~~~^~~~
[23.455s] /home/hunajpu/dev_tt_ws/src/ros2_RobotSimulation/ABBRobots/IRB120/irb120_ros2_moveit2/scripts/moveYPR_action.cpp: In member function 'rclcpp_action::GoalResponse ActionServer::handle_goal(const GoalUUID&, std::shared_ptr<const ros2_data::action::MoveYPR_Goal_<std::allocator<void> > >)':
[23.455s] /home/hunajpu/dev_tt_ws/src/ros2_RobotSimulation/ABBRobots/IRB120/irb120_ros2_moveit2/scripts/moveYPR_action.cpp:79:41: warning: unused parameter 'uuid' [-Wunused-parameter]
[23.456s]    79 |         const rclcpp_action::GoalUUID & uuid,
[23.456s]       |         ~~~~~~~~~~~~~~~~~~~~~~~~~~~~~~~~^~~~
[23.504s] /home/hunajpu/dev_tt_ws/src/ros2_RobotSimulation/ABBRobots/IRB120/irb120_ros2_moveit2/scripts/moveYPR_action.cpp: In member function 'void ActionServer::execute(std::shared_ptr<rclcpp_action::ServerGoalHandle<ros2_data::action::MoveYPR> >)':
[23.505s] /home/hunajpu/dev_tt_ws/src/ros2_RobotSimulation/ABBRobots/IRB120/irb120_ros2_moveit2/scripts/moveYPR_action.cpp:135:46: warning: unused variable 'joint_model_group' [-Wunused-variable]
[23.505s]   135 |         const moveit::core::JointModelGroup* joint_model_group = move_group_interface.getCurrentState()->getJointModelGroup("irb120_arm");
[23.505s]       |                                              ^~~~~~~~~~~~~~~~~
[46.239s] [ 66%] Linking CXX executable moveXYZ_action
[46.397s] [ 66%] Linking CXX executable moveR_action
[46.397s] [ 75%] Linking CXX executable moveJ_action
[46.409s] [ 83%] Linking CXX executable moveL_action
[46.409s] [ 91%] Linking CXX executable moveYPR_action
[47.204s] [100%] Linking CXX executable moveXYZW_action
[53.889s] [100%] Built target moveJ_action
[53.907s] [100%] Built target moveR_action
[53.908s] [100%] Built target moveYPR_action
[53.908s] [100%] Built target moveXYZW_action
[53.949s] [100%] Built target moveXYZ_action
[53.949s] [100%] Built target moveL_action
