[0.375s] Invoking command in '/home/hunajpu/dev_tt_ws/build/rrbot_gazebo': AMENT_PREFIX_PATH=/home/hunajpu/dev_tt_ws/install/rrbot_description:/home/hunajpu/dev_tt_ws/install/gazebo_ros2_control CMAKE_PREFIX_PATH=/home/hunajpu/dev_tt_ws/install/rrbot_description:/home/hunajpu/dev_tt_ws/install/gazebo_ros2_control LD_LIBRARY_PATH=/home/hunajpu/dev_tt_ws/install/gazebo_ros2_control/lib /usr/bin/cmake --build /home/hunajpu/dev_tt_ws/build/rrbot_gazebo -- -j8 -l8
[0.529s] Invoked command in '/home/hunajpu/dev_tt_ws/build/rrbot_gazebo' returned '0': AMENT_PREFIX_PATH=/home/hunajpu/dev_tt_ws/install/rrbot_description:/home/hunajpu/dev_tt_ws/install/gazebo_ros2_control CMAKE_PREFIX_PATH=/home/hunajpu/dev_tt_ws/install/rrbot_description:/home/hunajpu/dev_tt_ws/install/gazebo_ros2_control LD_LIBRARY_PATH=/home/hunajpu/dev_tt_ws/install/gazebo_ros2_control/lib /usr/bin/cmake --build /home/hunajpu/dev_tt_ws/build/rrbot_gazebo -- -j8 -l8
[0.599s] Invoking command in '/home/hunajpu/dev_tt_ws/build/rrbot_gazebo': AMENT_PREFIX_PATH=/home/hunajpu/dev_tt_ws/install/rrbot_description:/home/hunajpu/dev_tt_ws/install/gazebo_ros2_control CMAKE_PREFIX_PATH=/home/hunajpu/dev_tt_ws/install/rrbot_description:/home/hunajpu/dev_tt_ws/install/gazebo_ros2_control LD_LIBRARY_PATH=/home/hunajpu/dev_tt_ws/install/gazebo_ros2_control/lib /usr/bin/cmake --install /home/hunajpu/dev_tt_ws/build/rrbot_gazebo
[0.605s] -- Install configuration: "Debug"
[0.621s] -- Execute custom install script
[0.623s] -- Up-to-date symlink: /home/hunajpu/dev_tt_ws/install/rrbot_gazebo/share/rrbot_gazebo/launch/rrbot_world.launch.py
[0.623s] -- Up-to-date symlink: /home/hunajpu/dev_tt_ws/install/rrbot_gazebo/share/rrbot_gazebo/worlds/rrbot.world
[0.624s] -- Up-to-date symlink: /home/hunajpu/dev_tt_ws/install/rrbot_gazebo/share/ament_index/resource_index/package_run_dependencies/rrbot_gazebo
[0.624s] -- Up-to-date symlink: /home/hunajpu/dev_tt_ws/install/rrbot_gazebo/share/ament_index/resource_index/parent_prefix_path/rrbot_gazebo
[0.625s] -- Up-to-date symlink: /home/hunajpu/dev_tt_ws/install/rrbot_gazebo/share/rrbot_gazebo/environment/ament_prefix_path.sh
[0.625s] -- Up-to-date symlink: /home/hunajpu/dev_tt_ws/install/rrbot_gazebo/share/rrbot_gazebo/environment/ament_prefix_path.dsv
[0.626s] -- Up-to-date symlink: /home/hunajpu/dev_tt_ws/install/rrbot_gazebo/share/rrbot_gazebo/environment/path.sh
[0.626s] -- Up-to-date symlink: /home/hunajpu/dev_tt_ws/install/rrbot_gazebo/share/rrbot_gazebo/environment/path.dsv
[0.628s] -- Up-to-date symlink: /home/hunajpu/dev_tt_ws/install/rrbot_gazebo/share/rrbot_gazebo/local_setup.bash
[0.628s] -- Up-to-date symlink: /home/hunajpu/dev_tt_ws/install/rrbot_gazebo/share/rrbot_gazebo/local_setup.sh
[0.628s] -- Up-to-date symlink: /home/hunajpu/dev_tt_ws/install/rrbot_gazebo/share/rrbot_gazebo/local_setup.zsh
[0.629s] -- Up-to-date symlink: /home/hunajpu/dev_tt_ws/install/rrbot_gazebo/share/rrbot_gazebo/local_setup.dsv
[0.629s] -- Symlinking: /home/hunajpu/dev_tt_ws/install/rrbot_gazebo/share/rrbot_gazebo/package.dsv
[0.644s] -- Up-to-date symlink: /home/hunajpu/dev_tt_ws/install/rrbot_gazebo/share/ament_index/resource_index/packages/rrbot_gazebo
[0.644s] -- Up-to-date symlink: /home/hunajpu/dev_tt_ws/install/rrbot_gazebo/share/rrbot_gazebo/cmake/rrbot_gazeboConfig.cmake
[0.644s] -- Up-to-date symlink: /home/hunajpu/dev_tt_ws/install/rrbot_gazebo/share/rrbot_gazebo/cmake/rrbot_gazeboConfig-version.cmake
[0.645s] -- Up-to-date symlink: /home/hunajpu/dev_tt_ws/install/rrbot_gazebo/share/rrbot_gazebo/package.xml
[0.651s] Invoked command in '/home/hunajpu/dev_tt_ws/build/rrbot_gazebo' returned '0': AMENT_PREFIX_PATH=/home/hunajpu/dev_tt_ws/install/rrbot_description:/home/hunajpu/dev_tt_ws/install/gazebo_ros2_control CMAKE_PREFIX_PATH=/home/hunajpu/dev_tt_ws/install/rrbot_description:/home/hunajpu/dev_tt_ws/install/gazebo_ros2_control LD_LIBRARY_PATH=/home/hunajpu/dev_tt_ws/install/gazebo_ros2_control/lib /usr/bin/cmake --install /home/hunajpu/dev_tt_ws/build/rrbot_gazebo
