-- Found ament_cmake_ros: 0.9.2 (/opt/ros/foxy/share/ament_cmake_ros/cmake)
-- Found PythonInterp: /usr/bin/python3 (found suitable version "3.8.10", minimum required is "3") 
-- Using PYTHON_EXECUTABLE: /usr/bin/python3
-- Override CMake install command with custom implementation using symlinks instead of copying resources
-- Found launch_testing_ament_cmake: 0.10.8 (/opt/ros/foxy/share/launch_testing_ament_cmake/cmake)
-- Found python_cmake_module: 0.8.1 (/opt/ros/foxy/share/python_cmake_module/cmake)
-- Found PythonInterp: /usr/bin/python3 (found suitable version "3.8.10", minimum required is "3.5") 
-- Using PYTHON_EXECUTABLE: /usr/bin/python3
-- Using PYTHON_INCLUDE_DIRS: /usr/include/python3.8
-- Using PYTHON_LIBRARIES: /usr/lib/x86_64-linux-gnu/libpython3.8.so
-- Configuring done
-- Generating done
-- Build files have been written to: /home/hunajpu/dev_tt_ws/build/rosbridge_server
-- Install configuration: ""
-- Execute custom install script
-- Up-to-date symlink: /home/hunajpu/dev_tt_ws/install/rosbridge_server/share/rosbridge_server/environment/pythonpath.sh
-- Up-to-date symlink: /home/hunajpu/dev_tt_ws/install/rosbridge_server/share/rosbridge_server/environment/pythonpath.dsv
-- Up-to-date symlink: /home/hunajpu/dev_tt_ws/install/rosbridge_server/lib/python3.8/site-packages/rosbridge_server/__init__.py
-- Up-to-date symlink: /home/hunajpu/dev_tt_ws/install/rosbridge_server/lib/python3.8/site-packages/rosbridge_server/client_mananger.py
-- Up-to-date symlink: /home/hunajpu/dev_tt_ws/install/rosbridge_server/lib/python3.8/site-packages/rosbridge_server/websocket_handler.py
-- Up-to-date symlink: /home/hunajpu/dev_tt_ws/install/rosbridge_server/share/ament_index/resource_index/package_run_dependencies/rosbridge_server
-- Up-to-date symlink: /home/hunajpu/dev_tt_ws/install/rosbridge_server/share/ament_index/resource_index/parent_prefix_path/rosbridge_server
-- Up-to-date symlink: /home/hunajpu/dev_tt_ws/install/rosbridge_server/share/rosbridge_server/environment/ament_prefix_path.sh
-- Up-to-date symlink: /home/hunajpu/dev_tt_ws/install/rosbridge_server/share/rosbridge_server/environment/ament_prefix_path.dsv
-- Up-to-date symlink: /home/hunajpu/dev_tt_ws/install/rosbridge_server/share/rosbridge_server/environment/path.sh
-- Up-to-date symlink: /home/hunajpu/dev_tt_ws/install/rosbridge_server/share/rosbridge_server/environment/path.dsv
-- Up-to-date symlink: /home/hunajpu/dev_tt_ws/install/rosbridge_server/share/rosbridge_server/local_setup.bash
-- Up-to-date symlink: /home/hunajpu/dev_tt_ws/install/rosbridge_server/share/rosbridge_server/local_setup.sh
-- Up-to-date symlink: /home/hunajpu/dev_tt_ws/install/rosbridge_server/share/rosbridge_server/local_setup.zsh
-- Up-to-date symlink: /home/hunajpu/dev_tt_ws/install/rosbridge_server/share/rosbridge_server/local_setup.dsv
-- Symlinking: /home/hunajpu/dev_tt_ws/install/rosbridge_server/share/rosbridge_server/package.dsv
-- Up-to-date symlink: /home/hunajpu/dev_tt_ws/install/rosbridge_server/share/ament_index/resource_index/packages/rosbridge_server
-- Up-to-date symlink: /home/hunajpu/dev_tt_ws/install/rosbridge_server/share/rosbridge_server/cmake/rosbridge_serverConfig.cmake
-- Up-to-date symlink: /home/hunajpu/dev_tt_ws/install/rosbridge_server/share/rosbridge_server/cmake/rosbridge_serverConfig-version.cmake
-- Up-to-date symlink: /home/hunajpu/dev_tt_ws/install/rosbridge_server/share/rosbridge_server/package.xml
-- Up-to-date symlink: /home/hunajpu/dev_tt_ws/install/rosbridge_server/lib/rosbridge_server/rosbridge_websocket.py
-- Up-to-date symlink: /home/hunajpu/dev_tt_ws/install/rosbridge_server/lib/rosbridge_server/rosbridge_websocket
-- Up-to-date symlink: /home/hunajpu/dev_tt_ws/install/rosbridge_server/share/rosbridge_server/launch/rosbridge_websocket_launch.xml
Listing '/home/hunajpu/dev_tt_ws/install/rosbridge_server/lib/python3.8/site-packages/rosbridge_server'...
