[0.073s] Invoking command in '/home/hunajpu/dev_tt_ws/build/ros2_data': /usr/bin/cmake /home/hunajpu/dev_tt_ws/src/ros2_RobotSimulation/ros2_data -DCMAKE_INSTALL_PREFIX=/home/hunajpu/dev_tt_ws/install/ros2_data
[0.187s] -- Found ament_cmake: 0.9.9 (/opt/ros/foxy/share/ament_cmake/cmake)
[0.187s] -- Found PythonInterp: /usr/bin/python3 (found suitable version "3.8.10", minimum required is "3") 
[0.187s] -- Using PYTHON_EXECUTABLE: /usr/bin/python3
[0.615s] Traceback (most recent call last):
[0.615s]   File "/opt/ros/foxy/share/ament_cmake_core/cmake/package_templates/templates_2_cmake.py", line 21, in <module>
[0.616s]     from ament_package.templates import get_environment_hook_template_path
[0.616s] ModuleNotFoundError: No module named 'ament_package'
[0.691s] CMake Error at /opt/ros/foxy/share/ament_cmake_core/cmake/ament_cmake_package_templates-extras.cmake:41 (message):
[0.692s]   execute_process(/usr/bin/python3
[0.693s]   /opt/ros/foxy/share/ament_cmake_core/cmake/package_templates/templates_2_cmake.py
[0.693s]   /home/hunajpu/dev_tt_ws/build/ros2_data/ament_cmake_package_templates/templates.cmake)
[0.693s]   returned error code 1
[0.693s] Call Stack (most recent call first):
[0.693s]   /opt/ros/foxy/share/ament_cmake_core/cmake/ament_cmake_coreConfig.cmake:41 (include)
[0.694s]   /opt/ros/foxy/share/ament_cmake/cmake/ament_cmake_export_dependencies-extras.cmake:15 (find_package)
[0.694s]   /opt/ros/foxy/share/ament_cmake/cmake/ament_cmakeConfig.cmake:41 (include)
[0.694s]   CMakeLists.txt:19 (find_package)
[0.694s] 
[0.694s] 
[0.701s] -- Configuring incomplete, errors occurred!
[0.708s] See also "/home/hunajpu/dev_tt_ws/build/ros2_data/CMakeFiles/CMakeOutput.log".
[0.769s] Invoked command in '/home/hunajpu/dev_tt_ws/build/ros2_data' returned '1': /usr/bin/cmake /home/hunajpu/dev_tt_ws/src/ros2_RobotSimulation/ros2_data -DCMAKE_INSTALL_PREFIX=/home/hunajpu/dev_tt_ws/install/ros2_data
