[0.524s] Invoking command in '/home/hunajpu/dev_tt_ws/build/rrbot_moveit_config': CMAKE_PREFIX_PATH=${CMAKE_PREFIX_PATH}:/home/hunajpu/dev_tt_ws/install/rrbot_moveit_demo_nodes:/home/hunajpu/dev_tt_ws/install/gazebo_ros2_control_demos:/opt/ros/foxy /usr/bin/cmake --build /home/hunajpu/dev_tt_ws/build/rrbot_moveit_config -- -j8 -l8
[0.679s] Invoked command in '/home/hunajpu/dev_tt_ws/build/rrbot_moveit_config' returned '0': CMAKE_PREFIX_PATH=${CMAKE_PREFIX_PATH}:/home/hunajpu/dev_tt_ws/install/rrbot_moveit_demo_nodes:/home/hunajpu/dev_tt_ws/install/gazebo_ros2_control_demos:/opt/ros/foxy /usr/bin/cmake --build /home/hunajpu/dev_tt_ws/build/rrbot_moveit_config -- -j8 -l8
[0.724s] Invoking command in '/home/hunajpu/dev_tt_ws/build/rrbot_moveit_config': CMAKE_PREFIX_PATH=${CMAKE_PREFIX_PATH}:/home/hunajpu/dev_tt_ws/install/rrbot_moveit_demo_nodes:/home/hunajpu/dev_tt_ws/install/gazebo_ros2_control_demos:/opt/ros/foxy /usr/bin/cmake --install /home/hunajpu/dev_tt_ws/build/rrbot_moveit_config
[0.778s] -- Install configuration: "Debug"
[0.791s] -- Execute custom install script
[0.792s] -- Up-to-date symlink: /home/hunajpu/dev_tt_ws/install/rrbot_moveit_config/share/ament_index/resource_index/package_run_dependencies/rrbot_moveit_config
[0.893s] -- Up-to-date symlink: /home/hunajpu/dev_tt_ws/install/rrbot_moveit_config/share/ament_index/resource_index/parent_prefix_path/rrbot_moveit_config
[0.904s] -- Up-to-date symlink: /home/hunajpu/dev_tt_ws/install/rrbot_moveit_config/share/rrbot_moveit_config/environment/ament_prefix_path.sh
[0.905s] -- Up-to-date symlink: /home/hunajpu/dev_tt_ws/install/rrbot_moveit_config/share/rrbot_moveit_config/environment/ament_prefix_path.dsv
[0.906s] -- Up-to-date symlink: /home/hunajpu/dev_tt_ws/install/rrbot_moveit_config/share/rrbot_moveit_config/environment/path.sh
[0.907s] -- Up-to-date symlink: /home/hunajpu/dev_tt_ws/install/rrbot_moveit_config/share/rrbot_moveit_config/environment/path.dsv
[0.908s] -- Up-to-date symlink: /home/hunajpu/dev_tt_ws/install/rrbot_moveit_config/share/rrbot_moveit_config/local_setup.bash
[0.908s] -- Up-to-date symlink: /home/hunajpu/dev_tt_ws/install/rrbot_moveit_config/share/rrbot_moveit_config/local_setup.sh
[0.909s] -- Up-to-date symlink: /home/hunajpu/dev_tt_ws/install/rrbot_moveit_config/share/rrbot_moveit_config/local_setup.zsh
[0.910s] -- Up-to-date symlink: /home/hunajpu/dev_tt_ws/install/rrbot_moveit_config/share/rrbot_moveit_config/local_setup.dsv
[0.911s] -- Symlinking: /home/hunajpu/dev_tt_ws/install/rrbot_moveit_config/share/rrbot_moveit_config/package.dsv
[0.930s] -- Up-to-date symlink: /home/hunajpu/dev_tt_ws/install/rrbot_moveit_config/share/ament_index/resource_index/packages/rrbot_moveit_config
[0.930s] -- Up-to-date symlink: /home/hunajpu/dev_tt_ws/install/rrbot_moveit_config/share/rrbot_moveit_config/cmake/rrbot_moveit_configConfig.cmake
[0.930s] -- Up-to-date symlink: /home/hunajpu/dev_tt_ws/install/rrbot_moveit_config/share/rrbot_moveit_config/cmake/rrbot_moveit_configConfig-version.cmake
[0.930s] -- Up-to-date symlink: /home/hunajpu/dev_tt_ws/install/rrbot_moveit_config/share/rrbot_moveit_config/package.xml
[0.930s] -- Up-to-date symlink: /home/hunajpu/dev_tt_ws/install/rrbot_moveit_config/share/rrbot_moveit_config/config/kinematics.yaml
[0.930s] -- Up-to-date symlink: /home/hunajpu/dev_tt_ws/install/rrbot_moveit_config/share/rrbot_moveit_config/config/ompl_planning.yaml
[0.931s] -- Up-to-date symlink: /home/hunajpu/dev_tt_ws/install/rrbot_moveit_config/share/rrbot_moveit_config/config/rrbot.srdf
[0.931s] -- Up-to-date symlink: /home/hunajpu/dev_tt_ws/install/rrbot_moveit_config/share/rrbot_moveit_config/config/rviz_rrbot.rviz
[0.934s] Invoked command in '/home/hunajpu/dev_tt_ws/build/rrbot_moveit_config' returned '0': CMAKE_PREFIX_PATH=${CMAKE_PREFIX_PATH}:/home/hunajpu/dev_tt_ws/install/rrbot_moveit_demo_nodes:/home/hunajpu/dev_tt_ws/install/gazebo_ros2_control_demos:/opt/ros/foxy /usr/bin/cmake --install /home/hunajpu/dev_tt_ws/build/rrbot_moveit_config
