[0.104s] Invoking command in '/home/hunajpu/dev_tt_ws/build/ros2_data': CMAKE_PREFIX_PATH=${CMAKE_PREFIX_PATH}:/opt/ros/foxy /usr/bin/cmake --build /home/hunajpu/dev_tt_ws/build/ros2_data -- -j8 -l8
[0.255s] [  1%] Built target ros2-data
[0.260s] [  2%] Built target ros2_data__cpp
[0.281s] [ 13%] Built target ros2_data__rosidl_generator_c
[0.389s] [ 24%] Built target ros2_data__rosidl_typesupport_introspection_c
[0.406s] [ 36%] Built target ros2_data__rosidl_typesupport_cpp
[0.410s] [ 48%] Built target ros2_data__rosidl_typesupport_introspection_cpp
[0.436s] [ 60%] Built target ros2_data__rosidl_typesupport_fastrtps_cpp
[0.483s] [ 72%] Built target ros2_data__rosidl_typesupport_c
[0.541s] [ 83%] Built target ros2_data__rosidl_typesupport_fastrtps_c
[0.575s] [ 83%] Built target ros2_data
[0.611s] [ 84%] Built target ros2_data__py
[0.702s] [ 95%] Built target ros2_data__python
[0.792s] [ 97%] Built target ros2_data__rosidl_typesupport_fastrtps_c__pyext
[0.826s] [ 99%] Built target ros2_data__rosidl_typesupport_introspection_c__pyext
[0.828s] [100%] Built target ros2_data__rosidl_typesupport_c__pyext
[0.922s] Invoked command in '/home/hunajpu/dev_tt_ws/build/ros2_data' returned '0': CMAKE_PREFIX_PATH=${CMAKE_PREFIX_PATH}:/opt/ros/foxy /usr/bin/cmake --build /home/hunajpu/dev_tt_ws/build/ros2_data -- -j8 -l8
[1.450s] Invoking command in '/home/hunajpu/dev_tt_ws/build/ros2_data': CMAKE_PREFIX_PATH=${CMAKE_PREFIX_PATH}:/opt/ros/foxy /usr/bin/cmake --install /home/hunajpu/dev_tt_ws/build/ros2_data
[1.466s] -- Install configuration: "Debug"
[1.484s] -- Execute custom install script
[1.484s] -- Up-to-date symlink: /home/hunajpu/dev_tt_ws/install/ros2_data/share/ament_index/resource_index/rosidl_interfaces/ros2_data
[1.487s] -- Up-to-date symlink: /home/hunajpu/dev_tt_ws/install/ros2_data/include/ros2_data/action/detail/move_g__functions.h
[1.487s] -- Up-to-date symlink: /home/hunajpu/dev_tt_ws/install/ros2_data/include/ros2_data/action/detail/move_g__struct.h
[1.488s] -- Up-to-date symlink: /home/hunajpu/dev_tt_ws/install/ros2_data/include/ros2_data/action/detail/move_g__type_support.h
[1.488s] -- Up-to-date symlink: /home/hunajpu/dev_tt_ws/install/ros2_data/include/ros2_data/action/detail/move_j__functions.h
[1.488s] -- Up-to-date symlink: /home/hunajpu/dev_tt_ws/install/ros2_data/include/ros2_data/action/detail/move_j__struct.h
[1.488s] -- Up-to-date symlink: /home/hunajpu/dev_tt_ws/install/ros2_data/include/ros2_data/action/detail/move_j__type_support.h
[1.488s] -- Up-to-date symlink: /home/hunajpu/dev_tt_ws/install/ros2_data/include/ros2_data/action/detail/move_jpanda__functions.h
[1.488s] -- Up-to-date symlink: /home/hunajpu/dev_tt_ws/install/ros2_data/include/ros2_data/action/detail/move_jpanda__struct.h
[1.488s] -- Up-to-date symlink: /home/hunajpu/dev_tt_ws/install/ros2_data/include/ros2_data/action/detail/move_jpanda__type_support.h
[1.489s] -- Up-to-date symlink: /home/hunajpu/dev_tt_ws/install/ros2_data/include/ros2_data/action/detail/move_l__functions.h
[1.489s] -- Up-to-date symlink: /home/hunajpu/dev_tt_ws/install/ros2_data/include/ros2_data/action/detail/move_l__struct.h
[1.489s] -- Up-to-date symlink: /home/hunajpu/dev_tt_ws/install/ros2_data/include/ros2_data/action/detail/move_l__type_support.h
[1.489s] -- Up-to-date symlink: /home/hunajpu/dev_tt_ws/install/ros2_data/include/ros2_data/action/detail/move_r__functions.h
[1.490s] -- Up-to-date symlink: /home/hunajpu/dev_tt_ws/install/ros2_data/include/ros2_data/action/detail/move_r__struct.h
[1.490s] -- Up-to-date symlink: /home/hunajpu/dev_tt_ws/install/ros2_data/include/ros2_data/action/detail/move_r__type_support.h
[1.490s] -- Up-to-date symlink: /home/hunajpu/dev_tt_ws/install/ros2_data/include/ros2_data/action/detail/move_xyz__functions.h
[1.490s] -- Up-to-date symlink: /home/hunajpu/dev_tt_ws/install/ros2_data/include/ros2_data/action/detail/move_xyz__struct.h
[1.491s] -- Up-to-date symlink: /home/hunajpu/dev_tt_ws/install/ros2_data/include/ros2_data/action/detail/move_xyz__type_support.h
[1.491s] -- Up-to-date symlink: /home/hunajpu/dev_tt_ws/install/ros2_data/include/ros2_data/action/detail/move_xyzw__functions.h
[1.491s] -- Up-to-date symlink: /home/hunajpu/dev_tt_ws/install/ros2_data/include/ros2_data/action/detail/move_xyzw__struct.h
[1.492s] -- Up-to-date symlink: /home/hunajpu/dev_tt_ws/install/ros2_data/include/ros2_data/action/detail/move_xyzw__type_support.h
[1.492s] -- Up-to-date symlink: /home/hunajpu/dev_tt_ws/install/ros2_data/include/ros2_data/action/detail/move_ypr__functions.h
[1.492s] -- Up-to-date symlink: /home/hunajpu/dev_tt_ws/install/ros2_data/include/ros2_data/action/detail/move_ypr__struct.h
[1.493s] -- Up-to-date symlink: /home/hunajpu/dev_tt_ws/install/ros2_data/include/ros2_data/action/detail/move_ypr__type_support.h
[1.493s] -- Up-to-date symlink: /home/hunajpu/dev_tt_ws/install/ros2_data/include/ros2_data/action/move_g.h
[1.493s] -- Up-to-date symlink: /home/hunajpu/dev_tt_ws/install/ros2_data/include/ros2_data/action/move_j.h
[1.493s] -- Up-to-date symlink: /home/hunajpu/dev_tt_ws/install/ros2_data/include/ros2_data/action/move_jpanda.h
[1.494s] -- Up-to-date symlink: /home/hunajpu/dev_tt_ws/install/ros2_data/include/ros2_data/action/move_l.h
[1.494s] -- Up-to-date symlink: /home/hunajpu/dev_tt_ws/install/ros2_data/include/ros2_data/action/move_r.h
[1.494s] -- Up-to-date symlink: /home/hunajpu/dev_tt_ws/install/ros2_data/include/ros2_data/action/move_xyz.h
[1.495s] -- Up-to-date symlink: /home/hunajpu/dev_tt_ws/install/ros2_data/include/ros2_data/action/move_xyzw.h
[1.495s] -- Up-to-date symlink: /home/hunajpu/dev_tt_ws/install/ros2_data/include/ros2_data/action/move_ypr.h
[1.495s] -- Up-to-date symlink: /home/hunajpu/dev_tt_ws/install/ros2_data/include/ros2_data/msg/detail/joint_pose__functions.h
[1.495s] -- Up-to-date symlink: /home/hunajpu/dev_tt_ws/install/ros2_data/include/ros2_data/msg/detail/joint_pose__struct.h
[1.496s] -- Up-to-date symlink: /home/hunajpu/dev_tt_ws/install/ros2_data/include/ros2_data/msg/detail/joint_pose__type_support.h
[1.496s] -- Up-to-date symlink: /home/hunajpu/dev_tt_ws/install/ros2_data/include/ros2_data/msg/detail/joint_pose_panda__functions.h
[1.496s] -- Up-to-date symlink: /home/hunajpu/dev_tt_ws/install/ros2_data/include/ros2_data/msg/detail/joint_pose_panda__struct.h
[1.497s] -- Up-to-date symlink: /home/hunajpu/dev_tt_ws/install/ros2_data/include/ros2_data/msg/detail/joint_pose_panda__type_support.h
[1.497s] -- Up-to-date symlink: /home/hunajpu/dev_tt_ws/install/ros2_data/include/ros2_data/msg/joint_pose.h
[1.497s] -- Up-to-date symlink: /home/hunajpu/dev_tt_ws/install/ros2_data/include/ros2_data/msg/joint_pose_panda.h
[1.497s] -- Up-to-date symlink: /home/hunajpu/dev_tt_ws/install/ros2_data/include/ros2_data/msg/rosidl_generator_c__visibility_control.h
[1.498s] -- Up-to-date symlink: /home/hunajpu/dev_tt_ws/install/ros2_data/include/ros2_data/srv/detail/gripper_pose__functions.h
[1.498s] -- Up-to-date symlink: /home/hunajpu/dev_tt_ws/install/ros2_data/include/ros2_data/srv/detail/gripper_pose__struct.h
[1.499s] -- Up-to-date symlink: /home/hunajpu/dev_tt_ws/install/ros2_data/include/ros2_data/srv/detail/gripper_pose__type_support.h
[1.504s] -- Up-to-date symlink: /home/hunajpu/dev_tt_ws/install/ros2_data/include/ros2_data/srv/detail/joint_pose__functions.h
[1.509s] -- Up-to-date symlink: /home/hunajpu/dev_tt_ws/install/ros2_data/include/ros2_data/srv/detail/joint_pose__struct.h
[1.510s] -- Up-to-date symlink: /home/hunajpu/dev_tt_ws/install/ros2_data/include/ros2_data/srv/detail/joint_pose__type_support.h
[1.510s] -- Up-to-date symlink: /home/hunajpu/dev_tt_ws/install/ros2_data/include/ros2_data/srv/gripper_pose.h
[1.511s] -- Up-to-date symlink: /home/hunajpu/dev_tt_ws/install/ros2_data/include/ros2_data/srv/joint_pose.h
[1.511s] -- Up-to-date symlink: /home/hunajpu/dev_tt_ws/install/ros2_data/share/ros2_data/environment/library_path.sh
[1.511s] -- Up-to-date symlink: /home/hunajpu/dev_tt_ws/install/ros2_data/share/ros2_data/environment/library_path.dsv
[1.511s] -- Up-to-date symlink: /home/hunajpu/dev_tt_ws/install/ros2_data/include/ros2_data/action/detail/move_g__rosidl_typesupport_fastrtps_c.h
[1.512s] -- Up-to-date symlink: /home/hunajpu/dev_tt_ws/install/ros2_data/include/ros2_data/action/detail/move_j__rosidl_typesupport_fastrtps_c.h
[1.512s] -- Up-to-date symlink: /home/hunajpu/dev_tt_ws/install/ros2_data/include/ros2_data/action/detail/move_jpanda__rosidl_typesupport_fastrtps_c.h
[1.512s] -- Up-to-date symlink: /home/hunajpu/dev_tt_ws/install/ros2_data/include/ros2_data/action/detail/move_l__rosidl_typesupport_fastrtps_c.h
[1.512s] -- Up-to-date symlink: /home/hunajpu/dev_tt_ws/install/ros2_data/include/ros2_data/action/detail/move_r__rosidl_typesupport_fastrtps_c.h
[1.512s] -- Up-to-date symlink: /home/hunajpu/dev_tt_ws/install/ros2_data/include/ros2_data/action/detail/move_xyz__rosidl_typesupport_fastrtps_c.h
[1.513s] -- Up-to-date symlink: /home/hunajpu/dev_tt_ws/install/ros2_data/include/ros2_data/action/detail/move_xyzw__rosidl_typesupport_fastrtps_c.h
[1.513s] -- Up-to-date symlink: /home/hunajpu/dev_tt_ws/install/ros2_data/include/ros2_data/action/detail/move_ypr__rosidl_typesupport_fastrtps_c.h
[1.513s] -- Up-to-date symlink: /home/hunajpu/dev_tt_ws/install/ros2_data/include/ros2_data/msg/detail/joint_pose__rosidl_typesupport_fastrtps_c.h
[1.513s] -- Up-to-date symlink: /home/hunajpu/dev_tt_ws/install/ros2_data/include/ros2_data/msg/detail/joint_pose_panda__rosidl_typesupport_fastrtps_c.h
[1.514s] -- Up-to-date symlink: /home/hunajpu/dev_tt_ws/install/ros2_data/include/ros2_data/msg/rosidl_typesupport_fastrtps_c__visibility_control.h
[1.514s] -- Up-to-date symlink: /home/hunajpu/dev_tt_ws/install/ros2_data/include/ros2_data/srv/detail/gripper_pose__rosidl_typesupport_fastrtps_c.h
[1.514s] -- Up-to-date symlink: /home/hunajpu/dev_tt_ws/install/ros2_data/include/ros2_data/srv/detail/joint_pose__rosidl_typesupport_fastrtps_c.h
[1.515s] -- Up-to-date symlink: /home/hunajpu/dev_tt_ws/install/ros2_data/lib/libros2_data__rosidl_typesupport_fastrtps_c.so
[1.515s] -- Up-to-date symlink: /home/hunajpu/dev_tt_ws/install/ros2_data/include/ros2_data/action/detail/move_g__rosidl_typesupport_fastrtps_cpp.hpp
[1.515s] -- Up-to-date symlink: /home/hunajpu/dev_tt_ws/install/ros2_data/include/ros2_data/action/detail/move_j__rosidl_typesupport_fastrtps_cpp.hpp
[1.515s] -- Up-to-date symlink: /home/hunajpu/dev_tt_ws/install/ros2_data/include/ros2_data/action/detail/move_jpanda__rosidl_typesupport_fastrtps_cpp.hpp
[1.516s] -- Up-to-date symlink: /home/hunajpu/dev_tt_ws/install/ros2_data/include/ros2_data/action/detail/move_l__rosidl_typesupport_fastrtps_cpp.hpp
[1.516s] -- Up-to-date symlink: /home/hunajpu/dev_tt_ws/install/ros2_data/include/ros2_data/action/detail/move_r__rosidl_typesupport_fastrtps_cpp.hpp
[1.516s] -- Up-to-date symlink: /home/hunajpu/dev_tt_ws/install/ros2_data/include/ros2_data/action/detail/move_xyz__rosidl_typesupport_fastrtps_cpp.hpp
[1.516s] -- Up-to-date symlink: /home/hunajpu/dev_tt_ws/install/ros2_data/include/ros2_data/action/detail/move_xyzw__rosidl_typesupport_fastrtps_cpp.hpp
[1.517s] -- Up-to-date symlink: /home/hunajpu/dev_tt_ws/install/ros2_data/include/ros2_data/action/detail/move_ypr__rosidl_typesupport_fastrtps_cpp.hpp
[1.517s] -- Up-to-date symlink: /home/hunajpu/dev_tt_ws/install/ros2_data/include/ros2_data/msg/detail/joint_pose__rosidl_typesupport_fastrtps_cpp.hpp
[1.517s] -- Up-to-date symlink: /home/hunajpu/dev_tt_ws/install/ros2_data/include/ros2_data/msg/detail/joint_pose_panda__rosidl_typesupport_fastrtps_cpp.hpp
[1.517s] -- Up-to-date symlink: /home/hunajpu/dev_tt_ws/install/ros2_data/include/ros2_data/msg/rosidl_typesupport_fastrtps_cpp__visibility_control.h
[1.517s] -- Up-to-date symlink: /home/hunajpu/dev_tt_ws/install/ros2_data/include/ros2_data/srv/detail/gripper_pose__rosidl_typesupport_fastrtps_cpp.hpp
[1.518s] -- Up-to-date symlink: /home/hunajpu/dev_tt_ws/install/ros2_data/include/ros2_data/srv/detail/joint_pose__rosidl_typesupport_fastrtps_cpp.hpp
[1.518s] -- Up-to-date symlink: /home/hunajpu/dev_tt_ws/install/ros2_data/lib/libros2_data__rosidl_typesupport_fastrtps_cpp.so
[1.518s] -- Up-to-date symlink: /home/hunajpu/dev_tt_ws/install/ros2_data/include/ros2_data/action/detail/move_g__rosidl_typesupport_introspection_c.h
[1.519s] -- Up-to-date symlink: /home/hunajpu/dev_tt_ws/install/ros2_data/include/ros2_data/action/detail/move_j__rosidl_typesupport_introspection_c.h
[1.519s] -- Up-to-date symlink: /home/hunajpu/dev_tt_ws/install/ros2_data/include/ros2_data/action/detail/move_jpanda__rosidl_typesupport_introspection_c.h
[1.519s] -- Up-to-date symlink: /home/hunajpu/dev_tt_ws/install/ros2_data/include/ros2_data/action/detail/move_l__rosidl_typesupport_introspection_c.h
[1.519s] -- Up-to-date symlink: /home/hunajpu/dev_tt_ws/install/ros2_data/include/ros2_data/action/detail/move_r__rosidl_typesupport_introspection_c.h
[1.520s] -- Up-to-date symlink: /home/hunajpu/dev_tt_ws/install/ros2_data/include/ros2_data/action/detail/move_xyz__rosidl_typesupport_introspection_c.h
[1.520s] -- Up-to-date symlink: /home/hunajpu/dev_tt_ws/install/ros2_data/include/ros2_data/action/detail/move_xyzw__rosidl_typesupport_introspection_c.h
[1.520s] -- Up-to-date symlink: /home/hunajpu/dev_tt_ws/install/ros2_data/include/ros2_data/action/detail/move_ypr__rosidl_typesupport_introspection_c.h
[1.520s] -- Up-to-date symlink: /home/hunajpu/dev_tt_ws/install/ros2_data/include/ros2_data/msg/detail/joint_pose__rosidl_typesupport_introspection_c.h
[1.523s] -- Up-to-date symlink: /home/hunajpu/dev_tt_ws/install/ros2_data/include/ros2_data/msg/detail/joint_pose_panda__rosidl_typesupport_introspection_c.h
[1.523s] -- Up-to-date symlink: /home/hunajpu/dev_tt_ws/install/ros2_data/include/ros2_data/msg/rosidl_typesupport_introspection_c__visibility_control.h
[1.523s] -- Up-to-date symlink: /home/hunajpu/dev_tt_ws/install/ros2_data/include/ros2_data/srv/detail/gripper_pose__rosidl_typesupport_introspection_c.h
[1.524s] -- Up-to-date symlink: /home/hunajpu/dev_tt_ws/install/ros2_data/include/ros2_data/srv/detail/joint_pose__rosidl_typesupport_introspection_c.h
[1.524s] -- Up-to-date symlink: /home/hunajpu/dev_tt_ws/install/ros2_data/include/ros2_data/action/detail/move_g__builder.hpp
[1.524s] -- Up-to-date symlink: /home/hunajpu/dev_tt_ws/install/ros2_data/include/ros2_data/action/detail/move_g__struct.hpp
[1.524s] -- Up-to-date symlink: /home/hunajpu/dev_tt_ws/install/ros2_data/include/ros2_data/action/detail/move_g__traits.hpp
[1.525s] -- Up-to-date symlink: /home/hunajpu/dev_tt_ws/install/ros2_data/include/ros2_data/action/detail/move_j__builder.hpp
[1.525s] -- Up-to-date symlink: /home/hunajpu/dev_tt_ws/install/ros2_data/include/ros2_data/action/detail/move_j__struct.hpp
[1.525s] -- Up-to-date symlink: /home/hunajpu/dev_tt_ws/install/ros2_data/include/ros2_data/action/detail/move_j__traits.hpp
[1.525s] -- Up-to-date symlink: /home/hunajpu/dev_tt_ws/install/ros2_data/include/ros2_data/action/detail/move_jpanda__builder.hpp
[1.525s] -- Up-to-date symlink: /home/hunajpu/dev_tt_ws/install/ros2_data/include/ros2_data/action/detail/move_jpanda__struct.hpp
[1.525s] -- Up-to-date symlink: /home/hunajpu/dev_tt_ws/install/ros2_data/include/ros2_data/action/detail/move_jpanda__traits.hpp
[1.526s] -- Up-to-date symlink: /home/hunajpu/dev_tt_ws/install/ros2_data/include/ros2_data/action/detail/move_l__builder.hpp
[1.526s] -- Up-to-date symlink: /home/hunajpu/dev_tt_ws/install/ros2_data/include/ros2_data/action/detail/move_l__struct.hpp
[1.526s] -- Up-to-date symlink: /home/hunajpu/dev_tt_ws/install/ros2_data/include/ros2_data/action/detail/move_l__traits.hpp
[1.526s] -- Up-to-date symlink: /home/hunajpu/dev_tt_ws/install/ros2_data/include/ros2_data/action/detail/move_r__builder.hpp
[1.527s] -- Up-to-date symlink: /home/hunajpu/dev_tt_ws/install/ros2_data/include/ros2_data/action/detail/move_r__struct.hpp
[1.527s] -- Up-to-date symlink: /home/hunajpu/dev_tt_ws/install/ros2_data/include/ros2_data/action/detail/move_r__traits.hpp
[1.527s] -- Up-to-date symlink: /home/hunajpu/dev_tt_ws/install/ros2_data/include/ros2_data/action/detail/move_xyz__builder.hpp
[1.527s] -- Up-to-date symlink: /home/hunajpu/dev_tt_ws/install/ros2_data/include/ros2_data/action/detail/move_xyz__struct.hpp
[1.527s] -- Up-to-date symlink: /home/hunajpu/dev_tt_ws/install/ros2_data/include/ros2_data/action/detail/move_xyz__traits.hpp
[1.527s] -- Up-to-date symlink: /home/hunajpu/dev_tt_ws/install/ros2_data/include/ros2_data/action/detail/move_xyzw__builder.hpp
[1.527s] -- Up-to-date symlink: /home/hunajpu/dev_tt_ws/install/ros2_data/include/ros2_data/action/detail/move_xyzw__struct.hpp
[1.528s] -- Up-to-date symlink: /home/hunajpu/dev_tt_ws/install/ros2_data/include/ros2_data/action/detail/move_xyzw__traits.hpp
[1.528s] -- Up-to-date symlink: /home/hunajpu/dev_tt_ws/install/ros2_data/include/ros2_data/action/detail/move_ypr__builder.hpp
[1.528s] -- Up-to-date symlink: /home/hunajpu/dev_tt_ws/install/ros2_data/include/ros2_data/action/detail/move_ypr__struct.hpp
[1.528s] -- Up-to-date symlink: /home/hunajpu/dev_tt_ws/install/ros2_data/include/ros2_data/action/detail/move_ypr__traits.hpp
[1.528s] -- Up-to-date symlink: /home/hunajpu/dev_tt_ws/install/ros2_data/include/ros2_data/action/move_g.hpp
[1.528s] -- Up-to-date symlink: /home/hunajpu/dev_tt_ws/install/ros2_data/include/ros2_data/action/move_j.hpp
[1.529s] -- Up-to-date symlink: /home/hunajpu/dev_tt_ws/install/ros2_data/include/ros2_data/action/move_jpanda.hpp
[1.529s] -- Up-to-date symlink: /home/hunajpu/dev_tt_ws/install/ros2_data/include/ros2_data/action/move_l.hpp
[1.529s] -- Up-to-date symlink: /home/hunajpu/dev_tt_ws/install/ros2_data/include/ros2_data/action/move_r.hpp
[1.529s] -- Up-to-date symlink: /home/hunajpu/dev_tt_ws/install/ros2_data/include/ros2_data/action/move_xyz.hpp
[1.529s] -- Up-to-date symlink: /home/hunajpu/dev_tt_ws/install/ros2_data/include/ros2_data/action/move_xyzw.hpp
[1.529s] -- Up-to-date symlink: /home/hunajpu/dev_tt_ws/install/ros2_data/include/ros2_data/action/move_ypr.hpp
[1.530s] -- Up-to-date symlink: /home/hunajpu/dev_tt_ws/install/ros2_data/include/ros2_data/msg/detail/joint_pose__builder.hpp
[1.530s] -- Up-to-date symlink: /home/hunajpu/dev_tt_ws/install/ros2_data/include/ros2_data/msg/detail/joint_pose__struct.hpp
[1.530s] -- Up-to-date symlink: /home/hunajpu/dev_tt_ws/install/ros2_data/include/ros2_data/msg/detail/joint_pose__traits.hpp
[1.530s] -- Up-to-date symlink: /home/hunajpu/dev_tt_ws/install/ros2_data/include/ros2_data/msg/detail/joint_pose_panda__builder.hpp
[1.530s] -- Up-to-date symlink: /home/hunajpu/dev_tt_ws/install/ros2_data/include/ros2_data/msg/detail/joint_pose_panda__struct.hpp
[1.531s] -- Up-to-date symlink: /home/hunajpu/dev_tt_ws/install/ros2_data/include/ros2_data/msg/detail/joint_pose_panda__traits.hpp
[1.531s] -- Up-to-date symlink: /home/hunajpu/dev_tt_ws/install/ros2_data/include/ros2_data/msg/joint_pose.hpp
[1.531s] -- Up-to-date symlink: /home/hunajpu/dev_tt_ws/install/ros2_data/include/ros2_data/msg/joint_pose_panda.hpp
[1.531s] -- Up-to-date symlink: /home/hunajpu/dev_tt_ws/install/ros2_data/include/ros2_data/srv/detail/gripper_pose__builder.hpp
[1.531s] -- Up-to-date symlink: /home/hunajpu/dev_tt_ws/install/ros2_data/include/ros2_data/srv/detail/gripper_pose__struct.hpp
[1.531s] -- Up-to-date symlink: /home/hunajpu/dev_tt_ws/install/ros2_data/include/ros2_data/srv/detail/gripper_pose__traits.hpp
[1.532s] -- Up-to-date symlink: /home/hunajpu/dev_tt_ws/install/ros2_data/include/ros2_data/srv/detail/joint_pose__builder.hpp
[1.532s] -- Up-to-date symlink: /home/hunajpu/dev_tt_ws/install/ros2_data/include/ros2_data/srv/detail/joint_pose__struct.hpp
[1.532s] -- Up-to-date symlink: /home/hunajpu/dev_tt_ws/install/ros2_data/include/ros2_data/srv/detail/joint_pose__traits.hpp
[1.532s] -- Up-to-date symlink: /home/hunajpu/dev_tt_ws/install/ros2_data/include/ros2_data/srv/gripper_pose.hpp
[1.532s] -- Up-to-date symlink: /home/hunajpu/dev_tt_ws/install/ros2_data/include/ros2_data/srv/joint_pose.hpp
[1.532s] -- Up-to-date symlink: /home/hunajpu/dev_tt_ws/install/ros2_data/include/ros2_data/action/detail/move_g__rosidl_typesupport_introspection_cpp.hpp
[1.533s] -- Up-to-date symlink: /home/hunajpu/dev_tt_ws/install/ros2_data/include/ros2_data/action/detail/move_j__rosidl_typesupport_introspection_cpp.hpp
[1.533s] -- Up-to-date symlink: /home/hunajpu/dev_tt_ws/install/ros2_data/include/ros2_data/action/detail/move_jpanda__rosidl_typesupport_introspection_cpp.hpp
[1.533s] -- Up-to-date symlink: /home/hunajpu/dev_tt_ws/install/ros2_data/include/ros2_data/action/detail/move_l__rosidl_typesupport_introspection_cpp.hpp
[1.534s] -- Up-to-date symlink: /home/hunajpu/dev_tt_ws/install/ros2_data/include/ros2_data/action/detail/move_r__rosidl_typesupport_introspection_cpp.hpp
[1.540s] -- Up-to-date symlink: /home/hunajpu/dev_tt_ws/install/ros2_data/include/ros2_data/action/detail/move_xyz__rosidl_typesupport_introspection_cpp.hpp
[1.540s] -- Up-to-date symlink: /home/hunajpu/dev_tt_ws/install/ros2_data/include/ros2_data/action/detail/move_xyzw__rosidl_typesupport_introspection_cpp.hpp
[1.540s] -- Up-to-date symlink: /home/hunajpu/dev_tt_ws/install/ros2_data/include/ros2_data/action/detail/move_ypr__rosidl_typesupport_introspection_cpp.hpp
[1.540s] -- Up-to-date symlink: /home/hunajpu/dev_tt_ws/install/ros2_data/include/ros2_data/msg/detail/joint_pose__rosidl_typesupport_introspection_cpp.hpp
[1.540s] -- Up-to-date symlink: /home/hunajpu/dev_tt_ws/install/ros2_data/include/ros2_data/msg/detail/joint_pose_panda__rosidl_typesupport_introspection_cpp.hpp
[1.540s] -- Up-to-date symlink: /home/hunajpu/dev_tt_ws/install/ros2_data/include/ros2_data/srv/detail/gripper_pose__rosidl_typesupport_introspection_cpp.hpp
[1.541s] -- Up-to-date symlink: /home/hunajpu/dev_tt_ws/install/ros2_data/include/ros2_data/srv/detail/joint_pose__rosidl_typesupport_introspection_cpp.hpp
[1.541s] -- Up-to-date symlink: /home/hunajpu/dev_tt_ws/install/ros2_data/share/ros2_data/environment/pythonpath.sh
[1.541s] -- Up-to-date symlink: /home/hunajpu/dev_tt_ws/install/ros2_data/share/ros2_data/environment/pythonpath.dsv
[1.542s] -- Up-to-date symlink: /home/hunajpu/dev_tt_ws/install/ros2_data/lib/python3.8/site-packages/ros2_data/__init__.py
[1.542s] -- Up-to-date symlink: /home/hunajpu/dev_tt_ws/install/ros2_data/lib/python3.8/site-packages/ros2_data/msg/__init__.py
[1.542s] -- Up-to-date symlink: /home/hunajpu/dev_tt_ws/install/ros2_data/lib/python3.8/site-packages/ros2_data/msg/_joint_pose.py
[1.542s] -- Up-to-date symlink: /home/hunajpu/dev_tt_ws/install/ros2_data/lib/python3.8/site-packages/ros2_data/msg/_joint_pose_panda.py
[1.542s] -- Up-to-date symlink: /home/hunajpu/dev_tt_ws/install/ros2_data/lib/python3.8/site-packages/ros2_data/srv/__init__.py
[1.542s] -- Up-to-date symlink: /home/hunajpu/dev_tt_ws/install/ros2_data/lib/python3.8/site-packages/ros2_data/srv/_gripper_pose.py
[1.543s] -- Up-to-date symlink: /home/hunajpu/dev_tt_ws/install/ros2_data/lib/python3.8/site-packages/ros2_data/srv/_joint_pose.py
[1.543s] -- Up-to-date symlink: /home/hunajpu/dev_tt_ws/install/ros2_data/lib/python3.8/site-packages/ros2_data/action/__init__.py
[1.543s] -- Up-to-date symlink: /home/hunajpu/dev_tt_ws/install/ros2_data/lib/python3.8/site-packages/ros2_data/action/_move_g.py
[1.544s] -- Up-to-date symlink: /home/hunajpu/dev_tt_ws/install/ros2_data/lib/python3.8/site-packages/ros2_data/action/_move_j.py
[1.544s] -- Up-to-date symlink: /home/hunajpu/dev_tt_ws/install/ros2_data/lib/python3.8/site-packages/ros2_data/action/_move_jpanda.py
[1.544s] -- Up-to-date symlink: /home/hunajpu/dev_tt_ws/install/ros2_data/lib/python3.8/site-packages/ros2_data/action/_move_l.py
[1.544s] -- Up-to-date symlink: /home/hunajpu/dev_tt_ws/install/ros2_data/lib/python3.8/site-packages/ros2_data/action/_move_r.py
[1.545s] -- Up-to-date symlink: /home/hunajpu/dev_tt_ws/install/ros2_data/lib/python3.8/site-packages/ros2_data/action/_move_xyz.py
[1.545s] -- Up-to-date symlink: /home/hunajpu/dev_tt_ws/install/ros2_data/lib/python3.8/site-packages/ros2_data/action/_move_xyzw.py
[1.545s] -- Up-to-date symlink: /home/hunajpu/dev_tt_ws/install/ros2_data/lib/python3.8/site-packages/ros2_data/action/_move_ypr.py
[1.546s] -- Up-to-date symlink: /home/hunajpu/dev_tt_ws/install/ros2_data/lib/python3.8/site-packages/ros2_data/ros2_data_s__rosidl_typesupport_fastrtps_c.cpython-38-x86_64-linux-gnu.so
[1.546s] -- Up-to-date symlink: /home/hunajpu/dev_tt_ws/install/ros2_data/lib/python3.8/site-packages/ros2_data/ros2_data_s__rosidl_typesupport_introspection_c.cpython-38-x86_64-linux-gnu.so
[1.547s] -- Up-to-date symlink: /home/hunajpu/dev_tt_ws/install/ros2_data/lib/python3.8/site-packages/ros2_data/ros2_data_s__rosidl_typesupport_c.cpython-38-x86_64-linux-gnu.so
[1.547s] -- Up-to-date symlink: /home/hunajpu/dev_tt_ws/install/ros2_data/lib/libros2_data__python.so
[1.547s] -- Up-to-date symlink: /home/hunajpu/dev_tt_ws/install/ros2_data/share/ros2_data/msg/JointPose.idl
[1.547s] -- Up-to-date symlink: /home/hunajpu/dev_tt_ws/install/ros2_data/share/ros2_data/msg/JointPosePanda.idl
[1.548s] -- Up-to-date symlink: /home/hunajpu/dev_tt_ws/install/ros2_data/share/ros2_data/srv/JointPose.idl
[1.548s] -- Up-to-date symlink: /home/hunajpu/dev_tt_ws/install/ros2_data/share/ros2_data/srv/GripperPose.idl
[1.548s] -- Up-to-date symlink: /home/hunajpu/dev_tt_ws/install/ros2_data/share/ros2_data/action/MoveJ.idl
[1.549s] -- Up-to-date symlink: /home/hunajpu/dev_tt_ws/install/ros2_data/share/ros2_data/action/MoveJpanda.idl
[1.549s] -- Up-to-date symlink: /home/hunajpu/dev_tt_ws/install/ros2_data/share/ros2_data/action/MoveG.idl
[1.549s] -- Up-to-date symlink: /home/hunajpu/dev_tt_ws/install/ros2_data/share/ros2_data/action/MoveXYZW.idl
[1.550s] -- Up-to-date symlink: /home/hunajpu/dev_tt_ws/install/ros2_data/share/ros2_data/action/MoveL.idl
[1.550s] -- Up-to-date symlink: /home/hunajpu/dev_tt_ws/install/ros2_data/share/ros2_data/action/MoveR.idl
[1.551s] -- Up-to-date symlink: /home/hunajpu/dev_tt_ws/install/ros2_data/share/ros2_data/action/MoveXYZ.idl
[1.551s] -- Up-to-date symlink: /home/hunajpu/dev_tt_ws/install/ros2_data/share/ros2_data/action/MoveYPR.idl
[1.552s] -- Up-to-date symlink: /home/hunajpu/dev_tt_ws/install/ros2_data/share/ros2_data/msg/JointPose.msg
[1.552s] -- Up-to-date symlink: /home/hunajpu/dev_tt_ws/install/ros2_data/share/ros2_data/msg/JointPosePanda.msg
[1.553s] -- Up-to-date symlink: /home/hunajpu/dev_tt_ws/install/ros2_data/share/ros2_data/srv/JointPose.srv
[1.553s] -- Up-to-date symlink: /home/hunajpu/dev_tt_ws/install/ros2_data/share/ros2_data/srv/JointPose_Request.msg
[1.553s] -- Up-to-date symlink: /home/hunajpu/dev_tt_ws/install/ros2_data/share/ros2_data/srv/JointPose_Response.msg
[1.554s] -- Up-to-date symlink: /home/hunajpu/dev_tt_ws/install/ros2_data/share/ros2_data/srv/GripperPose.srv
[1.554s] -- Up-to-date symlink: /home/hunajpu/dev_tt_ws/install/ros2_data/share/ros2_data/srv/GripperPose_Request.msg
[1.555s] -- Up-to-date symlink: /home/hunajpu/dev_tt_ws/install/ros2_data/share/ros2_data/srv/GripperPose_Response.msg
[1.555s] -- Up-to-date symlink: /home/hunajpu/dev_tt_ws/install/ros2_data/share/ros2_data/action/MoveJ.action
[1.555s] -- Up-to-date symlink: /home/hunajpu/dev_tt_ws/install/ros2_data/share/ros2_data/action/MoveJpanda.action
[1.556s] -- Up-to-date symlink: /home/hunajpu/dev_tt_ws/install/ros2_data/share/ros2_data/action/MoveG.action
[1.557s] -- Up-to-date symlink: /home/hunajpu/dev_tt_ws/install/ros2_data/share/ros2_data/action/MoveXYZW.action
[1.557s] -- Up-to-date symlink: /home/hunajpu/dev_tt_ws/install/ros2_data/share/ros2_data/action/MoveL.action
[1.558s] -- Up-to-date symlink: /home/hunajpu/dev_tt_ws/install/ros2_data/share/ros2_data/action/MoveR.action
[1.558s] -- Up-to-date symlink: /home/hunajpu/dev_tt_ws/install/ros2_data/share/ros2_data/action/MoveXYZ.action
[1.559s] -- Up-to-date symlink: /home/hunajpu/dev_tt_ws/install/ros2_data/share/ros2_data/action/MoveYPR.action
[1.559s] -- Up-to-date symlink: /home/hunajpu/dev_tt_ws/install/ros2_data/lib/ros2_data/ros2-data
[1.560s] -- Up-to-date symlink: /home/hunajpu/dev_tt_ws/install/ros2_data/share/ros2_data//launch/ros2_data.launch.py
[1.560s] -- Up-to-date symlink: /home/hunajpu/dev_tt_ws/install/ros2_data/share/ament_index/resource_index/package_run_dependencies/ros2_data
[1.560s] -- Up-to-date symlink: /home/hunajpu/dev_tt_ws/install/ros2_data/share/ament_index/resource_index/parent_prefix_path/ros2_data
[1.561s] -- Up-to-date symlink: /home/hunajpu/dev_tt_ws/install/ros2_data/share/ros2_data/environment/ament_prefix_path.sh
[1.561s] -- Up-to-date symlink: /home/hunajpu/dev_tt_ws/install/ros2_data/share/ros2_data/environment/ament_prefix_path.dsv
[1.562s] -- Up-to-date symlink: /home/hunajpu/dev_tt_ws/install/ros2_data/share/ros2_data/environment/path.sh
[1.562s] -- Up-to-date symlink: /home/hunajpu/dev_tt_ws/install/ros2_data/share/ros2_data/environment/path.dsv
[1.562s] -- Up-to-date symlink: /home/hunajpu/dev_tt_ws/install/ros2_data/share/ros2_data/local_setup.bash
[1.563s] -- Up-to-date symlink: /home/hunajpu/dev_tt_ws/install/ros2_data/share/ros2_data/local_setup.sh
[1.563s] -- Up-to-date symlink: /home/hunajpu/dev_tt_ws/install/ros2_data/share/ros2_data/local_setup.zsh
[1.564s] -- Up-to-date symlink: /home/hunajpu/dev_tt_ws/install/ros2_data/share/ros2_data/local_setup.dsv
[1.564s] -- Symlinking: /home/hunajpu/dev_tt_ws/install/ros2_data/share/ros2_data/package.dsv
[1.581s] -- Up-to-date symlink: /home/hunajpu/dev_tt_ws/install/ros2_data/share/ament_index/resource_index/packages/ros2_data
[1.581s] -- Up-to-date symlink: /home/hunajpu/dev_tt_ws/install/ros2_data/share/ros2_data/cmake/rosidl_cmake-extras.cmake
[1.585s] -- Up-to-date symlink: /home/hunajpu/dev_tt_ws/install/ros2_data/share/ros2_data/cmake/ament_cmake_export_dependencies-extras.cmake
[1.585s] -- Up-to-date symlink: /home/hunajpu/dev_tt_ws/install/ros2_data/share/ros2_data/cmake/ament_cmake_export_libraries-extras.cmake
[1.585s] -- Up-to-date symlink: /home/hunajpu/dev_tt_ws/install/ros2_data/share/ros2_data/cmake/ament_cmake_export_targets-extras.cmake
[1.586s] -- Up-to-date symlink: /home/hunajpu/dev_tt_ws/install/ros2_data/share/ros2_data/cmake/ament_cmake_export_include_directories-extras.cmake
[1.586s] -- Up-to-date symlink: /home/hunajpu/dev_tt_ws/install/ros2_data/share/ros2_data/cmake/rosidl_cmake_export_typesupport_libraries-extras.cmake
[1.586s] -- Up-to-date symlink: /home/hunajpu/dev_tt_ws/install/ros2_data/share/ros2_data/cmake/rosidl_cmake_export_typesupport_targets-extras.cmake
[1.586s] -- Up-to-date symlink: /home/hunajpu/dev_tt_ws/install/ros2_data/share/ros2_data/cmake/ros2_dataConfig.cmake
[1.586s] -- Up-to-date symlink: /home/hunajpu/dev_tt_ws/install/ros2_data/share/ros2_data/cmake/ros2_dataConfig-version.cmake
[1.587s] -- Up-to-date symlink: /home/hunajpu/dev_tt_ws/install/ros2_data/share/ros2_data/package.xml
[1.621s] -- Up-to-date: /home/hunajpu/dev_tt_ws/install/ros2_data/lib/libros2_data__rosidl_generator_c.so
[1.622s] -- Up-to-date: /home/hunajpu/dev_tt_ws/install/ros2_data/lib/libros2_data__rosidl_typesupport_introspection_c.so
[1.640s] -- Up-to-date: /home/hunajpu/dev_tt_ws/install/ros2_data/lib/libros2_data__rosidl_typesupport_c.so
[1.642s] -- Up-to-date: /home/hunajpu/dev_tt_ws/install/ros2_data/lib/libros2_data__rosidl_typesupport_introspection_cpp.so
[1.668s] -- Up-to-date: /home/hunajpu/dev_tt_ws/install/ros2_data/lib/libros2_data__rosidl_typesupport_cpp.so
[2.311s] -- Up-to-date: /home/hunajpu/dev_tt_ws/install/ros2_data/share/ros2_data/cmake/ros2_data__rosidl_generator_cExport.cmake
[2.312s] -- Up-to-date: /home/hunajpu/dev_tt_ws/install/ros2_data/share/ros2_data/cmake/ros2_data__rosidl_generator_cExport-debug.cmake
[2.313s] -- Up-to-date: /home/hunajpu/dev_tt_ws/install/ros2_data/share/ros2_data/cmake/ros2_data__rosidl_typesupport_introspection_cExport.cmake
[2.315s] -- Up-to-date: /home/hunajpu/dev_tt_ws/install/ros2_data/share/ros2_data/cmake/ros2_data__rosidl_typesupport_introspection_cExport-debug.cmake
[2.325s] -- Up-to-date: /home/hunajpu/dev_tt_ws/install/ros2_data/share/ros2_data/cmake/ros2_data__rosidl_typesupport_cExport.cmake
[2.344s] -- Up-to-date: /home/hunajpu/dev_tt_ws/install/ros2_data/share/ros2_data/cmake/ros2_data__rosidl_typesupport_cExport-debug.cmake
[2.346s] -- Up-to-date: /home/hunajpu/dev_tt_ws/install/ros2_data/share/ros2_data/cmake/ros2_data__rosidl_generator_cppExport.cmake
[2.347s] -- Up-to-date: /home/hunajpu/dev_tt_ws/install/ros2_data/share/ros2_data/cmake/ros2_data__rosidl_typesupport_introspection_cppExport.cmake
[2.359s] -- Up-to-date: /home/hunajpu/dev_tt_ws/install/ros2_data/share/ros2_data/cmake/ros2_data__rosidl_typesupport_introspection_cppExport-debug.cmake
[2.360s] -- Up-to-date: /home/hunajpu/dev_tt_ws/install/ros2_data/share/ros2_data/cmake/ros2_data__rosidl_typesupport_cppExport.cmake
[2.377s] -- Up-to-date: /home/hunajpu/dev_tt_ws/install/ros2_data/share/ros2_data/cmake/ros2_data__rosidl_typesupport_cppExport-debug.cmake
[2.426s] Invoked command in '/home/hunajpu/dev_tt_ws/build/ros2_data' returned '0': CMAKE_PREFIX_PATH=${CMAKE_PREFIX_PATH}:/opt/ros/foxy /usr/bin/cmake --install /home/hunajpu/dev_tt_ws/build/ros2_data
