[0.137s] Invoking command in '/home/hunajpu/dev_tt_ws/build/cobots_axis_gui': CMAKE_PREFIX_PATH=${CMAKE_PREFIX_PATH}:/opt/ros/foxy /usr/bin/cmake --build /home/hunajpu/dev_tt_ws/build/cobots_axis_gui -- -j8 -l8
[0.322s] [35m[1mScanning dependencies of target cobot_7thaxis[0m
[0.458s] [ 12%] [32mBuilding CXX object CMakeFiles/cobot_7thaxis.dir/src/cobot_7thaxis.cpp.o[0m
[6.911s] [01m[K/home/hunajpu/dev_tt_ws/src/cobots_7thaxis/cobots_axis_gui/src/cobot_7thaxis.cpp:[m[K In member function ‘[01m[Kvirtual void rqt_plugin::Cobot7thAxis::saveSettings(qt_gui_cpp::Settings&, qt_gui_cpp::Settings&) const[m[K’:
[6.911s] [01m[K/home/hunajpu/dev_tt_ws/src/cobots_7thaxis/cobots_axis_gui/src/cobot_7thaxis.cpp:46:57:[m[K [01;35m[Kwarning: [m[Kunused parameter ‘[01m[Kplugin_settings[m[K’ [[01;35m[K-Wunused-parameter[m[K]
[6.911s]    46 |   void Cobot7thAxis::saveSettings([01;35m[Kqt_gui_cpp::Settings& plugin_settings[m[K, qt_gui_cpp::Settings& instance_settings) const
[6.911s]       |                                   [01;35m[K~~~~~~~~~~~~~~~~~~~~~~^~~~~~~~~~~~~~~[m[K
[6.911s] [01m[K/home/hunajpu/dev_tt_ws/src/cobots_7thaxis/cobots_axis_gui/src/cobot_7thaxis.cpp:46:96:[m[K [01;35m[Kwarning: [m[Kunused parameter ‘[01m[Kinstance_settings[m[K’ [[01;35m[K-Wunused-parameter[m[K]
[6.911s]    46 |   void Cobot7thAxis::saveSettings(qt_gui_cpp::Settings& plugin_settings, [01;35m[Kqt_gui_cpp::Settings& instance_settings[m[K) const
[6.911s]       |                                                                          [01;35m[K~~~~~~~~~~~~~~~~~~~~~~^~~~~~~~~~~~~~~~~[m[K
[6.912s] [01m[K/home/hunajpu/dev_tt_ws/src/cobots_7thaxis/cobots_axis_gui/src/cobot_7thaxis.cpp:[m[K In member function ‘[01m[Kvirtual void rqt_plugin::Cobot7thAxis::restoreSettings(const qt_gui_cpp::Settings&, const qt_gui_cpp::Settings&)[m[K’:
[6.912s] [01m[K/home/hunajpu/dev_tt_ws/src/cobots_7thaxis/cobots_axis_gui/src/cobot_7thaxis.cpp:51:66:[m[K [01;35m[Kwarning: [m[Kunused parameter ‘[01m[Kplugin_settings[m[K’ [[01;35m[K-Wunused-parameter[m[K]
[6.912s]    51 |   void Cobot7thAxis::restoreSettings([01;35m[Kconst qt_gui_cpp::Settings& plugin_settings[m[K, const qt_gui_cpp::Settings& instance_settings)
[6.912s]       |                                      [01;35m[K~~~~~~~~~~~~~~~~~~~~~~~~~~~~^~~~~~~~~~~~~~~[m[K
[6.912s] [01m[K/home/hunajpu/dev_tt_ws/src/cobots_7thaxis/cobots_axis_gui/src/cobot_7thaxis.cpp:51:111:[m[K [01;35m[Kwarning: [m[Kunused parameter ‘[01m[Kinstance_settings[m[K’ [[01;35m[K-Wunused-parameter[m[K]
[6.912s]    51 |   void Cobot7thAxis::restoreSettings(const qt_gui_cpp::Settings& plugin_settings, [01;35m[Kconst qt_gui_cpp::Settings& instance_settings[m[K)
[6.912s]       |                                                                                   [01;35m[K~~~~~~~~~~~~~~~~~~~~~~~~~~~~^~~~~~~~~~~~~~~~~[m[K
[8.296s] [ 25%] [32m[1mLinking CXX shared library libcobot_7thaxis.so[0m
[9.092s] [100%] Built target cobot_7thaxis
[9.110s] Invoked command in '/home/hunajpu/dev_tt_ws/build/cobots_axis_gui' returned '0': CMAKE_PREFIX_PATH=${CMAKE_PREFIX_PATH}:/opt/ros/foxy /usr/bin/cmake --build /home/hunajpu/dev_tt_ws/build/cobots_axis_gui -- -j8 -l8
[9.160s] Invoking command in '/home/hunajpu/dev_tt_ws/build/cobots_axis_gui': CMAKE_PREFIX_PATH=${CMAKE_PREFIX_PATH}:/opt/ros/foxy /usr/bin/cmake --install /home/hunajpu/dev_tt_ws/build/cobots_axis_gui
[9.174s] -- Install configuration: "Debug"
[9.174s] -- Installing: /home/hunajpu/dev_tt_ws/install/cobots_axis_gui/lib/cobots_axis_gui/libcobot_7thaxis.so
[9.177s] -- Set runtime path of "/home/hunajpu/dev_tt_ws/install/cobots_axis_gui/lib/cobots_axis_gui/libcobot_7thaxis.so" to ""
[9.177s] -- Up-to-date: /home/hunajpu/dev_tt_ws/install/cobots_axis_gui/lib/cobots_axis_gui/cobot_7thaxis
[9.177s] -- Up-to-date: /home/hunajpu/dev_tt_ws/install/cobots_axis_gui/include
[9.178s] -- Up-to-date: /home/hunajpu/dev_tt_ws/install/cobots_axis_gui/include/cobots_axis_gui
[9.178s] -- Up-to-date: /home/hunajpu/dev_tt_ws/install/cobots_axis_gui/include/cobots_axis_gui/mytoolbutton.h
[9.178s] -- Up-to-date: /home/hunajpu/dev_tt_ws/install/cobots_axis_gui/include/cobots_axis_gui/.git
[9.178s] -- Up-to-date: /home/hunajpu/dev_tt_ws/install/cobots_axis_gui/include/cobots_axis_gui/.git/refs
[9.179s] -- Up-to-date: /home/hunajpu/dev_tt_ws/install/cobots_axis_gui/include/cobots_axis_gui/.git/refs/tags
[9.179s] -- Up-to-date: /home/hunajpu/dev_tt_ws/install/cobots_axis_gui/include/cobots_axis_gui/.git/refs/heads
[9.179s] -- Up-to-date: /home/hunajpu/dev_tt_ws/install/cobots_axis_gui/include/cobots_axis_gui/.git/info
[9.179s] -- Up-to-date: /home/hunajpu/dev_tt_ws/install/cobots_axis_gui/include/cobots_axis_gui/.git/info/exclude
[9.179s] -- Up-to-date: /home/hunajpu/dev_tt_ws/install/cobots_axis_gui/include/cobots_axis_gui/.git/HEAD
[9.180s] -- Up-to-date: /home/hunajpu/dev_tt_ws/install/cobots_axis_gui/include/cobots_axis_gui/.git/description
[9.180s] -- Up-to-date: /home/hunajpu/dev_tt_ws/install/cobots_axis_gui/include/cobots_axis_gui/.git/objects
[9.180s] -- Up-to-date: /home/hunajpu/dev_tt_ws/install/cobots_axis_gui/include/cobots_axis_gui/.git/objects/info
[9.180s] -- Up-to-date: /home/hunajpu/dev_tt_ws/install/cobots_axis_gui/include/cobots_axis_gui/.git/objects/32
[9.180s] -- Up-to-date: /home/hunajpu/dev_tt_ws/install/cobots_axis_gui/include/cobots_axis_gui/.git/objects/32/5b31b591e3b438cbfdc92726aaae05353d0342
[9.180s] -- Up-to-date: /home/hunajpu/dev_tt_ws/install/cobots_axis_gui/include/cobots_axis_gui/.git/objects/pack
[9.181s] -- Up-to-date: /home/hunajpu/dev_tt_ws/install/cobots_axis_gui/include/cobots_axis_gui/.git/objects/06
[9.181s] -- Up-to-date: /home/hunajpu/dev_tt_ws/install/cobots_axis_gui/include/cobots_axis_gui/.git/objects/06/4abb06ea0e84d51ecbbd3bb9595c729300c13b
[9.181s] -- Up-to-date: /home/hunajpu/dev_tt_ws/install/cobots_axis_gui/include/cobots_axis_gui/.git/objects/1c
[9.181s] -- Up-to-date: /home/hunajpu/dev_tt_ws/install/cobots_axis_gui/include/cobots_axis_gui/.git/objects/1c/54dc6324c8e1c7e302b32ce67fcbec485f0a83
[9.181s] -- Up-to-date: /home/hunajpu/dev_tt_ws/install/cobots_axis_gui/include/cobots_axis_gui/.git/objects/be
[9.181s] -- Up-to-date: /home/hunajpu/dev_tt_ws/install/cobots_axis_gui/include/cobots_axis_gui/.git/objects/be/5d563b20cb66ad39c95a2d62cbf294a8aaccd7
[9.181s] -- Up-to-date: /home/hunajpu/dev_tt_ws/install/cobots_axis_gui/include/cobots_axis_gui/.git/objects/86
[9.181s] -- Up-to-date: /home/hunajpu/dev_tt_ws/install/cobots_axis_gui/include/cobots_axis_gui/.git/objects/86/e5761b4716c26905eb3cb6d747f70f7c78f89b
[9.181s] -- Up-to-date: /home/hunajpu/dev_tt_ws/install/cobots_axis_gui/include/cobots_axis_gui/.git/objects/14
[9.181s] -- Up-to-date: /home/hunajpu/dev_tt_ws/install/cobots_axis_gui/include/cobots_axis_gui/.git/objects/14/6d235a8472c7c09c8908a0da4353cef453ad19
[9.182s] -- Up-to-date: /home/hunajpu/dev_tt_ws/install/cobots_axis_gui/include/cobots_axis_gui/.git/objects/6b
[9.182s] -- Up-to-date: /home/hunajpu/dev_tt_ws/install/cobots_axis_gui/include/cobots_axis_gui/.git/objects/6b/7575fc8f3f86136b8ef409181d7cce60f63de6
[9.182s] -- Up-to-date: /home/hunajpu/dev_tt_ws/install/cobots_axis_gui/include/cobots_axis_gui/.git/config
[9.182s] -- Up-to-date: /home/hunajpu/dev_tt_ws/install/cobots_axis_gui/include/cobots_axis_gui/.git/hooks
[9.182s] -- Up-to-date: /home/hunajpu/dev_tt_ws/install/cobots_axis_gui/include/cobots_axis_gui/.git/hooks/pre-applypatch.sample
[9.183s] -- Up-to-date: /home/hunajpu/dev_tt_ws/install/cobots_axis_gui/include/cobots_axis_gui/.git/hooks/pre-merge-commit.sample
[9.187s] -- Up-to-date: /home/hunajpu/dev_tt_ws/install/cobots_axis_gui/include/cobots_axis_gui/.git/hooks/applypatch-msg.sample
[9.187s] -- Up-to-date: /home/hunajpu/dev_tt_ws/install/cobots_axis_gui/include/cobots_axis_gui/.git/hooks/pre-commit.sample
[9.187s] -- Up-to-date: /home/hunajpu/dev_tt_ws/install/cobots_axis_gui/include/cobots_axis_gui/.git/hooks/pre-push.sample
[9.188s] -- Up-to-date: /home/hunajpu/dev_tt_ws/install/cobots_axis_gui/include/cobots_axis_gui/.git/hooks/post-update.sample
[9.188s] -- Up-to-date: /home/hunajpu/dev_tt_ws/install/cobots_axis_gui/include/cobots_axis_gui/.git/hooks/pre-rebase.sample
[9.188s] -- Up-to-date: /home/hunajpu/dev_tt_ws/install/cobots_axis_gui/include/cobots_axis_gui/.git/hooks/commit-msg.sample
[9.188s] -- Up-to-date: /home/hunajpu/dev_tt_ws/install/cobots_axis_gui/include/cobots_axis_gui/.git/hooks/pre-receive.sample
[9.189s] -- Up-to-date: /home/hunajpu/dev_tt_ws/install/cobots_axis_gui/include/cobots_axis_gui/.git/hooks/fsmonitor-watchman.sample
[9.189s] -- Up-to-date: /home/hunajpu/dev_tt_ws/install/cobots_axis_gui/include/cobots_axis_gui/.git/hooks/update.sample
[9.189s] -- Up-to-date: /home/hunajpu/dev_tt_ws/install/cobots_axis_gui/include/cobots_axis_gui/.git/hooks/prepare-commit-msg.sample
[9.189s] -- Up-to-date: /home/hunajpu/dev_tt_ws/install/cobots_axis_gui/include/cobots_axis_gui/.git/branches
[9.190s] -- Up-to-date: /home/hunajpu/dev_tt_ws/install/cobots_axis_gui/include/cobots_axis_gui/.git/index
[9.190s] -- Up-to-date: /home/hunajpu/dev_tt_ws/install/cobots_axis_gui/include/cobots_axis_gui/cobot_7thaxis.h
[9.190s] -- Up-to-date: /home/hunajpu/dev_tt_ws/install/cobots_axis_gui/share/cobots_axis_gui/plugin.xml
[9.190s] -- Up-to-date: /home/hunajpu/dev_tt_ws/install/cobots_axis_gui/share/cobots_axis_gui/resource
[9.190s] -- Up-to-date: /home/hunajpu/dev_tt_ws/install/cobots_axis_gui/share/cobots_axis_gui/resource/cobot_7thaxis.ui
[9.190s] -- Up-to-date: /home/hunajpu/dev_tt_ws/install/cobots_axis_gui/share/cobots_axis_gui/launch
[9.191s] -- Up-to-date: /home/hunajpu/dev_tt_ws/install/cobots_axis_gui/share/cobots_axis_gui/launch/start.py
[9.191s] -- Up-to-date: /home/hunajpu/dev_tt_ws/install/cobots_axis_gui/share/cobots_axis_gui/plugin.xml
[9.193s] -- Up-to-date: /home/hunajpu/dev_tt_ws/install/cobots_axis_gui/share/cobots_axis_gui/environment/library_path.sh
[9.194s] -- Up-to-date: /home/hunajpu/dev_tt_ws/install/cobots_axis_gui/share/cobots_axis_gui/environment/library_path.dsv
[9.194s] -- Up-to-date: /home/hunajpu/dev_tt_ws/install/cobots_axis_gui/share/ament_index/resource_index/package_run_dependencies/cobots_axis_gui
[9.195s] -- Up-to-date: /home/hunajpu/dev_tt_ws/install/cobots_axis_gui/share/ament_index/resource_index/parent_prefix_path/cobots_axis_gui
[9.195s] -- Up-to-date: /home/hunajpu/dev_tt_ws/install/cobots_axis_gui/share/cobots_axis_gui/environment/ament_prefix_path.sh
[9.195s] -- Up-to-date: /home/hunajpu/dev_tt_ws/install/cobots_axis_gui/share/cobots_axis_gui/environment/ament_prefix_path.dsv
[9.196s] -- Up-to-date: /home/hunajpu/dev_tt_ws/install/cobots_axis_gui/share/cobots_axis_gui/environment/path.sh
[9.196s] -- Up-to-date: /home/hunajpu/dev_tt_ws/install/cobots_axis_gui/share/cobots_axis_gui/environment/path.dsv
[9.196s] -- Up-to-date: /home/hunajpu/dev_tt_ws/install/cobots_axis_gui/share/cobots_axis_gui/local_setup.bash
[9.197s] -- Up-to-date: /home/hunajpu/dev_tt_ws/install/cobots_axis_gui/share/cobots_axis_gui/local_setup.sh
[9.197s] -- Up-to-date: /home/hunajpu/dev_tt_ws/install/cobots_axis_gui/share/cobots_axis_gui/local_setup.zsh
[9.197s] -- Up-to-date: /home/hunajpu/dev_tt_ws/install/cobots_axis_gui/share/cobots_axis_gui/local_setup.dsv
[9.201s] -- Installing: /home/hunajpu/dev_tt_ws/install/cobots_axis_gui/share/cobots_axis_gui/package.dsv
[9.201s] -- Up-to-date: /home/hunajpu/dev_tt_ws/install/cobots_axis_gui/share/ament_index/resource_index/packages/cobots_axis_gui
[9.202s] -- Up-to-date: /home/hunajpu/dev_tt_ws/install/cobots_axis_gui/share/ament_index/resource_index/rqt_gui__pluginlib__plugin/cobots_axis_gui
[9.202s] -- Up-to-date: /home/hunajpu/dev_tt_ws/install/cobots_axis_gui/share/cobots_axis_gui/cmake/ament_cmake_export_include_directories-extras.cmake
[9.202s] -- Up-to-date: /home/hunajpu/dev_tt_ws/install/cobots_axis_gui/share/cobots_axis_gui/cmake/ament_cmake_export_libraries-extras.cmake
[9.203s] -- Up-to-date: /home/hunajpu/dev_tt_ws/install/cobots_axis_gui/share/cobots_axis_gui/cmake/cobots_axis_guiConfig.cmake
[9.203s] -- Up-to-date: /home/hunajpu/dev_tt_ws/install/cobots_axis_gui/share/cobots_axis_gui/cmake/cobots_axis_guiConfig-version.cmake
[9.204s] -- Up-to-date: /home/hunajpu/dev_tt_ws/install/cobots_axis_gui/share/cobots_axis_gui/package.xml
[9.205s] Invoked command in '/home/hunajpu/dev_tt_ws/build/cobots_axis_gui' returned '0': CMAKE_PREFIX_PATH=${CMAKE_PREFIX_PATH}:/opt/ros/foxy /usr/bin/cmake --install /home/hunajpu/dev_tt_ws/build/cobots_axis_gui
