[0.115s] Invoking command in '/home/hunajpu/dev_tt_ws/build/cobots_axis_driver': /usr/bin/cmake /home/hunajpu/dev_tt_ws/src/cobots_7thaxis/cobots_axis_driver -DCMAKE_INSTALL_PREFIX=/home/hunajpu/dev_tt_ws/install/cobots_axis_driver
[0.715s] -- Found ament_cmake: 0.9.9 (/opt/ros/foxy/share/ament_cmake/cmake)
[0.716s] -- Using PYTHON_EXECUTABLE: /usr/bin/python3
[0.716s] -- Configuring incomplete, errors occurred!
[0.716s] See also "/home/hunajpu/dev_tt_ws/build/cobots_axis_driver/CMakeFiles/CMakeOutput.log".
[0.716s] Traceback (most recent call last):
[0.716s]   File "/opt/ros/foxy/share/ament_cmake_core/cmake/package_templates/templates_2_cmake.py", line 21, in <module>
[0.717s]     from ament_package.templates import get_environment_hook_template_path
[0.717s] ModuleNotFoundError: No module named 'ament_package'
[0.718s] CMake Error at /opt/ros/foxy/share/ament_cmake_core/cmake/ament_cmake_package_templates-extras.cmake:41 (message):
[0.718s]   execute_process(/usr/bin/python3
[0.718s]   /opt/ros/foxy/share/ament_cmake_core/cmake/package_templates/templates_2_cmake.py
[0.718s]   /home/hunajpu/dev_tt_ws/build/cobots_axis_driver/ament_cmake_package_templates/templates.cmake)
[0.718s]   returned error code 1
[0.719s] Call Stack (most recent call first):
[0.719s]   /opt/ros/foxy/share/ament_cmake_core/cmake/ament_cmake_coreConfig.cmake:41 (include)
[0.720s]   /opt/ros/foxy/share/ament_cmake/cmake/ament_cmake_export_dependencies-extras.cmake:15 (find_package)
[0.720s]   /opt/ros/foxy/share/ament_cmake/cmake/ament_cmakeConfig.cmake:41 (include)
[0.720s]   CMakeLists.txt:19 (find_package)
[0.721s] 
[0.722s] 
[0.736s] Invoked command in '/home/hunajpu/dev_tt_ws/build/cobots_axis_driver' returned '1': /usr/bin/cmake /home/hunajpu/dev_tt_ws/src/cobots_7thaxis/cobots_axis_driver -DCMAKE_INSTALL_PREFIX=/home/hunajpu/dev_tt_ws/install/cobots_axis_driver
