[0.134s] Invoking command in '/home/hunajpu/dev_tt_ws/build/gazebo_ros2_control': CMAKE_PREFIX_PATH=${CMAKE_PREFIX_PATH}:/opt/ros/foxy /usr/bin/cmake --build /home/hunajpu/dev_tt_ws/build/gazebo_ros2_control -- -j8 -l8
[0.351s] [ 50%] Built target gazebo_hardware_plugins
[0.467s] [100%] Built target gazebo_ros2_control
[0.575s] Invoked command in '/home/hunajpu/dev_tt_ws/build/gazebo_ros2_control' returned '0': CMAKE_PREFIX_PATH=${CMAKE_PREFIX_PATH}:/opt/ros/foxy /usr/bin/cmake --build /home/hunajpu/dev_tt_ws/build/gazebo_ros2_control -- -j8 -l8
[0.738s] Invoking command in '/home/hunajpu/dev_tt_ws/build/gazebo_ros2_control': CMAKE_PREFIX_PATH=${CMAKE_PREFIX_PATH}:/opt/ros/foxy /usr/bin/cmake --install /home/hunajpu/dev_tt_ws/build/gazebo_ros2_control
[0.774s] -- Install configuration: "Debug"
[0.774s] -- Execute custom install script
[0.775s] -- Up-to-date symlink: /home/hunajpu/dev_tt_ws/install/gazebo_ros2_control/lib/libgazebo_ros2_control.so
[0.775s] -- Up-to-date symlink: /home/hunajpu/dev_tt_ws/install/gazebo_ros2_control/lib/libgazebo_hardware_plugins.so
[0.775s] -- Up-to-date symlink: /home/hunajpu/dev_tt_ws/install/gazebo_ros2_control/share/gazebo_ros2_control/environment/library_path.sh
[0.776s] -- Up-to-date symlink: /home/hunajpu/dev_tt_ws/install/gazebo_ros2_control/share/gazebo_ros2_control/environment/library_path.dsv
[0.776s] -- Up-to-date symlink: /home/hunajpu/dev_tt_ws/install/gazebo_ros2_control/include/gazebo_ros2_control/gazebo_ros2_control_plugin.hpp
[0.776s] -- Up-to-date symlink: /home/hunajpu/dev_tt_ws/install/gazebo_ros2_control/include/gazebo_ros2_control/gazebo_system.hpp
[0.776s] -- Up-to-date symlink: /home/hunajpu/dev_tt_ws/install/gazebo_ros2_control/include/gazebo_ros2_control/gazebo_system_interface.hpp
[0.776s] -- Up-to-date symlink: /home/hunajpu/dev_tt_ws/install/gazebo_ros2_control/share/gazebo_ros2_control//gazebo_hardware_plugins.xml
[0.776s] -- Up-to-date symlink: /home/hunajpu/dev_tt_ws/install/gazebo_ros2_control/share/ament_index/resource_index/package_run_dependencies/gazebo_ros2_control
[0.777s] -- Up-to-date symlink: /home/hunajpu/dev_tt_ws/install/gazebo_ros2_control/share/ament_index/resource_index/parent_prefix_path/gazebo_ros2_control
[0.777s] -- Up-to-date symlink: /home/hunajpu/dev_tt_ws/install/gazebo_ros2_control/share/gazebo_ros2_control/environment/ament_prefix_path.sh
[0.777s] -- Up-to-date symlink: /home/hunajpu/dev_tt_ws/install/gazebo_ros2_control/share/gazebo_ros2_control/environment/ament_prefix_path.dsv
[0.777s] -- Up-to-date symlink: /home/hunajpu/dev_tt_ws/install/gazebo_ros2_control/share/gazebo_ros2_control/environment/path.sh
[0.777s] -- Up-to-date symlink: /home/hunajpu/dev_tt_ws/install/gazebo_ros2_control/share/gazebo_ros2_control/environment/path.dsv
[0.777s] -- Up-to-date symlink: /home/hunajpu/dev_tt_ws/install/gazebo_ros2_control/share/gazebo_ros2_control/local_setup.bash
[0.777s] -- Up-to-date symlink: /home/hunajpu/dev_tt_ws/install/gazebo_ros2_control/share/gazebo_ros2_control/local_setup.sh
[0.778s] -- Up-to-date symlink: /home/hunajpu/dev_tt_ws/install/gazebo_ros2_control/share/gazebo_ros2_control/local_setup.zsh
[0.792s] -- Up-to-date symlink: /home/hunajpu/dev_tt_ws/install/gazebo_ros2_control/share/gazebo_ros2_control/local_setup.dsv
[0.792s] -- Symlinking: /home/hunajpu/dev_tt_ws/install/gazebo_ros2_control/share/gazebo_ros2_control/package.dsv
[0.802s] -- Up-to-date symlink: /home/hunajpu/dev_tt_ws/install/gazebo_ros2_control/share/ament_index/resource_index/packages/gazebo_ros2_control
[0.803s] -- Up-to-date symlink: /home/hunajpu/dev_tt_ws/install/gazebo_ros2_control/share/ament_index/resource_index/gazebo_ros2_control__pluginlib__plugin/gazebo_ros2_control
[0.805s] -- Up-to-date symlink: /home/hunajpu/dev_tt_ws/install/gazebo_ros2_control/share/gazebo_ros2_control/cmake/ament_cmake_export_include_directories-extras.cmake
[0.805s] -- Up-to-date symlink: /home/hunajpu/dev_tt_ws/install/gazebo_ros2_control/share/gazebo_ros2_control/cmake/ament_cmake_export_dependencies-extras.cmake
[0.805s] -- Up-to-date symlink: /home/hunajpu/dev_tt_ws/install/gazebo_ros2_control/share/gazebo_ros2_control/cmake/ament_cmake_export_libraries-extras.cmake
[0.806s] -- Up-to-date symlink: /home/hunajpu/dev_tt_ws/install/gazebo_ros2_control/share/gazebo_ros2_control/cmake/gazebo_ros2_controlConfig.cmake
[0.806s] -- Up-to-date symlink: /home/hunajpu/dev_tt_ws/install/gazebo_ros2_control/share/gazebo_ros2_control/cmake/gazebo_ros2_controlConfig-version.cmake
[0.806s] -- Up-to-date symlink: /home/hunajpu/dev_tt_ws/install/gazebo_ros2_control/share/gazebo_ros2_control/package.xml
[0.852s] Invoked command in '/home/hunajpu/dev_tt_ws/build/gazebo_ros2_control' returned '0': CMAKE_PREFIX_PATH=${CMAKE_PREFIX_PATH}:/opt/ros/foxy /usr/bin/cmake --install /home/hunajpu/dev_tt_ws/build/gazebo_ros2_control
