[0.178s] Invoking command in '/home/hunajpu/dev_tt_ws/build/ros2_data': CMAKE_PREFIX_PATH=${CMAKE_PREFIX_PATH}:/opt/ros/foxy /usr/bin/cmake --build /home/hunajpu/dev_tt_ws/build/ros2_data -- -j8 -l8
[0.394s] [  1%] Built target ros2-data
[0.436s] [  2%] Built target ros2_data__cpp
[0.449s] [ 13%] Built target ros2_data__rosidl_generator_c
[0.594s] [ 25%] Built target ros2_data__rosidl_typesupport_introspection_cpp
[0.628s] [ 36%] Built target ros2_data__rosidl_typesupport_introspection_c
[0.637s] [ 48%] Built target ros2_data__rosidl_typesupport_cpp
[0.645s] [ 60%] Built target ros2_data__rosidl_typesupport_fastrtps_cpp
[0.747s] [ 72%] Built target ros2_data__rosidl_typesupport_c
[0.834s] [ 83%] Built target ros2_data__rosidl_typesupport_fastrtps_c
[0.855s] [ 83%] Built target ros2_data
[0.902s] [ 84%] Built target ros2_data__py
[0.983s] [ 95%] Built target ros2_data__python
[1.132s] [100%] Built target ros2_data__rosidl_typesupport_fastrtps_c__pyext
[1.132s] [100%] Built target ros2_data__rosidl_typesupport_introspection_c__pyext
[1.133s] [ 96%] Built target ros2_data__rosidl_typesupport_c__pyext
[1.311s] Invoked command in '/home/hunajpu/dev_tt_ws/build/ros2_data' returned '0': CMAKE_PREFIX_PATH=${CMAKE_PREFIX_PATH}:/opt/ros/foxy /usr/bin/cmake --build /home/hunajpu/dev_tt_ws/build/ros2_data -- -j8 -l8
[2.246s] Invoking command in '/home/hunajpu/dev_tt_ws/build/ros2_data': CMAKE_PREFIX_PATH=${CMAKE_PREFIX_PATH}:/opt/ros/foxy /usr/bin/cmake --install /home/hunajpu/dev_tt_ws/build/ros2_data
[2.320s] -- Install configuration: ""
[2.321s] -- Execute custom install script
[2.321s] -- Up-to-date symlink: /home/hunajpu/dev_tt_ws/install/ros2_data/share/ament_index/resource_index/rosidl_interfaces/ros2_data
[2.321s] -- Up-to-date symlink: /home/hunajpu/dev_tt_ws/install/ros2_data/include/ros2_data/action/detail/move_g__functions.h
[2.321s] -- Up-to-date symlink: /home/hunajpu/dev_tt_ws/install/ros2_data/include/ros2_data/action/detail/move_g__struct.h
[2.321s] -- Up-to-date symlink: /home/hunajpu/dev_tt_ws/install/ros2_data/include/ros2_data/action/detail/move_g__type_support.h
[2.322s] -- Up-to-date symlink: /home/hunajpu/dev_tt_ws/install/ros2_data/include/ros2_data/action/detail/move_j__functions.h
[2.322s] -- Up-to-date symlink: /home/hunajpu/dev_tt_ws/install/ros2_data/include/ros2_data/action/detail/move_j__struct.h
[2.322s] -- Up-to-date symlink: /home/hunajpu/dev_tt_ws/install/ros2_data/include/ros2_data/action/detail/move_j__type_support.h
[2.322s] -- Up-to-date symlink: /home/hunajpu/dev_tt_ws/install/ros2_data/include/ros2_data/action/detail/move_jpanda__functions.h
[2.323s] -- Up-to-date symlink: /home/hunajpu/dev_tt_ws/install/ros2_data/include/ros2_data/action/detail/move_jpanda__struct.h
[2.323s] -- Up-to-date symlink: /home/hunajpu/dev_tt_ws/install/ros2_data/include/ros2_data/action/detail/move_jpanda__type_support.h
[2.323s] -- Up-to-date symlink: /home/hunajpu/dev_tt_ws/install/ros2_data/include/ros2_data/action/detail/move_l__functions.h
[2.323s] -- Up-to-date symlink: /home/hunajpu/dev_tt_ws/install/ros2_data/include/ros2_data/action/detail/move_l__struct.h
[2.323s] -- Up-to-date symlink: /home/hunajpu/dev_tt_ws/install/ros2_data/include/ros2_data/action/detail/move_l__type_support.h
[2.324s] -- Up-to-date symlink: /home/hunajpu/dev_tt_ws/install/ros2_data/include/ros2_data/action/detail/move_r__functions.h
[2.324s] -- Up-to-date symlink: /home/hunajpu/dev_tt_ws/install/ros2_data/include/ros2_data/action/detail/move_r__struct.h
[2.324s] -- Up-to-date symlink: /home/hunajpu/dev_tt_ws/install/ros2_data/include/ros2_data/action/detail/move_r__type_support.h
[2.324s] -- Up-to-date symlink: /home/hunajpu/dev_tt_ws/install/ros2_data/include/ros2_data/action/detail/move_xyz__functions.h
[2.325s] -- Up-to-date symlink: /home/hunajpu/dev_tt_ws/install/ros2_data/include/ros2_data/action/detail/move_xyz__struct.h
[2.325s] -- Up-to-date symlink: /home/hunajpu/dev_tt_ws/install/ros2_data/include/ros2_data/action/detail/move_xyz__type_support.h
[2.325s] -- Up-to-date symlink: /home/hunajpu/dev_tt_ws/install/ros2_data/include/ros2_data/action/detail/move_xyzw__functions.h
[2.325s] -- Up-to-date symlink: /home/hunajpu/dev_tt_ws/install/ros2_data/include/ros2_data/action/detail/move_xyzw__struct.h
[2.326s] -- Up-to-date symlink: /home/hunajpu/dev_tt_ws/install/ros2_data/include/ros2_data/action/detail/move_xyzw__type_support.h
[2.326s] -- Up-to-date symlink: /home/hunajpu/dev_tt_ws/install/ros2_data/include/ros2_data/action/detail/move_ypr__functions.h
[2.326s] -- Up-to-date symlink: /home/hunajpu/dev_tt_ws/install/ros2_data/include/ros2_data/action/detail/move_ypr__struct.h
[2.326s] -- Up-to-date symlink: /home/hunajpu/dev_tt_ws/install/ros2_data/include/ros2_data/action/detail/move_ypr__type_support.h
[2.326s] -- Up-to-date symlink: /home/hunajpu/dev_tt_ws/install/ros2_data/include/ros2_data/action/move_g.h
[2.327s] -- Up-to-date symlink: /home/hunajpu/dev_tt_ws/install/ros2_data/include/ros2_data/action/move_j.h
[2.327s] -- Up-to-date symlink: /home/hunajpu/dev_tt_ws/install/ros2_data/include/ros2_data/action/move_jpanda.h
[2.327s] -- Up-to-date symlink: /home/hunajpu/dev_tt_ws/install/ros2_data/include/ros2_data/action/move_l.h
[2.327s] -- Up-to-date symlink: /home/hunajpu/dev_tt_ws/install/ros2_data/include/ros2_data/action/move_r.h
[2.327s] -- Up-to-date symlink: /home/hunajpu/dev_tt_ws/install/ros2_data/include/ros2_data/action/move_xyz.h
[2.328s] -- Up-to-date symlink: /home/hunajpu/dev_tt_ws/install/ros2_data/include/ros2_data/action/move_xyzw.h
[2.330s] -- Up-to-date symlink: /home/hunajpu/dev_tt_ws/install/ros2_data/include/ros2_data/action/move_ypr.h
[2.330s] -- Up-to-date symlink: /home/hunajpu/dev_tt_ws/install/ros2_data/include/ros2_data/msg/detail/joint_pose__functions.h
[2.331s] -- Up-to-date symlink: /home/hunajpu/dev_tt_ws/install/ros2_data/include/ros2_data/msg/detail/joint_pose__struct.h
[2.331s] -- Up-to-date symlink: /home/hunajpu/dev_tt_ws/install/ros2_data/include/ros2_data/msg/detail/joint_pose__type_support.h
[2.332s] -- Up-to-date symlink: /home/hunajpu/dev_tt_ws/install/ros2_data/include/ros2_data/msg/detail/joint_pose_panda__functions.h
[2.337s] -- Up-to-date symlink: /home/hunajpu/dev_tt_ws/install/ros2_data/include/ros2_data/msg/detail/joint_pose_panda__struct.h
[2.338s] -- Up-to-date symlink: /home/hunajpu/dev_tt_ws/install/ros2_data/include/ros2_data/msg/detail/joint_pose_panda__type_support.h
[2.338s] -- Up-to-date symlink: /home/hunajpu/dev_tt_ws/install/ros2_data/include/ros2_data/msg/joint_pose.h
[2.338s] -- Up-to-date symlink: /home/hunajpu/dev_tt_ws/install/ros2_data/include/ros2_data/msg/joint_pose_panda.h
[2.339s] -- Up-to-date symlink: /home/hunajpu/dev_tt_ws/install/ros2_data/include/ros2_data/msg/rosidl_generator_c__visibility_control.h
[2.340s] -- Up-to-date symlink: /home/hunajpu/dev_tt_ws/install/ros2_data/include/ros2_data/srv/detail/gripper_pose__functions.h
[2.340s] -- Up-to-date symlink: /home/hunajpu/dev_tt_ws/install/ros2_data/include/ros2_data/srv/detail/gripper_pose__struct.h
[2.341s] -- Up-to-date symlink: /home/hunajpu/dev_tt_ws/install/ros2_data/include/ros2_data/srv/detail/gripper_pose__type_support.h
[2.341s] -- Up-to-date symlink: /home/hunajpu/dev_tt_ws/install/ros2_data/include/ros2_data/srv/detail/joint_pose__functions.h
[2.342s] -- Up-to-date symlink: /home/hunajpu/dev_tt_ws/install/ros2_data/include/ros2_data/srv/detail/joint_pose__struct.h
[2.342s] -- Up-to-date symlink: /home/hunajpu/dev_tt_ws/install/ros2_data/include/ros2_data/srv/detail/joint_pose__type_support.h
[2.347s] -- Up-to-date symlink: /home/hunajpu/dev_tt_ws/install/ros2_data/include/ros2_data/srv/gripper_pose.h
[2.348s] -- Up-to-date symlink: /home/hunajpu/dev_tt_ws/install/ros2_data/include/ros2_data/srv/joint_pose.h
[2.354s] -- Up-to-date symlink: /home/hunajpu/dev_tt_ws/install/ros2_data/share/ros2_data/environment/library_path.sh
[2.360s] -- Up-to-date symlink: /home/hunajpu/dev_tt_ws/install/ros2_data/share/ros2_data/environment/library_path.dsv
[2.365s] -- Up-to-date symlink: /home/hunajpu/dev_tt_ws/install/ros2_data/include/ros2_data/action/detail/move_g__rosidl_typesupport_fastrtps_c.h
[2.365s] -- Up-to-date symlink: /home/hunajpu/dev_tt_ws/install/ros2_data/include/ros2_data/action/detail/move_j__rosidl_typesupport_fastrtps_c.h
[2.365s] -- Up-to-date symlink: /home/hunajpu/dev_tt_ws/install/ros2_data/include/ros2_data/action/detail/move_jpanda__rosidl_typesupport_fastrtps_c.h
[2.366s] -- Up-to-date symlink: /home/hunajpu/dev_tt_ws/install/ros2_data/include/ros2_data/action/detail/move_l__rosidl_typesupport_fastrtps_c.h
[2.367s] -- Up-to-date symlink: /home/hunajpu/dev_tt_ws/install/ros2_data/include/ros2_data/action/detail/move_r__rosidl_typesupport_fastrtps_c.h
[2.367s] -- Up-to-date symlink: /home/hunajpu/dev_tt_ws/install/ros2_data/include/ros2_data/action/detail/move_xyz__rosidl_typesupport_fastrtps_c.h
[2.367s] -- Up-to-date symlink: /home/hunajpu/dev_tt_ws/install/ros2_data/include/ros2_data/action/detail/move_xyzw__rosidl_typesupport_fastrtps_c.h
[2.367s] -- Up-to-date symlink: /home/hunajpu/dev_tt_ws/install/ros2_data/include/ros2_data/action/detail/move_ypr__rosidl_typesupport_fastrtps_c.h
[2.368s] -- Up-to-date symlink: /home/hunajpu/dev_tt_ws/install/ros2_data/include/ros2_data/msg/detail/joint_pose__rosidl_typesupport_fastrtps_c.h
[2.368s] -- Up-to-date symlink: /home/hunajpu/dev_tt_ws/install/ros2_data/include/ros2_data/msg/detail/joint_pose_panda__rosidl_typesupport_fastrtps_c.h
[2.368s] -- Up-to-date symlink: /home/hunajpu/dev_tt_ws/install/ros2_data/include/ros2_data/msg/rosidl_typesupport_fastrtps_c__visibility_control.h
[2.368s] -- Up-to-date symlink: /home/hunajpu/dev_tt_ws/install/ros2_data/include/ros2_data/srv/detail/gripper_pose__rosidl_typesupport_fastrtps_c.h
[2.369s] -- Up-to-date symlink: /home/hunajpu/dev_tt_ws/install/ros2_data/include/ros2_data/srv/detail/joint_pose__rosidl_typesupport_fastrtps_c.h
[2.369s] -- Up-to-date symlink: /home/hunajpu/dev_tt_ws/install/ros2_data/lib/libros2_data__rosidl_typesupport_fastrtps_c.so
[2.369s] -- Up-to-date symlink: /home/hunajpu/dev_tt_ws/install/ros2_data/include/ros2_data/action/detail/move_g__rosidl_typesupport_fastrtps_cpp.hpp
[2.370s] -- Up-to-date symlink: /home/hunajpu/dev_tt_ws/install/ros2_data/include/ros2_data/action/detail/move_j__rosidl_typesupport_fastrtps_cpp.hpp
[2.370s] -- Up-to-date symlink: /home/hunajpu/dev_tt_ws/install/ros2_data/include/ros2_data/action/detail/move_jpanda__rosidl_typesupport_fastrtps_cpp.hpp
[2.370s] -- Up-to-date symlink: /home/hunajpu/dev_tt_ws/install/ros2_data/include/ros2_data/action/detail/move_l__rosidl_typesupport_fastrtps_cpp.hpp
[2.370s] -- Up-to-date symlink: /home/hunajpu/dev_tt_ws/install/ros2_data/include/ros2_data/action/detail/move_r__rosidl_typesupport_fastrtps_cpp.hpp
[2.370s] -- Up-to-date symlink: /home/hunajpu/dev_tt_ws/install/ros2_data/include/ros2_data/action/detail/move_xyz__rosidl_typesupport_fastrtps_cpp.hpp
[2.371s] -- Up-to-date symlink: /home/hunajpu/dev_tt_ws/install/ros2_data/include/ros2_data/action/detail/move_xyzw__rosidl_typesupport_fastrtps_cpp.hpp
[2.371s] -- Up-to-date symlink: /home/hunajpu/dev_tt_ws/install/ros2_data/include/ros2_data/action/detail/move_ypr__rosidl_typesupport_fastrtps_cpp.hpp
[2.371s] -- Up-to-date symlink: /home/hunajpu/dev_tt_ws/install/ros2_data/include/ros2_data/msg/detail/joint_pose__rosidl_typesupport_fastrtps_cpp.hpp
[2.371s] -- Up-to-date symlink: /home/hunajpu/dev_tt_ws/install/ros2_data/include/ros2_data/msg/detail/joint_pose_panda__rosidl_typesupport_fastrtps_cpp.hpp
[2.372s] -- Up-to-date symlink: /home/hunajpu/dev_tt_ws/install/ros2_data/include/ros2_data/msg/rosidl_typesupport_fastrtps_cpp__visibility_control.h
[2.372s] -- Up-to-date symlink: /home/hunajpu/dev_tt_ws/install/ros2_data/include/ros2_data/srv/detail/gripper_pose__rosidl_typesupport_fastrtps_cpp.hpp
[2.372s] -- Up-to-date symlink: /home/hunajpu/dev_tt_ws/install/ros2_data/include/ros2_data/srv/detail/joint_pose__rosidl_typesupport_fastrtps_cpp.hpp
[2.372s] -- Up-to-date symlink: /home/hunajpu/dev_tt_ws/install/ros2_data/lib/libros2_data__rosidl_typesupport_fastrtps_cpp.so
[2.373s] -- Up-to-date symlink: /home/hunajpu/dev_tt_ws/install/ros2_data/include/ros2_data/action/detail/move_g__rosidl_typesupport_introspection_c.h
[2.373s] -- Up-to-date symlink: /home/hunajpu/dev_tt_ws/install/ros2_data/include/ros2_data/action/detail/move_j__rosidl_typesupport_introspection_c.h
[2.373s] -- Up-to-date symlink: /home/hunajpu/dev_tt_ws/install/ros2_data/include/ros2_data/action/detail/move_jpanda__rosidl_typesupport_introspection_c.h
[2.373s] -- Up-to-date symlink: /home/hunajpu/dev_tt_ws/install/ros2_data/include/ros2_data/action/detail/move_l__rosidl_typesupport_introspection_c.h
[2.376s] -- Up-to-date symlink: /home/hunajpu/dev_tt_ws/install/ros2_data/include/ros2_data/action/detail/move_r__rosidl_typesupport_introspection_c.h
[2.376s] -- Up-to-date symlink: /home/hunajpu/dev_tt_ws/install/ros2_data/include/ros2_data/action/detail/move_xyz__rosidl_typesupport_introspection_c.h
[2.377s] -- Up-to-date symlink: /home/hunajpu/dev_tt_ws/install/ros2_data/include/ros2_data/action/detail/move_xyzw__rosidl_typesupport_introspection_c.h
[2.377s] -- Up-to-date symlink: /home/hunajpu/dev_tt_ws/install/ros2_data/include/ros2_data/action/detail/move_ypr__rosidl_typesupport_introspection_c.h
[2.377s] -- Up-to-date symlink: /home/hunajpu/dev_tt_ws/install/ros2_data/include/ros2_data/msg/detail/joint_pose__rosidl_typesupport_introspection_c.h
[2.378s] -- Up-to-date symlink: /home/hunajpu/dev_tt_ws/install/ros2_data/include/ros2_data/msg/detail/joint_pose_panda__rosidl_typesupport_introspection_c.h
[2.378s] -- Up-to-date symlink: /home/hunajpu/dev_tt_ws/install/ros2_data/include/ros2_data/msg/rosidl_typesupport_introspection_c__visibility_control.h
[2.379s] -- Up-to-date symlink: /home/hunajpu/dev_tt_ws/install/ros2_data/include/ros2_data/srv/detail/gripper_pose__rosidl_typesupport_introspection_c.h
[2.379s] -- Up-to-date symlink: /home/hunajpu/dev_tt_ws/install/ros2_data/include/ros2_data/srv/detail/joint_pose__rosidl_typesupport_introspection_c.h
[2.379s] -- Up-to-date symlink: /home/hunajpu/dev_tt_ws/install/ros2_data/include/ros2_data/action/detail/move_g__builder.hpp
[2.380s] -- Up-to-date symlink: /home/hunajpu/dev_tt_ws/install/ros2_data/include/ros2_data/action/detail/move_g__struct.hpp
[2.380s] -- Up-to-date symlink: /home/hunajpu/dev_tt_ws/install/ros2_data/include/ros2_data/action/detail/move_g__traits.hpp
[2.380s] -- Up-to-date symlink: /home/hunajpu/dev_tt_ws/install/ros2_data/include/ros2_data/action/detail/move_j__builder.hpp
[2.381s] -- Up-to-date symlink: /home/hunajpu/dev_tt_ws/install/ros2_data/include/ros2_data/action/detail/move_j__struct.hpp
[2.381s] -- Up-to-date symlink: /home/hunajpu/dev_tt_ws/install/ros2_data/include/ros2_data/action/detail/move_j__traits.hpp
[2.382s] -- Up-to-date symlink: /home/hunajpu/dev_tt_ws/install/ros2_data/include/ros2_data/action/detail/move_jpanda__builder.hpp
[2.382s] -- Up-to-date symlink: /home/hunajpu/dev_tt_ws/install/ros2_data/include/ros2_data/action/detail/move_jpanda__struct.hpp
[2.382s] -- Up-to-date symlink: /home/hunajpu/dev_tt_ws/install/ros2_data/include/ros2_data/action/detail/move_jpanda__traits.hpp
[2.383s] -- Up-to-date symlink: /home/hunajpu/dev_tt_ws/install/ros2_data/include/ros2_data/action/detail/move_l__builder.hpp
[2.383s] -- Up-to-date symlink: /home/hunajpu/dev_tt_ws/install/ros2_data/include/ros2_data/action/detail/move_l__struct.hpp
[2.383s] -- Up-to-date symlink: /home/hunajpu/dev_tt_ws/install/ros2_data/include/ros2_data/action/detail/move_l__traits.hpp
[2.384s] -- Up-to-date symlink: /home/hunajpu/dev_tt_ws/install/ros2_data/include/ros2_data/action/detail/move_r__builder.hpp
[2.384s] -- Up-to-date symlink: /home/hunajpu/dev_tt_ws/install/ros2_data/include/ros2_data/action/detail/move_r__struct.hpp
[2.385s] -- Up-to-date symlink: /home/hunajpu/dev_tt_ws/install/ros2_data/include/ros2_data/action/detail/move_r__traits.hpp
[2.385s] -- Up-to-date symlink: /home/hunajpu/dev_tt_ws/install/ros2_data/include/ros2_data/action/detail/move_xyz__builder.hpp
[2.385s] -- Up-to-date symlink: /home/hunajpu/dev_tt_ws/install/ros2_data/include/ros2_data/action/detail/move_xyz__struct.hpp
[2.386s] -- Up-to-date symlink: /home/hunajpu/dev_tt_ws/install/ros2_data/include/ros2_data/action/detail/move_xyz__traits.hpp
[2.386s] -- Up-to-date symlink: /home/hunajpu/dev_tt_ws/install/ros2_data/include/ros2_data/action/detail/move_xyzw__builder.hpp
[2.387s] -- Up-to-date symlink: /home/hunajpu/dev_tt_ws/install/ros2_data/include/ros2_data/action/detail/move_xyzw__struct.hpp
[2.387s] -- Up-to-date symlink: /home/hunajpu/dev_tt_ws/install/ros2_data/include/ros2_data/action/detail/move_xyzw__traits.hpp
[2.387s] -- Up-to-date symlink: /home/hunajpu/dev_tt_ws/install/ros2_data/include/ros2_data/action/detail/move_ypr__builder.hpp
[2.388s] -- Up-to-date symlink: /home/hunajpu/dev_tt_ws/install/ros2_data/include/ros2_data/action/detail/move_ypr__struct.hpp
[2.388s] -- Up-to-date symlink: /home/hunajpu/dev_tt_ws/install/ros2_data/include/ros2_data/action/detail/move_ypr__traits.hpp
[2.388s] -- Up-to-date symlink: /home/hunajpu/dev_tt_ws/install/ros2_data/include/ros2_data/action/move_g.hpp
[2.388s] -- Up-to-date symlink: /home/hunajpu/dev_tt_ws/install/ros2_data/include/ros2_data/action/move_j.hpp
[2.390s] -- Up-to-date symlink: /home/hunajpu/dev_tt_ws/install/ros2_data/include/ros2_data/action/move_jpanda.hpp
[2.390s] -- Up-to-date symlink: /home/hunajpu/dev_tt_ws/install/ros2_data/include/ros2_data/action/move_l.hpp
[2.391s] -- Up-to-date symlink: /home/hunajpu/dev_tt_ws/install/ros2_data/include/ros2_data/action/move_r.hpp
[2.391s] -- Up-to-date symlink: /home/hunajpu/dev_tt_ws/install/ros2_data/include/ros2_data/action/move_xyz.hpp
[2.392s] -- Up-to-date symlink: /home/hunajpu/dev_tt_ws/install/ros2_data/include/ros2_data/action/move_xyzw.hpp
[2.392s] -- Up-to-date symlink: /home/hunajpu/dev_tt_ws/install/ros2_data/include/ros2_data/action/move_ypr.hpp
[2.394s] -- Up-to-date symlink: /home/hunajpu/dev_tt_ws/install/ros2_data/include/ros2_data/msg/detail/joint_pose__builder.hpp
[2.395s] -- Up-to-date symlink: /home/hunajpu/dev_tt_ws/install/ros2_data/include/ros2_data/msg/detail/joint_pose__struct.hpp
[2.395s] -- Up-to-date symlink: /home/hunajpu/dev_tt_ws/install/ros2_data/include/ros2_data/msg/detail/joint_pose__traits.hpp
[2.395s] -- Up-to-date symlink: /home/hunajpu/dev_tt_ws/install/ros2_data/include/ros2_data/msg/detail/joint_pose_panda__builder.hpp
[2.396s] -- Up-to-date symlink: /home/hunajpu/dev_tt_ws/install/ros2_data/include/ros2_data/msg/detail/joint_pose_panda__struct.hpp
[2.396s] -- Up-to-date symlink: /home/hunajpu/dev_tt_ws/install/ros2_data/include/ros2_data/msg/detail/joint_pose_panda__traits.hpp
[2.397s] -- Up-to-date symlink: /home/hunajpu/dev_tt_ws/install/ros2_data/include/ros2_data/msg/joint_pose.hpp
[2.397s] -- Up-to-date symlink: /home/hunajpu/dev_tt_ws/install/ros2_data/include/ros2_data/msg/joint_pose_panda.hpp
[2.397s] -- Up-to-date symlink: /home/hunajpu/dev_tt_ws/install/ros2_data/include/ros2_data/srv/detail/gripper_pose__builder.hpp
[2.398s] -- Up-to-date symlink: /home/hunajpu/dev_tt_ws/install/ros2_data/include/ros2_data/srv/detail/gripper_pose__struct.hpp
[2.398s] -- Up-to-date symlink: /home/hunajpu/dev_tt_ws/install/ros2_data/include/ros2_data/srv/detail/gripper_pose__traits.hpp
[2.399s] -- Up-to-date symlink: /home/hunajpu/dev_tt_ws/install/ros2_data/include/ros2_data/srv/detail/joint_pose__builder.hpp
[2.399s] -- Up-to-date symlink: /home/hunajpu/dev_tt_ws/install/ros2_data/include/ros2_data/srv/detail/joint_pose__struct.hpp
[2.400s] -- Up-to-date symlink: /home/hunajpu/dev_tt_ws/install/ros2_data/include/ros2_data/srv/detail/joint_pose__traits.hpp
[2.401s] -- Up-to-date symlink: /home/hunajpu/dev_tt_ws/install/ros2_data/include/ros2_data/srv/gripper_pose.hpp
[2.401s] -- Up-to-date symlink: /home/hunajpu/dev_tt_ws/install/ros2_data/include/ros2_data/srv/joint_pose.hpp
[2.402s] -- Up-to-date symlink: /home/hunajpu/dev_tt_ws/install/ros2_data/include/ros2_data/action/detail/move_g__rosidl_typesupport_introspection_cpp.hpp
[2.402s] -- Up-to-date symlink: /home/hunajpu/dev_tt_ws/install/ros2_data/include/ros2_data/action/detail/move_j__rosidl_typesupport_introspection_cpp.hpp
[2.405s] -- Up-to-date symlink: /home/hunajpu/dev_tt_ws/install/ros2_data/include/ros2_data/action/detail/move_jpanda__rosidl_typesupport_introspection_cpp.hpp
[2.405s] -- Up-to-date symlink: /home/hunajpu/dev_tt_ws/install/ros2_data/include/ros2_data/action/detail/move_l__rosidl_typesupport_introspection_cpp.hpp
[2.406s] -- Up-to-date symlink: /home/hunajpu/dev_tt_ws/install/ros2_data/include/ros2_data/action/detail/move_r__rosidl_typesupport_introspection_cpp.hpp
[2.406s] -- Up-to-date symlink: /home/hunajpu/dev_tt_ws/install/ros2_data/include/ros2_data/action/detail/move_xyz__rosidl_typesupport_introspection_cpp.hpp
[2.406s] -- Up-to-date symlink: /home/hunajpu/dev_tt_ws/install/ros2_data/include/ros2_data/action/detail/move_xyzw__rosidl_typesupport_introspection_cpp.hpp
[2.407s] -- Up-to-date symlink: /home/hunajpu/dev_tt_ws/install/ros2_data/include/ros2_data/action/detail/move_ypr__rosidl_typesupport_introspection_cpp.hpp
[2.407s] -- Up-to-date symlink: /home/hunajpu/dev_tt_ws/install/ros2_data/include/ros2_data/msg/detail/joint_pose__rosidl_typesupport_introspection_cpp.hpp
[2.408s] -- Up-to-date symlink: /home/hunajpu/dev_tt_ws/install/ros2_data/include/ros2_data/msg/detail/joint_pose_panda__rosidl_typesupport_introspection_cpp.hpp
[2.410s] -- Up-to-date symlink: /home/hunajpu/dev_tt_ws/install/ros2_data/include/ros2_data/srv/detail/gripper_pose__rosidl_typesupport_introspection_cpp.hpp
[2.411s] -- Up-to-date symlink: /home/hunajpu/dev_tt_ws/install/ros2_data/include/ros2_data/srv/detail/joint_pose__rosidl_typesupport_introspection_cpp.hpp
[2.411s] -- Up-to-date symlink: /home/hunajpu/dev_tt_ws/install/ros2_data/share/ros2_data/environment/pythonpath.sh
[2.411s] -- Up-to-date symlink: /home/hunajpu/dev_tt_ws/install/ros2_data/share/ros2_data/environment/pythonpath.dsv
[2.411s] -- Up-to-date symlink: /home/hunajpu/dev_tt_ws/install/ros2_data/lib/python3.8/site-packages/ros2_data/__init__.py
[2.412s] -- Up-to-date symlink: /home/hunajpu/dev_tt_ws/install/ros2_data/lib/python3.8/site-packages/ros2_data/msg/__init__.py
[2.413s] -- Up-to-date symlink: /home/hunajpu/dev_tt_ws/install/ros2_data/lib/python3.8/site-packages/ros2_data/msg/_joint_pose.py
[2.413s] -- Up-to-date symlink: /home/hunajpu/dev_tt_ws/install/ros2_data/lib/python3.8/site-packages/ros2_data/msg/_joint_pose_panda.py
[2.413s] -- Up-to-date symlink: /home/hunajpu/dev_tt_ws/install/ros2_data/lib/python3.8/site-packages/ros2_data/srv/__init__.py
[2.413s] -- Up-to-date symlink: /home/hunajpu/dev_tt_ws/install/ros2_data/lib/python3.8/site-packages/ros2_data/srv/_gripper_pose.py
[2.414s] -- Up-to-date symlink: /home/hunajpu/dev_tt_ws/install/ros2_data/lib/python3.8/site-packages/ros2_data/srv/_joint_pose.py
[2.416s] -- Up-to-date symlink: /home/hunajpu/dev_tt_ws/install/ros2_data/lib/python3.8/site-packages/ros2_data/action/__init__.py
[2.416s] -- Up-to-date symlink: /home/hunajpu/dev_tt_ws/install/ros2_data/lib/python3.8/site-packages/ros2_data/action/_move_g.py
[2.417s] -- Up-to-date symlink: /home/hunajpu/dev_tt_ws/install/ros2_data/lib/python3.8/site-packages/ros2_data/action/_move_j.py
[2.419s] -- Up-to-date symlink: /home/hunajpu/dev_tt_ws/install/ros2_data/lib/python3.8/site-packages/ros2_data/action/_move_jpanda.py
[2.420s] -- Up-to-date symlink: /home/hunajpu/dev_tt_ws/install/ros2_data/lib/python3.8/site-packages/ros2_data/action/_move_l.py
[2.420s] -- Up-to-date symlink: /home/hunajpu/dev_tt_ws/install/ros2_data/lib/python3.8/site-packages/ros2_data/action/_move_r.py
[2.420s] -- Up-to-date symlink: /home/hunajpu/dev_tt_ws/install/ros2_data/lib/python3.8/site-packages/ros2_data/action/_move_xyz.py
[2.420s] -- Up-to-date symlink: /home/hunajpu/dev_tt_ws/install/ros2_data/lib/python3.8/site-packages/ros2_data/action/_move_xyzw.py
[2.420s] -- Up-to-date symlink: /home/hunajpu/dev_tt_ws/install/ros2_data/lib/python3.8/site-packages/ros2_data/action/_move_ypr.py
[2.421s] -- Up-to-date symlink: /home/hunajpu/dev_tt_ws/install/ros2_data/lib/python3.8/site-packages/ros2_data/ros2_data_s__rosidl_typesupport_fastrtps_c.cpython-38-x86_64-linux-gnu.so
[2.421s] -- Up-to-date symlink: /home/hunajpu/dev_tt_ws/install/ros2_data/lib/python3.8/site-packages/ros2_data/ros2_data_s__rosidl_typesupport_introspection_c.cpython-38-x86_64-linux-gnu.so
[2.421s] -- Up-to-date symlink: /home/hunajpu/dev_tt_ws/install/ros2_data/lib/python3.8/site-packages/ros2_data/ros2_data_s__rosidl_typesupport_c.cpython-38-x86_64-linux-gnu.so
[2.421s] -- Up-to-date symlink: /home/hunajpu/dev_tt_ws/install/ros2_data/lib/libros2_data__python.so
[2.421s] -- Up-to-date symlink: /home/hunajpu/dev_tt_ws/install/ros2_data/share/ros2_data/msg/JointPose.idl
[2.422s] -- Up-to-date symlink: /home/hunajpu/dev_tt_ws/install/ros2_data/share/ros2_data/msg/JointPosePanda.idl
[2.422s] -- Up-to-date symlink: /home/hunajpu/dev_tt_ws/install/ros2_data/share/ros2_data/srv/JointPose.idl
[2.422s] -- Up-to-date symlink: /home/hunajpu/dev_tt_ws/install/ros2_data/share/ros2_data/srv/GripperPose.idl
[2.422s] -- Up-to-date symlink: /home/hunajpu/dev_tt_ws/install/ros2_data/share/ros2_data/action/MoveJ.idl
[2.422s] -- Up-to-date symlink: /home/hunajpu/dev_tt_ws/install/ros2_data/share/ros2_data/action/MoveJpanda.idl
[2.423s] -- Up-to-date symlink: /home/hunajpu/dev_tt_ws/install/ros2_data/share/ros2_data/action/MoveG.idl
[2.423s] -- Up-to-date symlink: /home/hunajpu/dev_tt_ws/install/ros2_data/share/ros2_data/action/MoveXYZW.idl
[2.423s] -- Up-to-date symlink: /home/hunajpu/dev_tt_ws/install/ros2_data/share/ros2_data/action/MoveL.idl
[2.423s] -- Up-to-date symlink: /home/hunajpu/dev_tt_ws/install/ros2_data/share/ros2_data/action/MoveR.idl
[2.423s] -- Up-to-date symlink: /home/hunajpu/dev_tt_ws/install/ros2_data/share/ros2_data/action/MoveXYZ.idl
[2.423s] -- Up-to-date symlink: /home/hunajpu/dev_tt_ws/install/ros2_data/share/ros2_data/action/MoveYPR.idl
[2.424s] -- Up-to-date symlink: /home/hunajpu/dev_tt_ws/install/ros2_data/share/ros2_data/msg/JointPose.msg
[2.424s] -- Up-to-date symlink: /home/hunajpu/dev_tt_ws/install/ros2_data/share/ros2_data/msg/JointPosePanda.msg
[2.424s] -- Up-to-date symlink: /home/hunajpu/dev_tt_ws/install/ros2_data/share/ros2_data/srv/JointPose.srv
[2.424s] -- Up-to-date symlink: /home/hunajpu/dev_tt_ws/install/ros2_data/share/ros2_data/srv/JointPose_Request.msg
[2.424s] -- Up-to-date symlink: /home/hunajpu/dev_tt_ws/install/ros2_data/share/ros2_data/srv/JointPose_Response.msg
[2.425s] -- Up-to-date symlink: /home/hunajpu/dev_tt_ws/install/ros2_data/share/ros2_data/srv/GripperPose.srv
[2.425s] -- Up-to-date symlink: /home/hunajpu/dev_tt_ws/install/ros2_data/share/ros2_data/srv/GripperPose_Request.msg
[2.425s] -- Up-to-date symlink: /home/hunajpu/dev_tt_ws/install/ros2_data/share/ros2_data/srv/GripperPose_Response.msg
[2.425s] -- Up-to-date symlink: /home/hunajpu/dev_tt_ws/install/ros2_data/share/ros2_data/action/MoveJ.action
[2.425s] -- Up-to-date symlink: /home/hunajpu/dev_tt_ws/install/ros2_data/share/ros2_data/action/MoveJpanda.action
[2.425s] -- Up-to-date symlink: /home/hunajpu/dev_tt_ws/install/ros2_data/share/ros2_data/action/MoveG.action
[2.426s] -- Up-to-date symlink: /home/hunajpu/dev_tt_ws/install/ros2_data/share/ros2_data/action/MoveXYZW.action
[2.426s] -- Up-to-date symlink: /home/hunajpu/dev_tt_ws/install/ros2_data/share/ros2_data/action/MoveL.action
[2.426s] -- Up-to-date symlink: /home/hunajpu/dev_tt_ws/install/ros2_data/share/ros2_data/action/MoveR.action
[2.426s] -- Up-to-date symlink: /home/hunajpu/dev_tt_ws/install/ros2_data/share/ros2_data/action/MoveXYZ.action
[2.426s] -- Up-to-date symlink: /home/hunajpu/dev_tt_ws/install/ros2_data/share/ros2_data/action/MoveYPR.action
[2.426s] -- Up-to-date symlink: /home/hunajpu/dev_tt_ws/install/ros2_data/lib/ros2_data/ros2-data
[2.426s] -- Up-to-date symlink: /home/hunajpu/dev_tt_ws/install/ros2_data/share/ros2_data//launch/ros2_data.launch.py
[2.427s] -- Up-to-date symlink: /home/hunajpu/dev_tt_ws/install/ros2_data/share/ament_index/resource_index/package_run_dependencies/ros2_data
[2.427s] -- Up-to-date symlink: /home/hunajpu/dev_tt_ws/install/ros2_data/share/ament_index/resource_index/parent_prefix_path/ros2_data
[2.427s] -- Up-to-date symlink: /home/hunajpu/dev_tt_ws/install/ros2_data/share/ros2_data/environment/ament_prefix_path.sh
[2.427s] -- Up-to-date symlink: /home/hunajpu/dev_tt_ws/install/ros2_data/share/ros2_data/environment/ament_prefix_path.dsv
[2.427s] -- Up-to-date symlink: /home/hunajpu/dev_tt_ws/install/ros2_data/share/ros2_data/environment/path.sh
[2.427s] -- Up-to-date symlink: /home/hunajpu/dev_tt_ws/install/ros2_data/share/ros2_data/environment/path.dsv
[2.427s] -- Up-to-date symlink: /home/hunajpu/dev_tt_ws/install/ros2_data/share/ros2_data/local_setup.bash
[2.428s] -- Up-to-date symlink: /home/hunajpu/dev_tt_ws/install/ros2_data/share/ros2_data/local_setup.sh
[2.430s] -- Up-to-date symlink: /home/hunajpu/dev_tt_ws/install/ros2_data/share/ros2_data/local_setup.zsh
[2.433s] -- Up-to-date symlink: /home/hunajpu/dev_tt_ws/install/ros2_data/share/ros2_data/local_setup.dsv
[2.434s] -- Symlinking: /home/hunajpu/dev_tt_ws/install/ros2_data/share/ros2_data/package.dsv
[2.434s] -- Up-to-date symlink: /home/hunajpu/dev_tt_ws/install/ros2_data/share/ament_index/resource_index/packages/ros2_data
[2.434s] -- Up-to-date symlink: /home/hunajpu/dev_tt_ws/install/ros2_data/share/ros2_data/cmake/rosidl_cmake-extras.cmake
[2.434s] -- Up-to-date symlink: /home/hunajpu/dev_tt_ws/install/ros2_data/share/ros2_data/cmake/ament_cmake_export_dependencies-extras.cmake
[2.435s] -- Up-to-date symlink: /home/hunajpu/dev_tt_ws/install/ros2_data/share/ros2_data/cmake/ament_cmake_export_libraries-extras.cmake
[2.435s] -- Up-to-date symlink: /home/hunajpu/dev_tt_ws/install/ros2_data/share/ros2_data/cmake/ament_cmake_export_targets-extras.cmake
[2.435s] -- Up-to-date symlink: /home/hunajpu/dev_tt_ws/install/ros2_data/share/ros2_data/cmake/ament_cmake_export_include_directories-extras.cmake
[2.435s] -- Up-to-date symlink: /home/hunajpu/dev_tt_ws/install/ros2_data/share/ros2_data/cmake/rosidl_cmake_export_typesupport_libraries-extras.cmake
[2.436s] -- Up-to-date symlink: /home/hunajpu/dev_tt_ws/install/ros2_data/share/ros2_data/cmake/rosidl_cmake_export_typesupport_targets-extras.cmake
[2.436s] -- Up-to-date symlink: /home/hunajpu/dev_tt_ws/install/ros2_data/share/ros2_data/cmake/ros2_dataConfig.cmake
[2.437s] -- Up-to-date symlink: /home/hunajpu/dev_tt_ws/install/ros2_data/share/ros2_data/cmake/ros2_dataConfig-version.cmake
[2.438s] -- Up-to-date symlink: /home/hunajpu/dev_tt_ws/install/ros2_data/share/ros2_data/package.xml
[2.439s] -- Up-to-date: /home/hunajpu/dev_tt_ws/install/ros2_data/lib/libros2_data__rosidl_generator_c.so
[2.440s] -- Up-to-date: /home/hunajpu/dev_tt_ws/install/ros2_data/lib/libros2_data__rosidl_typesupport_introspection_c.so
[2.440s] -- Up-to-date: /home/hunajpu/dev_tt_ws/install/ros2_data/lib/libros2_data__rosidl_typesupport_c.so
[2.440s] -- Up-to-date: /home/hunajpu/dev_tt_ws/install/ros2_data/lib/libros2_data__rosidl_typesupport_introspection_cpp.so
[2.440s] -- Up-to-date: /home/hunajpu/dev_tt_ws/install/ros2_data/lib/libros2_data__rosidl_typesupport_cpp.so
[2.505s] -- Up-to-date: /home/hunajpu/dev_tt_ws/install/ros2_data/share/ros2_data/cmake/ros2_data__rosidl_generator_cExport.cmake
[2.505s] -- Up-to-date: /home/hunajpu/dev_tt_ws/install/ros2_data/share/ros2_data/cmake/ros2_data__rosidl_generator_cExport-noconfig.cmake
[2.506s] -- Up-to-date: /home/hunajpu/dev_tt_ws/install/ros2_data/share/ros2_data/cmake/ros2_data__rosidl_typesupport_introspection_cExport.cmake
[2.507s] -- Up-to-date: /home/hunajpu/dev_tt_ws/install/ros2_data/share/ros2_data/cmake/ros2_data__rosidl_typesupport_introspection_cExport-noconfig.cmake
[2.507s] -- Up-to-date: /home/hunajpu/dev_tt_ws/install/ros2_data/share/ros2_data/cmake/ros2_data__rosidl_typesupport_cExport.cmake
[2.508s] -- Up-to-date: /home/hunajpu/dev_tt_ws/install/ros2_data/share/ros2_data/cmake/ros2_data__rosidl_typesupport_cExport-noconfig.cmake
[2.508s] -- Up-to-date: /home/hunajpu/dev_tt_ws/install/ros2_data/share/ros2_data/cmake/ros2_data__rosidl_generator_cppExport.cmake
[2.508s] -- Up-to-date: /home/hunajpu/dev_tt_ws/install/ros2_data/share/ros2_data/cmake/ros2_data__rosidl_typesupport_introspection_cppExport.cmake
[2.508s] -- Up-to-date: /home/hunajpu/dev_tt_ws/install/ros2_data/share/ros2_data/cmake/ros2_data__rosidl_typesupport_introspection_cppExport-noconfig.cmake
[2.509s] -- Up-to-date: /home/hunajpu/dev_tt_ws/install/ros2_data/share/ros2_data/cmake/ros2_data__rosidl_typesupport_cppExport.cmake
[2.509s] -- Up-to-date: /home/hunajpu/dev_tt_ws/install/ros2_data/share/ros2_data/cmake/ros2_data__rosidl_typesupport_cppExport-noconfig.cmake
[2.533s] Invoked command in '/home/hunajpu/dev_tt_ws/build/ros2_data' returned '0': CMAKE_PREFIX_PATH=${CMAKE_PREFIX_PATH}:/opt/ros/foxy /usr/bin/cmake --install /home/hunajpu/dev_tt_ws/build/ros2_data
