[0.165s] Invoking command in '/home/hunajpu/dev_tt_ws/build/ur3_ros2_moveit2': CMAKE_PREFIX_PATH=/home/hunajpu/dev_tt_ws/install/ros2_data:/home/hunajpu/dev_tt_ws/install/ur5_ros2_moveit2:/home/hunajpu/dev_tt_ws/install/ur5_ros2_gazebo:/home/hunajpu/dev_tt_ws/install/ur3_ros2_moveit2:/home/hunajpu/dev_tt_ws/install/ur3_ros2_gazebo:/home/hunajpu/dev_tt_ws/install/ur10_ros2_moveit2:/home/hunajpu/dev_tt_ws/install/ur10_ros2_gazebo:/home/hunajpu/dev_tt_ws/install/rrbot_moveit_config:/home/hunajpu/dev_tt_ws/install/rrbot_gazebo:/home/hunajpu/dev_tt_ws/install/rrbot_description:/home/hunajpu/dev_tt_ws/install/rosbridge_test_msgs:/home/hunajpu/dev_tt_ws/install/rosbridge_suite:/home/hunajpu/dev_tt_ws/install/rosbridge_server:/home/hunajpu/dev_tt_ws/install/rosbridge_msgs:/home/hunajpu/dev_tt_ws/install/rosapi:/home/hunajpu/dev_tt_ws/install/rosbridge_library:/home/hunajpu/dev_tt_ws/install/rosapi_msgs:/home/hunajpu/dev_tt_ws/install/panda_ros2_moveit2:/home/hunajpu/dev_tt_ws/install/irb6640_ros2_moveit2:/home/hunajpu/dev_tt_ws/install/irb120egp64_ros2_moveit2:/home/hunajpu/dev_tt_ws/install/irb120_ros2_moveit2:/home/hunajpu/dev_tt_ws/install/panda_ros2_gazebo:/home/hunajpu/dev_tt_ws/install/irb6640_ros2_gazebo:/home/hunajpu/dev_tt_ws/install/irb120egp64_ros2_gazebo:/home/hunajpu/dev_tt_ws/install/irb120_ros2_gazebo:/home/hunajpu/dev_tt_ws/install/gazebo_ros2_control_demos:/home/hunajpu/dev_tt_ws/install/gazebo_ros2_control:/home/hunajpu/dev_tt_ws/install/cobots_axis_driver:/home/hunajpu/dev_tt_ws/install/rrbot_moveit_demo_nodes:/opt/ros/foxy LD_LIBRARY_PATH=/home/hunajpu/dev_tt_ws/install/ros2_data/lib:/home/hunajpu/dev_tt_ws/install/rosbridge_test_msgs/lib:/home/hunajpu/dev_tt_ws/install/rosbridge_msgs/lib:/home/hunajpu/dev_tt_ws/install/rosapi_msgs/lib:/home/hunajpu/dev_tt_ws/install/gazebo_ros2_control/lib:/usr/lib/x86_64-linux-gnu/gazebo-11/plugins:/opt/ros/foxy/opt/yaml_cpp_vendor/lib:/opt/ros/foxy/opt/rviz_ogre_vendor/lib:/opt/ros/foxy/lib/x86_64-linux-gnu:/opt/ros/foxy/lib PYTHONPATH=/home/hunajpu/dev_tt_ws/install/ros2_data/lib/python3.8/site-packages:/home/hunajpu/dev_tt_ws/install/rosbridge_test_msgs/lib/python3.8/site-packages:/home/hunajpu/dev_tt_ws/install/rosbridge_server/lib/python3.8/site-packages:/home/hunajpu/dev_tt_ws/install/rosbridge_msgs/lib/python3.8/site-packages:/home/hunajpu/dev_tt_ws/install/rosapi/lib/python3.8/site-packages:/home/hunajpu/dev_tt_ws/install/rosbridge_library/lib/python3.8/site-packages:/home/hunajpu/dev_tt_ws/install/rosapi_msgs/lib/python3.8/site-packages:/opt/ros/foxy/lib/python3.8/site-packages /usr/bin/cmake --build /home/hunajpu/dev_tt_ws/build/ur3_ros2_moveit2 -- -j8 -l8
[0.324s] [  8%] Building CXX object CMakeFiles/moveJ_action.dir/scripts/moveJ_action.cpp.o
[0.330s] [ 16%] Building CXX object CMakeFiles/moveXYZ_action.dir/scripts/moveXYZ_action.cpp.o
[0.357s] [ 25%] Building CXX object CMakeFiles/moveXYZW_action.dir/scripts/moveXYZW_action.cpp.o
[0.604s] [ 33%] Building CXX object CMakeFiles/moveL_action.dir/scripts/moveL_action.cpp.o
[0.604s] [ 41%] Building CXX object CMakeFiles/moveYPR_action.dir/scripts/moveYPR_action.cpp.o
[0.604s] [ 50%] Building CXX object CMakeFiles/moveR_action.dir/scripts/moveR_action.cpp.o
[11.850s] /home/hunajpu/dev_tt_ws/src/ros2_RobotSimulation/UniversalRobots/UR3/ur3_ros2_moveit2/scripts/moveL_action.cpp: In member function 'rclcpp_action::GoalResponse ActionServer::handle_goal(const GoalUUID&, std::shared_ptr<const ros2_data::action::MoveL_Goal_<std::allocator<void> > >)':
[11.850s] /home/hunajpu/dev_tt_ws/src/ros2_RobotSimulation/UniversalRobots/UR3/ur3_ros2_moveit2/scripts/moveL_action.cpp:79:41: warning: unused parameter 'uuid' [-Wunused-parameter]
[11.850s]    79 |         const rclcpp_action::GoalUUID & uuid,
[11.851s]       |         ~~~~~~~~~~~~~~~~~~~~~~~~~~~~~~~~^~~~
[11.872s] /home/hunajpu/dev_tt_ws/src/ros2_RobotSimulation/UniversalRobots/UR3/ur3_ros2_moveit2/scripts/moveXYZW_action.cpp: In member function 'rclcpp_action::GoalResponse ActionServer::handle_goal(const GoalUUID&, std::shared_ptr<const ros2_data::action::MoveXYZW_Goal_<std::allocator<void> > >)':
[11.872s] /home/hunajpu/dev_tt_ws/src/ros2_RobotSimulation/UniversalRobots/UR3/ur3_ros2_moveit2/scripts/moveXYZW_action.cpp:79:41: warning: unused parameter 'uuid' [-Wunused-parameter]
[11.872s]    79 |         const rclcpp_action::GoalUUID & uuid,
[11.872s]       |         ~~~~~~~~~~~~~~~~~~~~~~~~~~~~~~~~^~~~
[11.890s] /home/hunajpu/dev_tt_ws/src/ros2_RobotSimulation/UniversalRobots/UR3/ur3_ros2_moveit2/scripts/moveL_action.cpp: In member function 'void ActionServer::execute(std::shared_ptr<rclcpp_action::ServerGoalHandle<ros2_data::action::MoveL> >)':
[11.891s] /home/hunajpu/dev_tt_ws/src/ros2_RobotSimulation/UniversalRobots/UR3/ur3_ros2_moveit2/scripts/moveL_action.cpp:184:20: warning: unused variable 'fraction' [-Wunused-variable]
[11.891s]   184 |             double fraction = move_group_interface.computeCartesianPath(waypoints, eef_step, jump_threshold, trajectory);
[11.891s]       |                    ^~~~~~~~
[11.898s] /home/hunajpu/dev_tt_ws/src/ros2_RobotSimulation/UniversalRobots/UR3/ur3_ros2_moveit2/scripts/moveXYZW_action.cpp: In member function 'void ActionServer::execute(std::shared_ptr<rclcpp_action::ServerGoalHandle<ros2_data::action::MoveXYZW> >)':
[11.898s] /home/hunajpu/dev_tt_ws/src/ros2_RobotSimulation/UniversalRobots/UR3/ur3_ros2_moveit2/scripts/moveXYZW_action.cpp:142:46: warning: unused variable 'joint_model_group' [-Wunused-variable]
[11.899s]   142 |         const moveit::core::JointModelGroup* joint_model_group = move_group_interface.getCurrentState()->getJointModelGroup("ur3_robot");
[11.899s]       |                                              ^~~~~~~~~~~~~~~~~
[11.904s] /home/hunajpu/dev_tt_ws/src/ros2_RobotSimulation/UniversalRobots/UR3/ur3_ros2_moveit2/scripts/moveL_action.cpp:134:46: warning: unused variable 'joint_model_group' [-Wunused-variable]
[11.904s]   134 |         const moveit::core::JointModelGroup* joint_model_group = move_group_interface.getCurrentState()->getJointModelGroup("ur3_robot");
[11.904s]       |                                              ^~~~~~~~~~~~~~~~~
[12.812s] /home/hunajpu/dev_tt_ws/src/ros2_RobotSimulation/UniversalRobots/UR3/ur3_ros2_moveit2/scripts/moveR_action.cpp: In member function 'rclcpp_action::GoalResponse ActionServer::handle_goal(const GoalUUID&, std::shared_ptr<const ros2_data::action::MoveR_Goal_<std::allocator<void> > >)':
[12.812s] /home/hunajpu/dev_tt_ws/src/ros2_RobotSimulation/UniversalRobots/UR3/ur3_ros2_moveit2/scripts/moveR_action.cpp:80:41: warning: unused parameter 'uuid' [-Wunused-parameter]
[12.813s]    80 |         const rclcpp_action::GoalUUID & uuid,
[12.813s]       |         ~~~~~~~~~~~~~~~~~~~~~~~~~~~~~~~~^~~~
[12.872s] /home/hunajpu/dev_tt_ws/src/ros2_RobotSimulation/UniversalRobots/UR3/ur3_ros2_moveit2/scripts/moveR_action.cpp: In member function 'void ActionServer::execute(std::shared_ptr<rclcpp_action::ServerGoalHandle<ros2_data::action::MoveR> >)':
[12.872s] /home/hunajpu/dev_tt_ws/src/ros2_RobotSimulation/UniversalRobots/UR3/ur3_ros2_moveit2/scripts/moveR_action.cpp:258:56: warning: comparison with string literal results in unspecified behavior [-Waddress]
[12.872s]   258 |         } else if (LimitCheck == true && InputJoint == "Valid") {
[12.872s]       |                                                        ^~~~~~~
[13.016s] /home/hunajpu/dev_tt_ws/src/ros2_RobotSimulation/UniversalRobots/UR3/ur3_ros2_moveit2/scripts/moveYPR_action.cpp: In member function 'rclcpp_action::GoalResponse ActionServer::handle_goal(const GoalUUID&, std::shared_ptr<const ros2_data::action::MoveYPR_Goal_<std::allocator<void> > >)':
[13.016s] /home/hunajpu/dev_tt_ws/src/ros2_RobotSimulation/UniversalRobots/UR3/ur3_ros2_moveit2/scripts/moveYPR_action.cpp:79:41: warning: unused parameter 'uuid' [-Wunused-parameter]
[13.016s]    79 |         const rclcpp_action::GoalUUID & uuid,
[13.016s]       |         ~~~~~~~~~~~~~~~~~~~~~~~~~~~~~~~~^~~~
[13.041s] /home/hunajpu/dev_tt_ws/src/ros2_RobotSimulation/UniversalRobots/UR3/ur3_ros2_moveit2/scripts/moveYPR_action.cpp: In member function 'void ActionServer::execute(std::shared_ptr<rclcpp_action::ServerGoalHandle<ros2_data::action::MoveYPR> >)':
[13.041s] /home/hunajpu/dev_tt_ws/src/ros2_RobotSimulation/UniversalRobots/UR3/ur3_ros2_moveit2/scripts/moveYPR_action.cpp:135:46: warning: unused variable 'joint_model_group' [-Wunused-variable]
[13.041s]   135 |         const moveit::core::JointModelGroup* joint_model_group = move_group_interface.getCurrentState()->getJointModelGroup("ur3_robot");
[13.041s]       |                                              ^~~~~~~~~~~~~~~~~
[13.746s] /home/hunajpu/dev_tt_ws/src/ros2_RobotSimulation/UniversalRobots/UR3/ur3_ros2_moveit2/scripts/moveXYZ_action.cpp: In member function 'rclcpp_action::GoalResponse ActionServer::handle_goal(const GoalUUID&, std::shared_ptr<const ros2_data::action::MoveXYZ_Goal_<std::allocator<void> > >)':
[13.746s] /home/hunajpu/dev_tt_ws/src/ros2_RobotSimulation/UniversalRobots/UR3/ur3_ros2_moveit2/scripts/moveXYZ_action.cpp:79:41: warning: unused parameter 'uuid' [-Wunused-parameter]
[13.746s]    79 |         const rclcpp_action::GoalUUID & uuid,
[13.746s]       |         ~~~~~~~~~~~~~~~~~~~~~~~~~~~~~~~~^~~~
[13.805s] /home/hunajpu/dev_tt_ws/src/ros2_RobotSimulation/UniversalRobots/UR3/ur3_ros2_moveit2/scripts/moveXYZ_action.cpp: In member function 'void ActionServer::execute(std::shared_ptr<rclcpp_action::ServerGoalHandle<ros2_data::action::MoveXYZ> >)':
[13.805s] /home/hunajpu/dev_tt_ws/src/ros2_RobotSimulation/UniversalRobots/UR3/ur3_ros2_moveit2/scripts/moveXYZ_action.cpp:135:46: warning: unused variable 'joint_model_group' [-Wunused-variable]
[13.805s]   135 |         const moveit::core::JointModelGroup* joint_model_group = move_group_interface.getCurrentState()->getJointModelGroup("ur3_robot");
[13.805s]       |                                              ^~~~~~~~~~~~~~~~~
[14.043s] /home/hunajpu/dev_tt_ws/src/ros2_RobotSimulation/UniversalRobots/UR3/ur3_ros2_moveit2/scripts/moveJ_action.cpp: In member function 'rclcpp_action::GoalResponse ActionServer::handle_goal(const GoalUUID&, std::shared_ptr<const ros2_data::action::MoveJ_Goal_<std::allocator<void> > >)':
[14.043s] /home/hunajpu/dev_tt_ws/src/ros2_RobotSimulation/UniversalRobots/UR3/ur3_ros2_moveit2/scripts/moveJ_action.cpp:80:41: warning: unused parameter 'uuid' [-Wunused-parameter]
[14.043s]    80 |         const rclcpp_action::GoalUUID & uuid,
[14.043s]       |         ~~~~~~~~~~~~~~~~~~~~~~~~~~~~~~~~^~~~
[27.060s] [ 83%] Linking CXX executable moveXYZW_action
[27.060s] [100%] Linking CXX executable moveXYZ_action
[27.060s] [ 66%] Linking CXX executable moveJ_action
[27.060s] [100%] Linking CXX executable moveL_action
[27.060s] [ 83%] Linking CXX executable moveR_action
[27.060s] [ 66%] Linking CXX executable moveYPR_action
[31.984s] [100%] Built target moveL_action
[31.995s] [100%] Built target moveJ_action
[32.001s] [100%] Built target moveXYZW_action
[32.052s] [100%] Built target moveXYZ_action
[32.068s] [100%] Built target moveR_action
[32.075s] [100%] Built target moveYPR_action
