[0.260s] Invoking command in '/home/hunajpu/dev_tt_ws/build/rosbridge_library': CMAKE_PREFIX_PATH=/home/hunajpu/dev_tt_ws/install/rosbridge_test_msgs:/home/hunajpu/dev_tt_ws/install/ur5_ros2_moveit2:/home/hunajpu/dev_tt_ws/install/ur5_ros2_gazebo:/home/hunajpu/dev_tt_ws/install/ur3_ros2_moveit2:/home/hunajpu/dev_tt_ws/install/ur3_ros2_gazebo:/home/hunajpu/dev_tt_ws/install/ur10_ros2_moveit2:/home/hunajpu/dev_tt_ws/install/ur10_ros2_gazebo:/home/hunajpu/dev_tt_ws/install/rrbot_moveit_config:/home/hunajpu/dev_tt_ws/install/rrbot_gazebo:/home/hunajpu/dev_tt_ws/install/rrbot_description:/home/hunajpu/dev_tt_ws/install/rosbridge_suite:/home/hunajpu/dev_tt_ws/install/rosbridge_server:/home/hunajpu/dev_tt_ws/install/rosbridge_msgs:/home/hunajpu/dev_tt_ws/install/rosapi:/home/hunajpu/dev_tt_ws/install/rosbridge_library:/home/hunajpu/dev_tt_ws/install/rosapi_msgs:/home/hunajpu/dev_tt_ws/install/panda_ros2_moveit2:/home/hunajpu/dev_tt_ws/install/irb6640_ros2_moveit2:/home/hunajpu/dev_tt_ws/install/irb120egp64_ros2_moveit2:/home/hunajpu/dev_tt_ws/install/irb120_ros2_moveit2:/home/hunajpu/dev_tt_ws/install/ros2_data:/home/hunajpu/dev_tt_ws/install/panda_ros2_gazebo:/home/hunajpu/dev_tt_ws/install/irb6640_ros2_gazebo:/home/hunajpu/dev_tt_ws/install/irb120egp64_ros2_gazebo:/home/hunajpu/dev_tt_ws/install/irb120_ros2_gazebo:/home/hunajpu/dev_tt_ws/install/gazebo_ros2_control:/home/hunajpu/dev_tt_ws/install/cobots_axis_driver:/home/hunajpu/dev_tt_ws/install/rrbot_moveit_demo_nodes:/home/hunajpu/dev_tt_ws/install/gazebo_ros2_control_demos:/opt/ros/foxy /usr/bin/cmake --build /home/hunajpu/dev_tt_ws/build/rosbridge_library -- -j8 -l8
[0.662s] Invoked command in '/home/hunajpu/dev_tt_ws/build/rosbridge_library' returned '0': CMAKE_PREFIX_PATH=/home/hunajpu/dev_tt_ws/install/rosbridge_test_msgs:/home/hunajpu/dev_tt_ws/install/ur5_ros2_moveit2:/home/hunajpu/dev_tt_ws/install/ur5_ros2_gazebo:/home/hunajpu/dev_tt_ws/install/ur3_ros2_moveit2:/home/hunajpu/dev_tt_ws/install/ur3_ros2_gazebo:/home/hunajpu/dev_tt_ws/install/ur10_ros2_moveit2:/home/hunajpu/dev_tt_ws/install/ur10_ros2_gazebo:/home/hunajpu/dev_tt_ws/install/rrbot_moveit_config:/home/hunajpu/dev_tt_ws/install/rrbot_gazebo:/home/hunajpu/dev_tt_ws/install/rrbot_description:/home/hunajpu/dev_tt_ws/install/rosbridge_suite:/home/hunajpu/dev_tt_ws/install/rosbridge_server:/home/hunajpu/dev_tt_ws/install/rosbridge_msgs:/home/hunajpu/dev_tt_ws/install/rosapi:/home/hunajpu/dev_tt_ws/install/rosbridge_library:/home/hunajpu/dev_tt_ws/install/rosapi_msgs:/home/hunajpu/dev_tt_ws/install/panda_ros2_moveit2:/home/hunajpu/dev_tt_ws/install/irb6640_ros2_moveit2:/home/hunajpu/dev_tt_ws/install/irb120egp64_ros2_moveit2:/home/hunajpu/dev_tt_ws/install/irb120_ros2_moveit2:/home/hunajpu/dev_tt_ws/install/ros2_data:/home/hunajpu/dev_tt_ws/install/panda_ros2_gazebo:/home/hunajpu/dev_tt_ws/install/irb6640_ros2_gazebo:/home/hunajpu/dev_tt_ws/install/irb120egp64_ros2_gazebo:/home/hunajpu/dev_tt_ws/install/irb120_ros2_gazebo:/home/hunajpu/dev_tt_ws/install/gazebo_ros2_control:/home/hunajpu/dev_tt_ws/install/cobots_axis_driver:/home/hunajpu/dev_tt_ws/install/rrbot_moveit_demo_nodes:/home/hunajpu/dev_tt_ws/install/gazebo_ros2_control_demos:/opt/ros/foxy /usr/bin/cmake --build /home/hunajpu/dev_tt_ws/build/rosbridge_library -- -j8 -l8
[0.962s] Invoking command in '/home/hunajpu/dev_tt_ws/build/rosbridge_library': CMAKE_PREFIX_PATH=/home/hunajpu/dev_tt_ws/install/rosbridge_test_msgs:/home/hunajpu/dev_tt_ws/install/ur5_ros2_moveit2:/home/hunajpu/dev_tt_ws/install/ur5_ros2_gazebo:/home/hunajpu/dev_tt_ws/install/ur3_ros2_moveit2:/home/hunajpu/dev_tt_ws/install/ur3_ros2_gazebo:/home/hunajpu/dev_tt_ws/install/ur10_ros2_moveit2:/home/hunajpu/dev_tt_ws/install/ur10_ros2_gazebo:/home/hunajpu/dev_tt_ws/install/rrbot_moveit_config:/home/hunajpu/dev_tt_ws/install/rrbot_gazebo:/home/hunajpu/dev_tt_ws/install/rrbot_description:/home/hunajpu/dev_tt_ws/install/rosbridge_suite:/home/hunajpu/dev_tt_ws/install/rosbridge_server:/home/hunajpu/dev_tt_ws/install/rosbridge_msgs:/home/hunajpu/dev_tt_ws/install/rosapi:/home/hunajpu/dev_tt_ws/install/rosbridge_library:/home/hunajpu/dev_tt_ws/install/rosapi_msgs:/home/hunajpu/dev_tt_ws/install/panda_ros2_moveit2:/home/hunajpu/dev_tt_ws/install/irb6640_ros2_moveit2:/home/hunajpu/dev_tt_ws/install/irb120egp64_ros2_moveit2:/home/hunajpu/dev_tt_ws/install/irb120_ros2_moveit2:/home/hunajpu/dev_tt_ws/install/ros2_data:/home/hunajpu/dev_tt_ws/install/panda_ros2_gazebo:/home/hunajpu/dev_tt_ws/install/irb6640_ros2_gazebo:/home/hunajpu/dev_tt_ws/install/irb120egp64_ros2_gazebo:/home/hunajpu/dev_tt_ws/install/irb120_ros2_gazebo:/home/hunajpu/dev_tt_ws/install/gazebo_ros2_control:/home/hunajpu/dev_tt_ws/install/cobots_axis_driver:/home/hunajpu/dev_tt_ws/install/rrbot_moveit_demo_nodes:/home/hunajpu/dev_tt_ws/install/gazebo_ros2_control_demos:/opt/ros/foxy /usr/bin/cmake --install /home/hunajpu/dev_tt_ws/build/rosbridge_library
[1.064s] -- Install configuration: "Debug"
[1.065s] -- Execute custom install script
[1.066s] -- Up-to-date symlink: /home/hunajpu/dev_tt_ws/install/rosbridge_library/share/rosbridge_library/environment/pythonpath.sh
[1.066s] -- Up-to-date symlink: /home/hunajpu/dev_tt_ws/install/rosbridge_library/share/rosbridge_library/environment/pythonpath.dsv
[1.068s] -- Up-to-date symlink: /home/hunajpu/dev_tt_ws/install/rosbridge_library/lib/python3.8/site-packages/rosbridge_library/__init__.py
[1.069s] -- Up-to-date symlink: /home/hunajpu/dev_tt_ws/install/rosbridge_library/lib/python3.8/site-packages/rosbridge_library/capabilities/__init__.py
[1.069s] -- Up-to-date symlink: /home/hunajpu/dev_tt_ws/install/rosbridge_library/lib/python3.8/site-packages/rosbridge_library/capabilities/advertise.py
[1.069s] -- Up-to-date symlink: /home/hunajpu/dev_tt_ws/install/rosbridge_library/lib/python3.8/site-packages/rosbridge_library/capabilities/advertise_service.py
[1.104s] -- Up-to-date symlink: /home/hunajpu/dev_tt_ws/install/rosbridge_library/lib/python3.8/site-packages/rosbridge_library/capabilities/call_service.py
[1.104s] -- Up-to-date symlink: /home/hunajpu/dev_tt_ws/install/rosbridge_library/lib/python3.8/site-packages/rosbridge_library/capabilities/defragmentation.py
[1.104s] -- Up-to-date symlink: /home/hunajpu/dev_tt_ws/install/rosbridge_library/lib/python3.8/site-packages/rosbridge_library/capabilities/fragmentation.py
[1.105s] -- Up-to-date symlink: /home/hunajpu/dev_tt_ws/install/rosbridge_library/lib/python3.8/site-packages/rosbridge_library/capabilities/publish.py
[1.105s] -- Up-to-date symlink: /home/hunajpu/dev_tt_ws/install/rosbridge_library/lib/python3.8/site-packages/rosbridge_library/capabilities/service_response.py
[1.105s] -- Up-to-date symlink: /home/hunajpu/dev_tt_ws/install/rosbridge_library/lib/python3.8/site-packages/rosbridge_library/capabilities/subscribe.py
[1.106s] -- Up-to-date symlink: /home/hunajpu/dev_tt_ws/install/rosbridge_library/lib/python3.8/site-packages/rosbridge_library/capabilities/unadvertise_service.py
[1.106s] -- Up-to-date symlink: /home/hunajpu/dev_tt_ws/install/rosbridge_library/lib/python3.8/site-packages/rosbridge_library/capability.py
[1.106s] -- Up-to-date symlink: /home/hunajpu/dev_tt_ws/install/rosbridge_library/lib/python3.8/site-packages/rosbridge_library/internal/__init__.py
[1.107s] -- Up-to-date symlink: /home/hunajpu/dev_tt_ws/install/rosbridge_library/lib/python3.8/site-packages/rosbridge_library/internal/cbor_conversion.py
[1.107s] -- Up-to-date symlink: /home/hunajpu/dev_tt_ws/install/rosbridge_library/lib/python3.8/site-packages/rosbridge_library/internal/exceptions.py
[1.108s] -- Up-to-date symlink: /home/hunajpu/dev_tt_ws/install/rosbridge_library/lib/python3.8/site-packages/rosbridge_library/internal/message_conversion.py
[1.108s] -- Up-to-date symlink: /home/hunajpu/dev_tt_ws/install/rosbridge_library/lib/python3.8/site-packages/rosbridge_library/internal/outgoing_message.py
[1.108s] -- Up-to-date symlink: /home/hunajpu/dev_tt_ws/install/rosbridge_library/lib/python3.8/site-packages/rosbridge_library/internal/pngcompression.py
[1.109s] -- Up-to-date symlink: /home/hunajpu/dev_tt_ws/install/rosbridge_library/lib/python3.8/site-packages/rosbridge_library/internal/publishers.py
[1.109s] -- Up-to-date symlink: /home/hunajpu/dev_tt_ws/install/rosbridge_library/lib/python3.8/site-packages/rosbridge_library/internal/ros_loader.py
[1.109s] -- Up-to-date symlink: /home/hunajpu/dev_tt_ws/install/rosbridge_library/lib/python3.8/site-packages/rosbridge_library/internal/services.py
[1.110s] -- Up-to-date symlink: /home/hunajpu/dev_tt_ws/install/rosbridge_library/lib/python3.8/site-packages/rosbridge_library/internal/subscribers.py
[1.110s] -- Up-to-date symlink: /home/hunajpu/dev_tt_ws/install/rosbridge_library/lib/python3.8/site-packages/rosbridge_library/internal/subscription_modifiers.py
[1.110s] -- Up-to-date symlink: /home/hunajpu/dev_tt_ws/install/rosbridge_library/lib/python3.8/site-packages/rosbridge_library/internal/topics.py
[1.111s] -- Up-to-date symlink: /home/hunajpu/dev_tt_ws/install/rosbridge_library/lib/python3.8/site-packages/rosbridge_library/protocol.py
[1.137s] -- Up-to-date symlink: /home/hunajpu/dev_tt_ws/install/rosbridge_library/lib/python3.8/site-packages/rosbridge_library/rosbridge_protocol.py
[1.137s] -- Up-to-date symlink: /home/hunajpu/dev_tt_ws/install/rosbridge_library/lib/python3.8/site-packages/rosbridge_library/util/__init__.py
[1.137s] -- Up-to-date symlink: /home/hunajpu/dev_tt_ws/install/rosbridge_library/lib/python3.8/site-packages/rosbridge_library/util/cbor.py
[1.144s] -- Up-to-date symlink: /home/hunajpu/dev_tt_ws/install/rosbridge_library/share/ament_index/resource_index/package_run_dependencies/rosbridge_library
[1.144s] -- Up-to-date symlink: /home/hunajpu/dev_tt_ws/install/rosbridge_library/share/ament_index/resource_index/parent_prefix_path/rosbridge_library
[1.145s] -- Up-to-date symlink: /home/hunajpu/dev_tt_ws/install/rosbridge_library/share/rosbridge_library/environment/ament_prefix_path.sh
[1.145s] -- Up-to-date symlink: /home/hunajpu/dev_tt_ws/install/rosbridge_library/share/rosbridge_library/environment/ament_prefix_path.dsv
[1.146s] -- Up-to-date symlink: /home/hunajpu/dev_tt_ws/install/rosbridge_library/share/rosbridge_library/environment/path.sh
[1.147s] -- Up-to-date symlink: /home/hunajpu/dev_tt_ws/install/rosbridge_library/share/rosbridge_library/environment/path.dsv
[1.147s] -- Up-to-date symlink: /home/hunajpu/dev_tt_ws/install/rosbridge_library/share/rosbridge_library/local_setup.bash
[1.148s] -- Up-to-date symlink: /home/hunajpu/dev_tt_ws/install/rosbridge_library/share/rosbridge_library/local_setup.sh
[1.155s] -- Up-to-date symlink: /home/hunajpu/dev_tt_ws/install/rosbridge_library/share/rosbridge_library/local_setup.zsh
[1.155s] -- Up-to-date symlink: /home/hunajpu/dev_tt_ws/install/rosbridge_library/share/rosbridge_library/local_setup.dsv
[1.156s] -- Symlinking: /home/hunajpu/dev_tt_ws/install/rosbridge_library/share/rosbridge_library/package.dsv
[1.196s] -- Up-to-date symlink: /home/hunajpu/dev_tt_ws/install/rosbridge_library/share/ament_index/resource_index/packages/rosbridge_library
[1.197s] -- Up-to-date symlink: /home/hunajpu/dev_tt_ws/install/rosbridge_library/share/rosbridge_library/cmake/rosbridge_libraryConfig.cmake
[1.197s] -- Up-to-date symlink: /home/hunajpu/dev_tt_ws/install/rosbridge_library/share/rosbridge_library/cmake/rosbridge_libraryConfig-version.cmake
[1.198s] -- Up-to-date symlink: /home/hunajpu/dev_tt_ws/install/rosbridge_library/share/rosbridge_library/package.xml
[1.427s] Listing '/home/hunajpu/dev_tt_ws/install/rosbridge_library/lib/python3.8/site-packages/rosbridge_library'...
[1.428s] Listing '/home/hunajpu/dev_tt_ws/install/rosbridge_library/lib/python3.8/site-packages/rosbridge_library/capabilities'...
[1.428s] Listing '/home/hunajpu/dev_tt_ws/install/rosbridge_library/lib/python3.8/site-packages/rosbridge_library/internal'...
[1.428s] Listing '/home/hunajpu/dev_tt_ws/install/rosbridge_library/lib/python3.8/site-packages/rosbridge_library/util'...
[1.443s] Invoked command in '/home/hunajpu/dev_tt_ws/build/rosbridge_library' returned '0': CMAKE_PREFIX_PATH=/home/hunajpu/dev_tt_ws/install/rosbridge_test_msgs:/home/hunajpu/dev_tt_ws/install/ur5_ros2_moveit2:/home/hunajpu/dev_tt_ws/install/ur5_ros2_gazebo:/home/hunajpu/dev_tt_ws/install/ur3_ros2_moveit2:/home/hunajpu/dev_tt_ws/install/ur3_ros2_gazebo:/home/hunajpu/dev_tt_ws/install/ur10_ros2_moveit2:/home/hunajpu/dev_tt_ws/install/ur10_ros2_gazebo:/home/hunajpu/dev_tt_ws/install/rrbot_moveit_config:/home/hunajpu/dev_tt_ws/install/rrbot_gazebo:/home/hunajpu/dev_tt_ws/install/rrbot_description:/home/hunajpu/dev_tt_ws/install/rosbridge_suite:/home/hunajpu/dev_tt_ws/install/rosbridge_server:/home/hunajpu/dev_tt_ws/install/rosbridge_msgs:/home/hunajpu/dev_tt_ws/install/rosapi:/home/hunajpu/dev_tt_ws/install/rosbridge_library:/home/hunajpu/dev_tt_ws/install/rosapi_msgs:/home/hunajpu/dev_tt_ws/install/panda_ros2_moveit2:/home/hunajpu/dev_tt_ws/install/irb6640_ros2_moveit2:/home/hunajpu/dev_tt_ws/install/irb120egp64_ros2_moveit2:/home/hunajpu/dev_tt_ws/install/irb120_ros2_moveit2:/home/hunajpu/dev_tt_ws/install/ros2_data:/home/hunajpu/dev_tt_ws/install/panda_ros2_gazebo:/home/hunajpu/dev_tt_ws/install/irb6640_ros2_gazebo:/home/hunajpu/dev_tt_ws/install/irb120egp64_ros2_gazebo:/home/hunajpu/dev_tt_ws/install/irb120_ros2_gazebo:/home/hunajpu/dev_tt_ws/install/gazebo_ros2_control:/home/hunajpu/dev_tt_ws/install/cobots_axis_driver:/home/hunajpu/dev_tt_ws/install/rrbot_moveit_demo_nodes:/home/hunajpu/dev_tt_ws/install/gazebo_ros2_control_demos:/opt/ros/foxy /usr/bin/cmake --install /home/hunajpu/dev_tt_ws/build/rosbridge_library
