[0.125s] Invoking command in '/home/hunajpu/dev_tt_ws/build/irb6640_ros2_moveit2': AMENT_PREFIX_PATH=/home/hunajpu/dev_tt_ws/install/ros2_data:${AMENT_PREFIX_PATH} CMAKE_PREFIX_PATH=/home/hunajpu/dev_tt_ws/install/ros2_data:/home/hunajpu/dev_tt_ws/install/rrbot_moveit_demo_nodes:/home/hunajpu/dev_tt_ws/install/rrbot_moveit_config:/home/hunajpu/dev_tt_ws/install/rrbot_gazebo:/home/hunajpu/dev_tt_ws/install/rrbot_description:/home/hunajpu/dev_tt_ws/install/rosbridge_test_msgs:/home/hunajpu/dev_tt_ws/install/rosbridge_suite:/home/hunajpu/dev_tt_ws/install/rosbridge_server:/home/hunajpu/dev_tt_ws/install/rosbridge_msgs:/home/hunajpu/dev_tt_ws/install/rosapi:/home/hunajpu/dev_tt_ws/install/rosbridge_library:/home/hunajpu/dev_tt_ws/install/rosapi_msgs:/home/hunajpu/dev_tt_ws/install/gazebo_ros2_control_demos:/home/hunajpu/dev_tt_ws/install/gazebo_ros2_control:/opt/ros/foxy LD_LIBRARY_PATH=/home/hunajpu/dev_tt_ws/install/ros2_data/lib:${LD_LIBRARY_PATH} PYTHONPATH=/home/hunajpu/dev_tt_ws/install/ros2_data/lib/python3.8/site-packages:${PYTHONPATH} /usr/bin/cmake /home/hunajpu/dev_tt_ws/src/ros2_RobotSimulation/ABBRobots/IRB6640/irb6640_ros2_moveit2 -DAMENT_CMAKE_SYMLINK_INSTALL=1 -DCMAKE_INSTALL_PREFIX=/home/hunajpu/dev_tt_ws/install/irb6640_ros2_moveit2
[0.278s] -- The C compiler identification is GNU 9.4.0
[0.388s] -- The CXX compiler identification is GNU 9.4.0
[0.398s] -- Check for working C compiler: /usr/bin/cc
[0.558s] -- Check for working C compiler: /usr/bin/cc -- works
[0.560s] -- Detecting C compiler ABI info
[0.697s] -- Detecting C compiler ABI info - done
[0.723s] -- Detecting C compile features
[0.724s] -- Detecting C compile features - done
[0.729s] -- Check for working CXX compiler: /usr/bin/c++
[0.915s] -- Check for working CXX compiler: /usr/bin/c++ -- works
[0.919s] -- Detecting CXX compiler ABI info
[1.065s] -- Detecting CXX compiler ABI info - done
[1.103s] -- Detecting CXX compile features
[1.125s] -- Detecting CXX compile features - done
[1.126s] -- Found ament_cmake: 0.9.9 (/opt/ros/foxy/share/ament_cmake/cmake)
[1.176s] -- Found PythonInterp: /usr/bin/python3 (found suitable version "3.8.10", minimum required is "3") 
[1.179s] -- Using PYTHON_EXECUTABLE: /usr/bin/python3
[1.650s] -- Override CMake install command with custom implementation using symlinks instead of copying resources
[1.723s] -- Found ament_lint_auto: 0.9.6 (/opt/ros/foxy/share/ament_lint_auto/cmake)
[1.907s] -- Found moveit_ros_planning_interface: 2.2.3 (/opt/ros/foxy/share/moveit_ros_planning_interface/cmake)
[1.932s] -- Found Boost: /usr/lib/x86_64-linux-gnu/cmake/Boost-1.71.0/BoostConfig.cmake (found version "1.71.0")  
[2.613s] -- Found Boost: /usr/lib/x86_64-linux-gnu/cmake/Boost-1.71.0/BoostConfig.cmake (found version "1.71.0") found components: date_time filesystem program_options system thread 
[2.710s] -- Using all available rosidl_typesupport_c: rosidl_typesupport_fastrtps_c;rosidl_typesupport_introspection_c
[2.731s] -- Found rosidl_adapter: 1.2.1 (/opt/ros/foxy/share/rosidl_adapter/cmake)
[2.929s] -- Found OpenSSL: /usr/lib/x86_64-linux-gnu/libcrypto.so (found version "1.1.1f")  
[2.997s] -- Found FastRTPS: /opt/ros/foxy/include  
[3.183s] -- Using all available rosidl_typesupport_cpp: rosidl_typesupport_fastrtps_cpp;rosidl_typesupport_introspection_cpp
[7.501s] -- Found Boost: /usr/lib/x86_64-linux-gnu/cmake/Boost-1.71.0/BoostConfig.cmake (found version "1.71.0") found components: chrono date_time filesystem iostreams program_options regex serialization system thread 
[7.559s] -- Found Boost: /usr/lib/x86_64-linux-gnu/cmake/Boost-1.71.0/BoostConfig.cmake (found version "1.71.0") found components: filesystem 
[7.780s] -- Found rmw_implementation_cmake: 1.0.3 (/opt/ros/foxy/share/rmw_implementation_cmake/cmake)
[7.784s] -- Using RMW implementation 'rmw_fastrtps_cpp' as default
[7.788s] -- Found Threads: TRUE  
[8.275s] -- library: /usr/lib/x86_64-linux-gnu/libcurl.so
[8.587s] -- Found Eigen3: TRUE (found version "3.3.7") 
[10.777s] -- Found Boost: /usr/lib/x86_64-linux-gnu/cmake/Boost-1.71.0/BoostConfig.cmake (found version "1.71.0") found components: system filesystem date_time program_options thread chrono 
[11.526s] -- Found Boost: /usr/lib/x86_64-linux-gnu/cmake/Boost-1.71.0/BoostConfig.cmake (found version "1.71.0") found components: thread 
[13.564s] -- Found Boost: /usr/lib/x86_64-linux-gnu/cmake/Boost-1.71.0/BoostConfig.cmake (found version "1.71.0") found components: thread system filesystem regex date_time program_options 
[14.660s] -- Found Boost: /usr/lib/x86_64-linux-gnu/cmake/Boost-1.71.0/BoostConfig.cmake (found version "1.71.0") found components: system filesystem date_time program_options thread 
[16.398s] -- Found ros2_data: 0.0.0 (/home/hunajpu/dev_tt_ws/install/ros2_data/share/ros2_data/cmake)
[16.591s] -- Added test 'copyright' to check source files copyright and LICENSE
[16.592s] -- Added test 'cppcheck' to perform static code analysis on C / C++ code
[16.592s] -- Configured cppcheck include dirs: 
[16.592s] -- Configured cppcheck exclude dirs and/or files: 
[16.592s] -- Added test 'cpplint' to check C / C++ code against the Google style
[16.592s] -- Configured cpplint exclude dirs and/or files: 
[16.592s] -- Added test 'flake8' to check Python code syntax and style conventions
[16.593s] -- Added test 'lint_cmake' to check CMake code style
[16.596s] -- Added test 'pep257' to check Python code against some of the style conventions in PEP 257
[16.597s] -- Added test 'uncrustify' to check C / C++ code style
[16.597s] -- Configured uncrustify additional arguments: 
[16.599s] -- Added test 'xmllint' to check XML markup files
[16.609s] -- Configuring done
[16.958s] -- Generating done
[16.962s] -- Build files have been written to: /home/hunajpu/dev_tt_ws/build/irb6640_ros2_moveit2
[16.997s] Invoked command in '/home/hunajpu/dev_tt_ws/build/irb6640_ros2_moveit2' returned '0': AMENT_PREFIX_PATH=/home/hunajpu/dev_tt_ws/install/ros2_data:${AMENT_PREFIX_PATH} CMAKE_PREFIX_PATH=/home/hunajpu/dev_tt_ws/install/ros2_data:/home/hunajpu/dev_tt_ws/install/rrbot_moveit_demo_nodes:/home/hunajpu/dev_tt_ws/install/rrbot_moveit_config:/home/hunajpu/dev_tt_ws/install/rrbot_gazebo:/home/hunajpu/dev_tt_ws/install/rrbot_description:/home/hunajpu/dev_tt_ws/install/rosbridge_test_msgs:/home/hunajpu/dev_tt_ws/install/rosbridge_suite:/home/hunajpu/dev_tt_ws/install/rosbridge_server:/home/hunajpu/dev_tt_ws/install/rosbridge_msgs:/home/hunajpu/dev_tt_ws/install/rosapi:/home/hunajpu/dev_tt_ws/install/rosbridge_library:/home/hunajpu/dev_tt_ws/install/rosapi_msgs:/home/hunajpu/dev_tt_ws/install/gazebo_ros2_control_demos:/home/hunajpu/dev_tt_ws/install/gazebo_ros2_control:/opt/ros/foxy LD_LIBRARY_PATH=/home/hunajpu/dev_tt_ws/install/ros2_data/lib:${LD_LIBRARY_PATH} PYTHONPATH=/home/hunajpu/dev_tt_ws/install/ros2_data/lib/python3.8/site-packages:${PYTHONPATH} /usr/bin/cmake /home/hunajpu/dev_tt_ws/src/ros2_RobotSimulation/ABBRobots/IRB6640/irb6640_ros2_moveit2 -DAMENT_CMAKE_SYMLINK_INSTALL=1 -DCMAKE_INSTALL_PREFIX=/home/hunajpu/dev_tt_ws/install/irb6640_ros2_moveit2
[16.998s] Invoking command in '/home/hunajpu/dev_tt_ws/build/irb6640_ros2_moveit2': AMENT_PREFIX_PATH=/home/hunajpu/dev_tt_ws/install/ros2_data:${AMENT_PREFIX_PATH} CMAKE_PREFIX_PATH=/home/hunajpu/dev_tt_ws/install/ros2_data:/home/hunajpu/dev_tt_ws/install/rrbot_moveit_demo_nodes:/home/hunajpu/dev_tt_ws/install/rrbot_moveit_config:/home/hunajpu/dev_tt_ws/install/rrbot_gazebo:/home/hunajpu/dev_tt_ws/install/rrbot_description:/home/hunajpu/dev_tt_ws/install/rosbridge_test_msgs:/home/hunajpu/dev_tt_ws/install/rosbridge_suite:/home/hunajpu/dev_tt_ws/install/rosbridge_server:/home/hunajpu/dev_tt_ws/install/rosbridge_msgs:/home/hunajpu/dev_tt_ws/install/rosapi:/home/hunajpu/dev_tt_ws/install/rosbridge_library:/home/hunajpu/dev_tt_ws/install/rosapi_msgs:/home/hunajpu/dev_tt_ws/install/gazebo_ros2_control_demos:/home/hunajpu/dev_tt_ws/install/gazebo_ros2_control:/opt/ros/foxy LD_LIBRARY_PATH=/home/hunajpu/dev_tt_ws/install/ros2_data/lib:${LD_LIBRARY_PATH} PYTHONPATH=/home/hunajpu/dev_tt_ws/install/ros2_data/lib/python3.8/site-packages:${PYTHONPATH} /usr/bin/cmake --build /home/hunajpu/dev_tt_ws/build/irb6640_ros2_moveit2 -- -j8 -l8
[17.192s] [35m[1mScanning dependencies of target moveJ_action[0m
[17.308s] [  8%] [32mBuilding CXX object CMakeFiles/moveJ_action.dir/scripts/moveJ_action.cpp.o[0m
[25.441s] [01m[K/home/hunajpu/dev_tt_ws/src/ros2_RobotSimulation/ABBRobots/IRB6640/irb6640_ros2_moveit2/scripts/moveJ_action.cpp:[m[K In member function ‘[01m[Krclcpp_action::GoalResponse ActionServer::handle_goal(const GoalUUID&, std::shared_ptr<const ros2_data::action::MoveJ_Goal_<std::allocator<void> > >)[m[K’:
[25.441s] [01m[K/home/hunajpu/dev_tt_ws/src/ros2_RobotSimulation/ABBRobots/IRB6640/irb6640_ros2_moveit2/scripts/moveJ_action.cpp:80:41:[m[K [01;35m[Kwarning: [m[Kunused parameter ‘[01m[Kuuid[m[K’ [[01;35m[K-Wunused-parameter[m[K]
[25.442s]    80 |         [01;35m[Kconst rclcpp_action::GoalUUID & uuid[m[K,
[25.442s]       |         [01;35m[K~~~~~~~~~~~~~~~~~~~~~~~~~~~~~~~~^~~~[m[K
[34.776s] [ 16%] [32m[1mLinking CXX executable moveJ_action[0m
[36.729s] [ 16%] Built target moveJ_action
[37.170s] [35m[1mScanning dependencies of target moveYPR_action[0m
[37.597s] [ 25%] [32mBuilding CXX object CMakeFiles/moveYPR_action.dir/scripts/moveYPR_action.cpp.o[0m
[45.222s] [01m[K/home/hunajpu/dev_tt_ws/src/ros2_RobotSimulation/ABBRobots/IRB6640/irb6640_ros2_moveit2/scripts/moveYPR_action.cpp:[m[K In member function ‘[01m[Krclcpp_action::GoalResponse ActionServer::handle_goal(const GoalUUID&, std::shared_ptr<const ros2_data::action::MoveYPR_Goal_<std::allocator<void> > >)[m[K’:
[45.222s] [01m[K/home/hunajpu/dev_tt_ws/src/ros2_RobotSimulation/ABBRobots/IRB6640/irb6640_ros2_moveit2/scripts/moveYPR_action.cpp:79:41:[m[K [01;35m[Kwarning: [m[Kunused parameter ‘[01m[Kuuid[m[K’ [[01;35m[K-Wunused-parameter[m[K]
[45.223s]    79 |         [01;35m[Kconst rclcpp_action::GoalUUID & uuid[m[K,
[45.223s]       |         [01;35m[K~~~~~~~~~~~~~~~~~~~~~~~~~~~~~~~~^~~~[m[K
[45.253s] [01m[K/home/hunajpu/dev_tt_ws/src/ros2_RobotSimulation/ABBRobots/IRB6640/irb6640_ros2_moveit2/scripts/moveYPR_action.cpp:[m[K In member function ‘[01m[Kvoid ActionServer::execute(std::shared_ptr<rclcpp_action::ServerGoalHandle<ros2_data::action::MoveYPR> >)[m[K’:
[45.254s] [01m[K/home/hunajpu/dev_tt_ws/src/ros2_RobotSimulation/ABBRobots/IRB6640/irb6640_ros2_moveit2/scripts/moveYPR_action.cpp:135:46:[m[K [01;35m[Kwarning: [m[Kunused variable ‘[01m[Kjoint_model_group[m[K’ [[01;35m[K-Wunused-variable[m[K]
[45.254s]   135 |         const moveit::core::JointModelGroup* [01;35m[Kjoint_model_group[m[K = move_group_interface.getCurrentState()->getJointModelGroup("irb6640_arm");
[45.254s]       |                                              [01;35m[K^~~~~~~~~~~~~~~~~[m[K
[53.017s] [ 33%] [32m[1mLinking CXX executable moveYPR_action[0m
[55.967s] [ 33%] Built target moveYPR_action
[56.077s] [35m[1mScanning dependencies of target moveXYZ_action[0m
[56.332s] [ 41%] [32mBuilding CXX object CMakeFiles/moveXYZ_action.dir/scripts/moveXYZ_action.cpp.o[0m
[63.803s] [01m[K/home/hunajpu/dev_tt_ws/src/ros2_RobotSimulation/ABBRobots/IRB6640/irb6640_ros2_moveit2/scripts/moveXYZ_action.cpp:[m[K In member function ‘[01m[Krclcpp_action::GoalResponse ActionServer::handle_goal(const GoalUUID&, std::shared_ptr<const ros2_data::action::MoveXYZ_Goal_<std::allocator<void> > >)[m[K’:
[63.803s] [01m[K/home/hunajpu/dev_tt_ws/src/ros2_RobotSimulation/ABBRobots/IRB6640/irb6640_ros2_moveit2/scripts/moveXYZ_action.cpp:79:41:[m[K [01;35m[Kwarning: [m[Kunused parameter ‘[01m[Kuuid[m[K’ [[01;35m[K-Wunused-parameter[m[K]
[63.803s]    79 |         [01;35m[Kconst rclcpp_action::GoalUUID & uuid[m[K,
[63.803s]       |         [01;35m[K~~~~~~~~~~~~~~~~~~~~~~~~~~~~~~~~^~~~[m[K
[63.828s] [01m[K/home/hunajpu/dev_tt_ws/src/ros2_RobotSimulation/ABBRobots/IRB6640/irb6640_ros2_moveit2/scripts/moveXYZ_action.cpp:[m[K In member function ‘[01m[Kvoid ActionServer::execute(std::shared_ptr<rclcpp_action::ServerGoalHandle<ros2_data::action::MoveXYZ> >)[m[K’:
[63.828s] [01m[K/home/hunajpu/dev_tt_ws/src/ros2_RobotSimulation/ABBRobots/IRB6640/irb6640_ros2_moveit2/scripts/moveXYZ_action.cpp:135:46:[m[K [01;35m[Kwarning: [m[Kunused variable ‘[01m[Kjoint_model_group[m[K’ [[01;35m[K-Wunused-variable[m[K]
[63.828s]   135 |         const moveit::core::JointModelGroup* [01;35m[Kjoint_model_group[m[K = move_group_interface.getCurrentState()->getJointModelGroup("irb6640_arm");
[63.828s]       |                                              [01;35m[K^~~~~~~~~~~~~~~~~[m[K
[70.980s] [ 50%] [32m[1mLinking CXX executable moveXYZ_action[0m
[73.166s] [ 50%] Built target moveXYZ_action
[73.635s] [35m[1mScanning dependencies of target moveR_action[0m
[74.180s] [ 58%] [32mBuilding CXX object CMakeFiles/moveR_action.dir/scripts/moveR_action.cpp.o[0m
[81.440s] [01m[K/home/hunajpu/dev_tt_ws/src/ros2_RobotSimulation/ABBRobots/IRB6640/irb6640_ros2_moveit2/scripts/moveR_action.cpp:[m[K In member function ‘[01m[Krclcpp_action::GoalResponse ActionServer::handle_goal(const GoalUUID&, std::shared_ptr<const ros2_data::action::MoveR_Goal_<std::allocator<void> > >)[m[K’:
[81.440s] [01m[K/home/hunajpu/dev_tt_ws/src/ros2_RobotSimulation/ABBRobots/IRB6640/irb6640_ros2_moveit2/scripts/moveR_action.cpp:80:41:[m[K [01;35m[Kwarning: [m[Kunused parameter ‘[01m[Kuuid[m[K’ [[01;35m[K-Wunused-parameter[m[K]
[81.440s]    80 |         [01;35m[Kconst rclcpp_action::GoalUUID & uuid[m[K,
[81.440s]       |         [01;35m[K~~~~~~~~~~~~~~~~~~~~~~~~~~~~~~~~^~~~[m[K
[81.470s] [01m[K/home/hunajpu/dev_tt_ws/src/ros2_RobotSimulation/ABBRobots/IRB6640/irb6640_ros2_moveit2/scripts/moveR_action.cpp:[m[K In member function ‘[01m[Kvoid ActionServer::execute(std::shared_ptr<rclcpp_action::ServerGoalHandle<ros2_data::action::MoveR> >)[m[K’:
[81.471s] [01m[K/home/hunajpu/dev_tt_ws/src/ros2_RobotSimulation/ABBRobots/IRB6640/irb6640_ros2_moveit2/scripts/moveR_action.cpp:258:56:[m[K [01;35m[Kwarning: [m[Kcomparison with string literal results in unspecified behavior [[01;35m[K-Waddress[m[K]
[81.471s]   258 |         } else if (LimitCheck == true && InputJoint == [01;35m[K"Valid"[m[K) {
[81.471s]       |                                                        [01;35m[K^~~~~~~[m[K
[89.557s] [ 66%] [32m[1mLinking CXX executable moveR_action[0m
[91.494s] [ 66%] Built target moveR_action
[91.569s] [35m[1mScanning dependencies of target moveL_action[0m
[91.775s] [ 75%] [32mBuilding CXX object CMakeFiles/moveL_action.dir/scripts/moveL_action.cpp.o[0m
[99.428s] [01m[K/home/hunajpu/dev_tt_ws/src/ros2_RobotSimulation/ABBRobots/IRB6640/irb6640_ros2_moveit2/scripts/moveL_action.cpp:[m[K In member function ‘[01m[Krclcpp_action::GoalResponse ActionServer::handle_goal(const GoalUUID&, std::shared_ptr<const ros2_data::action::MoveL_Goal_<std::allocator<void> > >)[m[K’:
[99.428s] [01m[K/home/hunajpu/dev_tt_ws/src/ros2_RobotSimulation/ABBRobots/IRB6640/irb6640_ros2_moveit2/scripts/moveL_action.cpp:79:41:[m[K [01;35m[Kwarning: [m[Kunused parameter ‘[01m[Kuuid[m[K’ [[01;35m[K-Wunused-parameter[m[K]
[99.428s]    79 |         [01;35m[Kconst rclcpp_action::GoalUUID & uuid[m[K,
[99.429s]       |         [01;35m[K~~~~~~~~~~~~~~~~~~~~~~~~~~~~~~~~^~~~[m[K
[99.449s] [01m[K/home/hunajpu/dev_tt_ws/src/ros2_RobotSimulation/ABBRobots/IRB6640/irb6640_ros2_moveit2/scripts/moveL_action.cpp:[m[K In member function ‘[01m[Kvoid ActionServer::execute(std::shared_ptr<rclcpp_action::ServerGoalHandle<ros2_data::action::MoveL> >)[m[K’:
[99.450s] [01m[K/home/hunajpu/dev_tt_ws/src/ros2_RobotSimulation/ABBRobots/IRB6640/irb6640_ros2_moveit2/scripts/moveL_action.cpp:184:20:[m[K [01;35m[Kwarning: [m[Kunused variable ‘[01m[Kfraction[m[K’ [[01;35m[K-Wunused-variable[m[K]
[99.450s]   184 |             double [01;35m[Kfraction[m[K = move_group_interface.computeCartesianPath(waypoints, eef_step, jump_threshold, trajectory);
[99.450s]       |                    [01;35m[K^~~~~~~~[m[K
[99.452s] [01m[K/home/hunajpu/dev_tt_ws/src/ros2_RobotSimulation/ABBRobots/IRB6640/irb6640_ros2_moveit2/scripts/moveL_action.cpp:134:46:[m[K [01;35m[Kwarning: [m[Kunused variable ‘[01m[Kjoint_model_group[m[K’ [[01;35m[K-Wunused-variable[m[K]
[99.452s]   134 |         const moveit::core::JointModelGroup* [01;35m[Kjoint_model_group[m[K = move_group_interface.getCurrentState()->getJointModelGroup("irb6640_arm");
[99.453s]       |                                              [01;35m[K^~~~~~~~~~~~~~~~~[m[K
[107.074s] [ 83%] [32m[1mLinking CXX executable moveL_action[0m
[108.754s] [ 83%] Built target moveL_action
[109.691s] [35m[1mScanning dependencies of target moveXYZW_action[0m
[110.096s] [ 91%] [32mBuilding CXX object CMakeFiles/moveXYZW_action.dir/scripts/moveXYZW_action.cpp.o[0m
[118.026s] [01m[K/home/hunajpu/dev_tt_ws/src/ros2_RobotSimulation/ABBRobots/IRB6640/irb6640_ros2_moveit2/scripts/moveXYZW_action.cpp:[m[K In member function ‘[01m[Krclcpp_action::GoalResponse ActionServer::handle_goal(const GoalUUID&, std::shared_ptr<const ros2_data::action::MoveXYZW_Goal_<std::allocator<void> > >)[m[K’:
[118.027s] [01m[K/home/hunajpu/dev_tt_ws/src/ros2_RobotSimulation/ABBRobots/IRB6640/irb6640_ros2_moveit2/scripts/moveXYZW_action.cpp:79:41:[m[K [01;35m[Kwarning: [m[Kunused parameter ‘[01m[Kuuid[m[K’ [[01;35m[K-Wunused-parameter[m[K]
[118.027s]    79 |         [01;35m[Kconst rclcpp_action::GoalUUID & uuid[m[K,
[118.027s]       |         [01;35m[K~~~~~~~~~~~~~~~~~~~~~~~~~~~~~~~~^~~~[m[K
[118.057s] [01m[K/home/hunajpu/dev_tt_ws/src/ros2_RobotSimulation/ABBRobots/IRB6640/irb6640_ros2_moveit2/scripts/moveXYZW_action.cpp:[m[K In member function ‘[01m[Kvoid ActionServer::execute(std::shared_ptr<rclcpp_action::ServerGoalHandle<ros2_data::action::MoveXYZW> >)[m[K’:
[118.057s] [01m[K/home/hunajpu/dev_tt_ws/src/ros2_RobotSimulation/ABBRobots/IRB6640/irb6640_ros2_moveit2/scripts/moveXYZW_action.cpp:142:46:[m[K [01;35m[Kwarning: [m[Kunused variable ‘[01m[Kjoint_model_group[m[K’ [[01;35m[K-Wunused-variable[m[K]
[118.057s]   142 |         const moveit::core::JointModelGroup* [01;35m[Kjoint_model_group[m[K = move_group_interface.getCurrentState()->getJointModelGroup("irb6640_arm");
[118.058s]       |                                              [01;35m[K^~~~~~~~~~~~~~~~~[m[K
[126.120s] [100%] [32m[1mLinking CXX executable moveXYZW_action[0m
[128.017s] [100%] Built target moveXYZW_action
[128.037s] Invoked command in '/home/hunajpu/dev_tt_ws/build/irb6640_ros2_moveit2' returned '0': AMENT_PREFIX_PATH=/home/hunajpu/dev_tt_ws/install/ros2_data:${AMENT_PREFIX_PATH} CMAKE_PREFIX_PATH=/home/hunajpu/dev_tt_ws/install/ros2_data:/home/hunajpu/dev_tt_ws/install/rrbot_moveit_demo_nodes:/home/hunajpu/dev_tt_ws/install/rrbot_moveit_config:/home/hunajpu/dev_tt_ws/install/rrbot_gazebo:/home/hunajpu/dev_tt_ws/install/rrbot_description:/home/hunajpu/dev_tt_ws/install/rosbridge_test_msgs:/home/hunajpu/dev_tt_ws/install/rosbridge_suite:/home/hunajpu/dev_tt_ws/install/rosbridge_server:/home/hunajpu/dev_tt_ws/install/rosbridge_msgs:/home/hunajpu/dev_tt_ws/install/rosapi:/home/hunajpu/dev_tt_ws/install/rosbridge_library:/home/hunajpu/dev_tt_ws/install/rosapi_msgs:/home/hunajpu/dev_tt_ws/install/gazebo_ros2_control_demos:/home/hunajpu/dev_tt_ws/install/gazebo_ros2_control:/opt/ros/foxy LD_LIBRARY_PATH=/home/hunajpu/dev_tt_ws/install/ros2_data/lib:${LD_LIBRARY_PATH} PYTHONPATH=/home/hunajpu/dev_tt_ws/install/ros2_data/lib/python3.8/site-packages:${PYTHONPATH} /usr/bin/cmake --build /home/hunajpu/dev_tt_ws/build/irb6640_ros2_moveit2 -- -j8 -l8
[128.184s] Invoking command in '/home/hunajpu/dev_tt_ws/build/irb6640_ros2_moveit2': AMENT_PREFIX_PATH=/home/hunajpu/dev_tt_ws/install/ros2_data:${AMENT_PREFIX_PATH} CMAKE_PREFIX_PATH=/home/hunajpu/dev_tt_ws/install/ros2_data:/home/hunajpu/dev_tt_ws/install/rrbot_moveit_demo_nodes:/home/hunajpu/dev_tt_ws/install/rrbot_moveit_config:/home/hunajpu/dev_tt_ws/install/rrbot_gazebo:/home/hunajpu/dev_tt_ws/install/rrbot_description:/home/hunajpu/dev_tt_ws/install/rosbridge_test_msgs:/home/hunajpu/dev_tt_ws/install/rosbridge_suite:/home/hunajpu/dev_tt_ws/install/rosbridge_server:/home/hunajpu/dev_tt_ws/install/rosbridge_msgs:/home/hunajpu/dev_tt_ws/install/rosapi:/home/hunajpu/dev_tt_ws/install/rosbridge_library:/home/hunajpu/dev_tt_ws/install/rosapi_msgs:/home/hunajpu/dev_tt_ws/install/gazebo_ros2_control_demos:/home/hunajpu/dev_tt_ws/install/gazebo_ros2_control:/opt/ros/foxy LD_LIBRARY_PATH=/home/hunajpu/dev_tt_ws/install/ros2_data/lib:${LD_LIBRARY_PATH} PYTHONPATH=/home/hunajpu/dev_tt_ws/install/ros2_data/lib/python3.8/site-packages:${PYTHONPATH} /usr/bin/cmake --install /home/hunajpu/dev_tt_ws/build/irb6640_ros2_moveit2
[128.226s] -- Install configuration: ""
[128.228s] -- Execute custom install script
[128.230s] -- Symlinking: /home/hunajpu/dev_tt_ws/install/irb6640_ros2_moveit2/share/irb6640_ros2_moveit2/config/irb6640.srdf
[128.279s] -- Symlinking: /home/hunajpu/dev_tt_ws/install/irb6640_ros2_moveit2/share/irb6640_ros2_moveit2/config/irb6640_controllers.yaml
[128.300s] -- Symlinking: /home/hunajpu/dev_tt_ws/install/irb6640_ros2_moveit2/share/irb6640_ros2_moveit2/config/kinematics.yaml
[128.320s] -- Symlinking: /home/hunajpu/dev_tt_ws/install/irb6640_ros2_moveit2/share/irb6640_ros2_moveit2/config/ompl_planning.yaml
[128.340s] -- Symlinking: /home/hunajpu/dev_tt_ws/install/irb6640_ros2_moveit2/share/irb6640_ros2_moveit2/launch/irb6640.launch.py
[128.367s] -- Symlinking: /home/hunajpu/dev_tt_ws/install/irb6640_ros2_moveit2/share/irb6640_ros2_moveit2/launch/irb6640_interface.launch.py
[128.399s] -- Symlinking: /home/hunajpu/dev_tt_ws/install/irb6640_ros2_moveit2/share/irb6640_ros2_moveit2/launch/irb6640_moveit2.rviz
[128.424s] -- Symlinking: /home/hunajpu/dev_tt_ws/install/irb6640_ros2_moveit2/lib/irb6640_ros2_moveit2/moveJ_action
[128.462s] -- Symlinking: /home/hunajpu/dev_tt_ws/install/irb6640_ros2_moveit2/lib/irb6640_ros2_moveit2/moveXYZW_action
[128.487s] -- Symlinking: /home/hunajpu/dev_tt_ws/install/irb6640_ros2_moveit2/lib/irb6640_ros2_moveit2/moveL_action
[128.523s] -- Symlinking: /home/hunajpu/dev_tt_ws/install/irb6640_ros2_moveit2/lib/irb6640_ros2_moveit2/moveR_action
[128.550s] -- Symlinking: /home/hunajpu/dev_tt_ws/install/irb6640_ros2_moveit2/lib/irb6640_ros2_moveit2/moveXYZ_action
[128.572s] -- Symlinking: /home/hunajpu/dev_tt_ws/install/irb6640_ros2_moveit2/lib/irb6640_ros2_moveit2/moveYPR_action
[128.595s] -- Symlinking: /home/hunajpu/dev_tt_ws/install/irb6640_ros2_moveit2/share/ament_index/resource_index/package_run_dependencies/irb6640_ros2_moveit2
[128.641s] -- Symlinking: /home/hunajpu/dev_tt_ws/install/irb6640_ros2_moveit2/share/ament_index/resource_index/parent_prefix_path/irb6640_ros2_moveit2
[128.665s] -- Symlinking: /home/hunajpu/dev_tt_ws/install/irb6640_ros2_moveit2/share/irb6640_ros2_moveit2/environment/ament_prefix_path.sh
[128.686s] -- Symlinking: /home/hunajpu/dev_tt_ws/install/irb6640_ros2_moveit2/share/irb6640_ros2_moveit2/environment/ament_prefix_path.dsv
[128.699s] -- Symlinking: /home/hunajpu/dev_tt_ws/install/irb6640_ros2_moveit2/share/irb6640_ros2_moveit2/environment/path.sh
[128.713s] -- Symlinking: /home/hunajpu/dev_tt_ws/install/irb6640_ros2_moveit2/share/irb6640_ros2_moveit2/environment/path.dsv
[128.741s] -- Symlinking: /home/hunajpu/dev_tt_ws/install/irb6640_ros2_moveit2/share/irb6640_ros2_moveit2/local_setup.bash
[128.751s] -- Symlinking: /home/hunajpu/dev_tt_ws/install/irb6640_ros2_moveit2/share/irb6640_ros2_moveit2/local_setup.sh
[128.786s] -- Symlinking: /home/hunajpu/dev_tt_ws/install/irb6640_ros2_moveit2/share/irb6640_ros2_moveit2/local_setup.zsh
[128.805s] -- Symlinking: /home/hunajpu/dev_tt_ws/install/irb6640_ros2_moveit2/share/irb6640_ros2_moveit2/local_setup.dsv
[128.824s] -- Symlinking: /home/hunajpu/dev_tt_ws/install/irb6640_ros2_moveit2/share/irb6640_ros2_moveit2/package.dsv
[128.842s] -- Symlinking: /home/hunajpu/dev_tt_ws/install/irb6640_ros2_moveit2/share/ament_index/resource_index/packages/irb6640_ros2_moveit2
[128.858s] -- Symlinking: /home/hunajpu/dev_tt_ws/install/irb6640_ros2_moveit2/share/irb6640_ros2_moveit2/cmake/irb6640_ros2_moveit2Config.cmake
[128.876s] -- Symlinking: /home/hunajpu/dev_tt_ws/install/irb6640_ros2_moveit2/share/irb6640_ros2_moveit2/cmake/irb6640_ros2_moveit2Config-version.cmake
[128.893s] -- Symlinking: /home/hunajpu/dev_tt_ws/install/irb6640_ros2_moveit2/share/irb6640_ros2_moveit2/package.xml
[128.912s] Invoked command in '/home/hunajpu/dev_tt_ws/build/irb6640_ros2_moveit2' returned '0': AMENT_PREFIX_PATH=/home/hunajpu/dev_tt_ws/install/ros2_data:${AMENT_PREFIX_PATH} CMAKE_PREFIX_PATH=/home/hunajpu/dev_tt_ws/install/ros2_data:/home/hunajpu/dev_tt_ws/install/rrbot_moveit_demo_nodes:/home/hunajpu/dev_tt_ws/install/rrbot_moveit_config:/home/hunajpu/dev_tt_ws/install/rrbot_gazebo:/home/hunajpu/dev_tt_ws/install/rrbot_description:/home/hunajpu/dev_tt_ws/install/rosbridge_test_msgs:/home/hunajpu/dev_tt_ws/install/rosbridge_suite:/home/hunajpu/dev_tt_ws/install/rosbridge_server:/home/hunajpu/dev_tt_ws/install/rosbridge_msgs:/home/hunajpu/dev_tt_ws/install/rosapi:/home/hunajpu/dev_tt_ws/install/rosbridge_library:/home/hunajpu/dev_tt_ws/install/rosapi_msgs:/home/hunajpu/dev_tt_ws/install/gazebo_ros2_control_demos:/home/hunajpu/dev_tt_ws/install/gazebo_ros2_control:/opt/ros/foxy LD_LIBRARY_PATH=/home/hunajpu/dev_tt_ws/install/ros2_data/lib:${LD_LIBRARY_PATH} PYTHONPATH=/home/hunajpu/dev_tt_ws/install/ros2_data/lib/python3.8/site-packages:${PYTHONPATH} /usr/bin/cmake --install /home/hunajpu/dev_tt_ws/build/irb6640_ros2_moveit2
