/home/hunajpu/dev_tt_ws/src/ros2_RobotSimulation/UniversalRobots/UR10/ur10_ros2_moveit2/scripts/moveXYZW_action.cpp: In member function 'rclcpp_action::GoalResponse ActionServer::handle_goal(const GoalUUID&, std::shared_ptr<const ros2_data::action::MoveXYZW_Goal_<std::allocator<void> > >)':
/home/hunajpu/dev_tt_ws/src/ros2_RobotSimulation/UniversalRobots/UR10/ur10_ros2_moveit2/scripts/moveXYZW_action.cpp:79:41: warning: unused parameter 'uuid' [-Wunused-parameter]
   79 |         const rclcpp_action::GoalUUID & uuid,
      |         ~~~~~~~~~~~~~~~~~~~~~~~~~~~~~~~~^~~~
/home/hunajpu/dev_tt_ws/src/ros2_RobotSimulation/UniversalRobots/UR10/ur10_ros2_moveit2/scripts/moveXYZW_action.cpp: In member function 'void ActionServer::execute(std::shared_ptr<rclcpp_action::ServerGoalHandle<ros2_data::action::MoveXYZW> >)':
/home/hunajpu/dev_tt_ws/src/ros2_RobotSimulation/UniversalRobots/UR10/ur10_ros2_moveit2/scripts/moveXYZW_action.cpp:142:46: warning: unused variable 'joint_model_group' [-Wunused-variable]
  142 |         const moveit::core::JointModelGroup* joint_model_group = move_group_interface.getCurrentState()->getJointModelGroup("ur10_robot");
      |                                              ^~~~~~~~~~~~~~~~~
/home/hunajpu/dev_tt_ws/src/ros2_RobotSimulation/UniversalRobots/UR10/ur10_ros2_moveit2/scripts/moveXYZ_action.cpp: In member function 'rclcpp_action::GoalResponse ActionServer::handle_goal(const GoalUUID&, std::shared_ptr<const ros2_data::action::MoveXYZ_Goal_<std::allocator<void> > >)':
/home/hunajpu/dev_tt_ws/src/ros2_RobotSimulation/UniversalRobots/UR10/ur10_ros2_moveit2/scripts/moveXYZ_action.cpp:79:41: warning: unused parameter 'uuid' [-Wunused-parameter]
   79 |         const rclcpp_action::GoalUUID & uuid,
      |         ~~~~~~~~~~~~~~~~~~~~~~~~~~~~~~~~^~~~
/home/hunajpu/dev_tt_ws/src/ros2_RobotSimulation/UniversalRobots/UR10/ur10_ros2_moveit2/scripts/moveXYZ_action.cpp: In member function 'void ActionServer::execute(std::shared_ptr<rclcpp_action::ServerGoalHandle<ros2_data::action::MoveXYZ> >)':
/home/hunajpu/dev_tt_ws/src/ros2_RobotSimulation/UniversalRobots/UR10/ur10_ros2_moveit2/scripts/moveXYZ_action.cpp:135:46: warning: unused variable 'joint_model_group' [-Wunused-variable]
  135 |         const moveit::core::JointModelGroup* joint_model_group = move_group_interface.getCurrentState()->getJointModelGroup("ur10_robot");
      |                                              ^~~~~~~~~~~~~~~~~
/home/hunajpu/dev_tt_ws/src/ros2_RobotSimulation/UniversalRobots/UR10/ur10_ros2_moveit2/scripts/moveYPR_action.cpp: In member function 'rclcpp_action::GoalResponse ActionServer::handle_goal(const GoalUUID&, std::shared_ptr<const ros2_data::action::MoveYPR_Goal_<std::allocator<void> > >)':
/home/hunajpu/dev_tt_ws/src/ros2_RobotSimulation/UniversalRobots/UR10/ur10_ros2_moveit2/scripts/moveYPR_action.cpp:79:41: warning: unused parameter 'uuid' [-Wunused-parameter]
   79 |         const rclcpp_action::GoalUUID & uuid,
      |         ~~~~~~~~~~~~~~~~~~~~~~~~~~~~~~~~^~~~
/home/hunajpu/dev_tt_ws/src/ros2_RobotSimulation/UniversalRobots/UR10/ur10_ros2_moveit2/scripts/moveYPR_action.cpp: In member function 'void ActionServer::execute(std::shared_ptr<rclcpp_action::ServerGoalHandle<ros2_data::action::MoveYPR> >)':
/home/hunajpu/dev_tt_ws/src/ros2_RobotSimulation/UniversalRobots/UR10/ur10_ros2_moveit2/scripts/moveYPR_action.cpp:135:46: warning: unused variable 'joint_model_group' [-Wunused-variable]
  135 |         const moveit::core::JointModelGroup* joint_model_group = move_group_interface.getCurrentState()->getJointModelGroup("ur10_robot");
      |                                              ^~~~~~~~~~~~~~~~~
