[1.056s] Invoking command in '/home/hunajpu/dev_tt_ws/build/ur10_ros2_moveit2': CMAKE_PREFIX_PATH=/home/hunajpu/dev_tt_ws/install/ros2_data:/home/hunajpu/dev_tt_ws/install/ur5_ros2_moveit2:/home/hunajpu/dev_tt_ws/install/ur5_ros2_gazebo:/home/hunajpu/dev_tt_ws/install/ur3_ros2_moveit2:/home/hunajpu/dev_tt_ws/install/ur3_ros2_gazebo:/home/hunajpu/dev_tt_ws/install/ur10_ros2_moveit2:/home/hunajpu/dev_tt_ws/install/ur10_ros2_gazebo:/home/hunajpu/dev_tt_ws/install/rrbot_moveit_config:/home/hunajpu/dev_tt_ws/install/rrbot_gazebo:/home/hunajpu/dev_tt_ws/install/rrbot_description:/home/hunajpu/dev_tt_ws/install/rosbridge_test_msgs:/home/hunajpu/dev_tt_ws/install/rosbridge_suite:/home/hunajpu/dev_tt_ws/install/rosbridge_server:/home/hunajpu/dev_tt_ws/install/rosbridge_msgs:/home/hunajpu/dev_tt_ws/install/rosapi:/home/hunajpu/dev_tt_ws/install/rosbridge_library:/home/hunajpu/dev_tt_ws/install/rosapi_msgs:/home/hunajpu/dev_tt_ws/install/panda_ros2_moveit2:/home/hunajpu/dev_tt_ws/install/irb6640_ros2_moveit2:/home/hunajpu/dev_tt_ws/install/irb120egp64_ros2_moveit2:/home/hunajpu/dev_tt_ws/install/irb120_ros2_moveit2:/home/hunajpu/dev_tt_ws/install/panda_ros2_gazebo:/home/hunajpu/dev_tt_ws/install/irb6640_ros2_gazebo:/home/hunajpu/dev_tt_ws/install/irb120egp64_ros2_gazebo:/home/hunajpu/dev_tt_ws/install/irb120_ros2_gazebo:/home/hunajpu/dev_tt_ws/install/gazebo_ros2_control:/home/hunajpu/dev_tt_ws/install/cobots_axis_driver:/home/hunajpu/dev_tt_ws/install/rrbot_moveit_demo_nodes:/home/hunajpu/dev_tt_ws/install/gazebo_ros2_control_demos:/opt/ros/foxy LD_LIBRARY_PATH=/home/hunajpu/dev_tt_ws/install/ros2_data/lib:/home/hunajpu/dev_tt_ws/install/rosbridge_test_msgs/lib:/home/hunajpu/dev_tt_ws/install/rosbridge_msgs/lib:/home/hunajpu/dev_tt_ws/install/rosapi_msgs/lib:/home/hunajpu/dev_tt_ws/install/gazebo_ros2_control/lib:/usr/lib/x86_64-linux-gnu/gazebo-11/plugins:/opt/ros/foxy/opt/yaml_cpp_vendor/lib:/opt/ros/foxy/opt/rviz_ogre_vendor/lib:/opt/ros/foxy/lib/x86_64-linux-gnu:/opt/ros/foxy/lib PYTHONPATH=/home/hunajpu/dev_tt_ws/install/ros2_data/lib/python3.8/site-packages:/home/hunajpu/dev_tt_ws/install/rosbridge_test_msgs/lib/python3.8/site-packages:/home/hunajpu/dev_tt_ws/install/rosbridge_server/lib/python3.8/site-packages:/home/hunajpu/dev_tt_ws/install/rosbridge_msgs/lib/python3.8/site-packages:/home/hunajpu/dev_tt_ws/install/rosapi/lib/python3.8/site-packages:/home/hunajpu/dev_tt_ws/install/rosbridge_library/lib/python3.8/site-packages:/home/hunajpu/dev_tt_ws/install/rosapi_msgs/lib/python3.8/site-packages:/opt/ros/foxy/lib/python3.8/site-packages /usr/bin/cmake --build /home/hunajpu/dev_tt_ws/build/ur10_ros2_moveit2 -- -j8 -l8
[2.213s] [  8%] Building CXX object CMakeFiles/moveXYZW_action.dir/scripts/moveXYZW_action.cpp.o
[2.246s] [ 16%] Building CXX object CMakeFiles/moveJ_action.dir/scripts/moveJ_action.cpp.o
[2.261s] [ 25%] Building CXX object CMakeFiles/moveL_action.dir/scripts/moveL_action.cpp.o
[2.278s] [ 33%] Building CXX object CMakeFiles/moveR_action.dir/scripts/moveR_action.cpp.o
[2.284s] [ 41%] Building CXX object CMakeFiles/moveXYZ_action.dir/scripts/moveXYZ_action.cpp.o
[2.326s] [ 50%] Building CXX object CMakeFiles/moveYPR_action.dir/scripts/moveYPR_action.cpp.o
[18.502s] /home/hunajpu/dev_tt_ws/src/ros2_RobotSimulation/UniversalRobots/UR10/ur10_ros2_moveit2/scripts/moveXYZW_action.cpp: In member function 'rclcpp_action::GoalResponse ActionServer::handle_goal(const GoalUUID&, std::shared_ptr<const ros2_data::action::MoveXYZW_Goal_<std::allocator<void> > >)':
[18.540s] /home/hunajpu/dev_tt_ws/src/ros2_RobotSimulation/UniversalRobots/UR10/ur10_ros2_moveit2/scripts/moveXYZW_action.cpp:79:41: warning: unused parameter 'uuid' [-Wunused-parameter]
[18.540s]    79 |         const rclcpp_action::GoalUUID & uuid,
[18.540s]       |         ~~~~~~~~~~~~~~~~~~~~~~~~~~~~~~~~^~~~
[18.553s] /home/hunajpu/dev_tt_ws/src/ros2_RobotSimulation/UniversalRobots/UR10/ur10_ros2_moveit2/scripts/moveXYZW_action.cpp: In member function 'void ActionServer::execute(std::shared_ptr<rclcpp_action::ServerGoalHandle<ros2_data::action::MoveXYZW> >)':
[18.553s] /home/hunajpu/dev_tt_ws/src/ros2_RobotSimulation/UniversalRobots/UR10/ur10_ros2_moveit2/scripts/moveXYZW_action.cpp:142:46: warning: unused variable 'joint_model_group' [-Wunused-variable]
[18.553s]   142 |         const moveit::core::JointModelGroup* joint_model_group = move_group_interface.getCurrentState()->getJointModelGroup("ur10_robot");
[18.554s]       |                                              ^~~~~~~~~~~~~~~~~
[21.280s] /home/hunajpu/dev_tt_ws/src/ros2_RobotSimulation/UniversalRobots/UR10/ur10_ros2_moveit2/scripts/moveXYZ_action.cpp: In member function 'rclcpp_action::GoalResponse ActionServer::handle_goal(const GoalUUID&, std::shared_ptr<const ros2_data::action::MoveXYZ_Goal_<std::allocator<void> > >)':
[21.280s] /home/hunajpu/dev_tt_ws/src/ros2_RobotSimulation/UniversalRobots/UR10/ur10_ros2_moveit2/scripts/moveXYZ_action.cpp:79:41: warning: unused parameter 'uuid' [-Wunused-parameter]
[21.280s]    79 |         const rclcpp_action::GoalUUID & uuid,
[21.280s]       |         ~~~~~~~~~~~~~~~~~~~~~~~~~~~~~~~~^~~~
[21.292s] /home/hunajpu/dev_tt_ws/src/ros2_RobotSimulation/UniversalRobots/UR10/ur10_ros2_moveit2/scripts/moveXYZ_action.cpp: In member function 'void ActionServer::execute(std::shared_ptr<rclcpp_action::ServerGoalHandle<ros2_data::action::MoveXYZ> >)':
[21.293s] /home/hunajpu/dev_tt_ws/src/ros2_RobotSimulation/UniversalRobots/UR10/ur10_ros2_moveit2/scripts/moveXYZ_action.cpp:135:46: warning: unused variable 'joint_model_group' [-Wunused-variable]
[21.293s]   135 |         const moveit::core::JointModelGroup* joint_model_group = move_group_interface.getCurrentState()->getJointModelGroup("ur10_robot");
[21.293s]       |                                              ^~~~~~~~~~~~~~~~~
[25.267s] /home/hunajpu/dev_tt_ws/src/ros2_RobotSimulation/UniversalRobots/UR10/ur10_ros2_moveit2/scripts/moveYPR_action.cpp: In member function 'rclcpp_action::GoalResponse ActionServer::handle_goal(const GoalUUID&, std::shared_ptr<const ros2_data::action::MoveYPR_Goal_<std::allocator<void> > >)':
[25.267s] /home/hunajpu/dev_tt_ws/src/ros2_RobotSimulation/UniversalRobots/UR10/ur10_ros2_moveit2/scripts/moveYPR_action.cpp:79:41: warning: unused parameter 'uuid' [-Wunused-parameter]
[25.267s]    79 |         const rclcpp_action::GoalUUID & uuid,
[25.267s]       |         ~~~~~~~~~~~~~~~~~~~~~~~~~~~~~~~~^~~~
[25.289s] /home/hunajpu/dev_tt_ws/src/ros2_RobotSimulation/UniversalRobots/UR10/ur10_ros2_moveit2/scripts/moveYPR_action.cpp: In member function 'void ActionServer::execute(std::shared_ptr<rclcpp_action::ServerGoalHandle<ros2_data::action::MoveYPR> >)':
[25.289s] /home/hunajpu/dev_tt_ws/src/ros2_RobotSimulation/UniversalRobots/UR10/ur10_ros2_moveit2/scripts/moveYPR_action.cpp:135:46: warning: unused variable 'joint_model_group' [-Wunused-variable]
[25.290s]   135 |         const moveit::core::JointModelGroup* joint_model_group = move_group_interface.getCurrentState()->getJointModelGroup("ur10_robot");
[25.290s]       |                                              ^~~~~~~~~~~~~~~~~
