[0.175s] Invoking command in '/home/hunajpu/dev_tt_ws/build/ur10_ros2_gazebo': CMAKE_PREFIX_PATH=${CMAKE_PREFIX_PATH}:/opt/ros/foxy /usr/bin/cmake --build /home/hunajpu/dev_tt_ws/build/ur10_ros2_gazebo -- -j8 -l8
[0.475s] Invoked command in '/home/hunajpu/dev_tt_ws/build/ur10_ros2_gazebo' returned '0': CMAKE_PREFIX_PATH=${CMAKE_PREFIX_PATH}:/opt/ros/foxy /usr/bin/cmake --build /home/hunajpu/dev_tt_ws/build/ur10_ros2_gazebo -- -j8 -l8
[1.626s] Invoking command in '/home/hunajpu/dev_tt_ws/build/ur10_ros2_gazebo': CMAKE_PREFIX_PATH=${CMAKE_PREFIX_PATH}:/opt/ros/foxy /usr/bin/cmake --install /home/hunajpu/dev_tt_ws/build/ur10_ros2_gazebo
[1.876s] -- Install configuration: "Debug"
[1.880s] -- Execute custom install script
[1.885s] -- Up-to-date symlink: /home/hunajpu/dev_tt_ws/install/ur10_ros2_gazebo/share/ur10_ros2_gazebo/config/default_kinematics.yaml
[1.888s] -- Up-to-date symlink: /home/hunajpu/dev_tt_ws/install/ur10_ros2_gazebo/share/ur10_ros2_gazebo/config/initial_positions.yaml
[1.890s] -- Up-to-date symlink: /home/hunajpu/dev_tt_ws/install/ur10_ros2_gazebo/share/ur10_ros2_gazebo/config/joint_limits.yaml
[1.891s] -- Up-to-date symlink: /home/hunajpu/dev_tt_ws/install/ur10_ros2_gazebo/share/ur10_ros2_gazebo/config/physical_parameters.yaml
[1.913s] -- Up-to-date symlink: /home/hunajpu/dev_tt_ws/install/ur10_ros2_gazebo/share/ur10_ros2_gazebo/config/ur10_controller.yaml
[1.918s] -- Up-to-date symlink: /home/hunajpu/dev_tt_ws/install/ur10_ros2_gazebo/share/ur10_ros2_gazebo/config/visual_parameters.yaml
[1.919s] -- Up-to-date symlink: /home/hunajpu/dev_tt_ws/install/ur10_ros2_gazebo/share/ur10_ros2_gazebo/launch/ur10_simulation.launch.py
[1.924s] -- Up-to-date symlink: /home/hunajpu/dev_tt_ws/install/ur10_ros2_gazebo/share/ur10_ros2_gazebo/urdf/ur10.urdf.xacro
[1.925s] -- Up-to-date symlink: /home/hunajpu/dev_tt_ws/install/ur10_ros2_gazebo/share/ur10_ros2_gazebo/urdf/ur10_common.xacro
[1.926s] -- Up-to-date symlink: /home/hunajpu/dev_tt_ws/install/ur10_ros2_gazebo/share/ur10_ros2_gazebo/urdf/ur10_gazebo.xacro
[1.927s] -- Up-to-date symlink: /home/hunajpu/dev_tt_ws/install/ur10_ros2_gazebo/share/ur10_ros2_gazebo/urdf/ur10_macro.urdf.xacro
[1.928s] -- Up-to-date symlink: /home/hunajpu/dev_tt_ws/install/ur10_ros2_gazebo/share/ur10_ros2_gazebo/urdf/ur10_transmission.xacro
[1.929s] -- Up-to-date symlink: /home/hunajpu/dev_tt_ws/install/ur10_ros2_gazebo/share/ur10_ros2_gazebo/worlds/ur10.world
[1.931s] -- Up-to-date symlink: /home/hunajpu/dev_tt_ws/install/ur10_ros2_gazebo/share/ur10_ros2_gazebo/meshes/collision/base.stl
[1.935s] -- Up-to-date symlink: /home/hunajpu/dev_tt_ws/install/ur10_ros2_gazebo/share/ur10_ros2_gazebo/meshes/collision/forearm.stl
[1.936s] -- Up-to-date symlink: /home/hunajpu/dev_tt_ws/install/ur10_ros2_gazebo/share/ur10_ros2_gazebo/meshes/collision/shoulder.stl
[1.938s] -- Up-to-date symlink: /home/hunajpu/dev_tt_ws/install/ur10_ros2_gazebo/share/ur10_ros2_gazebo/meshes/collision/upperarm.stl
[1.939s] -- Up-to-date symlink: /home/hunajpu/dev_tt_ws/install/ur10_ros2_gazebo/share/ur10_ros2_gazebo/meshes/collision/wrist1.stl
[1.940s] -- Up-to-date symlink: /home/hunajpu/dev_tt_ws/install/ur10_ros2_gazebo/share/ur10_ros2_gazebo/meshes/collision/wrist2.stl
[1.941s] -- Up-to-date symlink: /home/hunajpu/dev_tt_ws/install/ur10_ros2_gazebo/share/ur10_ros2_gazebo/meshes/collision/wrist3.stl
[1.943s] -- Up-to-date symlink: /home/hunajpu/dev_tt_ws/install/ur10_ros2_gazebo/share/ur10_ros2_gazebo/meshes/visual/base.dae
[1.944s] -- Up-to-date symlink: /home/hunajpu/dev_tt_ws/install/ur10_ros2_gazebo/share/ur10_ros2_gazebo/meshes/visual/forearm.dae
[1.945s] -- Up-to-date symlink: /home/hunajpu/dev_tt_ws/install/ur10_ros2_gazebo/share/ur10_ros2_gazebo/meshes/visual/shoulder.dae
[1.946s] -- Up-to-date symlink: /home/hunajpu/dev_tt_ws/install/ur10_ros2_gazebo/share/ur10_ros2_gazebo/meshes/visual/upperarm.dae
[1.947s] -- Up-to-date symlink: /home/hunajpu/dev_tt_ws/install/ur10_ros2_gazebo/share/ur10_ros2_gazebo/meshes/visual/wrist1.dae
[1.948s] -- Up-to-date symlink: /home/hunajpu/dev_tt_ws/install/ur10_ros2_gazebo/share/ur10_ros2_gazebo/meshes/visual/wrist2.dae
[1.987s] -- Up-to-date symlink: /home/hunajpu/dev_tt_ws/install/ur10_ros2_gazebo/share/ur10_ros2_gazebo/meshes/visual/wrist3.dae
[1.991s] -- Up-to-date symlink: /home/hunajpu/dev_tt_ws/install/ur10_ros2_gazebo/share/ament_index/resource_index/package_run_dependencies/ur10_ros2_gazebo
[1.992s] -- Up-to-date symlink: /home/hunajpu/dev_tt_ws/install/ur10_ros2_gazebo/share/ament_index/resource_index/parent_prefix_path/ur10_ros2_gazebo
[1.993s] -- Up-to-date symlink: /home/hunajpu/dev_tt_ws/install/ur10_ros2_gazebo/share/ur10_ros2_gazebo/environment/ament_prefix_path.sh
[1.997s] -- Up-to-date symlink: /home/hunajpu/dev_tt_ws/install/ur10_ros2_gazebo/share/ur10_ros2_gazebo/environment/ament_prefix_path.dsv
[1.998s] -- Up-to-date symlink: /home/hunajpu/dev_tt_ws/install/ur10_ros2_gazebo/share/ur10_ros2_gazebo/environment/path.sh
[1.999s] -- Up-to-date symlink: /home/hunajpu/dev_tt_ws/install/ur10_ros2_gazebo/share/ur10_ros2_gazebo/environment/path.dsv
[2.001s] -- Up-to-date symlink: /home/hunajpu/dev_tt_ws/install/ur10_ros2_gazebo/share/ur10_ros2_gazebo/local_setup.bash
[2.002s] -- Up-to-date symlink: /home/hunajpu/dev_tt_ws/install/ur10_ros2_gazebo/share/ur10_ros2_gazebo/local_setup.sh
[2.003s] -- Up-to-date symlink: /home/hunajpu/dev_tt_ws/install/ur10_ros2_gazebo/share/ur10_ros2_gazebo/local_setup.zsh
[2.004s] -- Up-to-date symlink: /home/hunajpu/dev_tt_ws/install/ur10_ros2_gazebo/share/ur10_ros2_gazebo/local_setup.dsv
[2.005s] -- Symlinking: /home/hunajpu/dev_tt_ws/install/ur10_ros2_gazebo/share/ur10_ros2_gazebo/package.dsv
[2.006s] -- Up-to-date symlink: /home/hunajpu/dev_tt_ws/install/ur10_ros2_gazebo/share/ament_index/resource_index/packages/ur10_ros2_gazebo
[2.007s] -- Up-to-date symlink: /home/hunajpu/dev_tt_ws/install/ur10_ros2_gazebo/share/ur10_ros2_gazebo/cmake/ur10_ros2_gazeboConfig.cmake
[2.008s] -- Up-to-date symlink: /home/hunajpu/dev_tt_ws/install/ur10_ros2_gazebo/share/ur10_ros2_gazebo/cmake/ur10_ros2_gazeboConfig-version.cmake
[2.009s] -- Up-to-date symlink: /home/hunajpu/dev_tt_ws/install/ur10_ros2_gazebo/share/ur10_ros2_gazebo/package.xml
[2.215s] Invoked command in '/home/hunajpu/dev_tt_ws/build/ur10_ros2_gazebo' returned '0': CMAKE_PREFIX_PATH=${CMAKE_PREFIX_PATH}:/opt/ros/foxy /usr/bin/cmake --install /home/hunajpu/dev_tt_ws/build/ur10_ros2_gazebo
