[0.097s] Invoking command in '/home/hunajpu/dev_tt_ws/build/rosbridge_library': CMAKE_PREFIX_PATH=/home/hunajpu/dev_tt_ws/install/rosbridge_test_msgs:/home/hunajpu/dev_tt_ws/install/ur5_ros2_moveit2:/home/hunajpu/dev_tt_ws/install/ur5_ros2_gazebo:/home/hunajpu/dev_tt_ws/install/ur3_ros2_moveit2:/home/hunajpu/dev_tt_ws/install/ur3_ros2_gazebo:/home/hunajpu/dev_tt_ws/install/ur10_ros2_moveit2:/home/hunajpu/dev_tt_ws/install/ur10_ros2_gazebo:/home/hunajpu/dev_tt_ws/install/rrbot_moveit_demo_nodes:/home/hunajpu/dev_tt_ws/install/rrbot_moveit_config:/home/hunajpu/dev_tt_ws/install/rrbot_gazebo:/home/hunajpu/dev_tt_ws/install/rrbot_description:/home/hunajpu/dev_tt_ws/install/rosbridge_suite:/home/hunajpu/dev_tt_ws/install/rosbridge_server:/home/hunajpu/dev_tt_ws/install/rosbridge_msgs:/home/hunajpu/dev_tt_ws/install/rosapi:/home/hunajpu/dev_tt_ws/install/rosbridge_library:/home/hunajpu/dev_tt_ws/install/rosapi_msgs:/home/hunajpu/dev_tt_ws/install/panda_ros2_moveit2:/home/hunajpu/dev_tt_ws/install/irb6640_ros2_moveit2:/home/hunajpu/dev_tt_ws/install/irb120egp64_ros2_moveit2:/home/hunajpu/dev_tt_ws/install/irb120_ros2_moveit2:/home/hunajpu/dev_tt_ws/install/ros2_data:/home/hunajpu/dev_tt_ws/install/panda_ros2_gazebo:/home/hunajpu/dev_tt_ws/install/irb6640_ros2_gazebo:/home/hunajpu/dev_tt_ws/install/irb120egp64_ros2_gazebo:/home/hunajpu/dev_tt_ws/install/irb120_ros2_gazebo:/home/hunajpu/dev_tt_ws/install/gazebo_ros2_control_demos:/home/hunajpu/dev_tt_ws/install/gazebo_ros2_control:/home/hunajpu/dev_tt_ws/install/cobots_axis_gui:/home/hunajpu/dev_tt_ws/install/cobots_axis_driver:/opt/ros/foxy /usr/bin/cmake --build /home/hunajpu/dev_tt_ws/build/rosbridge_library -- -j8 -l8
[0.282s] Invoked command in '/home/hunajpu/dev_tt_ws/build/rosbridge_library' returned '0': CMAKE_PREFIX_PATH=/home/hunajpu/dev_tt_ws/install/rosbridge_test_msgs:/home/hunajpu/dev_tt_ws/install/ur5_ros2_moveit2:/home/hunajpu/dev_tt_ws/install/ur5_ros2_gazebo:/home/hunajpu/dev_tt_ws/install/ur3_ros2_moveit2:/home/hunajpu/dev_tt_ws/install/ur3_ros2_gazebo:/home/hunajpu/dev_tt_ws/install/ur10_ros2_moveit2:/home/hunajpu/dev_tt_ws/install/ur10_ros2_gazebo:/home/hunajpu/dev_tt_ws/install/rrbot_moveit_demo_nodes:/home/hunajpu/dev_tt_ws/install/rrbot_moveit_config:/home/hunajpu/dev_tt_ws/install/rrbot_gazebo:/home/hunajpu/dev_tt_ws/install/rrbot_description:/home/hunajpu/dev_tt_ws/install/rosbridge_suite:/home/hunajpu/dev_tt_ws/install/rosbridge_server:/home/hunajpu/dev_tt_ws/install/rosbridge_msgs:/home/hunajpu/dev_tt_ws/install/rosapi:/home/hunajpu/dev_tt_ws/install/rosbridge_library:/home/hunajpu/dev_tt_ws/install/rosapi_msgs:/home/hunajpu/dev_tt_ws/install/panda_ros2_moveit2:/home/hunajpu/dev_tt_ws/install/irb6640_ros2_moveit2:/home/hunajpu/dev_tt_ws/install/irb120egp64_ros2_moveit2:/home/hunajpu/dev_tt_ws/install/irb120_ros2_moveit2:/home/hunajpu/dev_tt_ws/install/ros2_data:/home/hunajpu/dev_tt_ws/install/panda_ros2_gazebo:/home/hunajpu/dev_tt_ws/install/irb6640_ros2_gazebo:/home/hunajpu/dev_tt_ws/install/irb120egp64_ros2_gazebo:/home/hunajpu/dev_tt_ws/install/irb120_ros2_gazebo:/home/hunajpu/dev_tt_ws/install/gazebo_ros2_control_demos:/home/hunajpu/dev_tt_ws/install/gazebo_ros2_control:/home/hunajpu/dev_tt_ws/install/cobots_axis_gui:/home/hunajpu/dev_tt_ws/install/cobots_axis_driver:/opt/ros/foxy /usr/bin/cmake --build /home/hunajpu/dev_tt_ws/build/rosbridge_library -- -j8 -l8
[0.374s] Invoking command in '/home/hunajpu/dev_tt_ws/build/rosbridge_library': CMAKE_PREFIX_PATH=/home/hunajpu/dev_tt_ws/install/rosbridge_test_msgs:/home/hunajpu/dev_tt_ws/install/ur5_ros2_moveit2:/home/hunajpu/dev_tt_ws/install/ur5_ros2_gazebo:/home/hunajpu/dev_tt_ws/install/ur3_ros2_moveit2:/home/hunajpu/dev_tt_ws/install/ur3_ros2_gazebo:/home/hunajpu/dev_tt_ws/install/ur10_ros2_moveit2:/home/hunajpu/dev_tt_ws/install/ur10_ros2_gazebo:/home/hunajpu/dev_tt_ws/install/rrbot_moveit_demo_nodes:/home/hunajpu/dev_tt_ws/install/rrbot_moveit_config:/home/hunajpu/dev_tt_ws/install/rrbot_gazebo:/home/hunajpu/dev_tt_ws/install/rrbot_description:/home/hunajpu/dev_tt_ws/install/rosbridge_suite:/home/hunajpu/dev_tt_ws/install/rosbridge_server:/home/hunajpu/dev_tt_ws/install/rosbridge_msgs:/home/hunajpu/dev_tt_ws/install/rosapi:/home/hunajpu/dev_tt_ws/install/rosbridge_library:/home/hunajpu/dev_tt_ws/install/rosapi_msgs:/home/hunajpu/dev_tt_ws/install/panda_ros2_moveit2:/home/hunajpu/dev_tt_ws/install/irb6640_ros2_moveit2:/home/hunajpu/dev_tt_ws/install/irb120egp64_ros2_moveit2:/home/hunajpu/dev_tt_ws/install/irb120_ros2_moveit2:/home/hunajpu/dev_tt_ws/install/ros2_data:/home/hunajpu/dev_tt_ws/install/panda_ros2_gazebo:/home/hunajpu/dev_tt_ws/install/irb6640_ros2_gazebo:/home/hunajpu/dev_tt_ws/install/irb120egp64_ros2_gazebo:/home/hunajpu/dev_tt_ws/install/irb120_ros2_gazebo:/home/hunajpu/dev_tt_ws/install/gazebo_ros2_control_demos:/home/hunajpu/dev_tt_ws/install/gazebo_ros2_control:/home/hunajpu/dev_tt_ws/install/cobots_axis_gui:/home/hunajpu/dev_tt_ws/install/cobots_axis_driver:/opt/ros/foxy /usr/bin/cmake --install /home/hunajpu/dev_tt_ws/build/rosbridge_library
[0.381s] -- Install configuration: "Debug"
[0.381s] -- Execute custom install script
[0.382s] -- Up-to-date symlink: /home/hunajpu/dev_tt_ws/install/rosbridge_library/share/rosbridge_library/environment/pythonpath.sh
[0.382s] -- Up-to-date symlink: /home/hunajpu/dev_tt_ws/install/rosbridge_library/share/rosbridge_library/environment/pythonpath.dsv
[0.382s] -- Up-to-date symlink: /home/hunajpu/dev_tt_ws/install/rosbridge_library/lib/python3.8/site-packages/rosbridge_library/__init__.py
[0.382s] -- Up-to-date symlink: /home/hunajpu/dev_tt_ws/install/rosbridge_library/lib/python3.8/site-packages/rosbridge_library/capabilities/__init__.py
[0.383s] -- Up-to-date symlink: /home/hunajpu/dev_tt_ws/install/rosbridge_library/lib/python3.8/site-packages/rosbridge_library/capabilities/advertise.py
[0.383s] -- Up-to-date symlink: /home/hunajpu/dev_tt_ws/install/rosbridge_library/lib/python3.8/site-packages/rosbridge_library/capabilities/advertise_service.py
[0.383s] -- Up-to-date symlink: /home/hunajpu/dev_tt_ws/install/rosbridge_library/lib/python3.8/site-packages/rosbridge_library/capabilities/call_service.py
[0.383s] -- Up-to-date symlink: /home/hunajpu/dev_tt_ws/install/rosbridge_library/lib/python3.8/site-packages/rosbridge_library/capabilities/defragmentation.py
[0.384s] -- Up-to-date symlink: /home/hunajpu/dev_tt_ws/install/rosbridge_library/lib/python3.8/site-packages/rosbridge_library/capabilities/fragmentation.py
[0.384s] -- Up-to-date symlink: /home/hunajpu/dev_tt_ws/install/rosbridge_library/lib/python3.8/site-packages/rosbridge_library/capabilities/publish.py
[0.385s] -- Up-to-date symlink: /home/hunajpu/dev_tt_ws/install/rosbridge_library/lib/python3.8/site-packages/rosbridge_library/capabilities/service_response.py
[0.385s] -- Up-to-date symlink: /home/hunajpu/dev_tt_ws/install/rosbridge_library/lib/python3.8/site-packages/rosbridge_library/capabilities/subscribe.py
[0.385s] -- Up-to-date symlink: /home/hunajpu/dev_tt_ws/install/rosbridge_library/lib/python3.8/site-packages/rosbridge_library/capabilities/unadvertise_service.py
[0.385s] -- Up-to-date symlink: /home/hunajpu/dev_tt_ws/install/rosbridge_library/lib/python3.8/site-packages/rosbridge_library/capability.py
[0.386s] -- Up-to-date symlink: /home/hunajpu/dev_tt_ws/install/rosbridge_library/lib/python3.8/site-packages/rosbridge_library/internal/__init__.py
[0.386s] -- Up-to-date symlink: /home/hunajpu/dev_tt_ws/install/rosbridge_library/lib/python3.8/site-packages/rosbridge_library/internal/cbor_conversion.py
[0.388s] -- Up-to-date symlink: /home/hunajpu/dev_tt_ws/install/rosbridge_library/lib/python3.8/site-packages/rosbridge_library/internal/exceptions.py
[0.388s] -- Up-to-date symlink: /home/hunajpu/dev_tt_ws/install/rosbridge_library/lib/python3.8/site-packages/rosbridge_library/internal/message_conversion.py
[0.388s] -- Up-to-date symlink: /home/hunajpu/dev_tt_ws/install/rosbridge_library/lib/python3.8/site-packages/rosbridge_library/internal/outgoing_message.py
[0.389s] -- Up-to-date symlink: /home/hunajpu/dev_tt_ws/install/rosbridge_library/lib/python3.8/site-packages/rosbridge_library/internal/pngcompression.py
[0.393s] -- Up-to-date symlink: /home/hunajpu/dev_tt_ws/install/rosbridge_library/lib/python3.8/site-packages/rosbridge_library/internal/publishers.py
[0.394s] -- Up-to-date symlink: /home/hunajpu/dev_tt_ws/install/rosbridge_library/lib/python3.8/site-packages/rosbridge_library/internal/ros_loader.py
[0.395s] -- Up-to-date symlink: /home/hunajpu/dev_tt_ws/install/rosbridge_library/lib/python3.8/site-packages/rosbridge_library/internal/services.py
[0.396s] -- Up-to-date symlink: /home/hunajpu/dev_tt_ws/install/rosbridge_library/lib/python3.8/site-packages/rosbridge_library/internal/subscribers.py
[0.396s] -- Up-to-date symlink: /home/hunajpu/dev_tt_ws/install/rosbridge_library/lib/python3.8/site-packages/rosbridge_library/internal/subscription_modifiers.py
[0.398s] -- Up-to-date symlink: /home/hunajpu/dev_tt_ws/install/rosbridge_library/lib/python3.8/site-packages/rosbridge_library/internal/topics.py
[0.405s] -- Up-to-date symlink: /home/hunajpu/dev_tt_ws/install/rosbridge_library/lib/python3.8/site-packages/rosbridge_library/protocol.py
[0.407s] -- Up-to-date symlink: /home/hunajpu/dev_tt_ws/install/rosbridge_library/lib/python3.8/site-packages/rosbridge_library/rosbridge_protocol.py
[0.409s] -- Up-to-date symlink: /home/hunajpu/dev_tt_ws/install/rosbridge_library/lib/python3.8/site-packages/rosbridge_library/util/__init__.py
[0.409s] -- Up-to-date symlink: /home/hunajpu/dev_tt_ws/install/rosbridge_library/lib/python3.8/site-packages/rosbridge_library/util/cbor.py
[0.409s] -- Up-to-date symlink: /home/hunajpu/dev_tt_ws/install/rosbridge_library/share/ament_index/resource_index/package_run_dependencies/rosbridge_library
[0.409s] -- Up-to-date symlink: /home/hunajpu/dev_tt_ws/install/rosbridge_library/share/ament_index/resource_index/parent_prefix_path/rosbridge_library
[0.410s] -- Up-to-date symlink: /home/hunajpu/dev_tt_ws/install/rosbridge_library/share/rosbridge_library/environment/ament_prefix_path.sh
[0.410s] -- Up-to-date symlink: /home/hunajpu/dev_tt_ws/install/rosbridge_library/share/rosbridge_library/environment/ament_prefix_path.dsv
[0.410s] -- Up-to-date symlink: /home/hunajpu/dev_tt_ws/install/rosbridge_library/share/rosbridge_library/environment/path.sh
[0.411s] -- Up-to-date symlink: /home/hunajpu/dev_tt_ws/install/rosbridge_library/share/rosbridge_library/environment/path.dsv
[0.411s] -- Up-to-date symlink: /home/hunajpu/dev_tt_ws/install/rosbridge_library/share/rosbridge_library/local_setup.bash
[0.411s] -- Up-to-date symlink: /home/hunajpu/dev_tt_ws/install/rosbridge_library/share/rosbridge_library/local_setup.sh
[0.411s] -- Up-to-date symlink: /home/hunajpu/dev_tt_ws/install/rosbridge_library/share/rosbridge_library/local_setup.zsh
[0.416s] -- Up-to-date symlink: /home/hunajpu/dev_tt_ws/install/rosbridge_library/share/rosbridge_library/local_setup.dsv
[0.418s] -- Symlinking: /home/hunajpu/dev_tt_ws/install/rosbridge_library/share/rosbridge_library/package.dsv
[0.425s] -- Up-to-date symlink: /home/hunajpu/dev_tt_ws/install/rosbridge_library/share/ament_index/resource_index/packages/rosbridge_library
[0.426s] -- Up-to-date symlink: /home/hunajpu/dev_tt_ws/install/rosbridge_library/share/rosbridge_library/cmake/rosbridge_libraryConfig.cmake
[0.427s] -- Up-to-date symlink: /home/hunajpu/dev_tt_ws/install/rosbridge_library/share/rosbridge_library/cmake/rosbridge_libraryConfig-version.cmake
[0.439s] -- Up-to-date symlink: /home/hunajpu/dev_tt_ws/install/rosbridge_library/share/rosbridge_library/package.xml
[0.481s] Listing '/home/hunajpu/dev_tt_ws/install/rosbridge_library/lib/python3.8/site-packages/rosbridge_library'...
[0.481s] Listing '/home/hunajpu/dev_tt_ws/install/rosbridge_library/lib/python3.8/site-packages/rosbridge_library/capabilities'...
[0.481s] Listing '/home/hunajpu/dev_tt_ws/install/rosbridge_library/lib/python3.8/site-packages/rosbridge_library/internal'...
[0.481s] Listing '/home/hunajpu/dev_tt_ws/install/rosbridge_library/lib/python3.8/site-packages/rosbridge_library/util'...
[0.523s] Invoked command in '/home/hunajpu/dev_tt_ws/build/rosbridge_library' returned '0': CMAKE_PREFIX_PATH=/home/hunajpu/dev_tt_ws/install/rosbridge_test_msgs:/home/hunajpu/dev_tt_ws/install/ur5_ros2_moveit2:/home/hunajpu/dev_tt_ws/install/ur5_ros2_gazebo:/home/hunajpu/dev_tt_ws/install/ur3_ros2_moveit2:/home/hunajpu/dev_tt_ws/install/ur3_ros2_gazebo:/home/hunajpu/dev_tt_ws/install/ur10_ros2_moveit2:/home/hunajpu/dev_tt_ws/install/ur10_ros2_gazebo:/home/hunajpu/dev_tt_ws/install/rrbot_moveit_demo_nodes:/home/hunajpu/dev_tt_ws/install/rrbot_moveit_config:/home/hunajpu/dev_tt_ws/install/rrbot_gazebo:/home/hunajpu/dev_tt_ws/install/rrbot_description:/home/hunajpu/dev_tt_ws/install/rosbridge_suite:/home/hunajpu/dev_tt_ws/install/rosbridge_server:/home/hunajpu/dev_tt_ws/install/rosbridge_msgs:/home/hunajpu/dev_tt_ws/install/rosapi:/home/hunajpu/dev_tt_ws/install/rosbridge_library:/home/hunajpu/dev_tt_ws/install/rosapi_msgs:/home/hunajpu/dev_tt_ws/install/panda_ros2_moveit2:/home/hunajpu/dev_tt_ws/install/irb6640_ros2_moveit2:/home/hunajpu/dev_tt_ws/install/irb120egp64_ros2_moveit2:/home/hunajpu/dev_tt_ws/install/irb120_ros2_moveit2:/home/hunajpu/dev_tt_ws/install/ros2_data:/home/hunajpu/dev_tt_ws/install/panda_ros2_gazebo:/home/hunajpu/dev_tt_ws/install/irb6640_ros2_gazebo:/home/hunajpu/dev_tt_ws/install/irb120egp64_ros2_gazebo:/home/hunajpu/dev_tt_ws/install/irb120_ros2_gazebo:/home/hunajpu/dev_tt_ws/install/gazebo_ros2_control_demos:/home/hunajpu/dev_tt_ws/install/gazebo_ros2_control:/home/hunajpu/dev_tt_ws/install/cobots_axis_gui:/home/hunajpu/dev_tt_ws/install/cobots_axis_driver:/opt/ros/foxy /usr/bin/cmake --install /home/hunajpu/dev_tt_ws/build/rosbridge_library
