[0.124s] Invoking command in '/home/hunajpu/dev_tt_ws/build/rosbridge_msgs': CMAKE_PREFIX_PATH=${CMAKE_PREFIX_PATH}:/opt/ros/foxy /usr/bin/cmake --build /home/hunajpu/dev_tt_ws/build/rosbridge_msgs -- -j8 -l8
[0.316s] [  2%] Built target rosbridge_msgs__cpp
[0.323s] [ 12%] Built target rosbridge_msgs__rosidl_generator_c
[0.422s] [ 23%] Built target rosbridge_msgs__rosidl_typesupport_cpp
[0.466s] [ 35%] Built target rosbridge_msgs__rosidl_typesupport_introspection_cpp
[0.467s] [ 46%] Built target rosbridge_msgs__rosidl_typesupport_fastrtps_cpp
[0.469s] [ 53%] Built target rosbridge_msgs__rosidl_typesupport_introspection_c
[0.511s] [ 64%] Built target rosbridge_msgs__rosidl_typesupport_c
[0.579s] [ 74%] Built target rosbridge_msgs__rosidl_typesupport_fastrtps_c
[0.612s] [ 74%] Built target rosbridge_msgs
[0.650s] [ 76%] Built target rosbridge_msgs__py
[0.713s] [ 84%] Built target rosbridge_msgs__python
[0.767s] [ 89%] Built target rosbridge_msgs__rosidl_typesupport_fastrtps_c__pyext
[0.774s] [ 94%] Built target rosbridge_msgs__rosidl_typesupport_c__pyext
[0.781s] [100%] Built target rosbridge_msgs__rosidl_typesupport_introspection_c__pyext
[0.944s] Invoked command in '/home/hunajpu/dev_tt_ws/build/rosbridge_msgs' returned '0': CMAKE_PREFIX_PATH=${CMAKE_PREFIX_PATH}:/opt/ros/foxy /usr/bin/cmake --build /home/hunajpu/dev_tt_ws/build/rosbridge_msgs -- -j8 -l8
[1.109s] Invoking command in '/home/hunajpu/dev_tt_ws/build/rosbridge_msgs': CMAKE_PREFIX_PATH=${CMAKE_PREFIX_PATH}:/opt/ros/foxy /usr/bin/cmake --install /home/hunajpu/dev_tt_ws/build/rosbridge_msgs
[1.131s] -- Install configuration: "Debug"
[1.132s] -- Execute custom install script
[1.132s] -- Up-to-date symlink: /home/hunajpu/dev_tt_ws/install/rosbridge_msgs/share/ament_index/resource_index/rosidl_interfaces/rosbridge_msgs
[1.132s] -- Up-to-date symlink: /home/hunajpu/dev_tt_ws/install/rosbridge_msgs/include/rosbridge_msgs/msg/connected_client.h
[1.132s] -- Up-to-date symlink: /home/hunajpu/dev_tt_ws/install/rosbridge_msgs/include/rosbridge_msgs/msg/connected_clients.h
[1.132s] -- Up-to-date symlink: /home/hunajpu/dev_tt_ws/install/rosbridge_msgs/include/rosbridge_msgs/msg/detail/connected_client__functions.h
[1.132s] -- Up-to-date symlink: /home/hunajpu/dev_tt_ws/install/rosbridge_msgs/include/rosbridge_msgs/msg/detail/connected_client__struct.h
[1.133s] -- Up-to-date symlink: /home/hunajpu/dev_tt_ws/install/rosbridge_msgs/include/rosbridge_msgs/msg/detail/connected_client__type_support.h
[1.134s] -- Up-to-date symlink: /home/hunajpu/dev_tt_ws/install/rosbridge_msgs/include/rosbridge_msgs/msg/detail/connected_clients__functions.h
[1.134s] -- Up-to-date symlink: /home/hunajpu/dev_tt_ws/install/rosbridge_msgs/include/rosbridge_msgs/msg/detail/connected_clients__struct.h
[1.134s] -- Up-to-date symlink: /home/hunajpu/dev_tt_ws/install/rosbridge_msgs/include/rosbridge_msgs/msg/detail/connected_clients__type_support.h
[1.135s] -- Up-to-date symlink: /home/hunajpu/dev_tt_ws/install/rosbridge_msgs/include/rosbridge_msgs/msg/rosidl_generator_c__visibility_control.h
[1.135s] -- Up-to-date symlink: /home/hunajpu/dev_tt_ws/install/rosbridge_msgs/share/rosbridge_msgs/environment/library_path.sh
[1.135s] -- Up-to-date symlink: /home/hunajpu/dev_tt_ws/install/rosbridge_msgs/share/rosbridge_msgs/environment/library_path.dsv
[1.135s] -- Up-to-date symlink: /home/hunajpu/dev_tt_ws/install/rosbridge_msgs/include/rosbridge_msgs/msg/detail/connected_client__rosidl_typesupport_fastrtps_c.h
[1.136s] -- Up-to-date symlink: /home/hunajpu/dev_tt_ws/install/rosbridge_msgs/include/rosbridge_msgs/msg/detail/connected_clients__rosidl_typesupport_fastrtps_c.h
[1.136s] -- Up-to-date symlink: /home/hunajpu/dev_tt_ws/install/rosbridge_msgs/include/rosbridge_msgs/msg/rosidl_typesupport_fastrtps_c__visibility_control.h
[1.136s] -- Up-to-date symlink: /home/hunajpu/dev_tt_ws/install/rosbridge_msgs/lib/librosbridge_msgs__rosidl_typesupport_fastrtps_c.so
[1.137s] -- Up-to-date symlink: /home/hunajpu/dev_tt_ws/install/rosbridge_msgs/include/rosbridge_msgs/msg/detail/connected_client__rosidl_typesupport_fastrtps_cpp.hpp
[1.137s] -- Up-to-date symlink: /home/hunajpu/dev_tt_ws/install/rosbridge_msgs/include/rosbridge_msgs/msg/detail/connected_clients__rosidl_typesupport_fastrtps_cpp.hpp
[1.137s] -- Up-to-date symlink: /home/hunajpu/dev_tt_ws/install/rosbridge_msgs/include/rosbridge_msgs/msg/rosidl_typesupport_fastrtps_cpp__visibility_control.h
[1.138s] -- Up-to-date symlink: /home/hunajpu/dev_tt_ws/install/rosbridge_msgs/lib/librosbridge_msgs__rosidl_typesupport_fastrtps_cpp.so
[1.139s] -- Up-to-date symlink: /home/hunajpu/dev_tt_ws/install/rosbridge_msgs/include/rosbridge_msgs/msg/detail/connected_client__rosidl_typesupport_introspection_c.h
[1.139s] -- Up-to-date symlink: /home/hunajpu/dev_tt_ws/install/rosbridge_msgs/include/rosbridge_msgs/msg/detail/connected_clients__rosidl_typesupport_introspection_c.h
[1.139s] -- Up-to-date symlink: /home/hunajpu/dev_tt_ws/install/rosbridge_msgs/include/rosbridge_msgs/msg/rosidl_typesupport_introspection_c__visibility_control.h
[1.140s] -- Up-to-date symlink: /home/hunajpu/dev_tt_ws/install/rosbridge_msgs/include/rosbridge_msgs/msg/connected_client.hpp
[1.140s] -- Up-to-date symlink: /home/hunajpu/dev_tt_ws/install/rosbridge_msgs/include/rosbridge_msgs/msg/connected_clients.hpp
[1.140s] -- Up-to-date symlink: /home/hunajpu/dev_tt_ws/install/rosbridge_msgs/include/rosbridge_msgs/msg/detail/connected_client__builder.hpp
[1.141s] -- Up-to-date symlink: /home/hunajpu/dev_tt_ws/install/rosbridge_msgs/include/rosbridge_msgs/msg/detail/connected_client__struct.hpp
[1.141s] -- Up-to-date symlink: /home/hunajpu/dev_tt_ws/install/rosbridge_msgs/include/rosbridge_msgs/msg/detail/connected_client__traits.hpp
[1.142s] -- Up-to-date symlink: /home/hunajpu/dev_tt_ws/install/rosbridge_msgs/include/rosbridge_msgs/msg/detail/connected_clients__builder.hpp
[1.142s] -- Up-to-date symlink: /home/hunajpu/dev_tt_ws/install/rosbridge_msgs/include/rosbridge_msgs/msg/detail/connected_clients__struct.hpp
[1.142s] -- Up-to-date symlink: /home/hunajpu/dev_tt_ws/install/rosbridge_msgs/include/rosbridge_msgs/msg/detail/connected_clients__traits.hpp
[1.143s] -- Up-to-date symlink: /home/hunajpu/dev_tt_ws/install/rosbridge_msgs/include/rosbridge_msgs/msg/detail/connected_client__rosidl_typesupport_introspection_cpp.hpp
[1.143s] -- Up-to-date symlink: /home/hunajpu/dev_tt_ws/install/rosbridge_msgs/include/rosbridge_msgs/msg/detail/connected_clients__rosidl_typesupport_introspection_cpp.hpp
[1.144s] -- Up-to-date symlink: /home/hunajpu/dev_tt_ws/install/rosbridge_msgs/share/rosbridge_msgs/environment/pythonpath.sh
[1.144s] -- Up-to-date symlink: /home/hunajpu/dev_tt_ws/install/rosbridge_msgs/share/rosbridge_msgs/environment/pythonpath.dsv
[1.145s] -- Up-to-date symlink: /home/hunajpu/dev_tt_ws/install/rosbridge_msgs/lib/python3.8/site-packages/rosbridge_msgs/__init__.py
[1.147s] -- Up-to-date symlink: /home/hunajpu/dev_tt_ws/install/rosbridge_msgs/lib/python3.8/site-packages/rosbridge_msgs/msg/__init__.py
[1.147s] -- Up-to-date symlink: /home/hunajpu/dev_tt_ws/install/rosbridge_msgs/lib/python3.8/site-packages/rosbridge_msgs/msg/_connected_client.py
[1.147s] -- Up-to-date symlink: /home/hunajpu/dev_tt_ws/install/rosbridge_msgs/lib/python3.8/site-packages/rosbridge_msgs/msg/_connected_clients.py
[1.148s] -- Up-to-date symlink: /home/hunajpu/dev_tt_ws/install/rosbridge_msgs/lib/python3.8/site-packages/rosbridge_msgs/rosbridge_msgs_s__rosidl_typesupport_fastrtps_c.cpython-38-x86_64-linux-gnu.so
[1.149s] -- Up-to-date symlink: /home/hunajpu/dev_tt_ws/install/rosbridge_msgs/lib/python3.8/site-packages/rosbridge_msgs/rosbridge_msgs_s__rosidl_typesupport_introspection_c.cpython-38-x86_64-linux-gnu.so
[1.149s] -- Up-to-date symlink: /home/hunajpu/dev_tt_ws/install/rosbridge_msgs/lib/python3.8/site-packages/rosbridge_msgs/rosbridge_msgs_s__rosidl_typesupport_c.cpython-38-x86_64-linux-gnu.so
[1.150s] -- Up-to-date symlink: /home/hunajpu/dev_tt_ws/install/rosbridge_msgs/lib/librosbridge_msgs__python.so
[1.151s] -- Up-to-date symlink: /home/hunajpu/dev_tt_ws/install/rosbridge_msgs/share/rosbridge_msgs/msg/ConnectedClient.idl
[1.151s] -- Up-to-date symlink: /home/hunajpu/dev_tt_ws/install/rosbridge_msgs/share/rosbridge_msgs/msg/ConnectedClients.idl
[1.151s] -- Up-to-date symlink: /home/hunajpu/dev_tt_ws/install/rosbridge_msgs/share/rosbridge_msgs/msg/ConnectedClient.msg
[1.152s] -- Up-to-date symlink: /home/hunajpu/dev_tt_ws/install/rosbridge_msgs/share/rosbridge_msgs/msg/ConnectedClients.msg
[1.153s] -- Up-to-date symlink: /home/hunajpu/dev_tt_ws/install/rosbridge_msgs/share/ament_index/resource_index/package_run_dependencies/rosbridge_msgs
[1.153s] -- Up-to-date symlink: /home/hunajpu/dev_tt_ws/install/rosbridge_msgs/share/ament_index/resource_index/parent_prefix_path/rosbridge_msgs
[1.153s] -- Up-to-date symlink: /home/hunajpu/dev_tt_ws/install/rosbridge_msgs/share/rosbridge_msgs/environment/ament_prefix_path.sh
[1.154s] -- Up-to-date symlink: /home/hunajpu/dev_tt_ws/install/rosbridge_msgs/share/rosbridge_msgs/environment/ament_prefix_path.dsv
[1.155s] -- Up-to-date symlink: /home/hunajpu/dev_tt_ws/install/rosbridge_msgs/share/rosbridge_msgs/environment/path.sh
[1.160s] -- Up-to-date symlink: /home/hunajpu/dev_tt_ws/install/rosbridge_msgs/share/rosbridge_msgs/environment/path.dsv
[1.160s] -- Up-to-date symlink: /home/hunajpu/dev_tt_ws/install/rosbridge_msgs/share/rosbridge_msgs/local_setup.bash
[1.160s] -- Up-to-date symlink: /home/hunajpu/dev_tt_ws/install/rosbridge_msgs/share/rosbridge_msgs/local_setup.sh
[1.160s] -- Up-to-date symlink: /home/hunajpu/dev_tt_ws/install/rosbridge_msgs/share/rosbridge_msgs/local_setup.zsh
[1.161s] -- Up-to-date symlink: /home/hunajpu/dev_tt_ws/install/rosbridge_msgs/share/rosbridge_msgs/local_setup.dsv
[1.161s] -- Symlinking: /home/hunajpu/dev_tt_ws/install/rosbridge_msgs/share/rosbridge_msgs/package.dsv
[1.174s] -- Up-to-date symlink: /home/hunajpu/dev_tt_ws/install/rosbridge_msgs/share/ament_index/resource_index/packages/rosbridge_msgs
[1.174s] -- Up-to-date symlink: /home/hunajpu/dev_tt_ws/install/rosbridge_msgs/share/rosbridge_msgs/cmake/rosidl_cmake-extras.cmake
[1.175s] -- Up-to-date symlink: /home/hunajpu/dev_tt_ws/install/rosbridge_msgs/share/rosbridge_msgs/cmake/ament_cmake_export_dependencies-extras.cmake
[1.175s] -- Up-to-date symlink: /home/hunajpu/dev_tt_ws/install/rosbridge_msgs/share/rosbridge_msgs/cmake/ament_cmake_export_libraries-extras.cmake
[1.176s] -- Up-to-date symlink: /home/hunajpu/dev_tt_ws/install/rosbridge_msgs/share/rosbridge_msgs/cmake/ament_cmake_export_targets-extras.cmake
[1.176s] -- Up-to-date symlink: /home/hunajpu/dev_tt_ws/install/rosbridge_msgs/share/rosbridge_msgs/cmake/ament_cmake_export_include_directories-extras.cmake
[1.178s] -- Up-to-date symlink: /home/hunajpu/dev_tt_ws/install/rosbridge_msgs/share/rosbridge_msgs/cmake/rosidl_cmake_export_typesupport_libraries-extras.cmake
[1.178s] -- Up-to-date symlink: /home/hunajpu/dev_tt_ws/install/rosbridge_msgs/share/rosbridge_msgs/cmake/rosidl_cmake_export_typesupport_targets-extras.cmake
[1.178s] -- Up-to-date symlink: /home/hunajpu/dev_tt_ws/install/rosbridge_msgs/share/rosbridge_msgs/cmake/rosbridge_msgsConfig.cmake
[1.178s] -- Up-to-date symlink: /home/hunajpu/dev_tt_ws/install/rosbridge_msgs/share/rosbridge_msgs/cmake/rosbridge_msgsConfig-version.cmake
[1.179s] -- Up-to-date symlink: /home/hunajpu/dev_tt_ws/install/rosbridge_msgs/share/rosbridge_msgs/package.xml
[1.179s] -- Up-to-date: /home/hunajpu/dev_tt_ws/install/rosbridge_msgs/lib/librosbridge_msgs__rosidl_generator_c.so
[1.180s] -- Up-to-date: /home/hunajpu/dev_tt_ws/install/rosbridge_msgs/lib/librosbridge_msgs__rosidl_typesupport_introspection_c.so
[1.181s] -- Up-to-date: /home/hunajpu/dev_tt_ws/install/rosbridge_msgs/lib/librosbridge_msgs__rosidl_typesupport_c.so
[1.181s] -- Up-to-date: /home/hunajpu/dev_tt_ws/install/rosbridge_msgs/lib/librosbridge_msgs__rosidl_typesupport_introspection_cpp.so
[1.183s] -- Up-to-date: /home/hunajpu/dev_tt_ws/install/rosbridge_msgs/lib/librosbridge_msgs__rosidl_typesupport_cpp.so
[1.249s] -- Up-to-date: /home/hunajpu/dev_tt_ws/install/rosbridge_msgs/share/rosbridge_msgs/cmake/rosbridge_msgs__rosidl_generator_cExport.cmake
[1.250s] -- Up-to-date: /home/hunajpu/dev_tt_ws/install/rosbridge_msgs/share/rosbridge_msgs/cmake/rosbridge_msgs__rosidl_generator_cExport-debug.cmake
[1.250s] -- Up-to-date: /home/hunajpu/dev_tt_ws/install/rosbridge_msgs/share/rosbridge_msgs/cmake/rosbridge_msgs__rosidl_typesupport_introspection_cExport.cmake
[1.250s] -- Up-to-date: /home/hunajpu/dev_tt_ws/install/rosbridge_msgs/share/rosbridge_msgs/cmake/rosbridge_msgs__rosidl_typesupport_introspection_cExport-debug.cmake
[1.250s] -- Up-to-date: /home/hunajpu/dev_tt_ws/install/rosbridge_msgs/share/rosbridge_msgs/cmake/rosbridge_msgs__rosidl_typesupport_cExport.cmake
[1.250s] -- Up-to-date: /home/hunajpu/dev_tt_ws/install/rosbridge_msgs/share/rosbridge_msgs/cmake/rosbridge_msgs__rosidl_typesupport_cExport-debug.cmake
[1.251s] -- Up-to-date: /home/hunajpu/dev_tt_ws/install/rosbridge_msgs/share/rosbridge_msgs/cmake/rosbridge_msgs__rosidl_generator_cppExport.cmake
[1.251s] -- Up-to-date: /home/hunajpu/dev_tt_ws/install/rosbridge_msgs/share/rosbridge_msgs/cmake/rosbridge_msgs__rosidl_typesupport_introspection_cppExport.cmake
[1.251s] -- Up-to-date: /home/hunajpu/dev_tt_ws/install/rosbridge_msgs/share/rosbridge_msgs/cmake/rosbridge_msgs__rosidl_typesupport_introspection_cppExport-debug.cmake
[1.251s] -- Up-to-date: /home/hunajpu/dev_tt_ws/install/rosbridge_msgs/share/rosbridge_msgs/cmake/rosbridge_msgs__rosidl_typesupport_cppExport.cmake
[1.251s] -- Up-to-date: /home/hunajpu/dev_tt_ws/install/rosbridge_msgs/share/rosbridge_msgs/cmake/rosbridge_msgs__rosidl_typesupport_cppExport-debug.cmake
[1.309s] Invoked command in '/home/hunajpu/dev_tt_ws/build/rosbridge_msgs' returned '0': CMAKE_PREFIX_PATH=${CMAKE_PREFIX_PATH}:/opt/ros/foxy /usr/bin/cmake --install /home/hunajpu/dev_tt_ws/build/rosbridge_msgs
