[0.092s] Invoking command in '/home/hunajpu/dev_tt_ws/build/irb6640_ros2_gazebo': CMAKE_PREFIX_PATH=${CMAKE_PREFIX_PATH}:/opt/ros/foxy /usr/bin/cmake --build /home/hunajpu/dev_tt_ws/build/irb6640_ros2_gazebo -- -j8 -l8
[0.285s] Invoked command in '/home/hunajpu/dev_tt_ws/build/irb6640_ros2_gazebo' returned '0': CMAKE_PREFIX_PATH=${CMAKE_PREFIX_PATH}:/opt/ros/foxy /usr/bin/cmake --build /home/hunajpu/dev_tt_ws/build/irb6640_ros2_gazebo -- -j8 -l8
[0.352s] Invoking command in '/home/hunajpu/dev_tt_ws/build/irb6640_ros2_gazebo': CMAKE_PREFIX_PATH=${CMAKE_PREFIX_PATH}:/opt/ros/foxy /usr/bin/cmake --install /home/hunajpu/dev_tt_ws/build/irb6640_ros2_gazebo
[0.376s] -- Install configuration: "Debug"
[0.376s] -- Execute custom install script
[0.377s] -- Up-to-date symlink: /home/hunajpu/dev_tt_ws/install/irb6640_ros2_gazebo/share/irb6640_ros2_gazebo/config/irb6640_controller.yaml
[0.378s] -- Up-to-date symlink: /home/hunajpu/dev_tt_ws/install/irb6640_ros2_gazebo/share/irb6640_ros2_gazebo/launch/irb6640_simulation.launch.py
[0.378s] -- Up-to-date symlink: /home/hunajpu/dev_tt_ws/install/irb6640_ros2_gazebo/share/irb6640_ros2_gazebo/urdf/abb_resources/common_colours.xacro
[0.379s] -- Up-to-date symlink: /home/hunajpu/dev_tt_ws/install/irb6640_ros2_gazebo/share/irb6640_ros2_gazebo/urdf/abb_resources/common_materials.xacro
[0.379s] -- Up-to-date symlink: /home/hunajpu/dev_tt_ws/install/irb6640_ros2_gazebo/share/irb6640_ros2_gazebo/urdf/irb6640.urdf.xacro
[0.380s] -- Up-to-date symlink: /home/hunajpu/dev_tt_ws/install/irb6640_ros2_gazebo/share/irb6640_ros2_gazebo/urdf/irb6640_gazebo.xacro
[0.380s] -- Up-to-date symlink: /home/hunajpu/dev_tt_ws/install/irb6640_ros2_gazebo/share/irb6640_ros2_gazebo/urdf/irb6640_macro.urdf.xacro
[0.381s] -- Up-to-date symlink: /home/hunajpu/dev_tt_ws/install/irb6640_ros2_gazebo/share/irb6640_ros2_gazebo/urdf/irb6640_transmission.xacro
[0.381s] -- Up-to-date symlink: /home/hunajpu/dev_tt_ws/install/irb6640_ros2_gazebo/share/irb6640_ros2_gazebo/worlds/irb6640.world
[0.386s] -- Up-to-date symlink: /home/hunajpu/dev_tt_ws/install/irb6640_ros2_gazebo/share/irb6640_ros2_gazebo/meshes/collision/base_link.stl
[0.387s] -- Up-to-date symlink: /home/hunajpu/dev_tt_ws/install/irb6640_ros2_gazebo/share/irb6640_ros2_gazebo/meshes/collision/cylinder_link.stl
[0.391s] -- Up-to-date symlink: /home/hunajpu/dev_tt_ws/install/irb6640_ros2_gazebo/share/irb6640_ros2_gazebo/meshes/collision/link_1.stl
[0.392s] -- Up-to-date symlink: /home/hunajpu/dev_tt_ws/install/irb6640_ros2_gazebo/share/irb6640_ros2_gazebo/meshes/collision/link_2.stl
[0.392s] -- Up-to-date symlink: /home/hunajpu/dev_tt_ws/install/irb6640_ros2_gazebo/share/irb6640_ros2_gazebo/meshes/collision/link_3.stl
[0.392s] -- Up-to-date symlink: /home/hunajpu/dev_tt_ws/install/irb6640_ros2_gazebo/share/irb6640_ros2_gazebo/meshes/collision/link_4.stl
[0.393s] -- Up-to-date symlink: /home/hunajpu/dev_tt_ws/install/irb6640_ros2_gazebo/share/irb6640_ros2_gazebo/meshes/collision/link_5.stl
[0.393s] -- Up-to-date symlink: /home/hunajpu/dev_tt_ws/install/irb6640_ros2_gazebo/share/irb6640_ros2_gazebo/meshes/collision/link_6.stl
[0.393s] -- Up-to-date symlink: /home/hunajpu/dev_tt_ws/install/irb6640_ros2_gazebo/share/irb6640_ros2_gazebo/meshes/collision/piston_link.stl
[0.393s] -- Up-to-date symlink: /home/hunajpu/dev_tt_ws/install/irb6640_ros2_gazebo/share/irb6640_ros2_gazebo/meshes/visual/base_link.dae
[0.394s] -- Up-to-date symlink: /home/hunajpu/dev_tt_ws/install/irb6640_ros2_gazebo/share/irb6640_ros2_gazebo/meshes/visual/cylinder_link.dae
[0.394s] -- Up-to-date symlink: /home/hunajpu/dev_tt_ws/install/irb6640_ros2_gazebo/share/irb6640_ros2_gazebo/meshes/visual/link_1.dae
[0.394s] -- Up-to-date symlink: /home/hunajpu/dev_tt_ws/install/irb6640_ros2_gazebo/share/irb6640_ros2_gazebo/meshes/visual/link_2.dae
[0.394s] -- Up-to-date symlink: /home/hunajpu/dev_tt_ws/install/irb6640_ros2_gazebo/share/irb6640_ros2_gazebo/meshes/visual/link_3.dae
[0.394s] -- Up-to-date symlink: /home/hunajpu/dev_tt_ws/install/irb6640_ros2_gazebo/share/irb6640_ros2_gazebo/meshes/visual/link_4.dae
[0.394s] -- Up-to-date symlink: /home/hunajpu/dev_tt_ws/install/irb6640_ros2_gazebo/share/irb6640_ros2_gazebo/meshes/visual/link_5.dae
[0.396s] -- Up-to-date symlink: /home/hunajpu/dev_tt_ws/install/irb6640_ros2_gazebo/share/irb6640_ros2_gazebo/meshes/visual/link_6.dae
[0.397s] -- Up-to-date symlink: /home/hunajpu/dev_tt_ws/install/irb6640_ros2_gazebo/share/irb6640_ros2_gazebo/meshes/visual/piston_link.dae
[0.397s] -- Up-to-date symlink: /home/hunajpu/dev_tt_ws/install/irb6640_ros2_gazebo/share/ament_index/resource_index/package_run_dependencies/irb6640_ros2_gazebo
[0.397s] -- Up-to-date symlink: /home/hunajpu/dev_tt_ws/install/irb6640_ros2_gazebo/share/ament_index/resource_index/parent_prefix_path/irb6640_ros2_gazebo
[0.397s] -- Up-to-date symlink: /home/hunajpu/dev_tt_ws/install/irb6640_ros2_gazebo/share/irb6640_ros2_gazebo/environment/ament_prefix_path.sh
[0.397s] -- Up-to-date symlink: /home/hunajpu/dev_tt_ws/install/irb6640_ros2_gazebo/share/irb6640_ros2_gazebo/environment/ament_prefix_path.dsv
[0.398s] -- Up-to-date symlink: /home/hunajpu/dev_tt_ws/install/irb6640_ros2_gazebo/share/irb6640_ros2_gazebo/environment/path.sh
[0.398s] -- Up-to-date symlink: /home/hunajpu/dev_tt_ws/install/irb6640_ros2_gazebo/share/irb6640_ros2_gazebo/environment/path.dsv
[0.398s] -- Up-to-date symlink: /home/hunajpu/dev_tt_ws/install/irb6640_ros2_gazebo/share/irb6640_ros2_gazebo/local_setup.bash
[0.398s] -- Up-to-date symlink: /home/hunajpu/dev_tt_ws/install/irb6640_ros2_gazebo/share/irb6640_ros2_gazebo/local_setup.sh
[0.398s] -- Up-to-date symlink: /home/hunajpu/dev_tt_ws/install/irb6640_ros2_gazebo/share/irb6640_ros2_gazebo/local_setup.zsh
[0.398s] -- Up-to-date symlink: /home/hunajpu/dev_tt_ws/install/irb6640_ros2_gazebo/share/irb6640_ros2_gazebo/local_setup.dsv
[0.398s] -- Symlinking: /home/hunajpu/dev_tt_ws/install/irb6640_ros2_gazebo/share/irb6640_ros2_gazebo/package.dsv
[0.410s] -- Up-to-date symlink: /home/hunajpu/dev_tt_ws/install/irb6640_ros2_gazebo/share/ament_index/resource_index/packages/irb6640_ros2_gazebo
[0.410s] -- Up-to-date symlink: /home/hunajpu/dev_tt_ws/install/irb6640_ros2_gazebo/share/irb6640_ros2_gazebo/cmake/irb6640_ros2_gazeboConfig.cmake
[0.410s] -- Up-to-date symlink: /home/hunajpu/dev_tt_ws/install/irb6640_ros2_gazebo/share/irb6640_ros2_gazebo/cmake/irb6640_ros2_gazeboConfig-version.cmake
[0.411s] -- Up-to-date symlink: /home/hunajpu/dev_tt_ws/install/irb6640_ros2_gazebo/share/irb6640_ros2_gazebo/package.xml
[0.531s] Invoked command in '/home/hunajpu/dev_tt_ws/build/irb6640_ros2_gazebo' returned '0': CMAKE_PREFIX_PATH=${CMAKE_PREFIX_PATH}:/opt/ros/foxy /usr/bin/cmake --install /home/hunajpu/dev_tt_ws/build/irb6640_ros2_gazebo
