-- The C compiler identification is GNU 9.4.0
-- The CXX compiler identification is GNU 9.4.0
-- Check for working C compiler: /usr/bin/cc
-- Check for working C compiler: /usr/bin/cc -- works
-- Detecting C compiler ABI info
-- Detecting C compiler ABI info - done
-- Detecting C compile features
-- Detecting C compile features - done
-- Check for working CXX compiler: /usr/bin/c++
-- Check for working CXX compiler: /usr/bin/c++ -- works
-- Detecting CXX compiler ABI info
-- Detecting CXX compiler ABI info - done
-- Detecting CXX compile features
-- Detecting CXX compile features - done
-- Found moveit_common: 2.2.3 (/opt/ros/foxy/share/moveit_common/cmake)
-- Found ament_cmake: 0.9.9 (/opt/ros/foxy/share/ament_cmake/cmake)
-- Found PythonInterp: /usr/bin/python3 (found suitable version "3.8.10", minimum required is "3") 
-- Using PYTHON_EXECUTABLE: /usr/bin/python3
-- Override CMake install command with custom implementation using symlinks instead of copying resources
rrbot_moveit_demo_nodes: You did not request a specific build type: Choosing 'Release' for maximum performance
-- Found moveit_ros_planning_interface: 2.2.3 (/opt/ros/foxy/share/moveit_ros_planning_interface/cmake)
-- Found Boost: /usr/lib/x86_64-linux-gnu/cmake/Boost-1.71.0/BoostConfig.cmake (found version "1.71.0")  
-- Found Boost: /usr/lib/x86_64-linux-gnu/cmake/Boost-1.71.0/BoostConfig.cmake (found version "1.71.0") found components: date_time filesystem program_options system thread 
-- Using all available rosidl_typesupport_c: rosidl_typesupport_fastrtps_c;rosidl_typesupport_introspection_c
-- Found rosidl_adapter: 1.2.1 (/opt/ros/foxy/share/rosidl_adapter/cmake)
-- Found OpenSSL: /usr/lib/x86_64-linux-gnu/libcrypto.so (found version "1.1.1f")  
-- Found FastRTPS: /opt/ros/foxy/include  
-- Using all available rosidl_typesupport_cpp: rosidl_typesupport_fastrtps_cpp;rosidl_typesupport_introspection_cpp
-- Found Boost: /usr/lib/x86_64-linux-gnu/cmake/Boost-1.71.0/BoostConfig.cmake (found version "1.71.0") found components: chrono date_time filesystem iostreams program_options regex serialization system thread 
-- Found Boost: /usr/lib/x86_64-linux-gnu/cmake/Boost-1.71.0/BoostConfig.cmake (found version "1.71.0") found components: filesystem 
-- Found rmw_implementation_cmake: 1.0.3 (/opt/ros/foxy/share/rmw_implementation_cmake/cmake)
-- Using RMW implementation 'rmw_fastrtps_cpp' as default
-- Found Threads: TRUE  
-- library: /usr/lib/x86_64-linux-gnu/libcurl.so
-- Found Eigen3: TRUE (found version "3.3.7") 
-- Found Boost: /usr/lib/x86_64-linux-gnu/cmake/Boost-1.71.0/BoostConfig.cmake (found version "1.71.0") found components: system filesystem date_time program_options thread chrono 
-- Found Boost: /usr/lib/x86_64-linux-gnu/cmake/Boost-1.71.0/BoostConfig.cmake (found version "1.71.0") found components: thread 
-- Found Boost: /usr/lib/x86_64-linux-gnu/cmake/Boost-1.71.0/BoostConfig.cmake (found version "1.71.0") found components: thread system filesystem regex date_time program_options 
-- Found Boost: /usr/lib/x86_64-linux-gnu/cmake/Boost-1.71.0/BoostConfig.cmake (found version "1.71.0") found components: system filesystem date_time program_options thread 
-- Configuring done
-- Generating done
-- Build files have been written to: /home/hunajpu/dev_tt_ws/build/rrbot_moveit_demo_nodes
[35m[1mScanning dependencies of target run_moveit_cpp[0m
[ 50%] [32mBuilding CXX object CMakeFiles/run_moveit_cpp.dir/src/run_moveit_cpp.cpp.o[0m
[01m[K/home/hunajpu/dev_tt_ws/src/gazebo_ros_demos/rrbot_moveit_demo_nodes/src/run_moveit_cpp.cpp:91:44:[m[K [01;35m[Kwarning: [m[K‘[01m[Kmoveit::planning_interface::MoveItCppPtr[m[K’ is deprecated: use moveit_cpp [[01;35m[K-Wdeprecated-declarations[m[K]
   91 |   moveit::planning_interface::MoveItCppPtr [01;35m[Kmoveit_cpp_[m[K;
      |                                            [01;35m[K^~~~~~~~~~~[m[K
In file included from [01m[K/opt/ros/foxy/include/moveit/macros/class_forward.h:39[m[K,
                 from [01m[K/opt/ros/foxy/include/moveit/planning_scene_monitor/planning_scene_monitor.h:42[m[K,
                 from [01m[K/opt/ros/foxy/include/moveit/moveit_cpp/moveit_cpp.h:43[m[K,
                 from [01m[K/home/hunajpu/dev_tt_ws/src/gazebo_ros_demos/rrbot_moveit_demo_nodes/src/run_moveit_cpp.cpp:43[m[K:
[01m[K/opt/ros/foxy/include/moveit/moveit_cpp/moveit_cpp.h:199:34:[m[K [01;36m[Knote: [m[Kdeclared here
  199 | [[deprecated("use moveit_cpp")]] [01;36m[KMOVEIT_DECLARE_PTR[m[K(MoveItCpp, moveit_cpp::MoveItCpp);
      |                                  [01;36m[K^~~~~~~~~~~~~~~~~~[m[K
[01m[K/home/hunajpu/dev_tt_ws/src/gazebo_ros_demos/rrbot_moveit_demo_nodes/src/run_moveit_cpp.cpp:[m[K In member function ‘[01m[Kvoid MoveItCppDemo::run()[m[K’:
[01m[K/home/hunajpu/dev_tt_ws/src/gazebo_ros_demos/rrbot_moveit_demo_nodes/src/run_moveit_cpp.cpp:63:64:[m[K [01;35m[Kwarning: [m[K‘[01m[Kusing MoveItCpp = class moveit_cpp::MoveItCpp[m[K’ is deprecated: use moveit_cpp [[01;35m[K-Wdeprecated-declarations[m[K]
   63 |     moveit_cpp_ = std::make_shared<moveit::planning_interface::[01;35m[KMoveItCpp[m[K>(node_);
      |                                                                [01;35m[K^~~~~~~~~[m[K
In file included from [01m[K/home/hunajpu/dev_tt_ws/src/gazebo_ros_demos/rrbot_moveit_demo_nodes/src/run_moveit_cpp.cpp:43[m[K:
[01m[K/opt/ros/foxy/include/moveit/moveit_cpp/moveit_cpp.h:198:7:[m[K [01;36m[Knote: [m[Kdeclared here
  198 | using [01;36m[KMoveItCpp[m[K [[deprecated("use moveit_cpp")]] = moveit_cpp::MoveItCpp;
      |       [01;36m[K^~~~~~~~~[m[K
[01m[K/home/hunajpu/dev_tt_ws/src/gazebo_ros_demos/rrbot_moveit_demo_nodes/src/run_moveit_cpp.cpp:68:54:[m[K [01;35m[Kwarning: [m[K‘[01m[Kusing PlanningComponent = class moveit_cpp::PlanningComponent[m[K’ is deprecated: use moveit_cpp [[01;35m[K-Wdeprecated-declarations[m[K]
   68 |     moveit::planning_interface::PlanningComponent arm[01;35m[K([m[K"rrbot_arm", moveit_cpp_);
      |                                                      [01;35m[K^[m[K
In file included from [01m[K/home/hunajpu/dev_tt_ws/src/gazebo_ros_demos/rrbot_moveit_demo_nodes/src/run_moveit_cpp.cpp:44[m[K:
[01m[K/opt/ros/foxy/include/moveit/moveit_cpp/planning_component.h:235:7:[m[K [01;36m[Knote: [m[Kdeclared here
  235 | using [01;36m[KPlanningComponent[m[K [[deprecated("use moveit_cpp")]] = moveit_cpp::PlanningComponent;
      |       [01;36m[K^~~~~~~~~~~~~~~~~[m[K
[100%] [32m[1mLinking CXX executable run_moveit_cpp[0m
[100%] Built target run_moveit_cpp
-- Install configuration: "Release"
-- Execute custom install script
-- Symlinking: /home/hunajpu/dev_tt_ws/install/rrbot_moveit_demo_nodes/share/rrbot_moveit_demo_nodes/launch/rrbot_demo.launch.py
-- Symlinking: /home/hunajpu/dev_tt_ws/install/rrbot_moveit_demo_nodes/share/rrbot_moveit_demo_nodes/config/controllers.yaml
-- Symlinking: /home/hunajpu/dev_tt_ws/install/rrbot_moveit_demo_nodes/share/rrbot_moveit_demo_nodes/config/gazebo_controllers.yaml
-- Symlinking: /home/hunajpu/dev_tt_ws/install/rrbot_moveit_demo_nodes/share/rrbot_moveit_demo_nodes/config/moveit_cpp.yaml
-- Symlinking: /home/hunajpu/dev_tt_ws/install/rrbot_moveit_demo_nodes/share/ament_index/resource_index/package_run_dependencies/rrbot_moveit_demo_nodes
-- Symlinking: /home/hunajpu/dev_tt_ws/install/rrbot_moveit_demo_nodes/share/ament_index/resource_index/parent_prefix_path/rrbot_moveit_demo_nodes
-- Symlinking: /home/hunajpu/dev_tt_ws/install/rrbot_moveit_demo_nodes/share/rrbot_moveit_demo_nodes/environment/ament_prefix_path.sh
-- Symlinking: /home/hunajpu/dev_tt_ws/install/rrbot_moveit_demo_nodes/share/rrbot_moveit_demo_nodes/environment/ament_prefix_path.dsv
-- Symlinking: /home/hunajpu/dev_tt_ws/install/rrbot_moveit_demo_nodes/share/rrbot_moveit_demo_nodes/environment/path.sh
-- Symlinking: /home/hunajpu/dev_tt_ws/install/rrbot_moveit_demo_nodes/share/rrbot_moveit_demo_nodes/environment/path.dsv
-- Symlinking: /home/hunajpu/dev_tt_ws/install/rrbot_moveit_demo_nodes/share/rrbot_moveit_demo_nodes/local_setup.bash
-- Symlinking: /home/hunajpu/dev_tt_ws/install/rrbot_moveit_demo_nodes/share/rrbot_moveit_demo_nodes/local_setup.sh
-- Symlinking: /home/hunajpu/dev_tt_ws/install/rrbot_moveit_demo_nodes/share/rrbot_moveit_demo_nodes/local_setup.zsh
-- Symlinking: /home/hunajpu/dev_tt_ws/install/rrbot_moveit_demo_nodes/share/rrbot_moveit_demo_nodes/local_setup.dsv
-- Symlinking: /home/hunajpu/dev_tt_ws/install/rrbot_moveit_demo_nodes/share/rrbot_moveit_demo_nodes/package.dsv
-- Symlinking: /home/hunajpu/dev_tt_ws/install/rrbot_moveit_demo_nodes/share/ament_index/resource_index/packages/rrbot_moveit_demo_nodes
-- Symlinking: /home/hunajpu/dev_tt_ws/install/rrbot_moveit_demo_nodes/share/rrbot_moveit_demo_nodes/cmake/rrbot_moveit_demo_nodesConfig.cmake
-- Symlinking: /home/hunajpu/dev_tt_ws/install/rrbot_moveit_demo_nodes/share/rrbot_moveit_demo_nodes/cmake/rrbot_moveit_demo_nodesConfig-version.cmake
-- Symlinking: /home/hunajpu/dev_tt_ws/install/rrbot_moveit_demo_nodes/share/rrbot_moveit_demo_nodes/package.xml
-- Installing: /home/hunajpu/dev_tt_ws/install/rrbot_moveit_demo_nodes/lib/rrbot_moveit_demo_nodes/run_moveit_cpp
-- Set runtime path of "/home/hunajpu/dev_tt_ws/install/rrbot_moveit_demo_nodes/lib/rrbot_moveit_demo_nodes/run_moveit_cpp" to ""
