[0.037s] Invoking command in '/home/hunajpu/dev_tt_ws/build/rosapi': AMENT_PREFIX_PATH=/home/hunajpu/dev_tt_ws/install/rosbridge_library:/home/hunajpu/dev_tt_ws/install/rosapi_msgs:${AMENT_PREFIX_PATH} CMAKE_PREFIX_PATH=/home/hunajpu/dev_tt_ws/install/rosbridge_library:/home/hunajpu/dev_tt_ws/install/rosapi_msgs:/opt/ros/foxy LD_LIBRARY_PATH=/home/hunajpu/dev_tt_ws/install/rosapi_msgs/lib:${LD_LIBRARY_PATH} PYTHONPATH=/home/hunajpu/dev_tt_ws/install/rosbridge_library/lib/python3.8/site-packages:/home/hunajpu/dev_tt_ws/install/rosapi_msgs/lib/python3.8/site-packages:${PYTHONPATH} /usr/bin/cmake --build /home/hunajpu/dev_tt_ws/build/rosapi -- -j8 -l8
[0.292s] Invoked command in '/home/hunajpu/dev_tt_ws/build/rosapi' returned '0': AMENT_PREFIX_PATH=/home/hunajpu/dev_tt_ws/install/rosbridge_library:/home/hunajpu/dev_tt_ws/install/rosapi_msgs:${AMENT_PREFIX_PATH} CMAKE_PREFIX_PATH=/home/hunajpu/dev_tt_ws/install/rosbridge_library:/home/hunajpu/dev_tt_ws/install/rosapi_msgs:/opt/ros/foxy LD_LIBRARY_PATH=/home/hunajpu/dev_tt_ws/install/rosapi_msgs/lib:${LD_LIBRARY_PATH} PYTHONPATH=/home/hunajpu/dev_tt_ws/install/rosbridge_library/lib/python3.8/site-packages:/home/hunajpu/dev_tt_ws/install/rosapi_msgs/lib/python3.8/site-packages:${PYTHONPATH} /usr/bin/cmake --build /home/hunajpu/dev_tt_ws/build/rosapi -- -j8 -l8
[0.462s] Invoking command in '/home/hunajpu/dev_tt_ws/build/rosapi': AMENT_PREFIX_PATH=/home/hunajpu/dev_tt_ws/install/rosbridge_library:/home/hunajpu/dev_tt_ws/install/rosapi_msgs:${AMENT_PREFIX_PATH} CMAKE_PREFIX_PATH=/home/hunajpu/dev_tt_ws/install/rosbridge_library:/home/hunajpu/dev_tt_ws/install/rosapi_msgs:/opt/ros/foxy LD_LIBRARY_PATH=/home/hunajpu/dev_tt_ws/install/rosapi_msgs/lib:${LD_LIBRARY_PATH} PYTHONPATH=/home/hunajpu/dev_tt_ws/install/rosbridge_library/lib/python3.8/site-packages:/home/hunajpu/dev_tt_ws/install/rosapi_msgs/lib/python3.8/site-packages:${PYTHONPATH} /usr/bin/cmake --install /home/hunajpu/dev_tt_ws/build/rosapi
[0.519s] -- Install configuration: ""
[0.526s] -- Execute custom install script
[0.533s] -- Up-to-date symlink: /home/hunajpu/dev_tt_ws/install/rosapi/share/rosapi/environment/pythonpath.sh
[0.536s] -- Up-to-date symlink: /home/hunajpu/dev_tt_ws/install/rosapi/share/rosapi/environment/pythonpath.dsv
[0.585s] -- Up-to-date symlink: /home/hunajpu/dev_tt_ws/install/rosapi/lib/python3.8/site-packages/rosapi/__init__.py
[0.587s] -- Up-to-date symlink: /home/hunajpu/dev_tt_ws/install/rosapi/lib/python3.8/site-packages/rosapi/glob_helper.py
[0.589s] -- Up-to-date symlink: /home/hunajpu/dev_tt_ws/install/rosapi/lib/python3.8/site-packages/rosapi/objectutils.py
[0.591s] -- Up-to-date symlink: /home/hunajpu/dev_tt_ws/install/rosapi/lib/python3.8/site-packages/rosapi/params.py
[0.593s] -- Up-to-date symlink: /home/hunajpu/dev_tt_ws/install/rosapi/lib/python3.8/site-packages/rosapi/proxy.py
[0.594s] -- Up-to-date symlink: /home/hunajpu/dev_tt_ws/install/rosapi/lib/python3.8/site-packages/rosapi/stringify_field_types.py
[0.598s] -- Up-to-date symlink: /home/hunajpu/dev_tt_ws/install/rosapi/share/ament_index/resource_index/package_run_dependencies/rosapi
[0.601s] -- Up-to-date symlink: /home/hunajpu/dev_tt_ws/install/rosapi/share/ament_index/resource_index/parent_prefix_path/rosapi
[0.604s] -- Up-to-date symlink: /home/hunajpu/dev_tt_ws/install/rosapi/share/rosapi/environment/ament_prefix_path.sh
[0.607s] -- Up-to-date symlink: /home/hunajpu/dev_tt_ws/install/rosapi/share/rosapi/environment/ament_prefix_path.dsv
[0.610s] -- Up-to-date symlink: /home/hunajpu/dev_tt_ws/install/rosapi/share/rosapi/environment/path.sh
[0.613s] -- Up-to-date symlink: /home/hunajpu/dev_tt_ws/install/rosapi/share/rosapi/environment/path.dsv
[0.616s] -- Up-to-date symlink: /home/hunajpu/dev_tt_ws/install/rosapi/share/rosapi/local_setup.bash
[0.619s] -- Up-to-date symlink: /home/hunajpu/dev_tt_ws/install/rosapi/share/rosapi/local_setup.sh
[0.622s] -- Up-to-date symlink: /home/hunajpu/dev_tt_ws/install/rosapi/share/rosapi/local_setup.zsh
[0.625s] -- Up-to-date symlink: /home/hunajpu/dev_tt_ws/install/rosapi/share/rosapi/local_setup.dsv
[0.627s] -- Symlinking: /home/hunajpu/dev_tt_ws/install/rosapi/share/rosapi/package.dsv
[0.694s] -- Up-to-date symlink: /home/hunajpu/dev_tt_ws/install/rosapi/share/ament_index/resource_index/packages/rosapi
[0.697s] -- Up-to-date symlink: /home/hunajpu/dev_tt_ws/install/rosapi/share/rosapi/cmake/rosapiConfig.cmake
[0.699s] -- Up-to-date symlink: /home/hunajpu/dev_tt_ws/install/rosapi/share/rosapi/cmake/rosapiConfig-version.cmake
[0.701s] -- Up-to-date symlink: /home/hunajpu/dev_tt_ws/install/rosapi/share/rosapi/package.xml
[0.717s] -- Up-to-date symlink: /home/hunajpu/dev_tt_ws/install/rosapi/lib/rosapi/rosapi_node
[0.720s] -- Up-to-date symlink: /home/hunajpu/dev_tt_ws/install/rosapi/share/rosapi/mapping_rules.yaml
[0.975s] Listing '/home/hunajpu/dev_tt_ws/install/rosapi/lib/python3.8/site-packages/rosapi'...
[1.034s] Invoked command in '/home/hunajpu/dev_tt_ws/build/rosapi' returned '0': AMENT_PREFIX_PATH=/home/hunajpu/dev_tt_ws/install/rosbridge_library:/home/hunajpu/dev_tt_ws/install/rosapi_msgs:${AMENT_PREFIX_PATH} CMAKE_PREFIX_PATH=/home/hunajpu/dev_tt_ws/install/rosbridge_library:/home/hunajpu/dev_tt_ws/install/rosapi_msgs:/opt/ros/foxy LD_LIBRARY_PATH=/home/hunajpu/dev_tt_ws/install/rosapi_msgs/lib:${LD_LIBRARY_PATH} PYTHONPATH=/home/hunajpu/dev_tt_ws/install/rosbridge_library/lib/python3.8/site-packages:/home/hunajpu/dev_tt_ws/install/rosapi_msgs/lib/python3.8/site-packages:${PYTHONPATH} /usr/bin/cmake --install /home/hunajpu/dev_tt_ws/build/rosapi
